10:20:26 INFO     Docling disponível
10:20:26 WARNING  OCR fallback indisponível (IndentationError: unexpected indent (ptd_ocr_fallback.py, line 45))
10:20:27 INFO     Ignorado (guia/template/norma): ABNT-NBR-17225-Acessibilidade-Digital.pdf
10:20:27 INFO     Ignorado (guia/template/norma): cgrep-guia10passos-ptd-orgao.pdf
10:20:27 INFO     Ignorado (guia/template/norma): ABNT-NBR-17225-Acessibilidade-Digital.pdf
10:20:27 INFO     Scraping: 132 PDFs únicos | entregas: 68 | diretivos: 61
10:20:27 INFO     Baixando 132 PDFs únicos...
10:20:29 INFO     ✓ [  1/132] abin_ptd_anexo_de_entregas_assinado_pelo_orgao_ass   293.3KB
10:20:32 INFO     ✓ [  2/132] aeb_ptd_2025_2027_docdiretivo_aprovado_assinado-1_  1033.7KB
10:20:35 INFO     ✓ [  3/132] aeb_ptd_2025_2027_anexo_de_entregas_aprovado_assin   154.5KB
10:20:40 INFO     ✓ [  4/132] agu_ptd_2025_2027_docdiretivo_assinado_assinado_as  2860.3KB
10:20:42 INFO     ✓ [  5/132] agu_ptd_2025_2027_anexo_de_entregas_assinado_assin   525.5KB
10:20:45 INFO     ✓ [  6/132] ana_ptd_2025_2027_docdiretivo_assinado_assinado_as   477.2KB
10:20:47 INFO     ✓ [  7/132] ana_ptd_2025_2027_anexoentregas_assinado_assinado_   170.9KB
10:20:51 INFO     ✓ [  8/132] anac_ptd_2025_2026_docdiretivo_se_assinado_tarjado  1036.3KB
10:20:53 INFO     ✓ [  9/132] anac_ptd_2025_2026_anexo_de_entregas_se_assinado.p   215.2KB
10:20:56 INFO     ✓ [ 10/132] anatel_ptd_docdiretivo_assinado_2025_2026_assinado  1006.0KB
10:20:58 INFO     ✓ [ 11/132] anatel_ptd_2025_2026_anexo_de_entregas_do_ptd_publ    71.9KB
10:21:01 INFO     ✓ [ 12/132] ancine_ptd_2024_2026_docdiretivo_assinado-2_assina   961.8KB
10:21:04 INFO     ✓ [ 13/132] ancine_ptd_2024_2026_-_anexo_de_entregas_aprovado_   613.2KB
10:21:07 INFO     ✓ [ 14/132] ptd_aneel_2025-2027_docdiretivo_assinado_tarjado.p   779.6KB
10:21:09 INFO     ✓ [ 15/132] ptd_aneel_2025-2027_anexo_de_entregas_assinado.pdf   111.9KB
10:21:12 INFO     ✓ [ 16/132] anm_ptd_2025_2027_docdiretivo_assinadopeloorgao_ta  1092.5KB
10:21:15 INFO     ✓ [ 17/132] anm_ptd_2025_2027_anexo_entregas_assinadopeloorgao  1140.4KB
10:21:19 INFO     ✓ [ 18/132] anpd_ptd_2025_2027_docdiretivo_assinado_assinado_a  1044.3KB
10:21:21 INFO     ✓ [ 19/132] anpd_ptd_2025_2027_anexo_de_entregas_assinado_assi   166.5KB
10:21:24 INFO     ✓ [ 20/132] ans-plano_de_transformacao_digital_assinado-copia_  1023.4KB
10:21:26 INFO     ✓ [ 21/132] ans_ptd_2025_2026_anexo_de_entregas_assinado_assin   124.1KB
10:21:29 INFO     ✓ [ 22/132] antaq_ptd_2025_2027_docdiretivo_assinado_assinado_  1039.8KB
10:21:31 INFO     ✓ [ 23/132] antaq_ptd_2025_2027_anexoentregas_assinado_assinad   145.1KB
10:21:34 INFO     ✓ [ 24/132] mt_anexo_de_entregas_-_assinado_assinado_assinado_   143.6KB
10:21:42 INFO     ✓ [ 25/132] anvisa_ptd_docdiretivo_2025-2026_assinado_assinado  5771.2KB
10:21:44 INFO     ✓ [ 26/132] anvisa_ptd_anexo_de_entregas_2025_2026_assinado_as   239.0KB
10:21:47 INFO     ✓ [ 27/132] bcb_documento_diretivo_assinado_assinado_assinado-   713.7KB
10:21:49 INFO     ✓ [ 28/132] bcb_anexo_de_entregas_ptd_25_26-1_assinado_assinad   134.8KB
10:21:52 INFO     ✓ [ 29/132] cade_ptd_docdiretivo_2025_2026_assinado-2_assinado   810.4KB
10:21:55 INFO     ✓ [ 30/132] cade_ptd_anexo_de_entregas_2025_2026_assinado_copi   504.0KB
10:21:58 INFO     ✓ [ 31/132] mec_ptd_docdiretivo_2025-2026_sei_mec-5566673_copi   863.1KB
10:22:00 INFO     ✓ [ 32/132] mec_ptd_anexo-de-entregas_sei_mec-5576401_copia_ta   495.7KB
10:22:04 INFO     ✓ [ 33/132] mec_ptd_docdiretivo-versao-comunicacao_copia_tarja  1616.5KB
10:22:07 INFO     ✓ [ 34/132] md_ptd_2026_2027_anexo_de_entregas_assinado_assina   579.4KB
10:22:09 INFO     ✓ [ 35/132] md_ptd_2026_2027_anexo_de_entregas_assinado_assina   186.8KB
10:22:12 INFO     ✓ [ 36/132] md_ptd_temp_copia_tarjada.pdf                        741.9KB
10:22:15 INFO     ✓ [ 37/132] cgu_ptd_docdiretivo_assinado_assinado_assinado-cop  1085.4KB
10:22:18 INFO     ✓ [ 38/132] cgu_ptd_anexo_de_entregas_pactuadas_assinado_assin   514.1KB
10:22:20 INFO     ✓ [ 39/132] cnpq_ptd_2025_2027_docdiretivo_assinado_assinado_a   342.9KB
10:22:22 INFO     ✓ [ 40/132] cnpq_ptd_2025_2027_anexo_de_entregas_assinado_assi   136.1KB
10:22:26 INFO     ✓ [ 41/132] coaf_ptd_2025_2026_documento_diretivo_assinado_ass  1068.0KB
10:22:31 INFO     ✓ [ 42/132] coaf_ptd_2025_2026_anexo_de_entregas-2_assinado_as  3184.5KB
10:22:37 INFO     ✓ [ 43/132] ptd_midr-docdiretivo_aprovado_assinado_tarjado.pdf  3864.1KB
10:22:40 INFO     ✓ [ 44/132] ptd_midr_-_anexo_de_entregas_-_aprovado_assinado.p  1122.0KB
10:22:43 INFO     ✓ [ 45/132] mda-documento-diretivo-assinado_ptd-2025-207-copia   955.8KB
10:22:46 INFO     ✓ [ 46/132] cvm_ptd_2025_2027_docdiretivo_assinado_assinado_as   270.5KB
10:22:48 INFO     ✓ [ 47/132] cvm_ptd_2025_2027_anexoentregas_assinado_assinado_   409.0KB
10:22:51 INFO     ✓ [ 48/132] dnocs_ptd_doc_diretivo_2025_2026_assinado_orgao-2_   891.1KB
10:22:54 INFO     ✓ [ 49/132] dnocs_anexo_de_entregas_repactuado_2025_2026_assin   272.3KB
10:22:59 INFO     ✓ [ 50/132] fbn_ptd_2025_2027_docdiretivo_assinado-1_tarjado.p  2921.6KB
10:23:01 INFO     ✓ [ 51/132] fbn_ptd_2025_2027_anexo_de_entregas_assinado-1.pdf   162.3KB
10:23:05 INFO     ✓ [ 52/132] fcp_ptd_2025_2027_docdiretivo_assinado-1_tarjado.p  1612.0KB
10:23:07 INFO     ✓ [ 53/132] fcp_ptd_2025_2027_anexo_de_entregas_assinado-1.pdf   118.8KB
10:23:10 INFO     ✓ [ 54/132] fcrb_ptd_2025_2026_docdiretivo_aprovado_assinado-1   998.2KB
10:23:12 INFO     ✓ [ 55/132] fcrb_ptd_2025_2026_anexo_de_entregas_aprovado_assi   313.5KB
10:23:16 INFO     ✓ [ 56/132] fiocruz_novo-ptd_2-1_docdiretivo_repactuacao_2024-  1318.1KB
10:23:18 INFO     ✓ [ 57/132] fiocruz_ptd_anexo_de_entregas_assinado_v1_assinado   257.1KB
10:23:22 INFO     ✓ [ 58/132] fiocruz-ptd-06_2024-copia_tarjada.pdf               1693.8KB
10:23:26 INFO     ✓ [ 59/132] funai_ptd_2025_2027_docdiretivo_assinado-1_tarjado  1842.1KB
10:23:28 INFO     ✓ [ 60/132] funai_anexo_de_entregas_repactuado_2026_2027_assin   435.7KB
10:23:31 INFO     ✓ [ 61/132] funarte_ptd_docdiretivo_assinado_21_01_2025_assina   965.7KB
10:23:34 INFO     ✓ [ 62/132] funarte_ptd_anexo_de_entregas_assinado_v1_assinado   683.6KB
10:23:37 INFO     ✓ [ 63/132] fundacentro_ptd_2025_2027_docdiretivo_assinado_ass   826.6KB
10:23:40 INFO     ✓ [ 64/132] fundacentro_ptd_2025_2027_anexo_de_entregas_assina   635.5KB
10:23:43 INFO     ✓ [ 65/132] mma_ptd_docdiretivo_assinado_2025_2026-1_assinado_   949.3KB
10:23:45 INFO     ✓ [ 66/132] mma_ptd_anexo_de_entregas_aprovado_final_assinado_   174.8KB
10:23:48 INFO     ✓ [ 67/132] ibge_docdiretivo_2025_assinado_assinado_assinado-c  1167.3KB
10:23:50 INFO     ✓ [ 68/132] ibge_ptd_25_26_anexo_de_entregas_modelo_v2-1_assin   143.7KB
10:24:00 INFO     ✓ [ 69/132] incra_ptd_docdiretivo__assinado-1_assinado_assinad  7182.0KB
10:24:04 INFO     ✓ [ 70/132] incra_anexo_de_entregas_assinado-1_assinado_assina  1818.6KB
10:24:09 INFO     ✓ [ 71/132] inpi_ptd_docdiretivo_assinado_2025_2026_assinado_a  3322.4KB
10:24:14 INFO     ✓ [ 72/132] inpi_ptd_anexo_de_entregas_assinado_v1_assinado_as  3078.1KB
10:24:18 INFO     ✓ [ 73/132] inss_ptd_2025_2027_docdiretivo-assinado-copia_tarj  1173.3KB
10:24:20 INFO     ✓ [ 74/132] inss_ptd_2025_2027_anexo_de_entregas-assinado-copi   110.8KB
10:24:23 INFO     ✓ [ 75/132] iphan_ptd_docdiretivo_assinado_2025_2026_assinado_   885.7KB
10:24:25 INFO     ✓ [ 76/132] iphan_ptd_anexo_de_entregas_assinado_v1_assinado_a   310.9KB
10:24:32 INFO     ✓ [ 77/132] iti_doc_diretivo_assinado-1_tarjado.pdf             4905.1KB
10:24:35 INFO     ✓ [ 78/132] iti_anexo_de_entregas_assinado.pdf                   556.4KB
10:24:39 INFO     ✓ [ 79/132] mapa_ptd_2025_2027_docdiretivo_assinado-1_tarjado.  1740.9KB
10:24:41 INFO     ✓ [ 80/132] mapa_ptd_2025_2027_anexo_de_entregas_assinado-1.pd   261.9KB
10:24:48 INFO     ✓ [ 81/132] documento-diretivo-mcom-_-ptd-25_27-copia_tarjada.  4451.9KB
10:24:51 INFO     ✓ [ 82/132] anexo-de-entregas-mcom_ptd-25_27-copia_tarjada.pdf  1213.8KB
10:24:56 INFO     ✓ [ 83/132] ptd_21_24_mcom-copia_tarjada.pdf                    3040.7KB
10:24:59 INFO     ✓ [ 84/132] mcti_ptd_2025-2027_docdiretivo_assinado-copia_tarj  1030.7KB
10:25:01 INFO     ✓ [ 85/132] mcti_ptd_2025-2027_anexo-de-entregas_assinado-copi   145.8KB
10:25:04 INFO     ✓ [ 86/132] mda-anexo-entregas-assinado_ptd-2025-2027-copia-ta   284.6KB
10:25:06 INFO     ✓ [ 87/132] mdhc_ptd_2025_2027_docdiretivo_assinado_assinado_a   753.4KB
10:25:09 INFO     ✓ [ 88/132] mdhc_ptd_2025_2027_anexoentregas_assinado_assinado   186.8KB
10:25:11 INFO     ✓ [ 89/132] mdic_ptd_anexo_de_entregas_assinado_v1_assinado_as   176.6KB
10:25:14 INFO     ✓ [ 90/132] memp_ptd_2025_2026_docdiretivo_assinado_assinado_a  1030.1KB
10:25:16 INFO     ✓ [ 91/132] memp_ptd_2025_2026_anexo_de_entregas_assinado_assi   161.5KB
10:25:20 INFO     ✓ [ 92/132] mesp_ptd_2025_2027_docdiretivo_assinado_assinado_2  1147.7KB
10:25:22 INFO     ✓ [ 93/132] mesp_ptd_2025_2027_anexo_de_entregas_assinado_assi   226.6KB
10:25:25 INFO     ✓ [ 94/132] mf_ptd_2026_2027_documentodiretivo_assinado_assina   955.1KB
10:25:27 INFO     ✓ [ 95/132] mf_ptd_2026_2027_anexo_de_entregas_1_mf_se_assinad   241.2KB
10:25:30 INFO     ✓ [ 96/132] mgi_ptd_2025_2027_docdiretivo_assinado_assinado_as   375.2KB
10:25:32 INFO     ✓ [ 97/132] mgi_ptd_2025_2027_anexo_de_entregas_assinado_assin   256.1KB
10:25:35 INFO     ✓ [ 98/132] minc_ptd_2025_2027_docdiretivo_assinado-1_assinado   863.6KB
10:25:38 INFO     ✓ [ 99/132] minc_ptd_2025_2027_anexo_de_entregas_assinado-1_as   276.7KB
10:25:41 INFO     ✓ [100/132] mjsp_ptd_docdiretivo_assinado_2025_2026_assinado_a   954.0KB
10:25:43 INFO     ✓ [101/132] mjsp_ptd_anexo_de_entregas_assinado_v1_assinado_as   253.9KB
10:25:46 INFO     ✓ [102/132] mme_ptd_2025_2027_docdiretivo_assinado-copia_tarja   664.5KB
10:25:48 INFO     ✓ [103/132] mme_ptd_2025_2027_anexo_de_entregas_assinado__1_-c   111.1KB
10:25:51 INFO     ✓ [104/132] mmulheres_ptd_2025_2027_docdiretivo_assinado_assin  1078.3KB
10:25:54 INFO     ✓ [105/132] mmulheres_ptd_2025_2027_anexo_de_entregas_assinado   216.9KB
10:25:57 INFO     ✓ [106/132] mpi_ptd_2025_2027_docdiretivo_ministerio_dos_povos   947.9KB
10:25:59 INFO     ✓ [107/132] mpi_ptd_anexo_de_entregas_do_plano_de_tranformacao   191.9KB
10:26:02 INFO     ✓ [108/132] mpo_ptd_docdiretivo_assinado_2025_2026_assinado_as   806.3KB
10:26:05 INFO     ✓ [109/132] mpo_ptd_anexo_de_entregas_assinado_v1_assinado_ass   323.2KB
10:26:08 INFO     ✓ [110/132] mpor_ptd_2025_2027_docdiretivo_assinado_assinado_a   876.5KB
10:26:10 INFO     ✓ [111/132] mpor_ptd_2025_2027_anexo_de_entregas_assinado_assi   175.1KB
10:26:13 INFO     ✓ [112/132] mps_ptd_2025-2026_docdiretivo_final_assinado-1_ass  1024.4KB
10:26:15 INFO     ✓ [113/132] mps_ptd_2025-2026_anexo_de_entregas_final_assinado   165.0KB
10:26:18 INFO     ✓ [114/132] mre_ptd_docdiretivo_assinado_2025_2026_assinado_as   760.9KB
10:26:21 INFO     ✓ [115/132] mre_ptd_anexo_de_entregas_assinado_v1_assinado_ass   233.2KB
10:26:24 INFO     ✓ [116/132] mte_ptd_2025_2026_docdiretivo_assinado_assinado_as   729.6KB
10:26:26 INFO     ✓ [117/132] mte_ptd_anexo_de_entregas_assinado_v1__281_29_assi   459.5KB
10:26:29 INFO     ✓ [118/132] mtur_ptd_docdiretiv_assinado_30_01_2025_assinado_a  1050.4KB
10:26:31 INFO     ✓ [119/132] mtur_ptd_anexo_de_entregas_assinado_30_01_2025_ass   118.8KB
10:26:34 INFO     ✓ [120/132] pf_ptd_docdiretivo_2025_2027_assinado-copia_tarjad   964.3KB
10:26:36 INFO     ✓ [121/132] pf_ptd_anexo_de_entregas_2025_2027_assinado-copia_    62.5KB
10:26:39 INFO     ✓ [122/132] mf_ptd_2026_2027_anexo_de_entregas_4_mf_pgfn_assin   466.8KB
10:26:48 INFO     ✓ [123/132] previc_plano_de_transformacao_digital_2025_2026_29  6652.7KB
10:26:50 INFO     ✓ [124/132] previc_ptd_repactuacao_2025-2026_assinado_assinado   182.9KB
10:26:53 INFO     ✓ [125/132] prf_documentodiretivo_ptd_2026-2027_assinado_tarja   535.9KB
10:26:55 INFO     ✓ [126/132] prf_anexo_de_entregas_do_ptd__2026_2027___ptd___en   157.7KB
10:26:57 INFO     ✓ [127/132] mf_ptd_2026_2027_anexo_de_entregas_2_mf_rfb_assina   253.7KB
10:27:00 INFO     ✓ [128/132] sgpr_ptd_2026_2027_docdiretivo_assinado-copia_tarj   791.2KB
10:27:03 INFO     ✓ [129/132] sgpr_ptd_2025_2027_anexo_de_entregas_assinado-copi   897.9KB
10:27:06 INFO     ✓ [130/132] mf_ptd_2026_2027_anexo_de_entregas_3_mf_stn_assina   467.8KB
10:27:09 INFO     ✓ [131/132] susep_ptd_2025_2027_docdiretivo-assinado-copia_tar  1030.1KB
10:27:11 INFO     ✓ [132/132] susep_ptd_2025-2026_anexo_de_entregas_final_assina   221.9KB
10:27:13 INFO     132 OK | 0 erros | 123.3 MB total
10:27:18 INFO     Sanity: 132 PDFs | 113 texto | 19 imagem/OCR | 0 duplicatas
10:27:18 INFO     --siglas (debug): 15 PDFs de ['AGU', 'FIOCRUZ', 'FUNAI', 'FUNDACENTRO', 'INCRA', 'ITI', 'MCOM', 'SGPR']
10:27:19 INFO     DocumentConverter instanciado (singleton × 2: plain + OCR)
10:27:19 INFO     [1/15] → agu_ptd_2025_2027_anexo_de_entregas_assinado_assinado_assinado-copia_tarjada.pdf
10:27:19 INFO     detected formats: [<InputFormat.PDF: 'pdf'>]
10:27:19 INFO     Going to convert document batch...
10:27:19 INFO     Initializing pipeline for StandardPdfPipeline with options hash bc6794697da537796efc497178f9263f
10:27:19 INFO     Loading plugin 'docling_defaults'
10:27:19 INFO     Registered picture descriptions: ['picture_description_vlm_engine', 'vlm', 'api']
10:27:19 INFO     Loading plugin 'docling_defaults'
10:27:19 INFO     Registered ocr engines: ['auto', 'easyocr', 'kserve_v2_ocr', 'ocrmac', 'rapidocr', 'tesserocr', 'tesseract']
10:27:19 INFO     command: tesseract --list-langs
10:27:19 INFO     Loading plugin 'docling_defaults'
10:27:19 INFO     Registered layout engines: ['layout_object_detection', 'docling_layout_default', 'docling_experimental_table_crops_layout']
10:27:19 INFO     Accelerator device: 'cpu'
10:27:19 INFO     HTTP Request: GET https://huggingface.co/api/models/docling-project/docling-layout-heron/revision/main "HTTP/1.1 200 OK"
10:27:19 INFO     HTTP Request: HEAD https://huggingface.co/docling-project/docling-layout-heron/resolve/8f39ad3c0b4c58e9c2d2c84a38465abf757272d8/README.md "HTTP/1.1 307 Temporary Redirect"
10:27:19 INFO     HTTP Request: HEAD https://huggingface.co/api/resolve-cache/models/docling-project/docling-layout-heron/8f39ad3c0b4c58e9c2d2c84a38465abf757272d8/README.md "HTTP/1.1 200 OK"
10:27:19 INFO     HTTP Request: GET https://huggingface.co/api/resolve-cache/models/docling-project/docling-layout-heron/8f39ad3c0b4c58e9c2d2c84a38465abf757272d8/README.md "HTTP/1.1 200 OK"
10:27:19 INFO     HTTP Request: HEAD https://huggingface.co/docling-project/docling-layout-heron/resolve/8f39ad3c0b4c58e9c2d2c84a38465abf757272d8/config.json "HTTP/1.1 307 Temporary Redirect"
10:27:19 WARNING  Warning: You are sending unauthenticated requests to the HF Hub. Please set a HF_TOKEN to enable higher rate limits and faster downloads.
10:27:19 INFO     HTTP Request: HEAD https://huggingface.co/docling-project/docling-layout-heron/resolve/8f39ad3c0b4c58e9c2d2c84a38465abf757272d8/.gitattributes "HTTP/1.1 307 Temporary Redirect"
10:27:19 INFO     HTTP Request: HEAD https://huggingface.co/docling-project/docling-layout-heron/resolve/8f39ad3c0b4c58e9c2d2c84a38465abf757272d8/docling_heron_400.png "HTTP/1.1 307 Temporary Redirect"
10:27:19 INFO     HTTP Request: HEAD https://huggingface.co/docling-project/docling-layout-heron/resolve/8f39ad3c0b4c58e9c2d2c84a38465abf757272d8/preprocessor_config.json "HTTP/1.1 307 Temporary Redirect"
10:27:19 INFO     HTTP Request: HEAD https://huggingface.co/docling-project/docling-layout-heron/resolve/8f39ad3c0b4c58e9c2d2c84a38465abf757272d8/model.safetensors "HTTP/1.1 302 Found"
10:27:19 INFO     HTTP Request: HEAD https://huggingface.co/api/resolve-cache/models/docling-project/docling-layout-heron/8f39ad3c0b4c58e9c2d2c84a38465abf757272d8/config.json "HTTP/1.1 200 OK"
10:27:19 INFO     HTTP Request: HEAD https://huggingface.co/api/resolve-cache/models/docling-project/docling-layout-heron/8f39ad3c0b4c58e9c2d2c84a38465abf757272d8/.gitattributes "HTTP/1.1 200 OK"
10:27:19 INFO     HTTP Request: HEAD https://huggingface.co/api/resolve-cache/models/docling-project/docling-layout-heron/8f39ad3c0b4c58e9c2d2c84a38465abf757272d8/docling_heron_400.png "HTTP/1.1 200 OK"
10:27:19 INFO     HTTP Request: HEAD https://huggingface.co/api/resolve-cache/models/docling-project/docling-layout-heron/8f39ad3c0b4c58e9c2d2c84a38465abf757272d8/preprocessor_config.json "HTTP/1.1 200 OK"
10:27:19 INFO     HTTP Request: GET https://huggingface.co/api/resolve-cache/models/docling-project/docling-layout-heron/8f39ad3c0b4c58e9c2d2c84a38465abf757272d8/config.json "HTTP/1.1 200 OK"
10:27:19 INFO     HTTP Request: GET https://huggingface.co/api/resolve-cache/models/docling-project/docling-layout-heron/8f39ad3c0b4c58e9c2d2c84a38465abf757272d8/preprocessor_config.json "HTTP/1.1 200 OK"
10:27:19 INFO     HTTP Request: GET https://huggingface.co/api/resolve-cache/models/docling-project/docling-layout-heron/8f39ad3c0b4c58e9c2d2c84a38465abf757272d8/docling_heron_400.png "HTTP/1.1 200 OK"
10:27:19 INFO     HTTP Request: GET https://huggingface.co/api/resolve-cache/models/docling-project/docling-layout-heron/8f39ad3c0b4c58e9c2d2c84a38465abf757272d8/.gitattributes "HTTP/1.1 200 OK"
10:27:19 INFO     HTTP Request: GET https://huggingface.co/api/models/docling-project/docling-layout-heron/xet-read-token/8f39ad3c0b4c58e9c2d2c84a38465abf757272d8 "HTTP/1.1 200 OK"
10:27:20 INFO     Loading plugin 'docling_defaults'
10:27:20 INFO     Registered table structure engines: ['docling_tableformer', 'docling_tableformer_v2']
10:27:20 INFO     HTTP Request: GET https://huggingface.co/api/models/docling-project/docling-models/revision/v2.3.0 "HTTP/1.1 200 OK"
10:27:20 INFO     HTTP Request: HEAD https://huggingface.co/docling-project/docling-models/resolve/fc0f2d45e2218ea24bce5045f58a389aed16dc23/.gitattributes "HTTP/1.1 307 Temporary Redirect"
10:27:20 INFO     HTTP Request: HEAD https://huggingface.co/docling-project/docling-models/resolve/fc0f2d45e2218ea24bce5045f58a389aed16dc23/config.json "HTTP/1.1 307 Temporary Redirect"
10:27:20 INFO     HTTP Request: HEAD https://huggingface.co/docling-project/docling-models/resolve/fc0f2d45e2218ea24bce5045f58a389aed16dc23/README.md "HTTP/1.1 307 Temporary Redirect"
10:27:20 INFO     HTTP Request: HEAD https://huggingface.co/docling-project/docling-models/resolve/fc0f2d45e2218ea24bce5045f58a389aed16dc23/.gitignore "HTTP/1.1 307 Temporary Redirect"
10:27:20 INFO     HTTP Request: HEAD https://huggingface.co/docling-project/docling-models/resolve/fc0f2d45e2218ea24bce5045f58a389aed16dc23/model_artifacts/tableformer/accurate/tm_config.json "HTTP/1.1 307 Temporary Redirect"
10:27:20 INFO     HTTP Request: HEAD https://huggingface.co/api/resolve-cache/models/docling-project/docling-models/fc0f2d45e2218ea24bce5045f58a389aed16dc23/.gitattributes "HTTP/1.1 200 OK"
10:27:20 INFO     HTTP Request: HEAD https://huggingface.co/api/resolve-cache/models/docling-project/docling-models/fc0f2d45e2218ea24bce5045f58a389aed16dc23/config.json "HTTP/1.1 200 OK"
10:27:20 INFO     HTTP Request: HEAD https://huggingface.co/api/resolve-cache/models/docling-project/docling-models/fc0f2d45e2218ea24bce5045f58a389aed16dc23/README.md "HTTP/1.1 200 OK"
10:27:20 INFO     HTTP Request: HEAD https://huggingface.co/api/resolve-cache/models/docling-project/docling-models/fc0f2d45e2218ea24bce5045f58a389aed16dc23/.gitignore "HTTP/1.1 200 OK"
10:27:20 INFO     HTTP Request: HEAD https://huggingface.co/api/resolve-cache/models/docling-project/docling-models/fc0f2d45e2218ea24bce5045f58a389aed16dc23/model_artifacts%2Ftableformer%2Faccurate%2Ftm_config.json "HTTP/1.1 200 OK"
10:27:20 INFO     HTTP Request: HEAD https://huggingface.co/docling-project/docling-models/resolve/fc0f2d45e2218ea24bce5045f58a389aed16dc23/model_artifacts/tableformer/fast/tableformer_fast.safetensors "HTTP/1.1 302 Found"
10:27:20 INFO     HTTP Request: HEAD https://huggingface.co/docling-project/docling-models/resolve/fc0f2d45e2218ea24bce5045f58a389aed16dc23/model_artifacts/tableformer/fast/tm_config.json "HTTP/1.1 307 Temporary Redirect"
10:27:20 INFO     HTTP Request: GET https://huggingface.co/api/resolve-cache/models/docling-project/docling-models/fc0f2d45e2218ea24bce5045f58a389aed16dc23/config.json "HTTP/1.1 200 OK"
10:27:20 INFO     HTTP Request: GET https://huggingface.co/api/resolve-cache/models/docling-project/docling-models/fc0f2d45e2218ea24bce5045f58a389aed16dc23/README.md "HTTP/1.1 200 OK"
10:27:20 INFO     HTTP Request: HEAD https://huggingface.co/api/resolve-cache/models/docling-project/docling-models/fc0f2d45e2218ea24bce5045f58a389aed16dc23/model_artifacts%2Ftableformer%2Ffast%2Ftm_config.json "HTTP/1.1 200 OK"
10:27:20 INFO     HTTP Request: GET https://huggingface.co/api/resolve-cache/models/docling-project/docling-models/fc0f2d45e2218ea24bce5045f58a389aed16dc23/.gitattributes "HTTP/1.1 200 OK"
10:27:20 INFO     HTTP Request: GET https://huggingface.co/api/resolve-cache/models/docling-project/docling-models/fc0f2d45e2218ea24bce5045f58a389aed16dc23/.gitignore "HTTP/1.1 200 OK"
10:27:20 INFO     HTTP Request: GET https://huggingface.co/api/resolve-cache/models/docling-project/docling-models/fc0f2d45e2218ea24bce5045f58a389aed16dc23/model_artifacts%2Ftableformer%2Faccurate%2Ftm_config.json "HTTP/1.1 200 OK"
10:27:20 INFO     HTTP Request: GET https://huggingface.co/api/resolve-cache/models/docling-project/docling-models/fc0f2d45e2218ea24bce5045f58a389aed16dc23/model_artifacts%2Ftableformer%2Ffast%2Ftm_config.json "HTTP/1.1 200 OK"
10:27:20 INFO     HTTP Request: GET https://huggingface.co/api/models/docling-project/docling-models/xet-read-token/fc0f2d45e2218ea24bce5045f58a389aed16dc23 "HTTP/1.1 200 OK"
10:27:20 INFO     HTTP Request: HEAD https://huggingface.co/docling-project/docling-models/resolve/fc0f2d45e2218ea24bce5045f58a389aed16dc23/model_artifacts/tableformer/accurate/tableformer_accurate.safetensors "HTTP/1.1 302 Found"
10:27:21 INFO     Accelerator device: 'cpu'
10:27:22 INFO     Processing document agu_ptd_2025_2027_anexo_de_entregas_assinado_assinado_assinado-copia_tarjada.pdf
10:27:22 INFO     command: tesseract --psm 0 -l osd /tmp/tmpc9my2l2n.png stdout
10:27:23 INFO     command: tesseract -l por /tmp/tmpc9my2l2n.png stdout tsv
10:27:26 INFO     command: tesseract --psm 0 -l osd /tmp/tmp0_lr77ps.png stdout
10:27:27 INFO     command: tesseract -l por /tmp/tmp0_lr77ps.png stdout tsv
10:27:47 INFO     Finished converting document agu_ptd_2025_2027_anexo_de_entregas_assinado_assinado_assinado-copia_tarjada.pdf in 28.27 sec.
10:27:47 INFO       pixel_budget (Docling) agu_ptd_2025_2027_anexo_de_entregas_assinado_assinado_assinado-copia_tarjada.pdf: 45.8% (área tabelas/1001817 px²)
10:27:47 INFO     [1/15] ✓ AGU       :   33 entregas | 28.3s | ETA ~6min
10:27:47 INFO     [2/15] → agu_ptd_2025_2027_docdiretivo_assinado_assinado_assinado-copia_tarjada.pdf
10:27:47 INFO     detected formats: [<InputFormat.PDF: 'pdf'>]
10:27:47 INFO     Going to convert document batch...
10:27:47 INFO     Processing document agu_ptd_2025_2027_docdiretivo_assinado_assinado_assinado-copia_tarjada.pdf
10:27:47 INFO     command: tesseract --psm 0 -l osd /tmp/tmp0qnkpx5l.png stdout
10:27:48 INFO     command: tesseract -l por /tmp/tmp0qnkpx5l.png stdout tsv
10:27:50 INFO     command: tesseract --psm 0 -l osd /tmp/tmp8gd5vie7.png stdout
10:27:52 INFO     command: tesseract -l por /tmp/tmp8gd5vie7.png stdout tsv
10:27:55 INFO     command: tesseract --psm 0 -l osd /tmp/tmpas8ejf8d.png stdout
10:27:56 INFO     command: tesseract -l por /tmp/tmpas8ejf8d.png stdout tsv
10:27:58 INFO     command: tesseract --psm 0 -l osd /tmp/tmphn_4z06q.png stdout
10:27:59 INFO     command: tesseract -l por /tmp/tmphn_4z06q.png stdout tsv
10:28:01 INFO     command: tesseract --psm 0 -l osd /tmp/tmpr9y3aio9.png stdout
10:28:02 INFO     command: tesseract -l por /tmp/tmpr9y3aio9.png stdout tsv
10:28:04 INFO     command: tesseract --psm 0 -l osd /tmp/tmprcqw78qv.png stdout
10:28:05 INFO     command: tesseract -l por /tmp/tmprcqw78qv.png stdout tsv
10:28:16 INFO     command: tesseract --psm 0 -l osd /tmp/tmpj0icrue7.png stdout
10:28:17 INFO     command: tesseract -l por /tmp/tmpj0icrue7.png stdout tsv
10:28:19 INFO     command: tesseract --psm 0 -l osd /tmp/tmpg5cj13nw.png stdout
10:28:20 INFO     command: tesseract -l por /tmp/tmpg5cj13nw.png stdout tsv
10:28:22 INFO     command: tesseract --psm 0 -l osd /tmp/tmpwc9rmza_.png stdout
10:28:23 INFO     command: tesseract -l por /tmp/tmpwc9rmza_.png stdout tsv
10:28:25 INFO     command: tesseract --psm 0 -l osd /tmp/tmpdq8tu6f9.png stdout
10:28:26 INFO     command: tesseract -l por /tmp/tmpdq8tu6f9.png stdout tsv
10:28:42 INFO     command: tesseract --psm 0 -l osd /tmp/tmpp9pmxov2.png stdout
10:28:43 INFO     command: tesseract -l por /tmp/tmpp9pmxov2.png stdout tsv
10:28:46 INFO     Finished converting document agu_ptd_2025_2027_docdiretivo_assinado_assinado_assinado-copia_tarjada.pdf in 59.18 sec.
10:28:46 INFO       pixel_budget (Docling) agu_ptd_2025_2027_docdiretivo_assinado_assinado_assinado-copia_tarjada.pdf: 2.1% (área tabelas/5513330 px²)
10:28:46 INFO     [2/15] ✓ AGU       :    6 entregas | 59.2s | ETA ~9min
10:28:46 INFO     [3/15] → anexo-de-entregas-mcom_ptd-25_27-copia_tarjada.pdf
10:28:46 INFO     detected formats: [<InputFormat.PDF: 'pdf'>]
10:28:46 INFO     Going to convert document batch...
10:28:46 INFO     Processing document anexo-de-entregas-mcom_ptd-25_27-copia_tarjada.pdf
10:28:47 INFO     command: tesseract --psm 0 -l osd /tmp/tmppipnu99y.png stdout
10:28:48 INFO     command: tesseract -l por /tmp/tmppipnu99y.png stdout tsv
10:28:51 INFO     command: tesseract --psm 0 -l osd /tmp/tmpy3_ezg28.png stdout
10:28:52 INFO     command: tesseract -l por /tmp/tmpy3_ezg28.png stdout tsv
10:29:03 INFO     command: tesseract --psm 0 -l osd /tmp/tmpuoiy0i7k.png stdout
10:29:04 INFO     command: tesseract -l por /tmp/tmpuoiy0i7k.png stdout tsv
10:29:24 INFO     Finished converting document anexo-de-entregas-mcom_ptd-25_27-copia_tarjada.pdf in 37.78 sec.
10:29:24 INFO       pixel_budget (Docling) anexo-de-entregas-mcom_ptd-25_27-copia_tarjada.pdf: 55.2% (área tabelas/1503636 px²)
10:29:24 INFO     [3/15] ✓ MCOM      :   55 entregas | 37.8s | ETA ~8min
10:29:24 INFO     [4/15] → documento-diretivo-mcom-_-ptd-25_27-copia_tarjada.pdf
10:29:24 INFO     detected formats: [<InputFormat.PDF: 'pdf'>]
10:29:24 INFO     Going to convert document batch...
10:29:24 INFO     Processing document documento-diretivo-mcom-_-ptd-25_27-copia_tarjada.pdf
10:29:24 INFO     command: tesseract --psm 0 -l osd /tmp/tmpg4h82cmx.png stdout
10:29:25 INFO     command: tesseract -l por /tmp/tmpg4h82cmx.png stdout tsv
10:29:27 INFO     command: tesseract --psm 0 -l osd /tmp/tmpy97cwuxv.png stdout
10:29:28 INFO     command: tesseract -l por /tmp/tmpy97cwuxv.png stdout tsv
10:29:34 INFO     command: tesseract --psm 0 -l osd /tmp/tmp4ql99jcl.png stdout
10:29:35 INFO     command: tesseract -l por /tmp/tmp4ql99jcl.png stdout tsv
10:29:36 INFO     command: tesseract --psm 0 -l osd /tmp/tmp89_dihcc.png stdout
10:29:37 INFO     command: tesseract -l por /tmp/tmp89_dihcc.png stdout tsv
10:29:39 INFO     command: tesseract --psm 0 -l osd /tmp/tmp8ru28h2p.png stdout
10:29:39 INFO     command: tesseract -l por /tmp/tmp8ru28h2p.png stdout tsv
10:29:42 INFO     command: tesseract --psm 0 -l osd /tmp/tmpx1ct_vfx.png stdout
10:29:43 INFO     command: tesseract -l por /tmp/tmpx1ct_vfx.png stdout tsv
10:29:59 INFO     command: tesseract --psm 0 -l osd /tmp/tmplozbcxya.png stdout
10:30:00 INFO     command: tesseract -l por /tmp/tmplozbcxya.png stdout tsv
10:30:02 INFO     command: tesseract --psm 0 -l osd /tmp/tmpil0w_8jh.png stdout
10:30:02 INFO     command: tesseract -l por /tmp/tmpil0w_8jh.png stdout tsv
10:30:05 INFO     command: tesseract --psm 0 -l osd /tmp/tmpe96ku8kj.png stdout
10:30:06 INFO     command: tesseract -l por /tmp/tmpe96ku8kj.png stdout tsv
10:30:07 INFO     command: tesseract --psm 0 -l osd /tmp/tmpw8wtx6ng.png stdout
10:30:09 INFO     command: tesseract -l por /tmp/tmpw8wtx6ng.png stdout tsv
10:30:15 INFO     command: tesseract --psm 0 -l osd /tmp/tmpdlgchndx.png stdout
10:30:16 INFO     command: tesseract -l por /tmp/tmpdlgchndx.png stdout tsv
10:30:21 INFO     command: tesseract --psm 0 -l osd /tmp/tmpkewbjrtt.png stdout
10:30:22 INFO     command: tesseract -l por /tmp/tmpkewbjrtt.png stdout tsv
10:30:23 INFO     command: tesseract --psm 0 -l osd /tmp/tmpv954z0ow.png stdout
10:30:24 INFO     command: tesseract -l por /tmp/tmpv954z0ow.png stdout tsv
10:30:26 INFO     command: tesseract --psm 0 -l osd /tmp/tmpzwm3rbni.png stdout
10:30:27 INFO     command: tesseract -l por /tmp/tmpzwm3rbni.png stdout tsv
10:30:33 INFO     Finished converting document documento-diretivo-mcom-_-ptd-25_27-copia_tarjada.pdf in 69.16 sec.
10:30:33 INFO       pixel_budget (Docling) documento-diretivo-mcom-_-ptd-25_27-copia_tarjada.pdf: 10.8% (área tabelas/7016966 px²)
10:30:33 WARNING  [4/15] ⚠ MCOM      :    0 entregas | 69.2s | ETA ~8min
10:30:33 INFO     [5/15] → fiocruz-ptd-06_2024-copia_tarjada.pdf
10:30:33 INFO     detected formats: [<InputFormat.PDF: 'pdf'>]
10:30:33 INFO     Going to convert document batch...
10:30:33 INFO     Initializing pipeline for StandardPdfPipeline with options hash d18651824ca6fe56cf3ccb20424ac2c8
10:30:33 INFO     Accelerator device: 'cpu'
10:30:33 INFO     HTTP Request: GET https://huggingface.co/api/models/docling-project/docling-layout-heron/revision/main "HTTP/1.1 200 OK"
10:30:34 INFO     HTTP Request: GET https://huggingface.co/api/models/docling-project/docling-models/revision/v2.3.0 "HTTP/1.1 200 OK"
10:30:34 INFO     Accelerator device: 'cpu'
10:30:34 INFO     Processing document fiocruz-ptd-06_2024-copia_tarjada.pdf
10:31:42 INFO     Finished converting document fiocruz-ptd-06_2024-copia_tarjada.pdf in 68.77 sec.
10:31:42 INFO       pixel_budget (Docling) fiocruz-ptd-06_2024-copia_tarjada.pdf: 36.4% (área tabelas/7518178 px²)
10:31:42 WARNING  [5/15] ⚠ FIOCRUZ   :    0 entregas | 68.8s | ETA ~8min
10:31:42 INFO     [6/15] → fiocruz_novo-ptd_2-1_docdiretivo_repactuacao_2024-2026_assinado_assinado-copia_tarjada.pdf
10:31:42 INFO     detected formats: [<InputFormat.PDF: 'pdf'>]
10:31:42 INFO     Going to convert document batch...
10:31:42 INFO     Processing document fiocruz_novo-ptd_2-1_docdiretivo_repactuacao_2024-2026_assinado_assinado-copia_tarjada.pdf
10:31:59 INFO     Finished converting document fiocruz_novo-ptd_2-1_docdiretivo_repactuacao_2024-2026_assinado_assinado-copia_tarjada.pdf in 17.56 sec.
10:31:59 INFO       pixel_budget (Docling) fiocruz_novo-ptd_2-1_docdiretivo_repactuacao_2024-2026_assinado_assinado-copia_tarjada.pdf: 11.3% (área tabelas/5012118 px²)
10:31:59 WARNING  [6/15] ⚠ FIOCRUZ   :    0 entregas | 17.6s | ETA ~7min
10:31:59 INFO     [7/15] → fiocruz_ptd_anexo_de_entregas_assinado_v1_assinado_assinado-1-copia_tarjada.pdf
10:31:59 INFO     detected formats: [<InputFormat.PDF: 'pdf'>]
10:31:59 INFO     Going to convert document batch...
10:31:59 INFO     Processing document fiocruz_ptd_anexo_de_entregas_assinado_v1_assinado_assinado-1-copia_tarjada.pdf
10:32:32 INFO     Finished converting document fiocruz_ptd_anexo_de_entregas_assinado_v1_assinado_assinado-1-copia_tarjada.pdf in 32.65 sec.
10:32:32 INFO       pixel_budget (Docling) fiocruz_ptd_anexo_de_entregas_assinado_v1_assinado_assinado-1-copia_tarjada.pdf: 54.7% (área tabelas/2004847 px²)
10:32:32 INFO     [7/15] ✓ FIOCRUZ   :   61 entregas | 32.7s | ETA ~5min
10:32:32 INFO     [8/15] → funai_anexo_de_entregas_repactuado_2026_2027_assinado_assinado_assinado.pdf
10:32:32 INFO     detected formats: [<InputFormat.PDF: 'pdf'>]
10:32:32 INFO     Going to convert document batch...
10:32:32 INFO     Processing document funai_anexo_de_entregas_repactuado_2026_2027_assinado_assinado_assinado.pdf
10:32:33 INFO     command: tesseract --psm 0 -l osd /tmp/tmp6gbh5m5j.png stdout
10:32:34 INFO     command: tesseract -l por /tmp/tmp6gbh5m5j.png stdout tsv
10:32:47 INFO     Finished converting document funai_anexo_de_entregas_repactuado_2026_2027_assinado_assinado_assinado.pdf in 14.89 sec.
10:32:47 INFO       pixel_budget (Docling) funai_anexo_de_entregas_repactuado_2026_2027_assinado_assinado_assinado.pdf: 49.8% (área tabelas/501212 px²)
10:32:47 INFO     [8/15] ✓ FUNAI     :   21 entregas | 14.9s | ETA ~4min
10:32:47 INFO     [9/15] → funai_ptd_2025_2027_docdiretivo_assinado-1_tarjado.pdf
10:32:47 INFO     detected formats: [<InputFormat.PDF: 'pdf'>]
10:32:47 INFO     Going to convert document batch...
10:32:47 INFO     Processing document funai_ptd_2025_2027_docdiretivo_assinado-1_tarjado.pdf
10:32:48 INFO     command: tesseract --psm 0 -l osd /tmp/tmpteadua72.png stdout
10:32:49 INFO     command: tesseract -l por /tmp/tmpteadua72.png stdout tsv
10:32:50 INFO     command: tesseract --psm 0 -l osd /tmp/tmpho1ggvnq.png stdout
10:32:52 INFO     command: tesseract -l por /tmp/tmpho1ggvnq.png stdout tsv
10:32:53 INFO     command: tesseract --psm 0 -l osd /tmp/tmpqhs0lb78.png stdout
10:32:54 INFO     command: tesseract -l por /tmp/tmpqhs0lb78.png stdout tsv
10:32:56 INFO     command: tesseract --psm 0 -l osd /tmp/tmpnt69zik6.png stdout
10:32:57 INFO     command: tesseract -l por /tmp/tmpnt69zik6.png stdout tsv
10:32:58 INFO     command: tesseract --psm 0 -l osd /tmp/tmpbfibq71p.png stdout
10:32:59 INFO     command: tesseract -l por /tmp/tmpbfibq71p.png stdout tsv
10:33:01 INFO     command: tesseract --psm 0 -l osd /tmp/tmpccr39dn0.png stdout
10:33:03 INFO     command: tesseract -l por /tmp/tmpccr39dn0.png stdout tsv
10:33:13 INFO     command: tesseract --psm 0 -l osd /tmp/tmpsnevsujz.png stdout
10:33:13 INFO     command: tesseract -l por /tmp/tmpsnevsujz.png stdout tsv
10:33:15 INFO     command: tesseract --psm 0 -l osd /tmp/tmprj0g0mt6.png stdout
10:33:16 INFO     command: tesseract -l por /tmp/tmprj0g0mt6.png stdout tsv
10:33:17 INFO     command: tesseract --psm 0 -l osd /tmp/tmp14ikjekl.png stdout
10:33:18 INFO     command: tesseract -l por /tmp/tmp14ikjekl.png stdout tsv
10:33:20 INFO     command: tesseract --psm 0 -l osd /tmp/tmp1yq24_n8.png stdout
10:33:21 INFO     command: tesseract -l por /tmp/tmp1yq24_n8.png stdout tsv
10:33:32 INFO     command: tesseract --psm 0 -l osd /tmp/tmp5637pzo4.png stdout
10:33:33 INFO     command: tesseract -l por /tmp/tmp5637pzo4.png stdout tsv
10:33:41 INFO     command: tesseract --psm 0 -l osd /tmp/tmp_hnmxjuv.png stdout
10:33:42 INFO     command: tesseract -l por /tmp/tmp_hnmxjuv.png stdout tsv
10:33:44 INFO     command: tesseract --psm 0 -l osd /tmp/tmpdkgc3dsy.png stdout
10:33:44 INFO     command: tesseract -l por /tmp/tmpdkgc3dsy.png stdout tsv
10:33:51 INFO     Finished converting document funai_ptd_2025_2027_docdiretivo_assinado-1_tarjado.pdf in 63.75 sec.
10:33:51 INFO       pixel_budget (Docling) funai_ptd_2025_2027_docdiretivo_assinado-1_tarjado.pdf: 16.4% (área tabelas/6515754 px²)
10:33:51 INFO     [9/15] ✓ FUNAI     :    8 entregas | 63.8s | ETA ~4min
10:33:51 INFO     [10/15] → incra_anexo_de_entregas_assinado-1_assinado_assinado-copia_tarjada.pdf
10:33:51 INFO     detected formats: [<InputFormat.PDF: 'pdf'>]
10:33:51 INFO     Going to convert document batch...
10:33:51 INFO     Processing document incra_anexo_de_entregas_assinado-1_assinado_assinado-copia_tarjada.pdf
10:33:52 INFO     command: tesseract --psm 0 -l osd /tmp/tmpa8kvnpf8.png stdout
10:33:53 INFO     command: tesseract -l por /tmp/tmpa8kvnpf8.png stdout tsv
10:33:55 INFO     command: tesseract --psm 0 -l osd /tmp/tmpw6hbrgqh.png stdout
10:33:57 INFO     command: tesseract -l por /tmp/tmpw6hbrgqh.png stdout tsv
10:34:00 INFO     command: tesseract --psm 0 -l osd /tmp/tmpucb5zb5i.png stdout
10:34:01 INFO     command: tesseract -l por /tmp/tmpucb5zb5i.png stdout tsv
10:34:03 INFO     command: tesseract --psm 0 -l osd /tmp/tmpsp66r8sp.png stdout
10:34:04 INFO     command: tesseract -l por /tmp/tmpsp66r8sp.png stdout tsv
10:34:06 INFO     command: tesseract --psm 0 -l osd /tmp/tmpa8v6mmim.png stdout
10:34:07 INFO     command: tesseract -l por /tmp/tmpa8v6mmim.png stdout tsv
10:35:37 INFO     Finished converting document incra_anexo_de_entregas_assinado-1_assinado_assinado-copia_tarjada.pdf in 106.11 sec.
10:35:37 INFO       pixel_budget (Docling) incra_anexo_de_entregas_assinado-1_assinado_assinado-copia_tarjada.pdf: 30.0% (área tabelas/2423520 px²)
10:35:37 INFO     [10/15] ✓ INCRA     :   10 entregas | 106.1s | ETA ~4min
10:35:37 INFO     [11/15] → incra_ptd_docdiretivo__assinado-1_assinado_assinado-copia_tarjada.pdf
10:35:37 INFO     detected formats: [<InputFormat.PDF: 'pdf'>]
10:35:37 INFO     Going to convert document batch...
10:35:37 INFO     Processing document incra_ptd_docdiretivo__assinado-1_assinado_assinado-copia_tarjada.pdf
10:35:38 INFO     command: tesseract --psm 0 -l osd /tmp/tmppzsb_4_g.png stdout
10:35:39 INFO     command: tesseract -l por /tmp/tmppzsb_4_g.png stdout tsv
10:35:41 INFO     command: tesseract --psm 0 -l osd /tmp/tmpbwuyr7g_.png stdout
10:35:42 INFO     command: tesseract -l por /tmp/tmpbwuyr7g_.png stdout tsv
10:35:48 INFO     command: tesseract --psm 0 -l osd /tmp/tmphw0oay85.png stdout
10:35:49 INFO     command: tesseract -l por /tmp/tmphw0oay85.png stdout tsv
10:35:51 INFO     command: tesseract --psm 0 -l osd /tmp/tmprej6oxa1.png stdout
10:35:52 INFO     command: tesseract -l por /tmp/tmprej6oxa1.png stdout tsv
10:35:53 INFO     command: tesseract --psm 0 -l osd /tmp/tmp7bcfgb6m.png stdout
10:35:54 INFO     command: tesseract -l por /tmp/tmp7bcfgb6m.png stdout tsv
10:35:56 INFO     command: tesseract --psm 0 -l osd /tmp/tmpc88j77qs.png stdout
10:35:58 INFO     command: tesseract -l por /tmp/tmpc88j77qs.png stdout tsv
10:36:15 INFO     command: tesseract --psm 0 -l osd /tmp/tmp15qlew2x.png stdout
10:36:15 INFO     command: tesseract -l por /tmp/tmp15qlew2x.png stdout tsv
10:36:17 INFO     command: tesseract --psm 0 -l osd /tmp/tmpwp1o4ebh.png stdout
10:36:18 INFO     command: tesseract -l por /tmp/tmpwp1o4ebh.png stdout tsv
10:36:19 INFO     command: tesseract --psm 0 -l osd /tmp/tmpxa72d1iq.png stdout
10:36:20 INFO     command: tesseract -l por /tmp/tmpxa72d1iq.png stdout tsv
10:36:22 INFO     command: tesseract --psm 0 -l osd /tmp/tmphatxpldb.png stdout
10:36:23 INFO     command: tesseract -l por /tmp/tmphatxpldb.png stdout tsv
10:36:30 INFO     command: tesseract --psm 0 -l osd /tmp/tmpo01xtj6s.png stdout
10:36:31 INFO     command: tesseract -l por /tmp/tmpo01xtj6s.png stdout tsv
10:36:41 INFO     command: tesseract --psm 0 -l osd /tmp/tmp8x7qtdx3.png stdout
10:36:42 INFO     command: tesseract -l por /tmp/tmp8x7qtdx3.png stdout tsv
10:36:43 INFO     command: tesseract --psm 0 -l osd /tmp/tmp_k7t900_.png stdout
10:36:44 INFO     command: tesseract -l por /tmp/tmp_k7t900_.png stdout tsv
10:36:52 INFO     Finished converting document incra_ptd_docdiretivo__assinado-1_assinado_assinado-copia_tarjada.pdf in 74.96 sec.
10:36:52 INFO       pixel_budget (Docling) incra_ptd_docdiretivo__assinado-1_assinado_assinado-copia_tarjada.pdf: 20.2% (área tabelas/6515754 px²)
10:36:52 INFO     [11/15] ✓ INCRA     :    9 entregas | 75.0s | ETA ~3min
10:36:52 INFO     [12/15] → iti_anexo_de_entregas_assinado.pdf
10:36:52 INFO     detected formats: [<InputFormat.PDF: 'pdf'>]
10:36:52 INFO     Going to convert document batch...
10:36:52 INFO     Processing document iti_anexo_de_entregas_assinado.pdf
10:36:53 INFO     command: tesseract --psm 0 -l osd /tmp/tmpga9f6uet.png stdout
10:36:53 INFO     command: tesseract -l por /tmp/tmpga9f6uet.png stdout tsv
10:37:09 INFO     Finished converting document iti_anexo_de_entregas_assinado.pdf in 17.32 sec.
10:37:09 INFO       pixel_budget (Docling) iti_anexo_de_entregas_assinado.pdf: 57.2% (área tabelas/501212 px²)
10:37:09 INFO     [12/15] ✓ ITI       :   31 entregas | 17.3s | ETA ~2min
10:37:09 INFO     [13/15] → iti_doc_diretivo_assinado-1_tarjado.pdf
10:37:09 INFO     detected formats: [<InputFormat.PDF: 'pdf'>]
10:37:09 INFO     Going to convert document batch...
10:37:09 INFO     Processing document iti_doc_diretivo_assinado-1_tarjado.pdf
10:37:10 INFO     command: tesseract --psm 0 -l osd /tmp/tmpig23nfw9.png stdout
10:37:10 INFO     command: tesseract -l por /tmp/tmpig23nfw9.png stdout tsv
10:37:13 INFO     command: tesseract --psm 0 -l osd /tmp/tmp8lvfl_4p.png stdout
10:37:14 INFO     command: tesseract -l por /tmp/tmp8lvfl_4p.png stdout tsv
10:37:16 INFO     command: tesseract --psm 0 -l osd /tmp/tmpq4n6b_5c.png stdout
10:37:17 INFO     command: tesseract -l por /tmp/tmpq4n6b_5c.png stdout tsv
10:37:19 INFO     command: tesseract --psm 0 -l osd /tmp/tmpr38x2k43.png stdout
10:37:20 INFO     command: tesseract -l por /tmp/tmpr38x2k43.png stdout tsv
10:37:21 INFO     command: tesseract --psm 0 -l osd /tmp/tmpn1lna359.png stdout
10:37:22 INFO     command: tesseract -l por /tmp/tmpn1lna359.png stdout tsv
10:37:24 INFO     command: tesseract --psm 0 -l osd /tmp/tmpcg6h_tps.png stdout
10:37:26 INFO     command: tesseract -l por /tmp/tmpcg6h_tps.png stdout tsv
10:37:42 INFO     command: tesseract --psm 0 -l osd /tmp/tmpj1ugtfxt.png stdout
10:37:43 INFO     command: tesseract -l por /tmp/tmpj1ugtfxt.png stdout tsv
10:37:45 INFO     command: tesseract --psm 0 -l osd /tmp/tmp1p_vly_f.png stdout
10:37:45 INFO     command: tesseract -l por /tmp/tmp1p_vly_f.png stdout tsv
10:37:48 INFO     command: tesseract --psm 0 -l osd /tmp/tmpgzc1936x.png stdout
10:37:48 INFO     command: tesseract -l por /tmp/tmpgzc1936x.png stdout tsv
10:37:50 INFO     command: tesseract --psm 0 -l osd /tmp/tmpwpswr4u0.png stdout
10:37:52 INFO     command: tesseract -l por /tmp/tmpwpswr4u0.png stdout tsv
10:38:07 INFO     command: tesseract --psm 0 -l osd /tmp/tmpria3ms71.png stdout
10:38:08 INFO     command: tesseract -l por /tmp/tmpria3ms71.png stdout tsv
10:38:11 INFO     Finished converting document iti_doc_diretivo_assinado-1_tarjado.pdf in 61.92 sec.
10:38:11 INFO       pixel_budget (Docling) iti_doc_diretivo_assinado-1_tarjado.pdf: 8.0% (área tabelas/5516339 px²)
10:38:11 INFO     [13/15] ✓ ITI       :    6 entregas | 61.9s | ETA ~1min
10:38:11 INFO     [14/15] → sgpr_ptd_2025_2027_anexo_de_entregas_assinado-copia_tarjada.pdf
10:38:11 INFO     detected formats: [<InputFormat.PDF: 'pdf'>]
10:38:11 INFO     Going to convert document batch...
10:38:11 INFO     Processing document sgpr_ptd_2025_2027_anexo_de_entregas_assinado-copia_tarjada.pdf
10:38:12 INFO     command: tesseract --psm 0 -l osd /tmp/tmpnlv4fm1x.png stdout
10:38:13 INFO     command: tesseract -l por /tmp/tmpnlv4fm1x.png stdout tsv
10:38:16 INFO     command: tesseract --psm 0 -l osd /tmp/tmpajkutd7n.png stdout
10:38:17 INFO     command: tesseract -l por /tmp/tmpajkutd7n.png stdout tsv
10:38:30 INFO     Finished converting document sgpr_ptd_2025_2027_anexo_de_entregas_assinado-copia_tarjada.pdf in 18.71 sec.
10:38:30 INFO       pixel_budget (Docling) sgpr_ptd_2025_2027_anexo_de_entregas_assinado-copia_tarjada.pdf: 29.5% (área tabelas/1002424 px²)
10:38:30 INFO     [14/15] ✓ SGPR      :   15 entregas | 18.7s | ETA ~48s
10:38:30 INFO     [15/15] → sgpr_ptd_2026_2027_docdiretivo_assinado-copia_tarjada.pdf
10:38:30 INFO     detected formats: [<InputFormat.PDF: 'pdf'>]
10:38:30 INFO     Going to convert document batch...
10:38:30 INFO     Processing document sgpr_ptd_2026_2027_docdiretivo_assinado-copia_tarjada.pdf
10:38:50 INFO     Finished converting document sgpr_ptd_2026_2027_docdiretivo_assinado-copia_tarjada.pdf in 19.85 sec.
10:38:50 INFO       pixel_budget (Docling) sgpr_ptd_2026_2027_docdiretivo_assinado-copia_tarjada.pdf: 8.2% (área tabelas/5513330 px²)
10:38:50 WARNING  [15/15] ⚠ SGPR      :    0 entregas | 19.9s | ETA ~0s
10:38:50 INFO     255 registros | 7 órgãos
10:38:50 INFO     ╔══════════════════════════════════════════════════════════════╗
10:38:50 INFO     ║                  ENTREGAS — fase concluída                   ║
10:38:50 INFO     ║  Processados: 15    |  ✓ 11  ⚠ 4                             ║
10:38:50 INFO     ║  Duração: 11.5 min                                           ║
10:38:50 INFO     ║  255 registros | 7 órgãos                                    ║
10:38:50 INFO     ╚══════════════════════════════════════════════════════════════╝
10:38:50 INFO     [1/7] → agu_ptd_2025_2027_docdiretivo_assinado_assinado_assinado-copia_tarjada.pdf
10:38:50 INFO     detected formats: [<InputFormat.PDF: 'pdf'>]
10:38:50 INFO     Going to convert document batch...
10:38:50 INFO     Processing document agu_ptd_2025_2027_docdiretivo_assinado_assinado_assinado-copia_tarjada.pdf
10:38:50 INFO     command: tesseract --psm 0 -l osd /tmp/tmp07q4n2od.png stdout
10:38:51 INFO     command: tesseract -l por /tmp/tmp07q4n2od.png stdout tsv
10:38:53 INFO     command: tesseract --psm 0 -l osd /tmp/tmpciza54rz.png stdout
10:38:54 INFO     command: tesseract -l por /tmp/tmpciza54rz.png stdout tsv
10:38:59 INFO     command: tesseract --psm 0 -l osd /tmp/tmpphp0dvb2.png stdout
10:39:00 INFO     command: tesseract -l por /tmp/tmpphp0dvb2.png stdout tsv
10:39:02 INFO     command: tesseract --psm 0 -l osd /tmp/tmp1t7u6714.png stdout
10:39:03 INFO     command: tesseract -l por /tmp/tmp1t7u6714.png stdout tsv
10:39:05 INFO     command: tesseract --psm 0 -l osd /tmp/tmp6npcmf1m.png stdout
10:39:06 INFO     command: tesseract -l por /tmp/tmp6npcmf1m.png stdout tsv
10:39:08 INFO     command: tesseract --psm 0 -l osd /tmp/tmp_yv0pgv0.png stdout
10:39:09 INFO     command: tesseract -l por /tmp/tmp_yv0pgv0.png stdout tsv
10:39:20 INFO     command: tesseract --psm 0 -l osd /tmp/tmpfcsnad2u.png stdout
10:39:21 INFO     command: tesseract -l por /tmp/tmpfcsnad2u.png stdout tsv
10:39:23 INFO     command: tesseract --psm 0 -l osd /tmp/tmp4sfzccl0.png stdout
10:39:24 INFO     command: tesseract -l por /tmp/tmp4sfzccl0.png stdout tsv
10:39:26 INFO     command: tesseract --psm 0 -l osd /tmp/tmpb844f6tb.png stdout
10:39:27 INFO     command: tesseract -l por /tmp/tmpb844f6tb.png stdout tsv
10:39:29 INFO     command: tesseract --psm 0 -l osd /tmp/tmphh1pcca_.png stdout
10:39:30 INFO     command: tesseract -l por /tmp/tmphh1pcca_.png stdout tsv
10:39:46 INFO     command: tesseract --psm 0 -l osd /tmp/tmp12mnhgfd.png stdout
10:39:47 INFO     command: tesseract -l por /tmp/tmp12mnhgfd.png stdout tsv
10:39:50 INFO     Finished converting document agu_ptd_2025_2027_docdiretivo_assinado_assinado_assinado-copia_tarjada.pdf in 60.30 sec.
10:39:50 INFO     [1/7] ✓ AGU       :   7 riscos | 60.3s | ETA ~6min
10:39:50 INFO     [2/7] → documento-diretivo-mcom-_-ptd-25_27-copia_tarjada.pdf
10:39:50 INFO     detected formats: [<InputFormat.PDF: 'pdf'>]
10:39:50 INFO     Going to convert document batch...
10:39:50 INFO     Processing document documento-diretivo-mcom-_-ptd-25_27-copia_tarjada.pdf
10:39:50 INFO     command: tesseract --psm 0 -l osd /tmp/tmpdhzqjpql.png stdout
10:39:51 INFO     command: tesseract -l por /tmp/tmpdhzqjpql.png stdout tsv
10:39:53 INFO     command: tesseract --psm 0 -l osd /tmp/tmp7a2p0vnp.png stdout
10:39:54 INFO     command: tesseract -l por /tmp/tmp7a2p0vnp.png stdout tsv
10:40:00 INFO     command: tesseract --psm 0 -l osd /tmp/tmpkbvr0wai.png stdout
10:40:01 INFO     command: tesseract -l por /tmp/tmpkbvr0wai.png stdout tsv
10:40:02 INFO     command: tesseract --psm 0 -l osd /tmp/tmpc_z11dui.png stdout
10:40:03 INFO     command: tesseract -l por /tmp/tmpc_z11dui.png stdout tsv
10:40:05 INFO     command: tesseract --psm 0 -l osd /tmp/tmpf83i56wh.png stdout
10:40:06 INFO     command: tesseract -l por /tmp/tmpf83i56wh.png stdout tsv
10:40:08 INFO     command: tesseract --psm 0 -l osd /tmp/tmppwc6l2_k.png stdout
10:40:09 INFO     command: tesseract -l por /tmp/tmppwc6l2_k.png stdout tsv
10:40:27 INFO     command: tesseract --psm 0 -l osd /tmp/tmpeazokdi6.png stdout
10:40:27 INFO     command: tesseract -l por /tmp/tmpeazokdi6.png stdout tsv
10:40:29 INFO     command: tesseract --psm 0 -l osd /tmp/tmprd7xcr8a.png stdout
10:40:30 INFO     command: tesseract -l por /tmp/tmprd7xcr8a.png stdout tsv
10:40:32 INFO     command: tesseract --psm 0 -l osd /tmp/tmp2xanohzb.png stdout
10:40:33 INFO     command: tesseract -l por /tmp/tmp2xanohzb.png stdout tsv
10:40:35 INFO     command: tesseract --psm 0 -l osd /tmp/tmpjkp88lei.png stdout
10:40:36 INFO     command: tesseract -l por /tmp/tmpjkp88lei.png stdout tsv
10:40:42 INFO     command: tesseract --psm 0 -l osd /tmp/tmpqsh8nyfy.png stdout
10:40:43 INFO     command: tesseract -l por /tmp/tmpqsh8nyfy.png stdout tsv
10:40:48 INFO     command: tesseract --psm 0 -l osd /tmp/tmpu89umblk.png stdout
10:40:49 INFO     command: tesseract -l por /tmp/tmpu89umblk.png stdout tsv
10:40:50 INFO     command: tesseract --psm 0 -l osd /tmp/tmpxe1gyvfk.png stdout
10:40:51 INFO     command: tesseract -l por /tmp/tmpxe1gyvfk.png stdout tsv
10:40:53 INFO     command: tesseract --psm 0 -l osd /tmp/tmpa8tk0_wb.png stdout
10:40:54 INFO     command: tesseract -l por /tmp/tmpa8tk0_wb.png stdout tsv
10:41:00 INFO     Finished converting document documento-diretivo-mcom-_-ptd-25_27-copia_tarjada.pdf in 69.77 sec.
10:41:00 INFO     [2/7] ✓ MCOM      :  14 riscos | 69.8s | ETA ~5min
10:41:00 INFO     [3/7] → fiocruz_novo-ptd_2-1_docdiretivo_repactuacao_2024-2026_assinado_assinado-copia_tarjada.pdf
10:41:00 INFO     detected formats: [<InputFormat.PDF: 'pdf'>]
10:41:00 INFO     Going to convert document batch...
10:41:00 INFO     Processing document fiocruz_novo-ptd_2-1_docdiretivo_repactuacao_2024-2026_assinado_assinado-copia_tarjada.pdf
10:41:17 INFO     Finished converting document fiocruz_novo-ptd_2-1_docdiretivo_repactuacao_2024-2026_assinado_assinado-copia_tarjada.pdf in 17.67 sec.
10:41:17 INFO     [3/7] ✓ FIOCRUZ   :   6 riscos | 17.7s | ETA ~3min
10:41:17 INFO     [4/7] → funai_ptd_2025_2027_docdiretivo_assinado-1_tarjado.pdf
10:41:17 INFO     detected formats: [<InputFormat.PDF: 'pdf'>]
10:41:17 INFO     Going to convert document batch...
10:41:17 INFO     Processing document funai_ptd_2025_2027_docdiretivo_assinado-1_tarjado.pdf
10:41:19 INFO     command: tesseract --psm 0 -l osd /tmp/tmp671p9jz6.png stdout
10:41:19 INFO     command: tesseract -l por /tmp/tmp671p9jz6.png stdout tsv
10:41:21 INFO     command: tesseract --psm 0 -l osd /tmp/tmpuw99m6tq.png stdout
10:41:22 INFO     command: tesseract -l por /tmp/tmpuw99m6tq.png stdout tsv
10:41:25 INFO     command: tesseract --psm 0 -l osd /tmp/tmpk5fz6oqs.png stdout
10:41:26 INFO     command: tesseract -l por /tmp/tmpk5fz6oqs.png stdout tsv
10:41:28 INFO     command: tesseract --psm 0 -l osd /tmp/tmp84_nc7xh.png stdout
10:41:29 INFO     command: tesseract -l por /tmp/tmp84_nc7xh.png stdout tsv
10:41:30 INFO     command: tesseract --psm 0 -l osd /tmp/tmpnprnlee_.png stdout
10:41:31 INFO     command: tesseract -l por /tmp/tmpnprnlee_.png stdout tsv
10:41:33 INFO     command: tesseract --psm 0 -l osd /tmp/tmp6tprtyxa.png stdout
10:41:35 INFO     command: tesseract -l por /tmp/tmp6tprtyxa.png stdout tsv
10:41:45 INFO     command: tesseract --psm 0 -l osd /tmp/tmpnjqbsl7y.png stdout
10:41:46 INFO     command: tesseract -l por /tmp/tmpnjqbsl7y.png stdout tsv
10:41:47 INFO     command: tesseract --psm 0 -l osd /tmp/tmp62e8da8s.png stdout
10:41:48 INFO     command: tesseract -l por /tmp/tmp62e8da8s.png stdout tsv
10:41:49 INFO     command: tesseract --psm 0 -l osd /tmp/tmp4ae65eyg.png stdout
10:41:50 INFO     command: tesseract -l por /tmp/tmp4ae65eyg.png stdout tsv
10:41:52 INFO     command: tesseract --psm 0 -l osd /tmp/tmpa3ajbcf4.png stdout
10:41:53 INFO     command: tesseract -l por /tmp/tmpa3ajbcf4.png stdout tsv
10:42:08 INFO     command: tesseract --psm 0 -l osd /tmp/tmpiy7j92sc.png stdout
10:42:09 INFO     command: tesseract -l por /tmp/tmpiy7j92sc.png stdout tsv
10:42:14 INFO     command: tesseract --psm 0 -l osd /tmp/tmpdf__998k.png stdout
10:42:14 INFO     command: tesseract -l por /tmp/tmpdf__998k.png stdout tsv
10:42:16 INFO     command: tesseract --psm 0 -l osd /tmp/tmpu2fxv0bx.png stdout
10:42:17 INFO     command: tesseract -l por /tmp/tmpu2fxv0bx.png stdout tsv
10:42:23 INFO     Finished converting document funai_ptd_2025_2027_docdiretivo_assinado-1_tarjado.pdf in 65.95 sec.
10:42:23 INFO     [4/7] ✓ FUNAI     :  15 riscos | 66.0s | ETA ~2min
10:42:23 INFO     [5/7] → incra_ptd_docdiretivo__assinado-1_assinado_assinado-copia_tarjada.pdf
10:42:23 INFO     detected formats: [<InputFormat.PDF: 'pdf'>]
10:42:23 INFO     Going to convert document batch...
10:42:23 INFO     Processing document incra_ptd_docdiretivo__assinado-1_assinado_assinado-copia_tarjada.pdf
10:42:25 INFO     command: tesseract --psm 0 -l osd /tmp/tmp1s6vtzkv.png stdout
10:42:25 INFO     command: tesseract -l por /tmp/tmp1s6vtzkv.png stdout tsv
10:42:27 INFO     command: tesseract --psm 0 -l osd /tmp/tmpf4fuorvz.png stdout
10:42:28 INFO     command: tesseract -l por /tmp/tmpf4fuorvz.png stdout tsv
10:42:34 INFO     command: tesseract --psm 0 -l osd /tmp/tmpg9g4jk16.png stdout
10:42:35 INFO     command: tesseract -l por /tmp/tmpg9g4jk16.png stdout tsv
10:42:37 INFO     command: tesseract --psm 0 -l osd /tmp/tmp1gm9tx6b.png stdout
10:42:37 INFO     command: tesseract -l por /tmp/tmp1gm9tx6b.png stdout tsv
10:42:39 INFO     command: tesseract --psm 0 -l osd /tmp/tmpr18w_wvh.png stdout
10:42:40 INFO     command: tesseract -l por /tmp/tmpr18w_wvh.png stdout tsv
10:42:42 INFO     command: tesseract --psm 0 -l osd /tmp/tmpuzrtzj8s.png stdout
10:42:43 INFO     command: tesseract -l por /tmp/tmpuzrtzj8s.png stdout tsv
10:42:58 INFO     command: tesseract --psm 0 -l osd /tmp/tmpnm3cvmue.png stdout
10:42:58 INFO     command: tesseract -l por /tmp/tmpnm3cvmue.png stdout tsv
10:43:00 INFO     command: tesseract --psm 0 -l osd /tmp/tmpuq2wzfwx.png stdout
10:43:01 INFO     command: tesseract -l por /tmp/tmpuq2wzfwx.png stdout tsv
10:43:02 INFO     command: tesseract --psm 0 -l osd /tmp/tmpbymmpbuk.png stdout
10:43:03 INFO     command: tesseract -l por /tmp/tmpbymmpbuk.png stdout tsv
10:43:05 INFO     command: tesseract --psm 0 -l osd /tmp/tmpobgmma3x.png stdout
10:43:06 INFO     command: tesseract -l por /tmp/tmpobgmma3x.png stdout tsv
10:43:10 INFO     command: tesseract --psm 0 -l osd /tmp/tmpbhs3p34x.png stdout
10:43:11 INFO     command: tesseract -l por /tmp/tmpbhs3p34x.png stdout tsv
10:43:15 INFO     command: tesseract --psm 0 -l osd /tmp/tmp_4cmet9f.png stdout
10:43:16 INFO     command: tesseract -l por /tmp/tmp_4cmet9f.png stdout tsv
10:43:23 INFO     command: tesseract --psm 0 -l osd /tmp/tmpgn8u7ppm.png stdout
10:43:24 INFO     command: tesseract -l por /tmp/tmpgn8u7ppm.png stdout tsv
10:43:31 INFO     Finished converting document incra_ptd_docdiretivo__assinado-1_assinado_assinado-copia_tarjada.pdf in 68.15 sec.
10:43:31 INFO     [5/7] ✓ INCRA     :  15 riscos | 68.2s | ETA ~1min
10:43:31 INFO     [6/7] → iti_doc_diretivo_assinado-1_tarjado.pdf
10:43:31 INFO     detected formats: [<InputFormat.PDF: 'pdf'>]
10:43:31 INFO     Going to convert document batch...
10:43:31 INFO     Processing document iti_doc_diretivo_assinado-1_tarjado.pdf
10:43:32 INFO     command: tesseract --psm 0 -l osd /tmp/tmp3iwk_97f.png stdout
10:43:33 INFO     command: tesseract -l por /tmp/tmp3iwk_97f.png stdout tsv
10:43:35 INFO     command: tesseract --psm 0 -l osd /tmp/tmppe6che8w.png stdout
10:43:36 INFO     command: tesseract -l por /tmp/tmppe6che8w.png stdout tsv
10:43:40 INFO     command: tesseract --psm 0 -l osd /tmp/tmpyce31n5r.png stdout
10:43:41 INFO     command: tesseract -l por /tmp/tmpyce31n5r.png stdout tsv
10:43:43 INFO     command: tesseract --psm 0 -l osd /tmp/tmprhxfib55.png stdout
10:43:43 INFO     command: tesseract -l por /tmp/tmprhxfib55.png stdout tsv
10:43:45 INFO     command: tesseract --psm 0 -l osd /tmp/tmpmz8kjpyj.png stdout
10:43:46 INFO     command: tesseract -l por /tmp/tmpmz8kjpyj.png stdout tsv
10:43:48 INFO     command: tesseract --psm 0 -l osd /tmp/tmp1xdzdv_5.png stdout
10:43:49 INFO     command: tesseract -l por /tmp/tmp1xdzdv_5.png stdout tsv
10:44:06 INFO     command: tesseract --psm 0 -l osd /tmp/tmpwywbuhp9.png stdout
10:44:06 INFO     command: tesseract -l por /tmp/tmpwywbuhp9.png stdout tsv
10:44:08 INFO     command: tesseract --psm 0 -l osd /tmp/tmpllzpke8i.png stdout
10:44:09 INFO     command: tesseract -l por /tmp/tmpllzpke8i.png stdout tsv
10:44:11 INFO     command: tesseract --psm 0 -l osd /tmp/tmpti60r6r_.png stdout
10:44:12 INFO     command: tesseract -l por /tmp/tmpti60r6r_.png stdout tsv
10:44:14 INFO     command: tesseract --psm 0 -l osd /tmp/tmpvo2hjclf.png stdout
10:44:15 INFO     command: tesseract -l por /tmp/tmpvo2hjclf.png stdout tsv
10:44:24 INFO     command: tesseract --psm 0 -l osd /tmp/tmpw78shbat.png stdout
10:44:25 INFO     command: tesseract -l por /tmp/tmpw78shbat.png stdout tsv
10:44:32 INFO     Finished converting document iti_doc_diretivo_assinado-1_tarjado.pdf in 60.23 sec.
10:44:32 INFO     [6/7] ✓ ITI       :  14 riscos | 60.2s | ETA ~57s
10:44:32 INFO     [7/7] → sgpr_ptd_2026_2027_docdiretivo_assinado-copia_tarjada.pdf
10:44:32 INFO     detected formats: [<InputFormat.PDF: 'pdf'>]
10:44:32 INFO     Going to convert document batch...
10:44:32 INFO     Processing document sgpr_ptd_2026_2027_docdiretivo_assinado-copia_tarjada.pdf
10:44:52 INFO     Finished converting document sgpr_ptd_2026_2027_docdiretivo_assinado-copia_tarjada.pdf in 19.81 sec.
10:44:52 INFO     [7/7] ✓ SGPR      :  10 riscos | 19.8s | ETA ~0s
10:44:52 INFO     ╔══════════════════════════════════════════════════════════════╗
10:44:52 INFO     ║                   RISCOS — fase concluída                    ║
10:44:52 INFO     ║  Processados: 7     |  ✓ 7  ⚠ 0                              ║
10:44:52 INFO     ║  Duração: 6.0 min                                            ║
10:44:52 INFO     ║  81 riscos | 7 órgãos                                        ║
10:44:52 INFO     ╚══════════════════════════════════════════════════════════════╝
10:44:52 INFO     81 riscos | 0 ações | 135 relações
10:44:52 INFO     ptd_corpus_raw                     : 255 linhas
10:44:52 INFO     ptd_pivot_eixos                    : 7 linhas
10:44:55 INFO     ptd_datas_assinatura               : 132 linhas
10:44:55 INFO     ptd_riscos                         : 81 linhas
10:44:55 INFO     ptd_riscos_acoes                   : 135 linhas
10:44:55 INFO     Manifesto salvo: pipeline_manifest.json | SHA-256 de 132 PDFs
10:44:55 INFO     ==================================================
10:44:55 INFO     PTD-BR v3.0-melhorado — PIPELINE CONCLUÍDO
10:44:55 INFO     ==================================================
10:44:55 INFO     ptd_corpus_raw.csv                        155 KB
10:44:55 INFO     ptd_pivot_eixos.csv                         0 KB
10:44:55 INFO     ptd_datas_assinatura.csv                    9 KB
10:44:55 INFO     ptd_riscos.csv                             23 KB
10:44:55 INFO     ptd_riscos_acoes.csv                        2 KB
10:44:55 INFO     proveniencia.json                           0 KB
10:44:55 INFO     pipeline_manifest.json                     20 KB
10:44:55 INFO     📦 Artefatos: https://github.com/freirelucas/teste/actions/runs/24028084126
10:44:55 INFO     ==================================================
