22:09:13 INFO     Docling disponível
22:09:13 WARNING  OCR fallback indisponível (IndentationError: unexpected indent (ptd_ocr_fallback.py, line 45))
22:09:14 INFO     Ignorado (guia/template/norma): ABNT-NBR-17225-Acessibilidade-Digital.pdf
22:09:14 INFO     Ignorado (guia/template/norma): cgrep-guia10passos-ptd-orgao.pdf
22:09:14 INFO     Ignorado (guia/template/norma): ABNT-NBR-17225-Acessibilidade-Digital.pdf
22:09:14 INFO     Scraping: 132 PDFs únicos | entregas: 68 | diretivos: 61
22:09:14 INFO     Baixando 132 PDFs únicos...
22:09:16 INFO     ✓ [  1/132] abin_ptd_anexo_de_entregas_assinado_pelo_orgao_ass   293.3KB
22:09:20 INFO     ✓ [  2/132] aeb_ptd_2025_2027_docdiretivo_aprovado_assinado-1_  1033.7KB
22:09:22 INFO     ✓ [  3/132] aeb_ptd_2025_2027_anexo_de_entregas_aprovado_assin   154.5KB
22:09:27 INFO     ✓ [  4/132] agu_ptd_2025_2027_docdiretivo_assinado_assinado_as  2860.3KB
22:09:30 INFO     ✓ [  5/132] agu_ptd_2025_2027_anexo_de_entregas_assinado_assin   525.5KB
22:09:32 INFO     ✓ [  6/132] ana_ptd_2025_2027_docdiretivo_assinado_assinado_as   477.2KB
22:09:34 INFO     ✓ [  7/132] ana_ptd_2025_2027_anexoentregas_assinado_assinado_   170.9KB
22:09:38 INFO     ✓ [  8/132] anac_ptd_2025_2026_docdiretivo_se_assinado_tarjado  1036.3KB
22:09:40 INFO     ✓ [  9/132] anac_ptd_2025_2026_anexo_de_entregas_se_assinado.p   215.2KB
22:09:43 INFO     ✓ [ 10/132] anatel_ptd_docdiretivo_assinado_2025_2026_assinado  1006.0KB
22:09:45 INFO     ✓ [ 11/132] anatel_ptd_2025_2026_anexo_de_entregas_do_ptd_publ    71.9KB
22:09:49 INFO     ✓ [ 12/132] ancine_ptd_2024_2026_docdiretivo_assinado-2_assina   961.8KB
22:09:51 INFO     ✓ [ 13/132] ancine_ptd_2024_2026_-_anexo_de_entregas_aprovado_   613.2KB
22:09:54 INFO     ✓ [ 14/132] ptd_aneel_2025-2027_docdiretivo_assinado_tarjado.p   779.6KB
22:09:56 INFO     ✓ [ 15/132] ptd_aneel_2025-2027_anexo_de_entregas_assinado.pdf   111.9KB
22:10:00 INFO     ✓ [ 16/132] anm_ptd_2025_2027_docdiretivo_assinadopeloorgao_ta  1092.5KB
22:10:03 INFO     ✓ [ 17/132] anm_ptd_2025_2027_anexo_entregas_assinadopeloorgao  1140.4KB
22:10:06 INFO     ✓ [ 18/132] anpd_ptd_2025_2027_docdiretivo_assinado_assinado_a  1044.3KB
22:10:08 INFO     ✓ [ 19/132] anpd_ptd_2025_2027_anexo_de_entregas_assinado_assi   166.5KB
22:10:11 INFO     ✓ [ 20/132] ans-plano_de_transformacao_digital_assinado-copia_  1023.4KB
22:10:13 INFO     ✓ [ 21/132] ans_ptd_2025_2026_anexo_de_entregas_assinado_assin   124.1KB
22:10:17 INFO     ✓ [ 22/132] antaq_ptd_2025_2027_docdiretivo_assinado_assinado_  1039.8KB
22:10:19 INFO     ✓ [ 23/132] antaq_ptd_2025_2027_anexoentregas_assinado_assinad   145.1KB
22:10:21 INFO     ✓ [ 24/132] mt_anexo_de_entregas_-_assinado_assinado_assinado_   143.6KB
22:10:30 INFO     ✓ [ 25/132] anvisa_ptd_docdiretivo_2025-2026_assinado_assinado  5771.2KB
22:10:32 INFO     ✓ [ 26/132] anvisa_ptd_anexo_de_entregas_2025_2026_assinado_as   239.0KB
22:10:35 INFO     ✓ [ 27/132] bcb_documento_diretivo_assinado_assinado_assinado-   713.7KB
22:10:37 INFO     ✓ [ 28/132] bcb_anexo_de_entregas_ptd_25_26-1_assinado_assinad   134.8KB
22:10:40 INFO     ✓ [ 29/132] cade_ptd_docdiretivo_2025_2026_assinado-2_assinado   810.4KB
22:10:42 INFO     ✓ [ 30/132] cade_ptd_anexo_de_entregas_2025_2026_assinado_copi   504.0KB
22:10:46 INFO     ✓ [ 31/132] mec_ptd_docdiretivo_2025-2026_sei_mec-5566673_copi   863.1KB
22:10:48 INFO     ✓ [ 32/132] mec_ptd_anexo-de-entregas_sei_mec-5576401_copia_ta   495.7KB
22:10:52 INFO     ✓ [ 33/132] mec_ptd_docdiretivo-versao-comunicacao_copia_tarja  1616.5KB
22:10:55 INFO     ✓ [ 34/132] md_ptd_2026_2027_anexo_de_entregas_assinado_assina   579.4KB
22:10:57 INFO     ✓ [ 35/132] md_ptd_2026_2027_anexo_de_entregas_assinado_assina   186.8KB
22:11:00 INFO     ✓ [ 36/132] md_ptd_temp_copia_tarjada.pdf                        741.9KB
22:11:04 INFO     ✓ [ 37/132] cgu_ptd_docdiretivo_assinado_assinado_assinado-cop  1085.4KB
22:11:06 INFO     ✓ [ 38/132] cgu_ptd_anexo_de_entregas_pactuadas_assinado_assin   514.1KB
22:11:09 INFO     ✓ [ 39/132] cnpq_ptd_2025_2027_docdiretivo_assinado_assinado_a   342.9KB
22:11:11 INFO     ✓ [ 40/132] cnpq_ptd_2025_2027_anexo_de_entregas_assinado_assi   136.1KB
22:11:15 INFO     ✓ [ 41/132] coaf_ptd_2025_2026_documento_diretivo_assinado_ass  1068.0KB
22:11:20 INFO     ✓ [ 42/132] coaf_ptd_2025_2026_anexo_de_entregas-2_assinado_as  3184.5KB
22:11:26 INFO     ✓ [ 43/132] ptd_midr-docdiretivo_aprovado_assinado_tarjado.pdf  3864.1KB
22:11:29 INFO     ✓ [ 44/132] ptd_midr_-_anexo_de_entregas_-_aprovado_assinado.p  1122.0KB
22:11:33 INFO     ✓ [ 45/132] mda-documento-diretivo-assinado_ptd-2025-207-copia   955.8KB
22:11:35 INFO     ✓ [ 46/132] cvm_ptd_2025_2027_docdiretivo_assinado_assinado_as   270.5KB
22:11:37 INFO     ✓ [ 47/132] cvm_ptd_2025_2027_anexoentregas_assinado_assinado_   409.0KB
22:11:40 INFO     ✓ [ 48/132] dnocs_ptd_doc_diretivo_2025_2026_assinado_orgao-2_   891.1KB
22:11:43 INFO     ✓ [ 49/132] dnocs_anexo_de_entregas_repactuado_2025_2026_assin   272.3KB
22:11:48 INFO     ✓ [ 50/132] fbn_ptd_2025_2027_docdiretivo_assinado-1_tarjado.p  2921.6KB
22:11:50 INFO     ✓ [ 51/132] fbn_ptd_2025_2027_anexo_de_entregas_assinado-1.pdf   162.3KB
22:11:54 INFO     ✓ [ 52/132] fcp_ptd_2025_2027_docdiretivo_assinado-1_tarjado.p  1612.0KB
22:11:56 INFO     ✓ [ 53/132] fcp_ptd_2025_2027_anexo_de_entregas_assinado-1.pdf   118.8KB
22:11:59 INFO     ✓ [ 54/132] fcrb_ptd_2025_2026_docdiretivo_aprovado_assinado-1   998.2KB
22:12:02 INFO     ✓ [ 55/132] fcrb_ptd_2025_2026_anexo_de_entregas_aprovado_assi   313.5KB
22:12:05 INFO     ✓ [ 56/132] fiocruz_novo-ptd_2-1_docdiretivo_repactuacao_2024-  1318.1KB
22:12:08 INFO     ✓ [ 57/132] fiocruz_ptd_anexo_de_entregas_assinado_v1_assinado   257.1KB
22:12:12 INFO     ✓ [ 58/132] fiocruz-ptd-06_2024-copia_tarjada.pdf               1693.8KB
22:12:16 INFO     ✓ [ 59/132] funai_ptd_2025_2027_docdiretivo_assinado-1_tarjado  1842.1KB
22:12:18 INFO     ✓ [ 60/132] funai_anexo_de_entregas_repactuado_2026_2027_assin   435.7KB
22:12:21 INFO     ✓ [ 61/132] funarte_ptd_docdiretivo_assinado_21_01_2025_assina   965.7KB
22:12:24 INFO     ✓ [ 62/132] funarte_ptd_anexo_de_entregas_assinado_v1_assinado   683.6KB
22:12:27 INFO     ✓ [ 63/132] fundacentro_ptd_2025_2027_docdiretivo_assinado_ass   826.6KB
22:12:30 INFO     ✓ [ 64/132] fundacentro_ptd_2025_2027_anexo_de_entregas_assina   635.5KB
22:12:33 INFO     ✓ [ 65/132] mma_ptd_docdiretivo_assinado_2025_2026-1_assinado_   949.3KB
22:12:35 INFO     ✓ [ 66/132] mma_ptd_anexo_de_entregas_aprovado_final_assinado_   174.8KB
22:12:39 INFO     ✓ [ 67/132] ibge_docdiretivo_2025_assinado_assinado_assinado-c  1167.3KB
22:12:41 INFO     ✓ [ 68/132] ibge_ptd_25_26_anexo_de_entregas_modelo_v2-1_assin   143.7KB
22:12:50 INFO     ✓ [ 69/132] incra_ptd_docdiretivo__assinado-1_assinado_assinad  7182.0KB
22:12:54 INFO     ✓ [ 70/132] incra_anexo_de_entregas_assinado-1_assinado_assina  1818.6KB
22:13:00 INFO     ✓ [ 71/132] inpi_ptd_docdiretivo_assinado_2025_2026_assinado_a  3322.4KB
22:13:05 INFO     ✓ [ 72/132] inpi_ptd_anexo_de_entregas_assinado_v1_assinado_as  3078.1KB
22:13:08 INFO     ✓ [ 73/132] inss_ptd_2025_2027_docdiretivo-assinado-copia_tarj  1173.3KB
22:13:11 INFO     ✓ [ 74/132] inss_ptd_2025_2027_anexo_de_entregas-assinado-copi   110.8KB
22:13:14 INFO     ✓ [ 75/132] iphan_ptd_docdiretivo_assinado_2025_2026_assinado_   885.7KB
22:13:16 INFO     ✓ [ 76/132] iphan_ptd_anexo_de_entregas_assinado_v1_assinado_a   310.9KB
22:13:23 INFO     ✓ [ 77/132] iti_doc_diretivo_assinado-1_tarjado.pdf             4905.1KB
22:13:26 INFO     ✓ [ 78/132] iti_anexo_de_entregas_assinado.pdf                   556.4KB
22:13:30 INFO     ✓ [ 79/132] mapa_ptd_2025_2027_docdiretivo_assinado-1_tarjado.  1740.9KB
22:13:32 INFO     ✓ [ 80/132] mapa_ptd_2025_2027_anexo_de_entregas_assinado-1.pd   261.9KB
22:13:39 INFO     ✓ [ 81/132] documento-diretivo-mcom-_-ptd-25_27-copia_tarjada.  4451.9KB
22:13:42 INFO     ✓ [ 82/132] anexo-de-entregas-mcom_ptd-25_27-copia_tarjada.pdf  1213.8KB
22:13:47 INFO     ✓ [ 83/132] ptd_21_24_mcom-copia_tarjada.pdf                    3040.7KB
22:13:50 INFO     ✓ [ 84/132] mcti_ptd_2025-2027_docdiretivo_assinado-copia_tarj  1030.7KB
22:13:52 INFO     ✓ [ 85/132] mcti_ptd_2025-2027_anexo-de-entregas_assinado-copi   145.8KB
22:13:55 INFO     ✓ [ 86/132] mda-anexo-entregas-assinado_ptd-2025-2027-copia-ta   284.6KB
22:13:58 INFO     ✓ [ 87/132] mdhc_ptd_2025_2027_docdiretivo_assinado_assinado_a   753.4KB
22:14:00 INFO     ✓ [ 88/132] mdhc_ptd_2025_2027_anexoentregas_assinado_assinado   186.8KB
22:14:02 INFO     ✓ [ 89/132] mdic_ptd_anexo_de_entregas_assinado_v1_assinado_as   176.6KB
22:14:05 INFO     ✓ [ 90/132] memp_ptd_2025_2026_docdiretivo_assinado_assinado_a  1030.1KB
22:14:07 INFO     ✓ [ 91/132] memp_ptd_2025_2026_anexo_de_entregas_assinado_assi   161.5KB
22:14:11 INFO     ✓ [ 92/132] mesp_ptd_2025_2027_docdiretivo_assinado_assinado_2  1147.7KB
22:14:13 INFO     ✓ [ 93/132] mesp_ptd_2025_2027_anexo_de_entregas_assinado_assi   226.6KB
22:14:16 INFO     ✓ [ 94/132] mf_ptd_2026_2027_documentodiretivo_assinado_assina   955.1KB
22:14:18 INFO     ✓ [ 95/132] mf_ptd_2026_2027_anexo_de_entregas_1_mf_se_assinad   241.2KB
22:14:21 INFO     ✓ [ 96/132] mgi_ptd_2025_2027_docdiretivo_assinado_assinado_as   375.2KB
22:14:23 INFO     ✓ [ 97/132] mgi_ptd_2025_2027_anexo_de_entregas_assinado_assin   256.1KB
22:14:26 INFO     ✓ [ 98/132] minc_ptd_2025_2027_docdiretivo_assinado-1_assinado   863.6KB
22:14:29 INFO     ✓ [ 99/132] minc_ptd_2025_2027_anexo_de_entregas_assinado-1_as   276.7KB
22:14:32 INFO     ✓ [100/132] mjsp_ptd_docdiretivo_assinado_2025_2026_assinado_a   954.0KB
22:14:34 INFO     ✓ [101/132] mjsp_ptd_anexo_de_entregas_assinado_v1_assinado_as   253.9KB
22:14:38 INFO     ✓ [102/132] mme_ptd_2025_2027_docdiretivo_assinado-copia_tarja   664.5KB
22:14:40 INFO     ✓ [103/132] mme_ptd_2025_2027_anexo_de_entregas_assinado__1_-c   111.1KB
22:14:43 INFO     ✓ [104/132] mmulheres_ptd_2025_2027_docdiretivo_assinado_assin  1078.3KB
22:14:45 INFO     ✓ [105/132] mmulheres_ptd_2025_2027_anexo_de_entregas_assinado   216.9KB
22:14:49 INFO     ✓ [106/132] mpi_ptd_2025_2027_docdiretivo_ministerio_dos_povos   947.9KB
22:14:51 INFO     ✓ [107/132] mpi_ptd_anexo_de_entregas_do_plano_de_tranformacao   191.9KB
22:14:54 INFO     ✓ [108/132] mpo_ptd_docdiretivo_assinado_2025_2026_assinado_as   806.3KB
22:14:56 INFO     ✓ [109/132] mpo_ptd_anexo_de_entregas_assinado_v1_assinado_ass   323.2KB
22:14:59 INFO     ✓ [110/132] mpor_ptd_2025_2027_docdiretivo_assinado_assinado_a   876.5KB
22:15:02 INFO     ✓ [111/132] mpor_ptd_2025_2027_anexo_de_entregas_assinado_assi   175.1KB
22:15:05 INFO     ✓ [112/132] mps_ptd_2025-2026_docdiretivo_final_assinado-1_ass  1024.4KB
22:15:07 INFO     ✓ [113/132] mps_ptd_2025-2026_anexo_de_entregas_final_assinado   165.0KB
22:15:10 INFO     ✓ [114/132] mre_ptd_docdiretivo_assinado_2025_2026_assinado_as   760.9KB
22:15:12 INFO     ✓ [115/132] mre_ptd_anexo_de_entregas_assinado_v1_assinado_ass   233.2KB
22:15:15 INFO     ✓ [116/132] mte_ptd_2025_2026_docdiretivo_assinado_assinado_as   729.6KB
22:15:18 INFO     ✓ [117/132] mte_ptd_anexo_de_entregas_assinado_v1__281_29_assi   459.5KB
22:15:21 INFO     ✓ [118/132] mtur_ptd_docdiretiv_assinado_30_01_2025_assinado_a  1050.4KB
22:15:23 INFO     ✓ [119/132] mtur_ptd_anexo_de_entregas_assinado_30_01_2025_ass   118.8KB
22:15:27 INFO     ✓ [120/132] pf_ptd_docdiretivo_2025_2027_assinado-copia_tarjad   964.3KB
22:15:29 INFO     ✓ [121/132] pf_ptd_anexo_de_entregas_2025_2027_assinado-copia_    62.5KB
22:15:31 INFO     ✓ [122/132] mf_ptd_2026_2027_anexo_de_entregas_4_mf_pgfn_assin   466.8KB
22:15:41 INFO     ✓ [123/132] previc_plano_de_transformacao_digital_2025_2026_29  6652.7KB
22:15:43 INFO     ✓ [124/132] previc_ptd_repactuacao_2025-2026_assinado_assinado   182.9KB
22:15:46 INFO     ✓ [125/132] prf_documentodiretivo_ptd_2026-2027_assinado_tarja   535.9KB
22:15:48 INFO     ✓ [126/132] prf_anexo_de_entregas_do_ptd__2026_2027___ptd___en   157.7KB
22:15:51 INFO     ✓ [127/132] mf_ptd_2026_2027_anexo_de_entregas_2_mf_rfb_assina   253.7KB
22:15:54 INFO     ✓ [128/132] sgpr_ptd_2026_2027_docdiretivo_assinado-copia_tarj   791.2KB
22:15:57 INFO     ✓ [129/132] sgpr_ptd_2025_2027_anexo_de_entregas_assinado-copi   897.9KB
22:15:59 INFO     ✓ [130/132] mf_ptd_2026_2027_anexo_de_entregas_3_mf_stn_assina   467.8KB
22:16:03 INFO     ✓ [131/132] susep_ptd_2025_2027_docdiretivo-assinado-copia_tar  1030.1KB
22:16:05 INFO     ✓ [132/132] susep_ptd_2025-2026_anexo_de_entregas_final_assina   221.9KB
22:16:06 INFO     132 OK | 0 erros | 123.3 MB total
22:16:12 INFO     Sanity: 132 PDFs | 113 texto | 19 imagem/OCR | 0 duplicatas
22:16:12 INFO     --siglas (debug): 15 PDFs de ['AGU', 'FIOCRUZ', 'FUNAI', 'FUNDACENTRO', 'INCRA', 'ITI', 'MCOM', 'SGPR']
22:16:12 INFO     DocumentConverter instanciado (singleton × 2: plain + OCR)
22:16:12 INFO     [1/15] → agu_ptd_2025_2027_anexo_de_entregas_assinado_assinado_assinado-copia_tarjada.pdf
22:16:12 INFO     detected formats: [<InputFormat.PDF: 'pdf'>]
22:16:12 INFO     Going to convert document batch...
22:16:12 INFO     Initializing pipeline for StandardPdfPipeline with options hash bc6794697da537796efc497178f9263f
22:16:12 INFO     Loading plugin 'docling_defaults'
22:16:12 INFO     Registered picture descriptions: ['picture_description_vlm_engine', 'vlm', 'api']
22:16:12 INFO     Loading plugin 'docling_defaults'
22:16:12 INFO     Registered ocr engines: ['auto', 'easyocr', 'kserve_v2_ocr', 'ocrmac', 'rapidocr', 'tesserocr', 'tesseract']
22:16:12 INFO     command: tesseract --list-langs
22:16:12 INFO     Loading plugin 'docling_defaults'
22:16:12 INFO     Registered layout engines: ['layout_object_detection', 'docling_layout_default', 'docling_experimental_table_crops_layout']
22:16:12 INFO     Accelerator device: 'cpu'
22:16:12 INFO     HTTP Request: GET https://huggingface.co/api/models/docling-project/docling-layout-heron/revision/main "HTTP/1.1 200 OK"
22:16:12 INFO     HTTP Request: HEAD https://huggingface.co/docling-project/docling-layout-heron/resolve/8f39ad3c0b4c58e9c2d2c84a38465abf757272d8/.gitattributes "HTTP/1.1 307 Temporary Redirect"
22:16:12 INFO     HTTP Request: HEAD https://huggingface.co/api/resolve-cache/models/docling-project/docling-layout-heron/8f39ad3c0b4c58e9c2d2c84a38465abf757272d8/.gitattributes "HTTP/1.1 200 OK"
22:16:12 INFO     HTTP Request: HEAD https://huggingface.co/docling-project/docling-layout-heron/resolve/8f39ad3c0b4c58e9c2d2c84a38465abf757272d8/model.safetensors "HTTP/1.1 302 Found"
22:16:12 INFO     HTTP Request: GET https://huggingface.co/api/resolve-cache/models/docling-project/docling-layout-heron/8f39ad3c0b4c58e9c2d2c84a38465abf757272d8/.gitattributes "HTTP/1.1 200 OK"
22:16:12 INFO     HTTP Request: HEAD https://huggingface.co/docling-project/docling-layout-heron/resolve/8f39ad3c0b4c58e9c2d2c84a38465abf757272d8/README.md "HTTP/1.1 307 Temporary Redirect"
22:16:12 WARNING  Warning: You are sending unauthenticated requests to the HF Hub. Please set a HF_TOKEN to enable higher rate limits and faster downloads.
22:16:12 INFO     HTTP Request: HEAD https://huggingface.co/docling-project/docling-layout-heron/resolve/8f39ad3c0b4c58e9c2d2c84a38465abf757272d8/config.json "HTTP/1.1 307 Temporary Redirect"
22:16:12 INFO     HTTP Request: HEAD https://huggingface.co/docling-project/docling-layout-heron/resolve/8f39ad3c0b4c58e9c2d2c84a38465abf757272d8/preprocessor_config.json "HTTP/1.1 307 Temporary Redirect"
22:16:12 INFO     HTTP Request: HEAD https://huggingface.co/docling-project/docling-layout-heron/resolve/8f39ad3c0b4c58e9c2d2c84a38465abf757272d8/docling_heron_400.png "HTTP/1.1 307 Temporary Redirect"
22:16:12 INFO     HTTP Request: HEAD https://huggingface.co/api/resolve-cache/models/docling-project/docling-layout-heron/8f39ad3c0b4c58e9c2d2c84a38465abf757272d8/README.md "HTTP/1.1 200 OK"
22:16:12 INFO     HTTP Request: HEAD https://huggingface.co/api/resolve-cache/models/docling-project/docling-layout-heron/8f39ad3c0b4c58e9c2d2c84a38465abf757272d8/config.json "HTTP/1.1 200 OK"
22:16:12 INFO     HTTP Request: HEAD https://huggingface.co/api/resolve-cache/models/docling-project/docling-layout-heron/8f39ad3c0b4c58e9c2d2c84a38465abf757272d8/docling_heron_400.png "HTTP/1.1 200 OK"
22:16:12 INFO     HTTP Request: HEAD https://huggingface.co/api/resolve-cache/models/docling-project/docling-layout-heron/8f39ad3c0b4c58e9c2d2c84a38465abf757272d8/preprocessor_config.json "HTTP/1.1 200 OK"
22:16:12 INFO     HTTP Request: GET https://huggingface.co/api/resolve-cache/models/docling-project/docling-layout-heron/8f39ad3c0b4c58e9c2d2c84a38465abf757272d8/README.md "HTTP/1.1 200 OK"
22:16:12 INFO     HTTP Request: GET https://huggingface.co/api/resolve-cache/models/docling-project/docling-layout-heron/8f39ad3c0b4c58e9c2d2c84a38465abf757272d8/config.json "HTTP/1.1 200 OK"
22:16:12 INFO     HTTP Request: GET https://huggingface.co/api/resolve-cache/models/docling-project/docling-layout-heron/8f39ad3c0b4c58e9c2d2c84a38465abf757272d8/docling_heron_400.png "HTTP/1.1 200 OK"
22:16:12 INFO     HTTP Request: GET https://huggingface.co/api/resolve-cache/models/docling-project/docling-layout-heron/8f39ad3c0b4c58e9c2d2c84a38465abf757272d8/preprocessor_config.json "HTTP/1.1 200 OK"
22:16:12 INFO     HTTP Request: GET https://huggingface.co/api/models/docling-project/docling-layout-heron/xet-read-token/8f39ad3c0b4c58e9c2d2c84a38465abf757272d8 "HTTP/1.1 200 OK"
22:16:14 INFO     Loading plugin 'docling_defaults'
22:16:14 INFO     Registered table structure engines: ['docling_tableformer', 'docling_tableformer_v2']
22:16:14 INFO     HTTP Request: GET https://huggingface.co/api/models/docling-project/docling-models/revision/v2.3.0 "HTTP/1.1 200 OK"
22:16:14 INFO     HTTP Request: HEAD https://huggingface.co/docling-project/docling-models/resolve/fc0f2d45e2218ea24bce5045f58a389aed16dc23/.gitattributes "HTTP/1.1 307 Temporary Redirect"
22:16:14 INFO     HTTP Request: HEAD https://huggingface.co/docling-project/docling-models/resolve/fc0f2d45e2218ea24bce5045f58a389aed16dc23/.gitignore "HTTP/1.1 307 Temporary Redirect"
22:16:14 INFO     HTTP Request: HEAD https://huggingface.co/api/resolve-cache/models/docling-project/docling-models/fc0f2d45e2218ea24bce5045f58a389aed16dc23/.gitattributes "HTTP/1.1 200 OK"
22:16:14 INFO     HTTP Request: HEAD https://huggingface.co/api/resolve-cache/models/docling-project/docling-models/fc0f2d45e2218ea24bce5045f58a389aed16dc23/.gitignore "HTTP/1.1 200 OK"
22:16:14 INFO     HTTP Request: HEAD https://huggingface.co/docling-project/docling-models/resolve/fc0f2d45e2218ea24bce5045f58a389aed16dc23/model_artifacts/tableformer/accurate/tableformer_accurate.safetensors "HTTP/1.1 302 Found"
22:16:14 INFO     HTTP Request: HEAD https://huggingface.co/docling-project/docling-models/resolve/fc0f2d45e2218ea24bce5045f58a389aed16dc23/model_artifacts/tableformer/accurate/tm_config.json "HTTP/1.1 307 Temporary Redirect"
22:16:14 INFO     HTTP Request: HEAD https://huggingface.co/docling-project/docling-models/resolve/fc0f2d45e2218ea24bce5045f58a389aed16dc23/README.md "HTTP/1.1 307 Temporary Redirect"
22:16:14 INFO     HTTP Request: GET https://huggingface.co/api/resolve-cache/models/docling-project/docling-models/fc0f2d45e2218ea24bce5045f58a389aed16dc23/.gitattributes "HTTP/1.1 200 OK"
22:16:14 INFO     HTTP Request: HEAD https://huggingface.co/docling-project/docling-models/resolve/fc0f2d45e2218ea24bce5045f58a389aed16dc23/model_artifacts/tableformer/fast/tableformer_fast.safetensors "HTTP/1.1 302 Found"
22:16:14 INFO     HTTP Request: HEAD https://huggingface.co/api/resolve-cache/models/docling-project/docling-models/fc0f2d45e2218ea24bce5045f58a389aed16dc23/model_artifacts%2Ftableformer%2Faccurate%2Ftm_config.json "HTTP/1.1 200 OK"
22:16:14 INFO     HTTP Request: GET https://huggingface.co/api/resolve-cache/models/docling-project/docling-models/fc0f2d45e2218ea24bce5045f58a389aed16dc23/.gitignore "HTTP/1.1 200 OK"
22:16:14 INFO     HTTP Request: HEAD https://huggingface.co/docling-project/docling-models/resolve/fc0f2d45e2218ea24bce5045f58a389aed16dc23/model_artifacts/tableformer/fast/tm_config.json "HTTP/1.1 307 Temporary Redirect"
22:16:14 INFO     HTTP Request: HEAD https://huggingface.co/api/resolve-cache/models/docling-project/docling-models/fc0f2d45e2218ea24bce5045f58a389aed16dc23/README.md "HTTP/1.1 200 OK"
22:16:14 INFO     HTTP Request: HEAD https://huggingface.co/api/resolve-cache/models/docling-project/docling-models/fc0f2d45e2218ea24bce5045f58a389aed16dc23/model_artifacts%2Ftableformer%2Ffast%2Ftm_config.json "HTTP/1.1 200 OK"
22:16:14 INFO     HTTP Request: GET https://huggingface.co/api/resolve-cache/models/docling-project/docling-models/fc0f2d45e2218ea24bce5045f58a389aed16dc23/model_artifacts%2Ftableformer%2Faccurate%2Ftm_config.json "HTTP/1.1 200 OK"
22:16:14 INFO     HTTP Request: GET https://huggingface.co/api/resolve-cache/models/docling-project/docling-models/fc0f2d45e2218ea24bce5045f58a389aed16dc23/README.md "HTTP/1.1 200 OK"
22:16:14 INFO     HTTP Request: GET https://huggingface.co/api/models/docling-project/docling-models/xet-read-token/fc0f2d45e2218ea24bce5045f58a389aed16dc23 "HTTP/1.1 200 OK"
22:16:14 INFO     HTTP Request: GET https://huggingface.co/api/resolve-cache/models/docling-project/docling-models/fc0f2d45e2218ea24bce5045f58a389aed16dc23/model_artifacts%2Ftableformer%2Ffast%2Ftm_config.json "HTTP/1.1 200 OK"
22:16:14 INFO     HTTP Request: GET https://huggingface.co/api/models/docling-project/docling-models/xet-read-token/fc0f2d45e2218ea24bce5045f58a389aed16dc23 "HTTP/1.1 200 OK"
22:16:14 INFO     HTTP Request: HEAD https://huggingface.co/docling-project/docling-models/resolve/fc0f2d45e2218ea24bce5045f58a389aed16dc23/config.json "HTTP/1.1 307 Temporary Redirect"
22:16:14 INFO     HTTP Request: HEAD https://huggingface.co/api/resolve-cache/models/docling-project/docling-models/fc0f2d45e2218ea24bce5045f58a389aed16dc23/config.json "HTTP/1.1 200 OK"
22:16:14 INFO     HTTP Request: GET https://huggingface.co/api/resolve-cache/models/docling-project/docling-models/fc0f2d45e2218ea24bce5045f58a389aed16dc23/config.json "HTTP/1.1 200 OK"
22:16:15 INFO     Accelerator device: 'cpu'
22:16:15 INFO     Processing document agu_ptd_2025_2027_anexo_de_entregas_assinado_assinado_assinado-copia_tarjada.pdf
22:16:16 INFO     command: tesseract --psm 0 -l osd /tmp/tmpqay0j2bf.png stdout
22:16:17 INFO     command: tesseract -l por /tmp/tmpqay0j2bf.png stdout tsv
22:16:20 INFO     command: tesseract --psm 0 -l osd /tmp/tmpvr258j8u.png stdout
22:16:21 INFO     command: tesseract -l por /tmp/tmpvr258j8u.png stdout tsv
22:16:38 INFO     Finished converting document agu_ptd_2025_2027_anexo_de_entregas_assinado_assinado_assinado-copia_tarjada.pdf in 26.20 sec.
22:16:38 INFO       pixel_budget (Docling) agu_ptd_2025_2027_anexo_de_entregas_assinado_assinado_assinado-copia_tarjada.pdf: 45.8% (área tabelas/1001817 px²)
22:16:38 INFO     [1/15] ✓ AGU       :   33 entregas | 26.2s | ETA ~6min
22:16:38 INFO     [2/15] → agu_ptd_2025_2027_docdiretivo_assinado_assinado_assinado-copia_tarjada.pdf
22:16:38 INFO     detected formats: [<InputFormat.PDF: 'pdf'>]
22:16:38 INFO     Going to convert document batch...
22:16:38 INFO     Processing document agu_ptd_2025_2027_docdiretivo_assinado_assinado_assinado-copia_tarjada.pdf
22:16:39 INFO     command: tesseract --psm 0 -l osd /tmp/tmp65rq2ysj.png stdout
22:16:39 INFO     command: tesseract -l por /tmp/tmp65rq2ysj.png stdout tsv
22:16:42 INFO     command: tesseract --psm 0 -l osd /tmp/tmpubsb25zc.png stdout
22:16:43 INFO     command: tesseract -l por /tmp/tmpubsb25zc.png stdout tsv
22:16:45 INFO     command: tesseract --psm 0 -l osd /tmp/tmplcpbx2rj.png stdout
22:16:46 INFO     command: tesseract -l por /tmp/tmplcpbx2rj.png stdout tsv
22:16:48 INFO     command: tesseract --psm 0 -l osd /tmp/tmpxaf0cdjv.png stdout
22:16:49 INFO     command: tesseract -l por /tmp/tmpxaf0cdjv.png stdout tsv
22:16:51 INFO     command: tesseract --psm 0 -l osd /tmp/tmpqsircke8.png stdout
22:16:52 INFO     command: tesseract -l por /tmp/tmpqsircke8.png stdout tsv
22:16:54 INFO     command: tesseract --psm 0 -l osd /tmp/tmpy1gb1c5f.png stdout
22:16:55 INFO     command: tesseract -l por /tmp/tmpy1gb1c5f.png stdout tsv
22:17:06 INFO     command: tesseract --psm 0 -l osd /tmp/tmpcmzjs0iy.png stdout
22:17:07 INFO     command: tesseract -l por /tmp/tmpcmzjs0iy.png stdout tsv
22:17:09 INFO     command: tesseract --psm 0 -l osd /tmp/tmpqvezj3t_.png stdout
22:17:10 INFO     command: tesseract -l por /tmp/tmpqvezj3t_.png stdout tsv
22:17:12 INFO     command: tesseract --psm 0 -l osd /tmp/tmp1xcwljm7.png stdout
22:17:13 INFO     command: tesseract -l por /tmp/tmp1xcwljm7.png stdout tsv
22:17:15 INFO     command: tesseract --psm 0 -l osd /tmp/tmp9jl_sd7v.png stdout
22:17:16 INFO     command: tesseract -l por /tmp/tmp9jl_sd7v.png stdout tsv
22:17:30 INFO     command: tesseract --psm 0 -l osd /tmp/tmpq0poq2w6.png stdout
22:17:31 INFO     command: tesseract -l por /tmp/tmpq0poq2w6.png stdout tsv
22:17:34 INFO     Finished converting document agu_ptd_2025_2027_docdiretivo_assinado_assinado_assinado-copia_tarjada.pdf in 55.68 sec.
22:17:34 INFO       pixel_budget (Docling) agu_ptd_2025_2027_docdiretivo_assinado_assinado_assinado-copia_tarjada.pdf: 2.1% (área tabelas/5513330 px²)
22:17:34 INFO     [2/15] ✓ AGU       :    6 entregas | 55.7s | ETA ~8min
22:17:34 INFO     [3/15] → anexo-de-entregas-mcom_ptd-25_27-copia_tarjada.pdf
22:17:34 INFO     detected formats: [<InputFormat.PDF: 'pdf'>]
22:17:34 INFO     Going to convert document batch...
22:17:34 INFO     Processing document anexo-de-entregas-mcom_ptd-25_27-copia_tarjada.pdf
22:17:35 INFO     command: tesseract --psm 0 -l osd /tmp/tmpz6v8ispv.png stdout
22:17:36 INFO     command: tesseract -l por /tmp/tmpz6v8ispv.png stdout tsv
22:17:38 INFO     command: tesseract --psm 0 -l osd /tmp/tmp1q6utknn.png stdout
22:17:40 INFO     command: tesseract -l por /tmp/tmp1q6utknn.png stdout tsv
22:17:54 INFO     command: tesseract --psm 0 -l osd /tmp/tmpvi3e9k9l.png stdout
22:17:55 INFO     command: tesseract -l por /tmp/tmpvi3e9k9l.png stdout tsv
22:18:15 INFO     Finished converting document anexo-de-entregas-mcom_ptd-25_27-copia_tarjada.pdf in 41.00 sec.
22:18:15 INFO       pixel_budget (Docling) anexo-de-entregas-mcom_ptd-25_27-copia_tarjada.pdf: 55.2% (área tabelas/1503636 px²)
22:18:15 INFO     [3/15] ✓ MCOM      :   55 entregas | 41.0s | ETA ~8min
22:18:15 INFO     [4/15] → documento-diretivo-mcom-_-ptd-25_27-copia_tarjada.pdf
22:18:15 INFO     detected formats: [<InputFormat.PDF: 'pdf'>]
22:18:15 INFO     Going to convert document batch...
22:18:15 INFO     Processing document documento-diretivo-mcom-_-ptd-25_27-copia_tarjada.pdf
22:18:15 INFO     command: tesseract --psm 0 -l osd /tmp/tmp9qbe6lat.png stdout
22:18:16 INFO     command: tesseract -l por /tmp/tmp9qbe6lat.png stdout tsv
22:18:18 INFO     command: tesseract --psm 0 -l osd /tmp/tmp6rtzjrxu.png stdout
22:18:20 INFO     command: tesseract -l por /tmp/tmp6rtzjrxu.png stdout tsv
22:18:27 INFO     command: tesseract --psm 0 -l osd /tmp/tmptgnpkiun.png stdout
22:18:28 INFO     command: tesseract -l por /tmp/tmptgnpkiun.png stdout tsv
22:18:29 INFO     command: tesseract --psm 0 -l osd /tmp/tmp_d1k_y77.png stdout
22:18:29 INFO     command: tesseract -l por /tmp/tmp_d1k_y77.png stdout tsv
22:18:31 INFO     command: tesseract --psm 0 -l osd /tmp/tmper7374k2.png stdout
22:18:32 INFO     command: tesseract -l por /tmp/tmper7374k2.png stdout tsv
22:18:34 INFO     command: tesseract --psm 0 -l osd /tmp/tmp9fm68n3x.png stdout
22:18:36 INFO     command: tesseract -l por /tmp/tmp9fm68n3x.png stdout tsv
22:18:54 INFO     command: tesseract --psm 0 -l osd /tmp/tmp7wedtcz4.png stdout
22:18:54 INFO     command: tesseract -l por /tmp/tmp7wedtcz4.png stdout tsv
22:18:56 INFO     command: tesseract --psm 0 -l osd /tmp/tmpmyr6azwi.png stdout
22:18:57 INFO     command: tesseract -l por /tmp/tmpmyr6azwi.png stdout tsv
22:18:59 INFO     command: tesseract --psm 0 -l osd /tmp/tmpw_4_k_qt.png stdout
22:19:00 INFO     command: tesseract -l por /tmp/tmpw_4_k_qt.png stdout tsv
22:19:02 INFO     command: tesseract --psm 0 -l osd /tmp/tmpf41uz4q6.png stdout
22:19:03 INFO     command: tesseract -l por /tmp/tmpf41uz4q6.png stdout tsv
22:19:12 INFO     command: tesseract --psm 0 -l osd /tmp/tmptq3ewgjh.png stdout
22:19:13 INFO     command: tesseract -l por /tmp/tmptq3ewgjh.png stdout tsv
22:19:16 INFO     command: tesseract --psm 0 -l osd /tmp/tmppt85qko9.png stdout
22:19:16 INFO     command: tesseract -l por /tmp/tmppt85qko9.png stdout tsv
22:19:18 INFO     command: tesseract --psm 0 -l osd /tmp/tmpjryr0qhq.png stdout
22:19:19 INFO     command: tesseract -l por /tmp/tmpjryr0qhq.png stdout tsv
22:19:21 INFO     command: tesseract --psm 0 -l osd /tmp/tmpz1_rddj0.png stdout
22:19:22 INFO     command: tesseract -l por /tmp/tmpz1_rddj0.png stdout tsv
22:19:28 INFO     Finished converting document documento-diretivo-mcom-_-ptd-25_27-copia_tarjada.pdf in 73.12 sec.
22:19:28 INFO       pixel_budget (Docling) documento-diretivo-mcom-_-ptd-25_27-copia_tarjada.pdf: 10.8% (área tabelas/7016966 px²)
22:19:28 INFO     [4/15] ✓ MCOM      :    3 entregas | 73.1s | ETA ~8min
22:19:28 INFO     [5/15] → fiocruz-ptd-06_2024-copia_tarjada.pdf
22:19:28 INFO     detected formats: [<InputFormat.PDF: 'pdf'>]
22:19:28 INFO     Going to convert document batch...
22:19:28 INFO     Initializing pipeline for StandardPdfPipeline with options hash d18651824ca6fe56cf3ccb20424ac2c8
22:19:28 INFO     Accelerator device: 'cpu'
22:19:28 INFO     HTTP Request: GET https://huggingface.co/api/models/docling-project/docling-layout-heron/revision/main "HTTP/1.1 200 OK"
22:19:29 INFO     HTTP Request: GET https://huggingface.co/api/models/docling-project/docling-models/revision/v2.3.0 "HTTP/1.1 200 OK"
22:19:29 INFO     Accelerator device: 'cpu'
22:19:29 INFO     Processing document fiocruz-ptd-06_2024-copia_tarjada.pdf
22:20:37 INFO     Finished converting document fiocruz-ptd-06_2024-copia_tarjada.pdf in 68.71 sec.
22:20:37 INFO       pixel_budget (Docling) fiocruz-ptd-06_2024-copia_tarjada.pdf: 36.4% (área tabelas/7518178 px²)
22:20:37 INFO     [5/15] ✓ FIOCRUZ   :    1 entregas | 68.8s | ETA ~8min
22:20:37 INFO     [6/15] → fiocruz_novo-ptd_2-1_docdiretivo_repactuacao_2024-2026_assinado_assinado-copia_tarjada.pdf
22:20:37 INFO     detected formats: [<InputFormat.PDF: 'pdf'>]
22:20:37 INFO     Going to convert document batch...
22:20:37 INFO     Processing document fiocruz_novo-ptd_2-1_docdiretivo_repactuacao_2024-2026_assinado_assinado-copia_tarjada.pdf
22:20:55 INFO     Finished converting document fiocruz_novo-ptd_2-1_docdiretivo_repactuacao_2024-2026_assinado_assinado-copia_tarjada.pdf in 17.96 sec.
22:20:55 INFO       pixel_budget (Docling) fiocruz_novo-ptd_2-1_docdiretivo_repactuacao_2024-2026_assinado_assinado-copia_tarjada.pdf: 11.3% (área tabelas/5012118 px²)
22:20:55 INFO     [6/15] ✓ FIOCRUZ   :    5 entregas | 18.0s | ETA ~7min
22:20:55 INFO     [7/15] → fiocruz_ptd_anexo_de_entregas_assinado_v1_assinado_assinado-1-copia_tarjada.pdf
22:20:55 INFO     detected formats: [<InputFormat.PDF: 'pdf'>]
22:20:55 INFO     Going to convert document batch...
22:20:55 INFO     Processing document fiocruz_ptd_anexo_de_entregas_assinado_v1_assinado_assinado-1-copia_tarjada.pdf
22:21:27 INFO     Finished converting document fiocruz_ptd_anexo_de_entregas_assinado_v1_assinado_assinado-1-copia_tarjada.pdf in 32.35 sec.
22:21:27 INFO       pixel_budget (Docling) fiocruz_ptd_anexo_de_entregas_assinado_v1_assinado_assinado-1-copia_tarjada.pdf: 54.7% (área tabelas/2004847 px²)
22:21:27 INFO     [7/15] ✓ FIOCRUZ   :   61 entregas | 32.4s | ETA ~6min
22:21:27 INFO     [8/15] → funai_anexo_de_entregas_repactuado_2026_2027_assinado_assinado_assinado.pdf
22:21:27 INFO     detected formats: [<InputFormat.PDF: 'pdf'>]
22:21:27 INFO     Going to convert document batch...
22:21:27 INFO     Processing document funai_anexo_de_entregas_repactuado_2026_2027_assinado_assinado_assinado.pdf
22:21:28 INFO     command: tesseract --psm 0 -l osd /tmp/tmpd5g6h4fb.png stdout
22:21:29 INFO     command: tesseract -l por /tmp/tmpd5g6h4fb.png stdout tsv
22:21:42 INFO     Finished converting document funai_anexo_de_entregas_repactuado_2026_2027_assinado_assinado_assinado.pdf in 15.08 sec.
22:21:42 INFO       pixel_budget (Docling) funai_anexo_de_entregas_repactuado_2026_2027_assinado_assinado_assinado.pdf: 49.8% (área tabelas/501212 px²)
22:21:42 INFO     [8/15] ✓ FUNAI     :   21 entregas | 15.1s | ETA ~4min
22:21:42 INFO     [9/15] → funai_ptd_2025_2027_docdiretivo_assinado-1_tarjado.pdf
22:21:42 INFO     detected formats: [<InputFormat.PDF: 'pdf'>]
22:21:42 INFO     Going to convert document batch...
22:21:42 INFO     Processing document funai_ptd_2025_2027_docdiretivo_assinado-1_tarjado.pdf
22:21:44 INFO     command: tesseract --psm 0 -l osd /tmp/tmpc1r__rkh.png stdout
22:21:44 INFO     command: tesseract -l por /tmp/tmpc1r__rkh.png stdout tsv
22:21:45 INFO     command: tesseract --psm 0 -l osd /tmp/tmp6dxdjqwf.png stdout
22:21:47 INFO     command: tesseract -l por /tmp/tmp6dxdjqwf.png stdout tsv
22:21:50 INFO     command: tesseract --psm 0 -l osd /tmp/tmpkngwc0tb.png stdout
22:21:51 INFO     command: tesseract -l por /tmp/tmpkngwc0tb.png stdout tsv
22:21:52 INFO     command: tesseract --psm 0 -l osd /tmp/tmpadq9urlk.png stdout
22:21:53 INFO     command: tesseract -l por /tmp/tmpadq9urlk.png stdout tsv
22:21:55 INFO     command: tesseract --psm 0 -l osd /tmp/tmp1uhu6rvh.png stdout
22:21:56 INFO     command: tesseract -l por /tmp/tmp1uhu6rvh.png stdout tsv
22:21:58 INFO     command: tesseract --psm 0 -l osd /tmp/tmp625wo1gs.png stdout
22:21:59 INFO     command: tesseract -l por /tmp/tmp625wo1gs.png stdout tsv
22:22:10 INFO     command: tesseract --psm 0 -l osd /tmp/tmp3n4resv1.png stdout
22:22:11 INFO     command: tesseract -l por /tmp/tmp3n4resv1.png stdout tsv
22:22:13 INFO     command: tesseract --psm 0 -l osd /tmp/tmpb_s5fja1.png stdout
22:22:13 INFO     command: tesseract -l por /tmp/tmpb_s5fja1.png stdout tsv
22:22:15 INFO     command: tesseract --psm 0 -l osd /tmp/tmpjz7fxzs7.png stdout
22:22:15 INFO     command: tesseract -l por /tmp/tmpjz7fxzs7.png stdout tsv
22:22:17 INFO     command: tesseract --psm 0 -l osd /tmp/tmpmwtos874.png stdout
22:22:19 INFO     command: tesseract -l por /tmp/tmpmwtos874.png stdout tsv
22:22:35 INFO     command: tesseract --psm 0 -l osd /tmp/tmp36pqznbk.png stdout
22:22:36 INFO     command: tesseract -l por /tmp/tmp36pqznbk.png stdout tsv
22:22:40 INFO     command: tesseract --psm 0 -l osd /tmp/tmpyk8sxbpe.png stdout
22:22:41 INFO     command: tesseract -l por /tmp/tmpyk8sxbpe.png stdout tsv
22:22:43 INFO     command: tesseract --psm 0 -l osd /tmp/tmp9kmeezvu.png stdout
22:22:44 INFO     command: tesseract -l por /tmp/tmp9kmeezvu.png stdout tsv
22:22:50 INFO     Finished converting document funai_ptd_2025_2027_docdiretivo_assinado-1_tarjado.pdf in 67.96 sec.
22:22:50 INFO       pixel_budget (Docling) funai_ptd_2025_2027_docdiretivo_assinado-1_tarjado.pdf: 16.4% (área tabelas/6515754 px²)
22:22:50 INFO     [9/15] ✓ FUNAI     :    8 entregas | 68.0s | ETA ~4min
22:22:50 INFO     [10/15] → incra_anexo_de_entregas_assinado-1_assinado_assinado-copia_tarjada.pdf
22:22:50 INFO     detected formats: [<InputFormat.PDF: 'pdf'>]
22:22:50 INFO     Going to convert document batch...
22:22:50 INFO     Processing document incra_anexo_de_entregas_assinado-1_assinado_assinado-copia_tarjada.pdf
22:22:51 INFO     command: tesseract --psm 0 -l osd /tmp/tmpj25qt85f.png stdout
22:22:52 INFO     command: tesseract -l por /tmp/tmpj25qt85f.png stdout tsv
22:22:55 INFO     command: tesseract --psm 0 -l osd /tmp/tmp6m_ssw8k.png stdout
22:22:57 INFO     command: tesseract -l por /tmp/tmp6m_ssw8k.png stdout tsv
22:23:07 INFO     command: tesseract --psm 0 -l osd /tmp/tmpg5wwt7af.png stdout
22:23:08 INFO     command: tesseract -l por /tmp/tmpg5wwt7af.png stdout tsv
22:23:09 INFO     command: tesseract --psm 0 -l osd /tmp/tmpdgu55e1x.png stdout
22:23:10 INFO     command: tesseract -l por /tmp/tmpdgu55e1x.png stdout tsv
22:23:12 INFO     command: tesseract --psm 0 -l osd /tmp/tmp48j225v3.png stdout
22:23:13 INFO     command: tesseract -l por /tmp/tmp48j225v3.png stdout tsv
22:24:42 INFO     Finished converting document incra_anexo_de_entregas_assinado-1_assinado_assinado-copia_tarjada.pdf in 112.13 sec.
22:24:42 INFO       pixel_budget (Docling) incra_anexo_de_entregas_assinado-1_assinado_assinado-copia_tarjada.pdf: 30.0% (área tabelas/2423520 px²)
22:24:42 INFO     [10/15] ✓ INCRA     :   10 entregas | 112.1s | ETA ~4min
22:24:42 INFO     [11/15] → incra_ptd_docdiretivo__assinado-1_assinado_assinado-copia_tarjada.pdf
22:24:42 INFO     detected formats: [<InputFormat.PDF: 'pdf'>]
22:24:42 INFO     Going to convert document batch...
22:24:42 INFO     Processing document incra_ptd_docdiretivo__assinado-1_assinado_assinado-copia_tarjada.pdf
22:24:44 INFO     command: tesseract --psm 0 -l osd /tmp/tmp272sw47d.png stdout
22:24:44 INFO     command: tesseract -l por /tmp/tmp272sw47d.png stdout tsv
22:24:46 INFO     command: tesseract --psm 0 -l osd /tmp/tmp30b8amcj.png stdout
22:24:48 INFO     command: tesseract -l por /tmp/tmp30b8amcj.png stdout tsv
22:24:54 INFO     command: tesseract --psm 0 -l osd /tmp/tmp63si7kdf.png stdout
22:24:54 INFO     command: tesseract -l por /tmp/tmp63si7kdf.png stdout tsv
22:24:56 INFO     command: tesseract --psm 0 -l osd /tmp/tmpn4pekvnr.png stdout
22:24:57 INFO     command: tesseract -l por /tmp/tmpn4pekvnr.png stdout tsv
22:24:59 INFO     command: tesseract --psm 0 -l osd /tmp/tmp0oruof_s.png stdout
22:25:00 INFO     command: tesseract -l por /tmp/tmp0oruof_s.png stdout tsv
22:25:02 INFO     command: tesseract --psm 0 -l osd /tmp/tmpg1w8tpo1.png stdout
22:25:03 INFO     command: tesseract -l por /tmp/tmpg1w8tpo1.png stdout tsv
22:25:20 INFO     command: tesseract --psm 0 -l osd /tmp/tmpx3q5yank.png stdout
22:25:21 INFO     command: tesseract -l por /tmp/tmpx3q5yank.png stdout tsv
22:25:22 INFO     command: tesseract --psm 0 -l osd /tmp/tmp5n7ym20n.png stdout
22:25:23 INFO     command: tesseract -l por /tmp/tmp5n7ym20n.png stdout tsv
22:25:25 INFO     command: tesseract --psm 0 -l osd /tmp/tmp9ql1s5kx.png stdout
22:25:25 INFO     command: tesseract -l por /tmp/tmp9ql1s5kx.png stdout tsv
22:25:27 INFO     command: tesseract --psm 0 -l osd /tmp/tmpnsyl6re9.png stdout
22:25:29 INFO     command: tesseract -l por /tmp/tmpnsyl6re9.png stdout tsv
22:25:34 INFO     command: tesseract --psm 0 -l osd /tmp/tmpe5rcst5g.png stdout
22:25:35 INFO     command: tesseract -l por /tmp/tmpe5rcst5g.png stdout tsv
22:25:40 INFO     command: tesseract --psm 0 -l osd /tmp/tmpm2kv1nj_.png stdout
22:25:41 INFO     command: tesseract -l por /tmp/tmpm2kv1nj_.png stdout tsv
22:25:46 INFO     command: tesseract --psm 0 -l osd /tmp/tmpmex2b473.png stdout
22:25:47 INFO     command: tesseract -l por /tmp/tmpmex2b473.png stdout tsv
22:25:54 INFO     Finished converting document incra_ptd_docdiretivo__assinado-1_assinado_assinado-copia_tarjada.pdf in 71.88 sec.
22:25:54 INFO       pixel_budget (Docling) incra_ptd_docdiretivo__assinado-1_assinado_assinado-copia_tarjada.pdf: 20.2% (área tabelas/6515754 px²)
22:25:54 INFO     [11/15] ✓ INCRA     :   11 entregas | 71.9s | ETA ~3min
22:25:54 INFO     [12/15] → iti_anexo_de_entregas_assinado.pdf
22:25:54 INFO     detected formats: [<InputFormat.PDF: 'pdf'>]
22:25:54 INFO     Going to convert document batch...
22:25:54 INFO     Processing document iti_anexo_de_entregas_assinado.pdf
22:25:55 INFO     command: tesseract --psm 0 -l osd /tmp/tmp1847nf82.png stdout
22:25:56 INFO     command: tesseract -l por /tmp/tmp1847nf82.png stdout tsv
22:26:12 INFO     Finished converting document iti_anexo_de_entregas_assinado.pdf in 17.34 sec.
22:26:12 INFO       pixel_budget (Docling) iti_anexo_de_entregas_assinado.pdf: 57.2% (área tabelas/501212 px²)
22:26:12 INFO     [12/15] ✓ ITI       :   31 entregas | 17.3s | ETA ~2min
22:26:12 INFO     [13/15] → iti_doc_diretivo_assinado-1_tarjado.pdf
22:26:12 INFO     detected formats: [<InputFormat.PDF: 'pdf'>]
22:26:12 INFO     Going to convert document batch...
22:26:12 INFO     Processing document iti_doc_diretivo_assinado-1_tarjado.pdf
22:26:12 INFO     command: tesseract --psm 0 -l osd /tmp/tmp0ozr3win.png stdout
22:26:13 INFO     command: tesseract -l por /tmp/tmp0ozr3win.png stdout tsv
22:26:16 INFO     command: tesseract --psm 0 -l osd /tmp/tmpnwcduagh.png stdout
22:26:17 INFO     command: tesseract -l por /tmp/tmpnwcduagh.png stdout tsv
22:26:20 INFO     command: tesseract --psm 0 -l osd /tmp/tmp9qu7vfb5.png stdout
22:26:21 INFO     command: tesseract -l por /tmp/tmp9qu7vfb5.png stdout tsv
22:26:22 INFO     command: tesseract --psm 0 -l osd /tmp/tmpqfn_hsu4.png stdout
22:26:23 INFO     command: tesseract -l por /tmp/tmpqfn_hsu4.png stdout tsv
22:26:25 INFO     command: tesseract --psm 0 -l osd /tmp/tmp8cqpi0jx.png stdout
22:26:26 INFO     command: tesseract -l por /tmp/tmp8cqpi0jx.png stdout tsv
22:26:28 INFO     command: tesseract --psm 0 -l osd /tmp/tmpy3rwrfik.png stdout
22:26:29 INFO     command: tesseract -l por /tmp/tmpy3rwrfik.png stdout tsv
22:26:42 INFO     command: tesseract --psm 0 -l osd /tmp/tmpf_y5geuu.png stdout
22:26:43 INFO     command: tesseract -l por /tmp/tmpf_y5geuu.png stdout tsv
22:26:45 INFO     command: tesseract --psm 0 -l osd /tmp/tmpcwu73d6y.png stdout
22:26:46 INFO     command: tesseract -l por /tmp/tmpcwu73d6y.png stdout tsv
22:26:48 INFO     command: tesseract --psm 0 -l osd /tmp/tmpf6fhf0sc.png stdout
22:26:49 INFO     command: tesseract -l por /tmp/tmpf6fhf0sc.png stdout tsv
22:26:51 INFO     command: tesseract --psm 0 -l osd /tmp/tmpopsq4aav.png stdout
22:26:52 INFO     command: tesseract -l por /tmp/tmpopsq4aav.png stdout tsv
22:26:58 INFO     command: tesseract --psm 0 -l osd /tmp/tmpmuvq6jtg.png stdout
22:26:59 INFO     command: tesseract -l por /tmp/tmpmuvq6jtg.png stdout tsv
22:27:06 INFO     Finished converting document iti_doc_diretivo_assinado-1_tarjado.pdf in 54.72 sec.
22:27:06 INFO       pixel_budget (Docling) iti_doc_diretivo_assinado-1_tarjado.pdf: 8.0% (área tabelas/5516339 px²)
22:27:06 INFO     [13/15] ✓ ITI       :    9 entregas | 54.7s | ETA ~1min
22:27:06 INFO     [14/15] → sgpr_ptd_2025_2027_anexo_de_entregas_assinado-copia_tarjada.pdf
22:27:06 INFO     detected formats: [<InputFormat.PDF: 'pdf'>]
22:27:06 INFO     Going to convert document batch...
22:27:06 INFO     Processing document sgpr_ptd_2025_2027_anexo_de_entregas_assinado-copia_tarjada.pdf
22:27:07 INFO     command: tesseract --psm 0 -l osd /tmp/tmpf3jn38xy.png stdout
22:27:08 INFO     command: tesseract -l por /tmp/tmpf3jn38xy.png stdout tsv
22:27:11 INFO     command: tesseract --psm 0 -l osd /tmp/tmp1lsep63m.png stdout
22:27:12 INFO     command: tesseract -l por /tmp/tmp1lsep63m.png stdout tsv
22:27:26 INFO     Finished converting document sgpr_ptd_2025_2027_anexo_de_entregas_assinado-copia_tarjada.pdf in 19.78 sec.
22:27:26 INFO       pixel_budget (Docling) sgpr_ptd_2025_2027_anexo_de_entregas_assinado-copia_tarjada.pdf: 29.5% (área tabelas/1002424 px²)
22:27:26 INFO     [14/15] ✓ SGPR      :   15 entregas | 19.8s | ETA ~48s
22:27:26 INFO     [15/15] → sgpr_ptd_2026_2027_docdiretivo_assinado-copia_tarjada.pdf
22:27:26 INFO     detected formats: [<InputFormat.PDF: 'pdf'>]
22:27:26 INFO     Going to convert document batch...
22:27:26 INFO     Processing document sgpr_ptd_2026_2027_docdiretivo_assinado-copia_tarjada.pdf
22:27:46 INFO     Finished converting document sgpr_ptd_2026_2027_docdiretivo_assinado-copia_tarjada.pdf in 19.75 sec.
22:27:46 INFO       pixel_budget (Docling) sgpr_ptd_2026_2027_docdiretivo_assinado-copia_tarjada.pdf: 8.2% (área tabelas/5513330 px²)
22:27:46 INFO     [15/15] ✓ SGPR      :    4 entregas | 19.8s | ETA ~0s
22:27:46 INFO     273 registros | 7 órgãos
22:27:46 INFO     ╔══════════════════════════════════════════════════════════════╗
22:27:46 INFO     ║                  ENTREGAS — fase concluída                   ║
22:27:46 INFO     ║  Processados: 15    |  ✓ 15  ⚠ 0                             ║
22:27:46 INFO     ║  Duração: 11.6 min                                           ║
22:27:46 INFO     ║  273 registros | 7 órgãos                                    ║
22:27:46 INFO     ╚══════════════════════════════════════════════════════════════╝
22:27:46 INFO     [1/7] → agu_ptd_2025_2027_docdiretivo_assinado_assinado_assinado-copia_tarjada.pdf
22:27:46 INFO     detected formats: [<InputFormat.PDF: 'pdf'>]
22:27:46 INFO     Going to convert document batch...
22:27:46 INFO     Processing document agu_ptd_2025_2027_docdiretivo_assinado_assinado_assinado-copia_tarjada.pdf
22:27:46 INFO     command: tesseract --psm 0 -l osd /tmp/tmprzpp_esh.png stdout
22:27:47 INFO     command: tesseract -l por /tmp/tmprzpp_esh.png stdout tsv
22:27:49 INFO     command: tesseract --psm 0 -l osd /tmp/tmpqpwa31wx.png stdout
22:27:50 INFO     command: tesseract -l por /tmp/tmpqpwa31wx.png stdout tsv
22:27:54 INFO     command: tesseract --psm 0 -l osd /tmp/tmp0kjignay.png stdout
22:27:54 INFO     command: tesseract -l por /tmp/tmp0kjignay.png stdout tsv
22:27:57 INFO     command: tesseract --psm 0 -l osd /tmp/tmp61hwcxca.png stdout
22:27:57 INFO     command: tesseract -l por /tmp/tmp61hwcxca.png stdout tsv
22:27:59 INFO     command: tesseract --psm 0 -l osd /tmp/tmpc9iagb1b.png stdout
22:28:00 INFO     command: tesseract -l por /tmp/tmpc9iagb1b.png stdout tsv
22:28:02 INFO     command: tesseract --psm 0 -l osd /tmp/tmpvm1ptw84.png stdout
22:28:04 INFO     command: tesseract -l por /tmp/tmpvm1ptw84.png stdout tsv
22:28:14 INFO     command: tesseract --psm 0 -l osd /tmp/tmpwd04xyqj.png stdout
22:28:15 INFO     command: tesseract -l por /tmp/tmpwd04xyqj.png stdout tsv
22:28:17 INFO     command: tesseract --psm 0 -l osd /tmp/tmpf9lnobo_.png stdout
22:28:18 INFO     command: tesseract -l por /tmp/tmpf9lnobo_.png stdout tsv
22:28:20 INFO     command: tesseract --psm 0 -l osd /tmp/tmp3y4nvuss.png stdout
22:28:21 INFO     command: tesseract -l por /tmp/tmp3y4nvuss.png stdout tsv
22:28:23 INFO     command: tesseract --psm 0 -l osd /tmp/tmpwxk_okmb.png stdout
22:28:25 INFO     command: tesseract -l por /tmp/tmpwxk_okmb.png stdout tsv
22:28:40 INFO     command: tesseract --psm 0 -l osd /tmp/tmpt22z27vw.png stdout
22:28:41 INFO     command: tesseract -l por /tmp/tmpt22z27vw.png stdout tsv
22:28:44 INFO     Finished converting document agu_ptd_2025_2027_docdiretivo_assinado_assinado_assinado-copia_tarjada.pdf in 58.56 sec.
22:28:44 INFO     [1/7] ✓ AGU       :   7 riscos | 58.6s | ETA ~5min
22:28:44 INFO     [2/7] → documento-diretivo-mcom-_-ptd-25_27-copia_tarjada.pdf
22:28:44 INFO     detected formats: [<InputFormat.PDF: 'pdf'>]
22:28:44 INFO     Going to convert document batch...
22:28:44 INFO     Processing document documento-diretivo-mcom-_-ptd-25_27-copia_tarjada.pdf
22:28:45 INFO     command: tesseract --psm 0 -l osd /tmp/tmpye2jcmdf.png stdout
22:28:45 INFO     command: tesseract -l por /tmp/tmpye2jcmdf.png stdout tsv
22:28:48 INFO     command: tesseract --psm 0 -l osd /tmp/tmpvt9yxvy2.png stdout
22:28:49 INFO     command: tesseract -l por /tmp/tmpvt9yxvy2.png stdout tsv
22:28:56 INFO     command: tesseract --psm 0 -l osd /tmp/tmpbzc2c6k1.png stdout
22:28:56 INFO     command: tesseract -l por /tmp/tmpbzc2c6k1.png stdout tsv
22:28:57 INFO     command: tesseract --psm 0 -l osd /tmp/tmposdd3tkj.png stdout
22:28:58 INFO     command: tesseract -l por /tmp/tmposdd3tkj.png stdout tsv
22:29:00 INFO     command: tesseract --psm 0 -l osd /tmp/tmp4qqx64iw.png stdout
22:29:01 INFO     command: tesseract -l por /tmp/tmp4qqx64iw.png stdout tsv
22:29:03 INFO     command: tesseract --psm 0 -l osd /tmp/tmp031humhw.png stdout
22:29:05 INFO     command: tesseract -l por /tmp/tmp031humhw.png stdout tsv
22:29:17 INFO     command: tesseract --psm 0 -l osd /tmp/tmppn1pauf9.png stdout
22:29:18 INFO     command: tesseract -l por /tmp/tmppn1pauf9.png stdout tsv
22:29:21 INFO     command: tesseract --psm 0 -l osd /tmp/tmpj9ozgsca.png stdout
22:29:22 INFO     command: tesseract -l por /tmp/tmpj9ozgsca.png stdout tsv
22:29:24 INFO     command: tesseract --psm 0 -l osd /tmp/tmpfkvz3kui.png stdout
22:29:25 INFO     command: tesseract -l por /tmp/tmpfkvz3kui.png stdout tsv
22:29:27 INFO     command: tesseract --psm 0 -l osd /tmp/tmp42drdw44.png stdout
22:29:28 INFO     command: tesseract -l por /tmp/tmp42drdw44.png stdout tsv
22:29:33 INFO     command: tesseract --psm 0 -l osd /tmp/tmph9wzuxcr.png stdout
22:29:34 INFO     command: tesseract -l por /tmp/tmph9wzuxcr.png stdout tsv
22:29:38 INFO     command: tesseract --psm 0 -l osd /tmp/tmpeh1cxdp8.png stdout
22:29:39 INFO     command: tesseract -l por /tmp/tmpeh1cxdp8.png stdout tsv
22:29:41 INFO     command: tesseract --psm 0 -l osd /tmp/tmpu8_7soum.png stdout
22:29:42 INFO     command: tesseract -l por /tmp/tmpu8_7soum.png stdout tsv
22:29:44 INFO     command: tesseract --psm 0 -l osd /tmp/tmp3vfimxpg.png stdout
22:29:44 INFO     command: tesseract -l por /tmp/tmp3vfimxpg.png stdout tsv
22:29:51 INFO     Finished converting document documento-diretivo-mcom-_-ptd-25_27-copia_tarjada.pdf in 66.03 sec.
22:29:51 INFO     [2/7] ✓ MCOM      :  14 riscos | 66.0s | ETA ~5min
22:29:51 INFO     [3/7] → fiocruz_novo-ptd_2-1_docdiretivo_repactuacao_2024-2026_assinado_assinado-copia_tarjada.pdf
22:29:51 INFO     detected formats: [<InputFormat.PDF: 'pdf'>]
22:29:51 INFO     Going to convert document batch...
22:29:51 INFO     Processing document fiocruz_novo-ptd_2-1_docdiretivo_repactuacao_2024-2026_assinado_assinado-copia_tarjada.pdf
22:30:08 INFO     Finished converting document fiocruz_novo-ptd_2-1_docdiretivo_repactuacao_2024-2026_assinado_assinado-copia_tarjada.pdf in 17.57 sec.
22:30:08 INFO     [3/7] ✓ FIOCRUZ   :   6 riscos | 17.6s | ETA ~3min
22:30:08 INFO     [4/7] → funai_ptd_2025_2027_docdiretivo_assinado-1_tarjado.pdf
22:30:08 INFO     detected formats: [<InputFormat.PDF: 'pdf'>]
22:30:08 INFO     Going to convert document batch...
22:30:08 INFO     Processing document funai_ptd_2025_2027_docdiretivo_assinado-1_tarjado.pdf
22:30:10 INFO     command: tesseract --psm 0 -l osd /tmp/tmp2it76m_1.png stdout
22:30:10 INFO     command: tesseract -l por /tmp/tmp2it76m_1.png stdout tsv
22:30:11 INFO     command: tesseract --psm 0 -l osd /tmp/tmpob0lyf7w.png stdout
22:30:13 INFO     command: tesseract -l por /tmp/tmpob0lyf7w.png stdout tsv
22:30:16 INFO     command: tesseract --psm 0 -l osd /tmp/tmpe41l4u2h.png stdout
22:30:17 INFO     command: tesseract -l por /tmp/tmpe41l4u2h.png stdout tsv
22:30:19 INFO     command: tesseract --psm 0 -l osd /tmp/tmpjj1kfb0g.png stdout
22:30:20 INFO     command: tesseract -l por /tmp/tmpjj1kfb0g.png stdout tsv
22:30:22 INFO     command: tesseract --psm 0 -l osd /tmp/tmp3tvibv88.png stdout
22:30:22 INFO     command: tesseract -l por /tmp/tmp3tvibv88.png stdout tsv
22:30:24 INFO     command: tesseract --psm 0 -l osd /tmp/tmpn40yglus.png stdout
22:30:26 INFO     command: tesseract -l por /tmp/tmpn40yglus.png stdout tsv
22:30:36 INFO     command: tesseract --psm 0 -l osd /tmp/tmp9_m_440r.png stdout
22:30:37 INFO     command: tesseract -l por /tmp/tmp9_m_440r.png stdout tsv
22:30:39 INFO     command: tesseract --psm 0 -l osd /tmp/tmp536z7so4.png stdout
22:30:39 INFO     command: tesseract -l por /tmp/tmp536z7so4.png stdout tsv
22:30:41 INFO     command: tesseract --psm 0 -l osd /tmp/tmp3p2ii676.png stdout
22:30:41 INFO     command: tesseract -l por /tmp/tmp3p2ii676.png stdout tsv
22:30:43 INFO     command: tesseract --psm 0 -l osd /tmp/tmphfhmm6g2.png stdout
22:30:45 INFO     command: tesseract -l por /tmp/tmphfhmm6g2.png stdout tsv
22:31:01 INFO     command: tesseract --psm 0 -l osd /tmp/tmpfntp3oo1.png stdout
22:31:02 INFO     command: tesseract -l por /tmp/tmpfntp3oo1.png stdout tsv
22:31:06 INFO     command: tesseract --psm 0 -l osd /tmp/tmpsjqjuudl.png stdout
22:31:06 INFO     command: tesseract -l por /tmp/tmpsjqjuudl.png stdout tsv
22:31:08 INFO     command: tesseract --psm 0 -l osd /tmp/tmpz04y5w47.png stdout
22:31:09 INFO     command: tesseract -l por /tmp/tmpz04y5w47.png stdout tsv
22:31:15 INFO     Finished converting document funai_ptd_2025_2027_docdiretivo_assinado-1_tarjado.pdf in 67.26 sec.
22:31:15 INFO     [4/7] ✓ FUNAI     :  15 riscos | 67.3s | ETA ~2min
22:31:15 INFO     [5/7] → incra_ptd_docdiretivo__assinado-1_assinado_assinado-copia_tarjada.pdf
22:31:15 INFO     detected formats: [<InputFormat.PDF: 'pdf'>]
22:31:15 INFO     Going to convert document batch...
22:31:15 INFO     Processing document incra_ptd_docdiretivo__assinado-1_assinado_assinado-copia_tarjada.pdf
22:31:17 INFO     command: tesseract --psm 0 -l osd /tmp/tmpyio2a1z_.png stdout
22:31:17 INFO     command: tesseract -l por /tmp/tmpyio2a1z_.png stdout tsv
22:31:20 INFO     command: tesseract --psm 0 -l osd /tmp/tmpp5np773y.png stdout
22:31:21 INFO     command: tesseract -l por /tmp/tmpp5np773y.png stdout tsv
22:31:26 INFO     command: tesseract --psm 0 -l osd /tmp/tmp0o2r38dq.png stdout
22:31:27 INFO     command: tesseract -l por /tmp/tmp0o2r38dq.png stdout tsv
22:31:29 INFO     command: tesseract --psm 0 -l osd /tmp/tmp1ie3kkkm.png stdout
22:31:30 INFO     command: tesseract -l por /tmp/tmp1ie3kkkm.png stdout tsv
22:31:32 INFO     command: tesseract --psm 0 -l osd /tmp/tmpuo6rf61b.png stdout
22:31:32 INFO     command: tesseract -l por /tmp/tmpuo6rf61b.png stdout tsv
22:31:34 INFO     command: tesseract --psm 0 -l osd /tmp/tmpekw447rs.png stdout
22:31:36 INFO     command: tesseract -l por /tmp/tmpekw447rs.png stdout tsv
22:31:50 INFO     command: tesseract --psm 0 -l osd /tmp/tmp_fhuroap.png stdout
22:31:51 INFO     command: tesseract -l por /tmp/tmp_fhuroap.png stdout tsv
22:31:52 INFO     command: tesseract --psm 0 -l osd /tmp/tmpmlnttxi0.png stdout
22:31:53 INFO     command: tesseract -l por /tmp/tmpmlnttxi0.png stdout tsv
22:31:55 INFO     command: tesseract --psm 0 -l osd /tmp/tmpccheq16e.png stdout
22:31:55 INFO     command: tesseract -l por /tmp/tmpccheq16e.png stdout tsv
22:31:57 INFO     command: tesseract --psm 0 -l osd /tmp/tmp9fybphs0.png stdout
22:31:59 INFO     command: tesseract -l por /tmp/tmp9fybphs0.png stdout tsv
22:32:05 INFO     command: tesseract --psm 0 -l osd /tmp/tmpsz1671iy.png stdout
22:32:06 INFO     command: tesseract -l por /tmp/tmpsz1671iy.png stdout tsv
22:32:13 INFO     command: tesseract --psm 0 -l osd /tmp/tmpqwwhqm7m.png stdout
22:32:14 INFO     command: tesseract -l por /tmp/tmpqwwhqm7m.png stdout tsv
22:32:17 INFO     command: tesseract --psm 0 -l osd /tmp/tmpqapd2agf.png stdout
22:32:18 INFO     command: tesseract -l por /tmp/tmpqapd2agf.png stdout tsv
22:32:25 INFO     Finished converting document incra_ptd_docdiretivo__assinado-1_assinado_assinado-copia_tarjada.pdf in 69.94 sec.
22:32:25 INFO     [5/7] ✓ INCRA     :  15 riscos | 70.0s | ETA ~1min
22:32:25 INFO     [6/7] → iti_doc_diretivo_assinado-1_tarjado.pdf
22:32:25 INFO     detected formats: [<InputFormat.PDF: 'pdf'>]
22:32:25 INFO     Going to convert document batch...
22:32:25 INFO     Processing document iti_doc_diretivo_assinado-1_tarjado.pdf
22:32:26 INFO     command: tesseract --psm 0 -l osd /tmp/tmp29s22hgu.png stdout
22:32:26 INFO     command: tesseract -l por /tmp/tmp29s22hgu.png stdout tsv
22:32:28 INFO     command: tesseract --psm 0 -l osd /tmp/tmp34hyysa1.png stdout
22:32:30 INFO     command: tesseract -l por /tmp/tmp34hyysa1.png stdout tsv
22:32:34 INFO     command: tesseract --psm 0 -l osd /tmp/tmp18pm0ydo.png stdout
22:32:34 INFO     command: tesseract -l por /tmp/tmp18pm0ydo.png stdout tsv
22:32:36 INFO     command: tesseract --psm 0 -l osd /tmp/tmpr8hrew94.png stdout
22:32:37 INFO     command: tesseract -l por /tmp/tmpr8hrew94.png stdout tsv
22:32:39 INFO     command: tesseract --psm 0 -l osd /tmp/tmpquepnhj1.png stdout
22:32:39 INFO     command: tesseract -l por /tmp/tmpquepnhj1.png stdout tsv
22:32:41 INFO     command: tesseract --psm 0 -l osd /tmp/tmplgwp3xwn.png stdout
22:32:43 INFO     command: tesseract -l por /tmp/tmplgwp3xwn.png stdout tsv
22:32:59 INFO     command: tesseract --psm 0 -l osd /tmp/tmpkbbvc3u_.png stdout
22:33:00 INFO     command: tesseract -l por /tmp/tmpkbbvc3u_.png stdout tsv
22:33:02 INFO     command: tesseract --psm 0 -l osd /tmp/tmp1_ffl9ew.png stdout
22:33:03 INFO     command: tesseract -l por /tmp/tmp1_ffl9ew.png stdout tsv
22:33:05 INFO     command: tesseract --psm 0 -l osd /tmp/tmpsi4s163v.png stdout
22:33:05 INFO     command: tesseract -l por /tmp/tmpsi4s163v.png stdout tsv
22:33:08 INFO     command: tesseract --psm 0 -l osd /tmp/tmpt747ew18.png stdout
22:33:09 INFO     command: tesseract -l por /tmp/tmpt747ew18.png stdout tsv
22:33:17 INFO     command: tesseract --psm 0 -l osd /tmp/tmpuy7ioden.png stdout
22:33:18 INFO     command: tesseract -l por /tmp/tmpuy7ioden.png stdout tsv
22:33:26 INFO     Finished converting document iti_doc_diretivo_assinado-1_tarjado.pdf in 60.31 sec.
22:33:26 INFO     [6/7] ✓ ITI       :  14 riscos | 60.3s | ETA ~57s
22:33:26 INFO     [7/7] → sgpr_ptd_2026_2027_docdiretivo_assinado-copia_tarjada.pdf
22:33:26 INFO     detected formats: [<InputFormat.PDF: 'pdf'>]
22:33:26 INFO     Going to convert document batch...
22:33:26 INFO     Processing document sgpr_ptd_2026_2027_docdiretivo_assinado-copia_tarjada.pdf
22:33:46 INFO     Finished converting document sgpr_ptd_2026_2027_docdiretivo_assinado-copia_tarjada.pdf in 20.05 sec.
22:33:46 INFO     [7/7] ✓ SGPR      :  10 riscos | 20.1s | ETA ~0s
22:33:46 INFO     ╔══════════════════════════════════════════════════════════════╗
22:33:46 INFO     ║                   RISCOS — fase concluída                    ║
22:33:46 INFO     ║  Processados: 7     |  ✓ 7  ⚠ 0                              ║
22:33:46 INFO     ║  Duração: 6.0 min                                            ║
22:33:46 INFO     ║  81 riscos | 7 órgãos                                        ║
22:33:46 INFO     ╚══════════════════════════════════════════════════════════════╝
22:33:46 INFO     81 riscos | 0 ações | 135 relações
22:33:46 INFO     ptd_corpus_raw                     : 273 linhas
22:33:46 INFO     ptd_pivot_eixos                    : 7 linhas
22:33:49 INFO     ptd_datas_assinatura               : 132 linhas
22:33:49 INFO     ptd_riscos                         : 81 linhas
22:33:49 INFO     ptd_riscos_acoes                   : 135 linhas
22:33:49 INFO     Manifesto salvo: pipeline_manifest.json | SHA-256 de 132 PDFs
22:33:49 INFO     ==================================================
22:33:49 INFO     PTD-BR v3.0-melhorado — PIPELINE CONCLUÍDO
22:33:49 INFO     ==================================================
22:33:49 INFO     ptd_corpus_raw.csv                        167 KB
22:33:49 INFO     ptd_pivot_eixos.csv                         0 KB
22:33:49 INFO     ptd_datas_assinatura.csv                    9 KB
22:33:49 INFO     ptd_riscos.csv                             23 KB
22:33:49 INFO     ptd_riscos_acoes.csv                        2 KB
22:33:49 INFO     proveniencia.json                           0 KB
22:33:49 INFO     pipeline_manifest.json                     21 KB
22:33:49 INFO     📦 Artefatos: https://github.com/freirelucas/teste/actions/runs/24053598064
22:33:49 INFO     ==================================================
