21:41:23 INFO     Docling disponível
21:41:23 WARNING  OCR fallback indisponível (IndentationError: unexpected indent (ptd_ocr_fallback.py, line 45))
21:41:24 INFO     Ignorado (guia/template/norma): ABNT-NBR-17225-Acessibilidade-Digital.pdf
21:41:24 INFO     Ignorado (guia/template/norma): cgrep-guia10passos-ptd-orgao.pdf
21:41:24 INFO     Ignorado (guia/template/norma): ABNT-NBR-17225-Acessibilidade-Digital.pdf
21:41:24 INFO     Scraping: 132 PDFs únicos | entregas: 68 | diretivos: 61
21:41:24 INFO     Baixando 132 PDFs únicos...
21:41:25 INFO     ✓ [  1/132] abin_ptd_anexo_de_entregas_assinado_pelo_orgao_ass   293.3KB
21:41:29 INFO     ✓ [  2/132] aeb_ptd_2025_2027_docdiretivo_aprovado_assinado-1_  1033.7KB
21:41:32 INFO     ✓ [  3/132] aeb_ptd_2025_2027_anexo_de_entregas_aprovado_assin   154.5KB
21:41:37 INFO     ✓ [  4/132] agu_ptd_2025_2027_docdiretivo_assinado_assinado_as  2860.3KB
21:41:39 INFO     ✓ [  5/132] agu_ptd_2025_2027_anexo_de_entregas_assinado_assin   525.5KB
21:41:42 INFO     ✓ [  6/132] ana_ptd_2025_2027_docdiretivo_assinado_assinado_as   477.2KB
21:41:44 INFO     ✓ [  7/132] ana_ptd_2025_2027_anexoentregas_assinado_assinado_   170.9KB
21:41:48 INFO     ✓ [  8/132] anac_ptd_2025_2026_docdiretivo_se_assinado_tarjado  1036.3KB
21:41:50 INFO     ✓ [  9/132] anac_ptd_2025_2026_anexo_de_entregas_se_assinado.p   215.2KB
21:41:53 INFO     ✓ [ 10/132] anatel_ptd_docdiretivo_assinado_2025_2026_assinado  1006.0KB
21:41:55 INFO     ✓ [ 11/132] anatel_ptd_2025_2026_anexo_de_entregas_do_ptd_publ    71.9KB
21:41:58 INFO     ✓ [ 12/132] ancine_ptd_2024_2026_docdiretivo_assinado-2_assina   961.8KB
21:42:01 INFO     ✓ [ 13/132] ancine_ptd_2024_2026_-_anexo_de_entregas_aprovado_   613.2KB
21:42:04 INFO     ✓ [ 14/132] ptd_aneel_2025-2027_docdiretivo_assinado_tarjado.p   779.6KB
21:42:06 INFO     ✓ [ 15/132] ptd_aneel_2025-2027_anexo_de_entregas_assinado.pdf   111.9KB
21:42:10 INFO     ✓ [ 16/132] anm_ptd_2025_2027_docdiretivo_assinadopeloorgao_ta  1092.5KB
21:42:13 INFO     ✓ [ 17/132] anm_ptd_2025_2027_anexo_entregas_assinadopeloorgao  1140.4KB
21:42:16 INFO     ✓ [ 18/132] anpd_ptd_2025_2027_docdiretivo_assinado_assinado_a  1044.3KB
21:42:19 INFO     ✓ [ 19/132] anpd_ptd_2025_2027_anexo_de_entregas_assinado_assi   166.5KB
21:42:22 INFO     ✓ [ 20/132] ans-plano_de_transformacao_digital_assinado-copia_  1023.4KB
21:42:24 INFO     ✓ [ 21/132] ans_ptd_2025_2026_anexo_de_entregas_assinado_assin   124.1KB
21:42:27 INFO     ✓ [ 22/132] antaq_ptd_2025_2027_docdiretivo_assinado_assinado_  1039.8KB
21:42:29 INFO     ✓ [ 23/132] antaq_ptd_2025_2027_anexoentregas_assinado_assinad   145.1KB
21:42:31 INFO     ✓ [ 24/132] mt_anexo_de_entregas_-_assinado_assinado_assinado_   143.6KB
21:42:40 INFO     ✓ [ 25/132] anvisa_ptd_docdiretivo_2025-2026_assinado_assinado  5771.2KB
21:42:42 INFO     ✓ [ 26/132] anvisa_ptd_anexo_de_entregas_2025_2026_assinado_as   239.0KB
21:42:45 INFO     ✓ [ 27/132] bcb_documento_diretivo_assinado_assinado_assinado-   713.7KB
21:42:47 INFO     ✓ [ 28/132] bcb_anexo_de_entregas_ptd_25_26-1_assinado_assinad   134.8KB
21:42:50 INFO     ✓ [ 29/132] cade_ptd_docdiretivo_2025_2026_assinado-2_assinado   810.4KB
21:42:53 INFO     ✓ [ 30/132] cade_ptd_anexo_de_entregas_2025_2026_assinado_copi   504.0KB
21:42:56 INFO     ✓ [ 31/132] mec_ptd_docdiretivo_2025-2026_sei_mec-5566673_copi   863.1KB
21:42:59 INFO     ✓ [ 32/132] mec_ptd_anexo-de-entregas_sei_mec-5576401_copia_ta   495.7KB
21:43:03 INFO     ✓ [ 33/132] mec_ptd_docdiretivo-versao-comunicacao_copia_tarja  1616.5KB
21:43:06 INFO     ✓ [ 34/132] md_ptd_2026_2027_anexo_de_entregas_assinado_assina   579.4KB
21:43:08 INFO     ✓ [ 35/132] md_ptd_2026_2027_anexo_de_entregas_assinado_assina   186.8KB
21:43:11 INFO     ✓ [ 36/132] md_ptd_temp_copia_tarjada.pdf                        741.9KB
21:43:14 INFO     ✓ [ 37/132] cgu_ptd_docdiretivo_assinado_assinado_assinado-cop  1085.4KB
21:43:17 INFO     ✓ [ 38/132] cgu_ptd_anexo_de_entregas_pactuadas_assinado_assin   514.1KB
21:43:20 INFO     ✓ [ 39/132] cnpq_ptd_2025_2027_docdiretivo_assinado_assinado_a   342.9KB
21:43:22 INFO     ✓ [ 40/132] cnpq_ptd_2025_2027_anexo_de_entregas_assinado_assi   136.1KB
21:43:25 INFO     ✓ [ 41/132] coaf_ptd_2025_2026_documento_diretivo_assinado_ass  1068.0KB
21:43:31 INFO     ✓ [ 42/132] coaf_ptd_2025_2026_anexo_de_entregas-2_assinado_as  3184.5KB
21:43:37 INFO     ✓ [ 43/132] ptd_midr-docdiretivo_aprovado_assinado_tarjado.pdf  3864.1KB
21:43:41 INFO     ✓ [ 44/132] ptd_midr_-_anexo_de_entregas_-_aprovado_assinado.p  1122.0KB
21:43:44 INFO     ✓ [ 45/132] mda-documento-diretivo-assinado_ptd-2025-207-copia   955.8KB
21:43:46 INFO     ✓ [ 46/132] cvm_ptd_2025_2027_docdiretivo_assinado_assinado_as   270.5KB
21:43:49 INFO     ✓ [ 47/132] cvm_ptd_2025_2027_anexoentregas_assinado_assinado_   409.0KB
21:43:52 INFO     ✓ [ 48/132] dnocs_ptd_doc_diretivo_2025_2026_assinado_orgao-2_   891.1KB
21:43:54 INFO     ✓ [ 49/132] dnocs_anexo_de_entregas_repactuado_2025_2026_assin   272.3KB
21:43:59 INFO     ✓ [ 50/132] fbn_ptd_2025_2027_docdiretivo_assinado-1_tarjado.p  2921.6KB
21:44:02 INFO     ✓ [ 51/132] fbn_ptd_2025_2027_anexo_de_entregas_assinado-1.pdf   162.3KB
21:44:06 INFO     ✓ [ 52/132] fcp_ptd_2025_2027_docdiretivo_assinado-1_tarjado.p  1612.0KB
21:44:08 INFO     ✓ [ 53/132] fcp_ptd_2025_2027_anexo_de_entregas_assinado-1.pdf   118.8KB
21:44:11 INFO     ✓ [ 54/132] fcrb_ptd_2025_2026_docdiretivo_aprovado_assinado-1   998.2KB
21:44:13 INFO     ✓ [ 55/132] fcrb_ptd_2025_2026_anexo_de_entregas_aprovado_assi   313.5KB
21:44:17 INFO     ✓ [ 56/132] fiocruz_novo-ptd_2-1_docdiretivo_repactuacao_2024-  1318.1KB
21:44:19 INFO     ✓ [ 57/132] fiocruz_ptd_anexo_de_entregas_assinado_v1_assinado   257.1KB
21:44:23 INFO     ✓ [ 58/132] fiocruz-ptd-06_2024-copia_tarjada.pdf               1693.8KB
21:44:27 INFO     ✓ [ 59/132] funai_ptd_2025_2027_docdiretivo_assinado-1_tarjado  1842.1KB
21:44:30 INFO     ✓ [ 60/132] funai_anexo_de_entregas_repactuado_2026_2027_assin   435.7KB
21:44:33 INFO     ✓ [ 61/132] funarte_ptd_docdiretivo_assinado_21_01_2025_assina   965.7KB
21:44:36 INFO     ✓ [ 62/132] funarte_ptd_anexo_de_entregas_assinado_v1_assinado   683.6KB
21:44:39 INFO     ✓ [ 63/132] fundacentro_ptd_2025_2027_docdiretivo_assinado_ass   826.6KB
21:44:42 INFO     ✓ [ 64/132] fundacentro_ptd_2025_2027_anexo_de_entregas_assina   635.5KB
21:44:45 INFO     ✓ [ 65/132] mma_ptd_docdiretivo_assinado_2025_2026-1_assinado_   949.3KB
21:44:47 INFO     ✓ [ 66/132] mma_ptd_anexo_de_entregas_aprovado_final_assinado_   174.8KB
21:44:50 INFO     ✓ [ 67/132] ibge_docdiretivo_2025_assinado_assinado_assinado-c  1167.3KB
21:44:52 INFO     ✓ [ 68/132] ibge_ptd_25_26_anexo_de_entregas_modelo_v2-1_assin   143.7KB
21:45:02 INFO     ✓ [ 69/132] incra_ptd_docdiretivo__assinado-1_assinado_assinad  7182.0KB
21:45:06 INFO     ✓ [ 70/132] incra_anexo_de_entregas_assinado-1_assinado_assina  1818.6KB
21:45:12 INFO     ✓ [ 71/132] inpi_ptd_docdiretivo_assinado_2025_2026_assinado_a  3322.4KB
21:45:17 INFO     ✓ [ 72/132] inpi_ptd_anexo_de_entregas_assinado_v1_assinado_as  3078.1KB
21:45:20 INFO     ✓ [ 73/132] inss_ptd_2025_2027_docdiretivo-assinado-copia_tarj  1173.3KB
21:45:22 INFO     ✓ [ 74/132] inss_ptd_2025_2027_anexo_de_entregas-assinado-copi   110.8KB
21:45:25 INFO     ✓ [ 75/132] iphan_ptd_docdiretivo_assinado_2025_2026_assinado_   885.7KB
21:45:28 INFO     ✓ [ 76/132] iphan_ptd_anexo_de_entregas_assinado_v1_assinado_a   310.9KB
21:45:35 INFO     ✓ [ 77/132] iti_doc_diretivo_assinado-1_tarjado.pdf             4905.1KB
21:45:38 INFO     ✓ [ 78/132] iti_anexo_de_entregas_assinado.pdf                   556.4KB
21:45:41 INFO     ✓ [ 79/132] mapa_ptd_2025_2027_docdiretivo_assinado-1_tarjado.  1740.9KB
21:45:44 INFO     ✓ [ 80/132] mapa_ptd_2025_2027_anexo_de_entregas_assinado-1.pd   261.9KB
21:45:51 INFO     ✓ [ 81/132] documento-diretivo-mcom-_-ptd-25_27-copia_tarjada.  4451.9KB
21:45:54 INFO     ✓ [ 82/132] anexo-de-entregas-mcom_ptd-25_27-copia_tarjada.pdf  1213.8KB
21:45:59 INFO     ✓ [ 83/132] ptd_21_24_mcom-copia_tarjada.pdf                    3040.7KB
21:46:03 INFO     ✓ [ 84/132] mcti_ptd_2025-2027_docdiretivo_assinado-copia_tarj  1030.7KB
21:46:05 INFO     ✓ [ 85/132] mcti_ptd_2025-2027_anexo-de-entregas_assinado-copi   145.8KB
21:46:07 INFO     ✓ [ 86/132] mda-anexo-entregas-assinado_ptd-2025-2027-copia-ta   284.6KB
21:46:10 INFO     ✓ [ 87/132] mdhc_ptd_2025_2027_docdiretivo_assinado_assinado_a   753.4KB
21:46:12 INFO     ✓ [ 88/132] mdhc_ptd_2025_2027_anexoentregas_assinado_assinado   186.8KB
21:46:14 INFO     ✓ [ 89/132] mdic_ptd_anexo_de_entregas_assinado_v1_assinado_as   176.6KB
21:46:18 INFO     ✓ [ 90/132] memp_ptd_2025_2026_docdiretivo_assinado_assinado_a  1030.1KB
21:46:20 INFO     ✓ [ 91/132] memp_ptd_2025_2026_anexo_de_entregas_assinado_assi   161.5KB
21:46:23 INFO     ✓ [ 92/132] mesp_ptd_2025_2027_docdiretivo_assinado_assinado_2  1147.7KB
21:46:25 INFO     ✓ [ 93/132] mesp_ptd_2025_2027_anexo_de_entregas_assinado_assi   226.6KB
21:46:29 INFO     ✓ [ 94/132] mf_ptd_2026_2027_documentodiretivo_assinado_assina   955.1KB
21:46:31 INFO     ✓ [ 95/132] mf_ptd_2026_2027_anexo_de_entregas_1_mf_se_assinad   241.2KB
21:46:33 INFO     ✓ [ 96/132] mgi_ptd_2025_2027_docdiretivo_assinado_assinado_as   375.2KB
21:46:36 INFO     ✓ [ 97/132] mgi_ptd_2025_2027_anexo_de_entregas_assinado_assin   256.1KB
21:46:39 INFO     ✓ [ 98/132] minc_ptd_2025_2027_docdiretivo_assinado-1_assinado   863.6KB
21:46:42 INFO     ✓ [ 99/132] minc_ptd_2025_2027_anexo_de_entregas_assinado-1_as   276.7KB
21:46:45 INFO     ✓ [100/132] mjsp_ptd_docdiretivo_assinado_2025_2026_assinado_a   954.0KB
21:46:47 INFO     ✓ [101/132] mjsp_ptd_anexo_de_entregas_assinado_v1_assinado_as   253.9KB
21:46:50 INFO     ✓ [102/132] mme_ptd_2025_2027_docdiretivo_assinado-copia_tarja   664.5KB
21:46:52 INFO     ✓ [103/132] mme_ptd_2025_2027_anexo_de_entregas_assinado__1_-c   111.1KB
21:46:56 INFO     ✓ [104/132] mmulheres_ptd_2025_2027_docdiretivo_assinado_assin  1078.3KB
21:46:58 INFO     ✓ [105/132] mmulheres_ptd_2025_2027_anexo_de_entregas_assinado   216.9KB
21:47:01 INFO     ✓ [106/132] mpi_ptd_2025_2027_docdiretivo_ministerio_dos_povos   947.9KB
21:47:04 INFO     ✓ [107/132] mpi_ptd_anexo_de_entregas_do_plano_de_tranformacao   191.9KB
21:47:07 INFO     ✓ [108/132] mpo_ptd_docdiretivo_assinado_2025_2026_assinado_as   806.3KB
21:47:09 INFO     ✓ [109/132] mpo_ptd_anexo_de_entregas_assinado_v1_assinado_ass   323.2KB
21:47:12 INFO     ✓ [110/132] mpor_ptd_2025_2027_docdiretivo_assinado_assinado_a   876.5KB
21:47:15 INFO     ✓ [111/132] mpor_ptd_2025_2027_anexo_de_entregas_assinado_assi   175.1KB
21:47:18 INFO     ✓ [112/132] mps_ptd_2025-2026_docdiretivo_final_assinado-1_ass  1024.4KB
21:47:20 INFO     ✓ [113/132] mps_ptd_2025-2026_anexo_de_entregas_final_assinado   165.0KB
21:47:23 INFO     ✓ [114/132] mre_ptd_docdiretivo_assinado_2025_2026_assinado_as   760.9KB
21:47:25 INFO     ✓ [115/132] mre_ptd_anexo_de_entregas_assinado_v1_assinado_ass   233.2KB
21:47:28 INFO     ✓ [116/132] mte_ptd_2025_2026_docdiretivo_assinado_assinado_as   729.6KB
21:47:31 INFO     ✓ [117/132] mte_ptd_anexo_de_entregas_assinado_v1__281_29_assi   459.5KB
21:47:35 INFO     ✓ [118/132] mtur_ptd_docdiretiv_assinado_30_01_2025_assinado_a  1050.4KB
21:47:37 INFO     ✓ [119/132] mtur_ptd_anexo_de_entregas_assinado_30_01_2025_ass   118.8KB
21:47:40 INFO     ✓ [120/132] pf_ptd_docdiretivo_2025_2027_assinado-copia_tarjad   964.3KB
21:47:42 INFO     ✓ [121/132] pf_ptd_anexo_de_entregas_2025_2027_assinado-copia_    62.5KB
21:47:45 INFO     ✓ [122/132] mf_ptd_2026_2027_anexo_de_entregas_4_mf_pgfn_assin   466.8KB
21:47:54 INFO     ✓ [123/132] previc_plano_de_transformacao_digital_2025_2026_29  6652.7KB
21:47:56 INFO     ✓ [124/132] previc_ptd_repactuacao_2025-2026_assinado_assinado   182.9KB
21:47:59 INFO     ✓ [125/132] prf_documentodiretivo_ptd_2026-2027_assinado_tarja   535.9KB
21:48:01 INFO     ✓ [126/132] prf_anexo_de_entregas_do_ptd__2026_2027___ptd___en   157.7KB
21:48:04 INFO     ✓ [127/132] mf_ptd_2026_2027_anexo_de_entregas_2_mf_rfb_assina   253.7KB
21:48:07 INFO     ✓ [128/132] sgpr_ptd_2026_2027_docdiretivo_assinado-copia_tarj   791.2KB
21:48:10 INFO     ✓ [129/132] sgpr_ptd_2025_2027_anexo_de_entregas_assinado-copi   897.9KB
21:48:13 INFO     ✓ [130/132] mf_ptd_2026_2027_anexo_de_entregas_3_mf_stn_assina   467.8KB
21:48:16 INFO     ✓ [131/132] susep_ptd_2025_2027_docdiretivo-assinado-copia_tar  1030.1KB
21:48:19 INFO     ✓ [132/132] susep_ptd_2025-2026_anexo_de_entregas_final_assina   221.9KB
21:48:20 INFO     132 OK | 0 erros | 123.3 MB total
21:48:26 INFO     Sanity: 132 PDFs | 113 texto | 19 imagem/OCR | 0 duplicatas
21:48:26 INFO     --siglas (debug): 15 PDFs de ['AGU', 'FIOCRUZ', 'FUNAI', 'FUNDACENTRO', 'INCRA', 'ITI', 'MCOM', 'SGPR']
21:48:26 INFO     DocumentConverter instanciado (singleton × 2: plain + OCR)
21:48:26 INFO     [1/15] → agu_ptd_2025_2027_anexo_de_entregas_assinado_assinado_assinado-copia_tarjada.pdf
21:48:26 INFO     detected formats: [<InputFormat.PDF: 'pdf'>]
21:48:26 INFO     Going to convert document batch...
21:48:26 INFO     Initializing pipeline for StandardPdfPipeline with options hash bc6794697da537796efc497178f9263f
21:48:26 INFO     Loading plugin 'docling_defaults'
21:48:26 INFO     Registered picture descriptions: ['picture_description_vlm_engine', 'vlm', 'api']
21:48:26 INFO     Loading plugin 'docling_defaults'
21:48:26 INFO     Registered ocr engines: ['auto', 'easyocr', 'kserve_v2_ocr', 'ocrmac', 'rapidocr', 'tesserocr', 'tesseract']
21:48:26 INFO     command: tesseract --list-langs
21:48:26 INFO     Loading plugin 'docling_defaults'
21:48:26 INFO     Registered layout engines: ['layout_object_detection', 'docling_layout_default', 'docling_experimental_table_crops_layout']
21:48:26 INFO     Accelerator device: 'cpu'
21:48:26 INFO     HTTP Request: GET https://huggingface.co/api/models/docling-project/docling-layout-heron/revision/main "HTTP/1.1 200 OK"
21:48:26 INFO     HTTP Request: HEAD https://huggingface.co/docling-project/docling-layout-heron/resolve/8f39ad3c0b4c58e9c2d2c84a38465abf757272d8/.gitattributes "HTTP/1.1 307 Temporary Redirect"
21:48:26 WARNING  Warning: You are sending unauthenticated requests to the HF Hub. Please set a HF_TOKEN to enable higher rate limits and faster downloads.
21:48:26 INFO     HTTP Request: HEAD https://huggingface.co/api/resolve-cache/models/docling-project/docling-layout-heron/8f39ad3c0b4c58e9c2d2c84a38465abf757272d8/.gitattributes "HTTP/1.1 200 OK"
21:48:26 INFO     HTTP Request: HEAD https://huggingface.co/docling-project/docling-layout-heron/resolve/8f39ad3c0b4c58e9c2d2c84a38465abf757272d8/README.md "HTTP/1.1 307 Temporary Redirect"
21:48:26 INFO     HTTP Request: HEAD https://huggingface.co/docling-project/docling-layout-heron/resolve/8f39ad3c0b4c58e9c2d2c84a38465abf757272d8/config.json "HTTP/1.1 307 Temporary Redirect"
21:48:26 INFO     HTTP Request: HEAD https://huggingface.co/docling-project/docling-layout-heron/resolve/8f39ad3c0b4c58e9c2d2c84a38465abf757272d8/docling_heron_400.png "HTTP/1.1 307 Temporary Redirect"
21:48:26 INFO     HTTP Request: HEAD https://huggingface.co/api/resolve-cache/models/docling-project/docling-layout-heron/8f39ad3c0b4c58e9c2d2c84a38465abf757272d8/README.md "HTTP/1.1 200 OK"
21:48:26 INFO     HTTP Request: HEAD https://huggingface.co/docling-project/docling-layout-heron/resolve/8f39ad3c0b4c58e9c2d2c84a38465abf757272d8/preprocessor_config.json "HTTP/1.1 307 Temporary Redirect"
21:48:26 INFO     HTTP Request: HEAD https://huggingface.co/api/resolve-cache/models/docling-project/docling-layout-heron/8f39ad3c0b4c58e9c2d2c84a38465abf757272d8/config.json "HTTP/1.1 200 OK"
21:48:26 INFO     HTTP Request: GET https://huggingface.co/api/resolve-cache/models/docling-project/docling-layout-heron/8f39ad3c0b4c58e9c2d2c84a38465abf757272d8/.gitattributes "HTTP/1.1 200 OK"
21:48:26 INFO     HTTP Request: HEAD https://huggingface.co/docling-project/docling-layout-heron/resolve/8f39ad3c0b4c58e9c2d2c84a38465abf757272d8/model.safetensors "HTTP/1.1 302 Found"
21:48:26 INFO     HTTP Request: HEAD https://huggingface.co/api/resolve-cache/models/docling-project/docling-layout-heron/8f39ad3c0b4c58e9c2d2c84a38465abf757272d8/docling_heron_400.png "HTTP/1.1 200 OK"
21:48:26 INFO     HTTP Request: HEAD https://huggingface.co/api/resolve-cache/models/docling-project/docling-layout-heron/8f39ad3c0b4c58e9c2d2c84a38465abf757272d8/preprocessor_config.json "HTTP/1.1 200 OK"
21:48:26 INFO     HTTP Request: GET https://huggingface.co/api/resolve-cache/models/docling-project/docling-layout-heron/8f39ad3c0b4c58e9c2d2c84a38465abf757272d8/README.md "HTTP/1.1 200 OK"
21:48:26 INFO     HTTP Request: GET https://huggingface.co/api/resolve-cache/models/docling-project/docling-layout-heron/8f39ad3c0b4c58e9c2d2c84a38465abf757272d8/docling_heron_400.png "HTTP/1.1 200 OK"
21:48:26 INFO     HTTP Request: GET https://huggingface.co/api/resolve-cache/models/docling-project/docling-layout-heron/8f39ad3c0b4c58e9c2d2c84a38465abf757272d8/preprocessor_config.json "HTTP/1.1 200 OK"
21:48:26 INFO     HTTP Request: GET https://huggingface.co/api/resolve-cache/models/docling-project/docling-layout-heron/8f39ad3c0b4c58e9c2d2c84a38465abf757272d8/config.json "HTTP/1.1 200 OK"
21:48:26 INFO     HTTP Request: GET https://huggingface.co/api/models/docling-project/docling-layout-heron/xet-read-token/8f39ad3c0b4c58e9c2d2c84a38465abf757272d8 "HTTP/1.1 200 OK"
21:48:28 INFO     Loading plugin 'docling_defaults'
21:48:28 INFO     Registered table structure engines: ['docling_tableformer', 'docling_tableformer_v2']
21:48:28 INFO     HTTP Request: GET https://huggingface.co/api/models/docling-project/docling-models/revision/v2.3.0 "HTTP/1.1 200 OK"
21:48:28 INFO     HTTP Request: HEAD https://huggingface.co/docling-project/docling-models/resolve/fc0f2d45e2218ea24bce5045f58a389aed16dc23/README.md "HTTP/1.1 307 Temporary Redirect"
21:48:28 INFO     HTTP Request: HEAD https://huggingface.co/docling-project/docling-models/resolve/fc0f2d45e2218ea24bce5045f58a389aed16dc23/.gitignore "HTTP/1.1 307 Temporary Redirect"
21:48:28 INFO     HTTP Request: HEAD https://huggingface.co/docling-project/docling-models/resolve/fc0f2d45e2218ea24bce5045f58a389aed16dc23/config.json "HTTP/1.1 307 Temporary Redirect"
21:48:28 INFO     HTTP Request: HEAD https://huggingface.co/docling-project/docling-models/resolve/fc0f2d45e2218ea24bce5045f58a389aed16dc23/model_artifacts/tableformer/accurate/tableformer_accurate.safetensors "HTTP/1.1 302 Found"
21:48:28 INFO     HTTP Request: HEAD https://huggingface.co/api/resolve-cache/models/docling-project/docling-models/fc0f2d45e2218ea24bce5045f58a389aed16dc23/README.md "HTTP/1.1 200 OK"
21:48:28 INFO     HTTP Request: HEAD https://huggingface.co/docling-project/docling-models/resolve/fc0f2d45e2218ea24bce5045f58a389aed16dc23/model_artifacts/tableformer/accurate/tm_config.json "HTTP/1.1 307 Temporary Redirect"
21:48:28 INFO     HTTP Request: HEAD https://huggingface.co/docling-project/docling-models/resolve/fc0f2d45e2218ea24bce5045f58a389aed16dc23/.gitattributes "HTTP/1.1 307 Temporary Redirect"
21:48:28 INFO     HTTP Request: HEAD https://huggingface.co/api/resolve-cache/models/docling-project/docling-models/fc0f2d45e2218ea24bce5045f58a389aed16dc23/.gitignore "HTTP/1.1 200 OK"
21:48:28 INFO     HTTP Request: HEAD https://huggingface.co/api/resolve-cache/models/docling-project/docling-models/fc0f2d45e2218ea24bce5045f58a389aed16dc23/config.json "HTTP/1.1 200 OK"
21:48:28 INFO     HTTP Request: HEAD https://huggingface.co/api/resolve-cache/models/docling-project/docling-models/fc0f2d45e2218ea24bce5045f58a389aed16dc23/model_artifacts%2Ftableformer%2Faccurate%2Ftm_config.json "HTTP/1.1 200 OK"
21:48:28 INFO     HTTP Request: HEAD https://huggingface.co/docling-project/docling-models/resolve/fc0f2d45e2218ea24bce5045f58a389aed16dc23/model_artifacts/tableformer/fast/tableformer_fast.safetensors "HTTP/1.1 302 Found"
21:48:28 INFO     HTTP Request: HEAD https://huggingface.co/api/resolve-cache/models/docling-project/docling-models/fc0f2d45e2218ea24bce5045f58a389aed16dc23/.gitattributes "HTTP/1.1 200 OK"
21:48:28 INFO     HTTP Request: HEAD https://huggingface.co/docling-project/docling-models/resolve/fc0f2d45e2218ea24bce5045f58a389aed16dc23/model_artifacts/tableformer/fast/tm_config.json "HTTP/1.1 307 Temporary Redirect"
21:48:28 INFO     HTTP Request: GET https://huggingface.co/api/resolve-cache/models/docling-project/docling-models/fc0f2d45e2218ea24bce5045f58a389aed16dc23/config.json "HTTP/1.1 200 OK"
21:48:28 INFO     HTTP Request: GET https://huggingface.co/api/resolve-cache/models/docling-project/docling-models/fc0f2d45e2218ea24bce5045f58a389aed16dc23/.gitignore "HTTP/1.1 200 OK"
21:48:28 INFO     HTTP Request: GET https://huggingface.co/api/resolve-cache/models/docling-project/docling-models/fc0f2d45e2218ea24bce5045f58a389aed16dc23/model_artifacts%2Ftableformer%2Faccurate%2Ftm_config.json "HTTP/1.1 200 OK"
21:48:28 INFO     HTTP Request: HEAD https://huggingface.co/api/resolve-cache/models/docling-project/docling-models/fc0f2d45e2218ea24bce5045f58a389aed16dc23/model_artifacts%2Ftableformer%2Ffast%2Ftm_config.json "HTTP/1.1 200 OK"
21:48:28 INFO     HTTP Request: GET https://huggingface.co/api/resolve-cache/models/docling-project/docling-models/fc0f2d45e2218ea24bce5045f58a389aed16dc23/README.md "HTTP/1.1 200 OK"
21:48:28 INFO     HTTP Request: GET https://huggingface.co/api/resolve-cache/models/docling-project/docling-models/fc0f2d45e2218ea24bce5045f58a389aed16dc23/.gitattributes "HTTP/1.1 200 OK"
21:48:28 INFO     HTTP Request: GET https://huggingface.co/api/models/docling-project/docling-models/xet-read-token/fc0f2d45e2218ea24bce5045f58a389aed16dc23 "HTTP/1.1 200 OK"
21:48:28 INFO     HTTP Request: GET https://huggingface.co/api/models/docling-project/docling-models/xet-read-token/fc0f2d45e2218ea24bce5045f58a389aed16dc23 "HTTP/1.1 200 OK"
21:48:28 INFO     HTTP Request: GET https://huggingface.co/api/resolve-cache/models/docling-project/docling-models/fc0f2d45e2218ea24bce5045f58a389aed16dc23/model_artifacts%2Ftableformer%2Ffast%2Ftm_config.json "HTTP/1.1 200 OK"
21:48:29 INFO     Accelerator device: 'cpu'
21:48:29 INFO     Processing document agu_ptd_2025_2027_anexo_de_entregas_assinado_assinado_assinado-copia_tarjada.pdf
21:48:30 INFO     command: tesseract --psm 0 -l osd /tmp/tmpr7ooyxuy.png stdout
21:48:31 INFO     command: tesseract -l por /tmp/tmpr7ooyxuy.png stdout tsv
21:48:34 INFO     command: tesseract --psm 0 -l osd /tmp/tmpgnazi6_w.png stdout
21:48:35 INFO     command: tesseract -l por /tmp/tmpgnazi6_w.png stdout tsv
21:48:53 INFO     Finished converting document agu_ptd_2025_2027_anexo_de_entregas_assinado_assinado_assinado-copia_tarjada.pdf in 27.19 sec.
21:48:53 INFO       pixel_budget (Docling) agu_ptd_2025_2027_anexo_de_entregas_assinado_assinado_assinado-copia_tarjada.pdf: 45.8% (área tabelas/1001817 px²)
21:48:53 INFO     [1/15] ✓ AGU       :   33 entregas | 27.2s | ETA ~6min
21:48:53 INFO     [2/15] → agu_ptd_2025_2027_docdiretivo_assinado_assinado_assinado-copia_tarjada.pdf
21:48:53 INFO     detected formats: [<InputFormat.PDF: 'pdf'>]
21:48:53 INFO     Going to convert document batch...
21:48:53 INFO     Processing document agu_ptd_2025_2027_docdiretivo_assinado_assinado_assinado-copia_tarjada.pdf
21:48:54 INFO     command: tesseract --psm 0 -l osd /tmp/tmpkqy12nto.png stdout
21:48:54 INFO     command: tesseract -l por /tmp/tmpkqy12nto.png stdout tsv
21:48:56 INFO     command: tesseract --psm 0 -l osd /tmp/tmp5khyaesa.png stdout
21:48:58 INFO     command: tesseract -l por /tmp/tmp5khyaesa.png stdout tsv
21:49:01 INFO     command: tesseract --psm 0 -l osd /tmp/tmpj3e8jm_f.png stdout
21:49:01 INFO     command: tesseract -l por /tmp/tmpj3e8jm_f.png stdout tsv
21:49:04 INFO     command: tesseract --psm 0 -l osd /tmp/tmpdtcwykru.png stdout
21:49:04 INFO     command: tesseract -l por /tmp/tmpdtcwykru.png stdout tsv
21:49:07 INFO     command: tesseract --psm 0 -l osd /tmp/tmpvx35r2ou.png stdout
21:49:07 INFO     command: tesseract -l por /tmp/tmpvx35r2ou.png stdout tsv
21:49:09 INFO     command: tesseract --psm 0 -l osd /tmp/tmpvax4too7.png stdout
21:49:11 INFO     command: tesseract -l por /tmp/tmpvax4too7.png stdout tsv
21:49:22 INFO     command: tesseract --psm 0 -l osd /tmp/tmpnq2a7hx5.png stdout
21:49:22 INFO     command: tesseract -l por /tmp/tmpnq2a7hx5.png stdout tsv
21:49:25 INFO     command: tesseract --psm 0 -l osd /tmp/tmpldf2pd2m.png stdout
21:49:25 INFO     command: tesseract -l por /tmp/tmpldf2pd2m.png stdout tsv
21:49:28 INFO     command: tesseract --psm 0 -l osd /tmp/tmpkyt49nrp.png stdout
21:49:28 INFO     command: tesseract -l por /tmp/tmpkyt49nrp.png stdout tsv
21:49:31 INFO     command: tesseract --psm 0 -l osd /tmp/tmp1bfvs6x5.png stdout
21:49:32 INFO     command: tesseract -l por /tmp/tmp1bfvs6x5.png stdout tsv
21:49:47 INFO     command: tesseract --psm 0 -l osd /tmp/tmp4ehg67sw.png stdout
21:49:48 INFO     command: tesseract -l por /tmp/tmp4ehg67sw.png stdout tsv
21:49:51 INFO     Finished converting document agu_ptd_2025_2027_docdiretivo_assinado_assinado_assinado-copia_tarjada.pdf in 58.47 sec.
21:49:51 INFO       pixel_budget (Docling) agu_ptd_2025_2027_docdiretivo_assinado_assinado_assinado-copia_tarjada.pdf: 2.1% (área tabelas/5513330 px²)
21:49:52 INFO     [2/15] ✓ AGU       :    6 entregas | 58.5s | ETA ~9min
21:49:52 INFO     [3/15] → anexo-de-entregas-mcom_ptd-25_27-copia_tarjada.pdf
21:49:52 INFO     detected formats: [<InputFormat.PDF: 'pdf'>]
21:49:52 INFO     Going to convert document batch...
21:49:52 INFO     Processing document anexo-de-entregas-mcom_ptd-25_27-copia_tarjada.pdf
21:49:53 INFO     command: tesseract --psm 0 -l osd /tmp/tmprjf1v9sf.png stdout
21:49:53 INFO     command: tesseract -l por /tmp/tmprjf1v9sf.png stdout tsv
21:49:56 INFO     command: tesseract --psm 0 -l osd /tmp/tmp0fm6__s_.png stdout
21:49:58 INFO     command: tesseract -l por /tmp/tmp0fm6__s_.png stdout tsv
21:50:10 INFO     command: tesseract --psm 0 -l osd /tmp/tmp4hd700i_.png stdout
21:50:11 INFO     command: tesseract -l por /tmp/tmp4hd700i_.png stdout tsv
21:50:31 INFO     Finished converting document anexo-de-entregas-mcom_ptd-25_27-copia_tarjada.pdf in 39.17 sec.
21:50:31 INFO       pixel_budget (Docling) anexo-de-entregas-mcom_ptd-25_27-copia_tarjada.pdf: 55.2% (área tabelas/1503636 px²)
21:50:31 INFO     [3/15] ✓ MCOM      :   55 entregas | 39.2s | ETA ~8min
21:50:31 INFO     [4/15] → documento-diretivo-mcom-_-ptd-25_27-copia_tarjada.pdf
21:50:31 INFO     detected formats: [<InputFormat.PDF: 'pdf'>]
21:50:31 INFO     Going to convert document batch...
21:50:31 INFO     Processing document documento-diretivo-mcom-_-ptd-25_27-copia_tarjada.pdf
21:50:31 INFO     command: tesseract --psm 0 -l osd /tmp/tmpqauzti35.png stdout
21:50:32 INFO     command: tesseract -l por /tmp/tmpqauzti35.png stdout tsv
21:50:34 INFO     command: tesseract --psm 0 -l osd /tmp/tmpxuf26eze.png stdout
21:50:35 INFO     command: tesseract -l por /tmp/tmpxuf26eze.png stdout tsv
21:50:42 INFO     command: tesseract --psm 0 -l osd /tmp/tmp1ue5sxyi.png stdout
21:50:43 INFO     command: tesseract -l por /tmp/tmp1ue5sxyi.png stdout tsv
21:50:44 INFO     command: tesseract --psm 0 -l osd /tmp/tmp2exaleq9.png stdout
21:50:45 INFO     command: tesseract -l por /tmp/tmp2exaleq9.png stdout tsv
21:50:47 INFO     command: tesseract --psm 0 -l osd /tmp/tmpchu5sxzt.png stdout
21:50:47 INFO     command: tesseract -l por /tmp/tmpchu5sxzt.png stdout tsv
21:50:50 INFO     command: tesseract --psm 0 -l osd /tmp/tmps54doq6s.png stdout
21:50:51 INFO     command: tesseract -l por /tmp/tmps54doq6s.png stdout tsv
21:51:07 INFO     command: tesseract --psm 0 -l osd /tmp/tmpp9mrx16g.png stdout
21:51:08 INFO     command: tesseract -l por /tmp/tmpp9mrx16g.png stdout tsv
21:51:10 INFO     command: tesseract --psm 0 -l osd /tmp/tmpx9qmk9p6.png stdout
21:51:10 INFO     command: tesseract -l por /tmp/tmpx9qmk9p6.png stdout tsv
21:51:13 INFO     command: tesseract --psm 0 -l osd /tmp/tmpqsc75g_4.png stdout
21:51:14 INFO     command: tesseract -l por /tmp/tmpqsc75g_4.png stdout tsv
21:51:16 INFO     command: tesseract --psm 0 -l osd /tmp/tmpiozflt9d.png stdout
21:51:17 INFO     command: tesseract -l por /tmp/tmpiozflt9d.png stdout tsv
21:51:22 INFO     command: tesseract --psm 0 -l osd /tmp/tmpo71u7d55.png stdout
21:51:23 INFO     command: tesseract -l por /tmp/tmpo71u7d55.png stdout tsv
21:51:29 INFO     command: tesseract --psm 0 -l osd /tmp/tmp_8xv0lfb.png stdout
21:51:30 INFO     command: tesseract -l por /tmp/tmp_8xv0lfb.png stdout tsv
21:51:32 INFO     command: tesseract --psm 0 -l osd /tmp/tmph7hqehvx.png stdout
21:51:32 INFO     command: tesseract -l por /tmp/tmph7hqehvx.png stdout tsv
21:51:34 INFO     command: tesseract --psm 0 -l osd /tmp/tmp1u9uj24s.png stdout
21:51:35 INFO     command: tesseract -l por /tmp/tmp1u9uj24s.png stdout tsv
21:51:42 INFO     Finished converting document documento-diretivo-mcom-_-ptd-25_27-copia_tarjada.pdf in 70.83 sec.
21:51:42 INFO       pixel_budget (Docling) documento-diretivo-mcom-_-ptd-25_27-copia_tarjada.pdf: 10.8% (área tabelas/7016966 px²)
21:51:42 INFO     [4/15] ✓ MCOM      :    3 entregas | 70.8s | ETA ~8min
21:51:42 INFO     [5/15] → fiocruz-ptd-06_2024-copia_tarjada.pdf
21:51:42 INFO     detected formats: [<InputFormat.PDF: 'pdf'>]
21:51:42 INFO     Going to convert document batch...
21:51:42 INFO     Initializing pipeline for StandardPdfPipeline with options hash d18651824ca6fe56cf3ccb20424ac2c8
21:51:42 INFO     Accelerator device: 'cpu'
21:51:42 INFO     HTTP Request: GET https://huggingface.co/api/models/docling-project/docling-layout-heron/revision/main "HTTP/1.1 200 OK"
21:51:42 INFO     HTTP Request: GET https://huggingface.co/api/models/docling-project/docling-models/revision/v2.3.0 "HTTP/1.1 200 OK"
21:51:42 INFO     Accelerator device: 'cpu'
21:51:43 INFO     Processing document fiocruz-ptd-06_2024-copia_tarjada.pdf
21:52:52 INFO     Finished converting document fiocruz-ptd-06_2024-copia_tarjada.pdf in 70.04 sec.
21:52:52 INFO       pixel_budget (Docling) fiocruz-ptd-06_2024-copia_tarjada.pdf: 36.4% (área tabelas/7518178 px²)
21:52:52 INFO     [5/15] ✓ FIOCRUZ   :    1 entregas | 70.1s | ETA ~8min
21:52:52 INFO     [6/15] → fiocruz_novo-ptd_2-1_docdiretivo_repactuacao_2024-2026_assinado_assinado-copia_tarjada.pdf
21:52:52 INFO     detected formats: [<InputFormat.PDF: 'pdf'>]
21:52:52 INFO     Going to convert document batch...
21:52:52 INFO     Processing document fiocruz_novo-ptd_2-1_docdiretivo_repactuacao_2024-2026_assinado_assinado-copia_tarjada.pdf
21:53:10 INFO     Finished converting document fiocruz_novo-ptd_2-1_docdiretivo_repactuacao_2024-2026_assinado_assinado-copia_tarjada.pdf in 18.40 sec.
21:53:10 INFO       pixel_budget (Docling) fiocruz_novo-ptd_2-1_docdiretivo_repactuacao_2024-2026_assinado_assinado-copia_tarjada.pdf: 11.3% (área tabelas/5012118 px²)
21:53:10 INFO     [6/15] ✓ FIOCRUZ   :    5 entregas | 18.4s | ETA ~7min
21:53:10 INFO     [7/15] → fiocruz_ptd_anexo_de_entregas_assinado_v1_assinado_assinado-1-copia_tarjada.pdf
21:53:10 INFO     detected formats: [<InputFormat.PDF: 'pdf'>]
21:53:10 INFO     Going to convert document batch...
21:53:10 INFO     Processing document fiocruz_ptd_anexo_de_entregas_assinado_v1_assinado_assinado-1-copia_tarjada.pdf
21:53:43 INFO     Finished converting document fiocruz_ptd_anexo_de_entregas_assinado_v1_assinado_assinado-1-copia_tarjada.pdf in 33.14 sec.
21:53:43 INFO       pixel_budget (Docling) fiocruz_ptd_anexo_de_entregas_assinado_v1_assinado_assinado-1-copia_tarjada.pdf: 54.7% (área tabelas/2004847 px²)
21:53:43 INFO     [7/15] ✓ FIOCRUZ   :   61 entregas | 33.2s | ETA ~6min
21:53:43 INFO     [8/15] → funai_anexo_de_entregas_repactuado_2026_2027_assinado_assinado_assinado.pdf
21:53:43 INFO     detected formats: [<InputFormat.PDF: 'pdf'>]
21:53:43 INFO     Going to convert document batch...
21:53:43 INFO     Processing document funai_anexo_de_entregas_repactuado_2026_2027_assinado_assinado_assinado.pdf
21:53:44 INFO     command: tesseract --psm 0 -l osd /tmp/tmpuenthg1y.png stdout
21:53:45 INFO     command: tesseract -l por /tmp/tmpuenthg1y.png stdout tsv
21:53:59 INFO     Finished converting document funai_anexo_de_entregas_repactuado_2026_2027_assinado_assinado_assinado.pdf in 15.42 sec.
21:53:59 INFO       pixel_budget (Docling) funai_anexo_de_entregas_repactuado_2026_2027_assinado_assinado_assinado.pdf: 49.8% (área tabelas/501212 px²)
21:53:59 INFO     [8/15] ✓ FUNAI     :   21 entregas | 15.4s | ETA ~4min
21:53:59 INFO     [9/15] → funai_ptd_2025_2027_docdiretivo_assinado-1_tarjado.pdf
21:53:59 INFO     detected formats: [<InputFormat.PDF: 'pdf'>]
21:53:59 INFO     Going to convert document batch...
21:53:59 INFO     Processing document funai_ptd_2025_2027_docdiretivo_assinado-1_tarjado.pdf
21:54:00 INFO     command: tesseract --psm 0 -l osd /tmp/tmp983mr3gs.png stdout
21:54:01 INFO     command: tesseract -l por /tmp/tmp983mr3gs.png stdout tsv
21:54:02 INFO     command: tesseract --psm 0 -l osd /tmp/tmpv1ykuv3t.png stdout
21:54:03 INFO     command: tesseract -l por /tmp/tmpv1ykuv3t.png stdout tsv
21:54:07 INFO     command: tesseract --psm 0 -l osd /tmp/tmpssg16wa4.png stdout
21:54:07 INFO     command: tesseract -l por /tmp/tmpssg16wa4.png stdout tsv
21:54:09 INFO     command: tesseract --psm 0 -l osd /tmp/tmpcio22oo4.png stdout
21:54:10 INFO     command: tesseract -l por /tmp/tmpcio22oo4.png stdout tsv
21:54:12 INFO     command: tesseract --psm 0 -l osd /tmp/tmpat5z28fj.png stdout
21:54:12 INFO     command: tesseract -l por /tmp/tmpat5z28fj.png stdout tsv
21:54:15 INFO     command: tesseract --psm 0 -l osd /tmp/tmpm3h2pwhf.png stdout
21:54:16 INFO     command: tesseract -l por /tmp/tmpm3h2pwhf.png stdout tsv
21:54:27 INFO     command: tesseract --psm 0 -l osd /tmp/tmpysh7w0uo.png stdout
21:54:28 INFO     command: tesseract -l por /tmp/tmpysh7w0uo.png stdout tsv
21:54:29 INFO     command: tesseract --psm 0 -l osd /tmp/tmp9kg_1mfd.png stdout
21:54:30 INFO     command: tesseract -l por /tmp/tmp9kg_1mfd.png stdout tsv
21:54:31 INFO     command: tesseract --psm 0 -l osd /tmp/tmpufcgiado.png stdout
21:54:32 INFO     command: tesseract -l por /tmp/tmpufcgiado.png stdout tsv
21:54:34 INFO     command: tesseract --psm 0 -l osd /tmp/tmpugslctx7.png stdout
21:54:35 INFO     command: tesseract -l por /tmp/tmpugslctx7.png stdout tsv
21:54:49 INFO     command: tesseract --psm 0 -l osd /tmp/tmpq3lj7yqh.png stdout
21:54:50 INFO     command: tesseract -l por /tmp/tmpq3lj7yqh.png stdout tsv
21:54:57 INFO     command: tesseract --psm 0 -l osd /tmp/tmp9px4g76x.png stdout
21:54:58 INFO     command: tesseract -l por /tmp/tmp9px4g76x.png stdout tsv
21:55:00 INFO     command: tesseract --psm 0 -l osd /tmp/tmp2us6xbsn.png stdout
21:55:01 INFO     command: tesseract -l por /tmp/tmp2us6xbsn.png stdout tsv
21:55:07 INFO     Finished converting document funai_ptd_2025_2027_docdiretivo_assinado-1_tarjado.pdf in 68.48 sec.
21:55:07 INFO       pixel_budget (Docling) funai_ptd_2025_2027_docdiretivo_assinado-1_tarjado.pdf: 16.4% (área tabelas/6515754 px²)
21:55:07 INFO     [9/15] ✓ FUNAI     :    8 entregas | 68.5s | ETA ~4min
21:55:07 INFO     [10/15] → incra_anexo_de_entregas_assinado-1_assinado_assinado-copia_tarjada.pdf
21:55:07 INFO     detected formats: [<InputFormat.PDF: 'pdf'>]
21:55:07 INFO     Going to convert document batch...
21:55:07 INFO     Processing document incra_anexo_de_entregas_assinado-1_assinado_assinado-copia_tarjada.pdf
21:55:08 INFO     command: tesseract --psm 0 -l osd /tmp/tmp3drc528v.png stdout
21:55:09 INFO     command: tesseract -l por /tmp/tmp3drc528v.png stdout tsv
21:55:12 INFO     command: tesseract --psm 0 -l osd /tmp/tmpbcruv51c.png stdout
21:55:14 INFO     command: tesseract -l por /tmp/tmpbcruv51c.png stdout tsv
21:55:21 INFO     command: tesseract --psm 0 -l osd /tmp/tmp_kg8ol_e.png stdout
21:55:22 INFO     command: tesseract -l por /tmp/tmp_kg8ol_e.png stdout tsv
21:55:23 INFO     command: tesseract --psm 0 -l osd /tmp/tmpmr6t45l2.png stdout
21:55:24 INFO     command: tesseract -l por /tmp/tmpmr6t45l2.png stdout tsv
21:55:27 INFO     command: tesseract --psm 0 -l osd /tmp/tmpr0azzmvb.png stdout
21:55:27 INFO     command: tesseract -l por /tmp/tmpr0azzmvb.png stdout tsv
21:56:59 INFO     Finished converting document incra_anexo_de_entregas_assinado-1_assinado_assinado-copia_tarjada.pdf in 111.99 sec.
21:56:59 INFO       pixel_budget (Docling) incra_anexo_de_entregas_assinado-1_assinado_assinado-copia_tarjada.pdf: 30.0% (área tabelas/2423520 px²)
21:56:59 INFO     [10/15] ✓ INCRA     :   10 entregas | 112.0s | ETA ~4min
21:56:59 INFO     [11/15] → incra_ptd_docdiretivo__assinado-1_assinado_assinado-copia_tarjada.pdf
21:56:59 INFO     detected formats: [<InputFormat.PDF: 'pdf'>]
21:56:59 INFO     Going to convert document batch...
21:56:59 INFO     Processing document incra_ptd_docdiretivo__assinado-1_assinado_assinado-copia_tarjada.pdf
21:57:00 INFO     command: tesseract --psm 0 -l osd /tmp/tmpjk3ekwah.png stdout
21:57:01 INFO     command: tesseract -l por /tmp/tmpjk3ekwah.png stdout tsv
21:57:03 INFO     command: tesseract --psm 0 -l osd /tmp/tmpaire7shq.png stdout
21:57:04 INFO     command: tesseract -l por /tmp/tmpaire7shq.png stdout tsv
21:57:11 INFO     command: tesseract --psm 0 -l osd /tmp/tmp2bd4qfl0.png stdout
21:57:12 INFO     command: tesseract -l por /tmp/tmp2bd4qfl0.png stdout tsv
21:57:14 INFO     command: tesseract --psm 0 -l osd /tmp/tmp6nsms5ef.png stdout
21:57:15 INFO     command: tesseract -l por /tmp/tmp6nsms5ef.png stdout tsv
21:57:16 INFO     command: tesseract --psm 0 -l osd /tmp/tmp496tdjvx.png stdout
21:57:17 INFO     command: tesseract -l por /tmp/tmp496tdjvx.png stdout tsv
21:57:19 INFO     command: tesseract --psm 0 -l osd /tmp/tmpq5mvkp1u.png stdout
21:57:21 INFO     command: tesseract -l por /tmp/tmpq5mvkp1u.png stdout tsv
21:57:36 INFO     command: tesseract --psm 0 -l osd /tmp/tmp7p26hfs8.png stdout
21:57:37 INFO     command: tesseract -l por /tmp/tmp7p26hfs8.png stdout tsv
21:57:38 INFO     command: tesseract --psm 0 -l osd /tmp/tmp4r8122g8.png stdout
21:57:39 INFO     command: tesseract -l por /tmp/tmp4r8122g8.png stdout tsv
21:57:41 INFO     command: tesseract --psm 0 -l osd /tmp/tmpqnd8r23t.png stdout
21:57:41 INFO     command: tesseract -l por /tmp/tmpqnd8r23t.png stdout tsv
21:57:43 INFO     command: tesseract --psm 0 -l osd /tmp/tmp8lk7qhbf.png stdout
21:57:45 INFO     command: tesseract -l por /tmp/tmp8lk7qhbf.png stdout tsv
21:57:50 INFO     command: tesseract --psm 0 -l osd /tmp/tmp6pvesfuu.png stdout
21:57:51 INFO     command: tesseract -l por /tmp/tmp6pvesfuu.png stdout tsv
21:57:53 INFO     command: tesseract --psm 0 -l osd /tmp/tmp03cbm9o_.png stdout
21:57:54 INFO     command: tesseract -l por /tmp/tmp03cbm9o_.png stdout tsv
21:58:01 INFO     command: tesseract --psm 0 -l osd /tmp/tmpk89fbv1_.png stdout
21:58:02 INFO     command: tesseract -l por /tmp/tmpk89fbv1_.png stdout tsv
21:58:10 INFO     Finished converting document incra_ptd_docdiretivo__assinado-1_assinado_assinado-copia_tarjada.pdf in 70.79 sec.
21:58:10 INFO       pixel_budget (Docling) incra_ptd_docdiretivo__assinado-1_assinado_assinado-copia_tarjada.pdf: 20.2% (área tabelas/6515754 px²)
21:58:10 INFO     [11/15] ✓ INCRA     :   11 entregas | 70.8s | ETA ~3min
21:58:10 INFO     [12/15] → iti_anexo_de_entregas_assinado.pdf
21:58:10 INFO     detected formats: [<InputFormat.PDF: 'pdf'>]
21:58:10 INFO     Going to convert document batch...
21:58:10 INFO     Processing document iti_anexo_de_entregas_assinado.pdf
21:58:11 INFO     command: tesseract --psm 0 -l osd /tmp/tmpgr3ftwgo.png stdout
21:58:12 INFO     command: tesseract -l por /tmp/tmpgr3ftwgo.png stdout tsv
21:58:28 INFO     Finished converting document iti_anexo_de_entregas_assinado.pdf in 18.07 sec.
21:58:28 INFO       pixel_budget (Docling) iti_anexo_de_entregas_assinado.pdf: 57.2% (área tabelas/501212 px²)
21:58:28 INFO     [12/15] ✓ ITI       :   31 entregas | 18.1s | ETA ~2min
21:58:28 INFO     [13/15] → iti_doc_diretivo_assinado-1_tarjado.pdf
21:58:28 INFO     detected formats: [<InputFormat.PDF: 'pdf'>]
21:58:28 INFO     Going to convert document batch...
21:58:28 INFO     Processing document iti_doc_diretivo_assinado-1_tarjado.pdf
21:58:29 INFO     command: tesseract --psm 0 -l osd /tmp/tmp11hkqloy.png stdout
21:58:29 INFO     command: tesseract -l por /tmp/tmp11hkqloy.png stdout tsv
21:58:31 INFO     command: tesseract --psm 0 -l osd /tmp/tmpzcblj4vw.png stdout
21:58:33 INFO     command: tesseract -l por /tmp/tmpzcblj4vw.png stdout tsv
21:58:36 INFO     command: tesseract --psm 0 -l osd /tmp/tmp561hez_f.png stdout
21:58:36 INFO     command: tesseract -l por /tmp/tmp561hez_f.png stdout tsv
21:58:38 INFO     command: tesseract --psm 0 -l osd /tmp/tmppz3e7aqc.png stdout
21:58:39 INFO     command: tesseract -l por /tmp/tmppz3e7aqc.png stdout tsv
21:58:41 INFO     command: tesseract --psm 0 -l osd /tmp/tmpkaod9_r9.png stdout
21:58:41 INFO     command: tesseract -l por /tmp/tmpkaod9_r9.png stdout tsv
21:58:44 INFO     command: tesseract --psm 0 -l osd /tmp/tmpawt7qccr.png stdout
21:58:45 INFO     command: tesseract -l por /tmp/tmpawt7qccr.png stdout tsv
21:59:01 INFO     command: tesseract --psm 0 -l osd /tmp/tmpai57fwp3.png stdout
21:59:02 INFO     command: tesseract -l por /tmp/tmpai57fwp3.png stdout tsv
21:59:04 INFO     command: tesseract --psm 0 -l osd /tmp/tmpoiqsukjq.png stdout
21:59:05 INFO     command: tesseract -l por /tmp/tmpoiqsukjq.png stdout tsv
21:59:07 INFO     command: tesseract --psm 0 -l osd /tmp/tmpalftsqpq.png stdout
21:59:08 INFO     command: tesseract -l por /tmp/tmpalftsqpq.png stdout tsv
21:59:10 INFO     command: tesseract --psm 0 -l osd /tmp/tmphf8yl0xy.png stdout
21:59:11 INFO     command: tesseract -l por /tmp/tmphf8yl0xy.png stdout tsv
21:59:17 INFO     command: tesseract --psm 0 -l osd /tmp/tmp6dpqeibj.png stdout
21:59:18 INFO     command: tesseract -l por /tmp/tmp6dpqeibj.png stdout tsv
21:59:25 INFO     Finished converting document iti_doc_diretivo_assinado-1_tarjado.pdf in 57.02 sec.
21:59:25 INFO       pixel_budget (Docling) iti_doc_diretivo_assinado-1_tarjado.pdf: 8.0% (área tabelas/5516339 px²)
21:59:25 INFO     [13/15] ✓ ITI       :    9 entregas | 57.0s | ETA ~1min
21:59:25 INFO     [14/15] → sgpr_ptd_2025_2027_anexo_de_entregas_assinado-copia_tarjada.pdf
21:59:25 INFO     detected formats: [<InputFormat.PDF: 'pdf'>]
21:59:25 INFO     Going to convert document batch...
21:59:25 INFO     Processing document sgpr_ptd_2025_2027_anexo_de_entregas_assinado-copia_tarjada.pdf
21:59:26 INFO     command: tesseract --psm 0 -l osd /tmp/tmpwph_p20p.png stdout
21:59:27 INFO     command: tesseract -l por /tmp/tmpwph_p20p.png stdout tsv
21:59:30 INFO     command: tesseract --psm 0 -l osd /tmp/tmpxu1nuita.png stdout
21:59:31 INFO     command: tesseract -l por /tmp/tmpxu1nuita.png stdout tsv
21:59:44 INFO     Finished converting document sgpr_ptd_2025_2027_anexo_de_entregas_assinado-copia_tarjada.pdf in 18.90 sec.
21:59:44 INFO       pixel_budget (Docling) sgpr_ptd_2025_2027_anexo_de_entregas_assinado-copia_tarjada.pdf: 29.5% (área tabelas/1002424 px²)
21:59:44 INFO     [14/15] ✓ SGPR      :   15 entregas | 18.9s | ETA ~48s
21:59:44 INFO     [15/15] → sgpr_ptd_2026_2027_docdiretivo_assinado-copia_tarjada.pdf
21:59:44 INFO     detected formats: [<InputFormat.PDF: 'pdf'>]
21:59:44 INFO     Going to convert document batch...
21:59:44 INFO     Processing document sgpr_ptd_2026_2027_docdiretivo_assinado-copia_tarjada.pdf
22:00:04 INFO     Finished converting document sgpr_ptd_2026_2027_docdiretivo_assinado-copia_tarjada.pdf in 19.90 sec.
22:00:04 INFO       pixel_budget (Docling) sgpr_ptd_2026_2027_docdiretivo_assinado-copia_tarjada.pdf: 8.2% (área tabelas/5513330 px²)
22:00:04 INFO     [15/15] ✓ SGPR      :    4 entregas | 19.9s | ETA ~0s
22:00:04 INFO     273 registros | 7 órgãos
22:00:04 INFO     ╔══════════════════════════════════════════════════════════════╗
22:00:04 INFO     ║                  ENTREGAS — fase concluída                   ║
22:00:04 INFO     ║  Processados: 15    |  ✓ 15  ⚠ 0                             ║
22:00:04 INFO     ║  Duração: 11.6 min                                           ║
22:00:04 INFO     ║  273 registros | 7 órgãos                                    ║
22:00:04 INFO     ╚══════════════════════════════════════════════════════════════╝
22:00:04 INFO     [1/7] → agu_ptd_2025_2027_docdiretivo_assinado_assinado_assinado-copia_tarjada.pdf
22:00:04 INFO     detected formats: [<InputFormat.PDF: 'pdf'>]
22:00:04 INFO     Going to convert document batch...
22:00:04 INFO     Processing document agu_ptd_2025_2027_docdiretivo_assinado_assinado_assinado-copia_tarjada.pdf
22:00:04 INFO     command: tesseract --psm 0 -l osd /tmp/tmphydi_6lb.png stdout
22:00:05 INFO     command: tesseract -l por /tmp/tmphydi_6lb.png stdout tsv
22:00:07 INFO     command: tesseract --psm 0 -l osd /tmp/tmp94swv5hs.png stdout
22:00:09 INFO     command: tesseract -l por /tmp/tmp94swv5hs.png stdout tsv
22:00:13 INFO     command: tesseract --psm 0 -l osd /tmp/tmplt21rxhc.png stdout
22:00:14 INFO     command: tesseract -l por /tmp/tmplt21rxhc.png stdout tsv
22:00:16 INFO     command: tesseract --psm 0 -l osd /tmp/tmpqw57v3e2.png stdout
22:00:17 INFO     command: tesseract -l por /tmp/tmpqw57v3e2.png stdout tsv
22:00:19 INFO     command: tesseract --psm 0 -l osd /tmp/tmptwk6t1mk.png stdout
22:00:20 INFO     command: tesseract -l por /tmp/tmptwk6t1mk.png stdout tsv
22:00:22 INFO     command: tesseract --psm 0 -l osd /tmp/tmpoallc9se.png stdout
22:00:23 INFO     command: tesseract -l por /tmp/tmpoallc9se.png stdout tsv
22:00:34 INFO     command: tesseract --psm 0 -l osd /tmp/tmp0qeger8h.png stdout
22:00:35 INFO     command: tesseract -l por /tmp/tmp0qeger8h.png stdout tsv
22:00:37 INFO     command: tesseract --psm 0 -l osd /tmp/tmpgqaqtsvg.png stdout
22:00:38 INFO     command: tesseract -l por /tmp/tmpgqaqtsvg.png stdout tsv
22:00:40 INFO     command: tesseract --psm 0 -l osd /tmp/tmp_bhj0n8j.png stdout
22:00:41 INFO     command: tesseract -l por /tmp/tmp_bhj0n8j.png stdout tsv
22:00:43 INFO     command: tesseract --psm 0 -l osd /tmp/tmpjuokb_2a.png stdout
22:00:45 INFO     command: tesseract -l por /tmp/tmpjuokb_2a.png stdout tsv
22:00:58 INFO     command: tesseract --psm 0 -l osd /tmp/tmpt5k_v4jy.png stdout
22:00:59 INFO     command: tesseract -l por /tmp/tmpt5k_v4jy.png stdout tsv
22:01:02 INFO     Finished converting document agu_ptd_2025_2027_docdiretivo_assinado_assinado_assinado-copia_tarjada.pdf in 58.52 sec.
22:01:02 INFO     [1/7] ✓ AGU       :   7 riscos | 58.5s | ETA ~5min
22:01:02 INFO     [2/7] → documento-diretivo-mcom-_-ptd-25_27-copia_tarjada.pdf
22:01:02 INFO     detected formats: [<InputFormat.PDF: 'pdf'>]
22:01:02 INFO     Going to convert document batch...
22:01:02 INFO     Processing document documento-diretivo-mcom-_-ptd-25_27-copia_tarjada.pdf
22:01:03 INFO     command: tesseract --psm 0 -l osd /tmp/tmp9wr13qg_.png stdout
22:01:03 INFO     command: tesseract -l por /tmp/tmp9wr13qg_.png stdout tsv
22:01:06 INFO     command: tesseract --psm 0 -l osd /tmp/tmp9an5io_a.png stdout
22:01:08 INFO     command: tesseract -l por /tmp/tmp9an5io_a.png stdout tsv
22:01:12 INFO     command: tesseract --psm 0 -l osd /tmp/tmp8_aa62yg.png stdout
22:01:13 INFO     command: tesseract -l por /tmp/tmp8_aa62yg.png stdout tsv
22:01:14 INFO     command: tesseract --psm 0 -l osd /tmp/tmpx1xda13p.png stdout
22:01:15 INFO     command: tesseract -l por /tmp/tmpx1xda13p.png stdout tsv
22:01:17 INFO     command: tesseract --psm 0 -l osd /tmp/tmpwi4zlg1g.png stdout
22:01:18 INFO     command: tesseract -l por /tmp/tmpwi4zlg1g.png stdout tsv
22:01:20 INFO     command: tesseract --psm 0 -l osd /tmp/tmpd_a7dq8u.png stdout
22:01:22 INFO     command: tesseract -l por /tmp/tmpd_a7dq8u.png stdout tsv
22:01:38 INFO     command: tesseract --psm 0 -l osd /tmp/tmpv47h7fne.png stdout
22:01:39 INFO     command: tesseract -l por /tmp/tmpv47h7fne.png stdout tsv
22:01:41 INFO     command: tesseract --psm 0 -l osd /tmp/tmp390ccinc.png stdout
22:01:42 INFO     command: tesseract -l por /tmp/tmp390ccinc.png stdout tsv
22:01:44 INFO     command: tesseract --psm 0 -l osd /tmp/tmpm_y_x9yh.png stdout
22:01:45 INFO     command: tesseract -l por /tmp/tmpm_y_x9yh.png stdout tsv
22:01:47 INFO     command: tesseract --psm 0 -l osd /tmp/tmp1nvnnbao.png stdout
22:01:48 INFO     command: tesseract -l por /tmp/tmp1nvnnbao.png stdout tsv
22:01:54 INFO     command: tesseract --psm 0 -l osd /tmp/tmpy40fyzzd.png stdout
22:01:55 INFO     command: tesseract -l por /tmp/tmpy40fyzzd.png stdout tsv
22:02:00 INFO     command: tesseract --psm 0 -l osd /tmp/tmpp6p4wb2j.png stdout
22:02:01 INFO     command: tesseract -l por /tmp/tmpp6p4wb2j.png stdout tsv
22:02:03 INFO     command: tesseract --psm 0 -l osd /tmp/tmpdfd9mf0s.png stdout
22:02:03 INFO     command: tesseract -l por /tmp/tmpdfd9mf0s.png stdout tsv
22:02:05 INFO     command: tesseract --psm 0 -l osd /tmp/tmpfycngf90.png stdout
22:02:06 INFO     command: tesseract -l por /tmp/tmpfycngf90.png stdout tsv
22:02:12 INFO     Finished converting document documento-diretivo-mcom-_-ptd-25_27-copia_tarjada.pdf in 69.95 sec.
22:02:12 INFO     [2/7] ✓ MCOM      :  14 riscos | 70.0s | ETA ~5min
22:02:12 INFO     [3/7] → fiocruz_novo-ptd_2-1_docdiretivo_repactuacao_2024-2026_assinado_assinado-copia_tarjada.pdf
22:02:12 INFO     detected formats: [<InputFormat.PDF: 'pdf'>]
22:02:12 INFO     Going to convert document batch...
22:02:12 INFO     Processing document fiocruz_novo-ptd_2-1_docdiretivo_repactuacao_2024-2026_assinado_assinado-copia_tarjada.pdf
22:02:30 INFO     Finished converting document fiocruz_novo-ptd_2-1_docdiretivo_repactuacao_2024-2026_assinado_assinado-copia_tarjada.pdf in 17.74 sec.
22:02:30 INFO     [3/7] ✓ FIOCRUZ   :   6 riscos | 17.7s | ETA ~3min
22:02:30 INFO     [4/7] → funai_ptd_2025_2027_docdiretivo_assinado-1_tarjado.pdf
22:02:30 INFO     detected formats: [<InputFormat.PDF: 'pdf'>]
22:02:30 INFO     Going to convert document batch...
22:02:30 INFO     Processing document funai_ptd_2025_2027_docdiretivo_assinado-1_tarjado.pdf
22:02:32 INFO     command: tesseract --psm 0 -l osd /tmp/tmpd0c50nog.png stdout
22:02:32 INFO     command: tesseract -l por /tmp/tmpd0c50nog.png stdout tsv
22:02:33 INFO     command: tesseract --psm 0 -l osd /tmp/tmp6hw2d8rt.png stdout
22:02:35 INFO     command: tesseract -l por /tmp/tmp6hw2d8rt.png stdout tsv
22:02:38 INFO     command: tesseract --psm 0 -l osd /tmp/tmp8tmpi23k.png stdout
22:02:39 INFO     command: tesseract -l por /tmp/tmp8tmpi23k.png stdout tsv
22:02:41 INFO     command: tesseract --psm 0 -l osd /tmp/tmp36ut1ae0.png stdout
22:02:42 INFO     command: tesseract -l por /tmp/tmp36ut1ae0.png stdout tsv
22:02:43 INFO     command: tesseract --psm 0 -l osd /tmp/tmp7bu6l24g.png stdout
22:02:44 INFO     command: tesseract -l por /tmp/tmp7bu6l24g.png stdout tsv
22:02:46 INFO     command: tesseract --psm 0 -l osd /tmp/tmp0b03h296.png stdout
22:02:48 INFO     command: tesseract -l por /tmp/tmp0b03h296.png stdout tsv
22:02:59 INFO     command: tesseract --psm 0 -l osd /tmp/tmpq_u3o_d2.png stdout
22:02:59 INFO     command: tesseract -l por /tmp/tmpq_u3o_d2.png stdout tsv
22:03:01 INFO     command: tesseract --psm 0 -l osd /tmp/tmpuricqnjj.png stdout
22:03:01 INFO     command: tesseract -l por /tmp/tmpuricqnjj.png stdout tsv
22:03:03 INFO     command: tesseract --psm 0 -l osd /tmp/tmpnfjc46op.png stdout
22:03:04 INFO     command: tesseract -l por /tmp/tmpnfjc46op.png stdout tsv
22:03:05 INFO     command: tesseract --psm 0 -l osd /tmp/tmpe9qw861m.png stdout
22:03:07 INFO     command: tesseract -l por /tmp/tmpe9qw861m.png stdout tsv
22:03:17 INFO     command: tesseract --psm 0 -l osd /tmp/tmplxz3779g.png stdout
22:03:18 INFO     command: tesseract -l por /tmp/tmplxz3779g.png stdout tsv
22:03:28 INFO     command: tesseract --psm 0 -l osd /tmp/tmpjv2np7yf.png stdout
22:03:28 INFO     command: tesseract -l por /tmp/tmpjv2np7yf.png stdout tsv
22:03:30 INFO     command: tesseract --psm 0 -l osd /tmp/tmpfvcvouea.png stdout
22:03:31 INFO     command: tesseract -l por /tmp/tmpfvcvouea.png stdout tsv
22:03:37 INFO     Finished converting document funai_ptd_2025_2027_docdiretivo_assinado-1_tarjado.pdf in 67.33 sec.
22:03:37 INFO     [4/7] ✓ FUNAI     :  15 riscos | 67.3s | ETA ~2min
22:03:37 INFO     [5/7] → incra_ptd_docdiretivo__assinado-1_assinado_assinado-copia_tarjada.pdf
22:03:37 INFO     detected formats: [<InputFormat.PDF: 'pdf'>]
22:03:37 INFO     Going to convert document batch...
22:03:37 INFO     Processing document incra_ptd_docdiretivo__assinado-1_assinado_assinado-copia_tarjada.pdf
22:03:39 INFO     command: tesseract --psm 0 -l osd /tmp/tmppqorf5sw.png stdout
22:03:39 INFO     command: tesseract -l por /tmp/tmppqorf5sw.png stdout tsv
22:03:41 INFO     command: tesseract --psm 0 -l osd /tmp/tmpxz38u5ht.png stdout
22:03:42 INFO     command: tesseract -l por /tmp/tmpxz38u5ht.png stdout tsv
22:03:49 INFO     command: tesseract --psm 0 -l osd /tmp/tmpkdk_mvf_.png stdout
22:03:49 INFO     command: tesseract -l por /tmp/tmpkdk_mvf_.png stdout tsv
22:03:51 INFO     command: tesseract --psm 0 -l osd /tmp/tmple3p5gcp.png stdout
22:03:52 INFO     command: tesseract -l por /tmp/tmple3p5gcp.png stdout tsv
22:03:54 INFO     command: tesseract --psm 0 -l osd /tmp/tmp0beo3mxu.png stdout
22:03:55 INFO     command: tesseract -l por /tmp/tmp0beo3mxu.png stdout tsv
22:03:57 INFO     command: tesseract --psm 0 -l osd /tmp/tmp64nshr8f.png stdout
22:03:58 INFO     command: tesseract -l por /tmp/tmp64nshr8f.png stdout tsv
22:04:10 INFO     command: tesseract --psm 0 -l osd /tmp/tmp_d2w6mi6.png stdout
22:04:11 INFO     command: tesseract -l por /tmp/tmp_d2w6mi6.png stdout tsv
22:04:14 INFO     command: tesseract --psm 0 -l osd /tmp/tmpg8qe74dq.png stdout
22:04:15 INFO     command: tesseract -l por /tmp/tmpg8qe74dq.png stdout tsv
22:04:16 INFO     command: tesseract --psm 0 -l osd /tmp/tmp8p0k3vuh.png stdout
22:04:17 INFO     command: tesseract -l por /tmp/tmp8p0k3vuh.png stdout tsv
22:04:19 INFO     command: tesseract --psm 0 -l osd /tmp/tmpk29tny5_.png stdout
22:04:20 INFO     command: tesseract -l por /tmp/tmpk29tny5_.png stdout tsv
22:04:25 INFO     command: tesseract --psm 0 -l osd /tmp/tmp3uam0bfk.png stdout
22:04:26 INFO     command: tesseract -l por /tmp/tmp3uam0bfk.png stdout tsv
22:04:33 INFO     command: tesseract --psm 0 -l osd /tmp/tmpxd5ysl1s.png stdout
22:04:34 INFO     command: tesseract -l por /tmp/tmpxd5ysl1s.png stdout tsv
22:04:38 INFO     command: tesseract --psm 0 -l osd /tmp/tmpfi300gjx.png stdout
22:04:39 INFO     command: tesseract -l por /tmp/tmpfi300gjx.png stdout tsv
22:04:47 INFO     Finished converting document incra_ptd_docdiretivo__assinado-1_assinado_assinado-copia_tarjada.pdf in 69.07 sec.
22:04:47 INFO     [5/7] ✓ INCRA     :  15 riscos | 69.1s | ETA ~1min
22:04:47 INFO     [6/7] → iti_doc_diretivo_assinado-1_tarjado.pdf
22:04:47 INFO     detected formats: [<InputFormat.PDF: 'pdf'>]
22:04:47 INFO     Going to convert document batch...
22:04:47 INFO     Processing document iti_doc_diretivo_assinado-1_tarjado.pdf
22:04:47 INFO     command: tesseract --psm 0 -l osd /tmp/tmpwwkxjjqa.png stdout
22:04:48 INFO     command: tesseract -l por /tmp/tmpwwkxjjqa.png stdout tsv
22:04:50 INFO     command: tesseract --psm 0 -l osd /tmp/tmppa6h6krw.png stdout
22:04:51 INFO     command: tesseract -l por /tmp/tmppa6h6krw.png stdout tsv
22:04:54 INFO     command: tesseract --psm 0 -l osd /tmp/tmpsfk09dhg.png stdout
22:04:54 INFO     command: tesseract -l por /tmp/tmpsfk09dhg.png stdout tsv
22:04:56 INFO     command: tesseract --psm 0 -l osd /tmp/tmpn1srxjvf.png stdout
22:04:57 INFO     command: tesseract -l por /tmp/tmpn1srxjvf.png stdout tsv
22:04:59 INFO     command: tesseract --psm 0 -l osd /tmp/tmp_g30mhfr.png stdout
22:04:59 INFO     command: tesseract -l por /tmp/tmp_g30mhfr.png stdout tsv
22:05:02 INFO     command: tesseract --psm 0 -l osd /tmp/tmpac5rdmlp.png stdout
22:05:03 INFO     command: tesseract -l por /tmp/tmpac5rdmlp.png stdout tsv
22:05:20 INFO     command: tesseract --psm 0 -l osd /tmp/tmp2m9o1b1_.png stdout
22:05:20 INFO     command: tesseract -l por /tmp/tmp2m9o1b1_.png stdout tsv
22:05:22 INFO     command: tesseract --psm 0 -l osd /tmp/tmp7r7j5gp6.png stdout
22:05:23 INFO     command: tesseract -l por /tmp/tmp7r7j5gp6.png stdout tsv
22:05:25 INFO     command: tesseract --psm 0 -l osd /tmp/tmpko7op43m.png stdout
22:05:26 INFO     command: tesseract -l por /tmp/tmpko7op43m.png stdout tsv
22:05:28 INFO     command: tesseract --psm 0 -l osd /tmp/tmp52l_dtj2.png stdout
22:05:30 INFO     command: tesseract -l por /tmp/tmp52l_dtj2.png stdout tsv
22:05:35 INFO     command: tesseract --psm 0 -l osd /tmp/tmp_7xajnsk.png stdout
22:05:36 INFO     command: tesseract -l por /tmp/tmp_7xajnsk.png stdout tsv
22:05:46 INFO     Finished converting document iti_doc_diretivo_assinado-1_tarjado.pdf in 59.60 sec.
22:05:46 INFO     [6/7] ✓ ITI       :  14 riscos | 59.6s | ETA ~57s
22:05:46 INFO     [7/7] → sgpr_ptd_2026_2027_docdiretivo_assinado-copia_tarjada.pdf
22:05:46 INFO     detected formats: [<InputFormat.PDF: 'pdf'>]
22:05:46 INFO     Going to convert document batch...
22:05:46 INFO     Processing document sgpr_ptd_2026_2027_docdiretivo_assinado-copia_tarjada.pdf
22:06:07 INFO     Finished converting document sgpr_ptd_2026_2027_docdiretivo_assinado-copia_tarjada.pdf in 20.48 sec.
22:06:07 INFO     [7/7] ✓ SGPR      :  10 riscos | 20.5s | ETA ~0s
22:06:07 INFO     ╔══════════════════════════════════════════════════════════════╗
22:06:07 INFO     ║                   RISCOS — fase concluída                    ║
22:06:07 INFO     ║  Processados: 7     |  ✓ 7  ⚠ 0                              ║
22:06:07 INFO     ║  Duração: 6.0 min                                            ║
22:06:07 INFO     ║  81 riscos | 7 órgãos                                        ║
22:06:07 INFO     ╚══════════════════════════════════════════════════════════════╝
22:06:07 INFO     81 riscos | 0 ações | 135 relações
22:06:07 INFO     ptd_corpus_raw                     : 273 linhas
22:06:07 INFO     ptd_pivot_eixos                    : 7 linhas
22:06:10 INFO     ptd_datas_assinatura               : 132 linhas
22:06:10 INFO     ptd_riscos                         : 81 linhas
22:06:10 INFO     ptd_riscos_acoes                   : 135 linhas
22:06:10 INFO     Manifesto salvo: pipeline_manifest.json | SHA-256 de 132 PDFs
22:06:10 INFO     ==================================================
22:06:10 INFO     PTD-BR v3.0-melhorado — PIPELINE CONCLUÍDO
22:06:10 INFO     ==================================================
22:06:10 INFO     ptd_corpus_raw.csv                        167 KB
22:06:10 INFO     ptd_pivot_eixos.csv                         0 KB
22:06:10 INFO     ptd_datas_assinatura.csv                    9 KB
22:06:10 INFO     ptd_riscos.csv                             23 KB
22:06:10 INFO     ptd_riscos_acoes.csv                        2 KB
22:06:10 INFO     proveniencia.json                           0 KB
22:06:10 INFO     pipeline_manifest.json                     21 KB
22:06:10 INFO     📦 Artefatos: https://github.com/freirelucas/teste/actions/runs/24052553104
22:06:10 INFO     ==================================================
