16:56:40 INFO     Docling disponível
16:56:40 WARNING  OCR fallback indisponível (IndentationError: unexpected indent (ptd_ocr_fallback.py, line 45))
16:56:41 INFO     Ignorado (guia/template/norma): ABNT-NBR-17225-Acessibilidade-Digital.pdf
16:56:41 INFO     Ignorado (guia/template/norma): cgrep-guia10passos-ptd-orgao.pdf
16:56:41 INFO     Ignorado (guia/template/norma): ABNT-NBR-17225-Acessibilidade-Digital.pdf
16:56:41 INFO     Scraping: 132 PDFs únicos | entregas: 68 | diretivos: 61
16:56:41 INFO     Baixando 132 PDFs únicos...
16:56:43 INFO     ✓ [  1/132] abin_ptd_anexo_de_entregas_assinado_pelo_orgao_ass   293.3KB
16:56:48 INFO     ✓ [  2/132] aeb_ptd_2025_2027_docdiretivo_aprovado_assinado-1_  1033.7KB
16:56:51 INFO     ✓ [  3/132] aeb_ptd_2025_2027_anexo_de_entregas_aprovado_assin   154.5KB
16:56:58 INFO     ✓ [  4/132] agu_ptd_2025_2027_docdiretivo_assinado_assinado_as  2860.3KB
16:57:01 INFO     ✓ [  5/132] agu_ptd_2025_2027_anexo_de_entregas_assinado_assin   525.5KB
16:57:04 INFO     ✓ [  6/132] ana_ptd_2025_2027_docdiretivo_assinado_assinado_as   477.2KB
16:57:07 INFO     ✓ [  7/132] ana_ptd_2025_2027_anexoentregas_assinado_assinado_   170.9KB
16:57:11 INFO     ✓ [  8/132] anac_ptd_2025_2026_docdiretivo_se_assinado_tarjado  1036.3KB
16:57:14 INFO     ✓ [  9/132] anac_ptd_2025_2026_anexo_de_entregas_se_assinado.p   215.2KB
16:57:18 INFO     ✓ [ 10/132] anatel_ptd_docdiretivo_assinado_2025_2026_assinado  1006.0KB
16:57:20 INFO     ✓ [ 11/132] anatel_ptd_2025_2026_anexo_de_entregas_do_ptd_publ    71.9KB
16:57:24 INFO     ✓ [ 12/132] ancine_ptd_2024_2026_docdiretivo_assinado-2_assina   961.8KB
16:57:28 INFO     ✓ [ 13/132] ancine_ptd_2024_2026_-_anexo_de_entregas_aprovado_   613.2KB
16:57:31 INFO     ✓ [ 14/132] ptd_aneel_2025-2027_docdiretivo_assinado_tarjado.p   779.6KB
16:57:34 INFO     ✓ [ 15/132] ptd_aneel_2025-2027_anexo_de_entregas_assinado.pdf   111.9KB
16:57:38 INFO     ✓ [ 16/132] anm_ptd_2025_2027_docdiretivo_assinadopeloorgao_ta  1092.5KB
16:57:42 INFO     ✓ [ 17/132] anm_ptd_2025_2027_anexo_entregas_assinadopeloorgao  1140.4KB
16:57:46 INFO     ✓ [ 18/132] anpd_ptd_2025_2027_docdiretivo_assinado_assinado_a  1044.3KB
16:57:49 INFO     ✓ [ 19/132] anpd_ptd_2025_2027_anexo_de_entregas_assinado_assi   166.5KB
16:57:53 INFO     ✓ [ 20/132] ans-plano_de_transformacao_digital_assinado-copia_  1023.4KB
16:57:55 INFO     ✓ [ 21/132] ans_ptd_2025_2026_anexo_de_entregas_assinado_assin   124.1KB
16:58:00 INFO     ✓ [ 22/132] antaq_ptd_2025_2027_docdiretivo_assinado_assinado_  1039.8KB
16:58:02 INFO     ✓ [ 23/132] antaq_ptd_2025_2027_anexoentregas_assinado_assinad   145.1KB
16:58:04 INFO     ✓ [ 24/132] mt_anexo_de_entregas_-_assinado_assinado_assinado_   143.6KB
16:58:16 INFO     ✓ [ 25/132] anvisa_ptd_docdiretivo_2025-2026_assinado_assinado  5771.2KB
16:58:19 INFO     ✓ [ 26/132] anvisa_ptd_anexo_de_entregas_2025_2026_assinado_as   239.0KB
16:58:22 INFO     ✓ [ 27/132] bcb_documento_diretivo_assinado_assinado_assinado-   713.7KB
16:58:25 INFO     ✓ [ 28/132] bcb_anexo_de_entregas_ptd_25_26-1_assinado_assinad   134.8KB
16:58:29 INFO     ✓ [ 29/132] cade_ptd_docdiretivo_2025_2026_assinado-2_assinado   810.4KB
16:58:32 INFO     ✓ [ 30/132] cade_ptd_anexo_de_entregas_2025_2026_assinado_copi   504.0KB
16:58:36 INFO     ✓ [ 31/132] mec_ptd_docdiretivo_2025-2026_sei_mec-5566673_copi   863.1KB
16:58:39 INFO     ✓ [ 32/132] mec_ptd_anexo-de-entregas_sei_mec-5576401_copia_ta   495.7KB
16:58:44 INFO     ✓ [ 33/132] mec_ptd_docdiretivo-versao-comunicacao_copia_tarja  1616.5KB
16:58:48 INFO     ✓ [ 34/132] md_ptd_2026_2027_anexo_de_entregas_assinado_assina   579.4KB
16:58:50 INFO     ✓ [ 35/132] md_ptd_2026_2027_anexo_de_entregas_assinado_assina   186.8KB
16:58:54 INFO     ✓ [ 36/132] md_ptd_temp_copia_tarjada.pdf                        741.9KB
16:58:58 INFO     ✓ [ 37/132] cgu_ptd_docdiretivo_assinado_assinado_assinado-cop  1085.4KB
16:59:01 INFO     ✓ [ 38/132] cgu_ptd_anexo_de_entregas_pactuadas_assinado_assin   514.1KB
16:59:04 INFO     ✓ [ 39/132] cnpq_ptd_2025_2027_docdiretivo_assinado_assinado_a   342.9KB
16:59:07 INFO     ✓ [ 40/132] cnpq_ptd_2025_2027_anexo_de_entregas_assinado_assi   136.1KB
16:59:12 INFO     ✓ [ 41/132] coaf_ptd_2025_2026_documento_diretivo_assinado_ass  1068.0KB
16:59:19 INFO     ✓ [ 42/132] coaf_ptd_2025_2026_anexo_de_entregas-2_assinado_as  3184.5KB
16:59:28 INFO     ✓ [ 43/132] ptd_midr-docdiretivo_aprovado_assinado_tarjado.pdf  3864.1KB
16:59:32 INFO     ✓ [ 44/132] ptd_midr_-_anexo_de_entregas_-_aprovado_assinado.p  1122.0KB
16:59:35 INFO     ✓ [ 45/132] mda-documento-diretivo-assinado_ptd-2025-207-copia   955.8KB
16:59:38 INFO     ✓ [ 46/132] cvm_ptd_2025_2027_docdiretivo_assinado_assinado_as   270.5KB
16:59:41 INFO     ✓ [ 47/132] cvm_ptd_2025_2027_anexoentregas_assinado_assinado_   409.0KB
16:59:45 INFO     ✓ [ 48/132] dnocs_ptd_doc_diretivo_2025_2026_assinado_orgao-2_   891.1KB
16:59:48 INFO     ✓ [ 49/132] dnocs_anexo_de_entregas_repactuado_2025_2026_assin   272.3KB
16:59:55 INFO     ✓ [ 50/132] fbn_ptd_2025_2027_docdiretivo_assinado-1_tarjado.p  2921.6KB
16:59:58 INFO     ✓ [ 51/132] fbn_ptd_2025_2027_anexo_de_entregas_assinado-1.pdf   162.3KB
17:00:03 INFO     ✓ [ 52/132] fcp_ptd_2025_2027_docdiretivo_assinado-1_tarjado.p  1612.0KB
17:00:05 INFO     ✓ [ 53/132] fcp_ptd_2025_2027_anexo_de_entregas_assinado-1.pdf   118.8KB
17:00:09 INFO     ✓ [ 54/132] fcrb_ptd_2025_2026_docdiretivo_aprovado_assinado-1   998.2KB
17:00:12 INFO     ✓ [ 55/132] fcrb_ptd_2025_2026_anexo_de_entregas_aprovado_assi   313.5KB
17:00:16 INFO     ✓ [ 56/132] fiocruz_novo-ptd_2-1_docdiretivo_repactuacao_2024-  1318.1KB
17:00:19 INFO     ✓ [ 57/132] fiocruz_ptd_anexo_de_entregas_assinado_v1_assinado   257.1KB
17:00:24 INFO     ✓ [ 58/132] fiocruz-ptd-06_2024-copia_tarjada.pdf               1693.8KB
17:00:29 INFO     ✓ [ 59/132] funai_ptd_2025_2027_docdiretivo_assinado-1_tarjado  1842.1KB
17:00:33 INFO     ✓ [ 60/132] funai_anexo_de_entregas_repactuado_2026_2027_assin   435.7KB
17:00:36 INFO     ✓ [ 61/132] funarte_ptd_docdiretivo_assinado_21_01_2025_assina   965.7KB
17:00:40 INFO     ✓ [ 62/132] funarte_ptd_anexo_de_entregas_assinado_v1_assinado   683.6KB
17:00:44 INFO     ✓ [ 63/132] fundacentro_ptd_2025_2027_docdiretivo_assinado_ass   826.6KB
17:00:47 INFO     ✓ [ 64/132] fundacentro_ptd_2025_2027_anexo_de_entregas_assina   635.5KB
17:00:51 INFO     ✓ [ 65/132] mma_ptd_docdiretivo_assinado_2025_2026-1_assinado_   949.3KB
17:00:54 INFO     ✓ [ 66/132] mma_ptd_anexo_de_entregas_aprovado_final_assinado_   174.8KB
17:00:58 INFO     ✓ [ 67/132] ibge_docdiretivo_2025_assinado_assinado_assinado-c  1167.3KB
17:01:00 INFO     ✓ [ 68/132] ibge_ptd_25_26_anexo_de_entregas_modelo_v2-1_assin   143.7KB
17:01:14 INFO     ✓ [ 69/132] incra_ptd_docdiretivo__assinado-1_assinado_assinad  7182.0KB
17:01:20 INFO     ✓ [ 70/132] incra_anexo_de_entregas_assinado-1_assinado_assina  1818.6KB
17:01:27 INFO     ✓ [ 71/132] inpi_ptd_docdiretivo_assinado_2025_2026_assinado_a  3322.4KB
17:01:35 INFO     ✓ [ 72/132] inpi_ptd_anexo_de_entregas_assinado_v1_assinado_as  3078.1KB
17:01:39 INFO     ✓ [ 73/132] inss_ptd_2025_2027_docdiretivo-assinado-copia_tarj  1173.3KB
17:01:41 INFO     ✓ [ 74/132] inss_ptd_2025_2027_anexo_de_entregas-assinado-copi   110.8KB
17:01:45 INFO     ✓ [ 75/132] iphan_ptd_docdiretivo_assinado_2025_2026_assinado_   885.7KB
17:01:48 INFO     ✓ [ 76/132] iphan_ptd_anexo_de_entregas_assinado_v1_assinado_a   310.9KB
17:01:58 INFO     ✓ [ 77/132] iti_doc_diretivo_assinado-1_tarjado.pdf             4905.1KB
17:02:02 INFO     ✓ [ 78/132] iti_anexo_de_entregas_assinado.pdf                   556.4KB
17:02:07 INFO     ✓ [ 79/132] mapa_ptd_2025_2027_docdiretivo_assinado-1_tarjado.  1740.9KB
17:02:09 INFO     ✓ [ 80/132] mapa_ptd_2025_2027_anexo_de_entregas_assinado-1.pd   261.9KB
17:02:19 INFO     ✓ [ 81/132] documento-diretivo-mcom-_-ptd-25_27-copia_tarjada.  4451.9KB
17:02:23 INFO     ✓ [ 82/132] anexo-de-entregas-mcom_ptd-25_27-copia_tarjada.pdf  1213.8KB
17:02:31 INFO     ✓ [ 83/132] ptd_21_24_mcom-copia_tarjada.pdf                    3040.7KB
17:02:35 INFO     ✓ [ 84/132] mcti_ptd_2025-2027_docdiretivo_assinado-copia_tarj  1030.7KB
17:02:37 INFO     ✓ [ 85/132] mcti_ptd_2025-2027_anexo-de-entregas_assinado-copi   145.8KB
17:02:40 INFO     ✓ [ 86/132] mda-anexo-entregas-assinado_ptd-2025-2027-copia-ta   284.6KB
17:02:44 INFO     ✓ [ 87/132] mdhc_ptd_2025_2027_docdiretivo_assinado_assinado_a   753.4KB
17:02:46 INFO     ✓ [ 88/132] mdhc_ptd_2025_2027_anexoentregas_assinado_assinado   186.8KB
17:02:49 INFO     ✓ [ 89/132] mdic_ptd_anexo_de_entregas_assinado_v1_assinado_as   176.6KB
17:02:53 INFO     ✓ [ 90/132] memp_ptd_2025_2026_docdiretivo_assinado_assinado_a  1030.1KB
17:02:56 INFO     ✓ [ 91/132] memp_ptd_2025_2026_anexo_de_entregas_assinado_assi   161.5KB
17:03:00 INFO     ✓ [ 92/132] mesp_ptd_2025_2027_docdiretivo_assinado_assinado_2  1147.7KB
17:03:03 INFO     ✓ [ 93/132] mesp_ptd_2025_2027_anexo_de_entregas_assinado_assi   226.6KB
17:03:07 INFO     ✓ [ 94/132] mf_ptd_2026_2027_documentodiretivo_assinado_assina   955.1KB
17:03:09 INFO     ✓ [ 95/132] mf_ptd_2026_2027_anexo_de_entregas_1_mf_se_assinad   241.2KB
17:03:12 INFO     ✓ [ 96/132] mgi_ptd_2025_2027_docdiretivo_assinado_assinado_as   375.2KB
17:03:16 INFO     ✓ [ 97/132] mgi_ptd_2025_2027_anexo_de_entregas_assinado_assin   256.1KB
17:03:19 INFO     ✓ [ 98/132] minc_ptd_2025_2027_docdiretivo_assinado-1_assinado   863.6KB
17:03:22 INFO     ✓ [ 99/132] minc_ptd_2025_2027_anexo_de_entregas_assinado-1_as   276.7KB
17:03:26 INFO     ✓ [100/132] mjsp_ptd_docdiretivo_assinado_2025_2026_assinado_a   954.0KB
17:03:29 INFO     ✓ [101/132] mjsp_ptd_anexo_de_entregas_assinado_v1_assinado_as   253.9KB
17:03:32 INFO     ✓ [102/132] mme_ptd_2025_2027_docdiretivo_assinado-copia_tarja   664.5KB
17:03:35 INFO     ✓ [103/132] mme_ptd_2025_2027_anexo_de_entregas_assinado__1_-c   111.1KB
17:03:39 INFO     ✓ [104/132] mmulheres_ptd_2025_2027_docdiretivo_assinado_assin  1078.3KB
17:03:42 INFO     ✓ [105/132] mmulheres_ptd_2025_2027_anexo_de_entregas_assinado   216.9KB
17:03:46 INFO     ✓ [106/132] mpi_ptd_2025_2027_docdiretivo_ministerio_dos_povos   947.9KB
17:03:48 INFO     ✓ [107/132] mpi_ptd_anexo_de_entregas_do_plano_de_tranformacao   191.9KB
17:03:52 INFO     ✓ [108/132] mpo_ptd_docdiretivo_assinado_2025_2026_assinado_as   806.3KB
17:03:55 INFO     ✓ [109/132] mpo_ptd_anexo_de_entregas_assinado_v1_assinado_ass   323.2KB
17:03:59 INFO     ✓ [110/132] mpor_ptd_2025_2027_docdiretivo_assinado_assinado_a   876.5KB
17:04:02 INFO     ✓ [111/132] mpor_ptd_2025_2027_anexo_de_entregas_assinado_assi   175.1KB
17:04:06 INFO     ✓ [112/132] mps_ptd_2025-2026_docdiretivo_final_assinado-1_ass  1024.4KB
17:04:08 INFO     ✓ [113/132] mps_ptd_2025-2026_anexo_de_entregas_final_assinado   165.0KB
17:04:12 INFO     ✓ [114/132] mre_ptd_docdiretivo_assinado_2025_2026_assinado_as   760.9KB
17:04:15 INFO     ✓ [115/132] mre_ptd_anexo_de_entregas_assinado_v1_assinado_ass   233.2KB
17:04:19 INFO     ✓ [116/132] mte_ptd_2025_2026_docdiretivo_assinado_assinado_as   729.6KB
17:04:22 INFO     ✓ [117/132] mte_ptd_anexo_de_entregas_assinado_v1__281_29_assi   459.5KB
17:04:26 INFO     ✓ [118/132] mtur_ptd_docdiretiv_assinado_30_01_2025_assinado_a  1050.4KB
17:04:28 INFO     ✓ [119/132] mtur_ptd_anexo_de_entregas_assinado_30_01_2025_ass   118.8KB
17:04:33 INFO     ✓ [120/132] pf_ptd_docdiretivo_2025_2027_assinado-copia_tarjad   964.3KB
17:04:35 INFO     ✓ [121/132] pf_ptd_anexo_de_entregas_2025_2027_assinado-copia_    62.5KB
17:04:38 INFO     ✓ [122/132] mf_ptd_2026_2027_anexo_de_entregas_4_mf_pgfn_assin   466.8KB
17:04:51 INFO     ✓ [123/132] previc_plano_de_transformacao_digital_2025_2026_29  6652.7KB
17:04:54 INFO     ✓ [124/132] previc_ptd_repactuacao_2025-2026_assinado_assinado   182.9KB
17:04:57 INFO     ✓ [125/132] prf_documentodiretivo_ptd_2026-2027_assinado_tarja   535.9KB
17:05:00 INFO     ✓ [126/132] prf_anexo_de_entregas_do_ptd__2026_2027___ptd___en   157.7KB
17:05:03 INFO     ✓ [127/132] mf_ptd_2026_2027_anexo_de_entregas_2_mf_rfb_assina   253.7KB
17:05:07 INFO     ✓ [128/132] sgpr_ptd_2026_2027_docdiretivo_assinado-copia_tarj   791.2KB
17:05:11 INFO     ✓ [129/132] sgpr_ptd_2025_2027_anexo_de_entregas_assinado-copi   897.9KB
17:05:14 INFO     ✓ [130/132] mf_ptd_2026_2027_anexo_de_entregas_3_mf_stn_assina   467.8KB
17:05:18 INFO     ✓ [131/132] susep_ptd_2025_2027_docdiretivo-assinado-copia_tar  1030.1KB
17:05:21 INFO     ✓ [132/132] susep_ptd_2025-2026_anexo_de_entregas_final_assina   221.9KB
17:05:22 INFO     132 OK | 0 erros | 123.3 MB total
17:05:28 INFO     Sanity: 132 PDFs | 113 texto | 19 imagem/OCR | 0 duplicatas
17:05:28 INFO     --siglas (debug): 15 PDFs de ['AGU', 'FIOCRUZ', 'FUNAI', 'FUNDACENTRO', 'INCRA', 'ITI', 'MCOM', 'SGPR']
17:05:28 INFO     DocumentConverter instanciado (singleton × 2: plain + OCR)
17:05:28 INFO     [1/15] → agu_ptd_2025_2027_anexo_de_entregas_assinado_assinado_assinado-copia_tarjada.pdf
17:05:28 INFO     detected formats: [<InputFormat.PDF: 'pdf'>]
17:05:28 INFO     Going to convert document batch...
17:05:28 INFO     Initializing pipeline for StandardPdfPipeline with options hash bc6794697da537796efc497178f9263f
17:05:28 INFO     Loading plugin 'docling_defaults'
17:05:28 INFO     Registered picture descriptions: ['picture_description_vlm_engine', 'vlm', 'api']
17:05:28 INFO     Loading plugin 'docling_defaults'
17:05:28 INFO     Registered ocr engines: ['auto', 'easyocr', 'kserve_v2_ocr', 'ocrmac', 'rapidocr', 'tesserocr', 'tesseract']
17:05:28 INFO     command: tesseract --list-langs
17:05:28 INFO     Loading plugin 'docling_defaults'
17:05:28 INFO     Registered layout engines: ['layout_object_detection', 'docling_layout_default', 'docling_experimental_table_crops_layout']
17:05:28 INFO     Accelerator device: 'cpu'
17:05:28 INFO     HTTP Request: GET https://huggingface.co/api/models/docling-project/docling-layout-heron/revision/main "HTTP/1.1 200 OK"
17:05:28 INFO     HTTP Request: HEAD https://huggingface.co/docling-project/docling-layout-heron/resolve/8f39ad3c0b4c58e9c2d2c84a38465abf757272d8/.gitattributes "HTTP/1.1 307 Temporary Redirect"
17:05:28 INFO     HTTP Request: HEAD https://huggingface.co/docling-project/docling-layout-heron/resolve/8f39ad3c0b4c58e9c2d2c84a38465abf757272d8/README.md "HTTP/1.1 307 Temporary Redirect"
17:05:28 INFO     HTTP Request: HEAD https://huggingface.co/docling-project/docling-layout-heron/resolve/8f39ad3c0b4c58e9c2d2c84a38465abf757272d8/docling_heron_400.png "HTTP/1.1 307 Temporary Redirect"
17:05:28 INFO     HTTP Request: HEAD https://huggingface.co/docling-project/docling-layout-heron/resolve/8f39ad3c0b4c58e9c2d2c84a38465abf757272d8/model.safetensors "HTTP/1.1 302 Found"
17:05:28 INFO     HTTP Request: HEAD https://huggingface.co/docling-project/docling-layout-heron/resolve/8f39ad3c0b4c58e9c2d2c84a38465abf757272d8/config.json "HTTP/1.1 307 Temporary Redirect"
17:05:28 WARNING  Warning: You are sending unauthenticated requests to the HF Hub. Please set a HF_TOKEN to enable higher rate limits and faster downloads.
17:05:28 INFO     HTTP Request: HEAD https://huggingface.co/api/resolve-cache/models/docling-project/docling-layout-heron/8f39ad3c0b4c58e9c2d2c84a38465abf757272d8/.gitattributes "HTTP/1.1 200 OK"
17:05:28 INFO     HTTP Request: HEAD https://huggingface.co/api/resolve-cache/models/docling-project/docling-layout-heron/8f39ad3c0b4c58e9c2d2c84a38465abf757272d8/README.md "HTTP/1.1 200 OK"
17:05:28 INFO     HTTP Request: HEAD https://huggingface.co/api/resolve-cache/models/docling-project/docling-layout-heron/8f39ad3c0b4c58e9c2d2c84a38465abf757272d8/docling_heron_400.png "HTTP/1.1 200 OK"
17:05:28 INFO     HTTP Request: HEAD https://huggingface.co/api/resolve-cache/models/docling-project/docling-layout-heron/8f39ad3c0b4c58e9c2d2c84a38465abf757272d8/config.json "HTTP/1.1 200 OK"
17:05:28 INFO     HTTP Request: GET https://huggingface.co/api/resolve-cache/models/docling-project/docling-layout-heron/8f39ad3c0b4c58e9c2d2c84a38465abf757272d8/.gitattributes "HTTP/1.1 200 OK"
17:05:28 INFO     HTTP Request: GET https://huggingface.co/api/resolve-cache/models/docling-project/docling-layout-heron/8f39ad3c0b4c58e9c2d2c84a38465abf757272d8/README.md "HTTP/1.1 200 OK"
17:05:28 INFO     HTTP Request: GET https://huggingface.co/api/resolve-cache/models/docling-project/docling-layout-heron/8f39ad3c0b4c58e9c2d2c84a38465abf757272d8/docling_heron_400.png "HTTP/1.1 200 OK"
17:05:28 INFO     HTTP Request: GET https://huggingface.co/api/resolve-cache/models/docling-project/docling-layout-heron/8f39ad3c0b4c58e9c2d2c84a38465abf757272d8/config.json "HTTP/1.1 200 OK"
17:05:28 INFO     HTTP Request: HEAD https://huggingface.co/docling-project/docling-layout-heron/resolve/8f39ad3c0b4c58e9c2d2c84a38465abf757272d8/preprocessor_config.json "HTTP/1.1 307 Temporary Redirect"
17:05:28 INFO     HTTP Request: HEAD https://huggingface.co/api/resolve-cache/models/docling-project/docling-layout-heron/8f39ad3c0b4c58e9c2d2c84a38465abf757272d8/preprocessor_config.json "HTTP/1.1 200 OK"
17:05:28 INFO     HTTP Request: GET https://huggingface.co/api/resolve-cache/models/docling-project/docling-layout-heron/8f39ad3c0b4c58e9c2d2c84a38465abf757272d8/preprocessor_config.json "HTTP/1.1 200 OK"
17:05:29 INFO     HTTP Request: GET https://huggingface.co/api/models/docling-project/docling-layout-heron/xet-read-token/8f39ad3c0b4c58e9c2d2c84a38465abf757272d8 "HTTP/1.1 200 OK"
17:05:30 INFO     Loading plugin 'docling_defaults'
17:05:30 INFO     Registered table structure engines: ['docling_tableformer', 'docling_tableformer_v2']
17:05:30 INFO     HTTP Request: GET https://huggingface.co/api/models/docling-project/docling-models/revision/v2.3.0 "HTTP/1.1 200 OK"
17:05:30 INFO     HTTP Request: HEAD https://huggingface.co/docling-project/docling-models/resolve/fc0f2d45e2218ea24bce5045f58a389aed16dc23/.gitattributes "HTTP/1.1 307 Temporary Redirect"
17:05:30 INFO     HTTP Request: HEAD https://huggingface.co/docling-project/docling-models/resolve/fc0f2d45e2218ea24bce5045f58a389aed16dc23/config.json "HTTP/1.1 307 Temporary Redirect"
17:05:30 INFO     HTTP Request: HEAD https://huggingface.co/docling-project/docling-models/resolve/fc0f2d45e2218ea24bce5045f58a389aed16dc23/.gitignore "HTTP/1.1 307 Temporary Redirect"
17:05:30 INFO     HTTP Request: HEAD https://huggingface.co/api/resolve-cache/models/docling-project/docling-models/fc0f2d45e2218ea24bce5045f58a389aed16dc23/.gitattributes "HTTP/1.1 200 OK"
17:05:30 INFO     HTTP Request: HEAD https://huggingface.co/docling-project/docling-models/resolve/fc0f2d45e2218ea24bce5045f58a389aed16dc23/model_artifacts/tableformer/accurate/tableformer_accurate.safetensors "HTTP/1.1 302 Found"
17:05:30 INFO     HTTP Request: HEAD https://huggingface.co/api/resolve-cache/models/docling-project/docling-models/fc0f2d45e2218ea24bce5045f58a389aed16dc23/config.json "HTTP/1.1 200 OK"
17:05:30 INFO     HTTP Request: HEAD https://huggingface.co/api/resolve-cache/models/docling-project/docling-models/fc0f2d45e2218ea24bce5045f58a389aed16dc23/.gitignore "HTTP/1.1 200 OK"
17:05:30 INFO     HTTP Request: HEAD https://huggingface.co/docling-project/docling-models/resolve/fc0f2d45e2218ea24bce5045f58a389aed16dc23/model_artifacts/tableformer/fast/tm_config.json "HTTP/1.1 307 Temporary Redirect"
17:05:30 INFO     HTTP Request: GET https://huggingface.co/api/resolve-cache/models/docling-project/docling-models/fc0f2d45e2218ea24bce5045f58a389aed16dc23/.gitattributes "HTTP/1.1 200 OK"
17:05:30 INFO     HTTP Request: HEAD https://huggingface.co/docling-project/docling-models/resolve/fc0f2d45e2218ea24bce5045f58a389aed16dc23/README.md "HTTP/1.1 307 Temporary Redirect"
17:05:30 INFO     HTTP Request: GET https://huggingface.co/api/resolve-cache/models/docling-project/docling-models/fc0f2d45e2218ea24bce5045f58a389aed16dc23/config.json "HTTP/1.1 200 OK"
17:05:30 INFO     HTTP Request: HEAD https://huggingface.co/api/resolve-cache/models/docling-project/docling-models/fc0f2d45e2218ea24bce5045f58a389aed16dc23/model_artifacts%2Ftableformer%2Ffast%2Ftm_config.json "HTTP/1.1 200 OK"
17:05:30 INFO     HTTP Request: HEAD https://huggingface.co/api/resolve-cache/models/docling-project/docling-models/fc0f2d45e2218ea24bce5045f58a389aed16dc23/README.md "HTTP/1.1 200 OK"
17:05:30 INFO     HTTP Request: HEAD https://huggingface.co/docling-project/docling-models/resolve/fc0f2d45e2218ea24bce5045f58a389aed16dc23/model_artifacts/tableformer/fast/tableformer_fast.safetensors "HTTP/1.1 302 Found"
17:05:30 INFO     HTTP Request: GET https://huggingface.co/api/resolve-cache/models/docling-project/docling-models/fc0f2d45e2218ea24bce5045f58a389aed16dc23/.gitignore "HTTP/1.1 200 OK"
17:05:30 INFO     HTTP Request: HEAD https://huggingface.co/docling-project/docling-models/resolve/fc0f2d45e2218ea24bce5045f58a389aed16dc23/model_artifacts/tableformer/accurate/tm_config.json "HTTP/1.1 307 Temporary Redirect"
17:05:30 INFO     HTTP Request: GET https://huggingface.co/api/resolve-cache/models/docling-project/docling-models/fc0f2d45e2218ea24bce5045f58a389aed16dc23/model_artifacts%2Ftableformer%2Ffast%2Ftm_config.json "HTTP/1.1 200 OK"
17:05:30 INFO     HTTP Request: GET https://huggingface.co/api/resolve-cache/models/docling-project/docling-models/fc0f2d45e2218ea24bce5045f58a389aed16dc23/README.md "HTTP/1.1 200 OK"
17:05:30 INFO     HTTP Request: HEAD https://huggingface.co/api/resolve-cache/models/docling-project/docling-models/fc0f2d45e2218ea24bce5045f58a389aed16dc23/model_artifacts%2Ftableformer%2Faccurate%2Ftm_config.json "HTTP/1.1 200 OK"
17:05:30 INFO     HTTP Request: GET https://huggingface.co/api/resolve-cache/models/docling-project/docling-models/fc0f2d45e2218ea24bce5045f58a389aed16dc23/model_artifacts%2Ftableformer%2Faccurate%2Ftm_config.json "HTTP/1.1 200 OK"
17:05:30 INFO     HTTP Request: GET https://huggingface.co/api/models/docling-project/docling-models/xet-read-token/fc0f2d45e2218ea24bce5045f58a389aed16dc23 "HTTP/1.1 200 OK"
17:05:30 INFO     HTTP Request: GET https://huggingface.co/api/models/docling-project/docling-models/xet-read-token/fc0f2d45e2218ea24bce5045f58a389aed16dc23 "HTTP/1.1 200 OK"
17:05:32 INFO     Accelerator device: 'cpu'
17:05:32 INFO     Processing document agu_ptd_2025_2027_anexo_de_entregas_assinado_assinado_assinado-copia_tarjada.pdf
17:05:33 INFO     command: tesseract --psm 0 -l osd /tmp/tmptdoc7fcg.png stdout
17:05:33 INFO     command: tesseract -l por /tmp/tmptdoc7fcg.png stdout tsv
17:05:36 INFO     command: tesseract --psm 0 -l osd /tmp/tmp07pw8lh8.png stdout
17:05:37 INFO     command: tesseract -l por /tmp/tmp07pw8lh8.png stdout tsv
17:05:57 INFO     Finished converting document agu_ptd_2025_2027_anexo_de_entregas_assinado_assinado_assinado-copia_tarjada.pdf in 29.19 sec.
17:05:57 INFO       pixel_budget (Docling) agu_ptd_2025_2027_anexo_de_entregas_assinado_assinado_assinado-copia_tarjada.pdf: 45.8% (área tabelas/1001817 px²)
17:05:57 INFO     [1/15] ✓ AGU       :   33 entregas | 29.2s | ETA ~6min
17:05:57 INFO     [2/15] → agu_ptd_2025_2027_docdiretivo_assinado_assinado_assinado-copia_tarjada.pdf
17:05:57 INFO     detected formats: [<InputFormat.PDF: 'pdf'>]
17:05:57 INFO     Going to convert document batch...
17:05:57 INFO     Processing document agu_ptd_2025_2027_docdiretivo_assinado_assinado_assinado-copia_tarjada.pdf
17:05:58 INFO     command: tesseract --psm 0 -l osd /tmp/tmphkkfp5dg.png stdout
17:05:58 INFO     command: tesseract -l por /tmp/tmphkkfp5dg.png stdout tsv
17:06:01 INFO     command: tesseract --psm 0 -l osd /tmp/tmp231x32jd.png stdout
17:06:02 INFO     command: tesseract -l por /tmp/tmp231x32jd.png stdout tsv
17:06:06 INFO     command: tesseract --psm 0 -l osd /tmp/tmp7h1okkfs.png stdout
17:06:07 INFO     command: tesseract -l por /tmp/tmp7h1okkfs.png stdout tsv
17:06:09 INFO     command: tesseract --psm 0 -l osd /tmp/tmp4oj56g3g.png stdout
17:06:10 INFO     command: tesseract -l por /tmp/tmp4oj56g3g.png stdout tsv
17:06:12 INFO     command: tesseract --psm 0 -l osd /tmp/tmpnl68hq9x.png stdout
17:06:13 INFO     command: tesseract -l por /tmp/tmpnl68hq9x.png stdout tsv
17:06:15 INFO     command: tesseract --psm 0 -l osd /tmp/tmpr9oza74b.png stdout
17:06:16 INFO     command: tesseract -l por /tmp/tmpr9oza74b.png stdout tsv
17:06:27 INFO     command: tesseract --psm 0 -l osd /tmp/tmpu0ojpj2e.png stdout
17:06:28 INFO     command: tesseract -l por /tmp/tmpu0ojpj2e.png stdout tsv
17:06:30 INFO     command: tesseract --psm 0 -l osd /tmp/tmpjuvco4gp.png stdout
17:06:31 INFO     command: tesseract -l por /tmp/tmpjuvco4gp.png stdout tsv
17:06:33 INFO     command: tesseract --psm 0 -l osd /tmp/tmpl5m05t9_.png stdout
17:06:34 INFO     command: tesseract -l por /tmp/tmpl5m05t9_.png stdout tsv
17:06:36 INFO     command: tesseract --psm 0 -l osd /tmp/tmpxamqc76b.png stdout
17:06:38 INFO     command: tesseract -l por /tmp/tmpxamqc76b.png stdout tsv
17:06:50 INFO     command: tesseract --psm 0 -l osd /tmp/tmpur4lejh0.png stdout
17:06:51 INFO     command: tesseract -l por /tmp/tmpur4lejh0.png stdout tsv
17:06:54 INFO     Finished converting document agu_ptd_2025_2027_docdiretivo_assinado_assinado_assinado-copia_tarjada.pdf in 56.93 sec.
17:06:54 INFO       pixel_budget (Docling) agu_ptd_2025_2027_docdiretivo_assinado_assinado_assinado-copia_tarjada.pdf: 2.1% (área tabelas/5513330 px²)
17:06:54 INFO     [2/15] ✓ AGU       :    6 entregas | 56.9s | ETA ~9min
17:06:54 INFO     [3/15] → anexo-de-entregas-mcom_ptd-25_27-copia_tarjada.pdf
17:06:54 INFO     detected formats: [<InputFormat.PDF: 'pdf'>]
17:06:54 INFO     Going to convert document batch...
17:06:54 INFO     Processing document anexo-de-entregas-mcom_ptd-25_27-copia_tarjada.pdf
17:06:55 INFO     command: tesseract --psm 0 -l osd /tmp/tmpkirytvhu.png stdout
17:06:56 INFO     command: tesseract -l por /tmp/tmpkirytvhu.png stdout tsv
17:06:59 INFO     command: tesseract --psm 0 -l osd /tmp/tmp0mazmqht.png stdout
17:07:00 INFO     command: tesseract -l por /tmp/tmp0mazmqht.png stdout tsv
17:07:12 INFO     command: tesseract --psm 0 -l osd /tmp/tmp1cdamov8.png stdout
17:07:12 INFO     command: tesseract -l por /tmp/tmp1cdamov8.png stdout tsv
17:07:32 INFO     Finished converting document anexo-de-entregas-mcom_ptd-25_27-copia_tarjada.pdf in 38.13 sec.
17:07:32 INFO       pixel_budget (Docling) anexo-de-entregas-mcom_ptd-25_27-copia_tarjada.pdf: 55.2% (área tabelas/1503636 px²)
17:07:32 INFO     [3/15] ✓ MCOM      :   55 entregas | 38.1s | ETA ~8min
17:07:32 INFO     [4/15] → documento-diretivo-mcom-_-ptd-25_27-copia_tarjada.pdf
17:07:32 INFO     detected formats: [<InputFormat.PDF: 'pdf'>]
17:07:32 INFO     Going to convert document batch...
17:07:32 INFO     Processing document documento-diretivo-mcom-_-ptd-25_27-copia_tarjada.pdf
17:07:33 INFO     command: tesseract --psm 0 -l osd /tmp/tmpcyly3wnp.png stdout
17:07:33 INFO     command: tesseract -l por /tmp/tmpcyly3wnp.png stdout tsv
17:07:36 INFO     command: tesseract --psm 0 -l osd /tmp/tmpajoalya7.png stdout
17:07:38 INFO     command: tesseract -l por /tmp/tmpajoalya7.png stdout tsv
17:07:44 INFO     command: tesseract --psm 0 -l osd /tmp/tmpftk3ioym.png stdout
17:07:45 INFO     command: tesseract -l por /tmp/tmpftk3ioym.png stdout tsv
17:07:46 INFO     command: tesseract --psm 0 -l osd /tmp/tmprmz2z8km.png stdout
17:07:46 INFO     command: tesseract -l por /tmp/tmprmz2z8km.png stdout tsv
17:07:48 INFO     command: tesseract --psm 0 -l osd /tmp/tmp4_7onmhw.png stdout
17:07:49 INFO     command: tesseract -l por /tmp/tmp4_7onmhw.png stdout tsv
17:07:52 INFO     command: tesseract --psm 0 -l osd /tmp/tmp_vunv012.png stdout
17:07:53 INFO     command: tesseract -l por /tmp/tmp_vunv012.png stdout tsv
17:08:10 INFO     command: tesseract --psm 0 -l osd /tmp/tmp7u_v9ehj.png stdout
17:08:11 INFO     command: tesseract -l por /tmp/tmp7u_v9ehj.png stdout tsv
17:08:12 INFO     command: tesseract --psm 0 -l osd /tmp/tmpr4w144u2.png stdout
17:08:13 INFO     command: tesseract -l por /tmp/tmpr4w144u2.png stdout tsv
17:08:16 INFO     command: tesseract --psm 0 -l osd /tmp/tmpfrcuyihi.png stdout
17:08:16 INFO     command: tesseract -l por /tmp/tmpfrcuyihi.png stdout tsv
17:08:18 INFO     command: tesseract --psm 0 -l osd /tmp/tmp6j80qcxz.png stdout
17:08:20 INFO     command: tesseract -l por /tmp/tmp6j80qcxz.png stdout tsv
17:08:27 INFO     command: tesseract --psm 0 -l osd /tmp/tmpgxy9m7sf.png stdout
17:08:28 INFO     command: tesseract -l por /tmp/tmpgxy9m7sf.png stdout tsv
17:08:32 INFO     command: tesseract --psm 0 -l osd /tmp/tmpcl3ttr6s.png stdout
17:08:32 INFO     command: tesseract -l por /tmp/tmpcl3ttr6s.png stdout tsv
17:08:34 INFO     command: tesseract --psm 0 -l osd /tmp/tmpwu_6q_kx.png stdout
17:08:35 INFO     command: tesseract -l por /tmp/tmpwu_6q_kx.png stdout tsv
17:08:37 INFO     command: tesseract --psm 0 -l osd /tmp/tmpc_xlnu08.png stdout
17:08:38 INFO     command: tesseract -l por /tmp/tmpc_xlnu08.png stdout tsv
17:08:44 INFO     Finished converting document documento-diretivo-mcom-_-ptd-25_27-copia_tarjada.pdf in 71.42 sec.
17:08:44 INFO       pixel_budget (Docling) documento-diretivo-mcom-_-ptd-25_27-copia_tarjada.pdf: 10.8% (área tabelas/7016966 px²)
17:08:44 INFO     [4/15] ✓ MCOM      :    3 entregas | 71.4s | ETA ~8min
17:08:44 INFO     [5/15] → fiocruz-ptd-06_2024-copia_tarjada.pdf
17:08:44 INFO     detected formats: [<InputFormat.PDF: 'pdf'>]
17:08:44 INFO     Going to convert document batch...
17:08:44 INFO     Initializing pipeline for StandardPdfPipeline with options hash d18651824ca6fe56cf3ccb20424ac2c8
17:08:44 INFO     Accelerator device: 'cpu'
17:08:44 INFO     HTTP Request: GET https://huggingface.co/api/models/docling-project/docling-layout-heron/revision/main "HTTP/1.1 200 OK"
17:08:45 INFO     HTTP Request: GET https://huggingface.co/api/models/docling-project/docling-models/revision/v2.3.0 "HTTP/1.1 200 OK"
17:08:45 INFO     Accelerator device: 'cpu'
17:08:45 INFO     Processing document fiocruz-ptd-06_2024-copia_tarjada.pdf
17:09:53 INFO     Finished converting document fiocruz-ptd-06_2024-copia_tarjada.pdf in 69.57 sec.
17:09:53 INFO       pixel_budget (Docling) fiocruz-ptd-06_2024-copia_tarjada.pdf: 36.4% (área tabelas/7518178 px²)
17:09:53 INFO     [5/15] ✓ FIOCRUZ   :    1 entregas | 69.6s | ETA ~8min
17:09:53 INFO     [6/15] → fiocruz_novo-ptd_2-1_docdiretivo_repactuacao_2024-2026_assinado_assinado-copia_tarjada.pdf
17:09:53 INFO     detected formats: [<InputFormat.PDF: 'pdf'>]
17:09:53 INFO     Going to convert document batch...
17:09:53 INFO     Processing document fiocruz_novo-ptd_2-1_docdiretivo_repactuacao_2024-2026_assinado_assinado-copia_tarjada.pdf
17:10:12 INFO     Finished converting document fiocruz_novo-ptd_2-1_docdiretivo_repactuacao_2024-2026_assinado_assinado-copia_tarjada.pdf in 18.16 sec.
17:10:12 INFO       pixel_budget (Docling) fiocruz_novo-ptd_2-1_docdiretivo_repactuacao_2024-2026_assinado_assinado-copia_tarjada.pdf: 11.3% (área tabelas/5012118 px²)
17:10:12 INFO     [6/15] ✓ FIOCRUZ   :    5 entregas | 18.2s | ETA ~7min
17:10:12 INFO     [7/15] → fiocruz_ptd_anexo_de_entregas_assinado_v1_assinado_assinado-1-copia_tarjada.pdf
17:10:12 INFO     detected formats: [<InputFormat.PDF: 'pdf'>]
17:10:12 INFO     Going to convert document batch...
17:10:12 INFO     Processing document fiocruz_ptd_anexo_de_entregas_assinado_v1_assinado_assinado-1-copia_tarjada.pdf
17:10:44 INFO     Finished converting document fiocruz_ptd_anexo_de_entregas_assinado_v1_assinado_assinado-1-copia_tarjada.pdf in 32.06 sec.
17:10:44 INFO       pixel_budget (Docling) fiocruz_ptd_anexo_de_entregas_assinado_v1_assinado_assinado-1-copia_tarjada.pdf: 54.7% (área tabelas/2004847 px²)
17:10:44 INFO     [7/15] ✓ FIOCRUZ   :   61 entregas | 32.1s | ETA ~6min
17:10:44 INFO     [8/15] → funai_anexo_de_entregas_repactuado_2026_2027_assinado_assinado_assinado.pdf
17:10:44 INFO     detected formats: [<InputFormat.PDF: 'pdf'>]
17:10:44 INFO     Going to convert document batch...
17:10:44 INFO     Processing document funai_anexo_de_entregas_repactuado_2026_2027_assinado_assinado_assinado.pdf
17:10:45 INFO     command: tesseract --psm 0 -l osd /tmp/tmpz96mt8ig.png stdout
17:10:45 INFO     command: tesseract -l por /tmp/tmpz96mt8ig.png stdout tsv
17:10:59 INFO     Finished converting document funai_anexo_de_entregas_repactuado_2026_2027_assinado_assinado_assinado.pdf in 15.01 sec.
17:10:59 INFO       pixel_budget (Docling) funai_anexo_de_entregas_repactuado_2026_2027_assinado_assinado_assinado.pdf: 49.8% (área tabelas/501212 px²)
17:10:59 INFO     [8/15] ✓ FUNAI     :   21 entregas | 15.0s | ETA ~4min
17:10:59 INFO     [9/15] → funai_ptd_2025_2027_docdiretivo_assinado-1_tarjado.pdf
17:10:59 INFO     detected formats: [<InputFormat.PDF: 'pdf'>]
17:10:59 INFO     Going to convert document batch...
17:10:59 INFO     Processing document funai_ptd_2025_2027_docdiretivo_assinado-1_tarjado.pdf
17:11:00 INFO     command: tesseract --psm 0 -l osd /tmp/tmpv6c2cf8_.png stdout
17:11:01 INFO     command: tesseract -l por /tmp/tmpv6c2cf8_.png stdout tsv
17:11:02 INFO     command: tesseract --psm 0 -l osd /tmp/tmpp1lt4t_3.png stdout
17:11:03 INFO     command: tesseract -l por /tmp/tmpp1lt4t_3.png stdout tsv
17:11:07 INFO     command: tesseract --psm 0 -l osd /tmp/tmppkad3ptc.png stdout
17:11:07 INFO     command: tesseract -l por /tmp/tmppkad3ptc.png stdout tsv
17:11:09 INFO     command: tesseract --psm 0 -l osd /tmp/tmptyk1y8uc.png stdout
17:11:10 INFO     command: tesseract -l por /tmp/tmptyk1y8uc.png stdout tsv
17:11:12 INFO     command: tesseract --psm 0 -l osd /tmp/tmpb5fwns12.png stdout
17:11:12 INFO     command: tesseract -l por /tmp/tmpb5fwns12.png stdout tsv
17:11:15 INFO     command: tesseract --psm 0 -l osd /tmp/tmp6n3txtvi.png stdout
17:11:16 INFO     command: tesseract -l por /tmp/tmp6n3txtvi.png stdout tsv
17:11:27 INFO     command: tesseract --psm 0 -l osd /tmp/tmpiddrjs5u.png stdout
17:11:27 INFO     command: tesseract -l por /tmp/tmpiddrjs5u.png stdout tsv
17:11:29 INFO     command: tesseract --psm 0 -l osd /tmp/tmppj4txv3w.png stdout
17:11:29 INFO     command: tesseract -l por /tmp/tmppj4txv3w.png stdout tsv
17:11:31 INFO     command: tesseract --psm 0 -l osd /tmp/tmpzlbavn7z.png stdout
17:11:32 INFO     command: tesseract -l por /tmp/tmpzlbavn7z.png stdout tsv
17:11:33 INFO     command: tesseract --psm 0 -l osd /tmp/tmph8zui1yh.png stdout
17:11:35 INFO     command: tesseract -l por /tmp/tmph8zui1yh.png stdout tsv
17:11:46 INFO     command: tesseract --psm 0 -l osd /tmp/tmpfo4_1px3.png stdout
17:11:47 INFO     command: tesseract -l por /tmp/tmpfo4_1px3.png stdout tsv
17:11:56 INFO     command: tesseract --psm 0 -l osd /tmp/tmpug_79eh4.png stdout
17:11:56 INFO     command: tesseract -l por /tmp/tmpug_79eh4.png stdout tsv
17:11:58 INFO     command: tesseract --psm 0 -l osd /tmp/tmpzmhngp9p.png stdout
17:11:59 INFO     command: tesseract -l por /tmp/tmpzmhngp9p.png stdout tsv
17:12:05 INFO     Finished converting document funai_ptd_2025_2027_docdiretivo_assinado-1_tarjado.pdf in 66.66 sec.
17:12:05 INFO       pixel_budget (Docling) funai_ptd_2025_2027_docdiretivo_assinado-1_tarjado.pdf: 16.4% (área tabelas/6515754 px²)
17:12:05 INFO     [9/15] ✓ FUNAI     :    8 entregas | 66.7s | ETA ~4min
17:12:05 INFO     [10/15] → incra_anexo_de_entregas_assinado-1_assinado_assinado-copia_tarjada.pdf
17:12:05 INFO     detected formats: [<InputFormat.PDF: 'pdf'>]
17:12:05 INFO     Going to convert document batch...
17:12:05 INFO     Processing document incra_anexo_de_entregas_assinado-1_assinado_assinado-copia_tarjada.pdf
17:12:07 INFO     command: tesseract --psm 0 -l osd /tmp/tmp6j3xk7h4.png stdout
17:12:07 INFO     command: tesseract -l por /tmp/tmp6j3xk7h4.png stdout tsv
17:12:10 INFO     command: tesseract --psm 0 -l osd /tmp/tmpgqa622b_.png stdout
17:12:12 INFO     command: tesseract -l por /tmp/tmpgqa622b_.png stdout tsv
17:12:19 INFO     command: tesseract --psm 0 -l osd /tmp/tmpsq0c7lzs.png stdout
17:12:20 INFO     command: tesseract -l por /tmp/tmpsq0c7lzs.png stdout tsv
17:12:21 INFO     command: tesseract --psm 0 -l osd /tmp/tmprf98fwki.png stdout
17:12:22 INFO     command: tesseract -l por /tmp/tmprf98fwki.png stdout tsv
17:12:24 INFO     command: tesseract --psm 0 -l osd /tmp/tmp9vbffk0v.png stdout
17:12:25 INFO     command: tesseract -l por /tmp/tmp9vbffk0v.png stdout tsv
17:13:57 INFO     Finished converting document incra_anexo_de_entregas_assinado-1_assinado_assinado-copia_tarjada.pdf in 111.58 sec.
17:13:57 INFO       pixel_budget (Docling) incra_anexo_de_entregas_assinado-1_assinado_assinado-copia_tarjada.pdf: 30.0% (área tabelas/2423520 px²)
17:13:57 INFO     [10/15] ✓ INCRA     :   10 entregas | 111.6s | ETA ~4min
17:13:57 INFO     [11/15] → incra_ptd_docdiretivo__assinado-1_assinado_assinado-copia_tarjada.pdf
17:13:57 INFO     detected formats: [<InputFormat.PDF: 'pdf'>]
17:13:57 INFO     Going to convert document batch...
17:13:57 INFO     Processing document incra_ptd_docdiretivo__assinado-1_assinado_assinado-copia_tarjada.pdf
17:13:58 INFO     command: tesseract --psm 0 -l osd /tmp/tmpm1wb7nbp.png stdout
17:13:59 INFO     command: tesseract -l por /tmp/tmpm1wb7nbp.png stdout tsv
17:14:01 INFO     command: tesseract --psm 0 -l osd /tmp/tmpe5qi8pz_.png stdout
17:14:02 INFO     command: tesseract -l por /tmp/tmpe5qi8pz_.png stdout tsv
17:14:09 INFO     command: tesseract --psm 0 -l osd /tmp/tmpfazv3i1w.png stdout
17:14:09 INFO     command: tesseract -l por /tmp/tmpfazv3i1w.png stdout tsv
17:14:11 INFO     command: tesseract --psm 0 -l osd /tmp/tmpwbwsma3c.png stdout
17:14:12 INFO     command: tesseract -l por /tmp/tmpwbwsma3c.png stdout tsv
17:14:14 INFO     command: tesseract --psm 0 -l osd /tmp/tmp3m2n2m6p.png stdout
17:14:14 INFO     command: tesseract -l por /tmp/tmp3m2n2m6p.png stdout tsv
17:14:17 INFO     command: tesseract --psm 0 -l osd /tmp/tmp9k3ckju8.png stdout
17:14:18 INFO     command: tesseract -l por /tmp/tmp9k3ckju8.png stdout tsv
17:14:35 INFO     command: tesseract --psm 0 -l osd /tmp/tmpvz_xrfxs.png stdout
17:14:35 INFO     command: tesseract -l por /tmp/tmpvz_xrfxs.png stdout tsv
17:14:37 INFO     command: tesseract --psm 0 -l osd /tmp/tmphchnl775.png stdout
17:14:38 INFO     command: tesseract -l por /tmp/tmphchnl775.png stdout tsv
17:14:39 INFO     command: tesseract --psm 0 -l osd /tmp/tmpon3lndns.png stdout
17:14:40 INFO     command: tesseract -l por /tmp/tmpon3lndns.png stdout tsv
17:14:42 INFO     command: tesseract --psm 0 -l osd /tmp/tmpeoi3rq_e.png stdout
17:14:43 INFO     command: tesseract -l por /tmp/tmpeoi3rq_e.png stdout tsv
17:14:47 INFO     command: tesseract --psm 0 -l osd /tmp/tmp154yxqai.png stdout
17:14:48 INFO     command: tesseract -l por /tmp/tmp154yxqai.png stdout tsv
17:15:00 INFO     command: tesseract --psm 0 -l osd /tmp/tmp403s4m1r.png stdout
17:15:01 INFO     command: tesseract -l por /tmp/tmp403s4m1r.png stdout tsv
17:15:03 INFO     command: tesseract --psm 0 -l osd /tmp/tmp63af72xo.png stdout
17:15:03 INFO     command: tesseract -l por /tmp/tmp63af72xo.png stdout tsv
17:15:11 INFO     Finished converting document incra_ptd_docdiretivo__assinado-1_assinado_assinado-copia_tarjada.pdf in 74.04 sec.
17:15:11 INFO       pixel_budget (Docling) incra_ptd_docdiretivo__assinado-1_assinado_assinado-copia_tarjada.pdf: 20.2% (área tabelas/6515754 px²)
17:15:11 INFO     [11/15] ✓ INCRA     :   11 entregas | 74.1s | ETA ~3min
17:15:11 INFO     [12/15] → iti_anexo_de_entregas_assinado.pdf
17:15:11 INFO     detected formats: [<InputFormat.PDF: 'pdf'>]
17:15:11 INFO     Going to convert document batch...
17:15:11 INFO     Processing document iti_anexo_de_entregas_assinado.pdf
17:15:12 INFO     command: tesseract --psm 0 -l osd /tmp/tmpc8j8_i1u.png stdout
17:15:13 INFO     command: tesseract -l por /tmp/tmpc8j8_i1u.png stdout tsv
17:15:29 INFO     Finished converting document iti_anexo_de_entregas_assinado.pdf in 17.52 sec.
17:15:29 INFO       pixel_budget (Docling) iti_anexo_de_entregas_assinado.pdf: 57.2% (área tabelas/501212 px²)
17:15:29 INFO     [12/15] ✓ ITI       :   31 entregas | 17.5s | ETA ~2min
17:15:29 INFO     [13/15] → iti_doc_diretivo_assinado-1_tarjado.pdf
17:15:29 INFO     detected formats: [<InputFormat.PDF: 'pdf'>]
17:15:29 INFO     Going to convert document batch...
17:15:29 INFO     Processing document iti_doc_diretivo_assinado-1_tarjado.pdf
17:15:30 INFO     command: tesseract --psm 0 -l osd /tmp/tmpjm79y_db.png stdout
17:15:30 INFO     command: tesseract -l por /tmp/tmpjm79y_db.png stdout tsv
17:15:32 INFO     command: tesseract --psm 0 -l osd /tmp/tmpz8md20i2.png stdout
17:15:34 INFO     command: tesseract -l por /tmp/tmpz8md20i2.png stdout tsv
17:15:37 INFO     command: tesseract --psm 0 -l osd /tmp/tmpnl86hevz.png stdout
17:15:38 INFO     command: tesseract -l por /tmp/tmpnl86hevz.png stdout tsv
17:15:40 INFO     command: tesseract --psm 0 -l osd /tmp/tmp1oadc55y.png stdout
17:15:41 INFO     command: tesseract -l por /tmp/tmp1oadc55y.png stdout tsv
17:15:42 INFO     command: tesseract --psm 0 -l osd /tmp/tmpghr5_5ea.png stdout
17:15:43 INFO     command: tesseract -l por /tmp/tmpghr5_5ea.png stdout tsv
17:15:45 INFO     command: tesseract --psm 0 -l osd /tmp/tmp85w_w7mk.png stdout
17:15:47 INFO     command: tesseract -l por /tmp/tmp85w_w7mk.png stdout tsv
17:16:03 INFO     command: tesseract --psm 0 -l osd /tmp/tmprlr5cf4t.png stdout
17:16:04 INFO     command: tesseract -l por /tmp/tmprlr5cf4t.png stdout tsv
17:16:06 INFO     command: tesseract --psm 0 -l osd /tmp/tmpwi17ql32.png stdout
17:16:07 INFO     command: tesseract -l por /tmp/tmpwi17ql32.png stdout tsv
17:16:09 INFO     command: tesseract --psm 0 -l osd /tmp/tmp6y5t8nrk.png stdout
17:16:09 INFO     command: tesseract -l por /tmp/tmp6y5t8nrk.png stdout tsv
17:16:12 INFO     command: tesseract --psm 0 -l osd /tmp/tmpc08pngxs.png stdout
17:16:13 INFO     command: tesseract -l por /tmp/tmpc08pngxs.png stdout tsv
17:16:27 INFO     command: tesseract --psm 0 -l osd /tmp/tmpgafq9932.png stdout
17:16:28 INFO     command: tesseract -l por /tmp/tmpgafq9932.png stdout tsv
17:16:31 INFO     Finished converting document iti_doc_diretivo_assinado-1_tarjado.pdf in 62.55 sec.
17:16:31 INFO       pixel_budget (Docling) iti_doc_diretivo_assinado-1_tarjado.pdf: 8.0% (área tabelas/5516339 px²)
17:16:31 INFO     [13/15] ✓ ITI       :    9 entregas | 62.6s | ETA ~1min
17:16:31 INFO     [14/15] → sgpr_ptd_2025_2027_anexo_de_entregas_assinado-copia_tarjada.pdf
17:16:31 INFO     detected formats: [<InputFormat.PDF: 'pdf'>]
17:16:31 INFO     Going to convert document batch...
17:16:31 INFO     Processing document sgpr_ptd_2025_2027_anexo_de_entregas_assinado-copia_tarjada.pdf
17:16:32 INFO     command: tesseract --psm 0 -l osd /tmp/tmp9b7891x1.png stdout
17:16:33 INFO     command: tesseract -l por /tmp/tmp9b7891x1.png stdout tsv
17:16:36 INFO     command: tesseract --psm 0 -l osd /tmp/tmphuoexhca.png stdout
17:16:37 INFO     command: tesseract -l por /tmp/tmphuoexhca.png stdout tsv
17:16:47 INFO     Finished converting document sgpr_ptd_2025_2027_anexo_de_entregas_assinado-copia_tarjada.pdf in 16.29 sec.
17:16:47 INFO       pixel_budget (Docling) sgpr_ptd_2025_2027_anexo_de_entregas_assinado-copia_tarjada.pdf: 29.5% (área tabelas/1002424 px²)
17:16:47 INFO     [14/15] ✓ SGPR      :   15 entregas | 16.3s | ETA ~49s
17:16:47 INFO     [15/15] → sgpr_ptd_2026_2027_docdiretivo_assinado-copia_tarjada.pdf
17:16:47 INFO     detected formats: [<InputFormat.PDF: 'pdf'>]
17:16:47 INFO     Going to convert document batch...
17:16:47 INFO     Processing document sgpr_ptd_2026_2027_docdiretivo_assinado-copia_tarjada.pdf
17:17:07 INFO     Finished converting document sgpr_ptd_2026_2027_docdiretivo_assinado-copia_tarjada.pdf in 19.51 sec.
17:17:07 INFO       pixel_budget (Docling) sgpr_ptd_2026_2027_docdiretivo_assinado-copia_tarjada.pdf: 8.2% (área tabelas/5513330 px²)
17:17:07 INFO     [15/15] ✓ SGPR      :    4 entregas | 19.5s | ETA ~0s
17:17:07 INFO     273 registros | 7 órgãos
17:17:07 INFO     ╔══════════════════════════════════════════════════════════════╗
17:17:07 INFO     ║                  ENTREGAS — fase concluída                   ║
17:17:07 INFO     ║  Processados: 15    |  ✓ 15  ⚠ 0                             ║
17:17:07 INFO     ║  Duração: 11.6 min                                           ║
17:17:07 INFO     ║  273 registros | 7 órgãos                                    ║
17:17:07 INFO     ╚══════════════════════════════════════════════════════════════╝
17:17:07 INFO     [1/7] → agu_ptd_2025_2027_docdiretivo_assinado_assinado_assinado-copia_tarjada.pdf
17:17:07 INFO     detected formats: [<InputFormat.PDF: 'pdf'>]
17:17:07 INFO     Going to convert document batch...
17:17:07 INFO     Processing document agu_ptd_2025_2027_docdiretivo_assinado_assinado_assinado-copia_tarjada.pdf
17:17:08 INFO     command: tesseract --psm 0 -l osd /tmp/tmp2tkr516d.png stdout
17:17:08 INFO     command: tesseract -l por /tmp/tmp2tkr516d.png stdout tsv
17:17:10 INFO     command: tesseract --psm 0 -l osd /tmp/tmpxmluz3w0.png stdout
17:17:11 INFO     command: tesseract -l por /tmp/tmpxmluz3w0.png stdout tsv
17:17:15 INFO     command: tesseract --psm 0 -l osd /tmp/tmpxd0tcnrs.png stdout
17:17:16 INFO     command: tesseract -l por /tmp/tmpxd0tcnrs.png stdout tsv
17:17:18 INFO     command: tesseract --psm 0 -l osd /tmp/tmpatu3m85m.png stdout
17:17:19 INFO     command: tesseract -l por /tmp/tmpatu3m85m.png stdout tsv
17:17:21 INFO     command: tesseract --psm 0 -l osd /tmp/tmp5sa7et4t.png stdout
17:17:22 INFO     command: tesseract -l por /tmp/tmp5sa7et4t.png stdout tsv
17:17:24 INFO     command: tesseract --psm 0 -l osd /tmp/tmphq5zd5iu.png stdout
17:17:26 INFO     command: tesseract -l por /tmp/tmphq5zd5iu.png stdout tsv
17:17:36 INFO     command: tesseract --psm 0 -l osd /tmp/tmpa0gpsuee.png stdout
17:17:37 INFO     command: tesseract -l por /tmp/tmpa0gpsuee.png stdout tsv
17:17:39 INFO     command: tesseract --psm 0 -l osd /tmp/tmp6s7eodqb.png stdout
17:17:40 INFO     command: tesseract -l por /tmp/tmp6s7eodqb.png stdout tsv
17:17:42 INFO     command: tesseract --psm 0 -l osd /tmp/tmpo9ou0cii.png stdout
17:17:43 INFO     command: tesseract -l por /tmp/tmpo9ou0cii.png stdout tsv
17:17:46 INFO     command: tesseract --psm 0 -l osd /tmp/tmpq4cdqzs3.png stdout
17:17:47 INFO     command: tesseract -l por /tmp/tmpq4cdqzs3.png stdout tsv
17:18:02 INFO     command: tesseract --psm 0 -l osd /tmp/tmps9_zuwan.png stdout
17:18:03 INFO     command: tesseract -l por /tmp/tmps9_zuwan.png stdout tsv
17:18:06 INFO     Finished converting document agu_ptd_2025_2027_docdiretivo_assinado_assinado_assinado-copia_tarjada.pdf in 58.93 sec.
17:18:06 INFO     [1/7] ✓ AGU       :   7 riscos | 58.9s | ETA ~5min
17:18:06 INFO     [2/7] → documento-diretivo-mcom-_-ptd-25_27-copia_tarjada.pdf
17:18:06 INFO     detected formats: [<InputFormat.PDF: 'pdf'>]
17:18:06 INFO     Going to convert document batch...
17:18:06 INFO     Processing document documento-diretivo-mcom-_-ptd-25_27-copia_tarjada.pdf
17:18:07 INFO     command: tesseract --psm 0 -l osd /tmp/tmp2828wpvp.png stdout
17:18:07 INFO     command: tesseract -l por /tmp/tmp2828wpvp.png stdout tsv
17:18:09 INFO     command: tesseract --psm 0 -l osd /tmp/tmpy53l2zlj.png stdout
17:18:11 INFO     command: tesseract -l por /tmp/tmpy53l2zlj.png stdout tsv
17:18:16 INFO     command: tesseract --psm 0 -l osd /tmp/tmpgq2vz3ua.png stdout
17:18:17 INFO     command: tesseract -l por /tmp/tmpgq2vz3ua.png stdout tsv
17:18:18 INFO     command: tesseract --psm 0 -l osd /tmp/tmp8u2ho7rs.png stdout
17:18:19 INFO     command: tesseract -l por /tmp/tmp8u2ho7rs.png stdout tsv
17:18:21 INFO     command: tesseract --psm 0 -l osd /tmp/tmpt2m5hkv7.png stdout
17:18:22 INFO     command: tesseract -l por /tmp/tmpt2m5hkv7.png stdout tsv
17:18:24 INFO     command: tesseract --psm 0 -l osd /tmp/tmp4bt2qfys.png stdout
17:18:25 INFO     command: tesseract -l por /tmp/tmp4bt2qfys.png stdout tsv
17:18:42 INFO     command: tesseract --psm 0 -l osd /tmp/tmp0fdqr3kd.png stdout
17:18:43 INFO     command: tesseract -l por /tmp/tmp0fdqr3kd.png stdout tsv
17:18:44 INFO     command: tesseract --psm 0 -l osd /tmp/tmpu815ngea.png stdout
17:18:45 INFO     command: tesseract -l por /tmp/tmpu815ngea.png stdout tsv
17:18:48 INFO     command: tesseract --psm 0 -l osd /tmp/tmph_4u6e3_.png stdout
17:18:48 INFO     command: tesseract -l por /tmp/tmph_4u6e3_.png stdout tsv
17:18:50 INFO     command: tesseract --psm 0 -l osd /tmp/tmp_61a1u3y.png stdout
17:18:52 INFO     command: tesseract -l por /tmp/tmp_61a1u3y.png stdout tsv
17:18:56 INFO     command: tesseract --psm 0 -l osd /tmp/tmprcppsa71.png stdout
17:18:57 INFO     command: tesseract -l por /tmp/tmprcppsa71.png stdout tsv
17:19:03 INFO     command: tesseract --psm 0 -l osd /tmp/tmp72pjvs4u.png stdout
17:19:04 INFO     command: tesseract -l por /tmp/tmp72pjvs4u.png stdout tsv
17:19:06 INFO     command: tesseract --psm 0 -l osd /tmp/tmpry981c6n.png stdout
17:19:07 INFO     command: tesseract -l por /tmp/tmpry981c6n.png stdout tsv
17:19:09 INFO     command: tesseract --psm 0 -l osd /tmp/tmp1y71hfwf.png stdout
17:19:10 INFO     command: tesseract -l por /tmp/tmp1y71hfwf.png stdout tsv
17:19:15 INFO     Finished converting document documento-diretivo-mcom-_-ptd-25_27-copia_tarjada.pdf in 69.42 sec.
17:19:15 INFO     [2/7] ✓ MCOM      :  14 riscos | 69.4s | ETA ~5min
17:19:15 INFO     [3/7] → fiocruz_novo-ptd_2-1_docdiretivo_repactuacao_2024-2026_assinado_assinado-copia_tarjada.pdf
17:19:15 INFO     detected formats: [<InputFormat.PDF: 'pdf'>]
17:19:15 INFO     Going to convert document batch...
17:19:15 INFO     Processing document fiocruz_novo-ptd_2-1_docdiretivo_repactuacao_2024-2026_assinado_assinado-copia_tarjada.pdf
17:19:33 INFO     Finished converting document fiocruz_novo-ptd_2-1_docdiretivo_repactuacao_2024-2026_assinado_assinado-copia_tarjada.pdf in 17.58 sec.
17:19:33 INFO     [3/7] ✓ FIOCRUZ   :   6 riscos | 17.6s | ETA ~3min
17:19:33 INFO     [4/7] → funai_ptd_2025_2027_docdiretivo_assinado-1_tarjado.pdf
17:19:33 INFO     detected formats: [<InputFormat.PDF: 'pdf'>]
17:19:33 INFO     Going to convert document batch...
17:19:33 INFO     Processing document funai_ptd_2025_2027_docdiretivo_assinado-1_tarjado.pdf
17:19:34 INFO     command: tesseract --psm 0 -l osd /tmp/tmpwjhdre7c.png stdout
17:19:35 INFO     command: tesseract -l por /tmp/tmpwjhdre7c.png stdout tsv
17:19:36 INFO     command: tesseract --psm 0 -l osd /tmp/tmplv5tl6e6.png stdout
17:19:38 INFO     command: tesseract -l por /tmp/tmplv5tl6e6.png stdout tsv
17:19:41 INFO     command: tesseract --psm 0 -l osd /tmp/tmpoxuq3cs9.png stdout
17:19:42 INFO     command: tesseract -l por /tmp/tmpoxuq3cs9.png stdout tsv
17:19:44 INFO     command: tesseract --psm 0 -l osd /tmp/tmp_goqv786.png stdout
17:19:45 INFO     command: tesseract -l por /tmp/tmp_goqv786.png stdout tsv
17:19:46 INFO     command: tesseract --psm 0 -l osd /tmp/tmp4pyjdamj.png stdout
17:19:47 INFO     command: tesseract -l por /tmp/tmp4pyjdamj.png stdout tsv
17:19:49 INFO     command: tesseract --psm 0 -l osd /tmp/tmprsy_jvj3.png stdout
17:19:51 INFO     command: tesseract -l por /tmp/tmprsy_jvj3.png stdout tsv
17:20:01 INFO     command: tesseract --psm 0 -l osd /tmp/tmpgxbv3hov.png stdout
17:20:02 INFO     command: tesseract -l por /tmp/tmpgxbv3hov.png stdout tsv
17:20:03 INFO     command: tesseract --psm 0 -l osd /tmp/tmpp47xb0m3.png stdout
17:20:04 INFO     command: tesseract -l por /tmp/tmpp47xb0m3.png stdout tsv
17:20:05 INFO     command: tesseract --psm 0 -l osd /tmp/tmpmlhczd8k.png stdout
17:20:06 INFO     command: tesseract -l por /tmp/tmpmlhczd8k.png stdout tsv
17:20:08 INFO     command: tesseract --psm 0 -l osd /tmp/tmpw3k3tcpn.png stdout
17:20:09 INFO     command: tesseract -l por /tmp/tmpw3k3tcpn.png stdout tsv
17:20:25 INFO     command: tesseract --psm 0 -l osd /tmp/tmpn84ehiru.png stdout
17:20:26 INFO     command: tesseract -l por /tmp/tmpn84ehiru.png stdout tsv
17:20:30 INFO     command: tesseract --psm 0 -l osd /tmp/tmpo77kl7fr.png stdout
17:20:31 INFO     command: tesseract -l por /tmp/tmpo77kl7fr.png stdout tsv
17:20:33 INFO     command: tesseract --psm 0 -l osd /tmp/tmp3si0jwtq.png stdout
17:20:34 INFO     command: tesseract -l por /tmp/tmp3si0jwtq.png stdout tsv
17:20:40 INFO     Finished converting document funai_ptd_2025_2027_docdiretivo_assinado-1_tarjado.pdf in 67.27 sec.
17:20:40 INFO     [4/7] ✓ FUNAI     :  15 riscos | 67.3s | ETA ~2min
17:20:40 INFO     [5/7] → incra_ptd_docdiretivo__assinado-1_assinado_assinado-copia_tarjada.pdf
17:20:40 INFO     detected formats: [<InputFormat.PDF: 'pdf'>]
17:20:40 INFO     Going to convert document batch...
17:20:40 INFO     Processing document incra_ptd_docdiretivo__assinado-1_assinado_assinado-copia_tarjada.pdf
17:20:41 INFO     command: tesseract --psm 0 -l osd /tmp/tmp8p5rqmy8.png stdout
17:20:42 INFO     command: tesseract -l por /tmp/tmp8p5rqmy8.png stdout tsv
17:20:44 INFO     command: tesseract --psm 0 -l osd /tmp/tmpqo8pu5z9.png stdout
17:20:46 INFO     command: tesseract -l por /tmp/tmpqo8pu5z9.png stdout tsv
17:20:51 INFO     command: tesseract --psm 0 -l osd /tmp/tmpv7480o32.png stdout
17:20:52 INFO     command: tesseract -l por /tmp/tmpv7480o32.png stdout tsv
17:20:54 INFO     command: tesseract --psm 0 -l osd /tmp/tmpv0twayhq.png stdout
17:20:55 INFO     command: tesseract -l por /tmp/tmpv0twayhq.png stdout tsv
17:20:56 INFO     command: tesseract --psm 0 -l osd /tmp/tmpeoewfxfn.png stdout
17:20:57 INFO     command: tesseract -l por /tmp/tmpeoewfxfn.png stdout tsv
17:20:59 INFO     command: tesseract --psm 0 -l osd /tmp/tmpualb5tl8.png stdout
17:21:01 INFO     command: tesseract -l por /tmp/tmpualb5tl8.png stdout tsv
17:21:12 INFO     command: tesseract --psm 0 -l osd /tmp/tmpkuh2ohn6.png stdout
17:21:13 INFO     command: tesseract -l por /tmp/tmpkuh2ohn6.png stdout tsv
17:21:15 INFO     command: tesseract --psm 0 -l osd /tmp/tmp7b960tij.png stdout
17:21:16 INFO     command: tesseract -l por /tmp/tmp7b960tij.png stdout tsv
17:21:18 INFO     command: tesseract --psm 0 -l osd /tmp/tmpti6frnv4.png stdout
17:21:18 INFO     command: tesseract -l por /tmp/tmpti6frnv4.png stdout tsv
17:21:20 INFO     command: tesseract --psm 0 -l osd /tmp/tmp184wqi12.png stdout
17:21:22 INFO     command: tesseract -l por /tmp/tmp184wqi12.png stdout tsv
17:21:26 INFO     command: tesseract --psm 0 -l osd /tmp/tmpr8_2_3sd.png stdout
17:21:27 INFO     command: tesseract -l por /tmp/tmpr8_2_3sd.png stdout tsv
17:21:31 INFO     command: tesseract --psm 0 -l osd /tmp/tmp9nlsisaf.png stdout
17:21:32 INFO     command: tesseract -l por /tmp/tmp9nlsisaf.png stdout tsv
17:21:39 INFO     command: tesseract --psm 0 -l osd /tmp/tmpgh3_eb2b.png stdout
17:21:40 INFO     command: tesseract -l por /tmp/tmpgh3_eb2b.png stdout tsv
17:21:47 INFO     Finished converting document incra_ptd_docdiretivo__assinado-1_assinado_assinado-copia_tarjada.pdf in 66.94 sec.
17:21:47 INFO     [5/7] ✓ INCRA     :  15 riscos | 67.0s | ETA ~1min
17:21:47 INFO     [6/7] → iti_doc_diretivo_assinado-1_tarjado.pdf
17:21:47 INFO     detected formats: [<InputFormat.PDF: 'pdf'>]
17:21:47 INFO     Going to convert document batch...
17:21:47 INFO     Processing document iti_doc_diretivo_assinado-1_tarjado.pdf
17:21:48 INFO     command: tesseract --psm 0 -l osd /tmp/tmpt897gpgc.png stdout
17:21:48 INFO     command: tesseract -l por /tmp/tmpt897gpgc.png stdout tsv
17:21:51 INFO     command: tesseract --psm 0 -l osd /tmp/tmp93c3fzxe.png stdout
17:21:52 INFO     command: tesseract -l por /tmp/tmp93c3fzxe.png stdout tsv
17:21:55 INFO     command: tesseract --psm 0 -l osd /tmp/tmpu5gbedkn.png stdout
17:21:56 INFO     command: tesseract -l por /tmp/tmpu5gbedkn.png stdout tsv
17:21:58 INFO     command: tesseract --psm 0 -l osd /tmp/tmp_876e5qy.png stdout
17:21:59 INFO     command: tesseract -l por /tmp/tmp_876e5qy.png stdout tsv
17:22:00 INFO     command: tesseract --psm 0 -l osd /tmp/tmpatc1omu9.png stdout
17:22:01 INFO     command: tesseract -l por /tmp/tmpatc1omu9.png stdout tsv
17:22:03 INFO     command: tesseract --psm 0 -l osd /tmp/tmpvq1xi42j.png stdout
17:22:05 INFO     command: tesseract -l por /tmp/tmpvq1xi42j.png stdout tsv
17:22:17 INFO     command: tesseract --psm 0 -l osd /tmp/tmpmfp3i57p.png stdout
17:22:18 INFO     command: tesseract -l por /tmp/tmpmfp3i57p.png stdout tsv
17:22:20 INFO     command: tesseract --psm 0 -l osd /tmp/tmprdj5sq8x.png stdout
17:22:21 INFO     command: tesseract -l por /tmp/tmprdj5sq8x.png stdout tsv
17:22:23 INFO     command: tesseract --psm 0 -l osd /tmp/tmp5n2dntfl.png stdout
17:22:24 INFO     command: tesseract -l por /tmp/tmp5n2dntfl.png stdout tsv
17:22:26 INFO     command: tesseract --psm 0 -l osd /tmp/tmpvxl8qdxs.png stdout
17:22:27 INFO     command: tesseract -l por /tmp/tmpvxl8qdxs.png stdout tsv
17:22:37 INFO     command: tesseract --psm 0 -l osd /tmp/tmppcf9d3i6.png stdout
17:22:38 INFO     command: tesseract -l por /tmp/tmppcf9d3i6.png stdout tsv
17:22:43 INFO     Finished converting document iti_doc_diretivo_assinado-1_tarjado.pdf in 56.18 sec.
17:22:43 INFO     [6/7] ✓ ITI       :  14 riscos | 56.2s | ETA ~56s
17:22:43 INFO     [7/7] → sgpr_ptd_2026_2027_docdiretivo_assinado-copia_tarjada.pdf
17:22:43 INFO     detected formats: [<InputFormat.PDF: 'pdf'>]
17:22:43 INFO     Going to convert document batch...
17:22:43 INFO     Processing document sgpr_ptd_2026_2027_docdiretivo_assinado-copia_tarjada.pdf
17:23:03 INFO     Finished converting document sgpr_ptd_2026_2027_docdiretivo_assinado-copia_tarjada.pdf in 19.99 sec.
17:23:03 INFO     [7/7] ✓ SGPR      :  10 riscos | 20.0s | ETA ~0s
17:23:03 INFO     ╔══════════════════════════════════════════════════════════════╗
17:23:03 INFO     ║                   RISCOS — fase concluída                    ║
17:23:03 INFO     ║  Processados: 7     |  ✓ 7  ⚠ 0                              ║
17:23:03 INFO     ║  Duração: 5.9 min                                            ║
17:23:03 INFO     ║  81 riscos | 7 órgãos                                        ║
17:23:03 INFO     ╚══════════════════════════════════════════════════════════════╝
17:23:03 INFO     81 riscos | 0 ações | 135 relações
17:23:03 INFO     ptd_corpus_raw                     : 273 linhas
17:23:03 INFO     ptd_pivot_eixos                    : 7 linhas
17:23:07 INFO     ptd_datas_assinatura               : 132 linhas
17:23:07 INFO     ptd_riscos                         : 81 linhas
17:23:07 INFO     ptd_riscos_acoes                   : 135 linhas
17:23:07 INFO     Manifesto salvo: pipeline_manifest.json | SHA-256 de 132 PDFs
17:23:07 INFO     ==================================================
17:23:07 INFO     PTD-BR v3.0-melhorado — PIPELINE CONCLUÍDO
17:23:07 INFO     ==================================================
17:23:07 INFO     ptd_corpus_raw.csv                        167 KB
17:23:07 INFO     ptd_pivot_eixos.csv                         0 KB
17:23:07 INFO     ptd_datas_assinatura.csv                    9 KB
17:23:07 INFO     ptd_riscos.csv                             23 KB
17:23:07 INFO     ptd_riscos_acoes.csv                        2 KB
17:23:07 INFO     proveniencia.json                           0 KB
17:23:07 INFO     pipeline_manifest.json                     20 KB
17:23:07 INFO     📦 Artefatos: https://github.com/freirelucas/teste/actions/runs/24041139538
17:23:07 INFO     ==================================================
