23:52:56 INFO     Docling disponível
23:52:56 WARNING  OCR fallback indisponível (IndentationError: unexpected indent (ptd_ocr_fallback.py, line 45))
23:52:58 INFO     Ignorado (guia/template/norma): ABNT-NBR-17225-Acessibilidade-Digital.pdf
23:52:58 INFO     Ignorado (guia/template/norma): cgrep-guia10passos-ptd-orgao.pdf
23:52:58 INFO     Ignorado (guia/template/norma): ABNT-NBR-17225-Acessibilidade-Digital.pdf
23:52:58 INFO     Scraping: 132 PDFs únicos | entregas: 68 | diretivos: 61
23:52:58 INFO     Baixando 132 PDFs únicos...
23:53:02 INFO     ✓ [  1/132] abin_ptd_anexo_de_entregas_assinado_pelo_orgao_ass   293.3KB
23:53:09 INFO     ✓ [  2/132] aeb_ptd_2025_2027_docdiretivo_aprovado_assinado-1_  1033.7KB
23:53:12 INFO     ✓ [  3/132] aeb_ptd_2025_2027_anexo_de_entregas_aprovado_assin   154.5KB
23:53:22 INFO     ✓ [  4/132] agu_ptd_2025_2027_docdiretivo_assinado_assinado_as  2860.3KB
23:53:26 INFO     ✓ [  5/132] agu_ptd_2025_2027_anexo_de_entregas_assinado_assin   525.5KB
23:53:30 INFO     ✓ [  6/132] ana_ptd_2025_2027_docdiretivo_assinado_assinado_as   477.2KB
23:53:32 INFO     ✓ [  7/132] ana_ptd_2025_2027_anexoentregas_assinado_assinado_   170.9KB
23:53:38 INFO     ✓ [  8/132] anac_ptd_2025_2026_docdiretivo_se_assinado_tarjado  1036.3KB
23:53:41 INFO     ✓ [  9/132] anac_ptd_2025_2026_anexo_de_entregas_se_assinado.p   215.2KB
23:53:46 INFO     ✓ [ 10/132] anatel_ptd_docdiretivo_assinado_2025_2026_assinado  1006.0KB
23:53:48 INFO     ✓ [ 11/132] anatel_ptd_2025_2026_anexo_de_entregas_do_ptd_publ    71.9KB
23:53:53 INFO     ✓ [ 12/132] ancine_ptd_2024_2026_docdiretivo_assinado-2_assina   961.8KB
23:53:57 INFO     ✓ [ 13/132] ancine_ptd_2024_2026_-_anexo_de_entregas_aprovado_   613.2KB
23:54:01 INFO     ✓ [ 14/132] ptd_aneel_2025-2027_docdiretivo_assinado_tarjado.p   779.6KB
23:54:04 INFO     ✓ [ 15/132] ptd_aneel_2025-2027_anexo_de_entregas_assinado.pdf   111.9KB
23:54:09 INFO     ✓ [ 16/132] anm_ptd_2025_2027_docdiretivo_assinadopeloorgao_ta  1092.5KB
23:54:14 INFO     ✓ [ 17/132] anm_ptd_2025_2027_anexo_entregas_assinadopeloorgao  1140.4KB
23:54:18 INFO     ✓ [ 18/132] anpd_ptd_2025_2027_docdiretivo_assinado_assinado_a  1044.3KB
23:54:21 INFO     ✓ [ 19/132] anpd_ptd_2025_2027_anexo_de_entregas_assinado_assi   166.5KB
23:54:26 INFO     ✓ [ 20/132] ans-plano_de_transformacao_digital_assinado-copia_  1023.4KB
23:54:29 INFO     ✓ [ 21/132] ans_ptd_2025_2026_anexo_de_entregas_assinado_assin   124.1KB
23:54:34 INFO     ✓ [ 22/132] antaq_ptd_2025_2027_docdiretivo_assinado_assinado_  1039.8KB
23:54:37 INFO     ✓ [ 23/132] antaq_ptd_2025_2027_anexoentregas_assinado_assinad   145.1KB
23:54:39 INFO     ✓ [ 24/132] mt_anexo_de_entregas_-_assinado_assinado_assinado_   143.6KB
23:54:54 INFO     ✓ [ 25/132] anvisa_ptd_docdiretivo_2025-2026_assinado_assinado  5771.2KB
23:54:57 INFO     ✓ [ 26/132] anvisa_ptd_anexo_de_entregas_2025_2026_assinado_as   239.0KB
23:55:02 INFO     ✓ [ 27/132] bcb_documento_diretivo_assinado_assinado_assinado-   713.7KB
23:55:04 INFO     ✓ [ 28/132] bcb_anexo_de_entregas_ptd_25_26-1_assinado_assinad   134.8KB
23:55:09 INFO     ✓ [ 29/132] cade_ptd_docdiretivo_2025_2026_assinado-2_assinado   810.4KB
23:55:13 INFO     ✓ [ 30/132] cade_ptd_anexo_de_entregas_2025_2026_assinado_copi   504.0KB
23:55:18 INFO     ✓ [ 31/132] mec_ptd_docdiretivo_2025-2026_sei_mec-5566673_copi   863.1KB
23:55:22 INFO     ✓ [ 32/132] mec_ptd_anexo-de-entregas_sei_mec-5576401_copia_ta   495.7KB
23:55:28 INFO     ✓ [ 33/132] mec_ptd_docdiretivo-versao-comunicacao_copia_tarja  1616.5KB
23:55:32 INFO     ✓ [ 34/132] md_ptd_2026_2027_anexo_de_entregas_assinado_assina   579.4KB
23:55:35 INFO     ✓ [ 35/132] md_ptd_2026_2027_anexo_de_entregas_assinado_assina   186.8KB
23:55:39 INFO     ✓ [ 36/132] md_ptd_temp_copia_tarjada.pdf                        741.9KB
23:55:45 INFO     ✓ [ 37/132] cgu_ptd_docdiretivo_assinado_assinado_assinado-cop  1085.4KB
23:55:48 INFO     ✓ [ 38/132] cgu_ptd_anexo_de_entregas_pactuadas_assinado_assin   514.1KB
23:55:51 INFO     ✓ [ 39/132] cnpq_ptd_2025_2027_docdiretivo_assinado_assinado_a   342.9KB
23:55:54 INFO     ✓ [ 40/132] cnpq_ptd_2025_2027_anexo_de_entregas_assinado_assi   136.1KB
23:56:00 INFO     ✓ [ 41/132] coaf_ptd_2025_2026_documento_diretivo_assinado_ass  1068.0KB
23:56:12 INFO     ✓ [ 42/132] coaf_ptd_2025_2026_anexo_de_entregas-2_assinado_as  3184.5KB
23:56:27 INFO     ✓ [ 43/132] ptd_midr-docdiretivo_aprovado_assinado_tarjado.pdf  3864.1KB
23:56:32 INFO     ✓ [ 44/132] ptd_midr_-_anexo_de_entregas_-_aprovado_assinado.p  1122.0KB
23:56:38 INFO     ✓ [ 45/132] mda-documento-diretivo-assinado_ptd-2025-207-copia   955.8KB
23:56:41 INFO     ✓ [ 46/132] cvm_ptd_2025_2027_docdiretivo_assinado_assinado_as   270.5KB
23:56:45 INFO     ✓ [ 47/132] cvm_ptd_2025_2027_anexoentregas_assinado_assinado_   409.0KB
23:56:50 INFO     ✓ [ 48/132] dnocs_ptd_doc_diretivo_2025_2026_assinado_orgao-2_   891.1KB
23:56:54 INFO     ✓ [ 49/132] dnocs_anexo_de_entregas_repactuado_2025_2026_assin   272.3KB
23:57:07 INFO     ✓ [ 50/132] fbn_ptd_2025_2027_docdiretivo_assinado-1_tarjado.p  2921.6KB
23:57:10 INFO     ✓ [ 51/132] fbn_ptd_2025_2027_anexo_de_entregas_assinado-1.pdf   162.3KB
23:57:18 INFO     ✓ [ 52/132] fcp_ptd_2025_2027_docdiretivo_assinado-1_tarjado.p  1612.0KB
23:57:21 INFO     ✓ [ 53/132] fcp_ptd_2025_2027_anexo_de_entregas_assinado-1.pdf   118.8KB
23:57:27 INFO     ✓ [ 54/132] fcrb_ptd_2025_2026_docdiretivo_aprovado_assinado-1   998.2KB
23:57:30 INFO     ✓ [ 55/132] fcrb_ptd_2025_2026_anexo_de_entregas_aprovado_assi   313.5KB
23:57:37 INFO     ✓ [ 56/132] fiocruz_novo-ptd_2-1_docdiretivo_repactuacao_2024-  1318.1KB
23:57:41 INFO     ✓ [ 57/132] fiocruz_ptd_anexo_de_entregas_assinado_v1_assinado   257.1KB
23:57:49 INFO     ✓ [ 58/132] fiocruz-ptd-06_2024-copia_tarjada.pdf               1693.8KB
23:57:59 INFO     ✓ [ 59/132] funai_ptd_2025_2027_docdiretivo_assinado-1_tarjado  1842.1KB
23:58:03 INFO     ✓ [ 60/132] funai_anexo_de_entregas_repactuado_2026_2027_assin   435.7KB
23:58:09 INFO     ✓ [ 61/132] funarte_ptd_docdiretivo_assinado_21_01_2025_assina   965.7KB
23:58:14 INFO     ✓ [ 62/132] funarte_ptd_anexo_de_entregas_assinado_v1_assinado   683.6KB
23:58:20 INFO     ✓ [ 63/132] fundacentro_ptd_2025_2027_docdiretivo_assinado_ass   826.6KB
23:58:25 INFO     ✓ [ 64/132] fundacentro_ptd_2025_2027_anexo_de_entregas_assina   635.5KB
23:58:31 INFO     ✓ [ 65/132] mma_ptd_docdiretivo_assinado_2025_2026-1_assinado_   949.3KB
23:58:35 INFO     ✓ [ 66/132] mma_ptd_anexo_de_entregas_aprovado_final_assinado_   174.8KB
23:58:41 INFO     ✓ [ 67/132] ibge_docdiretivo_2025_assinado_assinado_assinado-c  1167.3KB
23:58:44 INFO     ✓ [ 68/132] ibge_ptd_25_26_anexo_de_entregas_modelo_v2-1_assin   143.7KB
23:59:09 INFO     ✓ [ 69/132] incra_ptd_docdiretivo__assinado-1_assinado_assinad  7182.0KB
23:59:18 INFO     ✓ [ 70/132] incra_anexo_de_entregas_assinado-1_assinado_assina  1818.6KB
23:59:30 INFO     ✓ [ 71/132] inpi_ptd_docdiretivo_assinado_2025_2026_assinado_a  3322.4KB
23:59:43 INFO     ✓ [ 72/132] inpi_ptd_anexo_de_entregas_assinado_v1_assinado_as  3078.1KB
23:59:50 INFO     ✓ [ 73/132] inss_ptd_2025_2027_docdiretivo-assinado-copia_tarj  1173.3KB
23:59:53 INFO     ✓ [ 74/132] inss_ptd_2025_2027_anexo_de_entregas-assinado-copi   110.8KB
23:59:58 INFO     ✓ [ 75/132] iphan_ptd_docdiretivo_assinado_2025_2026_assinado_   885.7KB
00:00:02 INFO     ✓ [ 76/132] iphan_ptd_anexo_de_entregas_assinado_v1_assinado_a   310.9KB
00:00:20 INFO     ✓ [ 77/132] iti_doc_diretivo_assinado-1_tarjado.pdf             4905.1KB
00:00:25 INFO     ✓ [ 78/132] iti_anexo_de_entregas_assinado.pdf                   556.4KB
00:00:34 INFO     ✓ [ 79/132] mapa_ptd_2025_2027_docdiretivo_assinado-1_tarjado.  1740.9KB
00:00:37 INFO     ✓ [ 80/132] mapa_ptd_2025_2027_anexo_de_entregas_assinado-1.pd   261.9KB
00:00:55 INFO     ✓ [ 81/132] documento-diretivo-mcom-_-ptd-25_27-copia_tarjada.  4451.9KB
00:01:02 INFO     ✓ [ 82/132] anexo-de-entregas-mcom_ptd-25_27-copia_tarjada.pdf  1213.8KB
00:01:14 INFO     ✓ [ 83/132] ptd_21_24_mcom-copia_tarjada.pdf                    3040.7KB
00:01:20 INFO     ✓ [ 84/132] mcti_ptd_2025-2027_docdiretivo_assinado-copia_tarj  1030.7KB
00:01:23 INFO     ✓ [ 85/132] mcti_ptd_2025-2027_anexo-de-entregas_assinado-copi   145.8KB
00:01:27 INFO     ✓ [ 86/132] mda-anexo-entregas-assinado_ptd-2025-2027-copia-ta   284.6KB
00:01:33 INFO     ✓ [ 87/132] mdhc_ptd_2025_2027_docdiretivo_assinado_assinado_a   753.4KB
00:01:36 INFO     ✓ [ 88/132] mdhc_ptd_2025_2027_anexoentregas_assinado_assinado   186.8KB
00:01:39 INFO     ✓ [ 89/132] mdic_ptd_anexo_de_entregas_assinado_v1_assinado_as   176.6KB
00:01:46 INFO     ✓ [ 90/132] memp_ptd_2025_2026_docdiretivo_assinado_assinado_a  1030.1KB
00:01:50 INFO     ✓ [ 91/132] memp_ptd_2025_2026_anexo_de_entregas_assinado_assi   161.5KB
00:01:57 INFO     ✓ [ 92/132] mesp_ptd_2025_2027_docdiretivo_assinado_assinado_2  1147.7KB
00:02:00 INFO     ✓ [ 93/132] mesp_ptd_2025_2027_anexo_de_entregas_assinado_assi   226.6KB
00:02:07 INFO     ✓ [ 94/132] mf_ptd_2026_2027_documentodiretivo_assinado_assina   955.1KB
00:02:11 INFO     ✓ [ 95/132] mf_ptd_2026_2027_anexo_de_entregas_1_mf_se_assinad   241.2KB
00:02:14 INFO     ✓ [ 96/132] mgi_ptd_2025_2027_docdiretivo_assinado_assinado_as   375.2KB
00:02:18 INFO     ✓ [ 97/132] mgi_ptd_2025_2027_anexo_de_entregas_assinado_assin   256.1KB
00:02:24 INFO     ✓ [ 98/132] minc_ptd_2025_2027_docdiretivo_assinado-1_assinado   863.6KB
00:02:27 INFO     ✓ [ 99/132] minc_ptd_2025_2027_anexo_de_entregas_assinado-1_as   276.7KB
00:02:33 INFO     ✓ [100/132] mjsp_ptd_docdiretivo_assinado_2025_2026_assinado_a   954.0KB
00:02:37 INFO     ✓ [101/132] mjsp_ptd_anexo_de_entregas_assinado_v1_assinado_as   253.9KB
00:02:42 INFO     ✓ [102/132] mme_ptd_2025_2027_docdiretivo_assinado-copia_tarja   664.5KB
00:02:44 INFO     ✓ [103/132] mme_ptd_2025_2027_anexo_de_entregas_assinado__1_-c   111.1KB
00:02:50 INFO     ✓ [104/132] mmulheres_ptd_2025_2027_docdiretivo_assinado_assin  1078.3KB
00:02:53 INFO     ✓ [105/132] mmulheres_ptd_2025_2027_anexo_de_entregas_assinado   216.9KB
00:02:59 INFO     ✓ [106/132] mpi_ptd_2025_2027_docdiretivo_ministerio_dos_povos   947.9KB
00:03:02 INFO     ✓ [107/132] mpi_ptd_anexo_de_entregas_do_plano_de_tranformacao   191.9KB
00:03:08 INFO     ✓ [108/132] mpo_ptd_docdiretivo_assinado_2025_2026_assinado_as   806.3KB
00:03:12 INFO     ✓ [109/132] mpo_ptd_anexo_de_entregas_assinado_v1_assinado_ass   323.2KB
00:03:17 INFO     ✓ [110/132] mpor_ptd_2025_2027_docdiretivo_assinado_assinado_a   876.5KB
00:03:21 INFO     ✓ [111/132] mpor_ptd_2025_2027_anexo_de_entregas_assinado_assi   175.1KB
00:03:27 INFO     ✓ [112/132] mps_ptd_2025-2026_docdiretivo_final_assinado-1_ass  1024.4KB
00:03:31 INFO     ✓ [113/132] mps_ptd_2025-2026_anexo_de_entregas_final_assinado   165.0KB
00:03:36 INFO     ✓ [114/132] mre_ptd_docdiretivo_assinado_2025_2026_assinado_as   760.9KB
00:03:39 INFO     ✓ [115/132] mre_ptd_anexo_de_entregas_assinado_v1_assinado_ass   233.2KB
00:03:45 INFO     ✓ [116/132] mte_ptd_2025_2026_docdiretivo_assinado_assinado_as   729.6KB
00:03:50 INFO     ✓ [117/132] mte_ptd_anexo_de_entregas_assinado_v1__281_29_assi   459.5KB
00:03:56 INFO     ✓ [118/132] mtur_ptd_docdiretiv_assinado_30_01_2025_assinado_a  1050.4KB
00:04:00 INFO     ✓ [119/132] mtur_ptd_anexo_de_entregas_assinado_30_01_2025_ass   118.8KB
00:04:06 INFO     ✓ [120/132] pf_ptd_docdiretivo_2025_2027_assinado-copia_tarjad   964.3KB
00:04:09 INFO     ✓ [121/132] pf_ptd_anexo_de_entregas_2025_2027_assinado-copia_    62.5KB
00:04:14 INFO     ✓ [122/132] mf_ptd_2026_2027_anexo_de_entregas_4_mf_pgfn_assin   466.8KB
00:04:39 INFO     ✓ [123/132] previc_plano_de_transformacao_digital_2025_2026_29  6652.7KB
00:04:42 INFO     ✓ [124/132] previc_ptd_repactuacao_2025-2026_assinado_assinado   182.9KB
00:04:47 INFO     ✓ [125/132] prf_documentodiretivo_ptd_2026-2027_assinado_tarja   535.9KB
00:04:51 INFO     ✓ [126/132] prf_anexo_de_entregas_do_ptd__2026_2027___ptd___en   157.7KB
00:04:55 INFO     ✓ [127/132] mf_ptd_2026_2027_anexo_de_entregas_2_mf_rfb_assina   253.7KB
00:05:03 INFO     ✓ [128/132] sgpr_ptd_2026_2027_docdiretivo_assinado-copia_tarj   791.2KB
00:05:09 INFO     ✓ [129/132] sgpr_ptd_2025_2027_anexo_de_entregas_assinado-copi   897.9KB
00:05:14 INFO     ✓ [130/132] mf_ptd_2026_2027_anexo_de_entregas_3_mf_stn_assina   467.8KB
00:05:21 INFO     ✓ [131/132] susep_ptd_2025_2027_docdiretivo-assinado-copia_tar  1030.1KB
00:05:25 INFO     ✓ [132/132] susep_ptd_2025-2026_anexo_de_entregas_final_assina   221.9KB
00:05:26 INFO     132 OK | 0 erros | 123.3 MB total
00:05:31 INFO     Sanity: 132 PDFs | 113 texto | 19 imagem/OCR | 0 duplicatas
00:05:31 INFO     --siglas (debug): 15 PDFs de ['AGU', 'FIOCRUZ', 'FUNAI', 'FUNDACENTRO', 'INCRA', 'ITI', 'MCOM', 'SGPR']
00:05:32 INFO     DocumentConverter instanciado (singleton × 2: plain + OCR)
00:05:32 INFO     [1/15] → agu_ptd_2025_2027_anexo_de_entregas_assinado_assinado_assinado-copia_tarjada.pdf
00:05:32 INFO     detected formats: [<InputFormat.PDF: 'pdf'>]
00:05:32 INFO     Going to convert document batch...
00:05:32 INFO     Initializing pipeline for StandardPdfPipeline with options hash bc6794697da537796efc497178f9263f
00:05:32 INFO     Loading plugin 'docling_defaults'
00:05:32 INFO     Registered picture descriptions: ['picture_description_vlm_engine', 'vlm', 'api']
00:05:32 INFO     Loading plugin 'docling_defaults'
00:05:32 INFO     Registered ocr engines: ['auto', 'easyocr', 'kserve_v2_ocr', 'ocrmac', 'rapidocr', 'tesserocr', 'tesseract']
00:05:32 INFO     command: tesseract --list-langs
00:05:32 INFO     Loading plugin 'docling_defaults'
00:05:32 INFO     Registered layout engines: ['layout_object_detection', 'docling_layout_default', 'docling_experimental_table_crops_layout']
00:05:32 INFO     Accelerator device: 'cpu'
00:05:32 INFO     HTTP Request: GET https://huggingface.co/api/models/docling-project/docling-layout-heron/revision/main "HTTP/1.1 200 OK"
00:05:32 INFO     HTTP Request: HEAD https://huggingface.co/docling-project/docling-layout-heron/resolve/8f39ad3c0b4c58e9c2d2c84a38465abf757272d8/.gitattributes "HTTP/1.1 307 Temporary Redirect"
00:05:32 INFO     HTTP Request: HEAD https://huggingface.co/api/resolve-cache/models/docling-project/docling-layout-heron/8f39ad3c0b4c58e9c2d2c84a38465abf757272d8/.gitattributes "HTTP/1.1 200 OK"
00:05:32 INFO     HTTP Request: HEAD https://huggingface.co/docling-project/docling-layout-heron/resolve/8f39ad3c0b4c58e9c2d2c84a38465abf757272d8/README.md "HTTP/1.1 307 Temporary Redirect"
00:05:32 INFO     HTTP Request: HEAD https://huggingface.co/docling-project/docling-layout-heron/resolve/8f39ad3c0b4c58e9c2d2c84a38465abf757272d8/config.json "HTTP/1.1 307 Temporary Redirect"
00:05:32 WARNING  Warning: You are sending unauthenticated requests to the HF Hub. Please set a HF_TOKEN to enable higher rate limits and faster downloads.
00:05:32 INFO     HTTP Request: HEAD https://huggingface.co/docling-project/docling-layout-heron/resolve/8f39ad3c0b4c58e9c2d2c84a38465abf757272d8/preprocessor_config.json "HTTP/1.1 307 Temporary Redirect"
00:05:32 INFO     HTTP Request: HEAD https://huggingface.co/docling-project/docling-layout-heron/resolve/8f39ad3c0b4c58e9c2d2c84a38465abf757272d8/model.safetensors "HTTP/1.1 302 Found"
00:05:32 INFO     HTTP Request: HEAD https://huggingface.co/docling-project/docling-layout-heron/resolve/8f39ad3c0b4c58e9c2d2c84a38465abf757272d8/docling_heron_400.png "HTTP/1.1 307 Temporary Redirect"
00:05:32 INFO     HTTP Request: GET https://huggingface.co/api/resolve-cache/models/docling-project/docling-layout-heron/8f39ad3c0b4c58e9c2d2c84a38465abf757272d8/.gitattributes "HTTP/1.1 200 OK"
00:05:32 INFO     HTTP Request: HEAD https://huggingface.co/api/resolve-cache/models/docling-project/docling-layout-heron/8f39ad3c0b4c58e9c2d2c84a38465abf757272d8/README.md "HTTP/1.1 200 OK"
00:05:32 INFO     HTTP Request: HEAD https://huggingface.co/api/resolve-cache/models/docling-project/docling-layout-heron/8f39ad3c0b4c58e9c2d2c84a38465abf757272d8/config.json "HTTP/1.1 200 OK"
00:05:32 INFO     HTTP Request: HEAD https://huggingface.co/api/resolve-cache/models/docling-project/docling-layout-heron/8f39ad3c0b4c58e9c2d2c84a38465abf757272d8/preprocessor_config.json "HTTP/1.1 200 OK"
00:05:32 INFO     HTTP Request: HEAD https://huggingface.co/api/resolve-cache/models/docling-project/docling-layout-heron/8f39ad3c0b4c58e9c2d2c84a38465abf757272d8/docling_heron_400.png "HTTP/1.1 200 OK"
00:05:32 INFO     HTTP Request: GET https://huggingface.co/api/resolve-cache/models/docling-project/docling-layout-heron/8f39ad3c0b4c58e9c2d2c84a38465abf757272d8/config.json "HTTP/1.1 200 OK"
00:05:32 INFO     HTTP Request: GET https://huggingface.co/api/resolve-cache/models/docling-project/docling-layout-heron/8f39ad3c0b4c58e9c2d2c84a38465abf757272d8/preprocessor_config.json "HTTP/1.1 200 OK"
00:05:32 INFO     HTTP Request: GET https://huggingface.co/api/resolve-cache/models/docling-project/docling-layout-heron/8f39ad3c0b4c58e9c2d2c84a38465abf757272d8/README.md "HTTP/1.1 200 OK"
00:05:32 INFO     HTTP Request: GET https://huggingface.co/api/resolve-cache/models/docling-project/docling-layout-heron/8f39ad3c0b4c58e9c2d2c84a38465abf757272d8/docling_heron_400.png "HTTP/1.1 200 OK"
00:05:32 INFO     HTTP Request: GET https://huggingface.co/api/models/docling-project/docling-layout-heron/xet-read-token/8f39ad3c0b4c58e9c2d2c84a38465abf757272d8 "HTTP/1.1 200 OK"
00:05:34 INFO     Loading plugin 'docling_defaults'
00:05:34 INFO     Registered table structure engines: ['docling_tableformer', 'docling_tableformer_v2']
00:05:34 INFO     HTTP Request: GET https://huggingface.co/api/models/docling-project/docling-models/revision/v2.3.0 "HTTP/1.1 200 OK"
00:05:34 INFO     HTTP Request: HEAD https://huggingface.co/docling-project/docling-models/resolve/fc0f2d45e2218ea24bce5045f58a389aed16dc23/config.json "HTTP/1.1 307 Temporary Redirect"
00:05:34 INFO     HTTP Request: HEAD https://huggingface.co/docling-project/docling-models/resolve/fc0f2d45e2218ea24bce5045f58a389aed16dc23/.gitattributes "HTTP/1.1 307 Temporary Redirect"
00:05:34 INFO     HTTP Request: HEAD https://huggingface.co/docling-project/docling-models/resolve/fc0f2d45e2218ea24bce5045f58a389aed16dc23/README.md "HTTP/1.1 307 Temporary Redirect"
00:05:34 INFO     HTTP Request: HEAD https://huggingface.co/docling-project/docling-models/resolve/fc0f2d45e2218ea24bce5045f58a389aed16dc23/model_artifacts/tableformer/accurate/tm_config.json "HTTP/1.1 307 Temporary Redirect"
00:05:34 INFO     HTTP Request: HEAD https://huggingface.co/docling-project/docling-models/resolve/fc0f2d45e2218ea24bce5045f58a389aed16dc23/model_artifacts/tableformer/accurate/tableformer_accurate.safetensors "HTTP/1.1 302 Found"
00:05:34 INFO     HTTP Request: HEAD https://huggingface.co/docling-project/docling-models/resolve/fc0f2d45e2218ea24bce5045f58a389aed16dc23/.gitignore "HTTP/1.1 307 Temporary Redirect"
00:05:34 INFO     HTTP Request: HEAD https://huggingface.co/api/resolve-cache/models/docling-project/docling-models/fc0f2d45e2218ea24bce5045f58a389aed16dc23/config.json "HTTP/1.1 200 OK"
00:05:34 INFO     HTTP Request: HEAD https://huggingface.co/api/resolve-cache/models/docling-project/docling-models/fc0f2d45e2218ea24bce5045f58a389aed16dc23/.gitattributes "HTTP/1.1 200 OK"
00:05:34 INFO     HTTP Request: HEAD https://huggingface.co/api/resolve-cache/models/docling-project/docling-models/fc0f2d45e2218ea24bce5045f58a389aed16dc23/README.md "HTTP/1.1 200 OK"
00:05:34 INFO     HTTP Request: HEAD https://huggingface.co/api/resolve-cache/models/docling-project/docling-models/fc0f2d45e2218ea24bce5045f58a389aed16dc23/model_artifacts%2Ftableformer%2Faccurate%2Ftm_config.json "HTTP/1.1 200 OK"
00:05:34 INFO     HTTP Request: HEAD https://huggingface.co/api/resolve-cache/models/docling-project/docling-models/fc0f2d45e2218ea24bce5045f58a389aed16dc23/.gitignore "HTTP/1.1 200 OK"
00:05:34 INFO     HTTP Request: HEAD https://huggingface.co/docling-project/docling-models/resolve/fc0f2d45e2218ea24bce5045f58a389aed16dc23/model_artifacts/tableformer/fast/tm_config.json "HTTP/1.1 307 Temporary Redirect"
00:05:34 INFO     HTTP Request: HEAD https://huggingface.co/docling-project/docling-models/resolve/fc0f2d45e2218ea24bce5045f58a389aed16dc23/model_artifacts/tableformer/fast/tableformer_fast.safetensors "HTTP/1.1 302 Found"
00:05:34 INFO     HTTP Request: GET https://huggingface.co/api/resolve-cache/models/docling-project/docling-models/fc0f2d45e2218ea24bce5045f58a389aed16dc23/config.json "HTTP/1.1 200 OK"
00:05:34 INFO     HTTP Request: GET https://huggingface.co/api/resolve-cache/models/docling-project/docling-models/fc0f2d45e2218ea24bce5045f58a389aed16dc23/.gitattributes "HTTP/1.1 200 OK"
00:05:34 INFO     HTTP Request: GET https://huggingface.co/api/resolve-cache/models/docling-project/docling-models/fc0f2d45e2218ea24bce5045f58a389aed16dc23/.gitignore "HTTP/1.1 200 OK"
00:05:34 INFO     HTTP Request: GET https://huggingface.co/api/resolve-cache/models/docling-project/docling-models/fc0f2d45e2218ea24bce5045f58a389aed16dc23/README.md "HTTP/1.1 200 OK"
00:05:34 INFO     HTTP Request: GET https://huggingface.co/api/resolve-cache/models/docling-project/docling-models/fc0f2d45e2218ea24bce5045f58a389aed16dc23/model_artifacts%2Ftableformer%2Faccurate%2Ftm_config.json "HTTP/1.1 200 OK"
00:05:34 INFO     HTTP Request: HEAD https://huggingface.co/api/resolve-cache/models/docling-project/docling-models/fc0f2d45e2218ea24bce5045f58a389aed16dc23/model_artifacts%2Ftableformer%2Ffast%2Ftm_config.json "HTTP/1.1 200 OK"
00:05:34 INFO     HTTP Request: GET https://huggingface.co/api/models/docling-project/docling-models/xet-read-token/fc0f2d45e2218ea24bce5045f58a389aed16dc23 "HTTP/1.1 200 OK"
00:05:34 INFO     HTTP Request: GET https://huggingface.co/api/resolve-cache/models/docling-project/docling-models/fc0f2d45e2218ea24bce5045f58a389aed16dc23/model_artifacts%2Ftableformer%2Ffast%2Ftm_config.json "HTTP/1.1 200 OK"
00:05:34 INFO     HTTP Request: GET https://huggingface.co/api/models/docling-project/docling-models/xet-read-token/fc0f2d45e2218ea24bce5045f58a389aed16dc23 "HTTP/1.1 200 OK"
00:05:35 INFO     Accelerator device: 'cpu'
00:05:36 INFO     Processing document agu_ptd_2025_2027_anexo_de_entregas_assinado_assinado_assinado-copia_tarjada.pdf
00:05:36 INFO     command: tesseract --psm 0 -l osd /tmp/tmpv3l8gz10.png stdout
00:05:37 INFO     command: tesseract -l por /tmp/tmpv3l8gz10.png stdout tsv
00:05:40 INFO     command: tesseract --psm 0 -l osd /tmp/tmp95nb5bfm.png stdout
00:05:42 INFO     command: tesseract -l por /tmp/tmp95nb5bfm.png stdout tsv
00:05:58 INFO     Finished converting document agu_ptd_2025_2027_anexo_de_entregas_assinado_assinado_assinado-copia_tarjada.pdf in 26.53 sec.
00:05:58 INFO       pixel_budget (Docling) agu_ptd_2025_2027_anexo_de_entregas_assinado_assinado_assinado-copia_tarjada.pdf: 45.8% (área tabelas/1001817 px²)
00:05:58 INFO     [1/15] ✓ AGU       :   33 entregas | 26.5s | ETA ~6min
00:05:58 INFO     [2/15] → agu_ptd_2025_2027_docdiretivo_assinado_assinado_assinado-copia_tarjada.pdf
00:05:58 INFO     detected formats: [<InputFormat.PDF: 'pdf'>]
00:05:58 INFO     Going to convert document batch...
00:05:58 INFO     Processing document agu_ptd_2025_2027_docdiretivo_assinado_assinado_assinado-copia_tarjada.pdf
00:05:59 INFO     command: tesseract --psm 0 -l osd /tmp/tmps49x879w.png stdout
00:05:59 INFO     command: tesseract -l por /tmp/tmps49x879w.png stdout tsv
00:06:01 INFO     command: tesseract --psm 0 -l osd /tmp/tmpd4x013gw.png stdout
00:06:03 INFO     command: tesseract -l por /tmp/tmpd4x013gw.png stdout tsv
00:06:06 INFO     command: tesseract --psm 0 -l osd /tmp/tmpxa9k3ahd.png stdout
00:06:07 INFO     command: tesseract -l por /tmp/tmpxa9k3ahd.png stdout tsv
00:06:09 INFO     command: tesseract --psm 0 -l osd /tmp/tmpx_4s99vk.png stdout
00:06:10 INFO     command: tesseract -l por /tmp/tmpx_4s99vk.png stdout tsv
00:06:12 INFO     command: tesseract --psm 0 -l osd /tmp/tmp1e5v09wy.png stdout
00:06:13 INFO     command: tesseract -l por /tmp/tmp1e5v09wy.png stdout tsv
00:06:15 INFO     command: tesseract --psm 0 -l osd /tmp/tmpmsbghw6_.png stdout
00:06:17 INFO     command: tesseract -l por /tmp/tmpmsbghw6_.png stdout tsv
00:06:25 INFO     command: tesseract --psm 0 -l osd /tmp/tmpsb4dj2mx.png stdout
00:06:26 INFO     command: tesseract -l por /tmp/tmpsb4dj2mx.png stdout tsv
00:06:28 INFO     command: tesseract --psm 0 -l osd /tmp/tmpzb9tr1c8.png stdout
00:06:29 INFO     command: tesseract -l por /tmp/tmpzb9tr1c8.png stdout tsv
00:06:31 INFO     command: tesseract --psm 0 -l osd /tmp/tmpli9v2dks.png stdout
00:06:32 INFO     command: tesseract -l por /tmp/tmpli9v2dks.png stdout tsv
00:06:35 INFO     command: tesseract --psm 0 -l osd /tmp/tmp_66dtnds.png stdout
00:06:36 INFO     command: tesseract -l por /tmp/tmp_66dtnds.png stdout tsv
00:06:49 INFO     command: tesseract --psm 0 -l osd /tmp/tmp5xe00jfe.png stdout
00:06:50 INFO     command: tesseract -l por /tmp/tmp5xe00jfe.png stdout tsv
00:06:53 INFO     Finished converting document agu_ptd_2025_2027_docdiretivo_assinado_assinado_assinado-copia_tarjada.pdf in 54.69 sec.
00:06:53 INFO       pixel_budget (Docling) agu_ptd_2025_2027_docdiretivo_assinado_assinado_assinado-copia_tarjada.pdf: 2.1% (área tabelas/5513330 px²)
00:06:53 INFO     [2/15] ✓ AGU       :    6 entregas | 54.7s | ETA ~8min
00:06:53 INFO     [3/15] → anexo-de-entregas-mcom_ptd-25_27-copia_tarjada.pdf
00:06:53 INFO     detected formats: [<InputFormat.PDF: 'pdf'>]
00:06:53 INFO     Going to convert document batch...
00:06:53 INFO     Processing document anexo-de-entregas-mcom_ptd-25_27-copia_tarjada.pdf
00:06:54 INFO     command: tesseract --psm 0 -l osd /tmp/tmp3spx1cff.png stdout
00:06:55 INFO     command: tesseract -l por /tmp/tmp3spx1cff.png stdout tsv
00:06:57 INFO     command: tesseract --psm 0 -l osd /tmp/tmpzpxdv8rj.png stdout
00:06:59 INFO     command: tesseract -l por /tmp/tmpzpxdv8rj.png stdout tsv
00:07:09 INFO     command: tesseract --psm 0 -l osd /tmp/tmpyvbdc2k2.png stdout
00:07:10 INFO     command: tesseract -l por /tmp/tmpyvbdc2k2.png stdout tsv
00:07:24 INFO     Finished converting document anexo-de-entregas-mcom_ptd-25_27-copia_tarjada.pdf in 31.18 sec.
00:07:24 INFO       pixel_budget (Docling) anexo-de-entregas-mcom_ptd-25_27-copia_tarjada.pdf: 55.2% (área tabelas/1503636 px²)
00:07:24 INFO     [3/15] ✓ MCOM      :   55 entregas | 31.2s | ETA ~7min
00:07:24 INFO     [4/15] → documento-diretivo-mcom-_-ptd-25_27-copia_tarjada.pdf
00:07:24 INFO     detected formats: [<InputFormat.PDF: 'pdf'>]
00:07:24 INFO     Going to convert document batch...
00:07:24 INFO     Processing document documento-diretivo-mcom-_-ptd-25_27-copia_tarjada.pdf
00:07:25 INFO     command: tesseract --psm 0 -l osd /tmp/tmpc2mv5onz.png stdout
00:07:25 INFO     command: tesseract -l por /tmp/tmpc2mv5onz.png stdout tsv
00:07:28 INFO     command: tesseract --psm 0 -l osd /tmp/tmp9j01jrel.png stdout
00:07:29 INFO     command: tesseract -l por /tmp/tmp9j01jrel.png stdout tsv
00:07:34 INFO     command: tesseract --psm 0 -l osd /tmp/tmpryi578qt.png stdout
00:07:35 INFO     command: tesseract -l por /tmp/tmpryi578qt.png stdout tsv
00:07:36 INFO     command: tesseract --psm 0 -l osd /tmp/tmpfn_7ygy8.png stdout
00:07:37 INFO     command: tesseract -l por /tmp/tmpfn_7ygy8.png stdout tsv
00:07:39 INFO     command: tesseract --psm 0 -l osd /tmp/tmp8xhi5rzx.png stdout
00:07:40 INFO     command: tesseract -l por /tmp/tmp8xhi5rzx.png stdout tsv
00:07:42 INFO     command: tesseract --psm 0 -l osd /tmp/tmpjw20h_kf.png stdout
00:07:44 INFO     command: tesseract -l por /tmp/tmpjw20h_kf.png stdout tsv
00:08:00 INFO     command: tesseract --psm 0 -l osd /tmp/tmprohtptu2.png stdout
00:08:01 INFO     command: tesseract -l por /tmp/tmprohtptu2.png stdout tsv
00:08:03 INFO     command: tesseract --psm 0 -l osd /tmp/tmpvtu54zl1.png stdout
00:08:04 INFO     command: tesseract -l por /tmp/tmpvtu54zl1.png stdout tsv
00:08:06 INFO     command: tesseract --psm 0 -l osd /tmp/tmp74x6yk4j.png stdout
00:08:07 INFO     command: tesseract -l por /tmp/tmp74x6yk4j.png stdout tsv
00:08:09 INFO     command: tesseract --psm 0 -l osd /tmp/tmpm6co5ibc.png stdout
00:08:10 INFO     command: tesseract -l por /tmp/tmpm6co5ibc.png stdout tsv
00:08:16 INFO     command: tesseract --psm 0 -l osd /tmp/tmppw2xf3er.png stdout
00:08:17 INFO     command: tesseract -l por /tmp/tmppw2xf3er.png stdout tsv
00:08:20 INFO     command: tesseract --psm 0 -l osd /tmp/tmp0n0rahu5.png stdout
00:08:21 INFO     command: tesseract -l por /tmp/tmp0n0rahu5.png stdout tsv
00:08:23 INFO     command: tesseract --psm 0 -l osd /tmp/tmp4bi4xk0v.png stdout
00:08:24 INFO     command: tesseract -l por /tmp/tmp4bi4xk0v.png stdout tsv
00:08:26 INFO     command: tesseract --psm 0 -l osd /tmp/tmp9y6abetp.png stdout
00:08:27 INFO     command: tesseract -l por /tmp/tmp9y6abetp.png stdout tsv
00:08:33 INFO     Finished converting document documento-diretivo-mcom-_-ptd-25_27-copia_tarjada.pdf in 69.55 sec.
00:08:34 INFO       pixel_budget (Docling) documento-diretivo-mcom-_-ptd-25_27-copia_tarjada.pdf: 10.8% (área tabelas/7016966 px²)
00:08:34 INFO     [4/15] ✓ MCOM      :    3 entregas | 69.6s | ETA ~8min
00:08:34 INFO     [5/15] → fiocruz-ptd-06_2024-copia_tarjada.pdf
00:08:34 INFO     detected formats: [<InputFormat.PDF: 'pdf'>]
00:08:34 INFO     Going to convert document batch...
00:08:34 INFO     Initializing pipeline for StandardPdfPipeline with options hash d18651824ca6fe56cf3ccb20424ac2c8
00:08:34 INFO     Accelerator device: 'cpu'
00:08:34 INFO     HTTP Request: GET https://huggingface.co/api/models/docling-project/docling-layout-heron/revision/main "HTTP/1.1 200 OK"
00:08:34 INFO     HTTP Request: GET https://huggingface.co/api/models/docling-project/docling-models/revision/v2.3.0 "HTTP/1.1 200 OK"
00:08:34 INFO     Accelerator device: 'cpu'
00:08:34 INFO     Processing document fiocruz-ptd-06_2024-copia_tarjada.pdf
00:09:28 INFO     Finished converting document fiocruz-ptd-06_2024-copia_tarjada.pdf in 54.10 sec.
00:09:28 INFO       pixel_budget (Docling) fiocruz-ptd-06_2024-copia_tarjada.pdf: 36.4% (área tabelas/7518178 px²)
00:09:28 INFO     [5/15] ✓ FIOCRUZ   :    1 entregas | 54.1s | ETA ~7min
00:09:28 INFO     [6/15] → fiocruz_novo-ptd_2-1_docdiretivo_repactuacao_2024-2026_assinado_assinado-copia_tarjada.pdf
00:09:28 INFO     detected formats: [<InputFormat.PDF: 'pdf'>]
00:09:28 INFO     Going to convert document batch...
00:09:28 INFO     Processing document fiocruz_novo-ptd_2-1_docdiretivo_repactuacao_2024-2026_assinado_assinado-copia_tarjada.pdf
00:09:43 INFO     Finished converting document fiocruz_novo-ptd_2-1_docdiretivo_repactuacao_2024-2026_assinado_assinado-copia_tarjada.pdf in 14.97 sec.
00:09:43 INFO       pixel_budget (Docling) fiocruz_novo-ptd_2-1_docdiretivo_repactuacao_2024-2026_assinado_assinado-copia_tarjada.pdf: 11.3% (área tabelas/5012118 px²)
00:09:43 INFO     [6/15] ✓ FIOCRUZ   :    5 entregas | 15.0s | ETA ~6min
00:09:43 INFO     [7/15] → fiocruz_ptd_anexo_de_entregas_assinado_v1_assinado_assinado-1-copia_tarjada.pdf
00:09:43 INFO     detected formats: [<InputFormat.PDF: 'pdf'>]
00:09:43 INFO     Going to convert document batch...
00:09:43 INFO     Processing document fiocruz_ptd_anexo_de_entregas_assinado_v1_assinado_assinado-1-copia_tarjada.pdf
00:10:05 INFO     Finished converting document fiocruz_ptd_anexo_de_entregas_assinado_v1_assinado_assinado-1-copia_tarjada.pdf in 22.42 sec.
00:10:05 INFO       pixel_budget (Docling) fiocruz_ptd_anexo_de_entregas_assinado_v1_assinado_assinado-1-copia_tarjada.pdf: 54.7% (área tabelas/2004847 px²)
00:10:05 INFO     [7/15] ✓ FIOCRUZ   :   61 entregas | 22.4s | ETA ~5min
00:10:05 INFO     [8/15] → funai_anexo_de_entregas_repactuado_2026_2027_assinado_assinado_assinado.pdf
00:10:05 INFO     detected formats: [<InputFormat.PDF: 'pdf'>]
00:10:05 INFO     Going to convert document batch...
00:10:05 INFO     Processing document funai_anexo_de_entregas_repactuado_2026_2027_assinado_assinado_assinado.pdf
00:10:06 INFO     command: tesseract --psm 0 -l osd /tmp/tmp8kdrv3k4.png stdout
00:10:07 INFO     command: tesseract -l por /tmp/tmp8kdrv3k4.png stdout tsv
00:10:17 INFO     Finished converting document funai_anexo_de_entregas_repactuado_2026_2027_assinado_assinado_assinado.pdf in 11.59 sec.
00:10:17 INFO       pixel_budget (Docling) funai_anexo_de_entregas_repactuado_2026_2027_assinado_assinado_assinado.pdf: 49.8% (área tabelas/501212 px²)
00:10:17 INFO     [8/15] ✓ FUNAI     :   21 entregas | 11.6s | ETA ~4min
00:10:17 INFO     [9/15] → funai_ptd_2025_2027_docdiretivo_assinado-1_tarjado.pdf
00:10:17 INFO     detected formats: [<InputFormat.PDF: 'pdf'>]
00:10:17 INFO     Going to convert document batch...
00:10:17 INFO     Processing document funai_ptd_2025_2027_docdiretivo_assinado-1_tarjado.pdf
00:10:18 INFO     command: tesseract --psm 0 -l osd /tmp/tmp4a701enn.png stdout
00:10:19 INFO     command: tesseract -l por /tmp/tmp4a701enn.png stdout tsv
00:10:20 INFO     command: tesseract --psm 0 -l osd /tmp/tmpfxyukr57.png stdout
00:10:21 INFO     command: tesseract -l por /tmp/tmpfxyukr57.png stdout tsv
00:10:23 INFO     command: tesseract --psm 0 -l osd /tmp/tmppomy55y6.png stdout
00:10:24 INFO     command: tesseract -l por /tmp/tmppomy55y6.png stdout tsv
00:10:26 INFO     command: tesseract --psm 0 -l osd /tmp/tmpnx06hv78.png stdout
00:10:27 INFO     command: tesseract -l por /tmp/tmpnx06hv78.png stdout tsv
00:10:28 INFO     command: tesseract --psm 0 -l osd /tmp/tmpgkw_eawh.png stdout
00:10:29 INFO     command: tesseract -l por /tmp/tmpgkw_eawh.png stdout tsv
00:10:31 INFO     command: tesseract --psm 0 -l osd /tmp/tmp4wx_6nfz.png stdout
00:10:33 INFO     command: tesseract -l por /tmp/tmp4wx_6nfz.png stdout tsv
00:10:44 INFO     command: tesseract --psm 0 -l osd /tmp/tmpafxjfdjl.png stdout
00:10:45 INFO     command: tesseract -l por /tmp/tmpafxjfdjl.png stdout tsv
00:10:46 INFO     command: tesseract --psm 0 -l osd /tmp/tmpo54zh5va.png stdout
00:10:47 INFO     command: tesseract -l por /tmp/tmpo54zh5va.png stdout tsv
00:10:48 INFO     command: tesseract --psm 0 -l osd /tmp/tmpa6v0pypv.png stdout
00:10:49 INFO     command: tesseract -l por /tmp/tmpa6v0pypv.png stdout tsv
00:10:51 INFO     command: tesseract --psm 0 -l osd /tmp/tmpuw311o2g.png stdout
00:10:53 INFO     command: tesseract -l por /tmp/tmpuw311o2g.png stdout tsv
00:11:04 INFO     command: tesseract --psm 0 -l osd /tmp/tmphue3erkr.png stdout
00:11:05 INFO     command: tesseract -l por /tmp/tmphue3erkr.png stdout tsv
00:11:11 INFO     command: tesseract --psm 0 -l osd /tmp/tmpaleexd1k.png stdout
00:11:12 INFO     command: tesseract -l por /tmp/tmpaleexd1k.png stdout tsv
00:11:13 INFO     command: tesseract --psm 0 -l osd /tmp/tmp8caa920v.png stdout
00:11:14 INFO     command: tesseract -l por /tmp/tmp8caa920v.png stdout tsv
00:11:19 INFO     Finished converting document funai_ptd_2025_2027_docdiretivo_assinado-1_tarjado.pdf in 62.79 sec.
00:11:19 INFO       pixel_budget (Docling) funai_ptd_2025_2027_docdiretivo_assinado-1_tarjado.pdf: 16.4% (área tabelas/6515754 px²)
00:11:19 INFO     [9/15] ✓ FUNAI     :    8 entregas | 62.8s | ETA ~3min
00:11:19 INFO     [10/15] → incra_anexo_de_entregas_assinado-1_assinado_assinado-copia_tarjada.pdf
00:11:19 INFO     detected formats: [<InputFormat.PDF: 'pdf'>]
00:11:19 INFO     Going to convert document batch...
00:11:19 INFO     Processing document incra_anexo_de_entregas_assinado-1_assinado_assinado-copia_tarjada.pdf
00:11:21 INFO     command: tesseract --psm 0 -l osd /tmp/tmp_hnbovsn.png stdout
00:11:22 INFO     command: tesseract -l por /tmp/tmp_hnbovsn.png stdout tsv
00:11:24 INFO     command: tesseract --psm 0 -l osd /tmp/tmpyw8ajv4v.png stdout
00:11:26 INFO     command: tesseract -l por /tmp/tmpyw8ajv4v.png stdout tsv
00:11:30 INFO     command: tesseract --psm 0 -l osd /tmp/tmp75xehsos.png stdout
00:11:32 INFO     command: tesseract -l por /tmp/tmp75xehsos.png stdout tsv
00:11:35 INFO     command: tesseract --psm 0 -l osd /tmp/tmp_kzerzk8.png stdout
00:11:36 INFO     command: tesseract -l por /tmp/tmp_kzerzk8.png stdout tsv
00:11:38 INFO     command: tesseract --psm 0 -l osd /tmp/tmpkkd5dcig.png stdout
00:11:39 INFO     command: tesseract -l por /tmp/tmpkkd5dcig.png stdout tsv
00:12:36 INFO     Finished converting document incra_anexo_de_entregas_assinado-1_assinado_assinado-copia_tarjada.pdf in 76.23 sec.
00:12:36 INFO       pixel_budget (Docling) incra_anexo_de_entregas_assinado-1_assinado_assinado-copia_tarjada.pdf: 30.0% (área tabelas/2423520 px²)
00:12:36 INFO     [10/15] ✓ INCRA     :   10 entregas | 76.2s | ETA ~3min
00:12:36 INFO     [11/15] → incra_ptd_docdiretivo__assinado-1_assinado_assinado-copia_tarjada.pdf
00:12:36 INFO     detected formats: [<InputFormat.PDF: 'pdf'>]
00:12:36 INFO     Going to convert document batch...
00:12:36 INFO     Processing document incra_ptd_docdiretivo__assinado-1_assinado_assinado-copia_tarjada.pdf
00:12:37 INFO     command: tesseract --psm 0 -l osd /tmp/tmpme2s_rb7.png stdout
00:12:37 INFO     command: tesseract -l por /tmp/tmpme2s_rb7.png stdout tsv
00:12:39 INFO     command: tesseract --psm 0 -l osd /tmp/tmpl26mp_7z.png stdout
00:12:41 INFO     command: tesseract -l por /tmp/tmpl26mp_7z.png stdout tsv
00:12:45 INFO     command: tesseract --psm 0 -l osd /tmp/tmpv4ni4bwr.png stdout
00:12:46 INFO     command: tesseract -l por /tmp/tmpv4ni4bwr.png stdout tsv
00:12:48 INFO     command: tesseract --psm 0 -l osd /tmp/tmpk67hjc6y.png stdout
00:12:49 INFO     command: tesseract -l por /tmp/tmpk67hjc6y.png stdout tsv
00:12:50 INFO     command: tesseract --psm 0 -l osd /tmp/tmpa6g84h92.png stdout
00:12:51 INFO     command: tesseract -l por /tmp/tmpa6g84h92.png stdout tsv
00:12:53 INFO     command: tesseract --psm 0 -l osd /tmp/tmp_b8h9msr.png stdout
00:12:55 INFO     command: tesseract -l por /tmp/tmp_b8h9msr.png stdout tsv
00:13:12 INFO     command: tesseract --psm 0 -l osd /tmp/tmpevyqysrw.png stdout
00:13:13 INFO     command: tesseract -l por /tmp/tmpevyqysrw.png stdout tsv
00:13:14 INFO     command: tesseract --psm 0 -l osd /tmp/tmpp72g7pja.png stdout
00:13:15 INFO     command: tesseract -l por /tmp/tmpp72g7pja.png stdout tsv
00:13:17 INFO     command: tesseract --psm 0 -l osd /tmp/tmp71rctpu8.png stdout
00:13:18 INFO     command: tesseract -l por /tmp/tmp71rctpu8.png stdout tsv
00:13:20 INFO     command: tesseract --psm 0 -l osd /tmp/tmposj45w1d.png stdout
00:13:22 INFO     command: tesseract -l por /tmp/tmposj45w1d.png stdout tsv
00:13:28 INFO     command: tesseract --psm 0 -l osd /tmp/tmpjs9a8588.png stdout
00:13:29 INFO     command: tesseract -l por /tmp/tmpjs9a8588.png stdout tsv
00:13:35 INFO     command: tesseract --psm 0 -l osd /tmp/tmpmbei3ats.png stdout
00:13:36 INFO     command: tesseract -l por /tmp/tmpmbei3ats.png stdout tsv
00:13:38 INFO     command: tesseract --psm 0 -l osd /tmp/tmpf0j54oub.png stdout
00:13:39 INFO     command: tesseract -l por /tmp/tmpf0j54oub.png stdout tsv
00:13:45 INFO     Finished converting document incra_ptd_docdiretivo__assinado-1_assinado_assinado-copia_tarjada.pdf in 69.19 sec.
00:13:45 INFO       pixel_budget (Docling) incra_ptd_docdiretivo__assinado-1_assinado_assinado-copia_tarjada.pdf: 20.2% (área tabelas/6515754 px²)
00:13:45 INFO     [11/15] ✓ INCRA     :   11 entregas | 69.2s | ETA ~2min
00:13:45 INFO     [12/15] → iti_anexo_de_entregas_assinado.pdf
00:13:45 INFO     detected formats: [<InputFormat.PDF: 'pdf'>]
00:13:45 INFO     Going to convert document batch...
00:13:45 INFO     Processing document iti_anexo_de_entregas_assinado.pdf
00:13:46 INFO     command: tesseract --psm 0 -l osd /tmp/tmpvjvx2fb9.png stdout
00:13:47 INFO     command: tesseract -l por /tmp/tmpvjvx2fb9.png stdout tsv
00:13:58 INFO     Finished converting document iti_anexo_de_entregas_assinado.pdf in 13.02 sec.
00:13:58 INFO       pixel_budget (Docling) iti_anexo_de_entregas_assinado.pdf: 57.2% (área tabelas/501212 px²)
00:13:58 INFO     [12/15] ✓ ITI       :   31 entregas | 13.0s | ETA ~2min
00:13:58 INFO     [13/15] → iti_doc_diretivo_assinado-1_tarjado.pdf
00:13:58 INFO     detected formats: [<InputFormat.PDF: 'pdf'>]
00:13:58 INFO     Going to convert document batch...
00:13:58 INFO     Processing document iti_doc_diretivo_assinado-1_tarjado.pdf
00:13:59 INFO     command: tesseract --psm 0 -l osd /tmp/tmpso9vsu5m.png stdout
00:13:59 INFO     command: tesseract -l por /tmp/tmpso9vsu5m.png stdout tsv
00:14:01 INFO     command: tesseract --psm 0 -l osd /tmp/tmpzwwym6k5.png stdout
00:14:03 INFO     command: tesseract -l por /tmp/tmpzwwym6k5.png stdout tsv
00:14:05 INFO     command: tesseract --psm 0 -l osd /tmp/tmpdoe18kvi.png stdout
00:14:06 INFO     command: tesseract -l por /tmp/tmpdoe18kvi.png stdout tsv
00:14:08 INFO     command: tesseract --psm 0 -l osd /tmp/tmpt_urio4v.png stdout
00:14:08 INFO     command: tesseract -l por /tmp/tmpt_urio4v.png stdout tsv
00:14:10 INFO     command: tesseract --psm 0 -l osd /tmp/tmpf56l4uk3.png stdout
00:14:11 INFO     command: tesseract -l por /tmp/tmpf56l4uk3.png stdout tsv
00:14:13 INFO     command: tesseract --psm 0 -l osd /tmp/tmpnxyr1ned.png stdout
00:14:15 INFO     command: tesseract -l por /tmp/tmpnxyr1ned.png stdout tsv
00:14:27 INFO     command: tesseract --psm 0 -l osd /tmp/tmpp82pa_mc.png stdout
00:14:28 INFO     command: tesseract -l por /tmp/tmpp82pa_mc.png stdout tsv
00:14:30 INFO     command: tesseract --psm 0 -l osd /tmp/tmp_97bl3l2.png stdout
00:14:31 INFO     command: tesseract -l por /tmp/tmp_97bl3l2.png stdout tsv
00:14:33 INFO     command: tesseract --psm 0 -l osd /tmp/tmpriumus_c.png stdout
00:14:34 INFO     command: tesseract -l por /tmp/tmpriumus_c.png stdout tsv
00:14:37 INFO     command: tesseract --psm 0 -l osd /tmp/tmpzpc8_vk0.png stdout
00:14:38 INFO     command: tesseract -l por /tmp/tmpzpc8_vk0.png stdout tsv
00:14:46 INFO     command: tesseract --psm 0 -l osd /tmp/tmpkvfug35n.png stdout
00:14:47 INFO     command: tesseract -l por /tmp/tmpkvfug35n.png stdout tsv
00:14:53 INFO     Finished converting document iti_doc_diretivo_assinado-1_tarjado.pdf in 55.17 sec.
00:14:53 INFO       pixel_budget (Docling) iti_doc_diretivo_assinado-1_tarjado.pdf: 8.0% (área tabelas/5516339 px²)
00:14:53 INFO     [13/15] ✓ ITI       :    9 entregas | 55.2s | ETA ~86s
00:14:53 INFO     [14/15] → sgpr_ptd_2025_2027_anexo_de_entregas_assinado-copia_tarjada.pdf
00:14:53 INFO     detected formats: [<InputFormat.PDF: 'pdf'>]
00:14:53 INFO     Going to convert document batch...
00:14:53 INFO     Processing document sgpr_ptd_2025_2027_anexo_de_entregas_assinado-copia_tarjada.pdf
00:14:54 INFO     command: tesseract --psm 0 -l osd /tmp/tmpznsne36i.png stdout
00:14:55 INFO     command: tesseract -l por /tmp/tmpznsne36i.png stdout tsv
00:14:58 INFO     command: tesseract --psm 0 -l osd /tmp/tmphd5fnh49.png stdout
00:14:59 INFO     command: tesseract -l por /tmp/tmphd5fnh49.png stdout tsv
00:15:08 INFO     Finished converting document sgpr_ptd_2025_2027_anexo_de_entregas_assinado-copia_tarjada.pdf in 14.41 sec.
00:15:08 INFO       pixel_budget (Docling) sgpr_ptd_2025_2027_anexo_de_entregas_assinado-copia_tarjada.pdf: 29.5% (área tabelas/1002424 px²)
00:15:08 INFO     [14/15] ✓ SGPR      :   15 entregas | 14.4s | ETA ~41s
00:15:08 INFO     [15/15] → sgpr_ptd_2026_2027_docdiretivo_assinado-copia_tarjada.pdf
00:15:08 INFO     detected formats: [<InputFormat.PDF: 'pdf'>]
00:15:08 INFO     Going to convert document batch...
00:15:08 INFO     Processing document sgpr_ptd_2026_2027_docdiretivo_assinado-copia_tarjada.pdf
00:15:24 INFO     Finished converting document sgpr_ptd_2026_2027_docdiretivo_assinado-copia_tarjada.pdf in 16.85 sec.
00:15:24 INFO       pixel_budget (Docling) sgpr_ptd_2026_2027_docdiretivo_assinado-copia_tarjada.pdf: 8.2% (área tabelas/5513330 px²)
00:15:24 INFO     [15/15] ✓ SGPR      :    4 entregas | 16.9s | ETA ~0s
00:15:24 INFO     273 registros | 7 órgãos
00:15:24 INFO     ╔══════════════════════════════════════════════════════════════╗
00:15:24 INFO     ║                  ENTREGAS — fase concluída                   ║
00:15:24 INFO     ║  Processados: 15    |  ✓ 15  ⚠ 0                             ║
00:15:24 INFO     ║  Duração: 9.9 min                                            ║
00:15:24 INFO     ║  273 registros | 7 órgãos                                    ║
00:15:24 INFO     ╚══════════════════════════════════════════════════════════════╝
00:15:24 INFO     [1/7] → agu_ptd_2025_2027_docdiretivo_assinado_assinado_assinado-copia_tarjada.pdf
00:15:24 INFO     detected formats: [<InputFormat.PDF: 'pdf'>]
00:15:24 INFO     Going to convert document batch...
00:15:24 INFO     Processing document agu_ptd_2025_2027_docdiretivo_assinado_assinado_assinado-copia_tarjada.pdf
00:15:25 INFO     command: tesseract --psm 0 -l osd /tmp/tmp326qtni4.png stdout
00:15:25 INFO     command: tesseract -l por /tmp/tmp326qtni4.png stdout tsv
00:15:27 INFO     command: tesseract --psm 0 -l osd /tmp/tmpsiw5xm5z.png stdout
00:15:29 INFO     command: tesseract -l por /tmp/tmpsiw5xm5z.png stdout tsv
00:15:32 INFO     command: tesseract --psm 0 -l osd /tmp/tmpn_6bobo6.png stdout
00:15:33 INFO     command: tesseract -l por /tmp/tmpn_6bobo6.png stdout tsv
00:15:35 INFO     command: tesseract --psm 0 -l osd /tmp/tmp_e36q_18.png stdout
00:15:36 INFO     command: tesseract -l por /tmp/tmp_e36q_18.png stdout tsv
00:15:38 INFO     command: tesseract --psm 0 -l osd /tmp/tmp2eo0h3qp.png stdout
00:15:39 INFO     command: tesseract -l por /tmp/tmp2eo0h3qp.png stdout tsv
00:15:41 INFO     command: tesseract --psm 0 -l osd /tmp/tmpuwril133.png stdout
00:15:43 INFO     command: tesseract -l por /tmp/tmpuwril133.png stdout tsv
00:15:51 INFO     command: tesseract --psm 0 -l osd /tmp/tmpynqsmp8m.png stdout
00:15:52 INFO     command: tesseract -l por /tmp/tmpynqsmp8m.png stdout tsv
00:15:54 INFO     command: tesseract --psm 0 -l osd /tmp/tmpw0zs7q8f.png stdout
00:15:55 INFO     command: tesseract -l por /tmp/tmpw0zs7q8f.png stdout tsv
00:15:57 INFO     command: tesseract --psm 0 -l osd /tmp/tmpto8dz0_s.png stdout
00:15:58 INFO     command: tesseract -l por /tmp/tmpto8dz0_s.png stdout tsv
00:16:00 INFO     command: tesseract --psm 0 -l osd /tmp/tmpt6nr213k.png stdout
00:16:02 INFO     command: tesseract -l por /tmp/tmpt6nr213k.png stdout tsv
00:16:16 INFO     command: tesseract --psm 0 -l osd /tmp/tmp9938akki.png stdout
00:16:17 INFO     command: tesseract -l por /tmp/tmp9938akki.png stdout tsv
00:16:20 INFO     Finished converting document agu_ptd_2025_2027_docdiretivo_assinado_assinado_assinado-copia_tarjada.pdf in 55.61 sec.
00:16:20 INFO     [1/7] ✓ AGU       :   7 riscos | 55.6s | ETA ~5min
00:16:20 INFO     [2/7] → documento-diretivo-mcom-_-ptd-25_27-copia_tarjada.pdf
00:16:20 INFO     detected formats: [<InputFormat.PDF: 'pdf'>]
00:16:20 INFO     Going to convert document batch...
00:16:20 INFO     Processing document documento-diretivo-mcom-_-ptd-25_27-copia_tarjada.pdf
00:16:21 INFO     command: tesseract --psm 0 -l osd /tmp/tmpx4jbe4ot.png stdout
00:16:21 INFO     command: tesseract -l por /tmp/tmpx4jbe4ot.png stdout tsv
00:16:23 INFO     command: tesseract --psm 0 -l osd /tmp/tmpgmkovtbg.png stdout
00:16:25 INFO     command: tesseract -l por /tmp/tmpgmkovtbg.png stdout tsv
00:16:30 INFO     command: tesseract --psm 0 -l osd /tmp/tmpxnwpz7pd.png stdout
00:16:31 INFO     command: tesseract -l por /tmp/tmpxnwpz7pd.png stdout tsv
00:16:32 INFO     command: tesseract --psm 0 -l osd /tmp/tmpv7d91q4u.png stdout
00:16:33 INFO     command: tesseract -l por /tmp/tmpv7d91q4u.png stdout tsv
00:16:35 INFO     command: tesseract --psm 0 -l osd /tmp/tmptt1vbqw8.png stdout
00:16:35 INFO     command: tesseract -l por /tmp/tmptt1vbqw8.png stdout tsv
00:16:38 INFO     command: tesseract --psm 0 -l osd /tmp/tmpkgmodcrs.png stdout
00:16:39 INFO     command: tesseract -l por /tmp/tmpkgmodcrs.png stdout tsv
00:16:54 INFO     command: tesseract --psm 0 -l osd /tmp/tmp46xxlaif.png stdout
00:16:55 INFO     command: tesseract -l por /tmp/tmp46xxlaif.png stdout tsv
00:16:57 INFO     command: tesseract --psm 0 -l osd /tmp/tmpce5ug4ny.png stdout
00:16:58 INFO     command: tesseract -l por /tmp/tmpce5ug4ny.png stdout tsv
00:17:00 INFO     command: tesseract --psm 0 -l osd /tmp/tmp26jyc2zr.png stdout
00:17:01 INFO     command: tesseract -l por /tmp/tmp26jyc2zr.png stdout tsv
00:17:03 INFO     command: tesseract --psm 0 -l osd /tmp/tmpz6g_pqq5.png stdout
00:17:05 INFO     command: tesseract -l por /tmp/tmpz6g_pqq5.png stdout tsv
00:17:15 INFO     command: tesseract --psm 0 -l osd /tmp/tmpr5b6emfp.png stdout
00:17:16 INFO     command: tesseract -l por /tmp/tmpr5b6emfp.png stdout tsv
00:17:18 INFO     command: tesseract --psm 0 -l osd /tmp/tmp4fanxi1i.png stdout
00:17:19 INFO     command: tesseract -l por /tmp/tmp4fanxi1i.png stdout tsv
00:17:21 INFO     command: tesseract --psm 0 -l osd /tmp/tmp2s2z6ueq.png stdout
00:17:21 INFO     command: tesseract -l por /tmp/tmp2s2z6ueq.png stdout tsv
00:17:24 INFO     command: tesseract --psm 0 -l osd /tmp/tmpwvuu8s1_.png stdout
00:17:25 INFO     command: tesseract -l por /tmp/tmpwvuu8s1_.png stdout tsv
00:17:29 INFO     Finished converting document documento-diretivo-mcom-_-ptd-25_27-copia_tarjada.pdf in 69.28 sec.
00:17:29 INFO     [2/7] ✓ MCOM      :  14 riscos | 69.3s | ETA ~5min
00:17:29 INFO     [3/7] → fiocruz_novo-ptd_2-1_docdiretivo_repactuacao_2024-2026_assinado_assinado-copia_tarjada.pdf
00:17:29 INFO     detected formats: [<InputFormat.PDF: 'pdf'>]
00:17:29 INFO     Going to convert document batch...
00:17:29 INFO     Processing document fiocruz_novo-ptd_2-1_docdiretivo_repactuacao_2024-2026_assinado_assinado-copia_tarjada.pdf
00:17:44 INFO     Finished converting document fiocruz_novo-ptd_2-1_docdiretivo_repactuacao_2024-2026_assinado_assinado-copia_tarjada.pdf in 14.44 sec.
00:17:44 INFO     [3/7] ✓ FIOCRUZ   :   6 riscos | 14.5s | ETA ~3min
00:17:44 INFO     [4/7] → funai_ptd_2025_2027_docdiretivo_assinado-1_tarjado.pdf
00:17:44 INFO     detected formats: [<InputFormat.PDF: 'pdf'>]
00:17:44 INFO     Going to convert document batch...
00:17:44 INFO     Processing document funai_ptd_2025_2027_docdiretivo_assinado-1_tarjado.pdf
00:17:45 INFO     command: tesseract --psm 0 -l osd /tmp/tmpf4zyfdfu.png stdout
00:17:46 INFO     command: tesseract -l por /tmp/tmpf4zyfdfu.png stdout tsv
00:17:47 INFO     command: tesseract --psm 0 -l osd /tmp/tmp5q9uuysf.png stdout
00:17:48 INFO     command: tesseract -l por /tmp/tmp5q9uuysf.png stdout tsv
00:17:50 INFO     command: tesseract --psm 0 -l osd /tmp/tmp03cnnlnh.png stdout
00:17:51 INFO     command: tesseract -l por /tmp/tmp03cnnlnh.png stdout tsv
00:17:53 INFO     command: tesseract --psm 0 -l osd /tmp/tmp6mkquda2.png stdout
00:17:54 INFO     command: tesseract -l por /tmp/tmp6mkquda2.png stdout tsv
00:17:55 INFO     command: tesseract --psm 0 -l osd /tmp/tmpfw7_3c6r.png stdout
00:17:56 INFO     command: tesseract -l por /tmp/tmpfw7_3c6r.png stdout tsv
00:17:58 INFO     command: tesseract --psm 0 -l osd /tmp/tmp1v_5epnb.png stdout
00:18:00 INFO     command: tesseract -l por /tmp/tmp1v_5epnb.png stdout tsv
00:18:09 INFO     command: tesseract --psm 0 -l osd /tmp/tmpgb0hmupb.png stdout
00:18:10 INFO     command: tesseract -l por /tmp/tmpgb0hmupb.png stdout tsv
00:18:11 INFO     command: tesseract --psm 0 -l osd /tmp/tmpqfwsqglt.png stdout
00:18:12 INFO     command: tesseract -l por /tmp/tmpqfwsqglt.png stdout tsv
00:18:13 INFO     command: tesseract --psm 0 -l osd /tmp/tmp7jfp_8nb.png stdout
00:18:14 INFO     command: tesseract -l por /tmp/tmp7jfp_8nb.png stdout tsv
00:18:16 INFO     command: tesseract --psm 0 -l osd /tmp/tmpe8ntdy4g.png stdout
00:18:17 INFO     command: tesseract -l por /tmp/tmpe8ntdy4g.png stdout tsv
00:18:34 INFO     command: tesseract --psm 0 -l osd /tmp/tmpg9urpsc9.png stdout
00:18:36 INFO     command: tesseract -l por /tmp/tmpg9urpsc9.png stdout tsv
00:18:39 INFO     command: tesseract --psm 0 -l osd /tmp/tmp_cq9o4vt.png stdout
00:18:40 INFO     command: tesseract -l por /tmp/tmp_cq9o4vt.png stdout tsv
00:18:42 INFO     command: tesseract --psm 0 -l osd /tmp/tmpp316yezi.png stdout
00:18:43 INFO     command: tesseract -l por /tmp/tmpp316yezi.png stdout tsv
00:18:48 INFO     Finished converting document funai_ptd_2025_2027_docdiretivo_assinado-1_tarjado.pdf in 63.91 sec.
00:18:48 INFO     [4/7] ✓ FUNAI     :  15 riscos | 63.9s | ETA ~2min
00:18:48 INFO     [5/7] → incra_ptd_docdiretivo__assinado-1_assinado_assinado-copia_tarjada.pdf
00:18:48 INFO     detected formats: [<InputFormat.PDF: 'pdf'>]
00:18:48 INFO     Going to convert document batch...
00:18:48 INFO     Processing document incra_ptd_docdiretivo__assinado-1_assinado_assinado-copia_tarjada.pdf
00:18:49 INFO     command: tesseract --psm 0 -l osd /tmp/tmpeskm565x.png stdout
00:18:49 INFO     command: tesseract -l por /tmp/tmpeskm565x.png stdout tsv
00:18:52 INFO     command: tesseract --psm 0 -l osd /tmp/tmp74fneyeb.png stdout
00:18:53 INFO     command: tesseract -l por /tmp/tmp74fneyeb.png stdout tsv
00:18:58 INFO     command: tesseract --psm 0 -l osd /tmp/tmpfq9uhgip.png stdout
00:18:59 INFO     command: tesseract -l por /tmp/tmpfq9uhgip.png stdout tsv
00:19:01 INFO     command: tesseract --psm 0 -l osd /tmp/tmp2l5yqo6x.png stdout
00:19:02 INFO     command: tesseract -l por /tmp/tmp2l5yqo6x.png stdout tsv
00:19:04 INFO     command: tesseract --psm 0 -l osd /tmp/tmphdxtd425.png stdout
00:19:05 INFO     command: tesseract -l por /tmp/tmphdxtd425.png stdout tsv
00:19:07 INFO     command: tesseract --psm 0 -l osd /tmp/tmp97dc32an.png stdout
00:19:08 INFO     command: tesseract -l por /tmp/tmp97dc32an.png stdout tsv
00:19:23 INFO     command: tesseract --psm 0 -l osd /tmp/tmpcszeeop1.png stdout
00:19:25 INFO     command: tesseract -l por /tmp/tmpcszeeop1.png stdout tsv
00:19:26 INFO     command: tesseract --psm 0 -l osd /tmp/tmpxk3l46td.png stdout
00:19:27 INFO     command: tesseract -l por /tmp/tmpxk3l46td.png stdout tsv
00:19:29 INFO     command: tesseract --psm 0 -l osd /tmp/tmp_k3fmvzk.png stdout
00:19:30 INFO     command: tesseract -l por /tmp/tmp_k3fmvzk.png stdout tsv
00:19:32 INFO     command: tesseract --psm 0 -l osd /tmp/tmpfgf5cz_p.png stdout
00:19:33 INFO     command: tesseract -l por /tmp/tmpfgf5cz_p.png stdout tsv
00:19:41 INFO     command: tesseract --psm 0 -l osd /tmp/tmpr_kpitr8.png stdout
00:19:42 INFO     command: tesseract -l por /tmp/tmpr_kpitr8.png stdout tsv
00:19:49 INFO     command: tesseract --psm 0 -l osd /tmp/tmp5qicc4oq.png stdout
00:19:50 INFO     command: tesseract -l por /tmp/tmp5qicc4oq.png stdout tsv
00:19:52 INFO     command: tesseract --psm 0 -l osd /tmp/tmplqomldgv.png stdout
00:19:53 INFO     command: tesseract -l por /tmp/tmplqomldgv.png stdout tsv
00:19:59 INFO     Finished converting document incra_ptd_docdiretivo__assinado-1_assinado_assinado-copia_tarjada.pdf in 70.99 sec.
00:19:59 INFO     [5/7] ✓ INCRA     :  15 riscos | 71.0s | ETA ~1min
00:19:59 INFO     [6/7] → iti_doc_diretivo_assinado-1_tarjado.pdf
00:19:59 INFO     detected formats: [<InputFormat.PDF: 'pdf'>]
00:19:59 INFO     Going to convert document batch...
00:19:59 INFO     Processing document iti_doc_diretivo_assinado-1_tarjado.pdf
00:19:59 INFO     command: tesseract --psm 0 -l osd /tmp/tmp1yjj1fzl.png stdout
00:20:00 INFO     command: tesseract -l por /tmp/tmp1yjj1fzl.png stdout tsv
00:20:02 INFO     command: tesseract --psm 0 -l osd /tmp/tmpw3tgn4nv.png stdout
00:20:04 INFO     command: tesseract -l por /tmp/tmpw3tgn4nv.png stdout tsv
00:20:06 INFO     command: tesseract --psm 0 -l osd /tmp/tmp7mro1w7j.png stdout
00:20:07 INFO     command: tesseract -l por /tmp/tmp7mro1w7j.png stdout tsv
00:20:09 INFO     command: tesseract --psm 0 -l osd /tmp/tmpla426k9l.png stdout
00:20:10 INFO     command: tesseract -l por /tmp/tmpla426k9l.png stdout tsv
00:20:11 INFO     command: tesseract --psm 0 -l osd /tmp/tmpzmgi0d_n.png stdout
00:20:12 INFO     command: tesseract -l por /tmp/tmpzmgi0d_n.png stdout tsv
00:20:14 INFO     command: tesseract --psm 0 -l osd /tmp/tmp7mv99wrd.png stdout
00:20:16 INFO     command: tesseract -l por /tmp/tmp7mv99wrd.png stdout tsv
00:20:32 INFO     command: tesseract --psm 0 -l osd /tmp/tmp6wr7md3g.png stdout
00:20:33 INFO     command: tesseract -l por /tmp/tmp6wr7md3g.png stdout tsv
00:20:35 INFO     command: tesseract --psm 0 -l osd /tmp/tmpxfepzhsl.png stdout
00:20:36 INFO     command: tesseract -l por /tmp/tmpxfepzhsl.png stdout tsv
00:20:38 INFO     command: tesseract --psm 0 -l osd /tmp/tmpeaa3rv5z.png stdout
00:20:39 INFO     command: tesseract -l por /tmp/tmpeaa3rv5z.png stdout tsv
00:20:41 INFO     command: tesseract --psm 0 -l osd /tmp/tmp7rcyw21d.png stdout
00:20:43 INFO     command: tesseract -l por /tmp/tmp7rcyw21d.png stdout tsv
00:20:52 INFO     command: tesseract --psm 0 -l osd /tmp/tmpvrip_gfv.png stdout
00:20:53 INFO     command: tesseract -l por /tmp/tmpvrip_gfv.png stdout tsv
00:20:57 INFO     Finished converting document iti_doc_diretivo_assinado-1_tarjado.pdf in 58.17 sec.
00:20:57 INFO     [6/7] ✓ ITI       :  14 riscos | 58.2s | ETA ~55s
00:20:57 INFO     [7/7] → sgpr_ptd_2026_2027_docdiretivo_assinado-copia_tarjada.pdf
00:20:57 INFO     detected formats: [<InputFormat.PDF: 'pdf'>]
00:20:57 INFO     Going to convert document batch...
00:20:57 INFO     Processing document sgpr_ptd_2026_2027_docdiretivo_assinado-copia_tarjada.pdf
00:21:13 INFO     Finished converting document sgpr_ptd_2026_2027_docdiretivo_assinado-copia_tarjada.pdf in 16.25 sec.
00:21:13 INFO     [7/7] ✓ SGPR      :  10 riscos | 16.3s | ETA ~0s
00:21:13 INFO     ╔══════════════════════════════════════════════════════════════╗
00:21:13 INFO     ║                   RISCOS — fase concluída                    ║
00:21:13 INFO     ║  Processados: 7     |  ✓ 7  ⚠ 0                              ║
00:21:13 INFO     ║  Duração: 5.8 min                                            ║
00:21:13 INFO     ║  81 riscos | 7 órgãos                                        ║
00:21:13 INFO     ╚══════════════════════════════════════════════════════════════╝
00:21:13 INFO     81 riscos | 0 ações | 135 relações
00:21:13 INFO     ptd_corpus_raw                     : 273 linhas
00:21:13 INFO     ptd_pivot_eixos                    : 7 linhas
00:21:16 INFO     ptd_datas_assinatura               : 132 linhas
00:21:16 INFO     ptd_riscos                         : 81 linhas
00:21:16 INFO     ptd_riscos_acoes                   : 135 linhas
00:21:16 INFO     Manifesto salvo: pipeline_manifest.json | SHA-256 de 132 PDFs
00:21:16 INFO     ==================================================
00:21:16 INFO     PTD-BR v3.0-melhorado — PIPELINE CONCLUÍDO
00:21:16 INFO     ==================================================
00:21:16 INFO     ptd_corpus_raw.csv                        167 KB
00:21:16 INFO     ptd_pivot_eixos.csv                         0 KB
00:21:16 INFO     ptd_datas_assinatura.csv                    9 KB
00:21:16 INFO     ptd_riscos.csv                             23 KB
00:21:16 INFO     ptd_riscos_acoes.csv                        2 KB
00:21:16 INFO     proveniencia.json                           0 KB
00:21:16 INFO     pipeline_manifest.json                     21 KB
00:21:16 INFO     📦 Artefatos: https://github.com/freirelucas/teste/actions/runs/24056981426
00:21:16 INFO     ==================================================
