00:06:09 INFO     Docling disponível
00:06:09 WARNING  OCR fallback indisponível (IndentationError: unexpected indent (ptd_ocr_fallback.py, line 45))
00:06:11 INFO     Ignorado (guia/template/norma): ABNT-NBR-17225-Acessibilidade-Digital.pdf
00:06:11 INFO     Ignorado (guia/template/norma): cgrep-guia10passos-ptd-orgao.pdf
00:06:11 INFO     Ignorado (guia/template/norma): ABNT-NBR-17225-Acessibilidade-Digital.pdf
00:06:11 INFO     Scraping: 132 PDFs únicos | entregas: 68 | diretivos: 61
00:06:11 INFO     Baixando 132 PDFs únicos...
00:06:13 INFO     ✓ [  1/132] abin_ptd_anexo_de_entregas_assinado_pelo_orgao_ass   293.3KB
00:06:18 INFO     ✓ [  2/132] aeb_ptd_2025_2027_docdiretivo_aprovado_assinado-1_  1033.7KB
00:06:21 INFO     ✓ [  3/132] aeb_ptd_2025_2027_anexo_de_entregas_aprovado_assin   154.5KB
00:06:28 INFO     ✓ [  4/132] agu_ptd_2025_2027_docdiretivo_assinado_assinado_as  2860.3KB
00:06:31 INFO     ✓ [  5/132] agu_ptd_2025_2027_anexo_de_entregas_assinado_assin   525.5KB
00:06:34 INFO     ✓ [  6/132] ana_ptd_2025_2027_docdiretivo_assinado_assinado_as   477.2KB
00:06:36 INFO     ✓ [  7/132] ana_ptd_2025_2027_anexoentregas_assinado_assinado_   170.9KB
00:06:41 INFO     ✓ [  8/132] anac_ptd_2025_2026_docdiretivo_se_assinado_tarjado  1036.3KB
00:06:43 INFO     ✓ [  9/132] anac_ptd_2025_2026_anexo_de_entregas_se_assinado.p   215.2KB
00:06:48 INFO     ✓ [ 10/132] anatel_ptd_docdiretivo_assinado_2025_2026_assinado  1006.0KB
00:06:50 INFO     ✓ [ 11/132] anatel_ptd_2025_2026_anexo_de_entregas_do_ptd_publ    71.9KB
00:06:54 INFO     ✓ [ 12/132] ancine_ptd_2024_2026_docdiretivo_assinado-2_assina   961.8KB
00:06:57 INFO     ✓ [ 13/132] ancine_ptd_2024_2026_-_anexo_de_entregas_aprovado_   613.2KB
00:07:01 INFO     ✓ [ 14/132] ptd_aneel_2025-2027_docdiretivo_assinado_tarjado.p   779.6KB
00:07:03 INFO     ✓ [ 15/132] ptd_aneel_2025-2027_anexo_de_entregas_assinado.pdf   111.9KB
00:07:07 INFO     ✓ [ 16/132] anm_ptd_2025_2027_docdiretivo_assinadopeloorgao_ta  1092.5KB
00:07:11 INFO     ✓ [ 17/132] anm_ptd_2025_2027_anexo_entregas_assinadopeloorgao  1140.4KB
00:07:15 INFO     ✓ [ 18/132] anpd_ptd_2025_2027_docdiretivo_assinado_assinado_a  1044.3KB
00:07:18 INFO     ✓ [ 19/132] anpd_ptd_2025_2027_anexo_de_entregas_assinado_assi   166.5KB
00:07:22 INFO     ✓ [ 20/132] ans-plano_de_transformacao_digital_assinado-copia_  1023.4KB
00:07:25 INFO     ✓ [ 21/132] ans_ptd_2025_2026_anexo_de_entregas_assinado_assin   124.1KB
00:07:29 INFO     ✓ [ 22/132] antaq_ptd_2025_2027_docdiretivo_assinado_assinado_  1039.8KB
00:07:31 INFO     ✓ [ 23/132] antaq_ptd_2025_2027_anexoentregas_assinado_assinad   145.1KB
00:07:34 INFO     ✓ [ 24/132] mt_anexo_de_entregas_-_assinado_assinado_assinado_   143.6KB
00:07:45 INFO     ✓ [ 25/132] anvisa_ptd_docdiretivo_2025-2026_assinado_assinado  5771.2KB
00:07:48 INFO     ✓ [ 26/132] anvisa_ptd_anexo_de_entregas_2025_2026_assinado_as   239.0KB
00:07:52 INFO     ✓ [ 27/132] bcb_documento_diretivo_assinado_assinado_assinado-   713.7KB
00:07:54 INFO     ✓ [ 28/132] bcb_anexo_de_entregas_ptd_25_26-1_assinado_assinad   134.8KB
00:07:58 INFO     ✓ [ 29/132] cade_ptd_docdiretivo_2025_2026_assinado-2_assinado   810.4KB
00:08:01 INFO     ✓ [ 30/132] cade_ptd_anexo_de_entregas_2025_2026_assinado_copi   504.0KB
00:08:05 INFO     ✓ [ 31/132] mec_ptd_docdiretivo_2025-2026_sei_mec-5566673_copi   863.1KB
00:08:08 INFO     ✓ [ 32/132] mec_ptd_anexo-de-entregas_sei_mec-5576401_copia_ta   495.7KB
00:08:13 INFO     ✓ [ 33/132] mec_ptd_docdiretivo-versao-comunicacao_copia_tarja  1616.5KB
00:08:16 INFO     ✓ [ 34/132] md_ptd_2026_2027_anexo_de_entregas_assinado_assina   579.4KB
00:08:19 INFO     ✓ [ 35/132] md_ptd_2026_2027_anexo_de_entregas_assinado_assina   186.8KB
00:08:23 INFO     ✓ [ 36/132] md_ptd_temp_copia_tarjada.pdf                        741.9KB
00:08:27 INFO     ✓ [ 37/132] cgu_ptd_docdiretivo_assinado_assinado_assinado-cop  1085.4KB
00:08:30 INFO     ✓ [ 38/132] cgu_ptd_anexo_de_entregas_pactuadas_assinado_assin   514.1KB
00:08:33 INFO     ✓ [ 39/132] cnpq_ptd_2025_2027_docdiretivo_assinado_assinado_a   342.9KB
00:08:35 INFO     ✓ [ 40/132] cnpq_ptd_2025_2027_anexo_de_entregas_assinado_assi   136.1KB
00:08:39 INFO     ✓ [ 41/132] coaf_ptd_2025_2026_documento_diretivo_assinado_ass  1068.0KB
00:08:47 INFO     ✓ [ 42/132] coaf_ptd_2025_2026_anexo_de_entregas-2_assinado_as  3184.5KB
00:08:55 INFO     ✓ [ 43/132] ptd_midr-docdiretivo_aprovado_assinado_tarjado.pdf  3864.1KB
00:09:00 INFO     ✓ [ 44/132] ptd_midr_-_anexo_de_entregas_-_aprovado_assinado.p  1122.0KB
00:09:03 INFO     ✓ [ 45/132] mda-documento-diretivo-assinado_ptd-2025-207-copia   955.8KB
00:09:06 INFO     ✓ [ 46/132] cvm_ptd_2025_2027_docdiretivo_assinado_assinado_as   270.5KB
00:09:09 INFO     ✓ [ 47/132] cvm_ptd_2025_2027_anexoentregas_assinado_assinado_   409.0KB
00:09:13 INFO     ✓ [ 48/132] dnocs_ptd_doc_diretivo_2025_2026_assinado_orgao-2_   891.1KB
00:09:16 INFO     ✓ [ 49/132] dnocs_anexo_de_entregas_repactuado_2025_2026_assin   272.3KB
00:09:23 INFO     ✓ [ 50/132] fbn_ptd_2025_2027_docdiretivo_assinado-1_tarjado.p  2921.6KB
00:09:25 INFO     ✓ [ 51/132] fbn_ptd_2025_2027_anexo_de_entregas_assinado-1.pdf   162.3KB
00:09:30 INFO     ✓ [ 52/132] fcp_ptd_2025_2027_docdiretivo_assinado-1_tarjado.p  1612.0KB
00:09:33 INFO     ✓ [ 53/132] fcp_ptd_2025_2027_anexo_de_entregas_assinado-1.pdf   118.8KB
00:09:37 INFO     ✓ [ 54/132] fcrb_ptd_2025_2026_docdiretivo_aprovado_assinado-1   998.2KB
00:09:40 INFO     ✓ [ 55/132] fcrb_ptd_2025_2026_anexo_de_entregas_aprovado_assi   313.5KB
00:09:44 INFO     ✓ [ 56/132] fiocruz_novo-ptd_2-1_docdiretivo_repactuacao_2024-  1318.1KB
00:09:47 INFO     ✓ [ 57/132] fiocruz_ptd_anexo_de_entregas_assinado_v1_assinado   257.1KB
00:09:52 INFO     ✓ [ 58/132] fiocruz-ptd-06_2024-copia_tarjada.pdf               1693.8KB
00:09:58 INFO     ✓ [ 59/132] funai_ptd_2025_2027_docdiretivo_assinado-1_tarjado  1842.1KB
00:10:01 INFO     ✓ [ 60/132] funai_anexo_de_entregas_repactuado_2026_2027_assin   435.7KB
00:10:05 INFO     ✓ [ 61/132] funarte_ptd_docdiretivo_assinado_21_01_2025_assina   965.7KB
00:10:08 INFO     ✓ [ 62/132] funarte_ptd_anexo_de_entregas_assinado_v1_assinado   683.6KB
00:10:12 INFO     ✓ [ 63/132] fundacentro_ptd_2025_2027_docdiretivo_assinado_ass   826.6KB
00:10:15 INFO     ✓ [ 64/132] fundacentro_ptd_2025_2027_anexo_de_entregas_assina   635.5KB
00:10:19 INFO     ✓ [ 65/132] mma_ptd_docdiretivo_assinado_2025_2026-1_assinado_   949.3KB
00:10:22 INFO     ✓ [ 66/132] mma_ptd_anexo_de_entregas_aprovado_final_assinado_   174.8KB
00:10:26 INFO     ✓ [ 67/132] ibge_docdiretivo_2025_assinado_assinado_assinado-c  1167.3KB
00:10:29 INFO     ✓ [ 68/132] ibge_ptd_25_26_anexo_de_entregas_modelo_v2-1_assin   143.7KB
00:10:43 INFO     ✓ [ 69/132] incra_ptd_docdiretivo__assinado-1_assinado_assinad  7182.0KB
00:10:48 INFO     ✓ [ 70/132] incra_anexo_de_entregas_assinado-1_assinado_assina  1818.6KB
00:10:56 INFO     ✓ [ 71/132] inpi_ptd_docdiretivo_assinado_2025_2026_assinado_a  3322.4KB
00:11:03 INFO     ✓ [ 72/132] inpi_ptd_anexo_de_entregas_assinado_v1_assinado_as  3078.1KB
00:11:08 INFO     ✓ [ 73/132] inss_ptd_2025_2027_docdiretivo-assinado-copia_tarj  1173.3KB
00:11:10 INFO     ✓ [ 74/132] inss_ptd_2025_2027_anexo_de_entregas-assinado-copi   110.8KB
00:11:14 INFO     ✓ [ 75/132] iphan_ptd_docdiretivo_assinado_2025_2026_assinado_   885.7KB
00:11:16 INFO     ✓ [ 76/132] iphan_ptd_anexo_de_entregas_assinado_v1_assinado_a   310.9KB
00:11:26 INFO     ✓ [ 77/132] iti_doc_diretivo_assinado-1_tarjado.pdf             4905.1KB
00:11:30 INFO     ✓ [ 78/132] iti_anexo_de_entregas_assinado.pdf                   556.4KB
00:11:35 INFO     ✓ [ 79/132] mapa_ptd_2025_2027_docdiretivo_assinado-1_tarjado.  1740.9KB
00:11:37 INFO     ✓ [ 80/132] mapa_ptd_2025_2027_anexo_de_entregas_assinado-1.pd   261.9KB
00:11:47 INFO     ✓ [ 81/132] documento-diretivo-mcom-_-ptd-25_27-copia_tarjada.  4451.9KB
00:11:52 INFO     ✓ [ 82/132] anexo-de-entregas-mcom_ptd-25_27-copia_tarjada.pdf  1213.8KB
00:11:59 INFO     ✓ [ 83/132] ptd_21_24_mcom-copia_tarjada.pdf                    3040.7KB
00:12:03 INFO     ✓ [ 84/132] mcti_ptd_2025-2027_docdiretivo_assinado-copia_tarj  1030.7KB
00:12:05 INFO     ✓ [ 85/132] mcti_ptd_2025-2027_anexo-de-entregas_assinado-copi   145.8KB
00:12:08 INFO     ✓ [ 86/132] mda-anexo-entregas-assinado_ptd-2025-2027-copia-ta   284.6KB
00:12:12 INFO     ✓ [ 87/132] mdhc_ptd_2025_2027_docdiretivo_assinado_assinado_a   753.4KB
00:12:15 INFO     ✓ [ 88/132] mdhc_ptd_2025_2027_anexoentregas_assinado_assinado   186.8KB
00:12:17 INFO     ✓ [ 89/132] mdic_ptd_anexo_de_entregas_assinado_v1_assinado_as   176.6KB
00:12:21 INFO     ✓ [ 90/132] memp_ptd_2025_2026_docdiretivo_assinado_assinado_a  1030.1KB
00:12:24 INFO     ✓ [ 91/132] memp_ptd_2025_2026_anexo_de_entregas_assinado_assi   161.5KB
00:12:28 INFO     ✓ [ 92/132] mesp_ptd_2025_2027_docdiretivo_assinado_assinado_2  1147.7KB
00:12:31 INFO     ✓ [ 93/132] mesp_ptd_2025_2027_anexo_de_entregas_assinado_assi   226.6KB
00:12:35 INFO     ✓ [ 94/132] mf_ptd_2026_2027_documentodiretivo_assinado_assina   955.1KB
00:12:38 INFO     ✓ [ 95/132] mf_ptd_2026_2027_anexo_de_entregas_1_mf_se_assinad   241.2KB
00:12:41 INFO     ✓ [ 96/132] mgi_ptd_2025_2027_docdiretivo_assinado_assinado_as   375.2KB
00:12:44 INFO     ✓ [ 97/132] mgi_ptd_2025_2027_anexo_de_entregas_assinado_assin   256.1KB
00:12:48 INFO     ✓ [ 98/132] minc_ptd_2025_2027_docdiretivo_assinado-1_assinado   863.6KB
00:12:51 INFO     ✓ [ 99/132] minc_ptd_2025_2027_anexo_de_entregas_assinado-1_as   276.7KB
00:12:55 INFO     ✓ [100/132] mjsp_ptd_docdiretivo_assinado_2025_2026_assinado_a   954.0KB
00:12:58 INFO     ✓ [101/132] mjsp_ptd_anexo_de_entregas_assinado_v1_assinado_as   253.9KB
00:13:01 INFO     ✓ [102/132] mme_ptd_2025_2027_docdiretivo_assinado-copia_tarja   664.5KB
00:13:04 INFO     ✓ [103/132] mme_ptd_2025_2027_anexo_de_entregas_assinado__1_-c   111.1KB
00:13:08 INFO     ✓ [104/132] mmulheres_ptd_2025_2027_docdiretivo_assinado_assin  1078.3KB
00:13:11 INFO     ✓ [105/132] mmulheres_ptd_2025_2027_anexo_de_entregas_assinado   216.9KB
00:13:15 INFO     ✓ [106/132] mpi_ptd_2025_2027_docdiretivo_ministerio_dos_povos   947.9KB
00:13:18 INFO     ✓ [107/132] mpi_ptd_anexo_de_entregas_do_plano_de_tranformacao   191.9KB
00:13:21 INFO     ✓ [108/132] mpo_ptd_docdiretivo_assinado_2025_2026_assinado_as   806.3KB
00:13:24 INFO     ✓ [109/132] mpo_ptd_anexo_de_entregas_assinado_v1_assinado_ass   323.2KB
00:13:28 INFO     ✓ [110/132] mpor_ptd_2025_2027_docdiretivo_assinado_assinado_a   876.5KB
00:13:31 INFO     ✓ [111/132] mpor_ptd_2025_2027_anexo_de_entregas_assinado_assi   175.1KB
00:13:35 INFO     ✓ [112/132] mps_ptd_2025-2026_docdiretivo_final_assinado-1_ass  1024.4KB
00:13:38 INFO     ✓ [113/132] mps_ptd_2025-2026_anexo_de_entregas_final_assinado   165.0KB
00:13:42 INFO     ✓ [114/132] mre_ptd_docdiretivo_assinado_2025_2026_assinado_as   760.9KB
00:13:45 INFO     ✓ [115/132] mre_ptd_anexo_de_entregas_assinado_v1_assinado_ass   233.2KB
00:13:48 INFO     ✓ [116/132] mte_ptd_2025_2026_docdiretivo_assinado_assinado_as   729.6KB
00:13:51 INFO     ✓ [117/132] mte_ptd_anexo_de_entregas_assinado_v1__281_29_assi   459.5KB
00:13:56 INFO     ✓ [118/132] mtur_ptd_docdiretiv_assinado_30_01_2025_assinado_a  1050.4KB
00:13:58 INFO     ✓ [119/132] mtur_ptd_anexo_de_entregas_assinado_30_01_2025_ass   118.8KB
00:14:02 INFO     ✓ [120/132] pf_ptd_docdiretivo_2025_2027_assinado-copia_tarjad   964.3KB
00:14:05 INFO     ✓ [121/132] pf_ptd_anexo_de_entregas_2025_2027_assinado-copia_    62.5KB
00:14:08 INFO     ✓ [122/132] mf_ptd_2026_2027_anexo_de_entregas_4_mf_pgfn_assin   466.8KB
00:14:21 INFO     ✓ [123/132] previc_plano_de_transformacao_digital_2025_2026_29  6652.7KB
00:14:24 INFO     ✓ [124/132] previc_ptd_repactuacao_2025-2026_assinado_assinado   182.9KB
00:14:27 INFO     ✓ [125/132] prf_documentodiretivo_ptd_2026-2027_assinado_tarja   535.9KB
00:14:30 INFO     ✓ [126/132] prf_anexo_de_entregas_do_ptd__2026_2027___ptd___en   157.7KB
00:14:33 INFO     ✓ [127/132] mf_ptd_2026_2027_anexo_de_entregas_2_mf_rfb_assina   253.7KB
00:14:36 INFO     ✓ [128/132] sgpr_ptd_2026_2027_docdiretivo_assinado-copia_tarj   791.2KB
00:14:40 INFO     ✓ [129/132] sgpr_ptd_2025_2027_anexo_de_entregas_assinado-copi   897.9KB
00:14:43 INFO     ✓ [130/132] mf_ptd_2026_2027_anexo_de_entregas_3_mf_stn_assina   467.8KB
00:14:47 INFO     ✓ [131/132] susep_ptd_2025_2027_docdiretivo-assinado-copia_tar  1030.1KB
00:14:50 INFO     ✓ [132/132] susep_ptd_2025-2026_anexo_de_entregas_final_assina   221.9KB
00:14:52 INFO     132 OK | 0 erros | 123.3 MB total
00:14:57 INFO     Sanity: 132 PDFs | 113 texto | 19 imagem/OCR | 0 duplicatas
00:14:57 INFO     --siglas (debug): 15 PDFs de ['AGU', 'FIOCRUZ', 'FUNAI', 'FUNDACENTRO', 'INCRA', 'ITI', 'MCOM', 'SGPR']
00:14:57 INFO     DocumentConverter instanciado (singleton × 2: plain + OCR)
00:14:57 INFO     [1/15] → agu_ptd_2025_2027_anexo_de_entregas_assinado_assinado_assinado-copia_tarjada.pdf
00:14:57 INFO     detected formats: [<InputFormat.PDF: 'pdf'>]
00:14:57 INFO     Going to convert document batch...
00:14:57 INFO     Initializing pipeline for StandardPdfPipeline with options hash bc6794697da537796efc497178f9263f
00:14:57 INFO     Loading plugin 'docling_defaults'
00:14:57 INFO     Registered picture descriptions: ['picture_description_vlm_engine', 'vlm', 'api']
00:14:57 INFO     Loading plugin 'docling_defaults'
00:14:57 INFO     Registered ocr engines: ['auto', 'easyocr', 'kserve_v2_ocr', 'ocrmac', 'rapidocr', 'tesserocr', 'tesseract']
00:14:57 INFO     command: tesseract --list-langs
00:14:57 INFO     Loading plugin 'docling_defaults'
00:14:57 INFO     Registered layout engines: ['layout_object_detection', 'docling_layout_default', 'docling_experimental_table_crops_layout']
00:14:58 INFO     Accelerator device: 'cpu'
00:14:58 INFO     HTTP Request: GET https://huggingface.co/api/models/docling-project/docling-layout-heron/revision/main "HTTP/1.1 200 OK"
00:14:58 INFO     HTTP Request: HEAD https://huggingface.co/docling-project/docling-layout-heron/resolve/8f39ad3c0b4c58e9c2d2c84a38465abf757272d8/README.md "HTTP/1.1 307 Temporary Redirect"
00:14:58 INFO     HTTP Request: HEAD https://huggingface.co/docling-project/docling-layout-heron/resolve/8f39ad3c0b4c58e9c2d2c84a38465abf757272d8/config.json "HTTP/1.1 307 Temporary Redirect"
00:14:58 INFO     HTTP Request: HEAD https://huggingface.co/api/resolve-cache/models/docling-project/docling-layout-heron/8f39ad3c0b4c58e9c2d2c84a38465abf757272d8/README.md "HTTP/1.1 200 OK"
00:14:58 INFO     HTTP Request: HEAD https://huggingface.co/docling-project/docling-layout-heron/resolve/8f39ad3c0b4c58e9c2d2c84a38465abf757272d8/model.safetensors "HTTP/1.1 302 Found"
00:14:58 INFO     HTTP Request: HEAD https://huggingface.co/docling-project/docling-layout-heron/resolve/8f39ad3c0b4c58e9c2d2c84a38465abf757272d8/.gitattributes "HTTP/1.1 307 Temporary Redirect"
00:14:58 WARNING  Warning: You are sending unauthenticated requests to the HF Hub. Please set a HF_TOKEN to enable higher rate limits and faster downloads.
00:14:58 INFO     HTTP Request: HEAD https://huggingface.co/docling-project/docling-layout-heron/resolve/8f39ad3c0b4c58e9c2d2c84a38465abf757272d8/preprocessor_config.json "HTTP/1.1 307 Temporary Redirect"
00:14:58 INFO     HTTP Request: HEAD https://huggingface.co/docling-project/docling-layout-heron/resolve/8f39ad3c0b4c58e9c2d2c84a38465abf757272d8/docling_heron_400.png "HTTP/1.1 307 Temporary Redirect"
00:14:58 INFO     HTTP Request: HEAD https://huggingface.co/api/resolve-cache/models/docling-project/docling-layout-heron/8f39ad3c0b4c58e9c2d2c84a38465abf757272d8/config.json "HTTP/1.1 200 OK"
00:14:58 INFO     HTTP Request: HEAD https://huggingface.co/api/resolve-cache/models/docling-project/docling-layout-heron/8f39ad3c0b4c58e9c2d2c84a38465abf757272d8/preprocessor_config.json "HTTP/1.1 200 OK"
00:14:58 INFO     HTTP Request: HEAD https://huggingface.co/api/resolve-cache/models/docling-project/docling-layout-heron/8f39ad3c0b4c58e9c2d2c84a38465abf757272d8/.gitattributes "HTTP/1.1 200 OK"
00:14:58 INFO     HTTP Request: HEAD https://huggingface.co/api/resolve-cache/models/docling-project/docling-layout-heron/8f39ad3c0b4c58e9c2d2c84a38465abf757272d8/docling_heron_400.png "HTTP/1.1 200 OK"
00:14:58 INFO     HTTP Request: GET https://huggingface.co/api/resolve-cache/models/docling-project/docling-layout-heron/8f39ad3c0b4c58e9c2d2c84a38465abf757272d8/README.md "HTTP/1.1 200 OK"
00:14:58 INFO     HTTP Request: GET https://huggingface.co/api/resolve-cache/models/docling-project/docling-layout-heron/8f39ad3c0b4c58e9c2d2c84a38465abf757272d8/preprocessor_config.json "HTTP/1.1 200 OK"
00:14:58 INFO     HTTP Request: GET https://huggingface.co/api/resolve-cache/models/docling-project/docling-layout-heron/8f39ad3c0b4c58e9c2d2c84a38465abf757272d8/config.json "HTTP/1.1 200 OK"
00:14:58 INFO     HTTP Request: GET https://huggingface.co/api/resolve-cache/models/docling-project/docling-layout-heron/8f39ad3c0b4c58e9c2d2c84a38465abf757272d8/docling_heron_400.png "HTTP/1.1 200 OK"
00:14:58 INFO     HTTP Request: GET https://huggingface.co/api/resolve-cache/models/docling-project/docling-layout-heron/8f39ad3c0b4c58e9c2d2c84a38465abf757272d8/.gitattributes "HTTP/1.1 200 OK"
00:14:58 INFO     HTTP Request: GET https://huggingface.co/api/models/docling-project/docling-layout-heron/xet-read-token/8f39ad3c0b4c58e9c2d2c84a38465abf757272d8 "HTTP/1.1 200 OK"
00:15:00 INFO     Loading plugin 'docling_defaults'
00:15:00 INFO     Registered table structure engines: ['docling_tableformer', 'docling_tableformer_v2']
00:15:00 INFO     HTTP Request: GET https://huggingface.co/api/models/docling-project/docling-models/revision/v2.3.0 "HTTP/1.1 200 OK"
00:15:00 INFO     HTTP Request: HEAD https://huggingface.co/docling-project/docling-models/resolve/fc0f2d45e2218ea24bce5045f58a389aed16dc23/.gitignore "HTTP/1.1 307 Temporary Redirect"
00:15:00 INFO     HTTP Request: HEAD https://huggingface.co/docling-project/docling-models/resolve/fc0f2d45e2218ea24bce5045f58a389aed16dc23/README.md "HTTP/1.1 307 Temporary Redirect"
00:15:00 INFO     HTTP Request: HEAD https://huggingface.co/api/resolve-cache/models/docling-project/docling-models/fc0f2d45e2218ea24bce5045f58a389aed16dc23/.gitignore "HTTP/1.1 200 OK"
00:15:00 INFO     HTTP Request: HEAD https://huggingface.co/docling-project/docling-models/resolve/fc0f2d45e2218ea24bce5045f58a389aed16dc23/model_artifacts/tableformer/accurate/tm_config.json "HTTP/1.1 307 Temporary Redirect"
00:15:00 INFO     HTTP Request: HEAD https://huggingface.co/docling-project/docling-models/resolve/fc0f2d45e2218ea24bce5045f58a389aed16dc23/config.json "HTTP/1.1 307 Temporary Redirect"
00:15:00 INFO     HTTP Request: HEAD https://huggingface.co/docling-project/docling-models/resolve/fc0f2d45e2218ea24bce5045f58a389aed16dc23/.gitattributes "HTTP/1.1 307 Temporary Redirect"
00:15:00 INFO     HTTP Request: HEAD https://huggingface.co/api/resolve-cache/models/docling-project/docling-models/fc0f2d45e2218ea24bce5045f58a389aed16dc23/README.md "HTTP/1.1 200 OK"
00:15:00 INFO     HTTP Request: HEAD https://huggingface.co/docling-project/docling-models/resolve/fc0f2d45e2218ea24bce5045f58a389aed16dc23/model_artifacts/tableformer/fast/tableformer_fast.safetensors "HTTP/1.1 302 Found"
00:15:00 INFO     HTTP Request: HEAD https://huggingface.co/api/resolve-cache/models/docling-project/docling-models/fc0f2d45e2218ea24bce5045f58a389aed16dc23/model_artifacts%2Ftableformer%2Faccurate%2Ftm_config.json "HTTP/1.1 200 OK"
00:15:00 INFO     HTTP Request: HEAD https://huggingface.co/api/resolve-cache/models/docling-project/docling-models/fc0f2d45e2218ea24bce5045f58a389aed16dc23/config.json "HTTP/1.1 200 OK"
00:15:00 INFO     HTTP Request: HEAD https://huggingface.co/docling-project/docling-models/resolve/fc0f2d45e2218ea24bce5045f58a389aed16dc23/model_artifacts/tableformer/fast/tm_config.json "HTTP/1.1 307 Temporary Redirect"
00:15:00 INFO     HTTP Request: HEAD https://huggingface.co/api/resolve-cache/models/docling-project/docling-models/fc0f2d45e2218ea24bce5045f58a389aed16dc23/.gitattributes "HTTP/1.1 200 OK"
00:15:00 INFO     HTTP Request: HEAD https://huggingface.co/docling-project/docling-models/resolve/fc0f2d45e2218ea24bce5045f58a389aed16dc23/model_artifacts/tableformer/accurate/tableformer_accurate.safetensors "HTTP/1.1 302 Found"
00:15:00 INFO     HTTP Request: GET https://huggingface.co/api/resolve-cache/models/docling-project/docling-models/fc0f2d45e2218ea24bce5045f58a389aed16dc23/.gitignore "HTTP/1.1 200 OK"
00:15:00 INFO     HTTP Request: HEAD https://huggingface.co/api/resolve-cache/models/docling-project/docling-models/fc0f2d45e2218ea24bce5045f58a389aed16dc23/model_artifacts%2Ftableformer%2Ffast%2Ftm_config.json "HTTP/1.1 200 OK"
00:15:00 INFO     HTTP Request: GET https://huggingface.co/api/resolve-cache/models/docling-project/docling-models/fc0f2d45e2218ea24bce5045f58a389aed16dc23/model_artifacts%2Ftableformer%2Faccurate%2Ftm_config.json "HTTP/1.1 200 OK"
00:15:00 INFO     HTTP Request: GET https://huggingface.co/api/resolve-cache/models/docling-project/docling-models/fc0f2d45e2218ea24bce5045f58a389aed16dc23/config.json "HTTP/1.1 200 OK"
00:15:00 INFO     HTTP Request: GET https://huggingface.co/api/resolve-cache/models/docling-project/docling-models/fc0f2d45e2218ea24bce5045f58a389aed16dc23/model_artifacts%2Ftableformer%2Ffast%2Ftm_config.json "HTTP/1.1 200 OK"
00:15:00 INFO     HTTP Request: GET https://huggingface.co/api/resolve-cache/models/docling-project/docling-models/fc0f2d45e2218ea24bce5045f58a389aed16dc23/.gitattributes "HTTP/1.1 200 OK"
00:15:00 INFO     HTTP Request: GET https://huggingface.co/api/resolve-cache/models/docling-project/docling-models/fc0f2d45e2218ea24bce5045f58a389aed16dc23/README.md "HTTP/1.1 200 OK"
00:15:00 INFO     HTTP Request: GET https://huggingface.co/api/models/docling-project/docling-models/xet-read-token/fc0f2d45e2218ea24bce5045f58a389aed16dc23 "HTTP/1.1 200 OK"
00:15:00 INFO     HTTP Request: GET https://huggingface.co/api/models/docling-project/docling-models/xet-read-token/fc0f2d45e2218ea24bce5045f58a389aed16dc23 "HTTP/1.1 200 OK"
00:15:01 INFO     Accelerator device: 'cpu'
00:15:02 INFO     Processing document agu_ptd_2025_2027_anexo_de_entregas_assinado_assinado_assinado-copia_tarjada.pdf
00:15:02 INFO     command: tesseract --psm 0 -l osd /tmp/tmp12ndetku.png stdout
00:15:03 INFO     command: tesseract -l por /tmp/tmp12ndetku.png stdout tsv
00:15:06 INFO     command: tesseract --psm 0 -l osd /tmp/tmpfonzsmuc.png stdout
00:15:07 INFO     command: tesseract -l por /tmp/tmpfonzsmuc.png stdout tsv
00:15:25 INFO     Finished converting document agu_ptd_2025_2027_anexo_de_entregas_assinado_assinado_assinado-copia_tarjada.pdf in 27.31 sec.
00:15:25 INFO       pixel_budget (Docling) agu_ptd_2025_2027_anexo_de_entregas_assinado_assinado_assinado-copia_tarjada.pdf: 45.8% (área tabelas/1001817 px²)
00:15:25 INFO     [1/15] ✓ AGU       :   33 entregas | 27.3s | ETA ~6min
00:15:25 INFO     [2/15] → agu_ptd_2025_2027_docdiretivo_assinado_assinado_assinado-copia_tarjada.pdf
00:15:25 INFO     detected formats: [<InputFormat.PDF: 'pdf'>]
00:15:25 INFO     Going to convert document batch...
00:15:25 INFO     Processing document agu_ptd_2025_2027_docdiretivo_assinado_assinado_assinado-copia_tarjada.pdf
00:15:25 INFO     command: tesseract --psm 0 -l osd /tmp/tmpxkexwwv3.png stdout
00:15:26 INFO     command: tesseract -l por /tmp/tmpxkexwwv3.png stdout tsv
00:15:28 INFO     command: tesseract --psm 0 -l osd /tmp/tmptgz1u_6s.png stdout
00:15:29 INFO     command: tesseract -l por /tmp/tmptgz1u_6s.png stdout tsv
00:15:32 INFO     command: tesseract --psm 0 -l osd /tmp/tmpbfckry_g.png stdout
00:15:33 INFO     command: tesseract -l por /tmp/tmpbfckry_g.png stdout tsv
00:15:35 INFO     command: tesseract --psm 0 -l osd /tmp/tmp70e3rz7d.png stdout
00:15:36 INFO     command: tesseract -l por /tmp/tmp70e3rz7d.png stdout tsv
00:15:38 INFO     command: tesseract --psm 0 -l osd /tmp/tmpc0gs4t57.png stdout
00:15:39 INFO     command: tesseract -l por /tmp/tmpc0gs4t57.png stdout tsv
00:15:41 INFO     command: tesseract --psm 0 -l osd /tmp/tmpml45x1fx.png stdout
00:15:42 INFO     command: tesseract -l por /tmp/tmpml45x1fx.png stdout tsv
00:15:53 INFO     command: tesseract --psm 0 -l osd /tmp/tmpt0wwco06.png stdout
00:15:54 INFO     command: tesseract -l por /tmp/tmpt0wwco06.png stdout tsv
00:15:56 INFO     command: tesseract --psm 0 -l osd /tmp/tmpdy52982e.png stdout
00:15:57 INFO     command: tesseract -l por /tmp/tmpdy52982e.png stdout tsv
00:15:59 INFO     command: tesseract --psm 0 -l osd /tmp/tmp4f8lwwd_.png stdout
00:16:00 INFO     command: tesseract -l por /tmp/tmp4f8lwwd_.png stdout tsv
00:16:02 INFO     command: tesseract --psm 0 -l osd /tmp/tmpccq4g1xb.png stdout
00:16:03 INFO     command: tesseract -l por /tmp/tmpccq4g1xb.png stdout tsv
00:16:16 INFO     command: tesseract --psm 0 -l osd /tmp/tmpbvtowcb7.png stdout
00:16:17 INFO     command: tesseract -l por /tmp/tmpbvtowcb7.png stdout tsv
00:16:21 INFO     Finished converting document agu_ptd_2025_2027_docdiretivo_assinado_assinado_assinado-copia_tarjada.pdf in 56.17 sec.
00:16:21 INFO       pixel_budget (Docling) agu_ptd_2025_2027_docdiretivo_assinado_assinado_assinado-copia_tarjada.pdf: 2.1% (área tabelas/5513330 px²)
00:16:21 INFO     [2/15] ✓ AGU       :    6 entregas | 56.2s | ETA ~9min
00:16:21 INFO     [3/15] → anexo-de-entregas-mcom_ptd-25_27-copia_tarjada.pdf
00:16:21 INFO     detected formats: [<InputFormat.PDF: 'pdf'>]
00:16:21 INFO     Going to convert document batch...
00:16:21 INFO     Processing document anexo-de-entregas-mcom_ptd-25_27-copia_tarjada.pdf
00:16:22 INFO     command: tesseract --psm 0 -l osd /tmp/tmpay5ovkg3.png stdout
00:16:23 INFO     command: tesseract -l por /tmp/tmpay5ovkg3.png stdout tsv
00:16:26 INFO     command: tesseract --psm 0 -l osd /tmp/tmpuapocv2c.png stdout
00:16:27 INFO     command: tesseract -l por /tmp/tmpuapocv2c.png stdout tsv
00:16:38 INFO     command: tesseract --psm 0 -l osd /tmp/tmpuot757j_.png stdout
00:16:39 INFO     command: tesseract -l por /tmp/tmpuot757j_.png stdout tsv
00:16:59 INFO     Finished converting document anexo-de-entregas-mcom_ptd-25_27-copia_tarjada.pdf in 37.86 sec.
00:16:59 INFO       pixel_budget (Docling) anexo-de-entregas-mcom_ptd-25_27-copia_tarjada.pdf: 55.2% (área tabelas/1503636 px²)
00:16:59 INFO     [3/15] ✓ MCOM      :   55 entregas | 37.9s | ETA ~8min
00:16:59 INFO     [4/15] → documento-diretivo-mcom-_-ptd-25_27-copia_tarjada.pdf
00:16:59 INFO     detected formats: [<InputFormat.PDF: 'pdf'>]
00:16:59 INFO     Going to convert document batch...
00:16:59 INFO     Processing document documento-diretivo-mcom-_-ptd-25_27-copia_tarjada.pdf
00:16:59 INFO     command: tesseract --psm 0 -l osd /tmp/tmpyh60bnhz.png stdout
00:17:00 INFO     command: tesseract -l por /tmp/tmpyh60bnhz.png stdout tsv
00:17:02 INFO     command: tesseract --psm 0 -l osd /tmp/tmpch5ct3wp.png stdout
00:17:04 INFO     command: tesseract -l por /tmp/tmpch5ct3wp.png stdout tsv
00:17:09 INFO     command: tesseract --psm 0 -l osd /tmp/tmpdix1efmf.png stdout
00:17:10 INFO     command: tesseract -l por /tmp/tmpdix1efmf.png stdout tsv
00:17:11 INFO     command: tesseract --psm 0 -l osd /tmp/tmpf3ukbnbh.png stdout
00:17:12 INFO     command: tesseract -l por /tmp/tmpf3ukbnbh.png stdout tsv
00:17:14 INFO     command: tesseract --psm 0 -l osd /tmp/tmpy4q_72c0.png stdout
00:17:15 INFO     command: tesseract -l por /tmp/tmpy4q_72c0.png stdout tsv
00:17:17 INFO     command: tesseract --psm 0 -l osd /tmp/tmptpt_zpk7.png stdout
00:17:18 INFO     command: tesseract -l por /tmp/tmptpt_zpk7.png stdout tsv
00:17:36 INFO     command: tesseract --psm 0 -l osd /tmp/tmp9i7oggl_.png stdout
00:17:36 INFO     command: tesseract -l por /tmp/tmp9i7oggl_.png stdout tsv
00:17:38 INFO     command: tesseract --psm 0 -l osd /tmp/tmp2p_lm91a.png stdout
00:17:39 INFO     command: tesseract -l por /tmp/tmp2p_lm91a.png stdout tsv
00:17:41 INFO     command: tesseract --psm 0 -l osd /tmp/tmppywgewu7.png stdout
00:17:42 INFO     command: tesseract -l por /tmp/tmppywgewu7.png stdout tsv
00:17:44 INFO     command: tesseract --psm 0 -l osd /tmp/tmpt5thoh3_.png stdout
00:17:45 INFO     command: tesseract -l por /tmp/tmpt5thoh3_.png stdout tsv
00:17:50 INFO     command: tesseract --psm 0 -l osd /tmp/tmpcbp5wrai.png stdout
00:17:51 INFO     command: tesseract -l por /tmp/tmpcbp5wrai.png stdout tsv
00:17:57 INFO     command: tesseract --psm 0 -l osd /tmp/tmpxbz_4pu4.png stdout
00:17:58 INFO     command: tesseract -l por /tmp/tmpxbz_4pu4.png stdout tsv
00:18:00 INFO     command: tesseract --psm 0 -l osd /tmp/tmpzbsj_gxs.png stdout
00:18:01 INFO     command: tesseract -l por /tmp/tmpzbsj_gxs.png stdout tsv
00:18:03 INFO     command: tesseract --psm 0 -l osd /tmp/tmpqr_tgw_5.png stdout
00:18:04 INFO     command: tesseract -l por /tmp/tmpqr_tgw_5.png stdout tsv
00:18:10 INFO     Finished converting document documento-diretivo-mcom-_-ptd-25_27-copia_tarjada.pdf in 71.34 sec.
00:18:10 INFO       pixel_budget (Docling) documento-diretivo-mcom-_-ptd-25_27-copia_tarjada.pdf: 10.8% (área tabelas/7016966 px²)
00:18:10 INFO     [4/15] ✓ MCOM      :    3 entregas | 71.4s | ETA ~8min
00:18:10 INFO     [5/15] → fiocruz-ptd-06_2024-copia_tarjada.pdf
00:18:10 INFO     detected formats: [<InputFormat.PDF: 'pdf'>]
00:18:10 INFO     Going to convert document batch...
00:18:10 INFO     Initializing pipeline for StandardPdfPipeline with options hash d18651824ca6fe56cf3ccb20424ac2c8
00:18:10 INFO     Accelerator device: 'cpu'
00:18:10 INFO     HTTP Request: GET https://huggingface.co/api/models/docling-project/docling-layout-heron/revision/main "HTTP/1.1 200 OK"
00:18:11 INFO     HTTP Request: GET https://huggingface.co/api/models/docling-project/docling-models/revision/v2.3.0 "HTTP/1.1 200 OK"
00:18:11 INFO     Accelerator device: 'cpu'
00:18:11 INFO     Processing document fiocruz-ptd-06_2024-copia_tarjada.pdf
00:19:19 INFO     Finished converting document fiocruz-ptd-06_2024-copia_tarjada.pdf in 69.04 sec.
00:19:19 INFO       pixel_budget (Docling) fiocruz-ptd-06_2024-copia_tarjada.pdf: 36.4% (área tabelas/7518178 px²)
00:19:19 INFO     [5/15] ✓ FIOCRUZ   :    1 entregas | 69.1s | ETA ~8min
00:19:19 INFO     [6/15] → fiocruz_novo-ptd_2-1_docdiretivo_repactuacao_2024-2026_assinado_assinado-copia_tarjada.pdf
00:19:19 INFO     detected formats: [<InputFormat.PDF: 'pdf'>]
00:19:19 INFO     Going to convert document batch...
00:19:19 INFO     Processing document fiocruz_novo-ptd_2-1_docdiretivo_repactuacao_2024-2026_assinado_assinado-copia_tarjada.pdf
00:19:37 INFO     Finished converting document fiocruz_novo-ptd_2-1_docdiretivo_repactuacao_2024-2026_assinado_assinado-copia_tarjada.pdf in 18.02 sec.
00:19:37 INFO       pixel_budget (Docling) fiocruz_novo-ptd_2-1_docdiretivo_repactuacao_2024-2026_assinado_assinado-copia_tarjada.pdf: 11.3% (área tabelas/5012118 px²)
00:19:37 INFO     [6/15] ✓ FIOCRUZ   :    5 entregas | 18.0s | ETA ~6min
00:19:37 INFO     [7/15] → fiocruz_ptd_anexo_de_entregas_assinado_v1_assinado_assinado-1-copia_tarjada.pdf
00:19:37 INFO     detected formats: [<InputFormat.PDF: 'pdf'>]
00:19:37 INFO     Going to convert document batch...
00:19:37 INFO     Processing document fiocruz_ptd_anexo_de_entregas_assinado_v1_assinado_assinado-1-copia_tarjada.pdf
00:20:09 INFO     Finished converting document fiocruz_ptd_anexo_de_entregas_assinado_v1_assinado_assinado-1-copia_tarjada.pdf in 31.98 sec.
00:20:09 INFO       pixel_budget (Docling) fiocruz_ptd_anexo_de_entregas_assinado_v1_assinado_assinado-1-copia_tarjada.pdf: 54.7% (área tabelas/2004847 px²)
00:20:09 INFO     [7/15] ✓ FIOCRUZ   :   61 entregas | 32.0s | ETA ~5min
00:20:09 INFO     [8/15] → funai_anexo_de_entregas_repactuado_2026_2027_assinado_assinado_assinado.pdf
00:20:09 INFO     detected formats: [<InputFormat.PDF: 'pdf'>]
00:20:09 INFO     Going to convert document batch...
00:20:09 INFO     Processing document funai_anexo_de_entregas_repactuado_2026_2027_assinado_assinado_assinado.pdf
00:20:10 INFO     command: tesseract --psm 0 -l osd /tmp/tmpads4havd.png stdout
00:20:11 INFO     command: tesseract -l por /tmp/tmpads4havd.png stdout tsv
00:20:24 INFO     Finished converting document funai_anexo_de_entregas_repactuado_2026_2027_assinado_assinado_assinado.pdf in 14.94 sec.
00:20:24 INFO       pixel_budget (Docling) funai_anexo_de_entregas_repactuado_2026_2027_assinado_assinado_assinado.pdf: 49.8% (área tabelas/501212 px²)
00:20:24 INFO     [8/15] ✓ FUNAI     :   21 entregas | 15.0s | ETA ~4min
00:20:24 INFO     [9/15] → funai_ptd_2025_2027_docdiretivo_assinado-1_tarjado.pdf
00:20:24 INFO     detected formats: [<InputFormat.PDF: 'pdf'>]
00:20:24 INFO     Going to convert document batch...
00:20:24 INFO     Processing document funai_ptd_2025_2027_docdiretivo_assinado-1_tarjado.pdf
00:20:26 INFO     command: tesseract --psm 0 -l osd /tmp/tmp6ca9w9be.png stdout
00:20:26 INFO     command: tesseract -l por /tmp/tmp6ca9w9be.png stdout tsv
00:20:27 INFO     command: tesseract --psm 0 -l osd /tmp/tmpj4t0gcbz.png stdout
00:20:29 INFO     command: tesseract -l por /tmp/tmpj4t0gcbz.png stdout tsv
00:20:33 INFO     command: tesseract --psm 0 -l osd /tmp/tmp5heb5khz.png stdout
00:20:33 INFO     command: tesseract -l por /tmp/tmp5heb5khz.png stdout tsv
00:20:35 INFO     command: tesseract --psm 0 -l osd /tmp/tmpbfxa0ffk.png stdout
00:20:36 INFO     command: tesseract -l por /tmp/tmpbfxa0ffk.png stdout tsv
00:20:38 INFO     command: tesseract --psm 0 -l osd /tmp/tmplwma41q0.png stdout
00:20:38 INFO     command: tesseract -l por /tmp/tmplwma41q0.png stdout tsv
00:20:41 INFO     command: tesseract --psm 0 -l osd /tmp/tmpbsdy0xrb.png stdout
00:20:42 INFO     command: tesseract -l por /tmp/tmpbsdy0xrb.png stdout tsv
00:20:53 INFO     command: tesseract --psm 0 -l osd /tmp/tmpf5ki84b0.png stdout
00:20:54 INFO     command: tesseract -l por /tmp/tmpf5ki84b0.png stdout tsv
00:20:55 INFO     command: tesseract --psm 0 -l osd /tmp/tmpz9rqapc3.png stdout
00:20:56 INFO     command: tesseract -l por /tmp/tmpz9rqapc3.png stdout tsv
00:20:57 INFO     command: tesseract --psm 0 -l osd /tmp/tmpg7ny6p1d.png stdout
00:20:58 INFO     command: tesseract -l por /tmp/tmpg7ny6p1d.png stdout tsv
00:21:00 INFO     command: tesseract --psm 0 -l osd /tmp/tmptj3zfyl1.png stdout
00:21:01 INFO     command: tesseract -l por /tmp/tmptj3zfyl1.png stdout tsv
00:21:17 INFO     command: tesseract --psm 0 -l osd /tmp/tmpxp2o8fa_.png stdout
00:21:18 INFO     command: tesseract -l por /tmp/tmpxp2o8fa_.png stdout tsv
00:21:23 INFO     command: tesseract --psm 0 -l osd /tmp/tmpqk7nluip.png stdout
00:21:24 INFO     command: tesseract -l por /tmp/tmpqk7nluip.png stdout tsv
00:21:25 INFO     command: tesseract --psm 0 -l osd /tmp/tmpo3jyvhg_.png stdout
00:21:26 INFO     command: tesseract -l por /tmp/tmpo3jyvhg_.png stdout tsv
00:21:33 INFO     Finished converting document funai_ptd_2025_2027_docdiretivo_assinado-1_tarjado.pdf in 68.32 sec.
00:21:33 INFO       pixel_budget (Docling) funai_ptd_2025_2027_docdiretivo_assinado-1_tarjado.pdf: 16.4% (área tabelas/6515754 px²)
00:21:33 INFO     [9/15] ✓ FUNAI     :    8 entregas | 68.3s | ETA ~4min
00:21:33 INFO     [10/15] → incra_anexo_de_entregas_assinado-1_assinado_assinado-copia_tarjada.pdf
00:21:33 INFO     detected formats: [<InputFormat.PDF: 'pdf'>]
00:21:33 INFO     Going to convert document batch...
00:21:33 INFO     Processing document incra_anexo_de_entregas_assinado-1_assinado_assinado-copia_tarjada.pdf
00:21:34 INFO     command: tesseract --psm 0 -l osd /tmp/tmp6_lc7y2j.png stdout
00:21:35 INFO     command: tesseract -l por /tmp/tmp6_lc7y2j.png stdout tsv
00:21:37 INFO     command: tesseract --psm 0 -l osd /tmp/tmpq8q0w167.png stdout
00:21:39 INFO     command: tesseract -l por /tmp/tmpq8q0w167.png stdout tsv
00:21:45 INFO     command: tesseract --psm 0 -l osd /tmp/tmpvj1vmkc7.png stdout
00:21:46 INFO     command: tesseract -l por /tmp/tmpvj1vmkc7.png stdout tsv
00:21:48 INFO     command: tesseract --psm 0 -l osd /tmp/tmpj1m879iu.png stdout
00:21:49 INFO     command: tesseract -l por /tmp/tmpj1m879iu.png stdout tsv
00:21:51 INFO     command: tesseract --psm 0 -l osd /tmp/tmpauibcwg2.png stdout
00:21:52 INFO     command: tesseract -l por /tmp/tmpauibcwg2.png stdout tsv
00:23:24 INFO     Finished converting document incra_anexo_de_entregas_assinado-1_assinado_assinado-copia_tarjada.pdf in 111.18 sec.
00:23:24 INFO       pixel_budget (Docling) incra_anexo_de_entregas_assinado-1_assinado_assinado-copia_tarjada.pdf: 30.0% (área tabelas/2423520 px²)
00:23:24 INFO     [10/15] ✓ INCRA     :   10 entregas | 111.2s | ETA ~4min
00:23:24 INFO     [11/15] → incra_ptd_docdiretivo__assinado-1_assinado_assinado-copia_tarjada.pdf
00:23:24 INFO     detected formats: [<InputFormat.PDF: 'pdf'>]
00:23:24 INFO     Going to convert document batch...
00:23:24 INFO     Processing document incra_ptd_docdiretivo__assinado-1_assinado_assinado-copia_tarjada.pdf
00:23:25 INFO     command: tesseract --psm 0 -l osd /tmp/tmp5kvdzkvd.png stdout
00:23:25 INFO     command: tesseract -l por /tmp/tmp5kvdzkvd.png stdout tsv
00:23:28 INFO     command: tesseract --psm 0 -l osd /tmp/tmp9et90rw0.png stdout
00:23:30 INFO     command: tesseract -l por /tmp/tmp9et90rw0.png stdout tsv
00:23:35 INFO     command: tesseract --psm 0 -l osd /tmp/tmpqrpzexgv.png stdout
00:23:36 INFO     command: tesseract -l por /tmp/tmpqrpzexgv.png stdout tsv
00:23:38 INFO     command: tesseract --psm 0 -l osd /tmp/tmp0ospu8rw.png stdout
00:23:38 INFO     command: tesseract -l por /tmp/tmp0ospu8rw.png stdout tsv
00:23:40 INFO     command: tesseract --psm 0 -l osd /tmp/tmp4wlp0791.png stdout
00:23:41 INFO     command: tesseract -l por /tmp/tmp4wlp0791.png stdout tsv
00:23:43 INFO     command: tesseract --psm 0 -l osd /tmp/tmp0nqs1lqo.png stdout
00:23:44 INFO     command: tesseract -l por /tmp/tmp0nqs1lqo.png stdout tsv
00:24:01 INFO     command: tesseract --psm 0 -l osd /tmp/tmpnxh3_k2q.png stdout
00:24:01 INFO     command: tesseract -l por /tmp/tmpnxh3_k2q.png stdout tsv
00:24:03 INFO     command: tesseract --psm 0 -l osd /tmp/tmprqxdearo.png stdout
00:24:04 INFO     command: tesseract -l por /tmp/tmprqxdearo.png stdout tsv
00:24:05 INFO     command: tesseract --psm 0 -l osd /tmp/tmppgahqpnt.png stdout
00:24:06 INFO     command: tesseract -l por /tmp/tmppgahqpnt.png stdout tsv
00:24:08 INFO     command: tesseract --psm 0 -l osd /tmp/tmprfuzbgag.png stdout
00:24:09 INFO     command: tesseract -l por /tmp/tmprfuzbgag.png stdout tsv
00:24:14 INFO     command: tesseract --psm 0 -l osd /tmp/tmpdvocl_yx.png stdout
00:24:15 INFO     command: tesseract -l por /tmp/tmpdvocl_yx.png stdout tsv
00:24:25 INFO     command: tesseract --psm 0 -l osd /tmp/tmp3oxw5nrj.png stdout
00:24:26 INFO     command: tesseract -l por /tmp/tmp3oxw5nrj.png stdout tsv
00:24:28 INFO     command: tesseract --psm 0 -l osd /tmp/tmplwnq2lze.png stdout
00:24:28 INFO     command: tesseract -l por /tmp/tmplwnq2lze.png stdout tsv
00:24:36 INFO     Finished converting document incra_ptd_docdiretivo__assinado-1_assinado_assinado-copia_tarjada.pdf in 72.31 sec.
00:24:36 INFO       pixel_budget (Docling) incra_ptd_docdiretivo__assinado-1_assinado_assinado-copia_tarjada.pdf: 20.2% (área tabelas/6515754 px²)
00:24:36 INFO     [11/15] ✓ INCRA     :   11 entregas | 72.3s | ETA ~3min
00:24:36 INFO     [12/15] → iti_anexo_de_entregas_assinado.pdf
00:24:36 INFO     detected formats: [<InputFormat.PDF: 'pdf'>]
00:24:36 INFO     Going to convert document batch...
00:24:36 INFO     Processing document iti_anexo_de_entregas_assinado.pdf
00:24:37 INFO     command: tesseract --psm 0 -l osd /tmp/tmptta9nvwt.png stdout
00:24:38 INFO     command: tesseract -l por /tmp/tmptta9nvwt.png stdout tsv
00:24:53 INFO     Finished converting document iti_anexo_de_entregas_assinado.pdf in 17.39 sec.
00:24:53 INFO       pixel_budget (Docling) iti_anexo_de_entregas_assinado.pdf: 57.2% (área tabelas/501212 px²)
00:24:53 INFO     [12/15] ✓ ITI       :   31 entregas | 17.4s | ETA ~2min
00:24:53 INFO     [13/15] → iti_doc_diretivo_assinado-1_tarjado.pdf
00:24:53 INFO     detected formats: [<InputFormat.PDF: 'pdf'>]
00:24:53 INFO     Going to convert document batch...
00:24:53 INFO     Processing document iti_doc_diretivo_assinado-1_tarjado.pdf
00:24:55 INFO     command: tesseract --psm 0 -l osd /tmp/tmpxi7jb16z.png stdout
00:24:55 INFO     command: tesseract -l por /tmp/tmpxi7jb16z.png stdout tsv
00:24:58 INFO     command: tesseract --psm 0 -l osd /tmp/tmp8jm2jhm6.png stdout
00:24:59 INFO     command: tesseract -l por /tmp/tmp8jm2jhm6.png stdout tsv
00:25:04 INFO     command: tesseract --psm 0 -l osd /tmp/tmpnld9i0v0.png stdout
00:25:04 INFO     command: tesseract -l por /tmp/tmpnld9i0v0.png stdout tsv
00:25:06 INFO     command: tesseract --psm 0 -l osd /tmp/tmpo58azibo.png stdout
00:25:07 INFO     command: tesseract -l por /tmp/tmpo58azibo.png stdout tsv
00:25:09 INFO     command: tesseract --psm 0 -l osd /tmp/tmp5ukzn09u.png stdout
00:25:09 INFO     command: tesseract -l por /tmp/tmp5ukzn09u.png stdout tsv
00:25:11 INFO     command: tesseract --psm 0 -l osd /tmp/tmpvcm2zc_k.png stdout
00:25:13 INFO     command: tesseract -l por /tmp/tmpvcm2zc_k.png stdout tsv
00:25:27 INFO     command: tesseract --psm 0 -l osd /tmp/tmp7to6c1_c.png stdout
00:25:28 INFO     command: tesseract -l por /tmp/tmp7to6c1_c.png stdout tsv
00:25:30 INFO     command: tesseract --psm 0 -l osd /tmp/tmpcwvgm55u.png stdout
00:25:31 INFO     command: tesseract -l por /tmp/tmpcwvgm55u.png stdout tsv
00:25:33 INFO     command: tesseract --psm 0 -l osd /tmp/tmpeduah384.png stdout
00:25:34 INFO     command: tesseract -l por /tmp/tmpeduah384.png stdout tsv
00:25:36 INFO     command: tesseract --psm 0 -l osd /tmp/tmpaxgg9j6u.png stdout
00:25:37 INFO     command: tesseract -l por /tmp/tmpaxgg9j6u.png stdout tsv
00:25:45 INFO     command: tesseract --psm 0 -l osd /tmp/tmpo_kxb0fl.png stdout
00:25:46 INFO     command: tesseract -l por /tmp/tmpo_kxb0fl.png stdout tsv
00:25:54 INFO     Finished converting document iti_doc_diretivo_assinado-1_tarjado.pdf in 60.53 sec.
00:25:54 INFO       pixel_budget (Docling) iti_doc_diretivo_assinado-1_tarjado.pdf: 8.0% (área tabelas/5516339 px²)
00:25:54 INFO     [13/15] ✓ ITI       :    9 entregas | 60.5s | ETA ~1min
00:25:54 INFO     [14/15] → sgpr_ptd_2025_2027_anexo_de_entregas_assinado-copia_tarjada.pdf
00:25:54 INFO     detected formats: [<InputFormat.PDF: 'pdf'>]
00:25:54 INFO     Going to convert document batch...
00:25:54 INFO     Processing document sgpr_ptd_2025_2027_anexo_de_entregas_assinado-copia_tarjada.pdf
00:25:55 INFO     command: tesseract --psm 0 -l osd /tmp/tmpy6v2uoga.png stdout
00:25:56 INFO     command: tesseract -l por /tmp/tmpy6v2uoga.png stdout tsv
00:25:59 INFO     command: tesseract --psm 0 -l osd /tmp/tmpdw18af6n.png stdout
00:26:00 INFO     command: tesseract -l por /tmp/tmpdw18af6n.png stdout tsv
00:26:13 INFO     Finished converting document sgpr_ptd_2025_2027_anexo_de_entregas_assinado-copia_tarjada.pdf in 18.76 sec.
00:26:13 INFO       pixel_budget (Docling) sgpr_ptd_2025_2027_anexo_de_entregas_assinado-copia_tarjada.pdf: 29.5% (área tabelas/1002424 px²)
00:26:13 INFO     [14/15] ✓ SGPR      :   15 entregas | 18.8s | ETA ~48s
00:26:13 INFO     [15/15] → sgpr_ptd_2026_2027_docdiretivo_assinado-copia_tarjada.pdf
00:26:13 INFO     detected formats: [<InputFormat.PDF: 'pdf'>]
00:26:13 INFO     Going to convert document batch...
00:26:13 INFO     Processing document sgpr_ptd_2026_2027_docdiretivo_assinado-copia_tarjada.pdf
00:26:33 INFO     Finished converting document sgpr_ptd_2026_2027_docdiretivo_assinado-copia_tarjada.pdf in 19.86 sec.
00:26:33 INFO       pixel_budget (Docling) sgpr_ptd_2026_2027_docdiretivo_assinado-copia_tarjada.pdf: 8.2% (área tabelas/5513330 px²)
00:26:33 INFO     [15/15] ✓ SGPR      :    4 entregas | 19.9s | ETA ~0s
00:26:33 INFO     273 registros | 7 órgãos
00:26:33 INFO     ╔══════════════════════════════════════════════════════════════╗
00:26:33 INFO     ║                  ENTREGAS — fase concluída                   ║
00:26:33 INFO     ║  Processados: 15    |  ✓ 15  ⚠ 0                             ║
00:26:33 INFO     ║  Duração: 11.6 min                                           ║
00:26:33 INFO     ║  273 registros | 7 órgãos                                    ║
00:26:33 INFO     ╚══════════════════════════════════════════════════════════════╝
00:26:33 INFO     [1/7] → agu_ptd_2025_2027_docdiretivo_assinado_assinado_assinado-copia_tarjada.pdf
00:26:33 INFO     detected formats: [<InputFormat.PDF: 'pdf'>]
00:26:33 INFO     Going to convert document batch...
00:26:33 INFO     Processing document agu_ptd_2025_2027_docdiretivo_assinado_assinado_assinado-copia_tarjada.pdf
00:26:33 INFO     command: tesseract --psm 0 -l osd /tmp/tmp70inke4l.png stdout
00:26:34 INFO     command: tesseract -l por /tmp/tmp70inke4l.png stdout tsv
00:26:35 INFO     command: tesseract --psm 0 -l osd /tmp/tmp_y01m54u.png stdout
00:26:37 INFO     command: tesseract -l por /tmp/tmp_y01m54u.png stdout tsv
00:26:40 INFO     command: tesseract --psm 0 -l osd /tmp/tmpd53ymw2b.png stdout
00:26:41 INFO     command: tesseract -l por /tmp/tmpd53ymw2b.png stdout tsv
00:26:43 INFO     command: tesseract --psm 0 -l osd /tmp/tmpv_h0jnzy.png stdout
00:26:44 INFO     command: tesseract -l por /tmp/tmpv_h0jnzy.png stdout tsv
00:26:46 INFO     command: tesseract --psm 0 -l osd /tmp/tmp_4xdt0g0.png stdout
00:26:47 INFO     command: tesseract -l por /tmp/tmp_4xdt0g0.png stdout tsv
00:26:49 INFO     command: tesseract --psm 0 -l osd /tmp/tmpis8zb1pa.png stdout
00:26:50 INFO     command: tesseract -l por /tmp/tmpis8zb1pa.png stdout tsv
00:27:01 INFO     command: tesseract --psm 0 -l osd /tmp/tmphgaqb7nw.png stdout
00:27:01 INFO     command: tesseract -l por /tmp/tmphgaqb7nw.png stdout tsv
00:27:03 INFO     command: tesseract --psm 0 -l osd /tmp/tmp82dk4c37.png stdout
00:27:04 INFO     command: tesseract -l por /tmp/tmp82dk4c37.png stdout tsv
00:27:07 INFO     command: tesseract --psm 0 -l osd /tmp/tmpn2nm5mxr.png stdout
00:27:07 INFO     command: tesseract -l por /tmp/tmpn2nm5mxr.png stdout tsv
00:27:09 INFO     command: tesseract --psm 0 -l osd /tmp/tmpfcqqpp7w.png stdout
00:27:11 INFO     command: tesseract -l por /tmp/tmpfcqqpp7w.png stdout tsv
00:27:24 INFO     command: tesseract --psm 0 -l osd /tmp/tmpn40846yr.png stdout
00:27:25 INFO     command: tesseract -l por /tmp/tmpn40846yr.png stdout tsv
00:27:28 INFO     Finished converting document agu_ptd_2025_2027_docdiretivo_assinado_assinado_assinado-copia_tarjada.pdf in 55.79 sec.
00:27:28 INFO     [1/7] ✓ AGU       :   7 riscos | 55.8s | ETA ~5min
00:27:28 INFO     [2/7] → documento-diretivo-mcom-_-ptd-25_27-copia_tarjada.pdf
00:27:28 INFO     detected formats: [<InputFormat.PDF: 'pdf'>]
00:27:28 INFO     Going to convert document batch...
00:27:28 INFO     Processing document documento-diretivo-mcom-_-ptd-25_27-copia_tarjada.pdf
00:27:29 INFO     command: tesseract --psm 0 -l osd /tmp/tmp587geob9.png stdout
00:27:30 INFO     command: tesseract -l por /tmp/tmp587geob9.png stdout tsv
00:27:31 INFO     command: tesseract --psm 0 -l osd /tmp/tmp48f309m2.png stdout
00:27:33 INFO     command: tesseract -l por /tmp/tmp48f309m2.png stdout tsv
00:27:38 INFO     command: tesseract --psm 0 -l osd /tmp/tmp47qth_jy.png stdout
00:27:39 INFO     command: tesseract -l por /tmp/tmp47qth_jy.png stdout tsv
00:27:40 INFO     command: tesseract --psm 0 -l osd /tmp/tmp_6y82hqc.png stdout
00:27:41 INFO     command: tesseract -l por /tmp/tmp_6y82hqc.png stdout tsv
00:27:43 INFO     command: tesseract --psm 0 -l osd /tmp/tmpjhhz4vhd.png stdout
00:27:44 INFO     command: tesseract -l por /tmp/tmpjhhz4vhd.png stdout tsv
00:27:46 INFO     command: tesseract --psm 0 -l osd /tmp/tmpn5s58ebs.png stdout
00:27:48 INFO     command: tesseract -l por /tmp/tmpn5s58ebs.png stdout tsv
00:27:58 INFO     command: tesseract --psm 0 -l osd /tmp/tmpz549_lt_.png stdout
00:27:59 INFO     command: tesseract -l por /tmp/tmpz549_lt_.png stdout tsv
00:28:03 INFO     command: tesseract --psm 0 -l osd /tmp/tmp61z0el1j.png stdout
00:28:04 INFO     command: tesseract -l por /tmp/tmp61z0el1j.png stdout tsv
00:28:06 INFO     command: tesseract --psm 0 -l osd /tmp/tmpu88mxya3.png stdout
00:28:07 INFO     command: tesseract -l por /tmp/tmpu88mxya3.png stdout tsv
00:28:09 INFO     command: tesseract --psm 0 -l osd /tmp/tmpo6_5srj9.png stdout
00:28:10 INFO     command: tesseract -l por /tmp/tmpo6_5srj9.png stdout tsv
00:28:16 INFO     command: tesseract --psm 0 -l osd /tmp/tmpfqbg2cwj.png stdout
00:28:17 INFO     command: tesseract -l por /tmp/tmpfqbg2cwj.png stdout tsv
00:28:22 INFO     command: tesseract --psm 0 -l osd /tmp/tmp4ths70rh.png stdout
00:28:23 INFO     command: tesseract -l por /tmp/tmp4ths70rh.png stdout tsv
00:28:25 INFO     command: tesseract --psm 0 -l osd /tmp/tmp8_z8bs9d.png stdout
00:28:25 INFO     command: tesseract -l por /tmp/tmp8_z8bs9d.png stdout tsv
00:28:27 INFO     command: tesseract --psm 0 -l osd /tmp/tmp2sws21g7.png stdout
00:28:28 INFO     command: tesseract -l por /tmp/tmp2sws21g7.png stdout tsv
00:28:34 INFO     Finished converting document documento-diretivo-mcom-_-ptd-25_27-copia_tarjada.pdf in 65.53 sec.
00:28:34 INFO     [2/7] ✓ MCOM      :  14 riscos | 65.5s | ETA ~5min
00:28:34 INFO     [3/7] → fiocruz_novo-ptd_2-1_docdiretivo_repactuacao_2024-2026_assinado_assinado-copia_tarjada.pdf
00:28:34 INFO     detected formats: [<InputFormat.PDF: 'pdf'>]
00:28:34 INFO     Going to convert document batch...
00:28:34 INFO     Processing document fiocruz_novo-ptd_2-1_docdiretivo_repactuacao_2024-2026_assinado_assinado-copia_tarjada.pdf
00:28:52 INFO     Finished converting document fiocruz_novo-ptd_2-1_docdiretivo_repactuacao_2024-2026_assinado_assinado-copia_tarjada.pdf in 17.74 sec.
00:28:52 INFO     [3/7] ✓ FIOCRUZ   :   6 riscos | 17.7s | ETA ~3min
00:28:52 INFO     [4/7] → funai_ptd_2025_2027_docdiretivo_assinado-1_tarjado.pdf
00:28:52 INFO     detected formats: [<InputFormat.PDF: 'pdf'>]
00:28:52 INFO     Going to convert document batch...
00:28:52 INFO     Processing document funai_ptd_2025_2027_docdiretivo_assinado-1_tarjado.pdf
00:28:53 INFO     command: tesseract --psm 0 -l osd /tmp/tmpeinarw_v.png stdout
00:28:54 INFO     command: tesseract -l por /tmp/tmpeinarw_v.png stdout tsv
00:28:55 INFO     command: tesseract --psm 0 -l osd /tmp/tmp4y3u07xa.png stdout
00:28:56 INFO     command: tesseract -l por /tmp/tmp4y3u07xa.png stdout tsv
00:29:00 INFO     command: tesseract --psm 0 -l osd /tmp/tmpuiyjc6pf.png stdout
00:29:00 INFO     command: tesseract -l por /tmp/tmpuiyjc6pf.png stdout tsv
00:29:02 INFO     command: tesseract --psm 0 -l osd /tmp/tmptxbziwfp.png stdout
00:29:03 INFO     command: tesseract -l por /tmp/tmptxbziwfp.png stdout tsv
00:29:05 INFO     command: tesseract --psm 0 -l osd /tmp/tmpztyf0mk1.png stdout
00:29:06 INFO     command: tesseract -l por /tmp/tmpztyf0mk1.png stdout tsv
00:29:08 INFO     command: tesseract --psm 0 -l osd /tmp/tmppmvpnan5.png stdout
00:29:09 INFO     command: tesseract -l por /tmp/tmppmvpnan5.png stdout tsv
00:29:20 INFO     command: tesseract --psm 0 -l osd /tmp/tmpfqi_jdav.png stdout
00:29:21 INFO     command: tesseract -l por /tmp/tmpfqi_jdav.png stdout tsv
00:29:22 INFO     command: tesseract --psm 0 -l osd /tmp/tmpcib329t9.png stdout
00:29:23 INFO     command: tesseract -l por /tmp/tmpcib329t9.png stdout tsv
00:29:24 INFO     command: tesseract --psm 0 -l osd /tmp/tmpb7bvfkm6.png stdout
00:29:25 INFO     command: tesseract -l por /tmp/tmpb7bvfkm6.png stdout tsv
00:29:26 INFO     command: tesseract --psm 0 -l osd /tmp/tmpiusd5v1z.png stdout
00:29:28 INFO     command: tesseract -l por /tmp/tmpiusd5v1z.png stdout tsv
00:29:43 INFO     command: tesseract --psm 0 -l osd /tmp/tmpvxv7zr04.png stdout
00:29:44 INFO     command: tesseract -l por /tmp/tmpvxv7zr04.png stdout tsv
00:29:48 INFO     command: tesseract --psm 0 -l osd /tmp/tmpwr0wz46i.png stdout
00:29:49 INFO     command: tesseract -l por /tmp/tmpwr0wz46i.png stdout tsv
00:29:51 INFO     command: tesseract --psm 0 -l osd /tmp/tmp20wv2wav.png stdout
00:29:52 INFO     command: tesseract -l por /tmp/tmp20wv2wav.png stdout tsv
00:29:58 INFO     Finished converting document funai_ptd_2025_2027_docdiretivo_assinado-1_tarjado.pdf in 66.34 sec.
00:29:58 INFO     [4/7] ✓ FUNAI     :  15 riscos | 66.3s | ETA ~2min
00:29:58 INFO     [5/7] → incra_ptd_docdiretivo__assinado-1_assinado_assinado-copia_tarjada.pdf
00:29:58 INFO     detected formats: [<InputFormat.PDF: 'pdf'>]
00:29:58 INFO     Going to convert document batch...
00:29:58 INFO     Processing document incra_ptd_docdiretivo__assinado-1_assinado_assinado-copia_tarjada.pdf
00:29:59 INFO     command: tesseract --psm 0 -l osd /tmp/tmpg7a8e6dr.png stdout
00:30:00 INFO     command: tesseract -l por /tmp/tmpg7a8e6dr.png stdout tsv
00:30:02 INFO     command: tesseract --psm 0 -l osd /tmp/tmpjucm_fez.png stdout
00:30:04 INFO     command: tesseract -l por /tmp/tmpjucm_fez.png stdout tsv
00:30:10 INFO     command: tesseract --psm 0 -l osd /tmp/tmpbqm963bn.png stdout
00:30:10 INFO     command: tesseract -l por /tmp/tmpbqm963bn.png stdout tsv
00:30:12 INFO     command: tesseract --psm 0 -l osd /tmp/tmp05i1k9hl.png stdout
00:30:13 INFO     command: tesseract -l por /tmp/tmp05i1k9hl.png stdout tsv
00:30:15 INFO     command: tesseract --psm 0 -l osd /tmp/tmpz_0qh0sl.png stdout
00:30:15 INFO     command: tesseract -l por /tmp/tmpz_0qh0sl.png stdout tsv
00:30:17 INFO     command: tesseract --psm 0 -l osd /tmp/tmpl8tz48d3.png stdout
00:30:19 INFO     command: tesseract -l por /tmp/tmpl8tz48d3.png stdout tsv
00:30:36 INFO     command: tesseract --psm 0 -l osd /tmp/tmps82xw2zw.png stdout
00:30:36 INFO     command: tesseract -l por /tmp/tmps82xw2zw.png stdout tsv
00:30:38 INFO     command: tesseract --psm 0 -l osd /tmp/tmp82ql1b1a.png stdout
00:30:39 INFO     command: tesseract -l por /tmp/tmp82ql1b1a.png stdout tsv
00:30:40 INFO     command: tesseract --psm 0 -l osd /tmp/tmp_319yybq.png stdout
00:30:41 INFO     command: tesseract -l por /tmp/tmp_319yybq.png stdout tsv
00:30:43 INFO     command: tesseract --psm 0 -l osd /tmp/tmpx992sb8m.png stdout
00:30:44 INFO     command: tesseract -l por /tmp/tmpx992sb8m.png stdout tsv
00:30:49 INFO     command: tesseract --psm 0 -l osd /tmp/tmpa5wbzg5t.png stdout
00:30:50 INFO     command: tesseract -l por /tmp/tmpa5wbzg5t.png stdout tsv
00:31:00 INFO     command: tesseract --psm 0 -l osd /tmp/tmpvbnvb4l2.png stdout
00:31:01 INFO     command: tesseract -l por /tmp/tmpvbnvb4l2.png stdout tsv
00:31:03 INFO     command: tesseract --psm 0 -l osd /tmp/tmpa5i7_6zu.png stdout
00:31:03 INFO     command: tesseract -l por /tmp/tmpa5i7_6zu.png stdout tsv
00:31:11 INFO     Finished converting document incra_ptd_docdiretivo__assinado-1_assinado_assinado-copia_tarjada.pdf in 72.73 sec.
00:31:11 INFO     [5/7] ✓ INCRA     :  15 riscos | 72.7s | ETA ~1min
00:31:11 INFO     [6/7] → iti_doc_diretivo_assinado-1_tarjado.pdf
00:31:11 INFO     detected formats: [<InputFormat.PDF: 'pdf'>]
00:31:11 INFO     Going to convert document batch...
00:31:11 INFO     Processing document iti_doc_diretivo_assinado-1_tarjado.pdf
00:31:11 INFO     command: tesseract --psm 0 -l osd /tmp/tmpj__8659z.png stdout
00:31:12 INFO     command: tesseract -l por /tmp/tmpj__8659z.png stdout tsv
00:31:14 INFO     command: tesseract --psm 0 -l osd /tmp/tmpvip0g2ah.png stdout
00:31:15 INFO     command: tesseract -l por /tmp/tmpvip0g2ah.png stdout tsv
00:31:20 INFO     command: tesseract --psm 0 -l osd /tmp/tmp27isgqiw.png stdout
00:31:21 INFO     command: tesseract -l por /tmp/tmp27isgqiw.png stdout tsv
00:31:23 INFO     command: tesseract --psm 0 -l osd /tmp/tmpbey77fa3.png stdout
00:31:24 INFO     command: tesseract -l por /tmp/tmpbey77fa3.png stdout tsv
00:31:25 INFO     command: tesseract --psm 0 -l osd /tmp/tmph4fv51u_.png stdout
00:31:26 INFO     command: tesseract -l por /tmp/tmph4fv51u_.png stdout tsv
00:31:28 INFO     command: tesseract --psm 0 -l osd /tmp/tmpesgmzsua.png stdout
00:31:30 INFO     command: tesseract -l por /tmp/tmpesgmzsua.png stdout tsv
00:31:40 INFO     command: tesseract --psm 0 -l osd /tmp/tmpyb1vk4h7.png stdout
00:31:41 INFO     command: tesseract -l por /tmp/tmpyb1vk4h7.png stdout tsv
00:31:43 INFO     command: tesseract --psm 0 -l osd /tmp/tmp8lcyw8n9.png stdout
00:31:44 INFO     command: tesseract -l por /tmp/tmp8lcyw8n9.png stdout tsv
00:31:46 INFO     command: tesseract --psm 0 -l osd /tmp/tmpp1ig4fxz.png stdout
00:31:47 INFO     command: tesseract -l por /tmp/tmpp1ig4fxz.png stdout tsv
00:31:49 INFO     command: tesseract --psm 0 -l osd /tmp/tmpk3o_wfs3.png stdout
00:31:50 INFO     command: tesseract -l por /tmp/tmpk3o_wfs3.png stdout tsv
00:31:58 INFO     command: tesseract --psm 0 -l osd /tmp/tmpikchvmv4.png stdout
00:31:59 INFO     command: tesseract -l por /tmp/tmpikchvmv4.png stdout tsv
00:32:07 INFO     Finished converting document iti_doc_diretivo_assinado-1_tarjado.pdf in 56.19 sec.
00:32:07 INFO     [6/7] ✓ ITI       :  14 riscos | 56.2s | ETA ~56s
00:32:07 INFO     [7/7] → sgpr_ptd_2026_2027_docdiretivo_assinado-copia_tarjada.pdf
00:32:07 INFO     detected formats: [<InputFormat.PDF: 'pdf'>]
00:32:07 INFO     Going to convert document batch...
00:32:07 INFO     Processing document sgpr_ptd_2026_2027_docdiretivo_assinado-copia_tarjada.pdf
00:32:27 INFO     Finished converting document sgpr_ptd_2026_2027_docdiretivo_assinado-copia_tarjada.pdf in 19.87 sec.
00:32:27 INFO     [7/7] ✓ SGPR      :  10 riscos | 19.9s | ETA ~0s
00:32:27 INFO     ╔══════════════════════════════════════════════════════════════╗
00:32:27 INFO     ║                   RISCOS — fase concluída                    ║
00:32:27 INFO     ║  Processados: 7     |  ✓ 7  ⚠ 0                              ║
00:32:27 INFO     ║  Duração: 5.9 min                                            ║
00:32:27 INFO     ║  81 riscos | 7 órgãos                                        ║
00:32:27 INFO     ╚══════════════════════════════════════════════════════════════╝
00:32:27 INFO     81 riscos | 0 ações | 135 relações
00:32:27 INFO     ptd_corpus_raw                     : 273 linhas
00:32:27 INFO     ptd_pivot_eixos                    : 7 linhas
00:32:30 INFO     ptd_datas_assinatura               : 132 linhas
00:32:30 INFO     ptd_riscos                         : 81 linhas
00:32:30 INFO     ptd_riscos_acoes                   : 135 linhas
00:32:30 INFO     Manifesto salvo: pipeline_manifest.json | SHA-256 de 132 PDFs
00:32:30 INFO     ==================================================
00:32:30 INFO     PTD-BR v3.0-melhorado — PIPELINE CONCLUÍDO
00:32:30 INFO     ==================================================
00:32:30 INFO     ptd_corpus_raw.csv                        167 KB
00:32:30 INFO     ptd_pivot_eixos.csv                         0 KB
00:32:30 INFO     ptd_datas_assinatura.csv                    9 KB
00:32:30 INFO     ptd_riscos.csv                             23 KB
00:32:30 INFO     ptd_riscos_acoes.csv                        2 KB
00:32:30 INFO     proveniencia.json                           0 KB
00:32:30 INFO     pipeline_manifest.json                     21 KB
00:32:30 INFO     📦 Artefatos: https://github.com/freirelucas/teste/actions/runs/24057374870
00:32:30 INFO     ==================================================
