22:23:41 INFO     Docling disponível
22:23:41 WARNING  OCR fallback indisponível (IndentationError: unexpected indent (ptd_ocr_fallback.py, line 45))
22:23:43 INFO     Ignorado (guia/template/norma): ABNT-NBR-17225-Acessibilidade-Digital.pdf
22:23:43 INFO     Ignorado (guia/template/norma): cgrep-guia10passos-ptd-orgao.pdf
22:23:43 INFO     Ignorado (guia/template/norma): ABNT-NBR-17225-Acessibilidade-Digital.pdf
22:23:43 INFO     Scraping: 132 PDFs únicos | entregas: 68 | diretivos: 61
22:23:43 INFO     Baixando 132 PDFs únicos...
22:23:45 INFO     ✓ [  1/132] abin_ptd_anexo_de_entregas_assinado_pelo_orgao_ass   293.3KB
22:23:50 INFO     ✓ [  2/132] aeb_ptd_2025_2027_docdiretivo_aprovado_assinado-1_  1033.7KB
22:23:53 INFO     ✓ [  3/132] aeb_ptd_2025_2027_anexo_de_entregas_aprovado_assin   154.5KB
22:24:00 INFO     ✓ [  4/132] agu_ptd_2025_2027_docdiretivo_assinado_assinado_as  2860.3KB
22:24:04 INFO     ✓ [  5/132] agu_ptd_2025_2027_anexo_de_entregas_assinado_assin   525.5KB
22:24:06 INFO     ✓ [  6/132] ana_ptd_2025_2027_docdiretivo_assinado_assinado_as   477.2KB
22:24:09 INFO     ✓ [  7/132] ana_ptd_2025_2027_anexoentregas_assinado_assinado_   170.9KB
22:24:13 INFO     ✓ [  8/132] anac_ptd_2025_2026_docdiretivo_se_assinado_tarjado  1036.3KB
22:24:16 INFO     ✓ [  9/132] anac_ptd_2025_2026_anexo_de_entregas_se_assinado.p   215.2KB
22:24:20 INFO     ✓ [ 10/132] anatel_ptd_docdiretivo_assinado_2025_2026_assinado  1006.0KB
22:24:22 INFO     ✓ [ 11/132] anatel_ptd_2025_2026_anexo_de_entregas_do_ptd_publ    71.9KB
22:24:26 INFO     ✓ [ 12/132] ancine_ptd_2024_2026_docdiretivo_assinado-2_assina   961.8KB
22:24:29 INFO     ✓ [ 13/132] ancine_ptd_2024_2026_-_anexo_de_entregas_aprovado_   613.2KB
22:24:33 INFO     ✓ [ 14/132] ptd_aneel_2025-2027_docdiretivo_assinado_tarjado.p   779.6KB
22:24:35 INFO     ✓ [ 15/132] ptd_aneel_2025-2027_anexo_de_entregas_assinado.pdf   111.9KB
22:24:39 INFO     ✓ [ 16/132] anm_ptd_2025_2027_docdiretivo_assinadopeloorgao_ta  1092.5KB
22:24:43 INFO     ✓ [ 17/132] anm_ptd_2025_2027_anexo_entregas_assinadopeloorgao  1140.4KB
22:24:47 INFO     ✓ [ 18/132] anpd_ptd_2025_2027_docdiretivo_assinado_assinado_a  1044.3KB
22:24:49 INFO     ✓ [ 19/132] anpd_ptd_2025_2027_anexo_de_entregas_assinado_assi   166.5KB
22:24:53 INFO     ✓ [ 20/132] ans-plano_de_transformacao_digital_assinado-copia_  1023.4KB
22:24:56 INFO     ✓ [ 21/132] ans_ptd_2025_2026_anexo_de_entregas_assinado_assin   124.1KB
22:25:00 INFO     ✓ [ 22/132] antaq_ptd_2025_2027_docdiretivo_assinado_assinado_  1039.8KB
22:25:02 INFO     ✓ [ 23/132] antaq_ptd_2025_2027_anexoentregas_assinado_assinad   145.1KB
22:25:05 INFO     ✓ [ 24/132] mt_anexo_de_entregas_-_assinado_assinado_assinado_   143.6KB
22:25:16 INFO     ✓ [ 25/132] anvisa_ptd_docdiretivo_2025-2026_assinado_assinado  5771.2KB
22:25:19 INFO     ✓ [ 26/132] anvisa_ptd_anexo_de_entregas_2025_2026_assinado_as   239.0KB
22:25:22 INFO     ✓ [ 27/132] bcb_documento_diretivo_assinado_assinado_assinado-   713.7KB
22:25:25 INFO     ✓ [ 28/132] bcb_anexo_de_entregas_ptd_25_26-1_assinado_assinad   134.8KB
22:25:29 INFO     ✓ [ 29/132] cade_ptd_docdiretivo_2025_2026_assinado-2_assinado   810.4KB
22:25:32 INFO     ✓ [ 30/132] cade_ptd_anexo_de_entregas_2025_2026_assinado_copi   504.0KB
22:25:36 INFO     ✓ [ 31/132] mec_ptd_docdiretivo_2025-2026_sei_mec-5566673_copi   863.1KB
22:25:39 INFO     ✓ [ 32/132] mec_ptd_anexo-de-entregas_sei_mec-5576401_copia_ta   495.7KB
22:25:44 INFO     ✓ [ 33/132] mec_ptd_docdiretivo-versao-comunicacao_copia_tarja  1616.5KB
22:25:48 INFO     ✓ [ 34/132] md_ptd_2026_2027_anexo_de_entregas_assinado_assina   579.4KB
22:25:50 INFO     ✓ [ 35/132] md_ptd_2026_2027_anexo_de_entregas_assinado_assina   186.8KB
22:25:54 INFO     ✓ [ 36/132] md_ptd_temp_copia_tarjada.pdf                        741.9KB
22:25:58 INFO     ✓ [ 37/132] cgu_ptd_docdiretivo_assinado_assinado_assinado-cop  1085.4KB
22:26:03 INFO     ✓ [ 38/132] cgu_ptd_anexo_de_entregas_pactuadas_assinado_assin   514.1KB
22:26:06 INFO     ✓ [ 39/132] cnpq_ptd_2025_2027_docdiretivo_assinado_assinado_a   342.9KB
22:26:09 INFO     ✓ [ 40/132] cnpq_ptd_2025_2027_anexo_de_entregas_assinado_assi   136.1KB
22:26:13 INFO     ✓ [ 41/132] coaf_ptd_2025_2026_documento_diretivo_assinado_ass  1068.0KB
22:26:21 INFO     ✓ [ 42/132] coaf_ptd_2025_2026_anexo_de_entregas-2_assinado_as  3184.5KB
22:26:29 INFO     ✓ [ 43/132] ptd_midr-docdiretivo_aprovado_assinado_tarjado.pdf  3864.1KB
22:26:33 INFO     ✓ [ 44/132] ptd_midr_-_anexo_de_entregas_-_aprovado_assinado.p  1122.0KB
22:26:37 INFO     ✓ [ 45/132] mda-documento-diretivo-assinado_ptd-2025-207-copia   955.8KB
22:26:39 INFO     ✓ [ 46/132] cvm_ptd_2025_2027_docdiretivo_assinado_assinado_as   270.5KB
22:26:42 INFO     ✓ [ 47/132] cvm_ptd_2025_2027_anexoentregas_assinado_assinado_   409.0KB
22:26:46 INFO     ✓ [ 48/132] dnocs_ptd_doc_diretivo_2025_2026_assinado_orgao-2_   891.1KB
22:26:49 INFO     ✓ [ 49/132] dnocs_anexo_de_entregas_repactuado_2025_2026_assin   272.3KB
22:26:56 INFO     ✓ [ 50/132] fbn_ptd_2025_2027_docdiretivo_assinado-1_tarjado.p  2921.6KB
22:26:59 INFO     ✓ [ 51/132] fbn_ptd_2025_2027_anexo_de_entregas_assinado-1.pdf   162.3KB
22:27:04 INFO     ✓ [ 52/132] fcp_ptd_2025_2027_docdiretivo_assinado-1_tarjado.p  1612.0KB
22:27:06 INFO     ✓ [ 53/132] fcp_ptd_2025_2027_anexo_de_entregas_assinado-1.pdf   118.8KB
22:27:10 INFO     ✓ [ 54/132] fcrb_ptd_2025_2026_docdiretivo_aprovado_assinado-1   998.2KB
22:27:13 INFO     ✓ [ 55/132] fcrb_ptd_2025_2026_anexo_de_entregas_aprovado_assi   313.5KB
22:27:17 INFO     ✓ [ 56/132] fiocruz_novo-ptd_2-1_docdiretivo_repactuacao_2024-  1318.1KB
22:27:20 INFO     ✓ [ 57/132] fiocruz_ptd_anexo_de_entregas_assinado_v1_assinado   257.1KB
22:27:25 INFO     ✓ [ 58/132] fiocruz-ptd-06_2024-copia_tarjada.pdf               1693.8KB
22:27:30 INFO     ✓ [ 59/132] funai_ptd_2025_2027_docdiretivo_assinado-1_tarjado  1842.1KB
22:27:33 INFO     ✓ [ 60/132] funai_anexo_de_entregas_repactuado_2026_2027_assin   435.7KB
22:27:37 INFO     ✓ [ 61/132] funarte_ptd_docdiretivo_assinado_21_01_2025_assina   965.7KB
22:27:40 INFO     ✓ [ 62/132] funarte_ptd_anexo_de_entregas_assinado_v1_assinado   683.6KB
22:27:44 INFO     ✓ [ 63/132] fundacentro_ptd_2025_2027_docdiretivo_assinado_ass   826.6KB
22:27:47 INFO     ✓ [ 64/132] fundacentro_ptd_2025_2027_anexo_de_entregas_assina   635.5KB
22:27:51 INFO     ✓ [ 65/132] mma_ptd_docdiretivo_assinado_2025_2026-1_assinado_   949.3KB
22:27:54 INFO     ✓ [ 66/132] mma_ptd_anexo_de_entregas_aprovado_final_assinado_   174.8KB
22:27:58 INFO     ✓ [ 67/132] ibge_docdiretivo_2025_assinado_assinado_assinado-c  1167.3KB
22:28:00 INFO     ✓ [ 68/132] ibge_ptd_25_26_anexo_de_entregas_modelo_v2-1_assin   143.7KB
22:28:14 INFO     ✓ [ 69/132] incra_ptd_docdiretivo__assinado-1_assinado_assinad  7182.0KB
22:28:19 INFO     ✓ [ 70/132] incra_anexo_de_entregas_assinado-1_assinado_assina  1818.6KB
22:28:26 INFO     ✓ [ 71/132] inpi_ptd_docdiretivo_assinado_2025_2026_assinado_a  3322.4KB
22:28:33 INFO     ✓ [ 72/132] inpi_ptd_anexo_de_entregas_assinado_v1_assinado_as  3078.1KB
22:28:37 INFO     ✓ [ 73/132] inss_ptd_2025_2027_docdiretivo-assinado-copia_tarj  1173.3KB
22:28:40 INFO     ✓ [ 74/132] inss_ptd_2025_2027_anexo_de_entregas-assinado-copi   110.8KB
22:28:43 INFO     ✓ [ 75/132] iphan_ptd_docdiretivo_assinado_2025_2026_assinado_   885.7KB
22:28:46 INFO     ✓ [ 76/132] iphan_ptd_anexo_de_entregas_assinado_v1_assinado_a   310.9KB
22:28:56 INFO     ✓ [ 77/132] iti_doc_diretivo_assinado-1_tarjado.pdf             4905.1KB
22:28:59 INFO     ✓ [ 78/132] iti_anexo_de_entregas_assinado.pdf                   556.4KB
22:29:04 INFO     ✓ [ 79/132] mapa_ptd_2025_2027_docdiretivo_assinado-1_tarjado.  1740.9KB
22:29:07 INFO     ✓ [ 80/132] mapa_ptd_2025_2027_anexo_de_entregas_assinado-1.pd   261.9KB
22:29:16 INFO     ✓ [ 81/132] documento-diretivo-mcom-_-ptd-25_27-copia_tarjada.  4451.9KB
22:29:20 INFO     ✓ [ 82/132] anexo-de-entregas-mcom_ptd-25_27-copia_tarjada.pdf  1213.8KB
22:29:27 INFO     ✓ [ 83/132] ptd_21_24_mcom-copia_tarjada.pdf                    3040.7KB
22:29:31 INFO     ✓ [ 84/132] mcti_ptd_2025-2027_docdiretivo_assinado-copia_tarj  1030.7KB
22:29:33 INFO     ✓ [ 85/132] mcti_ptd_2025-2027_anexo-de-entregas_assinado-copi   145.8KB
22:29:36 INFO     ✓ [ 86/132] mda-anexo-entregas-assinado_ptd-2025-2027-copia-ta   284.6KB
22:29:40 INFO     ✓ [ 87/132] mdhc_ptd_2025_2027_docdiretivo_assinado_assinado_a   753.4KB
22:29:42 INFO     ✓ [ 88/132] mdhc_ptd_2025_2027_anexoentregas_assinado_assinado   186.8KB
22:29:45 INFO     ✓ [ 89/132] mdic_ptd_anexo_de_entregas_assinado_v1_assinado_as   176.6KB
22:29:49 INFO     ✓ [ 90/132] memp_ptd_2025_2026_docdiretivo_assinado_assinado_a  1030.1KB
22:29:51 INFO     ✓ [ 91/132] memp_ptd_2025_2026_anexo_de_entregas_assinado_assi   161.5KB
22:29:55 INFO     ✓ [ 92/132] mesp_ptd_2025_2027_docdiretivo_assinado_assinado_2  1147.7KB
22:29:58 INFO     ✓ [ 93/132] mesp_ptd_2025_2027_anexo_de_entregas_assinado_assi   226.6KB
22:30:02 INFO     ✓ [ 94/132] mf_ptd_2026_2027_documentodiretivo_assinado_assina   955.1KB
22:30:05 INFO     ✓ [ 95/132] mf_ptd_2026_2027_anexo_de_entregas_1_mf_se_assinad   241.2KB
22:30:08 INFO     ✓ [ 96/132] mgi_ptd_2025_2027_docdiretivo_assinado_assinado_as   375.2KB
22:30:10 INFO     ✓ [ 97/132] mgi_ptd_2025_2027_anexo_de_entregas_assinado_assin   256.1KB
22:30:14 INFO     ✓ [ 98/132] minc_ptd_2025_2027_docdiretivo_assinado-1_assinado   863.6KB
22:30:17 INFO     ✓ [ 99/132] minc_ptd_2025_2027_anexo_de_entregas_assinado-1_as   276.7KB
22:30:21 INFO     ✓ [100/132] mjsp_ptd_docdiretivo_assinado_2025_2026_assinado_a   954.0KB
22:30:24 INFO     ✓ [101/132] mjsp_ptd_anexo_de_entregas_assinado_v1_assinado_as   253.9KB
22:30:27 INFO     ✓ [102/132] mme_ptd_2025_2027_docdiretivo_assinado-copia_tarja   664.5KB
22:30:29 INFO     ✓ [103/132] mme_ptd_2025_2027_anexo_de_entregas_assinado__1_-c   111.1KB
22:30:33 INFO     ✓ [104/132] mmulheres_ptd_2025_2027_docdiretivo_assinado_assin  1078.3KB
22:30:36 INFO     ✓ [105/132] mmulheres_ptd_2025_2027_anexo_de_entregas_assinado   216.9KB
22:30:40 INFO     ✓ [106/132] mpi_ptd_2025_2027_docdiretivo_ministerio_dos_povos   947.9KB
22:30:42 INFO     ✓ [107/132] mpi_ptd_anexo_de_entregas_do_plano_de_tranformacao   191.9KB
22:30:46 INFO     ✓ [108/132] mpo_ptd_docdiretivo_assinado_2025_2026_assinado_as   806.3KB
22:30:49 INFO     ✓ [109/132] mpo_ptd_anexo_de_entregas_assinado_v1_assinado_ass   323.2KB
22:30:53 INFO     ✓ [110/132] mpor_ptd_2025_2027_docdiretivo_assinado_assinado_a   876.5KB
22:30:56 INFO     ✓ [111/132] mpor_ptd_2025_2027_anexo_de_entregas_assinado_assi   175.1KB
22:31:00 INFO     ✓ [112/132] mps_ptd_2025-2026_docdiretivo_final_assinado-1_ass  1024.4KB
22:31:02 INFO     ✓ [113/132] mps_ptd_2025-2026_anexo_de_entregas_final_assinado   165.0KB
22:31:06 INFO     ✓ [114/132] mre_ptd_docdiretivo_assinado_2025_2026_assinado_as   760.9KB
22:31:08 INFO     ✓ [115/132] mre_ptd_anexo_de_entregas_assinado_v1_assinado_ass   233.2KB
22:31:12 INFO     ✓ [116/132] mte_ptd_2025_2026_docdiretivo_assinado_assinado_as   729.6KB
22:31:15 INFO     ✓ [117/132] mte_ptd_anexo_de_entregas_assinado_v1__281_29_assi   459.5KB
22:31:19 INFO     ✓ [118/132] mtur_ptd_docdiretiv_assinado_30_01_2025_assinado_a  1050.4KB
22:31:21 INFO     ✓ [119/132] mtur_ptd_anexo_de_entregas_assinado_30_01_2025_ass   118.8KB
22:31:25 INFO     ✓ [120/132] pf_ptd_docdiretivo_2025_2027_assinado-copia_tarjad   964.3KB
22:31:27 INFO     ✓ [121/132] pf_ptd_anexo_de_entregas_2025_2027_assinado-copia_    62.5KB
22:31:31 INFO     ✓ [122/132] mf_ptd_2026_2027_anexo_de_entregas_4_mf_pgfn_assin   466.8KB
22:31:43 INFO     ✓ [123/132] previc_plano_de_transformacao_digital_2025_2026_29  6652.7KB
22:31:46 INFO     ✓ [124/132] previc_ptd_repactuacao_2025-2026_assinado_assinado   182.9KB
22:31:49 INFO     ✓ [125/132] prf_documentodiretivo_ptd_2026-2027_assinado_tarja   535.9KB
22:31:51 INFO     ✓ [126/132] prf_anexo_de_entregas_do_ptd__2026_2027___ptd___en   157.7KB
22:31:54 INFO     ✓ [127/132] mf_ptd_2026_2027_anexo_de_entregas_2_mf_rfb_assina   253.7KB
22:31:58 INFO     ✓ [128/132] sgpr_ptd_2026_2027_docdiretivo_assinado-copia_tarj   791.2KB
22:32:01 INFO     ✓ [129/132] sgpr_ptd_2025_2027_anexo_de_entregas_assinado-copi   897.9KB
22:32:04 INFO     ✓ [130/132] mf_ptd_2026_2027_anexo_de_entregas_3_mf_stn_assina   467.8KB
22:32:08 INFO     ✓ [131/132] susep_ptd_2025_2027_docdiretivo-assinado-copia_tar  1030.1KB
22:32:11 INFO     ✓ [132/132] susep_ptd_2025-2026_anexo_de_entregas_final_assina   221.9KB
22:32:12 INFO     132 OK | 0 erros | 123.3 MB total
22:32:17 INFO     Sanity: 132 PDFs | 113 texto | 19 imagem/OCR | 0 duplicatas
22:32:17 INFO     --siglas (debug): 15 PDFs de ['AGU', 'FIOCRUZ', 'FUNAI', 'FUNDACENTRO', 'INCRA', 'ITI', 'MCOM', 'SGPR']
22:32:17 INFO     DocumentConverter instanciado (singleton × 2: plain + OCR)
22:32:17 INFO     [1/15] → agu_ptd_2025_2027_anexo_de_entregas_assinado_assinado_assinado-copia_tarjada.pdf
22:32:17 INFO     detected formats: [<InputFormat.PDF: 'pdf'>]
22:32:17 INFO     Going to convert document batch...
22:32:17 INFO     Initializing pipeline for StandardPdfPipeline with options hash bc6794697da537796efc497178f9263f
22:32:17 INFO     Loading plugin 'docling_defaults'
22:32:17 INFO     Registered picture descriptions: ['picture_description_vlm_engine', 'vlm', 'api']
22:32:17 INFO     Loading plugin 'docling_defaults'
22:32:17 INFO     Registered ocr engines: ['auto', 'easyocr', 'kserve_v2_ocr', 'ocrmac', 'rapidocr', 'tesserocr', 'tesseract']
22:32:17 INFO     command: tesseract --list-langs
22:32:17 INFO     Loading plugin 'docling_defaults'
22:32:17 INFO     Registered layout engines: ['layout_object_detection', 'docling_layout_default', 'docling_experimental_table_crops_layout']
22:32:17 INFO     Accelerator device: 'cpu'
22:32:18 INFO     HTTP Request: GET https://huggingface.co/api/models/docling-project/docling-layout-heron/revision/main "HTTP/1.1 200 OK"
22:32:18 INFO     HTTP Request: HEAD https://huggingface.co/docling-project/docling-layout-heron/resolve/8f39ad3c0b4c58e9c2d2c84a38465abf757272d8/.gitattributes "HTTP/1.1 307 Temporary Redirect"
22:32:18 WARNING  Warning: You are sending unauthenticated requests to the HF Hub. Please set a HF_TOKEN to enable higher rate limits and faster downloads.
22:32:18 INFO     HTTP Request: HEAD https://huggingface.co/api/resolve-cache/models/docling-project/docling-layout-heron/8f39ad3c0b4c58e9c2d2c84a38465abf757272d8/.gitattributes "HTTP/1.1 200 OK"
22:32:18 INFO     HTTP Request: HEAD https://huggingface.co/docling-project/docling-layout-heron/resolve/8f39ad3c0b4c58e9c2d2c84a38465abf757272d8/docling_heron_400.png "HTTP/1.1 307 Temporary Redirect"
22:32:18 INFO     HTTP Request: HEAD https://huggingface.co/docling-project/docling-layout-heron/resolve/8f39ad3c0b4c58e9c2d2c84a38465abf757272d8/config.json "HTTP/1.1 307 Temporary Redirect"
22:32:18 INFO     HTTP Request: GET https://huggingface.co/api/resolve-cache/models/docling-project/docling-layout-heron/8f39ad3c0b4c58e9c2d2c84a38465abf757272d8/.gitattributes "HTTP/1.1 200 OK"
22:32:18 INFO     HTTP Request: HEAD https://huggingface.co/docling-project/docling-layout-heron/resolve/8f39ad3c0b4c58e9c2d2c84a38465abf757272d8/README.md "HTTP/1.1 307 Temporary Redirect"
22:32:18 INFO     HTTP Request: HEAD https://huggingface.co/docling-project/docling-layout-heron/resolve/8f39ad3c0b4c58e9c2d2c84a38465abf757272d8/preprocessor_config.json "HTTP/1.1 307 Temporary Redirect"
22:32:18 INFO     HTTP Request: HEAD https://huggingface.co/docling-project/docling-layout-heron/resolve/8f39ad3c0b4c58e9c2d2c84a38465abf757272d8/model.safetensors "HTTP/1.1 302 Found"
22:32:18 INFO     HTTP Request: HEAD https://huggingface.co/api/resolve-cache/models/docling-project/docling-layout-heron/8f39ad3c0b4c58e9c2d2c84a38465abf757272d8/docling_heron_400.png "HTTP/1.1 200 OK"
22:32:18 INFO     HTTP Request: HEAD https://huggingface.co/api/resolve-cache/models/docling-project/docling-layout-heron/8f39ad3c0b4c58e9c2d2c84a38465abf757272d8/config.json "HTTP/1.1 200 OK"
22:32:18 INFO     HTTP Request: HEAD https://huggingface.co/api/resolve-cache/models/docling-project/docling-layout-heron/8f39ad3c0b4c58e9c2d2c84a38465abf757272d8/README.md "HTTP/1.1 200 OK"
22:32:18 INFO     HTTP Request: HEAD https://huggingface.co/api/resolve-cache/models/docling-project/docling-layout-heron/8f39ad3c0b4c58e9c2d2c84a38465abf757272d8/preprocessor_config.json "HTTP/1.1 200 OK"
22:32:18 INFO     HTTP Request: GET https://huggingface.co/api/resolve-cache/models/docling-project/docling-layout-heron/8f39ad3c0b4c58e9c2d2c84a38465abf757272d8/docling_heron_400.png "HTTP/1.1 200 OK"
22:32:18 INFO     HTTP Request: GET https://huggingface.co/api/resolve-cache/models/docling-project/docling-layout-heron/8f39ad3c0b4c58e9c2d2c84a38465abf757272d8/config.json "HTTP/1.1 200 OK"
22:32:18 INFO     HTTP Request: GET https://huggingface.co/api/resolve-cache/models/docling-project/docling-layout-heron/8f39ad3c0b4c58e9c2d2c84a38465abf757272d8/README.md "HTTP/1.1 200 OK"
22:32:18 INFO     HTTP Request: GET https://huggingface.co/api/resolve-cache/models/docling-project/docling-layout-heron/8f39ad3c0b4c58e9c2d2c84a38465abf757272d8/preprocessor_config.json "HTTP/1.1 200 OK"
22:32:18 INFO     HTTP Request: GET https://huggingface.co/api/models/docling-project/docling-layout-heron/xet-read-token/8f39ad3c0b4c58e9c2d2c84a38465abf757272d8 "HTTP/1.1 200 OK"
22:32:19 INFO     Loading plugin 'docling_defaults'
22:32:19 INFO     Registered table structure engines: ['docling_tableformer', 'docling_tableformer_v2']
22:32:20 INFO     HTTP Request: GET https://huggingface.co/api/models/docling-project/docling-models/revision/v2.3.0 "HTTP/1.1 200 OK"
22:32:20 INFO     HTTP Request: HEAD https://huggingface.co/docling-project/docling-models/resolve/fc0f2d45e2218ea24bce5045f58a389aed16dc23/.gitignore "HTTP/1.1 307 Temporary Redirect"
22:32:20 INFO     HTTP Request: HEAD https://huggingface.co/docling-project/docling-models/resolve/fc0f2d45e2218ea24bce5045f58a389aed16dc23/README.md "HTTP/1.1 307 Temporary Redirect"
22:32:20 INFO     HTTP Request: HEAD https://huggingface.co/docling-project/docling-models/resolve/fc0f2d45e2218ea24bce5045f58a389aed16dc23/config.json "HTTP/1.1 307 Temporary Redirect"
22:32:20 INFO     HTTP Request: HEAD https://huggingface.co/docling-project/docling-models/resolve/fc0f2d45e2218ea24bce5045f58a389aed16dc23/.gitattributes "HTTP/1.1 307 Temporary Redirect"
22:32:20 INFO     HTTP Request: HEAD https://huggingface.co/docling-project/docling-models/resolve/fc0f2d45e2218ea24bce5045f58a389aed16dc23/model_artifacts/tableformer/accurate/tm_config.json "HTTP/1.1 307 Temporary Redirect"
22:32:20 INFO     HTTP Request: HEAD https://huggingface.co/docling-project/docling-models/resolve/fc0f2d45e2218ea24bce5045f58a389aed16dc23/model_artifacts/tableformer/accurate/tableformer_accurate.safetensors "HTTP/1.1 302 Found"
22:32:20 INFO     HTTP Request: HEAD https://huggingface.co/api/resolve-cache/models/docling-project/docling-models/fc0f2d45e2218ea24bce5045f58a389aed16dc23/.gitignore "HTTP/1.1 200 OK"
22:32:20 INFO     HTTP Request: HEAD https://huggingface.co/api/resolve-cache/models/docling-project/docling-models/fc0f2d45e2218ea24bce5045f58a389aed16dc23/README.md "HTTP/1.1 200 OK"
22:32:20 INFO     HTTP Request: HEAD https://huggingface.co/api/resolve-cache/models/docling-project/docling-models/fc0f2d45e2218ea24bce5045f58a389aed16dc23/config.json "HTTP/1.1 200 OK"
22:32:20 INFO     HTTP Request: HEAD https://huggingface.co/api/resolve-cache/models/docling-project/docling-models/fc0f2d45e2218ea24bce5045f58a389aed16dc23/.gitattributes "HTTP/1.1 200 OK"
22:32:20 INFO     HTTP Request: HEAD https://huggingface.co/api/resolve-cache/models/docling-project/docling-models/fc0f2d45e2218ea24bce5045f58a389aed16dc23/model_artifacts%2Ftableformer%2Faccurate%2Ftm_config.json "HTTP/1.1 200 OK"
22:32:20 INFO     HTTP Request: GET https://huggingface.co/api/resolve-cache/models/docling-project/docling-models/fc0f2d45e2218ea24bce5045f58a389aed16dc23/.gitignore "HTTP/1.1 200 OK"
22:32:20 INFO     HTTP Request: GET https://huggingface.co/api/resolve-cache/models/docling-project/docling-models/fc0f2d45e2218ea24bce5045f58a389aed16dc23/README.md "HTTP/1.1 200 OK"
22:32:20 INFO     HTTP Request: HEAD https://huggingface.co/docling-project/docling-models/resolve/fc0f2d45e2218ea24bce5045f58a389aed16dc23/model_artifacts/tableformer/fast/tableformer_fast.safetensors "HTTP/1.1 302 Found"
22:32:20 INFO     HTTP Request: HEAD https://huggingface.co/docling-project/docling-models/resolve/fc0f2d45e2218ea24bce5045f58a389aed16dc23/model_artifacts/tableformer/fast/tm_config.json "HTTP/1.1 307 Temporary Redirect"
22:32:20 INFO     HTTP Request: GET https://huggingface.co/api/resolve-cache/models/docling-project/docling-models/fc0f2d45e2218ea24bce5045f58a389aed16dc23/config.json "HTTP/1.1 200 OK"
22:32:20 INFO     HTTP Request: GET https://huggingface.co/api/resolve-cache/models/docling-project/docling-models/fc0f2d45e2218ea24bce5045f58a389aed16dc23/.gitattributes "HTTP/1.1 200 OK"
22:32:20 INFO     HTTP Request: GET https://huggingface.co/api/resolve-cache/models/docling-project/docling-models/fc0f2d45e2218ea24bce5045f58a389aed16dc23/model_artifacts%2Ftableformer%2Faccurate%2Ftm_config.json "HTTP/1.1 200 OK"
22:32:20 INFO     HTTP Request: HEAD https://huggingface.co/api/resolve-cache/models/docling-project/docling-models/fc0f2d45e2218ea24bce5045f58a389aed16dc23/model_artifacts%2Ftableformer%2Ffast%2Ftm_config.json "HTTP/1.1 200 OK"
22:32:20 INFO     HTTP Request: GET https://huggingface.co/api/resolve-cache/models/docling-project/docling-models/fc0f2d45e2218ea24bce5045f58a389aed16dc23/model_artifacts%2Ftableformer%2Ffast%2Ftm_config.json "HTTP/1.1 200 OK"
22:32:20 INFO     HTTP Request: GET https://huggingface.co/api/models/docling-project/docling-models/xet-read-token/fc0f2d45e2218ea24bce5045f58a389aed16dc23 "HTTP/1.1 200 OK"
22:32:20 INFO     HTTP Request: GET https://huggingface.co/api/models/docling-project/docling-models/xet-read-token/fc0f2d45e2218ea24bce5045f58a389aed16dc23 "HTTP/1.1 200 OK"
22:32:21 INFO     Accelerator device: 'cpu'
22:32:21 INFO     Processing document agu_ptd_2025_2027_anexo_de_entregas_assinado_assinado_assinado-copia_tarjada.pdf
22:32:22 INFO     command: tesseract --psm 0 -l osd /tmp/tmp_as2ho4o.png stdout
22:32:23 INFO     command: tesseract -l por /tmp/tmp_as2ho4o.png stdout tsv
22:32:26 INFO     command: tesseract --psm 0 -l osd /tmp/tmpdhvt_fys.png stdout
22:32:27 INFO     command: tesseract -l por /tmp/tmpdhvt_fys.png stdout tsv
22:32:40 INFO     Finished converting document agu_ptd_2025_2027_anexo_de_entregas_assinado_assinado_assinado-copia_tarjada.pdf in 22.67 sec.
22:32:40 INFO       pixel_budget (Docling) agu_ptd_2025_2027_anexo_de_entregas_assinado_assinado_assinado-copia_tarjada.pdf: 45.8% (área tabelas/1001817 px²)
22:32:40 INFO     [1/15] ✓ AGU       :   33 entregas | 22.7s | ETA ~5min
22:32:40 INFO     [2/15] → agu_ptd_2025_2027_docdiretivo_assinado_assinado_assinado-copia_tarjada.pdf
22:32:40 INFO     detected formats: [<InputFormat.PDF: 'pdf'>]
22:32:40 INFO     Going to convert document batch...
22:32:40 INFO     Processing document agu_ptd_2025_2027_docdiretivo_assinado_assinado_assinado-copia_tarjada.pdf
22:32:41 INFO     command: tesseract --psm 0 -l osd /tmp/tmp87rts1um.png stdout
22:32:41 INFO     command: tesseract -l por /tmp/tmp87rts1um.png stdout tsv
22:32:43 INFO     command: tesseract --psm 0 -l osd /tmp/tmp5t_gb5wx.png stdout
22:32:45 INFO     command: tesseract -l por /tmp/tmp5t_gb5wx.png stdout tsv
22:32:46 INFO     command: tesseract --psm 0 -l osd /tmp/tmpc_h8iya4.png stdout
22:32:47 INFO     command: tesseract -l por /tmp/tmpc_h8iya4.png stdout tsv
22:32:49 INFO     command: tesseract --psm 0 -l osd /tmp/tmp2ewtrsjh.png stdout
22:32:50 INFO     command: tesseract -l por /tmp/tmp2ewtrsjh.png stdout tsv
22:32:52 INFO     command: tesseract --psm 0 -l osd /tmp/tmpcxjwuvu2.png stdout
22:32:53 INFO     command: tesseract -l por /tmp/tmpcxjwuvu2.png stdout tsv
22:32:55 INFO     command: tesseract --psm 0 -l osd /tmp/tmp4tpv3mvx.png stdout
22:32:57 INFO     command: tesseract -l por /tmp/tmp4tpv3mvx.png stdout tsv
22:33:07 INFO     command: tesseract --psm 0 -l osd /tmp/tmpxy10h88k.png stdout
22:33:08 INFO     command: tesseract -l por /tmp/tmpxy10h88k.png stdout tsv
22:33:10 INFO     command: tesseract --psm 0 -l osd /tmp/tmpl7eb1ju5.png stdout
22:33:11 INFO     command: tesseract -l por /tmp/tmpl7eb1ju5.png stdout tsv
22:33:13 INFO     command: tesseract --psm 0 -l osd /tmp/tmp1ldscn8o.png stdout
22:33:14 INFO     command: tesseract -l por /tmp/tmp1ldscn8o.png stdout tsv
22:33:16 INFO     command: tesseract --psm 0 -l osd /tmp/tmpjqok5lfu.png stdout
22:33:18 INFO     command: tesseract -l por /tmp/tmpjqok5lfu.png stdout tsv
22:33:28 INFO     command: tesseract --psm 0 -l osd /tmp/tmpdgdfxo_f.png stdout
22:33:30 INFO     command: tesseract -l por /tmp/tmpdgdfxo_f.png stdout tsv
22:33:33 INFO     Finished converting document agu_ptd_2025_2027_docdiretivo_assinado_assinado_assinado-copia_tarjada.pdf in 52.51 sec.
22:33:33 INFO       pixel_budget (Docling) agu_ptd_2025_2027_docdiretivo_assinado_assinado_assinado-copia_tarjada.pdf: 2.1% (área tabelas/5513330 px²)
22:33:33 INFO     [2/15] ✓ AGU       :    6 entregas | 52.5s | ETA ~8min
22:33:33 INFO     [3/15] → anexo-de-entregas-mcom_ptd-25_27-copia_tarjada.pdf
22:33:33 INFO     detected formats: [<InputFormat.PDF: 'pdf'>]
22:33:33 INFO     Going to convert document batch...
22:33:33 INFO     Processing document anexo-de-entregas-mcom_ptd-25_27-copia_tarjada.pdf
22:33:34 INFO     command: tesseract --psm 0 -l osd /tmp/tmps98p4eb0.png stdout
22:33:34 INFO     command: tesseract -l por /tmp/tmps98p4eb0.png stdout tsv
22:33:37 INFO     command: tesseract --psm 0 -l osd /tmp/tmpjr8jhpgt.png stdout
22:33:39 INFO     command: tesseract -l por /tmp/tmpjr8jhpgt.png stdout tsv
22:33:51 INFO     command: tesseract --psm 0 -l osd /tmp/tmpqpb9n_v_.png stdout
22:33:52 INFO     command: tesseract -l por /tmp/tmpqpb9n_v_.png stdout tsv
22:34:05 INFO     Finished converting document anexo-de-entregas-mcom_ptd-25_27-copia_tarjada.pdf in 32.85 sec.
22:34:05 INFO       pixel_budget (Docling) anexo-de-entregas-mcom_ptd-25_27-copia_tarjada.pdf: 55.2% (área tabelas/1503636 px²)
22:34:05 INFO     [3/15] ✓ MCOM      :   55 entregas | 32.9s | ETA ~7min
22:34:05 INFO     [4/15] → documento-diretivo-mcom-_-ptd-25_27-copia_tarjada.pdf
22:34:05 INFO     detected formats: [<InputFormat.PDF: 'pdf'>]
22:34:05 INFO     Going to convert document batch...
22:34:05 INFO     Processing document documento-diretivo-mcom-_-ptd-25_27-copia_tarjada.pdf
22:34:06 INFO     command: tesseract --psm 0 -l osd /tmp/tmponfa5u89.png stdout
22:34:07 INFO     command: tesseract -l por /tmp/tmponfa5u89.png stdout tsv
22:34:09 INFO     command: tesseract --psm 0 -l osd /tmp/tmpn9qj3kgf.png stdout
22:34:11 INFO     command: tesseract -l por /tmp/tmpn9qj3kgf.png stdout tsv
22:34:14 INFO     command: tesseract --psm 0 -l osd /tmp/tmp28funvm3.png stdout
22:34:15 INFO     command: tesseract -l por /tmp/tmp28funvm3.png stdout tsv
22:34:16 INFO     command: tesseract --psm 0 -l osd /tmp/tmp73f10g6s.png stdout
22:34:17 INFO     command: tesseract -l por /tmp/tmp73f10g6s.png stdout tsv
22:34:19 INFO     command: tesseract --psm 0 -l osd /tmp/tmp5by25t3c.png stdout
22:34:20 INFO     command: tesseract -l por /tmp/tmp5by25t3c.png stdout tsv
22:34:22 INFO     command: tesseract --psm 0 -l osd /tmp/tmpfiao6_fu.png stdout
22:34:24 INFO     command: tesseract -l por /tmp/tmpfiao6_fu.png stdout tsv
22:34:35 INFO     command: tesseract --psm 0 -l osd /tmp/tmp3otr_eyb.png stdout
22:34:37 INFO     command: tesseract -l por /tmp/tmp3otr_eyb.png stdout tsv
22:34:39 INFO     command: tesseract --psm 0 -l osd /tmp/tmpkkqde33b.png stdout
22:34:40 INFO     command: tesseract -l por /tmp/tmpkkqde33b.png stdout tsv
22:34:42 INFO     command: tesseract --psm 0 -l osd /tmp/tmp2smtrtsh.png stdout
22:34:43 INFO     command: tesseract -l por /tmp/tmp2smtrtsh.png stdout tsv
22:34:45 INFO     command: tesseract --psm 0 -l osd /tmp/tmpw1bdztd6.png stdout
22:34:47 INFO     command: tesseract -l por /tmp/tmpw1bdztd6.png stdout tsv
22:34:52 INFO     command: tesseract --psm 0 -l osd /tmp/tmp_fe1y4p9.png stdout
22:34:53 INFO     command: tesseract -l por /tmp/tmp_fe1y4p9.png stdout tsv
22:34:57 INFO     command: tesseract --psm 0 -l osd /tmp/tmp20mik7k7.png stdout
22:34:58 INFO     command: tesseract -l por /tmp/tmp20mik7k7.png stdout tsv
22:34:59 INFO     command: tesseract --psm 0 -l osd /tmp/tmp799ouirv.png stdout
22:35:00 INFO     command: tesseract -l por /tmp/tmp799ouirv.png stdout tsv
22:35:02 INFO     command: tesseract --psm 0 -l osd /tmp/tmp_mn1bnd5.png stdout
22:35:03 INFO     command: tesseract -l por /tmp/tmp_mn1bnd5.png stdout tsv
22:35:08 INFO     Finished converting document documento-diretivo-mcom-_-ptd-25_27-copia_tarjada.pdf in 62.16 sec.
22:35:08 INFO       pixel_budget (Docling) documento-diretivo-mcom-_-ptd-25_27-copia_tarjada.pdf: 10.8% (área tabelas/7016966 px²)
22:35:08 INFO     [4/15] ✓ MCOM      :    3 entregas | 62.2s | ETA ~7min
22:35:08 INFO     [5/15] → fiocruz-ptd-06_2024-copia_tarjada.pdf
22:35:08 INFO     detected formats: [<InputFormat.PDF: 'pdf'>]
22:35:08 INFO     Going to convert document batch...
22:35:08 INFO     Initializing pipeline for StandardPdfPipeline with options hash d18651824ca6fe56cf3ccb20424ac2c8
22:35:08 INFO     Accelerator device: 'cpu'
22:35:08 INFO     HTTP Request: GET https://huggingface.co/api/models/docling-project/docling-layout-heron/revision/main "HTTP/1.1 200 OK"
22:35:08 INFO     HTTP Request: GET https://huggingface.co/api/models/docling-project/docling-models/revision/v2.3.0 "HTTP/1.1 200 OK"
22:35:08 INFO     Accelerator device: 'cpu'
22:35:09 INFO     Processing document fiocruz-ptd-06_2024-copia_tarjada.pdf
22:36:00 INFO     Finished converting document fiocruz-ptd-06_2024-copia_tarjada.pdf in 52.25 sec.
22:36:00 INFO       pixel_budget (Docling) fiocruz-ptd-06_2024-copia_tarjada.pdf: 36.4% (área tabelas/7518178 px²)
22:36:00 INFO     [5/15] ✓ FIOCRUZ   :    1 entregas | 52.3s | ETA ~7min
22:36:00 INFO     [6/15] → fiocruz_novo-ptd_2-1_docdiretivo_repactuacao_2024-2026_assinado_assinado-copia_tarjada.pdf
22:36:00 INFO     detected formats: [<InputFormat.PDF: 'pdf'>]
22:36:00 INFO     Going to convert document batch...
22:36:00 INFO     Processing document fiocruz_novo-ptd_2-1_docdiretivo_repactuacao_2024-2026_assinado_assinado-copia_tarjada.pdf
22:36:15 INFO     Finished converting document fiocruz_novo-ptd_2-1_docdiretivo_repactuacao_2024-2026_assinado_assinado-copia_tarjada.pdf in 14.80 sec.
22:36:15 INFO       pixel_budget (Docling) fiocruz_novo-ptd_2-1_docdiretivo_repactuacao_2024-2026_assinado_assinado-copia_tarjada.pdf: 11.3% (área tabelas/5012118 px²)
22:36:15 INFO     [6/15] ✓ FIOCRUZ   :    5 entregas | 14.8s | ETA ~5min
22:36:15 INFO     [7/15] → fiocruz_ptd_anexo_de_entregas_assinado_v1_assinado_assinado-1-copia_tarjada.pdf
22:36:15 INFO     detected formats: [<InputFormat.PDF: 'pdf'>]
22:36:15 INFO     Going to convert document batch...
22:36:15 INFO     Processing document fiocruz_ptd_anexo_de_entregas_assinado_v1_assinado_assinado-1-copia_tarjada.pdf
22:36:36 INFO     Finished converting document fiocruz_ptd_anexo_de_entregas_assinado_v1_assinado_assinado-1-copia_tarjada.pdf in 21.46 sec.
22:36:36 INFO       pixel_budget (Docling) fiocruz_ptd_anexo_de_entregas_assinado_v1_assinado_assinado-1-copia_tarjada.pdf: 54.7% (área tabelas/2004847 px²)
22:36:36 INFO     [7/15] ✓ FIOCRUZ   :   61 entregas | 21.5s | ETA ~4min
22:36:36 INFO     [8/15] → funai_anexo_de_entregas_repactuado_2026_2027_assinado_assinado_assinado.pdf
22:36:36 INFO     detected formats: [<InputFormat.PDF: 'pdf'>]
22:36:36 INFO     Going to convert document batch...
22:36:36 INFO     Processing document funai_anexo_de_entregas_repactuado_2026_2027_assinado_assinado_assinado.pdf
22:36:37 INFO     command: tesseract --psm 0 -l osd /tmp/tmp8vhqvq3p.png stdout
22:36:38 INFO     command: tesseract -l por /tmp/tmp8vhqvq3p.png stdout tsv
22:36:47 INFO     Finished converting document funai_anexo_de_entregas_repactuado_2026_2027_assinado_assinado_assinado.pdf in 11.28 sec.
22:36:47 INFO       pixel_budget (Docling) funai_anexo_de_entregas_repactuado_2026_2027_assinado_assinado_assinado.pdf: 49.8% (área tabelas/501212 px²)
22:36:47 INFO     [8/15] ✓ FUNAI     :   21 entregas | 11.3s | ETA ~3min
22:36:47 INFO     [9/15] → funai_ptd_2025_2027_docdiretivo_assinado-1_tarjado.pdf
22:36:47 INFO     detected formats: [<InputFormat.PDF: 'pdf'>]
22:36:47 INFO     Going to convert document batch...
22:36:47 INFO     Processing document funai_ptd_2025_2027_docdiretivo_assinado-1_tarjado.pdf
22:36:49 INFO     command: tesseract --psm 0 -l osd /tmp/tmpe_x_h_tk.png stdout
22:36:49 INFO     command: tesseract -l por /tmp/tmpe_x_h_tk.png stdout tsv
22:36:51 INFO     command: tesseract --psm 0 -l osd /tmp/tmpsu58z2ri.png stdout
22:36:52 INFO     command: tesseract -l por /tmp/tmpsu58z2ri.png stdout tsv
22:36:54 INFO     command: tesseract --psm 0 -l osd /tmp/tmp0szdxq7i.png stdout
22:36:55 INFO     command: tesseract -l por /tmp/tmp0szdxq7i.png stdout tsv
22:36:57 INFO     command: tesseract --psm 0 -l osd /tmp/tmphob8rtzv.png stdout
22:36:57 INFO     command: tesseract -l por /tmp/tmphob8rtzv.png stdout tsv
22:36:59 INFO     command: tesseract --psm 0 -l osd /tmp/tmphhb19oyu.png stdout
22:37:00 INFO     command: tesseract -l por /tmp/tmphhb19oyu.png stdout tsv
22:37:02 INFO     command: tesseract --psm 0 -l osd /tmp/tmp6y845wpl.png stdout
22:37:04 INFO     command: tesseract -l por /tmp/tmp6y845wpl.png stdout tsv
22:37:13 INFO     command: tesseract --psm 0 -l osd /tmp/tmp7mus15nd.png stdout
22:37:14 INFO     command: tesseract -l por /tmp/tmp7mus15nd.png stdout tsv
22:37:15 INFO     command: tesseract --psm 0 -l osd /tmp/tmpshjn09_2.png stdout
22:37:16 INFO     command: tesseract -l por /tmp/tmpshjn09_2.png stdout tsv
22:37:17 INFO     command: tesseract --psm 0 -l osd /tmp/tmppbjolsck.png stdout
22:37:18 INFO     command: tesseract -l por /tmp/tmppbjolsck.png stdout tsv
22:37:20 INFO     command: tesseract --psm 0 -l osd /tmp/tmpmm2pf30x.png stdout
22:37:21 INFO     command: tesseract -l por /tmp/tmpmm2pf30x.png stdout tsv
22:37:41 INFO     command: tesseract --psm 0 -l osd /tmp/tmpp3tmkc4z.png stdout
22:37:41 INFO     command: tesseract -l por /tmp/tmpp3tmkc4z.png stdout tsv
22:37:43 INFO     command: tesseract --psm 0 -l osd /tmp/tmpljt2o0xn.png stdout
22:37:44 INFO     command: tesseract -l por /tmp/tmpljt2o0xn.png stdout tsv
22:37:46 INFO     command: tesseract --psm 0 -l osd /tmp/tmp5mv0xs8n.png stdout
22:37:47 INFO     command: tesseract -l por /tmp/tmp5mv0xs8n.png stdout tsv
22:37:52 INFO     Finished converting document funai_ptd_2025_2027_docdiretivo_assinado-1_tarjado.pdf in 64.39 sec.
22:37:52 INFO       pixel_budget (Docling) funai_ptd_2025_2027_docdiretivo_assinado-1_tarjado.pdf: 16.4% (área tabelas/6515754 px²)
22:37:52 INFO     [9/15] ✓ FUNAI     :    8 entregas | 64.4s | ETA ~3min
22:37:52 INFO     [10/15] → incra_anexo_de_entregas_assinado-1_assinado_assinado-copia_tarjada.pdf
22:37:52 INFO     detected formats: [<InputFormat.PDF: 'pdf'>]
22:37:52 INFO     Going to convert document batch...
22:37:52 INFO     Processing document incra_anexo_de_entregas_assinado-1_assinado_assinado-copia_tarjada.pdf
22:37:53 INFO     command: tesseract --psm 0 -l osd /tmp/tmpz_pftt0d.png stdout
22:37:54 INFO     command: tesseract -l por /tmp/tmpz_pftt0d.png stdout tsv
22:37:57 INFO     command: tesseract --psm 0 -l osd /tmp/tmpq8w7gz84.png stdout
22:37:59 INFO     command: tesseract -l por /tmp/tmpq8w7gz84.png stdout tsv
22:38:03 INFO     command: tesseract --psm 0 -l osd /tmp/tmpqbs2v59s.png stdout
22:38:04 INFO     command: tesseract -l por /tmp/tmpqbs2v59s.png stdout tsv
22:38:06 INFO     command: tesseract --psm 0 -l osd /tmp/tmpx7ouz81n.png stdout
22:38:07 INFO     command: tesseract -l por /tmp/tmpx7ouz81n.png stdout tsv
22:38:09 INFO     command: tesseract --psm 0 -l osd /tmp/tmp9dejfz52.png stdout
22:38:10 INFO     command: tesseract -l por /tmp/tmp9dejfz52.png stdout tsv
22:39:05 INFO     Finished converting document incra_anexo_de_entregas_assinado-1_assinado_assinado-copia_tarjada.pdf in 73.05 sec.
22:39:05 INFO       pixel_budget (Docling) incra_anexo_de_entregas_assinado-1_assinado_assinado-copia_tarjada.pdf: 30.0% (área tabelas/2423520 px²)
22:39:05 INFO     [10/15] ✓ INCRA     :   10 entregas | 73.1s | ETA ~3min
22:39:05 INFO     [11/15] → incra_ptd_docdiretivo__assinado-1_assinado_assinado-copia_tarjada.pdf
22:39:05 INFO     detected formats: [<InputFormat.PDF: 'pdf'>]
22:39:05 INFO     Going to convert document batch...
22:39:05 INFO     Processing document incra_ptd_docdiretivo__assinado-1_assinado_assinado-copia_tarjada.pdf
22:39:06 INFO     command: tesseract --psm 0 -l osd /tmp/tmpsdzxd_l_.png stdout
22:39:07 INFO     command: tesseract -l por /tmp/tmpsdzxd_l_.png stdout tsv
22:39:09 INFO     command: tesseract --psm 0 -l osd /tmp/tmpgkb3z4r2.png stdout
22:39:11 INFO     command: tesseract -l por /tmp/tmpgkb3z4r2.png stdout tsv
22:39:14 INFO     command: tesseract --psm 0 -l osd /tmp/tmpa382r10t.png stdout
22:39:15 INFO     command: tesseract -l por /tmp/tmpa382r10t.png stdout tsv
22:39:17 INFO     command: tesseract --psm 0 -l osd /tmp/tmpo5fwfvmh.png stdout
22:39:17 INFO     command: tesseract -l por /tmp/tmpo5fwfvmh.png stdout tsv
22:39:19 INFO     command: tesseract --psm 0 -l osd /tmp/tmp9ogw_3dc.png stdout
22:39:20 INFO     command: tesseract -l por /tmp/tmp9ogw_3dc.png stdout tsv
22:39:22 INFO     command: tesseract --psm 0 -l osd /tmp/tmpmk7jd6l8.png stdout
22:39:24 INFO     command: tesseract -l por /tmp/tmpmk7jd6l8.png stdout tsv
22:39:38 INFO     command: tesseract --psm 0 -l osd /tmp/tmpuezw1m43.png stdout
22:39:39 INFO     command: tesseract -l por /tmp/tmpuezw1m43.png stdout tsv
22:39:40 INFO     command: tesseract --psm 0 -l osd /tmp/tmpmy5lcj6n.png stdout
22:39:41 INFO     command: tesseract -l por /tmp/tmpmy5lcj6n.png stdout tsv
22:39:43 INFO     command: tesseract --psm 0 -l osd /tmp/tmppf9anvk1.png stdout
22:39:44 INFO     command: tesseract -l por /tmp/tmppf9anvk1.png stdout tsv
22:39:46 INFO     command: tesseract --psm 0 -l osd /tmp/tmpl3b40rhp.png stdout
22:39:47 INFO     command: tesseract -l por /tmp/tmpl3b40rhp.png stdout tsv
22:39:55 INFO     command: tesseract --psm 0 -l osd /tmp/tmpk7_d2bm8.png stdout
22:39:56 INFO     command: tesseract -l por /tmp/tmpk7_d2bm8.png stdout tsv
22:40:03 INFO     command: tesseract --psm 0 -l osd /tmp/tmpsquyaof6.png stdout
22:40:04 INFO     command: tesseract -l por /tmp/tmpsquyaof6.png stdout tsv
22:40:06 INFO     command: tesseract --psm 0 -l osd /tmp/tmp3whelv0o.png stdout
22:40:06 INFO     command: tesseract -l por /tmp/tmp3whelv0o.png stdout tsv
22:40:13 INFO     Finished converting document incra_ptd_docdiretivo__assinado-1_assinado_assinado-copia_tarjada.pdf in 67.74 sec.
22:40:13 INFO       pixel_budget (Docling) incra_ptd_docdiretivo__assinado-1_assinado_assinado-copia_tarjada.pdf: 20.2% (área tabelas/6515754 px²)
22:40:13 INFO     [11/15] ✓ INCRA     :   11 entregas | 67.8s | ETA ~2min
22:40:13 INFO     [12/15] → iti_anexo_de_entregas_assinado.pdf
22:40:13 INFO     detected formats: [<InputFormat.PDF: 'pdf'>]
22:40:13 INFO     Going to convert document batch...
22:40:13 INFO     Processing document iti_anexo_de_entregas_assinado.pdf
22:40:13 INFO     command: tesseract --psm 0 -l osd /tmp/tmp4dy0_zbp.png stdout
22:40:15 INFO     command: tesseract -l por /tmp/tmp4dy0_zbp.png stdout tsv
22:40:26 INFO     Finished converting document iti_anexo_de_entregas_assinado.pdf in 12.98 sec.
22:40:26 INFO       pixel_budget (Docling) iti_anexo_de_entregas_assinado.pdf: 57.2% (área tabelas/501212 px²)
22:40:26 INFO     [12/15] ✓ ITI       :   31 entregas | 13.0s | ETA ~2min
22:40:26 INFO     [13/15] → iti_doc_diretivo_assinado-1_tarjado.pdf
22:40:26 INFO     detected formats: [<InputFormat.PDF: 'pdf'>]
22:40:26 INFO     Going to convert document batch...
22:40:26 INFO     Processing document iti_doc_diretivo_assinado-1_tarjado.pdf
22:40:26 INFO     command: tesseract --psm 0 -l osd /tmp/tmpid1byqlo.png stdout
22:40:27 INFO     command: tesseract -l por /tmp/tmpid1byqlo.png stdout tsv
22:40:29 INFO     command: tesseract --psm 0 -l osd /tmp/tmprtftythv.png stdout
22:40:31 INFO     command: tesseract -l por /tmp/tmprtftythv.png stdout tsv
22:40:33 INFO     command: tesseract --psm 0 -l osd /tmp/tmpj8plkky5.png stdout
22:40:33 INFO     command: tesseract -l por /tmp/tmpj8plkky5.png stdout tsv
22:40:35 INFO     command: tesseract --psm 0 -l osd /tmp/tmps3f5_7eu.png stdout
22:40:36 INFO     command: tesseract -l por /tmp/tmps3f5_7eu.png stdout tsv
22:40:38 INFO     command: tesseract --psm 0 -l osd /tmp/tmpsu39jc3m.png stdout
22:40:39 INFO     command: tesseract -l por /tmp/tmpsu39jc3m.png stdout tsv
22:40:41 INFO     command: tesseract --psm 0 -l osd /tmp/tmpsap0x0hg.png stdout
22:40:43 INFO     command: tesseract -l por /tmp/tmpsap0x0hg.png stdout tsv
22:40:56 INFO     command: tesseract --psm 0 -l osd /tmp/tmp89wd9ywo.png stdout
22:40:57 INFO     command: tesseract -l por /tmp/tmp89wd9ywo.png stdout tsv
22:40:59 INFO     command: tesseract --psm 0 -l osd /tmp/tmpe3gje_ng.png stdout
22:41:00 INFO     command: tesseract -l por /tmp/tmpe3gje_ng.png stdout tsv
22:41:03 INFO     command: tesseract --psm 0 -l osd /tmp/tmp4yvr0lbi.png stdout
22:41:04 INFO     command: tesseract -l por /tmp/tmp4yvr0lbi.png stdout tsv
22:41:06 INFO     command: tesseract --psm 0 -l osd /tmp/tmp1ual4nkb.png stdout
22:41:07 INFO     command: tesseract -l por /tmp/tmp1ual4nkb.png stdout tsv
22:41:16 INFO     command: tesseract --psm 0 -l osd /tmp/tmpet7jylcl.png stdout
22:41:17 INFO     command: tesseract -l por /tmp/tmpet7jylcl.png stdout tsv
22:41:22 INFO     Finished converting document iti_doc_diretivo_assinado-1_tarjado.pdf in 56.20 sec.
22:41:22 INFO       pixel_budget (Docling) iti_doc_diretivo_assinado-1_tarjado.pdf: 8.0% (área tabelas/5516339 px²)
22:41:22 INFO     [13/15] ✓ ITI       :    9 entregas | 56.2s | ETA ~84s
22:41:22 INFO     [14/15] → sgpr_ptd_2025_2027_anexo_de_entregas_assinado-copia_tarjada.pdf
22:41:22 INFO     detected formats: [<InputFormat.PDF: 'pdf'>]
22:41:22 INFO     Going to convert document batch...
22:41:22 INFO     Processing document sgpr_ptd_2025_2027_anexo_de_entregas_assinado-copia_tarjada.pdf
22:41:23 INFO     command: tesseract --psm 0 -l osd /tmp/tmp60w84mf6.png stdout
22:41:24 INFO     command: tesseract -l por /tmp/tmp60w84mf6.png stdout tsv
22:41:27 INFO     command: tesseract --psm 0 -l osd /tmp/tmpkwf3iv8y.png stdout
22:41:28 INFO     command: tesseract -l por /tmp/tmpkwf3iv8y.png stdout tsv
22:41:37 INFO     Finished converting document sgpr_ptd_2025_2027_anexo_de_entregas_assinado-copia_tarjada.pdf in 15.58 sec.
22:41:37 INFO       pixel_budget (Docling) sgpr_ptd_2025_2027_anexo_de_entregas_assinado-copia_tarjada.pdf: 29.5% (área tabelas/1002424 px²)
22:41:37 INFO     [14/15] ✓ SGPR      :   15 entregas | 15.6s | ETA ~40s
22:41:38 INFO     [15/15] → sgpr_ptd_2026_2027_docdiretivo_assinado-copia_tarjada.pdf
22:41:38 INFO     detected formats: [<InputFormat.PDF: 'pdf'>]
22:41:38 INFO     Going to convert document batch...
22:41:38 INFO     Processing document sgpr_ptd_2026_2027_docdiretivo_assinado-copia_tarjada.pdf
22:41:54 INFO     Finished converting document sgpr_ptd_2026_2027_docdiretivo_assinado-copia_tarjada.pdf in 16.12 sec.
22:41:54 INFO       pixel_budget (Docling) sgpr_ptd_2026_2027_docdiretivo_assinado-copia_tarjada.pdf: 8.2% (área tabelas/5513330 px²)
22:41:54 INFO     [15/15] ✓ SGPR      :    4 entregas | 16.1s | ETA ~0s
22:41:54 INFO     273 registros | 7 órgãos
22:41:54 INFO     ╔══════════════════════════════════════════════════════════════╗
22:41:54 INFO     ║                  ENTREGAS — fase concluída                   ║
22:41:54 INFO     ║  Processados: 15    |  ✓ 15  ⚠ 0                             ║
22:41:54 INFO     ║  Duração: 9.6 min                                            ║
22:41:54 INFO     ║  273 registros | 7 órgãos                                    ║
22:41:54 INFO     ╚══════════════════════════════════════════════════════════════╝
22:41:54 INFO     [1/7] → agu_ptd_2025_2027_docdiretivo_assinado_assinado_assinado-copia_tarjada.pdf
22:41:54 INFO     detected formats: [<InputFormat.PDF: 'pdf'>]
22:41:54 INFO     Going to convert document batch...
22:41:54 INFO     Processing document agu_ptd_2025_2027_docdiretivo_assinado_assinado_assinado-copia_tarjada.pdf
22:41:54 INFO     command: tesseract --psm 0 -l osd /tmp/tmp9kgdrp84.png stdout
22:41:55 INFO     command: tesseract -l por /tmp/tmp9kgdrp84.png stdout tsv
22:41:57 INFO     command: tesseract --psm 0 -l osd /tmp/tmpjhyndmmh.png stdout
22:41:58 INFO     command: tesseract -l por /tmp/tmpjhyndmmh.png stdout tsv
22:42:00 INFO     command: tesseract --psm 0 -l osd /tmp/tmphltgaqdb.png stdout
22:42:01 INFO     command: tesseract -l por /tmp/tmphltgaqdb.png stdout tsv
22:42:03 INFO     command: tesseract --psm 0 -l osd /tmp/tmpiolmzy54.png stdout
22:42:04 INFO     command: tesseract -l por /tmp/tmpiolmzy54.png stdout tsv
22:42:06 INFO     command: tesseract --psm 0 -l osd /tmp/tmpc34xdfuh.png stdout
22:42:07 INFO     command: tesseract -l por /tmp/tmpc34xdfuh.png stdout tsv
22:42:09 INFO     command: tesseract --psm 0 -l osd /tmp/tmpcjfcvyio.png stdout
22:42:10 INFO     command: tesseract -l por /tmp/tmpcjfcvyio.png stdout tsv
22:42:19 INFO     command: tesseract --psm 0 -l osd /tmp/tmp3ngkg5kl.png stdout
22:42:19 INFO     command: tesseract -l por /tmp/tmp3ngkg5kl.png stdout tsv
22:42:22 INFO     command: tesseract --psm 0 -l osd /tmp/tmpehtmf0t2.png stdout
22:42:22 INFO     command: tesseract -l por /tmp/tmpehtmf0t2.png stdout tsv
22:42:25 INFO     command: tesseract --psm 0 -l osd /tmp/tmp4ej3eb1b.png stdout
22:42:26 INFO     command: tesseract -l por /tmp/tmp4ej3eb1b.png stdout tsv
22:42:28 INFO     command: tesseract --psm 0 -l osd /tmp/tmpp8whtoec.png stdout
22:42:29 INFO     command: tesseract -l por /tmp/tmpp8whtoec.png stdout tsv
22:42:45 INFO     command: tesseract --psm 0 -l osd /tmp/tmpl_ate62o.png stdout
22:42:46 INFO     command: tesseract -l por /tmp/tmpl_ate62o.png stdout tsv
22:42:49 INFO     Finished converting document agu_ptd_2025_2027_docdiretivo_assinado_assinado_assinado-copia_tarjada.pdf in 55.31 sec.
22:42:49 INFO     [1/7] ✓ AGU       :   7 riscos | 55.3s | ETA ~5min
22:42:49 INFO     [2/7] → documento-diretivo-mcom-_-ptd-25_27-copia_tarjada.pdf
22:42:49 INFO     detected formats: [<InputFormat.PDF: 'pdf'>]
22:42:49 INFO     Going to convert document batch...
22:42:49 INFO     Processing document documento-diretivo-mcom-_-ptd-25_27-copia_tarjada.pdf
22:42:49 INFO     command: tesseract --psm 0 -l osd /tmp/tmpiywlomae.png stdout
22:42:50 INFO     command: tesseract -l por /tmp/tmpiywlomae.png stdout tsv
22:42:52 INFO     command: tesseract --psm 0 -l osd /tmp/tmpvqubw0jb.png stdout
22:42:54 INFO     command: tesseract -l por /tmp/tmpvqubw0jb.png stdout tsv
22:42:59 INFO     command: tesseract --psm 0 -l osd /tmp/tmpqraw4k_9.png stdout
22:43:00 INFO     command: tesseract -l por /tmp/tmpqraw4k_9.png stdout tsv
22:43:01 INFO     command: tesseract --psm 0 -l osd /tmp/tmpdk6k6th4.png stdout
22:43:01 INFO     command: tesseract -l por /tmp/tmpdk6k6th4.png stdout tsv
22:43:03 INFO     command: tesseract --psm 0 -l osd /tmp/tmp9lupf4ad.png stdout
22:43:04 INFO     command: tesseract -l por /tmp/tmp9lupf4ad.png stdout tsv
22:43:07 INFO     command: tesseract --psm 0 -l osd /tmp/tmpkeyttovd.png stdout
22:43:08 INFO     command: tesseract -l por /tmp/tmpkeyttovd.png stdout tsv
22:43:22 INFO     command: tesseract --psm 0 -l osd /tmp/tmpgek751tb.png stdout
22:43:24 INFO     command: tesseract -l por /tmp/tmpgek751tb.png stdout tsv
22:43:25 INFO     command: tesseract --psm 0 -l osd /tmp/tmp_fsq_9zf.png stdout
22:43:26 INFO     command: tesseract -l por /tmp/tmp_fsq_9zf.png stdout tsv
22:43:28 INFO     command: tesseract --psm 0 -l osd /tmp/tmp6zn91tom.png stdout
22:43:29 INFO     command: tesseract -l por /tmp/tmp6zn91tom.png stdout tsv
22:43:31 INFO     command: tesseract --psm 0 -l osd /tmp/tmprjls3gkr.png stdout
22:43:33 INFO     command: tesseract -l por /tmp/tmprjls3gkr.png stdout tsv
22:43:38 INFO     command: tesseract --psm 0 -l osd /tmp/tmpfcjd7yw7.png stdout
22:43:39 INFO     command: tesseract -l por /tmp/tmpfcjd7yw7.png stdout tsv
22:43:43 INFO     command: tesseract --psm 0 -l osd /tmp/tmp7lefwdrh.png stdout
22:43:44 INFO     command: tesseract -l por /tmp/tmp7lefwdrh.png stdout tsv
22:43:46 INFO     command: tesseract --psm 0 -l osd /tmp/tmprq7jl_nm.png stdout
22:43:47 INFO     command: tesseract -l por /tmp/tmprq7jl_nm.png stdout tsv
22:43:49 INFO     command: tesseract --psm 0 -l osd /tmp/tmpjphf_ws0.png stdout
22:43:50 INFO     command: tesseract -l por /tmp/tmpjphf_ws0.png stdout tsv
22:43:55 INFO     Finished converting document documento-diretivo-mcom-_-ptd-25_27-copia_tarjada.pdf in 66.20 sec.
22:43:55 INFO     [2/7] ✓ MCOM      :  14 riscos | 66.2s | ETA ~5min
22:43:55 INFO     [3/7] → fiocruz_novo-ptd_2-1_docdiretivo_repactuacao_2024-2026_assinado_assinado-copia_tarjada.pdf
22:43:55 INFO     detected formats: [<InputFormat.PDF: 'pdf'>]
22:43:55 INFO     Going to convert document batch...
22:43:55 INFO     Processing document fiocruz_novo-ptd_2-1_docdiretivo_repactuacao_2024-2026_assinado_assinado-copia_tarjada.pdf
22:44:10 INFO     Finished converting document fiocruz_novo-ptd_2-1_docdiretivo_repactuacao_2024-2026_assinado_assinado-copia_tarjada.pdf in 14.91 sec.
22:44:10 INFO     [3/7] ✓ FIOCRUZ   :   6 riscos | 14.9s | ETA ~3min
22:44:10 INFO     [4/7] → funai_ptd_2025_2027_docdiretivo_assinado-1_tarjado.pdf
22:44:10 INFO     detected formats: [<InputFormat.PDF: 'pdf'>]
22:44:10 INFO     Going to convert document batch...
22:44:10 INFO     Processing document funai_ptd_2025_2027_docdiretivo_assinado-1_tarjado.pdf
22:44:11 INFO     command: tesseract --psm 0 -l osd /tmp/tmpdsz08kkv.png stdout
22:44:12 INFO     command: tesseract -l por /tmp/tmpdsz08kkv.png stdout tsv
22:44:13 INFO     command: tesseract --psm 0 -l osd /tmp/tmp_prozwm6.png stdout
22:44:15 INFO     command: tesseract -l por /tmp/tmp_prozwm6.png stdout tsv
22:44:17 INFO     command: tesseract --psm 0 -l osd /tmp/tmp29yk69nj.png stdout
22:44:17 INFO     command: tesseract -l por /tmp/tmp29yk69nj.png stdout tsv
22:44:19 INFO     command: tesseract --psm 0 -l osd /tmp/tmpukt4299d.png stdout
22:44:20 INFO     command: tesseract -l por /tmp/tmpukt4299d.png stdout tsv
22:44:22 INFO     command: tesseract --psm 0 -l osd /tmp/tmp242r2xmf.png stdout
22:44:23 INFO     command: tesseract -l por /tmp/tmp242r2xmf.png stdout tsv
22:44:25 INFO     command: tesseract --psm 0 -l osd /tmp/tmpp4zyx_mt.png stdout
22:44:27 INFO     command: tesseract -l por /tmp/tmpp4zyx_mt.png stdout tsv
22:44:37 INFO     command: tesseract --psm 0 -l osd /tmp/tmp8v689fol.png stdout
22:44:38 INFO     command: tesseract -l por /tmp/tmp8v689fol.png stdout tsv
22:44:39 INFO     command: tesseract --psm 0 -l osd /tmp/tmp8s3ddjtb.png stdout
22:44:40 INFO     command: tesseract -l por /tmp/tmp8s3ddjtb.png stdout tsv
22:44:42 INFO     command: tesseract --psm 0 -l osd /tmp/tmpfc4vemvv.png stdout
22:44:43 INFO     command: tesseract -l por /tmp/tmpfc4vemvv.png stdout tsv
22:44:44 INFO     command: tesseract --psm 0 -l osd /tmp/tmpqem4jzi5.png stdout
22:44:46 INFO     command: tesseract -l por /tmp/tmpqem4jzi5.png stdout tsv
22:45:02 INFO     command: tesseract --psm 0 -l osd /tmp/tmpicknt0gc.png stdout
22:45:03 INFO     command: tesseract -l por /tmp/tmpicknt0gc.png stdout tsv
22:45:08 INFO     command: tesseract --psm 0 -l osd /tmp/tmpg50_8wxr.png stdout
22:45:09 INFO     command: tesseract -l por /tmp/tmpg50_8wxr.png stdout tsv
22:45:11 INFO     command: tesseract --psm 0 -l osd /tmp/tmpxq5rgct9.png stdout
22:45:11 INFO     command: tesseract -l por /tmp/tmpxq5rgct9.png stdout tsv
22:45:16 INFO     Finished converting document funai_ptd_2025_2027_docdiretivo_assinado-1_tarjado.pdf in 66.35 sec.
22:45:16 INFO     [4/7] ✓ FUNAI     :  15 riscos | 66.4s | ETA ~2min
22:45:16 INFO     [5/7] → incra_ptd_docdiretivo__assinado-1_assinado_assinado-copia_tarjada.pdf
22:45:16 INFO     detected formats: [<InputFormat.PDF: 'pdf'>]
22:45:16 INFO     Going to convert document batch...
22:45:16 INFO     Processing document incra_ptd_docdiretivo__assinado-1_assinado_assinado-copia_tarjada.pdf
22:45:18 INFO     command: tesseract --psm 0 -l osd /tmp/tmpy_jjji91.png stdout
22:45:18 INFO     command: tesseract -l por /tmp/tmpy_jjji91.png stdout tsv
22:45:20 INFO     command: tesseract --psm 0 -l osd /tmp/tmp7pexno0n.png stdout
22:45:22 INFO     command: tesseract -l por /tmp/tmp7pexno0n.png stdout tsv
22:45:27 INFO     command: tesseract --psm 0 -l osd /tmp/tmpw05sp80g.png stdout
22:45:28 INFO     command: tesseract -l por /tmp/tmpw05sp80g.png stdout tsv
22:45:30 INFO     command: tesseract --psm 0 -l osd /tmp/tmpb01t9qm2.png stdout
22:45:31 INFO     command: tesseract -l por /tmp/tmpb01t9qm2.png stdout tsv
22:45:33 INFO     command: tesseract --psm 0 -l osd /tmp/tmpd_iqlphm.png stdout
22:45:34 INFO     command: tesseract -l por /tmp/tmpd_iqlphm.png stdout tsv
22:45:36 INFO     command: tesseract --psm 0 -l osd /tmp/tmpdsfb29d7.png stdout
22:45:37 INFO     command: tesseract -l por /tmp/tmpdsfb29d7.png stdout tsv
22:45:54 INFO     command: tesseract --psm 0 -l osd /tmp/tmph1g6d_i1.png stdout
22:45:55 INFO     command: tesseract -l por /tmp/tmph1g6d_i1.png stdout tsv
22:45:57 INFO     command: tesseract --psm 0 -l osd /tmp/tmpnejthrhw.png stdout
22:45:58 INFO     command: tesseract -l por /tmp/tmpnejthrhw.png stdout tsv
22:45:59 INFO     command: tesseract --psm 0 -l osd /tmp/tmp9ua54dw9.png stdout
22:46:00 INFO     command: tesseract -l por /tmp/tmp9ua54dw9.png stdout tsv
22:46:02 INFO     command: tesseract --psm 0 -l osd /tmp/tmpm73oosaz.png stdout
22:46:04 INFO     command: tesseract -l por /tmp/tmpm73oosaz.png stdout tsv
22:46:08 INFO     command: tesseract --psm 0 -l osd /tmp/tmpy4h_w97x.png stdout
22:46:10 INFO     command: tesseract -l por /tmp/tmpy4h_w97x.png stdout tsv
22:46:16 INFO     command: tesseract --psm 0 -l osd /tmp/tmpownqpzzr.png stdout
22:46:17 INFO     command: tesseract -l por /tmp/tmpownqpzzr.png stdout tsv
22:46:20 INFO     command: tesseract --psm 0 -l osd /tmp/tmp7jijpej2.png stdout
22:46:21 INFO     command: tesseract -l por /tmp/tmp7jijpej2.png stdout tsv
22:46:27 INFO     Finished converting document incra_ptd_docdiretivo__assinado-1_assinado_assinado-copia_tarjada.pdf in 70.58 sec.
22:46:27 INFO     [5/7] ✓ INCRA     :  15 riscos | 70.6s | ETA ~1min
22:46:27 INFO     [6/7] → iti_doc_diretivo_assinado-1_tarjado.pdf
22:46:27 INFO     detected formats: [<InputFormat.PDF: 'pdf'>]
22:46:27 INFO     Going to convert document batch...
22:46:27 INFO     Processing document iti_doc_diretivo_assinado-1_tarjado.pdf
22:46:28 INFO     command: tesseract --psm 0 -l osd /tmp/tmpgq_90bep.png stdout
22:46:28 INFO     command: tesseract -l por /tmp/tmpgq_90bep.png stdout tsv
22:46:30 INFO     command: tesseract --psm 0 -l osd /tmp/tmpgg38jmzm.png stdout
22:46:32 INFO     command: tesseract -l por /tmp/tmpgg38jmzm.png stdout tsv
22:46:34 INFO     command: tesseract --psm 0 -l osd /tmp/tmpff_164eh.png stdout
22:46:35 INFO     command: tesseract -l por /tmp/tmpff_164eh.png stdout tsv
22:46:37 INFO     command: tesseract --psm 0 -l osd /tmp/tmp8iezr6l7.png stdout
22:46:38 INFO     command: tesseract -l por /tmp/tmp8iezr6l7.png stdout tsv
22:46:39 INFO     command: tesseract --psm 0 -l osd /tmp/tmpuaxrnv0v.png stdout
22:46:40 INFO     command: tesseract -l por /tmp/tmpuaxrnv0v.png stdout tsv
22:46:43 INFO     command: tesseract --psm 0 -l osd /tmp/tmpw9vqy04h.png stdout
22:46:44 INFO     command: tesseract -l por /tmp/tmpw9vqy04h.png stdout tsv
22:46:58 INFO     command: tesseract --psm 0 -l osd /tmp/tmpyvix23oo.png stdout
22:47:00 INFO     command: tesseract -l por /tmp/tmpyvix23oo.png stdout tsv
22:47:02 INFO     command: tesseract --psm 0 -l osd /tmp/tmpcbekv9gh.png stdout
22:47:02 INFO     command: tesseract -l por /tmp/tmpcbekv9gh.png stdout tsv
22:47:05 INFO     command: tesseract --psm 0 -l osd /tmp/tmp5a_1df38.png stdout
22:47:06 INFO     command: tesseract -l por /tmp/tmp5a_1df38.png stdout tsv
22:47:08 INFO     command: tesseract --psm 0 -l osd /tmp/tmpf06gg7mj.png stdout
22:47:09 INFO     command: tesseract -l por /tmp/tmpf06gg7mj.png stdout tsv
22:47:16 INFO     command: tesseract --psm 0 -l osd /tmp/tmpg7zbhqj8.png stdout
22:47:17 INFO     command: tesseract -l por /tmp/tmpg7zbhqj8.png stdout tsv
22:47:23 INFO     Finished converting document iti_doc_diretivo_assinado-1_tarjado.pdf in 56.17 sec.
22:47:23 INFO     [6/7] ✓ ITI       :  14 riscos | 56.2s | ETA ~55s
22:47:23 INFO     [7/7] → sgpr_ptd_2026_2027_docdiretivo_assinado-copia_tarjada.pdf
22:47:23 INFO     detected formats: [<InputFormat.PDF: 'pdf'>]
22:47:23 INFO     Going to convert document batch...
22:47:23 INFO     Processing document sgpr_ptd_2026_2027_docdiretivo_assinado-copia_tarjada.pdf
22:47:40 INFO     Finished converting document sgpr_ptd_2026_2027_docdiretivo_assinado-copia_tarjada.pdf in 16.44 sec.
22:47:40 INFO     [7/7] ✓ SGPR      :  10 riscos | 16.5s | ETA ~0s
22:47:40 INFO     ╔══════════════════════════════════════════════════════════════╗
22:47:40 INFO     ║                   RISCOS — fase concluída                    ║
22:47:40 INFO     ║  Processados: 7     |  ✓ 7  ⚠ 0                              ║
22:47:40 INFO     ║  Duração: 5.8 min                                            ║
22:47:40 INFO     ║  81 riscos | 7 órgãos                                        ║
22:47:40 INFO     ╚══════════════════════════════════════════════════════════════╝
22:47:40 INFO     81 riscos | 0 ações | 135 relações
22:47:40 INFO     ptd_corpus_raw                     : 273 linhas
22:47:40 INFO     ptd_pivot_eixos                    : 7 linhas
22:47:43 INFO     ptd_datas_assinatura               : 132 linhas
22:47:43 INFO     ptd_riscos                         : 81 linhas
22:47:43 INFO     ptd_riscos_acoes                   : 135 linhas
22:47:43 INFO     Manifesto salvo: pipeline_manifest.json | SHA-256 de 132 PDFs
22:47:43 INFO     ==================================================
22:47:43 INFO     PTD-BR v3.0-melhorado — PIPELINE CONCLUÍDO
22:47:43 INFO     ==================================================
22:47:43 INFO     ptd_corpus_raw.csv                        167 KB
22:47:43 INFO     ptd_pivot_eixos.csv                         0 KB
22:47:43 INFO     ptd_datas_assinatura.csv                    9 KB
22:47:43 INFO     ptd_riscos.csv                             23 KB
22:47:43 INFO     ptd_riscos_acoes.csv                        2 KB
22:47:43 INFO     proveniencia.json                           0 KB
22:47:43 INFO     pipeline_manifest.json                     21 KB
22:47:43 INFO     📦 Artefatos: https://github.com/freirelucas/teste/actions/runs/24054108596
22:47:43 INFO     ==================================================
