19:03:36 INFO     Docling disponível
19:03:36 WARNING  OCR fallback indisponível (IndentationError: unexpected indent (ptd_ocr_fallback.py, line 45))
19:03:37 INFO     Ignorado (guia/template/norma): ABNT-NBR-17225-Acessibilidade-Digital.pdf
19:03:37 INFO     Ignorado (guia/template/norma): cgrep-guia10passos-ptd-orgao.pdf
19:03:37 INFO     Ignorado (guia/template/norma): ABNT-NBR-17225-Acessibilidade-Digital.pdf
19:03:37 INFO     Scraping: 132 PDFs únicos | entregas: 68 | diretivos: 61
19:03:37 INFO     Baixando 132 PDFs únicos...
19:03:39 INFO     ✓ [  1/132] abin_ptd_anexo_de_entregas_assinado_pelo_orgao_ass   293.3KB
19:03:43 INFO     ✓ [  2/132] aeb_ptd_2025_2027_docdiretivo_aprovado_assinado-1_  1033.7KB
19:03:45 INFO     ✓ [  3/132] aeb_ptd_2025_2027_anexo_de_entregas_aprovado_assin   154.5KB
19:03:50 INFO     ✓ [  4/132] agu_ptd_2025_2027_docdiretivo_assinado_assinado_as  2860.3KB
19:03:53 INFO     ✓ [  5/132] agu_ptd_2025_2027_anexo_de_entregas_assinado_assin   525.5KB
19:03:56 INFO     ✓ [  6/132] ana_ptd_2025_2027_docdiretivo_assinado_assinado_as   477.2KB
19:03:58 INFO     ✓ [  7/132] ana_ptd_2025_2027_anexoentregas_assinado_assinado_   170.9KB
19:04:02 INFO     ✓ [  8/132] anac_ptd_2025_2026_docdiretivo_se_assinado_tarjado  1036.3KB
19:04:04 INFO     ✓ [  9/132] anac_ptd_2025_2026_anexo_de_entregas_se_assinado.p   215.2KB
19:04:07 INFO     ✓ [ 10/132] anatel_ptd_docdiretivo_assinado_2025_2026_assinado  1006.0KB
19:04:09 INFO     ✓ [ 11/132] anatel_ptd_2025_2026_anexo_de_entregas_do_ptd_publ    71.9KB
19:04:13 INFO     ✓ [ 12/132] ancine_ptd_2024_2026_docdiretivo_assinado-2_assina   961.8KB
19:04:16 INFO     ✓ [ 13/132] ancine_ptd_2024_2026_-_anexo_de_entregas_aprovado_   613.2KB
19:04:19 INFO     ✓ [ 14/132] ptd_aneel_2025-2027_docdiretivo_assinado_tarjado.p   779.6KB
19:04:21 INFO     ✓ [ 15/132] ptd_aneel_2025-2027_anexo_de_entregas_assinado.pdf   111.9KB
19:04:24 INFO     ✓ [ 16/132] anm_ptd_2025_2027_docdiretivo_assinadopeloorgao_ta  1092.5KB
19:04:28 INFO     ✓ [ 17/132] anm_ptd_2025_2027_anexo_entregas_assinadopeloorgao  1140.4KB
19:04:31 INFO     ✓ [ 18/132] anpd_ptd_2025_2027_docdiretivo_assinado_assinado_a  1044.3KB
19:04:33 INFO     ✓ [ 19/132] anpd_ptd_2025_2027_anexo_de_entregas_assinado_assi   166.5KB
19:04:36 INFO     ✓ [ 20/132] ans-plano_de_transformacao_digital_assinado-copia_  1023.4KB
19:04:39 INFO     ✓ [ 21/132] ans_ptd_2025_2026_anexo_de_entregas_assinado_assin   124.1KB
19:04:42 INFO     ✓ [ 22/132] antaq_ptd_2025_2027_docdiretivo_assinado_assinado_  1039.8KB
19:04:44 INFO     ✓ [ 23/132] antaq_ptd_2025_2027_anexoentregas_assinado_assinad   145.1KB
19:04:46 INFO     ✓ [ 24/132] mt_anexo_de_entregas_-_assinado_assinado_assinado_   143.6KB
19:04:55 INFO     ✓ [ 25/132] anvisa_ptd_docdiretivo_2025-2026_assinado_assinado  5771.2KB
19:04:58 INFO     ✓ [ 26/132] anvisa_ptd_anexo_de_entregas_2025_2026_assinado_as   239.0KB
19:05:01 INFO     ✓ [ 27/132] bcb_documento_diretivo_assinado_assinado_assinado-   713.7KB
19:05:03 INFO     ✓ [ 28/132] bcb_anexo_de_entregas_ptd_25_26-1_assinado_assinad   134.8KB
19:05:06 INFO     ✓ [ 29/132] cade_ptd_docdiretivo_2025_2026_assinado-2_assinado   810.4KB
19:05:09 INFO     ✓ [ 30/132] cade_ptd_anexo_de_entregas_2025_2026_assinado_copi   504.0KB
19:05:12 INFO     ✓ [ 31/132] mec_ptd_docdiretivo_2025-2026_sei_mec-5566673_copi   863.1KB
19:05:15 INFO     ✓ [ 32/132] mec_ptd_anexo-de-entregas_sei_mec-5576401_copia_ta   495.7KB
19:05:19 INFO     ✓ [ 33/132] mec_ptd_docdiretivo-versao-comunicacao_copia_tarja  1616.5KB
19:05:21 INFO     ✓ [ 34/132] md_ptd_2026_2027_anexo_de_entregas_assinado_assina   579.4KB
19:05:24 INFO     ✓ [ 35/132] md_ptd_2026_2027_anexo_de_entregas_assinado_assina   186.8KB
19:05:27 INFO     ✓ [ 36/132] md_ptd_temp_copia_tarjada.pdf                        741.9KB
19:05:30 INFO     ✓ [ 37/132] cgu_ptd_docdiretivo_assinado_assinado_assinado-cop  1085.4KB
19:05:33 INFO     ✓ [ 38/132] cgu_ptd_anexo_de_entregas_pactuadas_assinado_assin   514.1KB
19:05:35 INFO     ✓ [ 39/132] cnpq_ptd_2025_2027_docdiretivo_assinado_assinado_a   342.9KB
19:05:38 INFO     ✓ [ 40/132] cnpq_ptd_2025_2027_anexo_de_entregas_assinado_assi   136.1KB
19:05:41 INFO     ✓ [ 41/132] coaf_ptd_2025_2026_documento_diretivo_assinado_ass  1068.0KB
19:05:47 INFO     ✓ [ 42/132] coaf_ptd_2025_2026_anexo_de_entregas-2_assinado_as  3184.5KB
19:05:53 INFO     ✓ [ 43/132] ptd_midr-docdiretivo_aprovado_assinado_tarjado.pdf  3864.1KB
19:05:57 INFO     ✓ [ 44/132] ptd_midr_-_anexo_de_entregas_-_aprovado_assinado.p  1122.0KB
19:06:00 INFO     ✓ [ 45/132] mda-documento-diretivo-assinado_ptd-2025-207-copia   955.8KB
19:06:02 INFO     ✓ [ 46/132] cvm_ptd_2025_2027_docdiretivo_assinado_assinado_as   270.5KB
19:06:05 INFO     ✓ [ 47/132] cvm_ptd_2025_2027_anexoentregas_assinado_assinado_   409.0KB
19:06:08 INFO     ✓ [ 48/132] dnocs_ptd_doc_diretivo_2025_2026_assinado_orgao-2_   891.1KB
19:06:10 INFO     ✓ [ 49/132] dnocs_anexo_de_entregas_repactuado_2025_2026_assin   272.3KB
19:06:16 INFO     ✓ [ 50/132] fbn_ptd_2025_2027_docdiretivo_assinado-1_tarjado.p  2921.6KB
19:06:18 INFO     ✓ [ 51/132] fbn_ptd_2025_2027_anexo_de_entregas_assinado-1.pdf   162.3KB
19:06:22 INFO     ✓ [ 52/132] fcp_ptd_2025_2027_docdiretivo_assinado-1_tarjado.p  1612.0KB
19:06:24 INFO     ✓ [ 53/132] fcp_ptd_2025_2027_anexo_de_entregas_assinado-1.pdf   118.8KB
19:06:28 INFO     ✓ [ 54/132] fcrb_ptd_2025_2026_docdiretivo_aprovado_assinado-1   998.2KB
19:06:30 INFO     ✓ [ 55/132] fcrb_ptd_2025_2026_anexo_de_entregas_aprovado_assi   313.5KB
19:06:34 INFO     ✓ [ 56/132] fiocruz_novo-ptd_2-1_docdiretivo_repactuacao_2024-  1318.1KB
19:06:36 INFO     ✓ [ 57/132] fiocruz_ptd_anexo_de_entregas_assinado_v1_assinado   257.1KB
19:06:40 INFO     ✓ [ 58/132] fiocruz-ptd-06_2024-copia_tarjada.pdf               1693.8KB
19:06:45 INFO     ✓ [ 59/132] funai_ptd_2025_2027_docdiretivo_assinado-1_tarjado  1842.1KB
19:06:47 INFO     ✓ [ 60/132] funai_anexo_de_entregas_repactuado_2026_2027_assin   435.7KB
19:06:50 INFO     ✓ [ 61/132] funarte_ptd_docdiretivo_assinado_21_01_2025_assina   965.7KB
19:06:53 INFO     ✓ [ 62/132] funarte_ptd_anexo_de_entregas_assinado_v1_assinado   683.6KB
19:06:56 INFO     ✓ [ 63/132] fundacentro_ptd_2025_2027_docdiretivo_assinado_ass   826.6KB
19:06:59 INFO     ✓ [ 64/132] fundacentro_ptd_2025_2027_anexo_de_entregas_assina   635.5KB
19:07:03 INFO     ✓ [ 65/132] mma_ptd_docdiretivo_assinado_2025_2026-1_assinado_   949.3KB
19:07:05 INFO     ✓ [ 66/132] mma_ptd_anexo_de_entregas_aprovado_final_assinado_   174.8KB
19:07:09 INFO     ✓ [ 67/132] ibge_docdiretivo_2025_assinado_assinado_assinado-c  1167.3KB
19:07:11 INFO     ✓ [ 68/132] ibge_ptd_25_26_anexo_de_entregas_modelo_v2-1_assin   143.7KB
19:07:21 INFO     ✓ [ 69/132] incra_ptd_docdiretivo__assinado-1_assinado_assinad  7182.0KB
19:07:25 INFO     ✓ [ 70/132] incra_anexo_de_entregas_assinado-1_assinado_assina  1818.6KB
19:07:31 INFO     ✓ [ 71/132] inpi_ptd_docdiretivo_assinado_2025_2026_assinado_a  3322.4KB
19:07:37 INFO     ✓ [ 72/132] inpi_ptd_anexo_de_entregas_assinado_v1_assinado_as  3078.1KB
19:07:40 INFO     ✓ [ 73/132] inss_ptd_2025_2027_docdiretivo-assinado-copia_tarj  1173.3KB
19:07:42 INFO     ✓ [ 74/132] inss_ptd_2025_2027_anexo_de_entregas-assinado-copi   110.8KB
19:07:46 INFO     ✓ [ 75/132] iphan_ptd_docdiretivo_assinado_2025_2026_assinado_   885.7KB
19:07:48 INFO     ✓ [ 76/132] iphan_ptd_anexo_de_entregas_assinado_v1_assinado_a   310.9KB
19:07:56 INFO     ✓ [ 77/132] iti_doc_diretivo_assinado-1_tarjado.pdf             4905.1KB
19:07:59 INFO     ✓ [ 78/132] iti_anexo_de_entregas_assinado.pdf                   556.4KB
19:08:03 INFO     ✓ [ 79/132] mapa_ptd_2025_2027_docdiretivo_assinado-1_tarjado.  1740.9KB
19:08:06 INFO     ✓ [ 80/132] mapa_ptd_2025_2027_anexo_de_entregas_assinado-1.pd   261.9KB
19:08:13 INFO     ✓ [ 81/132] documento-diretivo-mcom-_-ptd-25_27-copia_tarjada.  4451.9KB
19:08:16 INFO     ✓ [ 82/132] anexo-de-entregas-mcom_ptd-25_27-copia_tarjada.pdf  1213.8KB
19:08:22 INFO     ✓ [ 83/132] ptd_21_24_mcom-copia_tarjada.pdf                    3040.7KB
19:08:25 INFO     ✓ [ 84/132] mcti_ptd_2025-2027_docdiretivo_assinado-copia_tarj  1030.7KB
19:08:28 INFO     ✓ [ 85/132] mcti_ptd_2025-2027_anexo-de-entregas_assinado-copi   145.8KB
19:08:30 INFO     ✓ [ 86/132] mda-anexo-entregas-assinado_ptd-2025-2027-copia-ta   284.6KB
19:08:33 INFO     ✓ [ 87/132] mdhc_ptd_2025_2027_docdiretivo_assinado_assinado_a   753.4KB
19:08:35 INFO     ✓ [ 88/132] mdhc_ptd_2025_2027_anexoentregas_assinado_assinado   186.8KB
19:08:38 INFO     ✓ [ 89/132] mdic_ptd_anexo_de_entregas_assinado_v1_assinado_as   176.6KB
19:08:41 INFO     ✓ [ 90/132] memp_ptd_2025_2026_docdiretivo_assinado_assinado_a  1030.1KB
19:08:43 INFO     ✓ [ 91/132] memp_ptd_2025_2026_anexo_de_entregas_assinado_assi   161.5KB
19:08:47 INFO     ✓ [ 92/132] mesp_ptd_2025_2027_docdiretivo_assinado_assinado_2  1147.7KB
19:08:49 INFO     ✓ [ 93/132] mesp_ptd_2025_2027_anexo_de_entregas_assinado_assi   226.6KB
19:08:53 INFO     ✓ [ 94/132] mf_ptd_2026_2027_documentodiretivo_assinado_assina   955.1KB
19:08:55 INFO     ✓ [ 95/132] mf_ptd_2026_2027_anexo_de_entregas_1_mf_se_assinad   241.2KB
19:08:58 INFO     ✓ [ 96/132] mgi_ptd_2025_2027_docdiretivo_assinado_assinado_as   375.2KB
19:09:00 INFO     ✓ [ 97/132] mgi_ptd_2025_2027_anexo_de_entregas_assinado_assin   256.1KB
19:09:04 INFO     ✓ [ 98/132] minc_ptd_2025_2027_docdiretivo_assinado-1_assinado   863.6KB
19:09:06 INFO     ✓ [ 99/132] minc_ptd_2025_2027_anexo_de_entregas_assinado-1_as   276.7KB
19:09:10 INFO     ✓ [100/132] mjsp_ptd_docdiretivo_assinado_2025_2026_assinado_a   954.0KB
19:09:12 INFO     ✓ [101/132] mjsp_ptd_anexo_de_entregas_assinado_v1_assinado_as   253.9KB
19:09:15 INFO     ✓ [102/132] mme_ptd_2025_2027_docdiretivo_assinado-copia_tarja   664.5KB
19:09:17 INFO     ✓ [103/132] mme_ptd_2025_2027_anexo_de_entregas_assinado__1_-c   111.1KB
19:09:21 INFO     ✓ [104/132] mmulheres_ptd_2025_2027_docdiretivo_assinado_assin  1078.3KB
19:09:23 INFO     ✓ [105/132] mmulheres_ptd_2025_2027_anexo_de_entregas_assinado   216.9KB
19:09:26 INFO     ✓ [106/132] mpi_ptd_2025_2027_docdiretivo_ministerio_dos_povos   947.9KB
19:09:29 INFO     ✓ [107/132] mpi_ptd_anexo_de_entregas_do_plano_de_tranformacao   191.9KB
19:09:32 INFO     ✓ [108/132] mpo_ptd_docdiretivo_assinado_2025_2026_assinado_as   806.3KB
19:09:34 INFO     ✓ [109/132] mpo_ptd_anexo_de_entregas_assinado_v1_assinado_ass   323.2KB
19:09:37 INFO     ✓ [110/132] mpor_ptd_2025_2027_docdiretivo_assinado_assinado_a   876.5KB
19:09:40 INFO     ✓ [111/132] mpor_ptd_2025_2027_anexo_de_entregas_assinado_assi   175.1KB
19:09:43 INFO     ✓ [112/132] mps_ptd_2025-2026_docdiretivo_final_assinado-1_ass  1024.4KB
19:09:45 INFO     ✓ [113/132] mps_ptd_2025-2026_anexo_de_entregas_final_assinado   165.0KB
19:09:48 INFO     ✓ [114/132] mre_ptd_docdiretivo_assinado_2025_2026_assinado_as   760.9KB
19:09:51 INFO     ✓ [115/132] mre_ptd_anexo_de_entregas_assinado_v1_assinado_ass   233.2KB
19:09:54 INFO     ✓ [116/132] mte_ptd_2025_2026_docdiretivo_assinado_assinado_as   729.6KB
19:09:57 INFO     ✓ [117/132] mte_ptd_anexo_de_entregas_assinado_v1__281_29_assi   459.5KB
19:10:00 INFO     ✓ [118/132] mtur_ptd_docdiretiv_assinado_30_01_2025_assinado_a  1050.4KB
19:10:02 INFO     ✓ [119/132] mtur_ptd_anexo_de_entregas_assinado_30_01_2025_ass   118.8KB
19:10:05 INFO     ✓ [120/132] pf_ptd_docdiretivo_2025_2027_assinado-copia_tarjad   964.3KB
19:10:07 INFO     ✓ [121/132] pf_ptd_anexo_de_entregas_2025_2027_assinado-copia_    62.5KB
19:10:10 INFO     ✓ [122/132] mf_ptd_2026_2027_anexo_de_entregas_4_mf_pgfn_assin   466.8KB
19:10:20 INFO     ✓ [123/132] previc_plano_de_transformacao_digital_2025_2026_29  6652.7KB
19:10:23 INFO     ✓ [124/132] previc_ptd_repactuacao_2025-2026_assinado_assinado   182.9KB
19:10:26 INFO     ✓ [125/132] prf_documentodiretivo_ptd_2026-2027_assinado_tarja   535.9KB
19:10:28 INFO     ✓ [126/132] prf_anexo_de_entregas_do_ptd__2026_2027___ptd___en   157.7KB
19:10:30 INFO     ✓ [127/132] mf_ptd_2026_2027_anexo_de_entregas_2_mf_rfb_assina   253.7KB
19:10:33 INFO     ✓ [128/132] sgpr_ptd_2026_2027_docdiretivo_assinado-copia_tarj   791.2KB
19:10:37 INFO     ✓ [129/132] sgpr_ptd_2025_2027_anexo_de_entregas_assinado-copi   897.9KB
19:10:39 INFO     ✓ [130/132] mf_ptd_2026_2027_anexo_de_entregas_3_mf_stn_assina   467.8KB
19:10:43 INFO     ✓ [131/132] susep_ptd_2025_2027_docdiretivo-assinado-copia_tar  1030.1KB
19:10:45 INFO     ✓ [132/132] susep_ptd_2025-2026_anexo_de_entregas_final_assina   221.9KB
19:10:47 INFO     132 OK | 0 erros | 123.3 MB total
19:10:52 INFO     Sanity: 132 PDFs | 113 texto | 19 imagem/OCR | 0 duplicatas
19:10:52 INFO     --siglas (debug): 15 PDFs de ['AGU', 'FIOCRUZ', 'FUNAI', 'FUNDACENTRO', 'INCRA', 'ITI', 'MCOM', 'SGPR']
19:10:52 INFO     DocumentConverter instanciado (singleton × 2: plain + OCR)
19:10:52 INFO     [1/15] → agu_ptd_2025_2027_anexo_de_entregas_assinado_assinado_assinado-copia_tarjada.pdf
19:10:52 INFO     detected formats: [<InputFormat.PDF: 'pdf'>]
19:10:52 INFO     Going to convert document batch...
19:10:52 INFO     Initializing pipeline for StandardPdfPipeline with options hash bc6794697da537796efc497178f9263f
19:10:52 INFO     Loading plugin 'docling_defaults'
19:10:52 INFO     Registered picture descriptions: ['picture_description_vlm_engine', 'vlm', 'api']
19:10:52 INFO     Loading plugin 'docling_defaults'
19:10:52 INFO     Registered ocr engines: ['auto', 'easyocr', 'kserve_v2_ocr', 'ocrmac', 'rapidocr', 'tesserocr', 'tesseract']
19:10:52 INFO     command: tesseract --list-langs
19:10:52 INFO     Loading plugin 'docling_defaults'
19:10:52 INFO     Registered layout engines: ['layout_object_detection', 'docling_layout_default', 'docling_experimental_table_crops_layout']
19:10:52 INFO     Accelerator device: 'cpu'
19:10:52 INFO     HTTP Request: GET https://huggingface.co/api/models/docling-project/docling-layout-heron/revision/main "HTTP/1.1 200 OK"
19:10:52 INFO     HTTP Request: HEAD https://huggingface.co/docling-project/docling-layout-heron/resolve/8f39ad3c0b4c58e9c2d2c84a38465abf757272d8/README.md "HTTP/1.1 307 Temporary Redirect"
19:10:52 INFO     HTTP Request: HEAD https://huggingface.co/api/resolve-cache/models/docling-project/docling-layout-heron/8f39ad3c0b4c58e9c2d2c84a38465abf757272d8/README.md "HTTP/1.1 200 OK"
19:10:52 INFO     HTTP Request: HEAD https://huggingface.co/docling-project/docling-layout-heron/resolve/8f39ad3c0b4c58e9c2d2c84a38465abf757272d8/config.json "HTTP/1.1 307 Temporary Redirect"
19:10:53 INFO     HTTP Request: HEAD https://huggingface.co/docling-project/docling-layout-heron/resolve/8f39ad3c0b4c58e9c2d2c84a38465abf757272d8/docling_heron_400.png "HTTP/1.1 307 Temporary Redirect"
19:10:53 INFO     HTTP Request: HEAD https://huggingface.co/docling-project/docling-layout-heron/resolve/8f39ad3c0b4c58e9c2d2c84a38465abf757272d8/preprocessor_config.json "HTTP/1.1 307 Temporary Redirect"
19:10:53 INFO     HTTP Request: HEAD https://huggingface.co/docling-project/docling-layout-heron/resolve/8f39ad3c0b4c58e9c2d2c84a38465abf757272d8/model.safetensors "HTTP/1.1 302 Found"
19:10:53 INFO     HTTP Request: HEAD https://huggingface.co/docling-project/docling-layout-heron/resolve/8f39ad3c0b4c58e9c2d2c84a38465abf757272d8/.gitattributes "HTTP/1.1 307 Temporary Redirect"
19:10:53 INFO     HTTP Request: HEAD https://huggingface.co/api/resolve-cache/models/docling-project/docling-layout-heron/8f39ad3c0b4c58e9c2d2c84a38465abf757272d8/config.json "HTTP/1.1 200 OK"
19:10:53 INFO     HTTP Request: GET https://huggingface.co/api/resolve-cache/models/docling-project/docling-layout-heron/8f39ad3c0b4c58e9c2d2c84a38465abf757272d8/README.md "HTTP/1.1 200 OK"
19:10:53 WARNING  Warning: You are sending unauthenticated requests to the HF Hub. Please set a HF_TOKEN to enable higher rate limits and faster downloads.
19:10:53 INFO     HTTP Request: HEAD https://huggingface.co/api/resolve-cache/models/docling-project/docling-layout-heron/8f39ad3c0b4c58e9c2d2c84a38465abf757272d8/docling_heron_400.png "HTTP/1.1 200 OK"
19:10:53 INFO     HTTP Request: HEAD https://huggingface.co/api/resolve-cache/models/docling-project/docling-layout-heron/8f39ad3c0b4c58e9c2d2c84a38465abf757272d8/preprocessor_config.json "HTTP/1.1 200 OK"
19:10:53 INFO     HTTP Request: HEAD https://huggingface.co/api/resolve-cache/models/docling-project/docling-layout-heron/8f39ad3c0b4c58e9c2d2c84a38465abf757272d8/.gitattributes "HTTP/1.1 200 OK"
19:10:53 INFO     HTTP Request: GET https://huggingface.co/api/resolve-cache/models/docling-project/docling-layout-heron/8f39ad3c0b4c58e9c2d2c84a38465abf757272d8/config.json "HTTP/1.1 200 OK"
19:10:53 INFO     HTTP Request: GET https://huggingface.co/api/resolve-cache/models/docling-project/docling-layout-heron/8f39ad3c0b4c58e9c2d2c84a38465abf757272d8/docling_heron_400.png "HTTP/1.1 200 OK"
19:10:53 INFO     HTTP Request: GET https://huggingface.co/api/resolve-cache/models/docling-project/docling-layout-heron/8f39ad3c0b4c58e9c2d2c84a38465abf757272d8/preprocessor_config.json "HTTP/1.1 200 OK"
19:10:53 INFO     HTTP Request: GET https://huggingface.co/api/resolve-cache/models/docling-project/docling-layout-heron/8f39ad3c0b4c58e9c2d2c84a38465abf757272d8/.gitattributes "HTTP/1.1 200 OK"
19:10:53 INFO     HTTP Request: GET https://huggingface.co/api/models/docling-project/docling-layout-heron/xet-read-token/8f39ad3c0b4c58e9c2d2c84a38465abf757272d8 "HTTP/1.1 200 OK"
19:10:55 INFO     Loading plugin 'docling_defaults'
19:10:55 INFO     Registered table structure engines: ['docling_tableformer', 'docling_tableformer_v2']
19:10:55 INFO     HTTP Request: GET https://huggingface.co/api/models/docling-project/docling-models/revision/v2.3.0 "HTTP/1.1 200 OK"
19:10:55 INFO     HTTP Request: HEAD https://huggingface.co/docling-project/docling-models/resolve/fc0f2d45e2218ea24bce5045f58a389aed16dc23/.gitignore "HTTP/1.1 307 Temporary Redirect"
19:10:55 INFO     HTTP Request: HEAD https://huggingface.co/docling-project/docling-models/resolve/fc0f2d45e2218ea24bce5045f58a389aed16dc23/model_artifacts/tableformer/accurate/tm_config.json "HTTP/1.1 307 Temporary Redirect"
19:10:55 INFO     HTTP Request: HEAD https://huggingface.co/docling-project/docling-models/resolve/fc0f2d45e2218ea24bce5045f58a389aed16dc23/.gitattributes "HTTP/1.1 307 Temporary Redirect"
19:10:55 INFO     HTTP Request: HEAD https://huggingface.co/docling-project/docling-models/resolve/fc0f2d45e2218ea24bce5045f58a389aed16dc23/README.md "HTTP/1.1 307 Temporary Redirect"
19:10:55 INFO     HTTP Request: HEAD https://huggingface.co/docling-project/docling-models/resolve/fc0f2d45e2218ea24bce5045f58a389aed16dc23/model_artifacts/tableformer/accurate/tableformer_accurate.safetensors "HTTP/1.1 302 Found"
19:10:55 INFO     HTTP Request: HEAD https://huggingface.co/docling-project/docling-models/resolve/fc0f2d45e2218ea24bce5045f58a389aed16dc23/config.json "HTTP/1.1 307 Temporary Redirect"
19:10:55 INFO     HTTP Request: HEAD https://huggingface.co/api/resolve-cache/models/docling-project/docling-models/fc0f2d45e2218ea24bce5045f58a389aed16dc23/.gitignore "HTTP/1.1 200 OK"
19:10:55 INFO     HTTP Request: HEAD https://huggingface.co/api/resolve-cache/models/docling-project/docling-models/fc0f2d45e2218ea24bce5045f58a389aed16dc23/model_artifacts%2Ftableformer%2Faccurate%2Ftm_config.json "HTTP/1.1 200 OK"
19:10:55 INFO     HTTP Request: HEAD https://huggingface.co/api/resolve-cache/models/docling-project/docling-models/fc0f2d45e2218ea24bce5045f58a389aed16dc23/.gitattributes "HTTP/1.1 200 OK"
19:10:55 INFO     HTTP Request: HEAD https://huggingface.co/api/resolve-cache/models/docling-project/docling-models/fc0f2d45e2218ea24bce5045f58a389aed16dc23/README.md "HTTP/1.1 200 OK"
19:10:55 INFO     HTTP Request: HEAD https://huggingface.co/api/resolve-cache/models/docling-project/docling-models/fc0f2d45e2218ea24bce5045f58a389aed16dc23/config.json "HTTP/1.1 200 OK"
19:10:55 INFO     HTTP Request: HEAD https://huggingface.co/docling-project/docling-models/resolve/fc0f2d45e2218ea24bce5045f58a389aed16dc23/model_artifacts/tableformer/fast/tableformer_fast.safetensors "HTTP/1.1 302 Found"
19:10:55 INFO     HTTP Request: GET https://huggingface.co/api/resolve-cache/models/docling-project/docling-models/fc0f2d45e2218ea24bce5045f58a389aed16dc23/.gitignore "HTTP/1.1 200 OK"
19:10:55 INFO     HTTP Request: GET https://huggingface.co/api/resolve-cache/models/docling-project/docling-models/fc0f2d45e2218ea24bce5045f58a389aed16dc23/model_artifacts%2Ftableformer%2Faccurate%2Ftm_config.json "HTTP/1.1 200 OK"
19:10:55 INFO     HTTP Request: HEAD https://huggingface.co/docling-project/docling-models/resolve/fc0f2d45e2218ea24bce5045f58a389aed16dc23/model_artifacts/tableformer/fast/tm_config.json "HTTP/1.1 307 Temporary Redirect"
19:10:55 INFO     HTTP Request: GET https://huggingface.co/api/resolve-cache/models/docling-project/docling-models/fc0f2d45e2218ea24bce5045f58a389aed16dc23/README.md "HTTP/1.1 200 OK"
19:10:55 INFO     HTTP Request: GET https://huggingface.co/api/resolve-cache/models/docling-project/docling-models/fc0f2d45e2218ea24bce5045f58a389aed16dc23/.gitattributes "HTTP/1.1 200 OK"
19:10:55 INFO     HTTP Request: GET https://huggingface.co/api/resolve-cache/models/docling-project/docling-models/fc0f2d45e2218ea24bce5045f58a389aed16dc23/config.json "HTTP/1.1 200 OK"
19:10:55 INFO     HTTP Request: HEAD https://huggingface.co/api/resolve-cache/models/docling-project/docling-models/fc0f2d45e2218ea24bce5045f58a389aed16dc23/model_artifacts%2Ftableformer%2Ffast%2Ftm_config.json "HTTP/1.1 200 OK"
19:10:55 INFO     HTTP Request: GET https://huggingface.co/api/resolve-cache/models/docling-project/docling-models/fc0f2d45e2218ea24bce5045f58a389aed16dc23/model_artifacts%2Ftableformer%2Ffast%2Ftm_config.json "HTTP/1.1 200 OK"
19:10:55 INFO     HTTP Request: GET https://huggingface.co/api/models/docling-project/docling-models/xet-read-token/fc0f2d45e2218ea24bce5045f58a389aed16dc23 "HTTP/1.1 200 OK"
19:10:55 INFO     HTTP Request: GET https://huggingface.co/api/models/docling-project/docling-models/xet-read-token/fc0f2d45e2218ea24bce5045f58a389aed16dc23 "HTTP/1.1 200 OK"
19:10:56 INFO     Accelerator device: 'cpu'
19:10:56 INFO     Processing document agu_ptd_2025_2027_anexo_de_entregas_assinado_assinado_assinado-copia_tarjada.pdf
19:10:57 INFO     command: tesseract --psm 0 -l osd /tmp/tmptfmj3v78.png stdout
19:10:58 INFO     command: tesseract -l por /tmp/tmptfmj3v78.png stdout tsv
19:11:01 INFO     command: tesseract --psm 0 -l osd /tmp/tmp0zln5xu2.png stdout
19:11:02 INFO     command: tesseract -l por /tmp/tmp0zln5xu2.png stdout tsv
19:11:22 INFO     Finished converting document agu_ptd_2025_2027_anexo_de_entregas_assinado_assinado_assinado-copia_tarjada.pdf in 29.60 sec.
19:11:22 INFO       pixel_budget (Docling) agu_ptd_2025_2027_anexo_de_entregas_assinado_assinado_assinado-copia_tarjada.pdf: 45.8% (área tabelas/1001817 px²)
19:11:22 INFO     [1/15] ✓ AGU       :   33 entregas | 29.6s | ETA ~6min
19:11:22 INFO     [2/15] → agu_ptd_2025_2027_docdiretivo_assinado_assinado_assinado-copia_tarjada.pdf
19:11:22 INFO     detected formats: [<InputFormat.PDF: 'pdf'>]
19:11:22 INFO     Going to convert document batch...
19:11:22 INFO     Processing document agu_ptd_2025_2027_docdiretivo_assinado_assinado_assinado-copia_tarjada.pdf
19:11:22 INFO     command: tesseract --psm 0 -l osd /tmp/tmpskyqw_qn.png stdout
19:11:23 INFO     command: tesseract -l por /tmp/tmpskyqw_qn.png stdout tsv
19:11:24 INFO     command: tesseract --psm 0 -l osd /tmp/tmpaak5lh70.png stdout
19:11:26 INFO     command: tesseract -l por /tmp/tmpaak5lh70.png stdout tsv
19:11:31 INFO     command: tesseract --psm 0 -l osd /tmp/tmpnwugtq7p.png stdout
19:11:32 INFO     command: tesseract -l por /tmp/tmpnwugtq7p.png stdout tsv
19:11:34 INFO     command: tesseract --psm 0 -l osd /tmp/tmpl6h_6o78.png stdout
19:11:35 INFO     command: tesseract -l por /tmp/tmpl6h_6o78.png stdout tsv
19:11:37 INFO     command: tesseract --psm 0 -l osd /tmp/tmpe6d76uhh.png stdout
19:11:37 INFO     command: tesseract -l por /tmp/tmpe6d76uhh.png stdout tsv
19:11:40 INFO     command: tesseract --psm 0 -l osd /tmp/tmp46hgzwor.png stdout
19:11:41 INFO     command: tesseract -l por /tmp/tmp46hgzwor.png stdout tsv
19:11:51 INFO     command: tesseract --psm 0 -l osd /tmp/tmpmq_wy99t.png stdout
19:11:52 INFO     command: tesseract -l por /tmp/tmpmq_wy99t.png stdout tsv
19:11:54 INFO     command: tesseract --psm 0 -l osd /tmp/tmp52g4g66t.png stdout
19:11:55 INFO     command: tesseract -l por /tmp/tmp52g4g66t.png stdout tsv
19:11:57 INFO     command: tesseract --psm 0 -l osd /tmp/tmp_ko29409.png stdout
19:11:58 INFO     command: tesseract -l por /tmp/tmp_ko29409.png stdout tsv
19:12:00 INFO     command: tesseract --psm 0 -l osd /tmp/tmpob899kee.png stdout
19:12:02 INFO     command: tesseract -l por /tmp/tmpob899kee.png stdout tsv
19:12:18 INFO     command: tesseract --psm 0 -l osd /tmp/tmpq2ul9zg3.png stdout
19:12:19 INFO     command: tesseract -l por /tmp/tmpq2ul9zg3.png stdout tsv
19:12:22 INFO     Finished converting document agu_ptd_2025_2027_docdiretivo_assinado_assinado_assinado-copia_tarjada.pdf in 60.05 sec.
19:12:22 INFO       pixel_budget (Docling) agu_ptd_2025_2027_docdiretivo_assinado_assinado_assinado-copia_tarjada.pdf: 2.1% (área tabelas/5513330 px²)
19:12:22 INFO     [2/15] ✓ AGU       :    6 entregas | 60.1s | ETA ~9min
19:12:22 INFO     [3/15] → anexo-de-entregas-mcom_ptd-25_27-copia_tarjada.pdf
19:12:22 INFO     detected formats: [<InputFormat.PDF: 'pdf'>]
19:12:22 INFO     Going to convert document batch...
19:12:22 INFO     Processing document anexo-de-entregas-mcom_ptd-25_27-copia_tarjada.pdf
19:12:23 INFO     command: tesseract --psm 0 -l osd /tmp/tmp93p42nh3.png stdout
19:12:24 INFO     command: tesseract -l por /tmp/tmp93p42nh3.png stdout tsv
19:12:27 INFO     command: tesseract --psm 0 -l osd /tmp/tmpd3i8hofi.png stdout
19:12:28 INFO     command: tesseract -l por /tmp/tmpd3i8hofi.png stdout tsv
19:12:38 INFO     command: tesseract --psm 0 -l osd /tmp/tmpmclc358e.png stdout
19:12:39 INFO     command: tesseract -l por /tmp/tmpmclc358e.png stdout tsv
19:12:59 INFO     Finished converting document anexo-de-entregas-mcom_ptd-25_27-copia_tarjada.pdf in 37.04 sec.
19:12:59 INFO       pixel_budget (Docling) anexo-de-entregas-mcom_ptd-25_27-copia_tarjada.pdf: 55.2% (área tabelas/1503636 px²)
19:12:59 INFO     [3/15] ✓ MCOM      :   55 entregas | 37.1s | ETA ~8min
19:12:59 INFO     [4/15] → documento-diretivo-mcom-_-ptd-25_27-copia_tarjada.pdf
19:12:59 INFO     detected formats: [<InputFormat.PDF: 'pdf'>]
19:12:59 INFO     Going to convert document batch...
19:12:59 INFO     Processing document documento-diretivo-mcom-_-ptd-25_27-copia_tarjada.pdf
19:13:00 INFO     command: tesseract --psm 0 -l osd /tmp/tmpzy_yq1vq.png stdout
19:13:00 INFO     command: tesseract -l por /tmp/tmpzy_yq1vq.png stdout tsv
19:13:03 INFO     command: tesseract --psm 0 -l osd /tmp/tmpw42ip_8v.png stdout
19:13:04 INFO     command: tesseract -l por /tmp/tmpw42ip_8v.png stdout tsv
19:13:10 INFO     command: tesseract --psm 0 -l osd /tmp/tmpg0st4zff.png stdout
19:13:11 INFO     command: tesseract -l por /tmp/tmpg0st4zff.png stdout tsv
19:13:12 INFO     command: tesseract --psm 0 -l osd /tmp/tmpkgyykgjl.png stdout
19:13:13 INFO     command: tesseract -l por /tmp/tmpkgyykgjl.png stdout tsv
19:13:15 INFO     command: tesseract --psm 0 -l osd /tmp/tmptjjsixv7.png stdout
19:13:15 INFO     command: tesseract -l por /tmp/tmptjjsixv7.png stdout tsv
19:13:18 INFO     command: tesseract --psm 0 -l osd /tmp/tmpdnhue3k2.png stdout
19:13:19 INFO     command: tesseract -l por /tmp/tmpdnhue3k2.png stdout tsv
19:13:33 INFO     command: tesseract --psm 0 -l osd /tmp/tmpll34sgix.png stdout
19:13:34 INFO     command: tesseract -l por /tmp/tmpll34sgix.png stdout tsv
19:13:36 INFO     command: tesseract --psm 0 -l osd /tmp/tmpc1xhmg3p.png stdout
19:13:37 INFO     command: tesseract -l por /tmp/tmpc1xhmg3p.png stdout tsv
19:13:39 INFO     command: tesseract --psm 0 -l osd /tmp/tmpn4ysbgy6.png stdout
19:13:40 INFO     command: tesseract -l por /tmp/tmpn4ysbgy6.png stdout tsv
19:13:42 INFO     command: tesseract --psm 0 -l osd /tmp/tmpvf9efnfa.png stdout
19:13:43 INFO     command: tesseract -l por /tmp/tmpvf9efnfa.png stdout tsv
19:13:48 INFO     command: tesseract --psm 0 -l osd /tmp/tmp688737av.png stdout
19:13:49 INFO     command: tesseract -l por /tmp/tmp688737av.png stdout tsv
19:13:55 INFO     command: tesseract --psm 0 -l osd /tmp/tmp0m_khhxa.png stdout
19:13:56 INFO     command: tesseract -l por /tmp/tmp0m_khhxa.png stdout tsv
19:13:58 INFO     command: tesseract --psm 0 -l osd /tmp/tmpoo7jewmj.png stdout
19:13:59 INFO     command: tesseract -l por /tmp/tmpoo7jewmj.png stdout tsv
19:14:01 INFO     command: tesseract --psm 0 -l osd /tmp/tmpaioc52pg.png stdout
19:14:01 INFO     command: tesseract -l por /tmp/tmpaioc52pg.png stdout tsv
19:14:09 INFO     Finished converting document documento-diretivo-mcom-_-ptd-25_27-copia_tarjada.pdf in 69.95 sec.
19:14:09 INFO       pixel_budget (Docling) documento-diretivo-mcom-_-ptd-25_27-copia_tarjada.pdf: 10.8% (área tabelas/7016966 px²)
19:14:09 WARNING  [4/15] ⚠ MCOM      :    0 entregas | 70.0s | ETA ~9min
19:14:09 INFO     [5/15] → fiocruz-ptd-06_2024-copia_tarjada.pdf
19:14:09 INFO     detected formats: [<InputFormat.PDF: 'pdf'>]
19:14:09 INFO     Going to convert document batch...
19:14:09 INFO     Initializing pipeline for StandardPdfPipeline with options hash d18651824ca6fe56cf3ccb20424ac2c8
19:14:09 INFO     Accelerator device: 'cpu'
19:14:09 INFO     HTTP Request: GET https://huggingface.co/api/models/docling-project/docling-layout-heron/revision/main "HTTP/1.1 200 OK"
19:14:10 INFO     HTTP Request: GET https://huggingface.co/api/models/docling-project/docling-models/revision/v2.3.0 "HTTP/1.1 200 OK"
19:14:10 INFO     Accelerator device: 'cpu'
19:14:10 INFO     Processing document fiocruz-ptd-06_2024-copia_tarjada.pdf
19:15:20 INFO     Finished converting document fiocruz-ptd-06_2024-copia_tarjada.pdf in 71.25 sec.
19:15:20 INFO       pixel_budget (Docling) fiocruz-ptd-06_2024-copia_tarjada.pdf: 36.4% (área tabelas/7518178 px²)
19:15:20 WARNING  [5/15] ⚠ FIOCRUZ   :    0 entregas | 71.3s | ETA ~8min
19:15:20 INFO     [6/15] → fiocruz_novo-ptd_2-1_docdiretivo_repactuacao_2024-2026_assinado_assinado-copia_tarjada.pdf
19:15:20 INFO     detected formats: [<InputFormat.PDF: 'pdf'>]
19:15:20 INFO     Going to convert document batch...
19:15:20 INFO     Processing document fiocruz_novo-ptd_2-1_docdiretivo_repactuacao_2024-2026_assinado_assinado-copia_tarjada.pdf
19:15:39 INFO     Finished converting document fiocruz_novo-ptd_2-1_docdiretivo_repactuacao_2024-2026_assinado_assinado-copia_tarjada.pdf in 18.52 sec.
19:15:39 INFO       pixel_budget (Docling) fiocruz_novo-ptd_2-1_docdiretivo_repactuacao_2024-2026_assinado_assinado-copia_tarjada.pdf: 11.3% (área tabelas/5012118 px²)
19:15:39 WARNING  [6/15] ⚠ FIOCRUZ   :    0 entregas | 18.5s | ETA ~7min
19:15:39 INFO     [7/15] → fiocruz_ptd_anexo_de_entregas_assinado_v1_assinado_assinado-1-copia_tarjada.pdf
19:15:39 INFO     detected formats: [<InputFormat.PDF: 'pdf'>]
19:15:39 INFO     Going to convert document batch...
19:15:39 INFO     Processing document fiocruz_ptd_anexo_de_entregas_assinado_v1_assinado_assinado-1-copia_tarjada.pdf
19:16:12 INFO     Finished converting document fiocruz_ptd_anexo_de_entregas_assinado_v1_assinado_assinado-1-copia_tarjada.pdf in 33.27 sec.
19:16:12 INFO       pixel_budget (Docling) fiocruz_ptd_anexo_de_entregas_assinado_v1_assinado_assinado-1-copia_tarjada.pdf: 54.7% (área tabelas/2004847 px²)
19:16:12 INFO     [7/15] ✓ FIOCRUZ   :   62 entregas | 33.3s | ETA ~6min
19:16:12 INFO     [8/15] → funai_anexo_de_entregas_repactuado_2026_2027_assinado_assinado_assinado.pdf
19:16:12 INFO     detected formats: [<InputFormat.PDF: 'pdf'>]
19:16:12 INFO     Going to convert document batch...
19:16:12 INFO     Processing document funai_anexo_de_entregas_repactuado_2026_2027_assinado_assinado_assinado.pdf
19:16:13 INFO     command: tesseract --psm 0 -l osd /tmp/tmp6qad1jjy.png stdout
19:16:14 INFO     command: tesseract -l por /tmp/tmp6qad1jjy.png stdout tsv
19:16:27 INFO     Finished converting document funai_anexo_de_entregas_repactuado_2026_2027_assinado_assinado_assinado.pdf in 15.12 sec.
19:16:27 INFO       pixel_budget (Docling) funai_anexo_de_entregas_repactuado_2026_2027_assinado_assinado_assinado.pdf: 49.8% (área tabelas/501212 px²)
19:16:27 INFO     [8/15] ✓ FUNAI     :   22 entregas | 15.1s | ETA ~4min
19:16:27 INFO     [9/15] → funai_ptd_2025_2027_docdiretivo_assinado-1_tarjado.pdf
19:16:27 INFO     detected formats: [<InputFormat.PDF: 'pdf'>]
19:16:27 INFO     Going to convert document batch...
19:16:27 INFO     Processing document funai_ptd_2025_2027_docdiretivo_assinado-1_tarjado.pdf
19:16:29 INFO     command: tesseract --psm 0 -l osd /tmp/tmpqa58er51.png stdout
19:16:29 INFO     command: tesseract -l por /tmp/tmpqa58er51.png stdout tsv
19:16:30 INFO     command: tesseract --psm 0 -l osd /tmp/tmpm21b0f3u.png stdout
19:16:32 INFO     command: tesseract -l por /tmp/tmpm21b0f3u.png stdout tsv
19:16:34 INFO     command: tesseract --psm 0 -l osd /tmp/tmp89vndnis.png stdout
19:16:35 INFO     command: tesseract -l por /tmp/tmp89vndnis.png stdout tsv
19:16:37 INFO     command: tesseract --psm 0 -l osd /tmp/tmp29q2z_px.png stdout
19:16:38 INFO     command: tesseract -l por /tmp/tmp29q2z_px.png stdout tsv
19:16:40 INFO     command: tesseract --psm 0 -l osd /tmp/tmpjizzflp9.png stdout
19:16:40 INFO     command: tesseract -l por /tmp/tmpjizzflp9.png stdout tsv
19:16:43 INFO     command: tesseract --psm 0 -l osd /tmp/tmpmv7e40c0.png stdout
19:16:44 INFO     command: tesseract -l por /tmp/tmpmv7e40c0.png stdout tsv
19:16:53 INFO     command: tesseract --psm 0 -l osd /tmp/tmp6q2g9pos.png stdout
19:16:54 INFO     command: tesseract -l por /tmp/tmp6q2g9pos.png stdout tsv
19:16:56 INFO     command: tesseract --psm 0 -l osd /tmp/tmpodtwojry.png stdout
19:16:56 INFO     command: tesseract -l por /tmp/tmpodtwojry.png stdout tsv
19:16:58 INFO     command: tesseract --psm 0 -l osd /tmp/tmpm4imichf.png stdout
19:16:58 INFO     command: tesseract -l por /tmp/tmpm4imichf.png stdout tsv
19:17:00 INFO     command: tesseract --psm 0 -l osd /tmp/tmpuy4bb6n8.png stdout
19:17:02 INFO     command: tesseract -l por /tmp/tmpuy4bb6n8.png stdout tsv
19:17:13 INFO     command: tesseract --psm 0 -l osd /tmp/tmpqc701afp.png stdout
19:17:14 INFO     command: tesseract -l por /tmp/tmpqc701afp.png stdout tsv
19:17:18 INFO     command: tesseract --psm 0 -l osd /tmp/tmp0kmuj6sg.png stdout
19:17:19 INFO     command: tesseract -l por /tmp/tmp0kmuj6sg.png stdout tsv
19:17:21 INFO     command: tesseract --psm 0 -l osd /tmp/tmpi3li1zjd.png stdout
19:17:22 INFO     command: tesseract -l por /tmp/tmpi3li1zjd.png stdout tsv
19:17:28 INFO     Finished converting document funai_ptd_2025_2027_docdiretivo_assinado-1_tarjado.pdf in 61.31 sec.
19:17:29 INFO       pixel_budget (Docling) funai_ptd_2025_2027_docdiretivo_assinado-1_tarjado.pdf: 16.4% (área tabelas/6515754 px²)
19:17:29 INFO     [9/15] ✓ FUNAI     :    8 entregas | 61.3s | ETA ~4min
19:17:29 INFO     [10/15] → incra_anexo_de_entregas_assinado-1_assinado_assinado-copia_tarjada.pdf
19:17:29 INFO     detected formats: [<InputFormat.PDF: 'pdf'>]
19:17:29 INFO     Going to convert document batch...
19:17:29 INFO     Processing document incra_anexo_de_entregas_assinado-1_assinado_assinado-copia_tarjada.pdf
19:17:30 INFO     command: tesseract --psm 0 -l osd /tmp/tmpkc1b1bei.png stdout
19:17:31 INFO     command: tesseract -l por /tmp/tmpkc1b1bei.png stdout tsv
19:17:33 INFO     command: tesseract --psm 0 -l osd /tmp/tmpo65q8nyp.png stdout
19:17:35 INFO     command: tesseract -l por /tmp/tmpo65q8nyp.png stdout tsv
19:17:40 INFO     command: tesseract --psm 0 -l osd /tmp/tmp2srdazm3.png stdout
19:17:42 INFO     command: tesseract -l por /tmp/tmp2srdazm3.png stdout tsv
19:17:43 INFO     command: tesseract --psm 0 -l osd /tmp/tmphlnf6j5_.png stdout
19:17:44 INFO     command: tesseract -l por /tmp/tmphlnf6j5_.png stdout tsv
19:17:46 INFO     command: tesseract --psm 0 -l osd /tmp/tmp73v4z6nu.png stdout
19:17:47 INFO     command: tesseract -l por /tmp/tmp73v4z6nu.png stdout tsv
19:19:19 INFO     Finished converting document incra_anexo_de_entregas_assinado-1_assinado_assinado-copia_tarjada.pdf in 110.14 sec.
19:19:19 INFO       pixel_budget (Docling) incra_anexo_de_entregas_assinado-1_assinado_assinado-copia_tarjada.pdf: 30.0% (área tabelas/2423520 px²)
19:19:19 INFO     [10/15] ✓ INCRA     :   11 entregas | 110.2s | ETA ~4min
19:19:19 INFO     [11/15] → incra_ptd_docdiretivo__assinado-1_assinado_assinado-copia_tarjada.pdf
19:19:19 INFO     detected formats: [<InputFormat.PDF: 'pdf'>]
19:19:19 INFO     Going to convert document batch...
19:19:19 INFO     Processing document incra_ptd_docdiretivo__assinado-1_assinado_assinado-copia_tarjada.pdf
19:19:20 INFO     command: tesseract --psm 0 -l osd /tmp/tmpxnp5o2am.png stdout
19:19:20 INFO     command: tesseract -l por /tmp/tmpxnp5o2am.png stdout tsv
19:19:22 INFO     command: tesseract --psm 0 -l osd /tmp/tmphogc258u.png stdout
19:19:24 INFO     command: tesseract -l por /tmp/tmphogc258u.png stdout tsv
19:19:29 INFO     command: tesseract --psm 0 -l osd /tmp/tmpluo1rnf4.png stdout
19:19:30 INFO     command: tesseract -l por /tmp/tmpluo1rnf4.png stdout tsv
19:19:32 INFO     command: tesseract --psm 0 -l osd /tmp/tmpk93s2rff.png stdout
19:19:33 INFO     command: tesseract -l por /tmp/tmpk93s2rff.png stdout tsv
19:19:35 INFO     command: tesseract --psm 0 -l osd /tmp/tmp1cvqf7h9.png stdout
19:19:35 INFO     command: tesseract -l por /tmp/tmp1cvqf7h9.png stdout tsv
19:19:38 INFO     command: tesseract --psm 0 -l osd /tmp/tmpxn3qmqbk.png stdout
19:19:39 INFO     command: tesseract -l por /tmp/tmpxn3qmqbk.png stdout tsv
19:19:55 INFO     command: tesseract --psm 0 -l osd /tmp/tmpx0x3u3r2.png stdout
19:19:56 INFO     command: tesseract -l por /tmp/tmpx0x3u3r2.png stdout tsv
19:19:57 INFO     command: tesseract --psm 0 -l osd /tmp/tmpvrha91wf.png stdout
19:19:58 INFO     command: tesseract -l por /tmp/tmpvrha91wf.png stdout tsv
19:20:00 INFO     command: tesseract --psm 0 -l osd /tmp/tmp29_ot2e2.png stdout
19:20:01 INFO     command: tesseract -l por /tmp/tmp29_ot2e2.png stdout tsv
19:20:03 INFO     command: tesseract --psm 0 -l osd /tmp/tmprdfn2w4v.png stdout
19:20:04 INFO     command: tesseract -l por /tmp/tmprdfn2w4v.png stdout tsv
19:20:11 INFO     command: tesseract --psm 0 -l osd /tmp/tmpii8m0ynz.png stdout
19:20:12 INFO     command: tesseract -l por /tmp/tmpii8m0ynz.png stdout tsv
19:20:23 INFO     command: tesseract --psm 0 -l osd /tmp/tmp_aj8dedp.png stdout
19:20:24 INFO     command: tesseract -l por /tmp/tmp_aj8dedp.png stdout tsv
19:20:26 INFO     command: tesseract --psm 0 -l osd /tmp/tmpgvlfpd8p.png stdout
19:20:26 INFO     command: tesseract -l por /tmp/tmpgvlfpd8p.png stdout tsv
19:20:34 INFO     Finished converting document incra_ptd_docdiretivo__assinado-1_assinado_assinado-copia_tarjada.pdf in 75.73 sec.
19:20:34 INFO       pixel_budget (Docling) incra_ptd_docdiretivo__assinado-1_assinado_assinado-copia_tarjada.pdf: 20.2% (área tabelas/6515754 px²)
19:20:34 INFO     [11/15] ✓ INCRA     :    9 entregas | 75.7s | ETA ~3min
19:20:34 INFO     [12/15] → iti_anexo_de_entregas_assinado.pdf
19:20:34 INFO     detected formats: [<InputFormat.PDF: 'pdf'>]
19:20:34 INFO     Going to convert document batch...
19:20:34 INFO     Processing document iti_anexo_de_entregas_assinado.pdf
19:20:35 INFO     command: tesseract --psm 0 -l osd /tmp/tmp7fapjscq.png stdout
19:20:36 INFO     command: tesseract -l por /tmp/tmp7fapjscq.png stdout tsv
19:20:53 INFO     Finished converting document iti_anexo_de_entregas_assinado.pdf in 18.68 sec.
19:20:53 INFO       pixel_budget (Docling) iti_anexo_de_entregas_assinado.pdf: 57.2% (área tabelas/501212 px²)
19:20:53 INFO     [12/15] ✓ ITI       :   31 entregas | 18.7s | ETA ~2min
19:20:53 INFO     [13/15] → iti_doc_diretivo_assinado-1_tarjado.pdf
19:20:53 INFO     detected formats: [<InputFormat.PDF: 'pdf'>]
19:20:53 INFO     Going to convert document batch...
19:20:53 INFO     Processing document iti_doc_diretivo_assinado-1_tarjado.pdf
19:20:54 INFO     command: tesseract --psm 0 -l osd /tmp/tmpcd65eoox.png stdout
19:20:54 INFO     command: tesseract -l por /tmp/tmpcd65eoox.png stdout tsv
19:20:56 INFO     command: tesseract --psm 0 -l osd /tmp/tmpniy9c01s.png stdout
19:20:58 INFO     command: tesseract -l por /tmp/tmpniy9c01s.png stdout tsv
19:21:02 INFO     command: tesseract --psm 0 -l osd /tmp/tmp200lme6_.png stdout
19:21:03 INFO     command: tesseract -l por /tmp/tmp200lme6_.png stdout tsv
19:21:05 INFO     command: tesseract --psm 0 -l osd /tmp/tmplfvdvwza.png stdout
19:21:06 INFO     command: tesseract -l por /tmp/tmplfvdvwza.png stdout tsv
19:21:08 INFO     command: tesseract --psm 0 -l osd /tmp/tmpfy7i9cia.png stdout
19:21:08 INFO     command: tesseract -l por /tmp/tmpfy7i9cia.png stdout tsv
19:21:11 INFO     command: tesseract --psm 0 -l osd /tmp/tmpe6gc56md.png stdout
19:21:12 INFO     command: tesseract -l por /tmp/tmpe6gc56md.png stdout tsv
19:21:24 INFO     command: tesseract --psm 0 -l osd /tmp/tmpluxc6i3x.png stdout
19:21:25 INFO     command: tesseract -l por /tmp/tmpluxc6i3x.png stdout tsv
19:21:27 INFO     command: tesseract --psm 0 -l osd /tmp/tmpe4hiwwrx.png stdout
19:21:28 INFO     command: tesseract -l por /tmp/tmpe4hiwwrx.png stdout tsv
19:21:30 INFO     command: tesseract --psm 0 -l osd /tmp/tmpak_cx29j.png stdout
19:21:31 INFO     command: tesseract -l por /tmp/tmpak_cx29j.png stdout tsv
19:21:33 INFO     command: tesseract --psm 0 -l osd /tmp/tmpyp_mdfng.png stdout
19:21:35 INFO     command: tesseract -l por /tmp/tmpyp_mdfng.png stdout tsv
19:21:40 INFO     command: tesseract --psm 0 -l osd /tmp/tmpidhf21nn.png stdout
19:21:41 INFO     command: tesseract -l por /tmp/tmpidhf21nn.png stdout tsv
19:21:49 INFO     Finished converting document iti_doc_diretivo_assinado-1_tarjado.pdf in 55.42 sec.
19:21:49 INFO       pixel_budget (Docling) iti_doc_diretivo_assinado-1_tarjado.pdf: 8.0% (área tabelas/5516339 px²)
19:21:49 INFO     [13/15] ✓ ITI       :    6 entregas | 55.4s | ETA ~1min
19:21:49 INFO     [14/15] → sgpr_ptd_2025_2027_anexo_de_entregas_assinado-copia_tarjada.pdf
19:21:49 INFO     detected formats: [<InputFormat.PDF: 'pdf'>]
19:21:49 INFO     Going to convert document batch...
19:21:49 INFO     Processing document sgpr_ptd_2025_2027_anexo_de_entregas_assinado-copia_tarjada.pdf
19:21:49 INFO     command: tesseract --psm 0 -l osd /tmp/tmpkncb0uoo.png stdout
19:21:50 INFO     command: tesseract -l por /tmp/tmpkncb0uoo.png stdout tsv
19:21:53 INFO     command: tesseract --psm 0 -l osd /tmp/tmp_kvw42r4.png stdout
19:21:54 INFO     command: tesseract -l por /tmp/tmp_kvw42r4.png stdout tsv
19:22:06 INFO     Finished converting document sgpr_ptd_2025_2027_anexo_de_entregas_assinado-copia_tarjada.pdf in 17.07 sec.
19:22:06 INFO       pixel_budget (Docling) sgpr_ptd_2025_2027_anexo_de_entregas_assinado-copia_tarjada.pdf: 29.5% (área tabelas/1002424 px²)
19:22:06 INFO     [14/15] ✓ SGPR      :   18 entregas | 17.1s | ETA ~48s
19:22:06 INFO     [15/15] → sgpr_ptd_2026_2027_docdiretivo_assinado-copia_tarjada.pdf
19:22:06 INFO     detected formats: [<InputFormat.PDF: 'pdf'>]
19:22:06 INFO     Going to convert document batch...
19:22:06 INFO     Processing document sgpr_ptd_2026_2027_docdiretivo_assinado-copia_tarjada.pdf
19:22:26 INFO     Finished converting document sgpr_ptd_2026_2027_docdiretivo_assinado-copia_tarjada.pdf in 20.02 sec.
19:22:26 INFO       pixel_budget (Docling) sgpr_ptd_2026_2027_docdiretivo_assinado-copia_tarjada.pdf: 8.2% (área tabelas/5513330 px²)
19:22:26 WARNING  [15/15] ⚠ SGPR      :    0 entregas | 20.0s | ETA ~0s
19:22:26 INFO     261 registros | 7 órgãos
19:22:26 INFO     ╔══════════════════════════════════════════════════════════════╗
19:22:26 INFO     ║                  ENTREGAS — fase concluída                   ║
19:22:26 INFO     ║  Processados: 15    |  ✓ 11  ⚠ 4                             ║
19:22:26 INFO     ║  Duração: 11.6 min                                           ║
19:22:26 INFO     ║  261 registros | 7 órgãos                                    ║
19:22:26 INFO     ╚══════════════════════════════════════════════════════════════╝
19:22:26 INFO     [1/7] → agu_ptd_2025_2027_docdiretivo_assinado_assinado_assinado-copia_tarjada.pdf
19:22:26 INFO     detected formats: [<InputFormat.PDF: 'pdf'>]
19:22:26 INFO     Going to convert document batch...
19:22:26 INFO     Processing document agu_ptd_2025_2027_docdiretivo_assinado_assinado_assinado-copia_tarjada.pdf
19:22:26 INFO     command: tesseract --psm 0 -l osd /tmp/tmp84r5pye2.png stdout
19:22:27 INFO     command: tesseract -l por /tmp/tmp84r5pye2.png stdout tsv
19:22:28 INFO     command: tesseract --psm 0 -l osd /tmp/tmpu2tq7vzx.png stdout
19:22:30 INFO     command: tesseract -l por /tmp/tmpu2tq7vzx.png stdout tsv
19:22:34 INFO     command: tesseract --psm 0 -l osd /tmp/tmp0vwv67g1.png stdout
19:22:35 INFO     command: tesseract -l por /tmp/tmp0vwv67g1.png stdout tsv
19:22:37 INFO     command: tesseract --psm 0 -l osd /tmp/tmpsj1ute2i.png stdout
19:22:38 INFO     command: tesseract -l por /tmp/tmpsj1ute2i.png stdout tsv
19:22:40 INFO     command: tesseract --psm 0 -l osd /tmp/tmpdvt_vkwo.png stdout
19:22:41 INFO     command: tesseract -l por /tmp/tmpdvt_vkwo.png stdout tsv
19:22:43 INFO     command: tesseract --psm 0 -l osd /tmp/tmpo97lpv5y.png stdout
19:22:44 INFO     command: tesseract -l por /tmp/tmpo97lpv5y.png stdout tsv
19:22:54 INFO     command: tesseract --psm 0 -l osd /tmp/tmprs43ltwe.png stdout
19:22:55 INFO     command: tesseract -l por /tmp/tmprs43ltwe.png stdout tsv
19:22:58 INFO     command: tesseract --psm 0 -l osd /tmp/tmpdwyy86fk.png stdout
19:22:58 INFO     command: tesseract -l por /tmp/tmpdwyy86fk.png stdout tsv
19:23:01 INFO     command: tesseract --psm 0 -l osd /tmp/tmpu13itsz2.png stdout
19:23:01 INFO     command: tesseract -l por /tmp/tmpu13itsz2.png stdout tsv
19:23:04 INFO     command: tesseract --psm 0 -l osd /tmp/tmpjdz8g_1g.png stdout
19:23:05 INFO     command: tesseract -l por /tmp/tmpjdz8g_1g.png stdout tsv
19:23:21 INFO     command: tesseract --psm 0 -l osd /tmp/tmp4m2ewcrm.png stdout
19:23:22 INFO     command: tesseract -l por /tmp/tmp4m2ewcrm.png stdout tsv
19:23:25 INFO     Finished converting document agu_ptd_2025_2027_docdiretivo_assinado_assinado_assinado-copia_tarjada.pdf in 59.53 sec.
19:23:25 INFO     [1/7] ✓ AGU       :   7 riscos | 59.5s | ETA ~5min
19:23:25 INFO     [2/7] → documento-diretivo-mcom-_-ptd-25_27-copia_tarjada.pdf
19:23:25 INFO     detected formats: [<InputFormat.PDF: 'pdf'>]
19:23:25 INFO     Going to convert document batch...
19:23:25 INFO     Processing document documento-diretivo-mcom-_-ptd-25_27-copia_tarjada.pdf
19:23:26 INFO     command: tesseract --psm 0 -l osd /tmp/tmp5vufjqnb.png stdout
19:23:26 INFO     command: tesseract -l por /tmp/tmp5vufjqnb.png stdout tsv
19:23:28 INFO     command: tesseract --psm 0 -l osd /tmp/tmp6r9_rjtl.png stdout
19:23:30 INFO     command: tesseract -l por /tmp/tmp6r9_rjtl.png stdout tsv
19:23:36 INFO     command: tesseract --psm 0 -l osd /tmp/tmpr0api_3n.png stdout
19:23:37 INFO     command: tesseract -l por /tmp/tmpr0api_3n.png stdout tsv
19:23:38 INFO     command: tesseract --psm 0 -l osd /tmp/tmpss7xrc4y.png stdout
19:23:39 INFO     command: tesseract -l por /tmp/tmpss7xrc4y.png stdout tsv
19:23:40 INFO     command: tesseract --psm 0 -l osd /tmp/tmpi_uuldjy.png stdout
19:23:41 INFO     command: tesseract -l por /tmp/tmpi_uuldjy.png stdout tsv
19:23:44 INFO     command: tesseract --psm 0 -l osd /tmp/tmpnj930q3t.png stdout
19:23:45 INFO     command: tesseract -l por /tmp/tmpnj930q3t.png stdout tsv
19:24:03 INFO     command: tesseract --psm 0 -l osd /tmp/tmp8bs116rr.png stdout
19:24:04 INFO     command: tesseract -l por /tmp/tmp8bs116rr.png stdout tsv
19:24:06 INFO     command: tesseract --psm 0 -l osd /tmp/tmp7095fww2.png stdout
19:24:07 INFO     command: tesseract -l por /tmp/tmp7095fww2.png stdout tsv
19:24:09 INFO     command: tesseract --psm 0 -l osd /tmp/tmpisxube71.png stdout
19:24:10 INFO     command: tesseract -l por /tmp/tmpisxube71.png stdout tsv
19:24:12 INFO     command: tesseract --psm 0 -l osd /tmp/tmpjs0zjtc5.png stdout
19:24:13 INFO     command: tesseract -l por /tmp/tmpjs0zjtc5.png stdout tsv
19:24:17 INFO     command: tesseract --psm 0 -l osd /tmp/tmpp7tat665.png stdout
19:24:18 INFO     command: tesseract -l por /tmp/tmpp7tat665.png stdout tsv
19:24:24 INFO     command: tesseract --psm 0 -l osd /tmp/tmp1kkqfdp3.png stdout
19:24:25 INFO     command: tesseract -l por /tmp/tmp1kkqfdp3.png stdout tsv
19:24:27 INFO     command: tesseract --psm 0 -l osd /tmp/tmpqeamf94e.png stdout
19:24:27 INFO     command: tesseract -l por /tmp/tmpqeamf94e.png stdout tsv
19:24:29 INFO     command: tesseract --psm 0 -l osd /tmp/tmp7_2j49s3.png stdout
19:24:30 INFO     command: tesseract -l por /tmp/tmp7_2j49s3.png stdout tsv
19:24:36 INFO     Finished converting document documento-diretivo-mcom-_-ptd-25_27-copia_tarjada.pdf in 71.08 sec.
19:24:36 INFO     [2/7] ✓ MCOM      :  14 riscos | 71.1s | ETA ~5min
19:24:36 INFO     [3/7] → fiocruz_novo-ptd_2-1_docdiretivo_repactuacao_2024-2026_assinado_assinado-copia_tarjada.pdf
19:24:36 INFO     detected formats: [<InputFormat.PDF: 'pdf'>]
19:24:36 INFO     Going to convert document batch...
19:24:36 INFO     Processing document fiocruz_novo-ptd_2-1_docdiretivo_repactuacao_2024-2026_assinado_assinado-copia_tarjada.pdf
19:24:54 INFO     Finished converting document fiocruz_novo-ptd_2-1_docdiretivo_repactuacao_2024-2026_assinado_assinado-copia_tarjada.pdf in 17.87 sec.
19:24:54 INFO     [3/7] ✓ FIOCRUZ   :   6 riscos | 17.9s | ETA ~3min
19:24:54 INFO     [4/7] → funai_ptd_2025_2027_docdiretivo_assinado-1_tarjado.pdf
19:24:54 INFO     detected formats: [<InputFormat.PDF: 'pdf'>]
19:24:54 INFO     Going to convert document batch...
19:24:54 INFO     Processing document funai_ptd_2025_2027_docdiretivo_assinado-1_tarjado.pdf
19:24:56 INFO     command: tesseract --psm 0 -l osd /tmp/tmpg70d4we0.png stdout
19:24:56 INFO     command: tesseract -l por /tmp/tmpg70d4we0.png stdout tsv
19:24:57 INFO     command: tesseract --psm 0 -l osd /tmp/tmpvdhebqrk.png stdout
19:24:59 INFO     command: tesseract -l por /tmp/tmpvdhebqrk.png stdout tsv
19:25:03 INFO     command: tesseract --psm 0 -l osd /tmp/tmp6_q3a8c0.png stdout
19:25:03 INFO     command: tesseract -l por /tmp/tmp6_q3a8c0.png stdout tsv
19:25:05 INFO     command: tesseract --psm 0 -l osd /tmp/tmpq63d2pfo.png stdout
19:25:06 INFO     command: tesseract -l por /tmp/tmpq63d2pfo.png stdout tsv
19:25:08 INFO     command: tesseract --psm 0 -l osd /tmp/tmp3njsv4kz.png stdout
19:25:09 INFO     command: tesseract -l por /tmp/tmp3njsv4kz.png stdout tsv
19:25:11 INFO     command: tesseract --psm 0 -l osd /tmp/tmpt__l_7mr.png stdout
19:25:12 INFO     command: tesseract -l por /tmp/tmpt__l_7mr.png stdout tsv
19:25:22 INFO     command: tesseract --psm 0 -l osd /tmp/tmpnvb2_7rs.png stdout
19:25:22 INFO     command: tesseract -l por /tmp/tmpnvb2_7rs.png stdout tsv
19:25:24 INFO     command: tesseract --psm 0 -l osd /tmp/tmpm208cb11.png stdout
19:25:25 INFO     command: tesseract -l por /tmp/tmpm208cb11.png stdout tsv
19:25:26 INFO     command: tesseract --psm 0 -l osd /tmp/tmpssovq1r5.png stdout
19:25:27 INFO     command: tesseract -l por /tmp/tmpssovq1r5.png stdout tsv
19:25:28 INFO     command: tesseract --psm 0 -l osd /tmp/tmpdtnph5p9.png stdout
19:25:30 INFO     command: tesseract -l por /tmp/tmpdtnph5p9.png stdout tsv
19:25:49 INFO     command: tesseract --psm 0 -l osd /tmp/tmpqmngmo17.png stdout
19:25:50 INFO     command: tesseract -l por /tmp/tmpqmngmo17.png stdout tsv
19:25:52 INFO     command: tesseract --psm 0 -l osd /tmp/tmpae73qo_k.png stdout
19:25:53 INFO     command: tesseract -l por /tmp/tmpae73qo_k.png stdout tsv
19:25:55 INFO     command: tesseract --psm 0 -l osd /tmp/tmpfmfemc93.png stdout
19:25:55 INFO     command: tesseract -l por /tmp/tmpfmfemc93.png stdout tsv
19:26:02 INFO     Finished converting document funai_ptd_2025_2027_docdiretivo_assinado-1_tarjado.pdf in 67.64 sec.
19:26:02 INFO     [4/7] ✓ FUNAI     :  15 riscos | 67.7s | ETA ~2min
19:26:02 INFO     [5/7] → incra_ptd_docdiretivo__assinado-1_assinado_assinado-copia_tarjada.pdf
19:26:02 INFO     detected formats: [<InputFormat.PDF: 'pdf'>]
19:26:02 INFO     Going to convert document batch...
19:26:02 INFO     Processing document incra_ptd_docdiretivo__assinado-1_assinado_assinado-copia_tarjada.pdf
19:26:03 INFO     command: tesseract --psm 0 -l osd /tmp/tmp5k2jciep.png stdout
19:26:04 INFO     command: tesseract -l por /tmp/tmp5k2jciep.png stdout tsv
19:26:06 INFO     command: tesseract --psm 0 -l osd /tmp/tmpc3c9v5xr.png stdout
19:26:07 INFO     command: tesseract -l por /tmp/tmpc3c9v5xr.png stdout tsv
19:26:13 INFO     command: tesseract --psm 0 -l osd /tmp/tmp6xdyoh4r.png stdout
19:26:13 INFO     command: tesseract -l por /tmp/tmp6xdyoh4r.png stdout tsv
19:26:15 INFO     command: tesseract --psm 0 -l osd /tmp/tmp75xk8i1j.png stdout
19:26:16 INFO     command: tesseract -l por /tmp/tmp75xk8i1j.png stdout tsv
19:26:18 INFO     command: tesseract --psm 0 -l osd /tmp/tmpryn3h6s7.png stdout
19:26:19 INFO     command: tesseract -l por /tmp/tmpryn3h6s7.png stdout tsv
19:26:21 INFO     command: tesseract --psm 0 -l osd /tmp/tmpgv8br3js.png stdout
19:26:22 INFO     command: tesseract -l por /tmp/tmpgv8br3js.png stdout tsv
19:26:39 INFO     command: tesseract --psm 0 -l osd /tmp/tmpiw92g1hf.png stdout
19:26:40 INFO     command: tesseract -l por /tmp/tmpiw92g1hf.png stdout tsv
19:26:42 INFO     command: tesseract --psm 0 -l osd /tmp/tmp3c9sp6n5.png stdout
19:26:42 INFO     command: tesseract -l por /tmp/tmp3c9sp6n5.png stdout tsv
19:26:44 INFO     command: tesseract --psm 0 -l osd /tmp/tmp1989o3ry.png stdout
19:26:45 INFO     command: tesseract -l por /tmp/tmp1989o3ry.png stdout tsv
19:26:47 INFO     command: tesseract --psm 0 -l osd /tmp/tmp8svlfs16.png stdout
19:26:48 INFO     command: tesseract -l por /tmp/tmp8svlfs16.png stdout tsv
19:26:52 INFO     command: tesseract --psm 0 -l osd /tmp/tmprdh1fpmw.png stdout
19:26:53 INFO     command: tesseract -l por /tmp/tmprdh1fpmw.png stdout tsv
19:27:06 INFO     command: tesseract --psm 0 -l osd /tmp/tmp9khw4a6k.png stdout
19:27:07 INFO     command: tesseract -l por /tmp/tmp9khw4a6k.png stdout tsv
19:27:09 INFO     command: tesseract --psm 0 -l osd /tmp/tmp_sorh_us.png stdout
19:27:10 INFO     command: tesseract -l por /tmp/tmp_sorh_us.png stdout tsv
19:27:18 INFO     Finished converting document incra_ptd_docdiretivo__assinado-1_assinado_assinado-copia_tarjada.pdf in 75.85 sec.
19:27:18 INFO     [5/7] ✓ INCRA     :  15 riscos | 75.9s | ETA ~1min
19:27:18 INFO     [6/7] → iti_doc_diretivo_assinado-1_tarjado.pdf
19:27:18 INFO     detected formats: [<InputFormat.PDF: 'pdf'>]
19:27:18 INFO     Going to convert document batch...
19:27:18 INFO     Processing document iti_doc_diretivo_assinado-1_tarjado.pdf
19:27:18 INFO     command: tesseract --psm 0 -l osd /tmp/tmph5f8pjqp.png stdout
19:27:19 INFO     command: tesseract -l por /tmp/tmph5f8pjqp.png stdout tsv
19:27:21 INFO     command: tesseract --psm 0 -l osd /tmp/tmpiqa7gjx_.png stdout
19:27:22 INFO     command: tesseract -l por /tmp/tmpiqa7gjx_.png stdout tsv
19:27:25 INFO     command: tesseract --psm 0 -l osd /tmp/tmpb0hyma28.png stdout
19:27:25 INFO     command: tesseract -l por /tmp/tmpb0hyma28.png stdout tsv
19:27:27 INFO     command: tesseract --psm 0 -l osd /tmp/tmpr7uwkakv.png stdout
19:27:28 INFO     command: tesseract -l por /tmp/tmpr7uwkakv.png stdout tsv
19:27:30 INFO     command: tesseract --psm 0 -l osd /tmp/tmpv93228aq.png stdout
19:27:30 INFO     command: tesseract -l por /tmp/tmpv93228aq.png stdout tsv
19:27:33 INFO     command: tesseract --psm 0 -l osd /tmp/tmpg565_myn.png stdout
19:27:34 INFO     command: tesseract -l por /tmp/tmpg565_myn.png stdout tsv
19:27:51 INFO     command: tesseract --psm 0 -l osd /tmp/tmpkqiuggg0.png stdout
19:27:51 INFO     command: tesseract -l por /tmp/tmpkqiuggg0.png stdout tsv
19:27:53 INFO     command: tesseract --psm 0 -l osd /tmp/tmpinqszm5e.png stdout
19:27:54 INFO     command: tesseract -l por /tmp/tmpinqszm5e.png stdout tsv
19:27:56 INFO     command: tesseract --psm 0 -l osd /tmp/tmpi_x5bf71.png stdout
19:27:57 INFO     command: tesseract -l por /tmp/tmpi_x5bf71.png stdout tsv
19:27:59 INFO     command: tesseract --psm 0 -l osd /tmp/tmpqry1ywe4.png stdout
19:28:00 INFO     command: tesseract -l por /tmp/tmpqry1ywe4.png stdout tsv
19:28:07 INFO     command: tesseract --psm 0 -l osd /tmp/tmp7pbyi9dg.png stdout
19:28:07 INFO     command: tesseract -l por /tmp/tmp7pbyi9dg.png stdout tsv
19:28:14 INFO     Finished converting document iti_doc_diretivo_assinado-1_tarjado.pdf in 56.55 sec.
19:28:14 INFO     [6/7] ✓ ITI       :  14 riscos | 56.6s | ETA ~58s
19:28:14 INFO     [7/7] → sgpr_ptd_2026_2027_docdiretivo_assinado-copia_tarjada.pdf
19:28:14 INFO     detected formats: [<InputFormat.PDF: 'pdf'>]
19:28:14 INFO     Going to convert document batch...
19:28:14 INFO     Processing document sgpr_ptd_2026_2027_docdiretivo_assinado-copia_tarjada.pdf
19:28:35 INFO     Finished converting document sgpr_ptd_2026_2027_docdiretivo_assinado-copia_tarjada.pdf in 20.59 sec.
19:28:35 INFO     [7/7] ✓ SGPR      :  10 riscos | 20.6s | ETA ~0s
19:28:35 INFO     ╔══════════════════════════════════════════════════════════════╗
19:28:35 INFO     ║                   RISCOS — fase concluída                    ║
19:28:35 INFO     ║  Processados: 7     |  ✓ 7  ⚠ 0                              ║
19:28:35 INFO     ║  Duração: 6.2 min                                            ║
19:28:35 INFO     ║  81 riscos | 7 órgãos                                        ║
19:28:35 INFO     ╚══════════════════════════════════════════════════════════════╝
19:28:35 INFO     81 riscos | 0 ações | 135 relações
19:28:35 INFO     ptd_corpus_raw                     : 261 linhas
19:28:35 INFO     ptd_pivot_eixos                    : 7 linhas
19:28:38 INFO     ptd_datas_assinatura               : 132 linhas
19:28:38 INFO     ptd_riscos                         : 81 linhas
19:28:38 INFO     ptd_riscos_acoes                   : 135 linhas
19:28:38 INFO     Manifesto salvo: pipeline_manifest.json | SHA-256 de 132 PDFs
19:28:38 INFO     ==================================================
19:28:38 INFO     PTD-BR v3.0-melhorado — PIPELINE CONCLUÍDO
19:28:38 INFO     ==================================================
19:28:38 INFO     ptd_corpus_raw.csv                        160 KB
19:28:38 INFO     ptd_pivot_eixos.csv                         0 KB
19:28:38 INFO     ptd_datas_assinatura.csv                    9 KB
19:28:38 INFO     ptd_riscos.csv                             23 KB
19:28:38 INFO     ptd_riscos_acoes.csv                        2 KB
19:28:38 INFO     proveniencia.json                           0 KB
19:28:38 INFO     pipeline_manifest.json                     20 KB
19:28:38 INFO     📦 Artefatos: https://github.com/freirelucas/teste/actions/runs/24008300681
19:28:38 INFO     ==================================================
