23:35:27 INFO     Docling disponível
23:35:27 WARNING  OCR fallback indisponível (IndentationError: unexpected indent (ptd_ocr_fallback.py, line 45))
23:35:28 INFO     Ignorado (guia/template/norma): ABNT-NBR-17225-Acessibilidade-Digital.pdf
23:35:28 INFO     Ignorado (guia/template/norma): cgrep-guia10passos-ptd-orgao.pdf
23:35:28 INFO     Ignorado (guia/template/norma): ABNT-NBR-17225-Acessibilidade-Digital.pdf
23:35:28 INFO     Scraping: 132 PDFs únicos | entregas: 68 | diretivos: 61
23:35:28 INFO     Baixando 132 PDFs únicos...
23:35:30 INFO     ✓ [  1/132] abin_ptd_anexo_de_entregas_assinado_pelo_orgao_ass   293.3KB
23:35:35 INFO     ✓ [  2/132] aeb_ptd_2025_2027_docdiretivo_aprovado_assinado-1_  1033.7KB
23:35:37 INFO     ✓ [  3/132] aeb_ptd_2025_2027_anexo_de_entregas_aprovado_assin   154.5KB
23:35:45 INFO     ✓ [  4/132] agu_ptd_2025_2027_docdiretivo_assinado_assinado_as  2860.3KB
23:35:48 INFO     ✓ [  5/132] agu_ptd_2025_2027_anexo_de_entregas_assinado_assin   525.5KB
23:35:50 INFO     ✓ [  6/132] ana_ptd_2025_2027_docdiretivo_assinado_assinado_as   477.2KB
23:35:53 INFO     ✓ [  7/132] ana_ptd_2025_2027_anexoentregas_assinado_assinado_   170.9KB
23:35:57 INFO     ✓ [  8/132] anac_ptd_2025_2026_docdiretivo_se_assinado_tarjado  1036.3KB
23:36:00 INFO     ✓ [  9/132] anac_ptd_2025_2026_anexo_de_entregas_se_assinado.p   215.2KB
23:36:03 INFO     ✓ [ 10/132] anatel_ptd_docdiretivo_assinado_2025_2026_assinado  1006.0KB
23:36:06 INFO     ✓ [ 11/132] anatel_ptd_2025_2026_anexo_de_entregas_do_ptd_publ    71.9KB
23:36:09 INFO     ✓ [ 12/132] ancine_ptd_2024_2026_docdiretivo_assinado-2_assina   961.8KB
23:36:13 INFO     ✓ [ 13/132] ancine_ptd_2024_2026_-_anexo_de_entregas_aprovado_   613.2KB
23:36:16 INFO     ✓ [ 14/132] ptd_aneel_2025-2027_docdiretivo_assinado_tarjado.p   779.6KB
23:36:19 INFO     ✓ [ 15/132] ptd_aneel_2025-2027_anexo_de_entregas_assinado.pdf   111.9KB
23:36:24 INFO     ✓ [ 16/132] anm_ptd_2025_2027_docdiretivo_assinadopeloorgao_ta  1092.5KB
23:36:29 INFO     ✓ [ 17/132] anm_ptd_2025_2027_anexo_entregas_assinadopeloorgao  1140.4KB
23:36:32 INFO     ✓ [ 18/132] anpd_ptd_2025_2027_docdiretivo_assinado_assinado_a  1044.3KB
23:36:35 INFO     ✓ [ 19/132] anpd_ptd_2025_2027_anexo_de_entregas_assinado_assi   166.5KB
23:36:39 INFO     ✓ [ 20/132] ans-plano_de_transformacao_digital_assinado-copia_  1023.4KB
23:36:41 INFO     ✓ [ 21/132] ans_ptd_2025_2026_anexo_de_entregas_assinado_assin   124.1KB
23:36:45 INFO     ✓ [ 22/132] antaq_ptd_2025_2027_docdiretivo_assinado_assinado_  1039.8KB
23:36:48 INFO     ✓ [ 23/132] antaq_ptd_2025_2027_anexoentregas_assinado_assinad   145.1KB
23:36:50 INFO     ✓ [ 24/132] mt_anexo_de_entregas_-_assinado_assinado_assinado_   143.6KB
23:37:02 INFO     ✓ [ 25/132] anvisa_ptd_docdiretivo_2025-2026_assinado_assinado  5771.2KB
23:37:04 INFO     ✓ [ 26/132] anvisa_ptd_anexo_de_entregas_2025_2026_assinado_as   239.0KB
23:37:08 INFO     ✓ [ 27/132] bcb_documento_diretivo_assinado_assinado_assinado-   713.7KB
23:37:10 INFO     ✓ [ 28/132] bcb_anexo_de_entregas_ptd_25_26-1_assinado_assinad   134.8KB
23:37:14 INFO     ✓ [ 29/132] cade_ptd_docdiretivo_2025_2026_assinado-2_assinado   810.4KB
23:37:17 INFO     ✓ [ 30/132] cade_ptd_anexo_de_entregas_2025_2026_assinado_copi   504.0KB
23:37:21 INFO     ✓ [ 31/132] mec_ptd_docdiretivo_2025-2026_sei_mec-5566673_copi   863.1KB
23:37:24 INFO     ✓ [ 32/132] mec_ptd_anexo-de-entregas_sei_mec-5576401_copia_ta   495.7KB
23:37:29 INFO     ✓ [ 33/132] mec_ptd_docdiretivo-versao-comunicacao_copia_tarja  1616.5KB
23:37:33 INFO     ✓ [ 34/132] md_ptd_2026_2027_anexo_de_entregas_assinado_assina   579.4KB
23:37:35 INFO     ✓ [ 35/132] md_ptd_2026_2027_anexo_de_entregas_assinado_assina   186.8KB
23:37:39 INFO     ✓ [ 36/132] md_ptd_temp_copia_tarjada.pdf                        741.9KB
23:37:43 INFO     ✓ [ 37/132] cgu_ptd_docdiretivo_assinado_assinado_assinado-cop  1085.4KB
23:37:46 INFO     ✓ [ 38/132] cgu_ptd_anexo_de_entregas_pactuadas_assinado_assin   514.1KB
23:37:49 INFO     ✓ [ 39/132] cnpq_ptd_2025_2027_docdiretivo_assinado_assinado_a   342.9KB
23:37:52 INFO     ✓ [ 40/132] cnpq_ptd_2025_2027_anexo_de_entregas_assinado_assi   136.1KB
23:37:56 INFO     ✓ [ 41/132] coaf_ptd_2025_2026_documento_diretivo_assinado_ass  1068.0KB
23:38:03 INFO     ✓ [ 42/132] coaf_ptd_2025_2026_anexo_de_entregas-2_assinado_as  3184.5KB
23:38:11 INFO     ✓ [ 43/132] ptd_midr-docdiretivo_aprovado_assinado_tarjado.pdf  3864.1KB
23:38:15 INFO     ✓ [ 44/132] ptd_midr_-_anexo_de_entregas_-_aprovado_assinado.p  1122.0KB
23:38:19 INFO     ✓ [ 45/132] mda-documento-diretivo-assinado_ptd-2025-207-copia   955.8KB
23:38:22 INFO     ✓ [ 46/132] cvm_ptd_2025_2027_docdiretivo_assinado_assinado_as   270.5KB
23:38:25 INFO     ✓ [ 47/132] cvm_ptd_2025_2027_anexoentregas_assinado_assinado_   409.0KB
23:38:30 INFO     ✓ [ 48/132] dnocs_ptd_doc_diretivo_2025_2026_assinado_orgao-2_   891.1KB
23:38:33 INFO     ✓ [ 49/132] dnocs_anexo_de_entregas_repactuado_2025_2026_assin   272.3KB
23:38:40 INFO     ✓ [ 50/132] fbn_ptd_2025_2027_docdiretivo_assinado-1_tarjado.p  2921.6KB
23:38:42 INFO     ✓ [ 51/132] fbn_ptd_2025_2027_anexo_de_entregas_assinado-1.pdf   162.3KB
23:38:47 INFO     ✓ [ 52/132] fcp_ptd_2025_2027_docdiretivo_assinado-1_tarjado.p  1612.0KB
23:38:50 INFO     ✓ [ 53/132] fcp_ptd_2025_2027_anexo_de_entregas_assinado-1.pdf   118.8KB
23:38:53 INFO     ✓ [ 54/132] fcrb_ptd_2025_2026_docdiretivo_aprovado_assinado-1   998.2KB
23:38:56 INFO     ✓ [ 55/132] fcrb_ptd_2025_2026_anexo_de_entregas_aprovado_assi   313.5KB
23:39:01 INFO     ✓ [ 56/132] fiocruz_novo-ptd_2-1_docdiretivo_repactuacao_2024-  1318.1KB
23:39:04 INFO     ✓ [ 57/132] fiocruz_ptd_anexo_de_entregas_assinado_v1_assinado   257.1KB
23:39:08 INFO     ✓ [ 58/132] fiocruz-ptd-06_2024-copia_tarjada.pdf               1693.8KB
23:39:14 INFO     ✓ [ 59/132] funai_ptd_2025_2027_docdiretivo_assinado-1_tarjado  1842.1KB
23:39:17 INFO     ✓ [ 60/132] funai_anexo_de_entregas_repactuado_2026_2027_assin   435.7KB
23:39:20 INFO     ✓ [ 61/132] funarte_ptd_docdiretivo_assinado_21_01_2025_assina   965.7KB
23:39:24 INFO     ✓ [ 62/132] funarte_ptd_anexo_de_entregas_assinado_v1_assinado   683.6KB
23:39:27 INFO     ✓ [ 63/132] fundacentro_ptd_2025_2027_docdiretivo_assinado_ass   826.6KB
23:39:31 INFO     ✓ [ 64/132] fundacentro_ptd_2025_2027_anexo_de_entregas_assina   635.5KB
23:39:35 INFO     ✓ [ 65/132] mma_ptd_docdiretivo_assinado_2025_2026-1_assinado_   949.3KB
23:39:37 INFO     ✓ [ 66/132] mma_ptd_anexo_de_entregas_aprovado_final_assinado_   174.8KB
23:39:41 INFO     ✓ [ 67/132] ibge_docdiretivo_2025_assinado_assinado_assinado-c  1167.3KB
23:39:43 INFO     ✓ [ 68/132] ibge_ptd_25_26_anexo_de_entregas_modelo_v2-1_assin   143.7KB
23:39:57 INFO     ✓ [ 69/132] incra_ptd_docdiretivo__assinado-1_assinado_assinad  7182.0KB
23:40:02 INFO     ✓ [ 70/132] incra_anexo_de_entregas_assinado-1_assinado_assina  1818.6KB
23:40:09 INFO     ✓ [ 71/132] inpi_ptd_docdiretivo_assinado_2025_2026_assinado_a  3322.4KB
23:40:16 INFO     ✓ [ 72/132] inpi_ptd_anexo_de_entregas_assinado_v1_assinado_as  3078.1KB
23:40:20 INFO     ✓ [ 73/132] inss_ptd_2025_2027_docdiretivo-assinado-copia_tarj  1173.3KB
23:40:22 INFO     ✓ [ 74/132] inss_ptd_2025_2027_anexo_de_entregas-assinado-copi   110.8KB
23:40:26 INFO     ✓ [ 75/132] iphan_ptd_docdiretivo_assinado_2025_2026_assinado_   885.7KB
23:40:29 INFO     ✓ [ 76/132] iphan_ptd_anexo_de_entregas_assinado_v1_assinado_a   310.9KB
23:40:39 INFO     ✓ [ 77/132] iti_doc_diretivo_assinado-1_tarjado.pdf             4905.1KB
23:40:44 INFO     ✓ [ 78/132] iti_anexo_de_entregas_assinado.pdf                   556.4KB
23:40:49 INFO     ✓ [ 79/132] mapa_ptd_2025_2027_docdiretivo_assinado-1_tarjado.  1740.9KB
23:40:52 INFO     ✓ [ 80/132] mapa_ptd_2025_2027_anexo_de_entregas_assinado-1.pd   261.9KB
23:41:01 INFO     ✓ [ 81/132] documento-diretivo-mcom-_-ptd-25_27-copia_tarjada.  4451.9KB
23:41:05 INFO     ✓ [ 82/132] anexo-de-entregas-mcom_ptd-25_27-copia_tarjada.pdf  1213.8KB
23:41:12 INFO     ✓ [ 83/132] ptd_21_24_mcom-copia_tarjada.pdf                    3040.7KB
23:41:16 INFO     ✓ [ 84/132] mcti_ptd_2025-2027_docdiretivo_assinado-copia_tarj  1030.7KB
23:41:18 INFO     ✓ [ 85/132] mcti_ptd_2025-2027_anexo-de-entregas_assinado-copi   145.8KB
23:41:21 INFO     ✓ [ 86/132] mda-anexo-entregas-assinado_ptd-2025-2027-copia-ta   284.6KB
23:41:24 INFO     ✓ [ 87/132] mdhc_ptd_2025_2027_docdiretivo_assinado_assinado_a   753.4KB
23:41:27 INFO     ✓ [ 88/132] mdhc_ptd_2025_2027_anexoentregas_assinado_assinado   186.8KB
23:41:29 INFO     ✓ [ 89/132] mdic_ptd_anexo_de_entregas_assinado_v1_assinado_as   176.6KB
23:41:34 INFO     ✓ [ 90/132] memp_ptd_2025_2026_docdiretivo_assinado_assinado_a  1030.1KB
23:41:36 INFO     ✓ [ 91/132] memp_ptd_2025_2026_anexo_de_entregas_assinado_assi   161.5KB
23:41:41 INFO     ✓ [ 92/132] mesp_ptd_2025_2027_docdiretivo_assinado_assinado_2  1147.7KB
23:41:43 INFO     ✓ [ 93/132] mesp_ptd_2025_2027_anexo_de_entregas_assinado_assi   226.6KB
23:41:47 INFO     ✓ [ 94/132] mf_ptd_2026_2027_documentodiretivo_assinado_assina   955.1KB
23:41:49 INFO     ✓ [ 95/132] mf_ptd_2026_2027_anexo_de_entregas_1_mf_se_assinad   241.2KB
23:41:52 INFO     ✓ [ 96/132] mgi_ptd_2025_2027_docdiretivo_assinado_assinado_as   375.2KB
23:41:55 INFO     ✓ [ 97/132] mgi_ptd_2025_2027_anexo_de_entregas_assinado_assin   256.1KB
23:41:59 INFO     ✓ [ 98/132] minc_ptd_2025_2027_docdiretivo_assinado-1_assinado   863.6KB
23:42:02 INFO     ✓ [ 99/132] minc_ptd_2025_2027_anexo_de_entregas_assinado-1_as   276.7KB
23:42:06 INFO     ✓ [100/132] mjsp_ptd_docdiretivo_assinado_2025_2026_assinado_a   954.0KB
23:42:08 INFO     ✓ [101/132] mjsp_ptd_anexo_de_entregas_assinado_v1_assinado_as   253.9KB
23:42:12 INFO     ✓ [102/132] mme_ptd_2025_2027_docdiretivo_assinado-copia_tarja   664.5KB
23:42:14 INFO     ✓ [103/132] mme_ptd_2025_2027_anexo_de_entregas_assinado__1_-c   111.1KB
23:42:18 INFO     ✓ [104/132] mmulheres_ptd_2025_2027_docdiretivo_assinado_assin  1078.3KB
23:42:21 INFO     ✓ [105/132] mmulheres_ptd_2025_2027_anexo_de_entregas_assinado   216.9KB
23:42:25 INFO     ✓ [106/132] mpi_ptd_2025_2027_docdiretivo_ministerio_dos_povos   947.9KB
23:42:27 INFO     ✓ [107/132] mpi_ptd_anexo_de_entregas_do_plano_de_tranformacao   191.9KB
23:42:31 INFO     ✓ [108/132] mpo_ptd_docdiretivo_assinado_2025_2026_assinado_as   806.3KB
23:42:34 INFO     ✓ [109/132] mpo_ptd_anexo_de_entregas_assinado_v1_assinado_ass   323.2KB
23:42:38 INFO     ✓ [110/132] mpor_ptd_2025_2027_docdiretivo_assinado_assinado_a   876.5KB
23:42:40 INFO     ✓ [111/132] mpor_ptd_2025_2027_anexo_de_entregas_assinado_assi   175.1KB
23:42:46 INFO     ✓ [112/132] mps_ptd_2025-2026_docdiretivo_final_assinado-1_ass  1024.4KB
23:42:49 INFO     ✓ [113/132] mps_ptd_2025-2026_anexo_de_entregas_final_assinado   165.0KB
23:42:52 INFO     ✓ [114/132] mre_ptd_docdiretivo_assinado_2025_2026_assinado_as   760.9KB
23:42:55 INFO     ✓ [115/132] mre_ptd_anexo_de_entregas_assinado_v1_assinado_ass   233.2KB
23:42:59 INFO     ✓ [116/132] mte_ptd_2025_2026_docdiretivo_assinado_assinado_as   729.6KB
23:43:02 INFO     ✓ [117/132] mte_ptd_anexo_de_entregas_assinado_v1__281_29_assi   459.5KB
23:43:06 INFO     ✓ [118/132] mtur_ptd_docdiretiv_assinado_30_01_2025_assinado_a  1050.4KB
23:43:09 INFO     ✓ [119/132] mtur_ptd_anexo_de_entregas_assinado_30_01_2025_ass   118.8KB
23:43:12 INFO     ✓ [120/132] pf_ptd_docdiretivo_2025_2027_assinado-copia_tarjad   964.3KB
23:43:15 INFO     ✓ [121/132] pf_ptd_anexo_de_entregas_2025_2027_assinado-copia_    62.5KB
23:43:17 INFO     ✓ [122/132] mf_ptd_2026_2027_anexo_de_entregas_4_mf_pgfn_assin   466.8KB
23:43:30 INFO     ✓ [123/132] previc_plano_de_transformacao_digital_2025_2026_29  6652.7KB
23:43:32 INFO     ✓ [124/132] previc_ptd_repactuacao_2025-2026_assinado_assinado   182.9KB
23:43:35 INFO     ✓ [125/132] prf_documentodiretivo_ptd_2026-2027_assinado_tarja   535.9KB
23:43:38 INFO     ✓ [126/132] prf_anexo_de_entregas_do_ptd__2026_2027___ptd___en   157.7KB
23:43:41 INFO     ✓ [127/132] mf_ptd_2026_2027_anexo_de_entregas_2_mf_rfb_assina   253.7KB
23:43:44 INFO     ✓ [128/132] sgpr_ptd_2026_2027_docdiretivo_assinado-copia_tarj   791.2KB
23:43:48 INFO     ✓ [129/132] sgpr_ptd_2025_2027_anexo_de_entregas_assinado-copi   897.9KB
23:43:51 INFO     ✓ [130/132] mf_ptd_2026_2027_anexo_de_entregas_3_mf_stn_assina   467.8KB
23:43:55 INFO     ✓ [131/132] susep_ptd_2025_2027_docdiretivo-assinado-copia_tar  1030.1KB
23:43:58 INFO     ✓ [132/132] susep_ptd_2025-2026_anexo_de_entregas_final_assina   221.9KB
23:43:59 INFO     132 OK | 0 erros | 123.3 MB total
23:44:05 INFO     Sanity: 132 PDFs | 113 texto | 19 imagem/OCR | 0 duplicatas
23:44:05 INFO     --siglas (debug): 15 PDFs de ['AGU', 'FIOCRUZ', 'FUNAI', 'FUNDACENTRO', 'INCRA', 'ITI', 'MCOM', 'SGPR']
23:44:05 INFO     DocumentConverter instanciado (singleton × 2: plain + OCR)
23:44:05 INFO     [1/15] → agu_ptd_2025_2027_anexo_de_entregas_assinado_assinado_assinado-copia_tarjada.pdf
23:44:05 INFO     detected formats: [<InputFormat.PDF: 'pdf'>]
23:44:05 INFO     Going to convert document batch...
23:44:05 INFO     Initializing pipeline for StandardPdfPipeline with options hash bc6794697da537796efc497178f9263f
23:44:05 INFO     Loading plugin 'docling_defaults'
23:44:05 INFO     Registered picture descriptions: ['picture_description_vlm_engine', 'vlm', 'api']
23:44:05 INFO     Loading plugin 'docling_defaults'
23:44:05 INFO     Registered ocr engines: ['auto', 'easyocr', 'kserve_v2_ocr', 'ocrmac', 'rapidocr', 'tesserocr', 'tesseract']
23:44:05 INFO     command: tesseract --list-langs
23:44:05 INFO     Loading plugin 'docling_defaults'
23:44:05 INFO     Registered layout engines: ['layout_object_detection', 'docling_layout_default', 'docling_experimental_table_crops_layout']
23:44:05 INFO     Accelerator device: 'cpu'
23:44:05 INFO     HTTP Request: GET https://huggingface.co/api/models/docling-project/docling-layout-heron/revision/main "HTTP/1.1 200 OK"
23:44:05 INFO     HTTP Request: HEAD https://huggingface.co/docling-project/docling-layout-heron/resolve/8f39ad3c0b4c58e9c2d2c84a38465abf757272d8/.gitattributes "HTTP/1.1 307 Temporary Redirect"
23:44:05 INFO     HTTP Request: HEAD https://huggingface.co/api/resolve-cache/models/docling-project/docling-layout-heron/8f39ad3c0b4c58e9c2d2c84a38465abf757272d8/.gitattributes "HTTP/1.1 200 OK"
23:44:05 INFO     HTTP Request: HEAD https://huggingface.co/docling-project/docling-layout-heron/resolve/8f39ad3c0b4c58e9c2d2c84a38465abf757272d8/config.json "HTTP/1.1 307 Temporary Redirect"
23:44:05 INFO     HTTP Request: HEAD https://huggingface.co/docling-project/docling-layout-heron/resolve/8f39ad3c0b4c58e9c2d2c84a38465abf757272d8/README.md "HTTP/1.1 307 Temporary Redirect"
23:44:05 WARNING  Warning: You are sending unauthenticated requests to the HF Hub. Please set a HF_TOKEN to enable higher rate limits and faster downloads.
23:44:05 INFO     HTTP Request: HEAD https://huggingface.co/docling-project/docling-layout-heron/resolve/8f39ad3c0b4c58e9c2d2c84a38465abf757272d8/preprocessor_config.json "HTTP/1.1 307 Temporary Redirect"
23:44:05 INFO     HTTP Request: GET https://huggingface.co/api/resolve-cache/models/docling-project/docling-layout-heron/8f39ad3c0b4c58e9c2d2c84a38465abf757272d8/.gitattributes "HTTP/1.1 200 OK"
23:44:05 INFO     HTTP Request: HEAD https://huggingface.co/docling-project/docling-layout-heron/resolve/8f39ad3c0b4c58e9c2d2c84a38465abf757272d8/docling_heron_400.png "HTTP/1.1 307 Temporary Redirect"
23:44:05 INFO     HTTP Request: HEAD https://huggingface.co/api/resolve-cache/models/docling-project/docling-layout-heron/8f39ad3c0b4c58e9c2d2c84a38465abf757272d8/README.md "HTTP/1.1 200 OK"
23:44:05 INFO     HTTP Request: HEAD https://huggingface.co/api/resolve-cache/models/docling-project/docling-layout-heron/8f39ad3c0b4c58e9c2d2c84a38465abf757272d8/preprocessor_config.json "HTTP/1.1 200 OK"
23:44:05 INFO     HTTP Request: HEAD https://huggingface.co/docling-project/docling-layout-heron/resolve/8f39ad3c0b4c58e9c2d2c84a38465abf757272d8/model.safetensors "HTTP/1.1 302 Found"
23:44:05 INFO     HTTP Request: HEAD https://huggingface.co/api/resolve-cache/models/docling-project/docling-layout-heron/8f39ad3c0b4c58e9c2d2c84a38465abf757272d8/config.json "HTTP/1.1 200 OK"
23:44:05 INFO     HTTP Request: HEAD https://huggingface.co/api/resolve-cache/models/docling-project/docling-layout-heron/8f39ad3c0b4c58e9c2d2c84a38465abf757272d8/docling_heron_400.png "HTTP/1.1 200 OK"
23:44:05 INFO     HTTP Request: GET https://huggingface.co/api/resolve-cache/models/docling-project/docling-layout-heron/8f39ad3c0b4c58e9c2d2c84a38465abf757272d8/README.md "HTTP/1.1 200 OK"
23:44:05 INFO     HTTP Request: GET https://huggingface.co/api/resolve-cache/models/docling-project/docling-layout-heron/8f39ad3c0b4c58e9c2d2c84a38465abf757272d8/preprocessor_config.json "HTTP/1.1 200 OK"
23:44:05 INFO     HTTP Request: GET https://huggingface.co/api/resolve-cache/models/docling-project/docling-layout-heron/8f39ad3c0b4c58e9c2d2c84a38465abf757272d8/config.json "HTTP/1.1 200 OK"
23:44:05 INFO     HTTP Request: GET https://huggingface.co/api/resolve-cache/models/docling-project/docling-layout-heron/8f39ad3c0b4c58e9c2d2c84a38465abf757272d8/docling_heron_400.png "HTTP/1.1 200 OK"
23:44:05 INFO     HTTP Request: GET https://huggingface.co/api/models/docling-project/docling-layout-heron/xet-read-token/8f39ad3c0b4c58e9c2d2c84a38465abf757272d8 "HTTP/1.1 200 OK"
23:44:07 INFO     Loading plugin 'docling_defaults'
23:44:07 INFO     Registered table structure engines: ['docling_tableformer', 'docling_tableformer_v2']
23:44:07 INFO     HTTP Request: GET https://huggingface.co/api/models/docling-project/docling-models/revision/v2.3.0 "HTTP/1.1 200 OK"
23:44:07 INFO     HTTP Request: HEAD https://huggingface.co/docling-project/docling-models/resolve/fc0f2d45e2218ea24bce5045f58a389aed16dc23/.gitattributes "HTTP/1.1 307 Temporary Redirect"
23:44:07 INFO     HTTP Request: HEAD https://huggingface.co/docling-project/docling-models/resolve/fc0f2d45e2218ea24bce5045f58a389aed16dc23/README.md "HTTP/1.1 307 Temporary Redirect"
23:44:07 INFO     HTTP Request: HEAD https://huggingface.co/docling-project/docling-models/resolve/fc0f2d45e2218ea24bce5045f58a389aed16dc23/model_artifacts/tableformer/accurate/tableformer_accurate.safetensors "HTTP/1.1 302 Found"
23:44:07 INFO     HTTP Request: HEAD https://huggingface.co/docling-project/docling-models/resolve/fc0f2d45e2218ea24bce5045f58a389aed16dc23/.gitignore "HTTP/1.1 307 Temporary Redirect"
23:44:07 INFO     HTTP Request: HEAD https://huggingface.co/docling-project/docling-models/resolve/fc0f2d45e2218ea24bce5045f58a389aed16dc23/model_artifacts/tableformer/accurate/tm_config.json "HTTP/1.1 307 Temporary Redirect"
23:44:07 INFO     HTTP Request: HEAD https://huggingface.co/docling-project/docling-models/resolve/fc0f2d45e2218ea24bce5045f58a389aed16dc23/config.json "HTTP/1.1 307 Temporary Redirect"
23:44:07 INFO     HTTP Request: HEAD https://huggingface.co/api/resolve-cache/models/docling-project/docling-models/fc0f2d45e2218ea24bce5045f58a389aed16dc23/.gitattributes "HTTP/1.1 200 OK"
23:44:07 INFO     HTTP Request: HEAD https://huggingface.co/api/resolve-cache/models/docling-project/docling-models/fc0f2d45e2218ea24bce5045f58a389aed16dc23/README.md "HTTP/1.1 200 OK"
23:44:07 INFO     HTTP Request: HEAD https://huggingface.co/api/resolve-cache/models/docling-project/docling-models/fc0f2d45e2218ea24bce5045f58a389aed16dc23/.gitignore "HTTP/1.1 200 OK"
23:44:07 INFO     HTTP Request: HEAD https://huggingface.co/api/resolve-cache/models/docling-project/docling-models/fc0f2d45e2218ea24bce5045f58a389aed16dc23/model_artifacts%2Ftableformer%2Faccurate%2Ftm_config.json "HTTP/1.1 200 OK"
23:44:07 INFO     HTTP Request: HEAD https://huggingface.co/api/resolve-cache/models/docling-project/docling-models/fc0f2d45e2218ea24bce5045f58a389aed16dc23/config.json "HTTP/1.1 200 OK"
23:44:07 INFO     HTTP Request: GET https://huggingface.co/api/resolve-cache/models/docling-project/docling-models/fc0f2d45e2218ea24bce5045f58a389aed16dc23/.gitattributes "HTTP/1.1 200 OK"
23:44:07 INFO     HTTP Request: HEAD https://huggingface.co/docling-project/docling-models/resolve/fc0f2d45e2218ea24bce5045f58a389aed16dc23/model_artifacts/tableformer/fast/tm_config.json "HTTP/1.1 307 Temporary Redirect"
23:44:07 INFO     HTTP Request: HEAD https://huggingface.co/docling-project/docling-models/resolve/fc0f2d45e2218ea24bce5045f58a389aed16dc23/model_artifacts/tableformer/fast/tableformer_fast.safetensors "HTTP/1.1 302 Found"
23:44:07 INFO     HTTP Request: GET https://huggingface.co/api/resolve-cache/models/docling-project/docling-models/fc0f2d45e2218ea24bce5045f58a389aed16dc23/README.md "HTTP/1.1 200 OK"
23:44:07 INFO     HTTP Request: GET https://huggingface.co/api/resolve-cache/models/docling-project/docling-models/fc0f2d45e2218ea24bce5045f58a389aed16dc23/.gitignore "HTTP/1.1 200 OK"
23:44:07 INFO     HTTP Request: GET https://huggingface.co/api/resolve-cache/models/docling-project/docling-models/fc0f2d45e2218ea24bce5045f58a389aed16dc23/model_artifacts%2Ftableformer%2Faccurate%2Ftm_config.json "HTTP/1.1 200 OK"
23:44:07 INFO     HTTP Request: GET https://huggingface.co/api/resolve-cache/models/docling-project/docling-models/fc0f2d45e2218ea24bce5045f58a389aed16dc23/config.json "HTTP/1.1 200 OK"
23:44:07 INFO     HTTP Request: HEAD https://huggingface.co/api/resolve-cache/models/docling-project/docling-models/fc0f2d45e2218ea24bce5045f58a389aed16dc23/model_artifacts%2Ftableformer%2Ffast%2Ftm_config.json "HTTP/1.1 200 OK"
23:44:07 INFO     HTTP Request: GET https://huggingface.co/api/resolve-cache/models/docling-project/docling-models/fc0f2d45e2218ea24bce5045f58a389aed16dc23/model_artifacts%2Ftableformer%2Ffast%2Ftm_config.json "HTTP/1.1 200 OK"
23:44:07 INFO     HTTP Request: GET https://huggingface.co/api/models/docling-project/docling-models/xet-read-token/fc0f2d45e2218ea24bce5045f58a389aed16dc23 "HTTP/1.1 200 OK"
23:44:07 INFO     HTTP Request: GET https://huggingface.co/api/models/docling-project/docling-models/xet-read-token/fc0f2d45e2218ea24bce5045f58a389aed16dc23 "HTTP/1.1 200 OK"
23:44:08 INFO     Accelerator device: 'cpu'
23:44:09 INFO     Processing document agu_ptd_2025_2027_anexo_de_entregas_assinado_assinado_assinado-copia_tarjada.pdf
23:44:09 INFO     command: tesseract --psm 0 -l osd /tmp/tmpx3_4sst2.png stdout
23:44:10 INFO     command: tesseract -l por /tmp/tmpx3_4sst2.png stdout tsv
23:44:13 INFO     command: tesseract --psm 0 -l osd /tmp/tmpf2i8rg5u.png stdout
23:44:15 INFO     command: tesseract -l por /tmp/tmpf2i8rg5u.png stdout tsv
23:44:29 INFO     Finished converting document agu_ptd_2025_2027_anexo_de_entregas_assinado_assinado_assinado-copia_tarjada.pdf in 24.41 sec.
23:44:29 INFO       pixel_budget (Docling) agu_ptd_2025_2027_anexo_de_entregas_assinado_assinado_assinado-copia_tarjada.pdf: 45.8% (área tabelas/1001817 px²)
23:44:29 INFO     [1/15] ✓ AGU       :   33 entregas | 24.4s | ETA ~5min
23:44:29 INFO     [2/15] → agu_ptd_2025_2027_docdiretivo_assinado_assinado_assinado-copia_tarjada.pdf
23:44:29 INFO     detected formats: [<InputFormat.PDF: 'pdf'>]
23:44:29 INFO     Going to convert document batch...
23:44:29 INFO     Processing document agu_ptd_2025_2027_docdiretivo_assinado_assinado_assinado-copia_tarjada.pdf
23:44:30 INFO     command: tesseract --psm 0 -l osd /tmp/tmprlkk_t01.png stdout
23:44:30 INFO     command: tesseract -l por /tmp/tmprlkk_t01.png stdout tsv
23:44:32 INFO     command: tesseract --psm 0 -l osd /tmp/tmph13mlrpp.png stdout
23:44:34 INFO     command: tesseract -l por /tmp/tmph13mlrpp.png stdout tsv
23:44:36 INFO     command: tesseract --psm 0 -l osd /tmp/tmpck3woa6e.png stdout
23:44:36 INFO     command: tesseract -l por /tmp/tmpck3woa6e.png stdout tsv
23:44:39 INFO     command: tesseract --psm 0 -l osd /tmp/tmpr_uogvsz.png stdout
23:44:39 INFO     command: tesseract -l por /tmp/tmpr_uogvsz.png stdout tsv
23:44:42 INFO     command: tesseract --psm 0 -l osd /tmp/tmpdygi2d1y.png stdout
23:44:43 INFO     command: tesseract -l por /tmp/tmpdygi2d1y.png stdout tsv
23:44:45 INFO     command: tesseract --psm 0 -l osd /tmp/tmpbfx9qb4i.png stdout
23:44:46 INFO     command: tesseract -l por /tmp/tmpbfx9qb4i.png stdout tsv
23:44:55 INFO     command: tesseract --psm 0 -l osd /tmp/tmpakk7axg4.png stdout
23:44:56 INFO     command: tesseract -l por /tmp/tmpakk7axg4.png stdout tsv
23:44:58 INFO     command: tesseract --psm 0 -l osd /tmp/tmp0c1ko9gb.png stdout
23:44:59 INFO     command: tesseract -l por /tmp/tmp0c1ko9gb.png stdout tsv
23:45:01 INFO     command: tesseract --psm 0 -l osd /tmp/tmptk44ci9v.png stdout
23:45:02 INFO     command: tesseract -l por /tmp/tmptk44ci9v.png stdout tsv
23:45:05 INFO     command: tesseract --psm 0 -l osd /tmp/tmph8dxog_0.png stdout
23:45:06 INFO     command: tesseract -l por /tmp/tmph8dxog_0.png stdout tsv
23:45:19 INFO     command: tesseract --psm 0 -l osd /tmp/tmp882rockj.png stdout
23:45:21 INFO     command: tesseract -l por /tmp/tmp882rockj.png stdout tsv
23:45:23 INFO     Finished converting document agu_ptd_2025_2027_docdiretivo_assinado_assinado_assinado-copia_tarjada.pdf in 54.27 sec.
23:45:23 INFO       pixel_budget (Docling) agu_ptd_2025_2027_docdiretivo_assinado_assinado_assinado-copia_tarjada.pdf: 2.1% (área tabelas/5513330 px²)
23:45:23 INFO     [2/15] ✓ AGU       :    6 entregas | 54.3s | ETA ~8min
23:45:23 INFO     [3/15] → anexo-de-entregas-mcom_ptd-25_27-copia_tarjada.pdf
23:45:23 INFO     detected formats: [<InputFormat.PDF: 'pdf'>]
23:45:23 INFO     Going to convert document batch...
23:45:23 INFO     Processing document anexo-de-entregas-mcom_ptd-25_27-copia_tarjada.pdf
23:45:24 INFO     command: tesseract --psm 0 -l osd /tmp/tmpfictlfje.png stdout
23:45:25 INFO     command: tesseract -l por /tmp/tmpfictlfje.png stdout tsv
23:45:28 INFO     command: tesseract --psm 0 -l osd /tmp/tmpb4b_g5zb.png stdout
23:45:30 INFO     command: tesseract -l por /tmp/tmpb4b_g5zb.png stdout tsv
23:45:39 INFO     command: tesseract --psm 0 -l osd /tmp/tmp5t0aclco.png stdout
23:45:40 INFO     command: tesseract -l por /tmp/tmp5t0aclco.png stdout tsv
23:45:55 INFO     Finished converting document anexo-de-entregas-mcom_ptd-25_27-copia_tarjada.pdf in 31.64 sec.
23:45:55 INFO       pixel_budget (Docling) anexo-de-entregas-mcom_ptd-25_27-copia_tarjada.pdf: 55.2% (área tabelas/1503636 px²)
23:45:55 INFO     [3/15] ✓ MCOM      :   55 entregas | 31.7s | ETA ~7min
23:45:55 INFO     [4/15] → documento-diretivo-mcom-_-ptd-25_27-copia_tarjada.pdf
23:45:55 INFO     detected formats: [<InputFormat.PDF: 'pdf'>]
23:45:55 INFO     Going to convert document batch...
23:45:55 INFO     Processing document documento-diretivo-mcom-_-ptd-25_27-copia_tarjada.pdf
23:45:56 INFO     command: tesseract --psm 0 -l osd /tmp/tmpb7_p8oki.png stdout
23:45:56 INFO     command: tesseract -l por /tmp/tmpb7_p8oki.png stdout tsv
23:45:58 INFO     command: tesseract --psm 0 -l osd /tmp/tmpcilfupp3.png stdout
23:46:00 INFO     command: tesseract -l por /tmp/tmpcilfupp3.png stdout tsv
23:46:05 INFO     command: tesseract --psm 0 -l osd /tmp/tmpvdicreph.png stdout
23:46:06 INFO     command: tesseract -l por /tmp/tmpvdicreph.png stdout tsv
23:46:07 INFO     command: tesseract --psm 0 -l osd /tmp/tmpcx34ql2c.png stdout
23:46:08 INFO     command: tesseract -l por /tmp/tmpcx34ql2c.png stdout tsv
23:46:10 INFO     command: tesseract --psm 0 -l osd /tmp/tmpqenk3vrb.png stdout
23:46:11 INFO     command: tesseract -l por /tmp/tmpqenk3vrb.png stdout tsv
23:46:13 INFO     command: tesseract --psm 0 -l osd /tmp/tmppfk808h9.png stdout
23:46:15 INFO     command: tesseract -l por /tmp/tmppfk808h9.png stdout tsv
23:46:30 INFO     command: tesseract --psm 0 -l osd /tmp/tmp8jgtw36z.png stdout
23:46:31 INFO     command: tesseract -l por /tmp/tmp8jgtw36z.png stdout tsv
23:46:33 INFO     command: tesseract --psm 0 -l osd /tmp/tmp_hsybucp.png stdout
23:46:34 INFO     command: tesseract -l por /tmp/tmp_hsybucp.png stdout tsv
23:46:36 INFO     command: tesseract --psm 0 -l osd /tmp/tmp5sx2i9vw.png stdout
23:46:37 INFO     command: tesseract -l por /tmp/tmp5sx2i9vw.png stdout tsv
23:46:39 INFO     command: tesseract --psm 0 -l osd /tmp/tmphqm5033k.png stdout
23:46:41 INFO     command: tesseract -l por /tmp/tmphqm5033k.png stdout tsv
23:46:49 INFO     command: tesseract --psm 0 -l osd /tmp/tmpgpp6ihmj.png stdout
23:46:51 INFO     command: tesseract -l por /tmp/tmpgpp6ihmj.png stdout tsv
23:46:53 INFO     command: tesseract --psm 0 -l osd /tmp/tmpjd2894uk.png stdout
23:46:54 INFO     command: tesseract -l por /tmp/tmpjd2894uk.png stdout tsv
23:46:56 INFO     command: tesseract --psm 0 -l osd /tmp/tmpqajd2kl3.png stdout
23:46:57 INFO     command: tesseract -l por /tmp/tmpqajd2kl3.png stdout tsv
23:46:59 INFO     command: tesseract --psm 0 -l osd /tmp/tmpvrfkmnki.png stdout
23:47:00 INFO     command: tesseract -l por /tmp/tmpvrfkmnki.png stdout tsv
23:47:05 INFO     Finished converting document documento-diretivo-mcom-_-ptd-25_27-copia_tarjada.pdf in 69.52 sec.
23:47:05 INFO       pixel_budget (Docling) documento-diretivo-mcom-_-ptd-25_27-copia_tarjada.pdf: 10.8% (área tabelas/7016966 px²)
23:47:05 INFO     [4/15] ✓ MCOM      :    3 entregas | 69.5s | ETA ~8min
23:47:05 INFO     [5/15] → fiocruz-ptd-06_2024-copia_tarjada.pdf
23:47:05 INFO     detected formats: [<InputFormat.PDF: 'pdf'>]
23:47:05 INFO     Going to convert document batch...
23:47:05 INFO     Initializing pipeline for StandardPdfPipeline with options hash d18651824ca6fe56cf3ccb20424ac2c8
23:47:05 INFO     Accelerator device: 'cpu'
23:47:05 INFO     HTTP Request: GET https://huggingface.co/api/models/docling-project/docling-layout-heron/revision/main "HTTP/1.1 200 OK"
23:47:05 INFO     HTTP Request: GET https://huggingface.co/api/models/docling-project/docling-models/revision/v2.3.0 "HTTP/1.1 200 OK"
23:47:05 INFO     Accelerator device: 'cpu'
23:47:06 INFO     Processing document fiocruz-ptd-06_2024-copia_tarjada.pdf
23:48:01 INFO     Finished converting document fiocruz-ptd-06_2024-copia_tarjada.pdf in 56.27 sec.
23:48:01 INFO       pixel_budget (Docling) fiocruz-ptd-06_2024-copia_tarjada.pdf: 36.4% (área tabelas/7518178 px²)
23:48:01 INFO     [5/15] ✓ FIOCRUZ   :    1 entregas | 56.3s | ETA ~7min
23:48:01 INFO     [6/15] → fiocruz_novo-ptd_2-1_docdiretivo_repactuacao_2024-2026_assinado_assinado-copia_tarjada.pdf
23:48:01 INFO     detected formats: [<InputFormat.PDF: 'pdf'>]
23:48:01 INFO     Going to convert document batch...
23:48:01 INFO     Processing document fiocruz_novo-ptd_2-1_docdiretivo_repactuacao_2024-2026_assinado_assinado-copia_tarjada.pdf
23:48:17 INFO     Finished converting document fiocruz_novo-ptd_2-1_docdiretivo_repactuacao_2024-2026_assinado_assinado-copia_tarjada.pdf in 15.90 sec.
23:48:17 INFO       pixel_budget (Docling) fiocruz_novo-ptd_2-1_docdiretivo_repactuacao_2024-2026_assinado_assinado-copia_tarjada.pdf: 11.3% (área tabelas/5012118 px²)
23:48:17 INFO     [6/15] ✓ FIOCRUZ   :    5 entregas | 15.9s | ETA ~6min
23:48:17 INFO     [7/15] → fiocruz_ptd_anexo_de_entregas_assinado_v1_assinado_assinado-1-copia_tarjada.pdf
23:48:17 INFO     detected formats: [<InputFormat.PDF: 'pdf'>]
23:48:17 INFO     Going to convert document batch...
23:48:17 INFO     Processing document fiocruz_ptd_anexo_de_entregas_assinado_v1_assinado_assinado-1-copia_tarjada.pdf
23:48:41 INFO     Finished converting document fiocruz_ptd_anexo_de_entregas_assinado_v1_assinado_assinado-1-copia_tarjada.pdf in 23.89 sec.
23:48:41 INFO       pixel_budget (Docling) fiocruz_ptd_anexo_de_entregas_assinado_v1_assinado_assinado-1-copia_tarjada.pdf: 54.7% (área tabelas/2004847 px²)
23:48:41 INFO     [7/15] ✓ FIOCRUZ   :   61 entregas | 23.9s | ETA ~5min
23:48:41 INFO     [8/15] → funai_anexo_de_entregas_repactuado_2026_2027_assinado_assinado_assinado.pdf
23:48:41 INFO     detected formats: [<InputFormat.PDF: 'pdf'>]
23:48:41 INFO     Going to convert document batch...
23:48:41 INFO     Processing document funai_anexo_de_entregas_repactuado_2026_2027_assinado_assinado_assinado.pdf
23:48:42 INFO     command: tesseract --psm 0 -l osd /tmp/tmpizbnevpp.png stdout
23:48:43 INFO     command: tesseract -l por /tmp/tmpizbnevpp.png stdout tsv
23:48:53 INFO     Finished converting document funai_anexo_de_entregas_repactuado_2026_2027_assinado_assinado_assinado.pdf in 12.28 sec.
23:48:53 INFO       pixel_budget (Docling) funai_anexo_de_entregas_repactuado_2026_2027_assinado_assinado_assinado.pdf: 49.8% (área tabelas/501212 px²)
23:48:53 INFO     [8/15] ✓ FUNAI     :   21 entregas | 12.3s | ETA ~4min
23:48:53 INFO     [9/15] → funai_ptd_2025_2027_docdiretivo_assinado-1_tarjado.pdf
23:48:53 INFO     detected formats: [<InputFormat.PDF: 'pdf'>]
23:48:53 INFO     Going to convert document batch...
23:48:53 INFO     Processing document funai_ptd_2025_2027_docdiretivo_assinado-1_tarjado.pdf
23:48:54 INFO     command: tesseract --psm 0 -l osd /tmp/tmpfbnsg80y.png stdout
23:48:55 INFO     command: tesseract -l por /tmp/tmpfbnsg80y.png stdout tsv
23:48:56 INFO     command: tesseract --psm 0 -l osd /tmp/tmp5wa2tbtf.png stdout
23:48:58 INFO     command: tesseract -l por /tmp/tmp5wa2tbtf.png stdout tsv
23:48:59 INFO     command: tesseract --psm 0 -l osd /tmp/tmpm4i9njpi.png stdout
23:49:00 INFO     command: tesseract -l por /tmp/tmpm4i9njpi.png stdout tsv
23:49:02 INFO     command: tesseract --psm 0 -l osd /tmp/tmpdi9ei55_.png stdout
23:49:03 INFO     command: tesseract -l por /tmp/tmpdi9ei55_.png stdout tsv
23:49:05 INFO     command: tesseract --psm 0 -l osd /tmp/tmp4_0ku31n.png stdout
23:49:06 INFO     command: tesseract -l por /tmp/tmp4_0ku31n.png stdout tsv
23:49:08 INFO     command: tesseract --psm 0 -l osd /tmp/tmpo9e561iw.png stdout
23:49:10 INFO     command: tesseract -l por /tmp/tmpo9e561iw.png stdout tsv
23:49:22 INFO     command: tesseract --psm 0 -l osd /tmp/tmpuk2550gf.png stdout
23:49:23 INFO     command: tesseract -l por /tmp/tmpuk2550gf.png stdout tsv
23:49:24 INFO     command: tesseract --psm 0 -l osd /tmp/tmpv59sm36q.png stdout
23:49:25 INFO     command: tesseract -l por /tmp/tmpv59sm36q.png stdout tsv
23:49:26 INFO     command: tesseract --psm 0 -l osd /tmp/tmp_zhz__ce.png stdout
23:49:27 INFO     command: tesseract -l por /tmp/tmp_zhz__ce.png stdout tsv
23:49:29 INFO     command: tesseract --psm 0 -l osd /tmp/tmps07d4d1n.png stdout
23:49:31 INFO     command: tesseract -l por /tmp/tmps07d4d1n.png stdout tsv
23:49:44 INFO     command: tesseract --psm 0 -l osd /tmp/tmpzys37772.png stdout
23:49:46 INFO     command: tesseract -l por /tmp/tmpzys37772.png stdout tsv
23:49:52 INFO     command: tesseract --psm 0 -l osd /tmp/tmpjoc378j1.png stdout
23:49:53 INFO     command: tesseract -l por /tmp/tmpjoc378j1.png stdout tsv
23:49:54 INFO     command: tesseract --psm 0 -l osd /tmp/tmplcd5mr1u.png stdout
23:49:55 INFO     command: tesseract -l por /tmp/tmplcd5mr1u.png stdout tsv
23:50:01 INFO     Finished converting document funai_ptd_2025_2027_docdiretivo_assinado-1_tarjado.pdf in 67.52 sec.
23:50:01 INFO       pixel_budget (Docling) funai_ptd_2025_2027_docdiretivo_assinado-1_tarjado.pdf: 16.4% (área tabelas/6515754 px²)
23:50:01 INFO     [9/15] ✓ FUNAI     :    8 entregas | 67.5s | ETA ~3min
23:50:01 INFO     [10/15] → incra_anexo_de_entregas_assinado-1_assinado_assinado-copia_tarjada.pdf
23:50:01 INFO     detected formats: [<InputFormat.PDF: 'pdf'>]
23:50:01 INFO     Going to convert document batch...
23:50:01 INFO     Processing document incra_anexo_de_entregas_assinado-1_assinado_assinado-copia_tarjada.pdf
23:50:02 INFO     command: tesseract --psm 0 -l osd /tmp/tmpyq26281o.png stdout
23:50:03 INFO     command: tesseract -l por /tmp/tmpyq26281o.png stdout tsv
23:50:05 INFO     command: tesseract --psm 0 -l osd /tmp/tmp69x_idp8.png stdout
23:50:07 INFO     command: tesseract -l por /tmp/tmp69x_idp8.png stdout tsv
23:50:12 INFO     command: tesseract --psm 0 -l osd /tmp/tmpm6d49d9i.png stdout
23:50:14 INFO     command: tesseract -l por /tmp/tmpm6d49d9i.png stdout tsv
23:50:16 INFO     command: tesseract --psm 0 -l osd /tmp/tmpthy5qvss.png stdout
23:50:18 INFO     command: tesseract -l por /tmp/tmpthy5qvss.png stdout tsv
23:50:20 INFO     command: tesseract --psm 0 -l osd /tmp/tmpdmig1rcz.png stdout
23:50:21 INFO     command: tesseract -l por /tmp/tmpdmig1rcz.png stdout tsv
23:51:23 INFO     Finished converting document incra_anexo_de_entregas_assinado-1_assinado_assinado-copia_tarjada.pdf in 82.20 sec.
23:51:23 INFO       pixel_budget (Docling) incra_anexo_de_entregas_assinado-1_assinado_assinado-copia_tarjada.pdf: 30.0% (área tabelas/2423520 px²)
23:51:23 INFO     [10/15] ✓ INCRA     :   10 entregas | 82.2s | ETA ~3min
23:51:23 INFO     [11/15] → incra_ptd_docdiretivo__assinado-1_assinado_assinado-copia_tarjada.pdf
23:51:23 INFO     detected formats: [<InputFormat.PDF: 'pdf'>]
23:51:23 INFO     Going to convert document batch...
23:51:23 INFO     Processing document incra_ptd_docdiretivo__assinado-1_assinado_assinado-copia_tarjada.pdf
23:51:24 INFO     command: tesseract --psm 0 -l osd /tmp/tmpadrhgc0_.png stdout
23:51:25 INFO     command: tesseract -l por /tmp/tmpadrhgc0_.png stdout tsv
23:51:27 INFO     command: tesseract --psm 0 -l osd /tmp/tmp3v1up3qr.png stdout
23:51:28 INFO     command: tesseract -l por /tmp/tmp3v1up3qr.png stdout tsv
23:51:33 INFO     command: tesseract --psm 0 -l osd /tmp/tmpxxfjvm79.png stdout
23:51:34 INFO     command: tesseract -l por /tmp/tmpxxfjvm79.png stdout tsv
23:51:36 INFO     command: tesseract --psm 0 -l osd /tmp/tmps57yh6du.png stdout
23:51:37 INFO     command: tesseract -l por /tmp/tmps57yh6du.png stdout tsv
23:51:39 INFO     command: tesseract --psm 0 -l osd /tmp/tmphgyyxo0z.png stdout
23:51:40 INFO     command: tesseract -l por /tmp/tmphgyyxo0z.png stdout tsv
23:51:42 INFO     command: tesseract --psm 0 -l osd /tmp/tmpc32v8r0t.png stdout
23:51:44 INFO     command: tesseract -l por /tmp/tmpc32v8r0t.png stdout tsv
23:52:00 INFO     command: tesseract --psm 0 -l osd /tmp/tmpwj5hd2w4.png stdout
23:52:01 INFO     command: tesseract -l por /tmp/tmpwj5hd2w4.png stdout tsv
23:52:03 INFO     command: tesseract --psm 0 -l osd /tmp/tmpm0l7yc91.png stdout
23:52:04 INFO     command: tesseract -l por /tmp/tmpm0l7yc91.png stdout tsv
23:52:05 INFO     command: tesseract --psm 0 -l osd /tmp/tmpcxq81kjn.png stdout
23:52:06 INFO     command: tesseract -l por /tmp/tmpcxq81kjn.png stdout tsv
23:52:08 INFO     command: tesseract --psm 0 -l osd /tmp/tmpqrbe89ui.png stdout
23:52:10 INFO     command: tesseract -l por /tmp/tmpqrbe89ui.png stdout tsv
23:52:15 INFO     command: tesseract --psm 0 -l osd /tmp/tmpez8kgc_a.png stdout
23:52:17 INFO     command: tesseract -l por /tmp/tmpez8kgc_a.png stdout tsv
23:52:27 INFO     command: tesseract --psm 0 -l osd /tmp/tmpwqfe9gb9.png stdout
23:52:28 INFO     command: tesseract -l por /tmp/tmpwqfe9gb9.png stdout tsv
23:52:30 INFO     command: tesseract --psm 0 -l osd /tmp/tmpxwj43dho.png stdout
23:52:31 INFO     command: tesseract -l por /tmp/tmpxwj43dho.png stdout tsv
23:52:37 INFO     Finished converting document incra_ptd_docdiretivo__assinado-1_assinado_assinado-copia_tarjada.pdf in 74.25 sec.
23:52:37 INFO       pixel_budget (Docling) incra_ptd_docdiretivo__assinado-1_assinado_assinado-copia_tarjada.pdf: 20.2% (área tabelas/6515754 px²)
23:52:37 INFO     [11/15] ✓ INCRA     :   11 entregas | 74.3s | ETA ~3min
23:52:37 INFO     [12/15] → iti_anexo_de_entregas_assinado.pdf
23:52:37 INFO     detected formats: [<InputFormat.PDF: 'pdf'>]
23:52:37 INFO     Going to convert document batch...
23:52:37 INFO     Processing document iti_anexo_de_entregas_assinado.pdf
23:52:38 INFO     command: tesseract --psm 0 -l osd /tmp/tmpt8vkiovq.png stdout
23:52:39 INFO     command: tesseract -l por /tmp/tmpt8vkiovq.png stdout tsv
23:52:51 INFO     Finished converting document iti_anexo_de_entregas_assinado.pdf in 13.67 sec.
23:52:51 INFO       pixel_budget (Docling) iti_anexo_de_entregas_assinado.pdf: 57.2% (área tabelas/501212 px²)
23:52:51 INFO     [12/15] ✓ ITI       :   31 entregas | 13.7s | ETA ~2min
23:52:51 INFO     [13/15] → iti_doc_diretivo_assinado-1_tarjado.pdf
23:52:51 INFO     detected formats: [<InputFormat.PDF: 'pdf'>]
23:52:51 INFO     Going to convert document batch...
23:52:51 INFO     Processing document iti_doc_diretivo_assinado-1_tarjado.pdf
23:52:51 INFO     command: tesseract --psm 0 -l osd /tmp/tmpv259283n.png stdout
23:52:52 INFO     command: tesseract -l por /tmp/tmpv259283n.png stdout tsv
23:52:54 INFO     command: tesseract --psm 0 -l osd /tmp/tmpkmr4z2nv.png stdout
23:52:56 INFO     command: tesseract -l por /tmp/tmpkmr4z2nv.png stdout tsv
23:52:58 INFO     command: tesseract --psm 0 -l osd /tmp/tmpusd0wln4.png stdout
23:52:59 INFO     command: tesseract -l por /tmp/tmpusd0wln4.png stdout tsv
23:53:01 INFO     command: tesseract --psm 0 -l osd /tmp/tmpvk4c3tqj.png stdout
23:53:02 INFO     command: tesseract -l por /tmp/tmpvk4c3tqj.png stdout tsv
23:53:03 INFO     command: tesseract --psm 0 -l osd /tmp/tmp03dl8poh.png stdout
23:53:04 INFO     command: tesseract -l por /tmp/tmp03dl8poh.png stdout tsv
23:53:06 INFO     command: tesseract --psm 0 -l osd /tmp/tmp64fho7hm.png stdout
23:53:08 INFO     command: tesseract -l por /tmp/tmp64fho7hm.png stdout tsv
23:53:23 INFO     command: tesseract --psm 0 -l osd /tmp/tmp6pxbgnbn.png stdout
23:53:25 INFO     command: tesseract -l por /tmp/tmp6pxbgnbn.png stdout tsv
23:53:27 INFO     command: tesseract --psm 0 -l osd /tmp/tmptp6o_snr.png stdout
23:53:28 INFO     command: tesseract -l por /tmp/tmptp6o_snr.png stdout tsv
23:53:30 INFO     command: tesseract --psm 0 -l osd /tmp/tmpjirad_s2.png stdout
23:53:31 INFO     command: tesseract -l por /tmp/tmpjirad_s2.png stdout tsv
23:53:33 INFO     command: tesseract --psm 0 -l osd /tmp/tmpby0l8nw8.png stdout
23:53:35 INFO     command: tesseract -l por /tmp/tmpby0l8nw8.png stdout tsv
23:53:44 INFO     command: tesseract --psm 0 -l osd /tmp/tmpkx006l4c.png stdout
23:53:46 INFO     command: tesseract -l por /tmp/tmpkx006l4c.png stdout tsv
23:53:50 INFO     Finished converting document iti_doc_diretivo_assinado-1_tarjado.pdf in 59.28 sec.
23:53:50 INFO       pixel_budget (Docling) iti_doc_diretivo_assinado-1_tarjado.pdf: 8.0% (área tabelas/5516339 px²)
23:53:50 INFO     [13/15] ✓ ITI       :    9 entregas | 59.3s | ETA ~1min
23:53:50 INFO     [14/15] → sgpr_ptd_2025_2027_anexo_de_entregas_assinado-copia_tarjada.pdf
23:53:50 INFO     detected formats: [<InputFormat.PDF: 'pdf'>]
23:53:50 INFO     Going to convert document batch...
23:53:50 INFO     Processing document sgpr_ptd_2025_2027_anexo_de_entregas_assinado-copia_tarjada.pdf
23:53:51 INFO     command: tesseract --psm 0 -l osd /tmp/tmp6h91c6x2.png stdout
23:53:52 INFO     command: tesseract -l por /tmp/tmp6h91c6x2.png stdout tsv
23:53:55 INFO     command: tesseract --psm 0 -l osd /tmp/tmpk2gpgc7j.png stdout
23:53:56 INFO     command: tesseract -l por /tmp/tmpk2gpgc7j.png stdout tsv
23:54:04 INFO     Finished converting document sgpr_ptd_2025_2027_anexo_de_entregas_assinado-copia_tarjada.pdf in 14.14 sec.
23:54:04 INFO       pixel_budget (Docling) sgpr_ptd_2025_2027_anexo_de_entregas_assinado-copia_tarjada.pdf: 29.5% (área tabelas/1002424 px²)
23:54:04 INFO     [14/15] ✓ SGPR      :   15 entregas | 14.1s | ETA ~43s
23:54:04 INFO     [15/15] → sgpr_ptd_2026_2027_docdiretivo_assinado-copia_tarjada.pdf
23:54:04 INFO     detected formats: [<InputFormat.PDF: 'pdf'>]
23:54:04 INFO     Going to convert document batch...
23:54:04 INFO     Processing document sgpr_ptd_2026_2027_docdiretivo_assinado-copia_tarjada.pdf
23:54:22 INFO     Finished converting document sgpr_ptd_2026_2027_docdiretivo_assinado-copia_tarjada.pdf in 17.36 sec.
23:54:22 INFO       pixel_budget (Docling) sgpr_ptd_2026_2027_docdiretivo_assinado-copia_tarjada.pdf: 8.2% (área tabelas/5513330 px²)
23:54:22 INFO     [15/15] ✓ SGPR      :    4 entregas | 17.4s | ETA ~0s
23:54:22 INFO     273 registros | 7 órgãos
23:54:22 INFO     ╔══════════════════════════════════════════════════════════════╗
23:54:22 INFO     ║                  ENTREGAS — fase concluída                   ║
23:54:22 INFO     ║  Processados: 15    |  ✓ 15  ⚠ 0                             ║
23:54:22 INFO     ║  Duração: 10.3 min                                           ║
23:54:22 INFO     ║  273 registros | 7 órgãos                                    ║
23:54:22 INFO     ╚══════════════════════════════════════════════════════════════╝
23:54:22 INFO     [1/7] → agu_ptd_2025_2027_docdiretivo_assinado_assinado_assinado-copia_tarjada.pdf
23:54:22 INFO     detected formats: [<InputFormat.PDF: 'pdf'>]
23:54:22 INFO     Going to convert document batch...
23:54:22 INFO     Processing document agu_ptd_2025_2027_docdiretivo_assinado_assinado_assinado-copia_tarjada.pdf
23:54:22 INFO     command: tesseract --psm 0 -l osd /tmp/tmpvky4h0of.png stdout
23:54:23 INFO     command: tesseract -l por /tmp/tmpvky4h0of.png stdout tsv
23:54:24 INFO     command: tesseract --psm 0 -l osd /tmp/tmplffihxkz.png stdout
23:54:26 INFO     command: tesseract -l por /tmp/tmplffihxkz.png stdout tsv
23:54:28 INFO     command: tesseract --psm 0 -l osd /tmp/tmpqigd1qx5.png stdout
23:54:29 INFO     command: tesseract -l por /tmp/tmpqigd1qx5.png stdout tsv
23:54:31 INFO     command: tesseract --psm 0 -l osd /tmp/tmp3fsulwp4.png stdout
23:54:32 INFO     command: tesseract -l por /tmp/tmp3fsulwp4.png stdout tsv
23:54:34 INFO     command: tesseract --psm 0 -l osd /tmp/tmpuhg00cp0.png stdout
23:54:35 INFO     command: tesseract -l por /tmp/tmpuhg00cp0.png stdout tsv
23:54:37 INFO     command: tesseract --psm 0 -l osd /tmp/tmpe419hlv6.png stdout
23:54:38 INFO     command: tesseract -l por /tmp/tmpe419hlv6.png stdout tsv
23:54:51 INFO     command: tesseract --psm 0 -l osd /tmp/tmptjm3zv6v.png stdout
23:54:52 INFO     command: tesseract -l por /tmp/tmptjm3zv6v.png stdout tsv
23:54:54 INFO     command: tesseract --psm 0 -l osd /tmp/tmpol6c4o67.png stdout
23:54:55 INFO     command: tesseract -l por /tmp/tmpol6c4o67.png stdout tsv
23:54:57 INFO     command: tesseract --psm 0 -l osd /tmp/tmp1jw9ybzv.png stdout
23:54:58 INFO     command: tesseract -l por /tmp/tmp1jw9ybzv.png stdout tsv
23:55:00 INFO     command: tesseract --psm 0 -l osd /tmp/tmp8ej7kd5k.png stdout
23:55:02 INFO     command: tesseract -l por /tmp/tmp8ej7kd5k.png stdout tsv
23:55:18 INFO     command: tesseract --psm 0 -l osd /tmp/tmpidfznnyc.png stdout
23:55:19 INFO     command: tesseract -l por /tmp/tmpidfznnyc.png stdout tsv
23:55:22 INFO     Finished converting document agu_ptd_2025_2027_docdiretivo_assinado_assinado_assinado-copia_tarjada.pdf in 60.42 sec.
23:55:22 INFO     [1/7] ✓ AGU       :   7 riscos | 60.4s | ETA ~6min
23:55:22 INFO     [2/7] → documento-diretivo-mcom-_-ptd-25_27-copia_tarjada.pdf
23:55:22 INFO     detected formats: [<InputFormat.PDF: 'pdf'>]
23:55:22 INFO     Going to convert document batch...
23:55:22 INFO     Processing document documento-diretivo-mcom-_-ptd-25_27-copia_tarjada.pdf
23:55:23 INFO     command: tesseract --psm 0 -l osd /tmp/tmpoo4ovdo9.png stdout
23:55:23 INFO     command: tesseract -l por /tmp/tmpoo4ovdo9.png stdout tsv
23:55:26 INFO     command: tesseract --psm 0 -l osd /tmp/tmpm4v1c8x7.png stdout
23:55:27 INFO     command: tesseract -l por /tmp/tmpm4v1c8x7.png stdout tsv
23:55:32 INFO     command: tesseract --psm 0 -l osd /tmp/tmpn0ozzd8q.png stdout
23:55:33 INFO     command: tesseract -l por /tmp/tmpn0ozzd8q.png stdout tsv
23:55:34 INFO     command: tesseract --psm 0 -l osd /tmp/tmpjwedrs0v.png stdout
23:55:35 INFO     command: tesseract -l por /tmp/tmpjwedrs0v.png stdout tsv
23:55:37 INFO     command: tesseract --psm 0 -l osd /tmp/tmphaf4a8rw.png stdout
23:55:38 INFO     command: tesseract -l por /tmp/tmphaf4a8rw.png stdout tsv
23:55:40 INFO     command: tesseract --psm 0 -l osd /tmp/tmp5ngp26gn.png stdout
23:55:42 INFO     command: tesseract -l por /tmp/tmp5ngp26gn.png stdout tsv
23:55:57 INFO     command: tesseract --psm 0 -l osd /tmp/tmps0pz6oz2.png stdout
23:55:59 INFO     command: tesseract -l por /tmp/tmps0pz6oz2.png stdout tsv
23:56:01 INFO     command: tesseract --psm 0 -l osd /tmp/tmp3g6qssg2.png stdout
23:56:02 INFO     command: tesseract -l por /tmp/tmp3g6qssg2.png stdout tsv
23:56:05 INFO     command: tesseract --psm 0 -l osd /tmp/tmpz011y978.png stdout
23:56:06 INFO     command: tesseract -l por /tmp/tmpz011y978.png stdout tsv
23:56:08 INFO     command: tesseract --psm 0 -l osd /tmp/tmpzj7gaimr.png stdout
23:56:09 INFO     command: tesseract -l por /tmp/tmpzj7gaimr.png stdout tsv
23:56:16 INFO     command: tesseract --psm 0 -l osd /tmp/tmp79b2uk6s.png stdout
23:56:18 INFO     command: tesseract -l por /tmp/tmp79b2uk6s.png stdout tsv
23:56:20 INFO     command: tesseract --psm 0 -l osd /tmp/tmp20um7e94.png stdout
23:56:21 INFO     command: tesseract -l por /tmp/tmp20um7e94.png stdout tsv
23:56:23 INFO     command: tesseract --psm 0 -l osd /tmp/tmpbl222tt6.png stdout
23:56:24 INFO     command: tesseract -l por /tmp/tmpbl222tt6.png stdout tsv
23:56:26 INFO     command: tesseract --psm 0 -l osd /tmp/tmp6tlq8fe7.png stdout
23:56:27 INFO     command: tesseract -l por /tmp/tmp6tlq8fe7.png stdout tsv
23:56:33 INFO     Finished converting document documento-diretivo-mcom-_-ptd-25_27-copia_tarjada.pdf in 70.94 sec.
23:56:33 INFO     [2/7] ✓ MCOM      :  14 riscos | 70.9s | ETA ~5min
23:56:33 INFO     [3/7] → fiocruz_novo-ptd_2-1_docdiretivo_repactuacao_2024-2026_assinado_assinado-copia_tarjada.pdf
23:56:33 INFO     detected formats: [<InputFormat.PDF: 'pdf'>]
23:56:33 INFO     Going to convert document batch...
23:56:33 INFO     Processing document fiocruz_novo-ptd_2-1_docdiretivo_repactuacao_2024-2026_assinado_assinado-copia_tarjada.pdf
23:56:48 INFO     Finished converting document fiocruz_novo-ptd_2-1_docdiretivo_repactuacao_2024-2026_assinado_assinado-copia_tarjada.pdf in 15.43 sec.
23:56:48 INFO     [3/7] ✓ FIOCRUZ   :   6 riscos | 15.4s | ETA ~3min
23:56:48 INFO     [4/7] → funai_ptd_2025_2027_docdiretivo_assinado-1_tarjado.pdf
23:56:48 INFO     detected formats: [<InputFormat.PDF: 'pdf'>]
23:56:48 INFO     Going to convert document batch...
23:56:48 INFO     Processing document funai_ptd_2025_2027_docdiretivo_assinado-1_tarjado.pdf
23:56:50 INFO     command: tesseract --psm 0 -l osd /tmp/tmp8ckl5ph6.png stdout
23:56:50 INFO     command: tesseract -l por /tmp/tmp8ckl5ph6.png stdout tsv
23:56:51 INFO     command: tesseract --psm 0 -l osd /tmp/tmpowtm3f8d.png stdout
23:56:53 INFO     command: tesseract -l por /tmp/tmpowtm3f8d.png stdout tsv
23:56:55 INFO     command: tesseract --psm 0 -l osd /tmp/tmpeuaaphz5.png stdout
23:56:56 INFO     command: tesseract -l por /tmp/tmpeuaaphz5.png stdout tsv
23:56:58 INFO     command: tesseract --psm 0 -l osd /tmp/tmpan9wcpdw.png stdout
23:56:59 INFO     command: tesseract -l por /tmp/tmpan9wcpdw.png stdout tsv
23:57:01 INFO     command: tesseract --psm 0 -l osd /tmp/tmpljlyu86_.png stdout
23:57:02 INFO     command: tesseract -l por /tmp/tmpljlyu86_.png stdout tsv
23:57:04 INFO     command: tesseract --psm 0 -l osd /tmp/tmp3x2rw12j.png stdout
23:57:06 INFO     command: tesseract -l por /tmp/tmp3x2rw12j.png stdout tsv
23:57:14 INFO     command: tesseract --psm 0 -l osd /tmp/tmpbkct6jcd.png stdout
23:57:15 INFO     command: tesseract -l por /tmp/tmpbkct6jcd.png stdout tsv
23:57:16 INFO     command: tesseract --psm 0 -l osd /tmp/tmpjbivooh8.png stdout
23:57:17 INFO     command: tesseract -l por /tmp/tmpjbivooh8.png stdout tsv
23:57:18 INFO     command: tesseract --psm 0 -l osd /tmp/tmp9x12z4ua.png stdout
23:57:19 INFO     command: tesseract -l por /tmp/tmp9x12z4ua.png stdout tsv
23:57:21 INFO     command: tesseract --psm 0 -l osd /tmp/tmpftxg98uu.png stdout
23:57:23 INFO     command: tesseract -l por /tmp/tmpftxg98uu.png stdout tsv
23:57:34 INFO     command: tesseract --psm 0 -l osd /tmp/tmpj_vs3rr7.png stdout
23:57:36 INFO     command: tesseract -l por /tmp/tmpj_vs3rr7.png stdout tsv
23:57:42 INFO     command: tesseract --psm 0 -l osd /tmp/tmpq1ge7opx.png stdout
23:57:43 INFO     command: tesseract -l por /tmp/tmpq1ge7opx.png stdout tsv
23:57:45 INFO     command: tesseract --psm 0 -l osd /tmp/tmpias6k7gl.png stdout
23:57:46 INFO     command: tesseract -l por /tmp/tmpias6k7gl.png stdout tsv
23:57:52 INFO     Finished converting document funai_ptd_2025_2027_docdiretivo_assinado-1_tarjado.pdf in 63.22 sec.
23:57:52 INFO     [4/7] ✓ FUNAI     :  15 riscos | 63.2s | ETA ~2min
23:57:52 INFO     [5/7] → incra_ptd_docdiretivo__assinado-1_assinado_assinado-copia_tarjada.pdf
23:57:52 INFO     detected formats: [<InputFormat.PDF: 'pdf'>]
23:57:52 INFO     Going to convert document batch...
23:57:52 INFO     Processing document incra_ptd_docdiretivo__assinado-1_assinado_assinado-copia_tarjada.pdf
23:57:53 INFO     command: tesseract --psm 0 -l osd /tmp/tmp5y0p_oyr.png stdout
23:57:53 INFO     command: tesseract -l por /tmp/tmp5y0p_oyr.png stdout tsv
23:57:55 INFO     command: tesseract --psm 0 -l osd /tmp/tmpxbnvvsxt.png stdout
23:57:57 INFO     command: tesseract -l por /tmp/tmpxbnvvsxt.png stdout tsv
23:58:03 INFO     command: tesseract --psm 0 -l osd /tmp/tmpnje_u0x0.png stdout
23:58:04 INFO     command: tesseract -l por /tmp/tmpnje_u0x0.png stdout tsv
23:58:06 INFO     command: tesseract --psm 0 -l osd /tmp/tmpfu_4pt4x.png stdout
23:58:06 INFO     command: tesseract -l por /tmp/tmpfu_4pt4x.png stdout tsv
23:58:08 INFO     command: tesseract --psm 0 -l osd /tmp/tmps3jlpy9q.png stdout
23:58:09 INFO     command: tesseract -l por /tmp/tmps3jlpy9q.png stdout tsv
23:58:11 INFO     command: tesseract --psm 0 -l osd /tmp/tmp_qidmigs.png stdout
23:58:13 INFO     command: tesseract -l por /tmp/tmp_qidmigs.png stdout tsv
23:58:28 INFO     command: tesseract --psm 0 -l osd /tmp/tmp45vc806n.png stdout
23:58:30 INFO     command: tesseract -l por /tmp/tmp45vc806n.png stdout tsv
23:58:31 INFO     command: tesseract --psm 0 -l osd /tmp/tmpwvc4e0ft.png stdout
23:58:32 INFO     command: tesseract -l por /tmp/tmpwvc4e0ft.png stdout tsv
23:58:34 INFO     command: tesseract --psm 0 -l osd /tmp/tmpbeyjy108.png stdout
23:58:35 INFO     command: tesseract -l por /tmp/tmpbeyjy108.png stdout tsv
23:58:37 INFO     command: tesseract --psm 0 -l osd /tmp/tmpfga5pjof.png stdout
23:58:38 INFO     command: tesseract -l por /tmp/tmpfga5pjof.png stdout tsv
23:58:44 INFO     command: tesseract --psm 0 -l osd /tmp/tmpeq0l73t4.png stdout
23:58:46 INFO     command: tesseract -l por /tmp/tmpeq0l73t4.png stdout tsv
23:58:52 INFO     command: tesseract --psm 0 -l osd /tmp/tmpu7o3quhv.png stdout
23:58:54 INFO     command: tesseract -l por /tmp/tmpu7o3quhv.png stdout tsv
23:58:56 INFO     command: tesseract --psm 0 -l osd /tmp/tmpx9d86f4q.png stdout
23:58:57 INFO     command: tesseract -l por /tmp/tmpx9d86f4q.png stdout tsv
23:59:03 INFO     Finished converting document incra_ptd_docdiretivo__assinado-1_assinado_assinado-copia_tarjada.pdf in 71.72 sec.
23:59:03 INFO     [5/7] ✓ INCRA     :  15 riscos | 71.7s | ETA ~1min
23:59:03 INFO     [6/7] → iti_doc_diretivo_assinado-1_tarjado.pdf
23:59:03 INFO     detected formats: [<InputFormat.PDF: 'pdf'>]
23:59:03 INFO     Going to convert document batch...
23:59:03 INFO     Processing document iti_doc_diretivo_assinado-1_tarjado.pdf
23:59:04 INFO     command: tesseract --psm 0 -l osd /tmp/tmpm257vx2t.png stdout
23:59:04 INFO     command: tesseract -l por /tmp/tmpm257vx2t.png stdout tsv
23:59:06 INFO     command: tesseract --psm 0 -l osd /tmp/tmp7mg_rp7n.png stdout
23:59:08 INFO     command: tesseract -l por /tmp/tmp7mg_rp7n.png stdout tsv
23:59:12 INFO     command: tesseract --psm 0 -l osd /tmp/tmpznax136g.png stdout
23:59:12 INFO     command: tesseract -l por /tmp/tmpznax136g.png stdout tsv
23:59:14 INFO     command: tesseract --psm 0 -l osd /tmp/tmpeu0fv2g6.png stdout
23:59:15 INFO     command: tesseract -l por /tmp/tmpeu0fv2g6.png stdout tsv
23:59:17 INFO     command: tesseract --psm 0 -l osd /tmp/tmpde6ieit6.png stdout
23:59:18 INFO     command: tesseract -l por /tmp/tmpde6ieit6.png stdout tsv
23:59:20 INFO     command: tesseract --psm 0 -l osd /tmp/tmpmhikke34.png stdout
23:59:22 INFO     command: tesseract -l por /tmp/tmpmhikke34.png stdout tsv
23:59:38 INFO     command: tesseract --psm 0 -l osd /tmp/tmpxwci76iy.png stdout
23:59:40 INFO     command: tesseract -l por /tmp/tmpxwci76iy.png stdout tsv
23:59:42 INFO     command: tesseract --psm 0 -l osd /tmp/tmpt43afgwr.png stdout
23:59:43 INFO     command: tesseract -l por /tmp/tmpt43afgwr.png stdout tsv
23:59:45 INFO     command: tesseract --psm 0 -l osd /tmp/tmpvbmy291h.png stdout
23:59:46 INFO     command: tesseract -l por /tmp/tmpvbmy291h.png stdout tsv
23:59:48 INFO     command: tesseract --psm 0 -l osd /tmp/tmpjhefc3s2.png stdout
23:59:50 INFO     command: tesseract -l por /tmp/tmpjhefc3s2.png stdout tsv
23:59:55 INFO     command: tesseract --psm 0 -l osd /tmp/tmpgpe2zodb.png stdout
23:59:57 INFO     command: tesseract -l por /tmp/tmpgpe2zodb.png stdout tsv
00:00:03 INFO     Finished converting document iti_doc_diretivo_assinado-1_tarjado.pdf in 59.96 sec.
00:00:03 INFO     [6/7] ✓ ITI       :  14 riscos | 60.0s | ETA ~57s
00:00:03 INFO     [7/7] → sgpr_ptd_2026_2027_docdiretivo_assinado-copia_tarjada.pdf
00:00:03 INFO     detected formats: [<InputFormat.PDF: 'pdf'>]
00:00:03 INFO     Going to convert document batch...
00:00:03 INFO     Processing document sgpr_ptd_2026_2027_docdiretivo_assinado-copia_tarjada.pdf
00:00:20 INFO     Finished converting document sgpr_ptd_2026_2027_docdiretivo_assinado-copia_tarjada.pdf in 17.14 sec.
00:00:20 INFO     [7/7] ✓ SGPR      :  10 riscos | 17.1s | ETA ~0s
00:00:20 INFO     ╔══════════════════════════════════════════════════════════════╗
00:00:20 INFO     ║                   RISCOS — fase concluída                    ║
00:00:20 INFO     ║  Processados: 7     |  ✓ 7  ⚠ 0                              ║
00:00:20 INFO     ║  Duração: 6.0 min                                            ║
00:00:20 INFO     ║  81 riscos | 7 órgãos                                        ║
00:00:20 INFO     ╚══════════════════════════════════════════════════════════════╝
00:00:20 INFO     81 riscos | 0 ações | 135 relações
00:00:20 INFO     ptd_corpus_raw                     : 273 linhas
00:00:20 INFO     ptd_pivot_eixos                    : 7 linhas
00:00:24 INFO     ptd_datas_assinatura               : 132 linhas
00:00:24 INFO     ptd_riscos                         : 81 linhas
00:00:24 INFO     ptd_riscos_acoes                   : 135 linhas
00:00:24 INFO     Manifesto salvo: pipeline_manifest.json | SHA-256 de 132 PDFs
00:00:24 INFO     ==================================================
00:00:24 INFO     PTD-BR v3.0-melhorado — PIPELINE CONCLUÍDO
00:00:24 INFO     ==================================================
00:00:24 INFO     ptd_corpus_raw.csv                        167 KB
00:00:24 INFO     ptd_pivot_eixos.csv                         0 KB
00:00:24 INFO     ptd_datas_assinatura.csv                    9 KB
00:00:24 INFO     ptd_riscos.csv                             23 KB
00:00:24 INFO     ptd_riscos_acoes.csv                        2 KB
00:00:24 INFO     proveniencia.json                           0 KB
00:00:24 INFO     pipeline_manifest.json                     21 KB
00:00:24 INFO     📦 Artefatos: https://github.com/freirelucas/teste/actions/runs/24056453705
00:00:24 INFO     ==================================================
