08:15:56 INFO     Docling disponível
08:15:56 WARNING  OCR fallback indisponível (IndentationError: unexpected indent (ptd_ocr_fallback.py, line 45))
08:15:57 INFO     Ignorado (guia/template/norma): ABNT-NBR-17225-Acessibilidade-Digital.pdf
08:15:57 INFO     Ignorado (guia/template/norma): cgrep-guia10passos-ptd-orgao.pdf
08:15:57 INFO     Ignorado (guia/template/norma): ABNT-NBR-17225-Acessibilidade-Digital.pdf
08:15:57 INFO     Scraping: 132 PDFs únicos | entregas: 68 | diretivos: 61
08:15:57 INFO     Baixando 132 PDFs únicos...
08:15:59 INFO     ✓ [  1/132] abin_ptd_anexo_de_entregas_assinado_pelo_orgao_ass   293.3KB
08:16:03 INFO     ✓ [  2/132] aeb_ptd_2025_2027_docdiretivo_aprovado_assinado-1_  1033.7KB
08:16:05 INFO     ✓ [  3/132] aeb_ptd_2025_2027_anexo_de_entregas_aprovado_assin   154.5KB
08:16:10 INFO     ✓ [  4/132] agu_ptd_2025_2027_docdiretivo_assinado_assinado_as  2860.3KB
08:16:13 INFO     ✓ [  5/132] agu_ptd_2025_2027_anexo_de_entregas_assinado_assin   525.5KB
08:16:15 INFO     ✓ [  6/132] ana_ptd_2025_2027_docdiretivo_assinado_assinado_as   477.2KB
08:16:18 INFO     ✓ [  7/132] ana_ptd_2025_2027_anexoentregas_assinado_assinado_   170.9KB
08:16:21 INFO     ✓ [  8/132] anac_ptd_2025_2026_docdiretivo_se_assinado_tarjado  1036.3KB
08:16:23 INFO     ✓ [  9/132] anac_ptd_2025_2026_anexo_de_entregas_se_assinado.p   215.2KB
08:16:26 INFO     ✓ [ 10/132] anatel_ptd_docdiretivo_assinado_2025_2026_assinado  1006.0KB
08:16:28 INFO     ✓ [ 11/132] anatel_ptd_2025_2026_anexo_de_entregas_do_ptd_publ    71.9KB
08:16:32 INFO     ✓ [ 12/132] ancine_ptd_2024_2026_docdiretivo_assinado-2_assina   961.8KB
08:16:34 INFO     ✓ [ 13/132] ancine_ptd_2024_2026_-_anexo_de_entregas_aprovado_   613.2KB
08:16:37 INFO     ✓ [ 14/132] ptd_aneel_2025-2027_docdiretivo_assinado_tarjado.p   779.6KB
08:16:39 INFO     ✓ [ 15/132] ptd_aneel_2025-2027_anexo_de_entregas_assinado.pdf   111.9KB
08:16:43 INFO     ✓ [ 16/132] anm_ptd_2025_2027_docdiretivo_assinadopeloorgao_ta  1092.5KB
08:16:46 INFO     ✓ [ 17/132] anm_ptd_2025_2027_anexo_entregas_assinadopeloorgao  1140.4KB
08:16:49 INFO     ✓ [ 18/132] anpd_ptd_2025_2027_docdiretivo_assinado_assinado_a  1044.3KB
08:16:51 INFO     ✓ [ 19/132] anpd_ptd_2025_2027_anexo_de_entregas_assinado_assi   166.5KB
08:16:55 INFO     ✓ [ 20/132] ans-plano_de_transformacao_digital_assinado-copia_  1023.4KB
08:16:57 INFO     ✓ [ 21/132] ans_ptd_2025_2026_anexo_de_entregas_assinado_assin   124.1KB
08:17:00 INFO     ✓ [ 22/132] antaq_ptd_2025_2027_docdiretivo_assinado_assinado_  1039.8KB
08:17:02 INFO     ✓ [ 23/132] antaq_ptd_2025_2027_anexoentregas_assinado_assinad   145.1KB
08:17:04 INFO     ✓ [ 24/132] mt_anexo_de_entregas_-_assinado_assinado_assinado_   143.6KB
08:17:12 INFO     ✓ [ 25/132] anvisa_ptd_docdiretivo_2025-2026_assinado_assinado  5771.2KB
08:17:15 INFO     ✓ [ 26/132] anvisa_ptd_anexo_de_entregas_2025_2026_assinado_as   239.0KB
08:17:17 INFO     ✓ [ 27/132] bcb_documento_diretivo_assinado_assinado_assinado-   713.7KB
08:17:19 INFO     ✓ [ 28/132] bcb_anexo_de_entregas_ptd_25_26-1_assinado_assinad   134.8KB
08:17:23 INFO     ✓ [ 29/132] cade_ptd_docdiretivo_2025_2026_assinado-2_assinado   810.4KB
08:17:25 INFO     ✓ [ 30/132] cade_ptd_anexo_de_entregas_2025_2026_assinado_copi   504.0KB
08:17:28 INFO     ✓ [ 31/132] mec_ptd_docdiretivo_2025-2026_sei_mec-5566673_copi   863.1KB
08:17:31 INFO     ✓ [ 32/132] mec_ptd_anexo-de-entregas_sei_mec-5576401_copia_ta   495.7KB
08:17:35 INFO     ✓ [ 33/132] mec_ptd_docdiretivo-versao-comunicacao_copia_tarja  1616.5KB
08:17:37 INFO     ✓ [ 34/132] md_ptd_2026_2027_anexo_de_entregas_assinado_assina   579.4KB
08:17:40 INFO     ✓ [ 35/132] md_ptd_2026_2027_anexo_de_entregas_assinado_assina   186.8KB
08:17:42 INFO     ✓ [ 36/132] md_ptd_temp_copia_tarjada.pdf                        741.9KB
08:17:46 INFO     ✓ [ 37/132] cgu_ptd_docdiretivo_assinado_assinado_assinado-cop  1085.4KB
08:17:48 INFO     ✓ [ 38/132] cgu_ptd_anexo_de_entregas_pactuadas_assinado_assin   514.1KB
08:17:51 INFO     ✓ [ 39/132] cnpq_ptd_2025_2027_docdiretivo_assinado_assinado_a   342.9KB
08:17:53 INFO     ✓ [ 40/132] cnpq_ptd_2025_2027_anexo_de_entregas_assinado_assi   136.1KB
08:17:56 INFO     ✓ [ 41/132] coaf_ptd_2025_2026_documento_diretivo_assinado_ass  1068.0KB
08:18:02 INFO     ✓ [ 42/132] coaf_ptd_2025_2026_anexo_de_entregas-2_assinado_as  3184.5KB
08:18:08 INFO     ✓ [ 43/132] ptd_midr-docdiretivo_aprovado_assinado_tarjado.pdf  3864.1KB
08:18:11 INFO     ✓ [ 44/132] ptd_midr_-_anexo_de_entregas_-_aprovado_assinado.p  1122.0KB
08:18:14 INFO     ✓ [ 45/132] mda-documento-diretivo-assinado_ptd-2025-207-copia   955.8KB
08:18:16 INFO     ✓ [ 46/132] cvm_ptd_2025_2027_docdiretivo_assinado_assinado_as   270.5KB
08:18:19 INFO     ✓ [ 47/132] cvm_ptd_2025_2027_anexoentregas_assinado_assinado_   409.0KB
08:18:22 INFO     ✓ [ 48/132] dnocs_ptd_doc_diretivo_2025_2026_assinado_orgao-2_   891.1KB
08:18:24 INFO     ✓ [ 49/132] dnocs_anexo_de_entregas_repactuado_2025_2026_assin   272.3KB
08:18:29 INFO     ✓ [ 50/132] fbn_ptd_2025_2027_docdiretivo_assinado-1_tarjado.p  2921.6KB
08:18:31 INFO     ✓ [ 51/132] fbn_ptd_2025_2027_anexo_de_entregas_assinado-1.pdf   162.3KB
08:18:35 INFO     ✓ [ 52/132] fcp_ptd_2025_2027_docdiretivo_assinado-1_tarjado.p  1612.0KB
08:18:37 INFO     ✓ [ 53/132] fcp_ptd_2025_2027_anexo_de_entregas_assinado-1.pdf   118.8KB
08:18:41 INFO     ✓ [ 54/132] fcrb_ptd_2025_2026_docdiretivo_aprovado_assinado-1   998.2KB
08:18:43 INFO     ✓ [ 55/132] fcrb_ptd_2025_2026_anexo_de_entregas_aprovado_assi   313.5KB
08:18:47 INFO     ✓ [ 56/132] fiocruz_novo-ptd_2-1_docdiretivo_repactuacao_2024-  1318.1KB
08:18:49 INFO     ✓ [ 57/132] fiocruz_ptd_anexo_de_entregas_assinado_v1_assinado   257.1KB
08:18:53 INFO     ✓ [ 58/132] fiocruz-ptd-06_2024-copia_tarjada.pdf               1693.8KB
08:18:57 INFO     ✓ [ 59/132] funai_ptd_2025_2027_docdiretivo_assinado-1_tarjado  1842.1KB
08:19:00 INFO     ✓ [ 60/132] funai_anexo_de_entregas_repactuado_2026_2027_assin   435.7KB
08:19:03 INFO     ✓ [ 61/132] funarte_ptd_docdiretivo_assinado_21_01_2025_assina   965.7KB
08:19:05 INFO     ✓ [ 62/132] funarte_ptd_anexo_de_entregas_assinado_v1_assinado   683.6KB
08:19:08 INFO     ✓ [ 63/132] fundacentro_ptd_2025_2027_docdiretivo_assinado_ass   826.6KB
08:19:11 INFO     ✓ [ 64/132] fundacentro_ptd_2025_2027_anexo_de_entregas_assina   635.5KB
08:19:14 INFO     ✓ [ 65/132] mma_ptd_docdiretivo_assinado_2025_2026-1_assinado_   949.3KB
08:19:17 INFO     ✓ [ 66/132] mma_ptd_anexo_de_entregas_aprovado_final_assinado_   174.8KB
08:19:20 INFO     ✓ [ 67/132] ibge_docdiretivo_2025_assinado_assinado_assinado-c  1167.3KB
08:19:22 INFO     ✓ [ 68/132] ibge_ptd_25_26_anexo_de_entregas_modelo_v2-1_assin   143.7KB
08:19:32 INFO     ✓ [ 69/132] incra_ptd_docdiretivo__assinado-1_assinado_assinad  7182.0KB
08:19:36 INFO     ✓ [ 70/132] incra_anexo_de_entregas_assinado-1_assinado_assina  1818.6KB
08:19:41 INFO     ✓ [ 71/132] inpi_ptd_docdiretivo_assinado_2025_2026_assinado_a  3322.4KB
08:19:47 INFO     ✓ [ 72/132] inpi_ptd_anexo_de_entregas_assinado_v1_assinado_as  3078.1KB
08:19:50 INFO     ✓ [ 73/132] inss_ptd_2025_2027_docdiretivo-assinado-copia_tarj  1173.3KB
08:19:52 INFO     ✓ [ 74/132] inss_ptd_2025_2027_anexo_de_entregas-assinado-copi   110.8KB
08:19:55 INFO     ✓ [ 75/132] iphan_ptd_docdiretivo_assinado_2025_2026_assinado_   885.7KB
08:19:58 INFO     ✓ [ 76/132] iphan_ptd_anexo_de_entregas_assinado_v1_assinado_a   310.9KB
08:20:05 INFO     ✓ [ 77/132] iti_doc_diretivo_assinado-1_tarjado.pdf             4905.1KB
08:20:08 INFO     ✓ [ 78/132] iti_anexo_de_entregas_assinado.pdf                   556.4KB
08:20:12 INFO     ✓ [ 79/132] mapa_ptd_2025_2027_docdiretivo_assinado-1_tarjado.  1740.9KB
08:20:14 INFO     ✓ [ 80/132] mapa_ptd_2025_2027_anexo_de_entregas_assinado-1.pd   261.9KB
08:20:21 INFO     ✓ [ 81/132] documento-diretivo-mcom-_-ptd-25_27-copia_tarjada.  4451.9KB
08:20:24 INFO     ✓ [ 82/132] anexo-de-entregas-mcom_ptd-25_27-copia_tarjada.pdf  1213.8KB
08:20:29 INFO     ✓ [ 83/132] ptd_21_24_mcom-copia_tarjada.pdf                    3040.7KB
08:20:33 INFO     ✓ [ 84/132] mcti_ptd_2025-2027_docdiretivo_assinado-copia_tarj  1030.7KB
08:20:35 INFO     ✓ [ 85/132] mcti_ptd_2025-2027_anexo-de-entregas_assinado-copi   145.8KB
08:20:37 INFO     ✓ [ 86/132] mda-anexo-entregas-assinado_ptd-2025-2027-copia-ta   284.6KB
08:20:40 INFO     ✓ [ 87/132] mdhc_ptd_2025_2027_docdiretivo_assinado_assinado_a   753.4KB
08:20:42 INFO     ✓ [ 88/132] mdhc_ptd_2025_2027_anexoentregas_assinado_assinado   186.8KB
08:20:45 INFO     ✓ [ 89/132] mdic_ptd_anexo_de_entregas_assinado_v1_assinado_as   176.6KB
08:20:48 INFO     ✓ [ 90/132] memp_ptd_2025_2026_docdiretivo_assinado_assinado_a  1030.1KB
08:20:50 INFO     ✓ [ 91/132] memp_ptd_2025_2026_anexo_de_entregas_assinado_assi   161.5KB
08:20:53 INFO     ✓ [ 92/132] mesp_ptd_2025_2027_docdiretivo_assinado_assinado_2  1147.7KB
08:20:56 INFO     ✓ [ 93/132] mesp_ptd_2025_2027_anexo_de_entregas_assinado_assi   226.6KB
08:20:59 INFO     ✓ [ 94/132] mf_ptd_2026_2027_documentodiretivo_assinado_assina   955.1KB
08:21:01 INFO     ✓ [ 95/132] mf_ptd_2026_2027_anexo_de_entregas_1_mf_se_assinad   241.2KB
08:21:04 INFO     ✓ [ 96/132] mgi_ptd_2025_2027_docdiretivo_assinado_assinado_as   375.2KB
08:21:06 INFO     ✓ [ 97/132] mgi_ptd_2025_2027_anexo_de_entregas_assinado_assin   256.1KB
08:21:09 INFO     ✓ [ 98/132] minc_ptd_2025_2027_docdiretivo_assinado-1_assinado   863.6KB
08:21:12 INFO     ✓ [ 99/132] minc_ptd_2025_2027_anexo_de_entregas_assinado-1_as   276.7KB
08:21:15 INFO     ✓ [100/132] mjsp_ptd_docdiretivo_assinado_2025_2026_assinado_a   954.0KB
08:21:17 INFO     ✓ [101/132] mjsp_ptd_anexo_de_entregas_assinado_v1_assinado_as   253.9KB
08:21:20 INFO     ✓ [102/132] mme_ptd_2025_2027_docdiretivo_assinado-copia_tarja   664.5KB
08:21:22 INFO     ✓ [103/132] mme_ptd_2025_2027_anexo_de_entregas_assinado__1_-c   111.1KB
08:21:25 INFO     ✓ [104/132] mmulheres_ptd_2025_2027_docdiretivo_assinado_assin  1078.3KB
08:21:28 INFO     ✓ [105/132] mmulheres_ptd_2025_2027_anexo_de_entregas_assinado   216.9KB
08:21:31 INFO     ✓ [106/132] mpi_ptd_2025_2027_docdiretivo_ministerio_dos_povos   947.9KB
08:21:33 INFO     ✓ [107/132] mpi_ptd_anexo_de_entregas_do_plano_de_tranformacao   191.9KB
08:21:36 INFO     ✓ [108/132] mpo_ptd_docdiretivo_assinado_2025_2026_assinado_as   806.3KB
08:21:39 INFO     ✓ [109/132] mpo_ptd_anexo_de_entregas_assinado_v1_assinado_ass   323.2KB
08:21:42 INFO     ✓ [110/132] mpor_ptd_2025_2027_docdiretivo_assinado_assinado_a   876.5KB
08:21:44 INFO     ✓ [111/132] mpor_ptd_2025_2027_anexo_de_entregas_assinado_assi   175.1KB
08:21:48 INFO     ✓ [112/132] mps_ptd_2025-2026_docdiretivo_final_assinado-1_ass  1024.4KB
08:21:50 INFO     ✓ [113/132] mps_ptd_2025-2026_anexo_de_entregas_final_assinado   165.0KB
08:21:53 INFO     ✓ [114/132] mre_ptd_docdiretivo_assinado_2025_2026_assinado_as   760.9KB
08:21:55 INFO     ✓ [115/132] mre_ptd_anexo_de_entregas_assinado_v1_assinado_ass   233.2KB
08:21:58 INFO     ✓ [116/132] mte_ptd_2025_2026_docdiretivo_assinado_assinado_as   729.6KB
08:22:01 INFO     ✓ [117/132] mte_ptd_anexo_de_entregas_assinado_v1__281_29_assi   459.5KB
08:22:04 INFO     ✓ [118/132] mtur_ptd_docdiretiv_assinado_30_01_2025_assinado_a  1050.4KB
08:22:06 INFO     ✓ [119/132] mtur_ptd_anexo_de_entregas_assinado_30_01_2025_ass   118.8KB
08:22:09 INFO     ✓ [120/132] pf_ptd_docdiretivo_2025_2027_assinado-copia_tarjad   964.3KB
08:22:11 INFO     ✓ [121/132] pf_ptd_anexo_de_entregas_2025_2027_assinado-copia_    62.5KB
08:22:14 INFO     ✓ [122/132] mf_ptd_2026_2027_anexo_de_entregas_4_mf_pgfn_assin   466.8KB
08:22:23 INFO     ✓ [123/132] previc_plano_de_transformacao_digital_2025_2026_29  6652.7KB
08:22:25 INFO     ✓ [124/132] previc_ptd_repactuacao_2025-2026_assinado_assinado   182.9KB
08:22:28 INFO     ✓ [125/132] prf_documentodiretivo_ptd_2026-2027_assinado_tarja   535.9KB
08:22:30 INFO     ✓ [126/132] prf_anexo_de_entregas_do_ptd__2026_2027___ptd___en   157.7KB
08:22:33 INFO     ✓ [127/132] mf_ptd_2026_2027_anexo_de_entregas_2_mf_rfb_assina   253.7KB
08:22:36 INFO     ✓ [128/132] sgpr_ptd_2026_2027_docdiretivo_assinado-copia_tarj   791.2KB
08:22:39 INFO     ✓ [129/132] sgpr_ptd_2025_2027_anexo_de_entregas_assinado-copi   897.9KB
08:22:42 INFO     ✓ [130/132] mf_ptd_2026_2027_anexo_de_entregas_3_mf_stn_assina   467.8KB
08:22:45 INFO     ✓ [131/132] susep_ptd_2025_2027_docdiretivo-assinado-copia_tar  1030.1KB
08:22:47 INFO     ✓ [132/132] susep_ptd_2025-2026_anexo_de_entregas_final_assina   221.9KB
08:22:49 INFO     132 OK | 0 erros | 123.3 MB total
08:22:54 INFO     Sanity: 132 PDFs | 113 texto | 19 imagem/OCR | 0 duplicatas
08:22:54 INFO     --siglas (debug): 15 PDFs de ['AGU', 'FIOCRUZ', 'FUNAI', 'FUNDACENTRO', 'INCRA', 'ITI', 'MCOM', 'SGPR']
08:22:54 INFO     DocumentConverter instanciado (singleton × 2: plain + OCR)
08:22:54 INFO     [1/15] → agu_ptd_2025_2027_anexo_de_entregas_assinado_assinado_assinado-copia_tarjada.pdf
08:22:54 INFO     detected formats: [<InputFormat.PDF: 'pdf'>]
08:22:54 INFO     Going to convert document batch...
08:22:54 INFO     Initializing pipeline for StandardPdfPipeline with options hash bc6794697da537796efc497178f9263f
08:22:54 INFO     Loading plugin 'docling_defaults'
08:22:54 INFO     Registered picture descriptions: ['picture_description_vlm_engine', 'vlm', 'api']
08:22:54 INFO     Loading plugin 'docling_defaults'
08:22:55 INFO     Registered ocr engines: ['auto', 'easyocr', 'kserve_v2_ocr', 'ocrmac', 'rapidocr', 'tesserocr', 'tesseract']
08:22:55 INFO     command: tesseract --list-langs
08:22:55 INFO     Loading plugin 'docling_defaults'
08:22:55 INFO     Registered layout engines: ['layout_object_detection', 'docling_layout_default', 'docling_experimental_table_crops_layout']
08:22:55 INFO     Accelerator device: 'cpu'
08:22:55 INFO     HTTP Request: GET https://huggingface.co/api/models/docling-project/docling-layout-heron/revision/main "HTTP/1.1 200 OK"
08:22:55 INFO     HTTP Request: HEAD https://huggingface.co/docling-project/docling-layout-heron/resolve/8f39ad3c0b4c58e9c2d2c84a38465abf757272d8/.gitattributes "HTTP/1.1 307 Temporary Redirect"
08:22:55 WARNING  Warning: You are sending unauthenticated requests to the HF Hub. Please set a HF_TOKEN to enable higher rate limits and faster downloads.
08:22:55 INFO     HTTP Request: HEAD https://huggingface.co/api/resolve-cache/models/docling-project/docling-layout-heron/8f39ad3c0b4c58e9c2d2c84a38465abf757272d8/.gitattributes "HTTP/1.1 200 OK"
08:22:55 INFO     HTTP Request: HEAD https://huggingface.co/docling-project/docling-layout-heron/resolve/8f39ad3c0b4c58e9c2d2c84a38465abf757272d8/README.md "HTTP/1.1 307 Temporary Redirect"
08:22:55 INFO     HTTP Request: HEAD https://huggingface.co/docling-project/docling-layout-heron/resolve/8f39ad3c0b4c58e9c2d2c84a38465abf757272d8/model.safetensors "HTTP/1.1 302 Found"
08:22:55 INFO     HTTP Request: HEAD https://huggingface.co/docling-project/docling-layout-heron/resolve/8f39ad3c0b4c58e9c2d2c84a38465abf757272d8/preprocessor_config.json "HTTP/1.1 307 Temporary Redirect"
08:22:55 INFO     HTTP Request: HEAD https://huggingface.co/docling-project/docling-layout-heron/resolve/8f39ad3c0b4c58e9c2d2c84a38465abf757272d8/config.json "HTTP/1.1 307 Temporary Redirect"
08:22:55 INFO     HTTP Request: GET https://huggingface.co/api/resolve-cache/models/docling-project/docling-layout-heron/8f39ad3c0b4c58e9c2d2c84a38465abf757272d8/.gitattributes "HTTP/1.1 200 OK"
08:22:55 INFO     HTTP Request: HEAD https://huggingface.co/api/resolve-cache/models/docling-project/docling-layout-heron/8f39ad3c0b4c58e9c2d2c84a38465abf757272d8/README.md "HTTP/1.1 200 OK"
08:22:55 INFO     HTTP Request: HEAD https://huggingface.co/api/resolve-cache/models/docling-project/docling-layout-heron/8f39ad3c0b4c58e9c2d2c84a38465abf757272d8/preprocessor_config.json "HTTP/1.1 200 OK"
08:22:55 INFO     HTTP Request: HEAD https://huggingface.co/api/resolve-cache/models/docling-project/docling-layout-heron/8f39ad3c0b4c58e9c2d2c84a38465abf757272d8/config.json "HTTP/1.1 200 OK"
08:22:55 INFO     HTTP Request: GET https://huggingface.co/api/resolve-cache/models/docling-project/docling-layout-heron/8f39ad3c0b4c58e9c2d2c84a38465abf757272d8/README.md "HTTP/1.1 200 OK"
08:22:55 INFO     HTTP Request: GET https://huggingface.co/api/resolve-cache/models/docling-project/docling-layout-heron/8f39ad3c0b4c58e9c2d2c84a38465abf757272d8/preprocessor_config.json "HTTP/1.1 200 OK"
08:22:55 INFO     HTTP Request: GET https://huggingface.co/api/models/docling-project/docling-layout-heron/xet-read-token/8f39ad3c0b4c58e9c2d2c84a38465abf757272d8 "HTTP/1.1 200 OK"
08:22:55 INFO     HTTP Request: GET https://huggingface.co/api/resolve-cache/models/docling-project/docling-layout-heron/8f39ad3c0b4c58e9c2d2c84a38465abf757272d8/config.json "HTTP/1.1 200 OK"
08:22:55 INFO     HTTP Request: HEAD https://huggingface.co/docling-project/docling-layout-heron/resolve/8f39ad3c0b4c58e9c2d2c84a38465abf757272d8/docling_heron_400.png "HTTP/1.1 307 Temporary Redirect"
08:22:55 INFO     HTTP Request: HEAD https://huggingface.co/api/resolve-cache/models/docling-project/docling-layout-heron/8f39ad3c0b4c58e9c2d2c84a38465abf757272d8/docling_heron_400.png "HTTP/1.1 200 OK"
08:22:55 INFO     HTTP Request: GET https://huggingface.co/api/resolve-cache/models/docling-project/docling-layout-heron/8f39ad3c0b4c58e9c2d2c84a38465abf757272d8/docling_heron_400.png "HTTP/1.1 200 OK"
08:22:56 INFO     Loading plugin 'docling_defaults'
08:22:56 INFO     Registered table structure engines: ['docling_tableformer', 'docling_tableformer_v2']
08:22:56 INFO     HTTP Request: GET https://huggingface.co/api/models/docling-project/docling-models/revision/v2.3.0 "HTTP/1.1 200 OK"
08:22:56 INFO     HTTP Request: HEAD https://huggingface.co/docling-project/docling-models/resolve/fc0f2d45e2218ea24bce5045f58a389aed16dc23/config.json "HTTP/1.1 307 Temporary Redirect"
08:22:56 INFO     HTTP Request: HEAD https://huggingface.co/docling-project/docling-models/resolve/fc0f2d45e2218ea24bce5045f58a389aed16dc23/.gitignore "HTTP/1.1 307 Temporary Redirect"
08:22:56 INFO     HTTP Request: HEAD https://huggingface.co/docling-project/docling-models/resolve/fc0f2d45e2218ea24bce5045f58a389aed16dc23/.gitattributes "HTTP/1.1 307 Temporary Redirect"
08:22:56 INFO     HTTP Request: HEAD https://huggingface.co/docling-project/docling-models/resolve/fc0f2d45e2218ea24bce5045f58a389aed16dc23/model_artifacts/tableformer/accurate/tableformer_accurate.safetensors "HTTP/1.1 302 Found"
08:22:56 INFO     HTTP Request: HEAD https://huggingface.co/docling-project/docling-models/resolve/fc0f2d45e2218ea24bce5045f58a389aed16dc23/model_artifacts/tableformer/accurate/tm_config.json "HTTP/1.1 307 Temporary Redirect"
08:22:56 INFO     HTTP Request: HEAD https://huggingface.co/docling-project/docling-models/resolve/fc0f2d45e2218ea24bce5045f58a389aed16dc23/README.md "HTTP/1.1 307 Temporary Redirect"
08:22:56 INFO     HTTP Request: HEAD https://huggingface.co/api/resolve-cache/models/docling-project/docling-models/fc0f2d45e2218ea24bce5045f58a389aed16dc23/config.json "HTTP/1.1 200 OK"
08:22:56 INFO     HTTP Request: HEAD https://huggingface.co/api/resolve-cache/models/docling-project/docling-models/fc0f2d45e2218ea24bce5045f58a389aed16dc23/.gitignore "HTTP/1.1 200 OK"
08:22:56 INFO     HTTP Request: HEAD https://huggingface.co/api/resolve-cache/models/docling-project/docling-models/fc0f2d45e2218ea24bce5045f58a389aed16dc23/model_artifacts%2Ftableformer%2Faccurate%2Ftm_config.json "HTTP/1.1 200 OK"
08:22:56 INFO     HTTP Request: HEAD https://huggingface.co/api/resolve-cache/models/docling-project/docling-models/fc0f2d45e2218ea24bce5045f58a389aed16dc23/README.md "HTTP/1.1 200 OK"
08:22:56 INFO     HTTP Request: HEAD https://huggingface.co/api/resolve-cache/models/docling-project/docling-models/fc0f2d45e2218ea24bce5045f58a389aed16dc23/.gitattributes "HTTP/1.1 200 OK"
08:22:56 INFO     HTTP Request: GET https://huggingface.co/api/resolve-cache/models/docling-project/docling-models/fc0f2d45e2218ea24bce5045f58a389aed16dc23/config.json "HTTP/1.1 200 OK"
08:22:56 INFO     HTTP Request: GET https://huggingface.co/api/resolve-cache/models/docling-project/docling-models/fc0f2d45e2218ea24bce5045f58a389aed16dc23/.gitignore "HTTP/1.1 200 OK"
08:22:56 INFO     HTTP Request: HEAD https://huggingface.co/docling-project/docling-models/resolve/fc0f2d45e2218ea24bce5045f58a389aed16dc23/model_artifacts/tableformer/fast/tm_config.json "HTTP/1.1 307 Temporary Redirect"
08:22:56 INFO     HTTP Request: GET https://huggingface.co/api/models/docling-project/docling-models/xet-read-token/fc0f2d45e2218ea24bce5045f58a389aed16dc23 "HTTP/1.1 200 OK"
08:22:56 INFO     HTTP Request: GET https://huggingface.co/api/resolve-cache/models/docling-project/docling-models/fc0f2d45e2218ea24bce5045f58a389aed16dc23/model_artifacts%2Ftableformer%2Faccurate%2Ftm_config.json "HTTP/1.1 200 OK"
08:22:56 INFO     HTTP Request: HEAD https://huggingface.co/docling-project/docling-models/resolve/fc0f2d45e2218ea24bce5045f58a389aed16dc23/model_artifacts/tableformer/fast/tableformer_fast.safetensors "HTTP/1.1 302 Found"
08:22:56 INFO     HTTP Request: GET https://huggingface.co/api/resolve-cache/models/docling-project/docling-models/fc0f2d45e2218ea24bce5045f58a389aed16dc23/.gitattributes "HTTP/1.1 200 OK"
08:22:56 INFO     HTTP Request: HEAD https://huggingface.co/api/resolve-cache/models/docling-project/docling-models/fc0f2d45e2218ea24bce5045f58a389aed16dc23/model_artifacts%2Ftableformer%2Ffast%2Ftm_config.json "HTTP/1.1 200 OK"
08:22:56 INFO     HTTP Request: GET https://huggingface.co/api/resolve-cache/models/docling-project/docling-models/fc0f2d45e2218ea24bce5045f58a389aed16dc23/README.md "HTTP/1.1 200 OK"
08:22:56 INFO     HTTP Request: GET https://huggingface.co/api/resolve-cache/models/docling-project/docling-models/fc0f2d45e2218ea24bce5045f58a389aed16dc23/model_artifacts%2Ftableformer%2Ffast%2Ftm_config.json "HTTP/1.1 200 OK"
08:22:58 INFO     Accelerator device: 'cpu'
08:22:58 INFO     Processing document agu_ptd_2025_2027_anexo_de_entregas_assinado_assinado_assinado-copia_tarjada.pdf
08:22:59 INFO     command: tesseract --psm 0 -l osd /tmp/tmpjhuxct_b.png stdout
08:22:59 INFO     command: tesseract -l por /tmp/tmpjhuxct_b.png stdout tsv
08:23:03 INFO     command: tesseract --psm 0 -l osd /tmp/tmp9zhknswk.png stdout
08:23:04 INFO     command: tesseract -l por /tmp/tmp9zhknswk.png stdout tsv
08:23:22 INFO     Finished converting document agu_ptd_2025_2027_anexo_de_entregas_assinado_assinado_assinado-copia_tarjada.pdf in 27.47 sec.
08:23:22 INFO       pixel_budget (Docling) agu_ptd_2025_2027_anexo_de_entregas_assinado_assinado_assinado-copia_tarjada.pdf: 45.8% (área tabelas/1001817 px²)
08:23:22 INFO     [1/15] ✓ AGU       :   33 entregas | 27.5s | ETA ~6min
08:23:22 INFO     [2/15] → agu_ptd_2025_2027_docdiretivo_assinado_assinado_assinado-copia_tarjada.pdf
08:23:22 INFO     detected formats: [<InputFormat.PDF: 'pdf'>]
08:23:22 INFO     Going to convert document batch...
08:23:22 INFO     Processing document agu_ptd_2025_2027_docdiretivo_assinado_assinado_assinado-copia_tarjada.pdf
08:23:23 INFO     command: tesseract --psm 0 -l osd /tmp/tmpguogp1yn.png stdout
08:23:23 INFO     command: tesseract -l por /tmp/tmpguogp1yn.png stdout tsv
08:23:25 INFO     command: tesseract --psm 0 -l osd /tmp/tmpo91w2m8l.png stdout
08:23:26 INFO     command: tesseract -l por /tmp/tmpo91w2m8l.png stdout tsv
08:23:30 INFO     command: tesseract --psm 0 -l osd /tmp/tmpod0mha4t.png stdout
08:23:31 INFO     command: tesseract -l por /tmp/tmpod0mha4t.png stdout tsv
08:23:33 INFO     command: tesseract --psm 0 -l osd /tmp/tmpleoiyzxx.png stdout
08:23:34 INFO     command: tesseract -l por /tmp/tmpleoiyzxx.png stdout tsv
08:23:36 INFO     command: tesseract --psm 0 -l osd /tmp/tmpynpx9tn5.png stdout
08:23:37 INFO     command: tesseract -l por /tmp/tmpynpx9tn5.png stdout tsv
08:23:39 INFO     command: tesseract --psm 0 -l osd /tmp/tmpgbpdq65j.png stdout
08:23:40 INFO     command: tesseract -l por /tmp/tmpgbpdq65j.png stdout tsv
08:23:50 INFO     command: tesseract --psm 0 -l osd /tmp/tmpf7_vrg1i.png stdout
08:23:51 INFO     command: tesseract -l por /tmp/tmpf7_vrg1i.png stdout tsv
08:23:53 INFO     command: tesseract --psm 0 -l osd /tmp/tmpk2_blddk.png stdout
08:23:54 INFO     command: tesseract -l por /tmp/tmpk2_blddk.png stdout tsv
08:23:56 INFO     command: tesseract --psm 0 -l osd /tmp/tmpi1deyqcs.png stdout
08:23:57 INFO     command: tesseract -l por /tmp/tmpi1deyqcs.png stdout tsv
08:24:00 INFO     command: tesseract --psm 0 -l osd /tmp/tmp9j3u2dx1.png stdout
08:24:01 INFO     command: tesseract -l por /tmp/tmp9j3u2dx1.png stdout tsv
08:24:15 INFO     command: tesseract --psm 0 -l osd /tmp/tmphyhvuk22.png stdout
08:24:16 INFO     command: tesseract -l por /tmp/tmphyhvuk22.png stdout tsv
08:24:19 INFO     Finished converting document agu_ptd_2025_2027_docdiretivo_assinado_assinado_assinado-copia_tarjada.pdf in 57.36 sec.
08:24:19 INFO       pixel_budget (Docling) agu_ptd_2025_2027_docdiretivo_assinado_assinado_assinado-copia_tarjada.pdf: 2.1% (área tabelas/5513330 px²)
08:24:19 INFO     [2/15] ✓ AGU       :    6 entregas | 57.4s | ETA ~9min
08:24:19 INFO     [3/15] → anexo-de-entregas-mcom_ptd-25_27-copia_tarjada.pdf
08:24:19 INFO     detected formats: [<InputFormat.PDF: 'pdf'>]
08:24:19 INFO     Going to convert document batch...
08:24:19 INFO     Processing document anexo-de-entregas-mcom_ptd-25_27-copia_tarjada.pdf
08:24:20 INFO     command: tesseract --psm 0 -l osd /tmp/tmptg5qpjgs.png stdout
08:24:21 INFO     command: tesseract -l por /tmp/tmptg5qpjgs.png stdout tsv
08:24:24 INFO     command: tesseract --psm 0 -l osd /tmp/tmpqmjuzixw.png stdout
08:24:25 INFO     command: tesseract -l por /tmp/tmpqmjuzixw.png stdout tsv
08:24:37 INFO     command: tesseract --psm 0 -l osd /tmp/tmpwann0kzd.png stdout
08:24:38 INFO     command: tesseract -l por /tmp/tmpwann0kzd.png stdout tsv
08:24:59 INFO     Finished converting document anexo-de-entregas-mcom_ptd-25_27-copia_tarjada.pdf in 39.17 sec.
08:24:59 INFO       pixel_budget (Docling) anexo-de-entregas-mcom_ptd-25_27-copia_tarjada.pdf: 55.2% (área tabelas/1503636 px²)
08:24:59 INFO     [3/15] ✓ MCOM      :   55 entregas | 39.2s | ETA ~8min
08:24:59 INFO     [4/15] → documento-diretivo-mcom-_-ptd-25_27-copia_tarjada.pdf
08:24:59 INFO     detected formats: [<InputFormat.PDF: 'pdf'>]
08:24:59 INFO     Going to convert document batch...
08:24:59 INFO     Processing document documento-diretivo-mcom-_-ptd-25_27-copia_tarjada.pdf
08:24:59 INFO     command: tesseract --psm 0 -l osd /tmp/tmper4te7x3.png stdout
08:25:00 INFO     command: tesseract -l por /tmp/tmper4te7x3.png stdout tsv
08:25:02 INFO     command: tesseract --psm 0 -l osd /tmp/tmpfo0k_bkv.png stdout
08:25:03 INFO     command: tesseract -l por /tmp/tmpfo0k_bkv.png stdout tsv
08:25:10 INFO     command: tesseract --psm 0 -l osd /tmp/tmpznv5gpld.png stdout
08:25:10 INFO     command: tesseract -l por /tmp/tmpznv5gpld.png stdout tsv
08:25:11 INFO     command: tesseract --psm 0 -l osd /tmp/tmpsox224re.png stdout
08:25:12 INFO     command: tesseract -l por /tmp/tmpsox224re.png stdout tsv
08:25:14 INFO     command: tesseract --psm 0 -l osd /tmp/tmpaii5vkmw.png stdout
08:25:15 INFO     command: tesseract -l por /tmp/tmpaii5vkmw.png stdout tsv
08:25:17 INFO     command: tesseract --psm 0 -l osd /tmp/tmpk591rhc9.png stdout
08:25:19 INFO     command: tesseract -l por /tmp/tmpk591rhc9.png stdout tsv
08:25:30 INFO     command: tesseract --psm 0 -l osd /tmp/tmpc54t2asg.png stdout
08:25:31 INFO     command: tesseract -l por /tmp/tmpc54t2asg.png stdout tsv
08:25:35 INFO     command: tesseract --psm 0 -l osd /tmp/tmpemds0t5z.png stdout
08:25:36 INFO     command: tesseract -l por /tmp/tmpemds0t5z.png stdout tsv
08:25:38 INFO     command: tesseract --psm 0 -l osd /tmp/tmpg66gzfle.png stdout
08:25:39 INFO     command: tesseract -l por /tmp/tmpg66gzfle.png stdout tsv
08:25:41 INFO     command: tesseract --psm 0 -l osd /tmp/tmpqbc7zxam.png stdout
08:25:42 INFO     command: tesseract -l por /tmp/tmpqbc7zxam.png stdout tsv
08:25:49 INFO     command: tesseract --psm 0 -l osd /tmp/tmpftkt048j.png stdout
08:25:50 INFO     command: tesseract -l por /tmp/tmpftkt048j.png stdout tsv
08:25:54 INFO     command: tesseract --psm 0 -l osd /tmp/tmpul5a41cj.png stdout
08:25:55 INFO     command: tesseract -l por /tmp/tmpul5a41cj.png stdout tsv
08:25:57 INFO     command: tesseract --psm 0 -l osd /tmp/tmpsj3s9zg_.png stdout
08:25:58 INFO     command: tesseract -l por /tmp/tmpsj3s9zg_.png stdout tsv
08:26:00 INFO     command: tesseract --psm 0 -l osd /tmp/tmptj9v_4w0.png stdout
08:26:01 INFO     command: tesseract -l por /tmp/tmptj9v_4w0.png stdout tsv
08:26:06 INFO     Finished converting document documento-diretivo-mcom-_-ptd-25_27-copia_tarjada.pdf in 67.98 sec.
08:26:07 INFO       pixel_budget (Docling) documento-diretivo-mcom-_-ptd-25_27-copia_tarjada.pdf: 10.8% (área tabelas/7016966 px²)
08:26:07 WARNING  [4/15] ⚠ MCOM      :    0 entregas | 68.0s | ETA ~8min
08:26:07 INFO     [5/15] → fiocruz-ptd-06_2024-copia_tarjada.pdf
08:26:07 INFO     detected formats: [<InputFormat.PDF: 'pdf'>]
08:26:07 INFO     Going to convert document batch...
08:26:07 INFO     Initializing pipeline for StandardPdfPipeline with options hash d18651824ca6fe56cf3ccb20424ac2c8
08:26:07 INFO     Accelerator device: 'cpu'
08:26:07 INFO     HTTP Request: GET https://huggingface.co/api/models/docling-project/docling-layout-heron/revision/main "HTTP/1.1 200 OK"
08:26:07 INFO     HTTP Request: GET https://huggingface.co/api/models/docling-project/docling-models/revision/v2.3.0 "HTTP/1.1 200 OK"
08:26:07 INFO     Accelerator device: 'cpu'
08:26:07 INFO     Processing document fiocruz-ptd-06_2024-copia_tarjada.pdf
08:27:16 INFO     Finished converting document fiocruz-ptd-06_2024-copia_tarjada.pdf in 69.01 sec.
08:27:16 INFO       pixel_budget (Docling) fiocruz-ptd-06_2024-copia_tarjada.pdf: 36.4% (área tabelas/7518178 px²)
08:27:16 WARNING  [5/15] ⚠ FIOCRUZ   :    0 entregas | 69.1s | ETA ~8min
08:27:16 INFO     [6/15] → fiocruz_novo-ptd_2-1_docdiretivo_repactuacao_2024-2026_assinado_assinado-copia_tarjada.pdf
08:27:16 INFO     detected formats: [<InputFormat.PDF: 'pdf'>]
08:27:16 INFO     Going to convert document batch...
08:27:16 INFO     Processing document fiocruz_novo-ptd_2-1_docdiretivo_repactuacao_2024-2026_assinado_assinado-copia_tarjada.pdf
08:27:34 INFO     Finished converting document fiocruz_novo-ptd_2-1_docdiretivo_repactuacao_2024-2026_assinado_assinado-copia_tarjada.pdf in 18.09 sec.
08:27:34 INFO       pixel_budget (Docling) fiocruz_novo-ptd_2-1_docdiretivo_repactuacao_2024-2026_assinado_assinado-copia_tarjada.pdf: 11.3% (área tabelas/5012118 px²)
08:27:34 WARNING  [6/15] ⚠ FIOCRUZ   :    0 entregas | 18.1s | ETA ~6min
08:27:34 INFO     [7/15] → fiocruz_ptd_anexo_de_entregas_assinado_v1_assinado_assinado-1-copia_tarjada.pdf
08:27:34 INFO     detected formats: [<InputFormat.PDF: 'pdf'>]
08:27:34 INFO     Going to convert document batch...
08:27:34 INFO     Processing document fiocruz_ptd_anexo_de_entregas_assinado_v1_assinado_assinado-1-copia_tarjada.pdf
08:28:06 INFO     Finished converting document fiocruz_ptd_anexo_de_entregas_assinado_v1_assinado_assinado-1-copia_tarjada.pdf in 32.82 sec.
08:28:07 INFO       pixel_budget (Docling) fiocruz_ptd_anexo_de_entregas_assinado_v1_assinado_assinado-1-copia_tarjada.pdf: 54.7% (área tabelas/2004847 px²)
08:28:07 INFO     [7/15] ✓ FIOCRUZ   :   61 entregas | 32.8s | ETA ~5min
08:28:07 INFO     [8/15] → funai_anexo_de_entregas_repactuado_2026_2027_assinado_assinado_assinado.pdf
08:28:07 INFO     detected formats: [<InputFormat.PDF: 'pdf'>]
08:28:07 INFO     Going to convert document batch...
08:28:07 INFO     Processing document funai_anexo_de_entregas_repactuado_2026_2027_assinado_assinado_assinado.pdf
08:28:07 INFO     command: tesseract --psm 0 -l osd /tmp/tmpbjuyfwaq.png stdout
08:28:08 INFO     command: tesseract -l por /tmp/tmpbjuyfwaq.png stdout tsv
08:28:22 INFO     Finished converting document funai_anexo_de_entregas_repactuado_2026_2027_assinado_assinado_assinado.pdf in 15.03 sec.
08:28:22 INFO       pixel_budget (Docling) funai_anexo_de_entregas_repactuado_2026_2027_assinado_assinado_assinado.pdf: 49.8% (área tabelas/501212 px²)
08:28:22 INFO     [8/15] ✓ FUNAI     :   21 entregas | 15.0s | ETA ~4min
08:28:22 INFO     [9/15] → funai_ptd_2025_2027_docdiretivo_assinado-1_tarjado.pdf
08:28:22 INFO     detected formats: [<InputFormat.PDF: 'pdf'>]
08:28:22 INFO     Going to convert document batch...
08:28:22 INFO     Processing document funai_ptd_2025_2027_docdiretivo_assinado-1_tarjado.pdf
08:28:23 INFO     command: tesseract --psm 0 -l osd /tmp/tmp84ei2r76.png stdout
08:28:24 INFO     command: tesseract -l por /tmp/tmp84ei2r76.png stdout tsv
08:28:25 INFO     command: tesseract --psm 0 -l osd /tmp/tmpwtheit3o.png stdout
08:28:26 INFO     command: tesseract -l por /tmp/tmpwtheit3o.png stdout tsv
08:28:28 INFO     command: tesseract --psm 0 -l osd /tmp/tmpawp71wn9.png stdout
08:28:29 INFO     command: tesseract -l por /tmp/tmpawp71wn9.png stdout tsv
08:28:31 INFO     command: tesseract --psm 0 -l osd /tmp/tmp8abxrxo1.png stdout
08:28:32 INFO     command: tesseract -l por /tmp/tmp8abxrxo1.png stdout tsv
08:28:33 INFO     command: tesseract --psm 0 -l osd /tmp/tmpv_1ahhnv.png stdout
08:28:34 INFO     command: tesseract -l por /tmp/tmpv_1ahhnv.png stdout tsv
08:28:37 INFO     command: tesseract --psm 0 -l osd /tmp/tmpd1u4uv3a.png stdout
08:28:38 INFO     command: tesseract -l por /tmp/tmpd1u4uv3a.png stdout tsv
08:28:48 INFO     command: tesseract --psm 0 -l osd /tmp/tmpkf1vfq2x.png stdout
08:28:49 INFO     command: tesseract -l por /tmp/tmpkf1vfq2x.png stdout tsv
08:28:50 INFO     command: tesseract --psm 0 -l osd /tmp/tmpwkva6ycv.png stdout
08:28:51 INFO     command: tesseract -l por /tmp/tmpwkva6ycv.png stdout tsv
08:28:52 INFO     command: tesseract --psm 0 -l osd /tmp/tmpdege_rfc.png stdout
08:28:53 INFO     command: tesseract -l por /tmp/tmpdege_rfc.png stdout tsv
08:28:55 INFO     command: tesseract --psm 0 -l osd /tmp/tmpts8k46qf.png stdout
08:28:56 INFO     command: tesseract -l por /tmp/tmpts8k46qf.png stdout tsv
08:29:08 INFO     command: tesseract --psm 0 -l osd /tmp/tmp_fai7qnn.png stdout
08:29:09 INFO     command: tesseract -l por /tmp/tmp_fai7qnn.png stdout tsv
08:29:17 INFO     command: tesseract --psm 0 -l osd /tmp/tmp8gmn6n42.png stdout
08:29:18 INFO     command: tesseract -l por /tmp/tmp8gmn6n42.png stdout tsv
08:29:20 INFO     command: tesseract --psm 0 -l osd /tmp/tmpti9q_oqd.png stdout
08:29:20 INFO     command: tesseract -l por /tmp/tmpti9q_oqd.png stdout tsv
08:29:27 INFO     Finished converting document funai_ptd_2025_2027_docdiretivo_assinado-1_tarjado.pdf in 65.21 sec.
08:29:27 INFO       pixel_budget (Docling) funai_ptd_2025_2027_docdiretivo_assinado-1_tarjado.pdf: 16.4% (área tabelas/6515754 px²)
08:29:27 INFO     [9/15] ✓ FUNAI     :    8 entregas | 65.2s | ETA ~4min
08:29:27 INFO     [10/15] → incra_anexo_de_entregas_assinado-1_assinado_assinado-copia_tarjada.pdf
08:29:27 INFO     detected formats: [<InputFormat.PDF: 'pdf'>]
08:29:27 INFO     Going to convert document batch...
08:29:27 INFO     Processing document incra_anexo_de_entregas_assinado-1_assinado_assinado-copia_tarjada.pdf
08:29:28 INFO     command: tesseract --psm 0 -l osd /tmp/tmpn2h5v7vu.png stdout
08:29:29 INFO     command: tesseract -l por /tmp/tmpn2h5v7vu.png stdout tsv
08:29:31 INFO     command: tesseract --psm 0 -l osd /tmp/tmpt3h_c1gv.png stdout
08:29:33 INFO     command: tesseract -l por /tmp/tmpt3h_c1gv.png stdout tsv
08:29:43 INFO     command: tesseract --psm 0 -l osd /tmp/tmptw_mz22p.png stdout
08:29:44 INFO     command: tesseract -l por /tmp/tmptw_mz22p.png stdout tsv
08:29:45 INFO     command: tesseract --psm 0 -l osd /tmp/tmpus8vsm2t.png stdout
08:29:46 INFO     command: tesseract -l por /tmp/tmpus8vsm2t.png stdout tsv
08:29:48 INFO     command: tesseract --psm 0 -l osd /tmp/tmpuf_1_b4l.png stdout
08:29:49 INFO     command: tesseract -l por /tmp/tmpuf_1_b4l.png stdout tsv
08:31:20 INFO     Finished converting document incra_anexo_de_entregas_assinado-1_assinado_assinado-copia_tarjada.pdf in 113.04 sec.
08:31:20 INFO       pixel_budget (Docling) incra_anexo_de_entregas_assinado-1_assinado_assinado-copia_tarjada.pdf: 30.0% (área tabelas/2423520 px²)
08:31:20 INFO     [10/15] ✓ INCRA     :   10 entregas | 113.1s | ETA ~4min
08:31:20 INFO     [11/15] → incra_ptd_docdiretivo__assinado-1_assinado_assinado-copia_tarjada.pdf
08:31:20 INFO     detected formats: [<InputFormat.PDF: 'pdf'>]
08:31:20 INFO     Going to convert document batch...
08:31:20 INFO     Processing document incra_ptd_docdiretivo__assinado-1_assinado_assinado-copia_tarjada.pdf
08:31:21 INFO     command: tesseract --psm 0 -l osd /tmp/tmpv_hedpin.png stdout
08:31:22 INFO     command: tesseract -l por /tmp/tmpv_hedpin.png stdout tsv
08:31:24 INFO     command: tesseract --psm 0 -l osd /tmp/tmpqv8zjwsw.png stdout
08:31:25 INFO     command: tesseract -l por /tmp/tmpqv8zjwsw.png stdout tsv
08:31:31 INFO     command: tesseract --psm 0 -l osd /tmp/tmpow21v516.png stdout
08:31:32 INFO     command: tesseract -l por /tmp/tmpow21v516.png stdout tsv
08:31:34 INFO     command: tesseract --psm 0 -l osd /tmp/tmp94wb2vdi.png stdout
08:31:35 INFO     command: tesseract -l por /tmp/tmp94wb2vdi.png stdout tsv
08:31:36 INFO     command: tesseract --psm 0 -l osd /tmp/tmp5kb1lvpp.png stdout
08:31:37 INFO     command: tesseract -l por /tmp/tmp5kb1lvpp.png stdout tsv
08:31:39 INFO     command: tesseract --psm 0 -l osd /tmp/tmpct0rrjl6.png stdout
08:31:40 INFO     command: tesseract -l por /tmp/tmpct0rrjl6.png stdout tsv
08:31:57 INFO     command: tesseract --psm 0 -l osd /tmp/tmpzalb_oz2.png stdout
08:31:57 INFO     command: tesseract -l por /tmp/tmpzalb_oz2.png stdout tsv
08:31:59 INFO     command: tesseract --psm 0 -l osd /tmp/tmpoihfdd29.png stdout
08:32:00 INFO     command: tesseract -l por /tmp/tmpoihfdd29.png stdout tsv
08:32:01 INFO     command: tesseract --psm 0 -l osd /tmp/tmpwm0r509e.png stdout
08:32:02 INFO     command: tesseract -l por /tmp/tmpwm0r509e.png stdout tsv
08:32:04 INFO     command: tesseract --psm 0 -l osd /tmp/tmpnhvv7jq5.png stdout
08:32:05 INFO     command: tesseract -l por /tmp/tmpnhvv7jq5.png stdout tsv
08:32:11 INFO     command: tesseract --psm 0 -l osd /tmp/tmpft3cu6w2.png stdout
08:32:12 INFO     command: tesseract -l por /tmp/tmpft3cu6w2.png stdout tsv
08:32:22 INFO     command: tesseract --psm 0 -l osd /tmp/tmpg2b6bao1.png stdout
08:32:23 INFO     command: tesseract -l por /tmp/tmpg2b6bao1.png stdout tsv
08:32:25 INFO     command: tesseract --psm 0 -l osd /tmp/tmpp76j3iaa.png stdout
08:32:25 INFO     command: tesseract -l por /tmp/tmpp76j3iaa.png stdout tsv
08:32:33 INFO     Finished converting document incra_ptd_docdiretivo__assinado-1_assinado_assinado-copia_tarjada.pdf in 73.15 sec.
08:32:33 INFO       pixel_budget (Docling) incra_ptd_docdiretivo__assinado-1_assinado_assinado-copia_tarjada.pdf: 20.2% (área tabelas/6515754 px²)
08:32:33 INFO     [11/15] ✓ INCRA     :    9 entregas | 73.2s | ETA ~3min
08:32:33 INFO     [12/15] → iti_anexo_de_entregas_assinado.pdf
08:32:33 INFO     detected formats: [<InputFormat.PDF: 'pdf'>]
08:32:33 INFO     Going to convert document batch...
08:32:33 INFO     Processing document iti_anexo_de_entregas_assinado.pdf
08:32:34 INFO     command: tesseract --psm 0 -l osd /tmp/tmp5vyr957o.png stdout
08:32:35 INFO     command: tesseract -l por /tmp/tmp5vyr957o.png stdout tsv
08:32:50 INFO     Finished converting document iti_anexo_de_entregas_assinado.pdf in 17.31 sec.
08:32:50 INFO       pixel_budget (Docling) iti_anexo_de_entregas_assinado.pdf: 57.2% (área tabelas/501212 px²)
08:32:50 INFO     [12/15] ✓ ITI       :   31 entregas | 17.3s | ETA ~2min
08:32:50 INFO     [13/15] → iti_doc_diretivo_assinado-1_tarjado.pdf
08:32:50 INFO     detected formats: [<InputFormat.PDF: 'pdf'>]
08:32:50 INFO     Going to convert document batch...
08:32:50 INFO     Processing document iti_doc_diretivo_assinado-1_tarjado.pdf
08:32:51 INFO     command: tesseract --psm 0 -l osd /tmp/tmpoxswxlp7.png stdout
08:32:52 INFO     command: tesseract -l por /tmp/tmpoxswxlp7.png stdout tsv
08:32:54 INFO     command: tesseract --psm 0 -l osd /tmp/tmpam45crmm.png stdout
08:32:55 INFO     command: tesseract -l por /tmp/tmpam45crmm.png stdout tsv
08:32:58 INFO     command: tesseract --psm 0 -l osd /tmp/tmp1c09ec_f.png stdout
08:32:59 INFO     command: tesseract -l por /tmp/tmp1c09ec_f.png stdout tsv
08:33:01 INFO     command: tesseract --psm 0 -l osd /tmp/tmp0vpypgzr.png stdout
08:33:02 INFO     command: tesseract -l por /tmp/tmp0vpypgzr.png stdout tsv
08:33:03 INFO     command: tesseract --psm 0 -l osd /tmp/tmp4rjlzpgn.png stdout
08:33:04 INFO     command: tesseract -l por /tmp/tmp4rjlzpgn.png stdout tsv
08:33:06 INFO     command: tesseract --psm 0 -l osd /tmp/tmp_f0_1w8n.png stdout
08:33:08 INFO     command: tesseract -l por /tmp/tmp_f0_1w8n.png stdout tsv
08:33:24 INFO     command: tesseract --psm 0 -l osd /tmp/tmpdy_jn8vy.png stdout
08:33:25 INFO     command: tesseract -l por /tmp/tmpdy_jn8vy.png stdout tsv
08:33:27 INFO     command: tesseract --psm 0 -l osd /tmp/tmpjrdbgrx7.png stdout
08:33:28 INFO     command: tesseract -l por /tmp/tmpjrdbgrx7.png stdout tsv
08:33:30 INFO     command: tesseract --psm 0 -l osd /tmp/tmp3r36hoyh.png stdout
08:33:31 INFO     command: tesseract -l por /tmp/tmp3r36hoyh.png stdout tsv
08:33:33 INFO     command: tesseract --psm 0 -l osd /tmp/tmpxrhgc2xh.png stdout
08:33:34 INFO     command: tesseract -l por /tmp/tmpxrhgc2xh.png stdout tsv
08:33:39 INFO     command: tesseract --psm 0 -l osd /tmp/tmphol242a_.png stdout
08:33:40 INFO     command: tesseract -l por /tmp/tmphol242a_.png stdout tsv
08:33:49 INFO     Finished converting document iti_doc_diretivo_assinado-1_tarjado.pdf in 58.82 sec.
08:33:49 INFO       pixel_budget (Docling) iti_doc_diretivo_assinado-1_tarjado.pdf: 8.0% (área tabelas/5516339 px²)
08:33:49 INFO     [13/15] ✓ ITI       :    6 entregas | 58.8s | ETA ~1min
08:33:49 INFO     [14/15] → sgpr_ptd_2025_2027_anexo_de_entregas_assinado-copia_tarjada.pdf
08:33:49 INFO     detected formats: [<InputFormat.PDF: 'pdf'>]
08:33:49 INFO     Going to convert document batch...
08:33:49 INFO     Processing document sgpr_ptd_2025_2027_anexo_de_entregas_assinado-copia_tarjada.pdf
08:33:50 INFO     command: tesseract --psm 0 -l osd /tmp/tmph6rcdy6t.png stdout
08:33:51 INFO     command: tesseract -l por /tmp/tmph6rcdy6t.png stdout tsv
08:33:54 INFO     command: tesseract --psm 0 -l osd /tmp/tmpe54xi3ee.png stdout
08:33:55 INFO     command: tesseract -l por /tmp/tmpe54xi3ee.png stdout tsv
08:34:08 INFO     Finished converting document sgpr_ptd_2025_2027_anexo_de_entregas_assinado-copia_tarjada.pdf in 18.61 sec.
08:34:08 INFO       pixel_budget (Docling) sgpr_ptd_2025_2027_anexo_de_entregas_assinado-copia_tarjada.pdf: 29.5% (área tabelas/1002424 px²)
08:34:08 INFO     [14/15] ✓ SGPR      :   15 entregas | 18.6s | ETA ~48s
08:34:08 INFO     [15/15] → sgpr_ptd_2026_2027_docdiretivo_assinado-copia_tarjada.pdf
08:34:08 INFO     detected formats: [<InputFormat.PDF: 'pdf'>]
08:34:08 INFO     Going to convert document batch...
08:34:08 INFO     Processing document sgpr_ptd_2026_2027_docdiretivo_assinado-copia_tarjada.pdf
08:34:27 INFO     Finished converting document sgpr_ptd_2026_2027_docdiretivo_assinado-copia_tarjada.pdf in 19.54 sec.
08:34:27 INFO       pixel_budget (Docling) sgpr_ptd_2026_2027_docdiretivo_assinado-copia_tarjada.pdf: 8.2% (área tabelas/5513330 px²)
08:34:27 WARNING  [15/15] ⚠ SGPR      :    0 entregas | 19.5s | ETA ~0s
08:34:27 INFO     255 registros | 7 órgãos
08:34:27 INFO     ╔══════════════════════════════════════════════════════════════╗
08:34:27 INFO     ║                  ENTREGAS — fase concluída                   ║
08:34:27 INFO     ║  Processados: 15    |  ✓ 11  ⚠ 4                             ║
08:34:27 INFO     ║  Duração: 11.5 min                                           ║
08:34:27 INFO     ║  255 registros | 7 órgãos                                    ║
08:34:27 INFO     ╚══════════════════════════════════════════════════════════════╝
08:34:27 INFO     [1/7] → agu_ptd_2025_2027_docdiretivo_assinado_assinado_assinado-copia_tarjada.pdf
08:34:27 INFO     detected formats: [<InputFormat.PDF: 'pdf'>]
08:34:27 INFO     Going to convert document batch...
08:34:27 INFO     Processing document agu_ptd_2025_2027_docdiretivo_assinado_assinado_assinado-copia_tarjada.pdf
08:34:28 INFO     command: tesseract --psm 0 -l osd /tmp/tmpho8eqbwx.png stdout
08:34:28 INFO     command: tesseract -l por /tmp/tmpho8eqbwx.png stdout tsv
08:34:30 INFO     command: tesseract --psm 0 -l osd /tmp/tmpb_b2xzzd.png stdout
08:34:31 INFO     command: tesseract -l por /tmp/tmpb_b2xzzd.png stdout tsv
08:34:35 INFO     command: tesseract --psm 0 -l osd /tmp/tmppqs8skf0.png stdout
08:34:36 INFO     command: tesseract -l por /tmp/tmppqs8skf0.png stdout tsv
08:34:38 INFO     command: tesseract --psm 0 -l osd /tmp/tmpxb0tfqvi.png stdout
08:34:39 INFO     command: tesseract -l por /tmp/tmpxb0tfqvi.png stdout tsv
08:34:41 INFO     command: tesseract --psm 0 -l osd /tmp/tmpnl_s1epw.png stdout
08:34:42 INFO     command: tesseract -l por /tmp/tmpnl_s1epw.png stdout tsv
08:34:44 INFO     command: tesseract --psm 0 -l osd /tmp/tmp1aym8fr2.png stdout
08:34:46 INFO     command: tesseract -l por /tmp/tmp1aym8fr2.png stdout tsv
08:34:56 INFO     command: tesseract --psm 0 -l osd /tmp/tmpk88j7yj2.png stdout
08:34:57 INFO     command: tesseract -l por /tmp/tmpk88j7yj2.png stdout tsv
08:34:59 INFO     command: tesseract --psm 0 -l osd /tmp/tmpzlfe7673.png stdout
08:35:00 INFO     command: tesseract -l por /tmp/tmpzlfe7673.png stdout tsv
08:35:02 INFO     command: tesseract --psm 0 -l osd /tmp/tmp722tklhg.png stdout
08:35:03 INFO     command: tesseract -l por /tmp/tmp722tklhg.png stdout tsv
08:35:05 INFO     command: tesseract --psm 0 -l osd /tmp/tmpw7r97bv5.png stdout
08:35:07 INFO     command: tesseract -l por /tmp/tmpw7r97bv5.png stdout tsv
08:35:22 INFO     command: tesseract --psm 0 -l osd /tmp/tmpx8a96wm1.png stdout
08:35:23 INFO     command: tesseract -l por /tmp/tmpx8a96wm1.png stdout tsv
08:35:26 INFO     Finished converting document agu_ptd_2025_2027_docdiretivo_assinado_assinado_assinado-copia_tarjada.pdf in 59.09 sec.
08:35:26 INFO     [1/7] ✓ AGU       :   7 riscos | 59.1s | ETA ~5min
08:35:26 INFO     [2/7] → documento-diretivo-mcom-_-ptd-25_27-copia_tarjada.pdf
08:35:26 INFO     detected formats: [<InputFormat.PDF: 'pdf'>]
08:35:26 INFO     Going to convert document batch...
08:35:26 INFO     Processing document documento-diretivo-mcom-_-ptd-25_27-copia_tarjada.pdf
08:35:27 INFO     command: tesseract --psm 0 -l osd /tmp/tmpjf9x5zw8.png stdout
08:35:27 INFO     command: tesseract -l por /tmp/tmpjf9x5zw8.png stdout tsv
08:35:31 INFO     command: tesseract --psm 0 -l osd /tmp/tmp693ygpqe.png stdout
08:35:32 INFO     command: tesseract -l por /tmp/tmp693ygpqe.png stdout tsv
08:35:38 INFO     command: tesseract --psm 0 -l osd /tmp/tmp5rujgmev.png stdout
08:35:38 INFO     command: tesseract -l por /tmp/tmp5rujgmev.png stdout tsv
08:35:39 INFO     command: tesseract --psm 0 -l osd /tmp/tmp5o9l7lnq.png stdout
08:35:40 INFO     command: tesseract -l por /tmp/tmp5o9l7lnq.png stdout tsv
08:35:42 INFO     command: tesseract --psm 0 -l osd /tmp/tmp9saifjjf.png stdout
08:35:43 INFO     command: tesseract -l por /tmp/tmp9saifjjf.png stdout tsv
08:35:45 INFO     command: tesseract --psm 0 -l osd /tmp/tmpcwyxzmju.png stdout
08:35:47 INFO     command: tesseract -l por /tmp/tmpcwyxzmju.png stdout tsv
08:36:04 INFO     command: tesseract --psm 0 -l osd /tmp/tmpzs8l4set.png stdout
08:36:05 INFO     command: tesseract -l por /tmp/tmpzs8l4set.png stdout tsv
08:36:07 INFO     command: tesseract --psm 0 -l osd /tmp/tmpr1xgrds7.png stdout
08:36:07 INFO     command: tesseract -l por /tmp/tmpr1xgrds7.png stdout tsv
08:36:10 INFO     command: tesseract --psm 0 -l osd /tmp/tmpi8nb57_l.png stdout
08:36:10 INFO     command: tesseract -l por /tmp/tmpi8nb57_l.png stdout tsv
08:36:12 INFO     command: tesseract --psm 0 -l osd /tmp/tmpugsoy2fv.png stdout
08:36:14 INFO     command: tesseract -l por /tmp/tmpugsoy2fv.png stdout tsv
08:36:18 INFO     command: tesseract --psm 0 -l osd /tmp/tmpsh24tbej.png stdout
08:36:19 INFO     command: tesseract -l por /tmp/tmpsh24tbej.png stdout tsv
08:36:24 INFO     command: tesseract --psm 0 -l osd /tmp/tmpg4mzynuw.png stdout
08:36:25 INFO     command: tesseract -l por /tmp/tmpg4mzynuw.png stdout tsv
08:36:27 INFO     command: tesseract --psm 0 -l osd /tmp/tmp7bwrbelr.png stdout
08:36:28 INFO     command: tesseract -l por /tmp/tmp7bwrbelr.png stdout tsv
08:36:30 INFO     command: tesseract --psm 0 -l osd /tmp/tmpvek7eji3.png stdout
08:36:31 INFO     command: tesseract -l por /tmp/tmpvek7eji3.png stdout tsv
08:36:37 INFO     Finished converting document documento-diretivo-mcom-_-ptd-25_27-copia_tarjada.pdf in 70.95 sec.
08:36:37 INFO     [2/7] ✓ MCOM      :  14 riscos | 71.0s | ETA ~5min
08:36:37 INFO     [3/7] → fiocruz_novo-ptd_2-1_docdiretivo_repactuacao_2024-2026_assinado_assinado-copia_tarjada.pdf
08:36:37 INFO     detected formats: [<InputFormat.PDF: 'pdf'>]
08:36:37 INFO     Going to convert document batch...
08:36:37 INFO     Processing document fiocruz_novo-ptd_2-1_docdiretivo_repactuacao_2024-2026_assinado_assinado-copia_tarjada.pdf
08:36:55 INFO     Finished converting document fiocruz_novo-ptd_2-1_docdiretivo_repactuacao_2024-2026_assinado_assinado-copia_tarjada.pdf in 17.55 sec.
08:36:55 INFO     [3/7] ✓ FIOCRUZ   :   6 riscos | 17.6s | ETA ~3min
08:36:55 INFO     [4/7] → funai_ptd_2025_2027_docdiretivo_assinado-1_tarjado.pdf
08:36:55 INFO     detected formats: [<InputFormat.PDF: 'pdf'>]
08:36:55 INFO     Going to convert document batch...
08:36:55 INFO     Processing document funai_ptd_2025_2027_docdiretivo_assinado-1_tarjado.pdf
08:36:56 INFO     command: tesseract --psm 0 -l osd /tmp/tmpi3egs0_5.png stdout
08:36:57 INFO     command: tesseract -l por /tmp/tmpi3egs0_5.png stdout tsv
08:36:58 INFO     command: tesseract --psm 0 -l osd /tmp/tmpczn2p9jt.png stdout
08:37:00 INFO     command: tesseract -l por /tmp/tmpczn2p9jt.png stdout tsv
08:37:01 INFO     command: tesseract --psm 0 -l osd /tmp/tmpzz02iq5f.png stdout
08:37:02 INFO     command: tesseract -l por /tmp/tmpzz02iq5f.png stdout tsv
08:37:04 INFO     command: tesseract --psm 0 -l osd /tmp/tmpwx1le3ix.png stdout
08:37:05 INFO     command: tesseract -l por /tmp/tmpwx1le3ix.png stdout tsv
08:37:06 INFO     command: tesseract --psm 0 -l osd /tmp/tmpyxfycsnp.png stdout
08:37:07 INFO     command: tesseract -l por /tmp/tmpyxfycsnp.png stdout tsv
08:37:09 INFO     command: tesseract --psm 0 -l osd /tmp/tmpd498i8o4.png stdout
08:37:11 INFO     command: tesseract -l por /tmp/tmpd498i8o4.png stdout tsv
08:37:21 INFO     command: tesseract --psm 0 -l osd /tmp/tmptv0gtsb8.png stdout
08:37:22 INFO     command: tesseract -l por /tmp/tmptv0gtsb8.png stdout tsv
08:37:23 INFO     command: tesseract --psm 0 -l osd /tmp/tmpqy9yts5n.png stdout
08:37:24 INFO     command: tesseract -l por /tmp/tmpqy9yts5n.png stdout tsv
08:37:25 INFO     command: tesseract --psm 0 -l osd /tmp/tmp_h7p3pnt.png stdout
08:37:26 INFO     command: tesseract -l por /tmp/tmp_h7p3pnt.png stdout tsv
08:37:28 INFO     command: tesseract --psm 0 -l osd /tmp/tmpx0eciixq.png stdout
08:37:29 INFO     command: tesseract -l por /tmp/tmpx0eciixq.png stdout tsv
08:37:48 INFO     command: tesseract --psm 0 -l osd /tmp/tmpepg8pjh7.png stdout
08:37:49 INFO     command: tesseract -l por /tmp/tmpepg8pjh7.png stdout tsv
08:37:51 INFO     command: tesseract --psm 0 -l osd /tmp/tmpdrbv7agq.png stdout
08:37:52 INFO     command: tesseract -l por /tmp/tmpdrbv7agq.png stdout tsv
08:37:54 INFO     command: tesseract --psm 0 -l osd /tmp/tmpxc5iahqe.png stdout
08:37:55 INFO     command: tesseract -l por /tmp/tmpxc5iahqe.png stdout tsv
08:38:01 INFO     Finished converting document funai_ptd_2025_2027_docdiretivo_assinado-1_tarjado.pdf in 66.12 sec.
08:38:01 INFO     [4/7] ✓ FUNAI     :  15 riscos | 66.1s | ETA ~2min
08:38:01 INFO     [5/7] → incra_ptd_docdiretivo__assinado-1_assinado_assinado-copia_tarjada.pdf
08:38:01 INFO     detected formats: [<InputFormat.PDF: 'pdf'>]
08:38:01 INFO     Going to convert document batch...
08:38:01 INFO     Processing document incra_ptd_docdiretivo__assinado-1_assinado_assinado-copia_tarjada.pdf
08:38:02 INFO     command: tesseract --psm 0 -l osd /tmp/tmpa1vzizot.png stdout
08:38:03 INFO     command: tesseract -l por /tmp/tmpa1vzizot.png stdout tsv
08:38:05 INFO     command: tesseract --psm 0 -l osd /tmp/tmp7nrhgc7d.png stdout
08:38:06 INFO     command: tesseract -l por /tmp/tmp7nrhgc7d.png stdout tsv
08:38:12 INFO     command: tesseract --psm 0 -l osd /tmp/tmpkabxl6_8.png stdout
08:38:13 INFO     command: tesseract -l por /tmp/tmpkabxl6_8.png stdout tsv
08:38:15 INFO     command: tesseract --psm 0 -l osd /tmp/tmp8srqfzwa.png stdout
08:38:16 INFO     command: tesseract -l por /tmp/tmp8srqfzwa.png stdout tsv
08:38:17 INFO     command: tesseract --psm 0 -l osd /tmp/tmpyntl2o8m.png stdout
08:38:18 INFO     command: tesseract -l por /tmp/tmpyntl2o8m.png stdout tsv
08:38:20 INFO     command: tesseract --psm 0 -l osd /tmp/tmpi9m3oqs9.png stdout
08:38:22 INFO     command: tesseract -l por /tmp/tmpi9m3oqs9.png stdout tsv
08:38:37 INFO     command: tesseract --psm 0 -l osd /tmp/tmpn__5id2c.png stdout
08:38:38 INFO     command: tesseract -l por /tmp/tmpn__5id2c.png stdout tsv
08:38:39 INFO     command: tesseract --psm 0 -l osd /tmp/tmpztqpoguh.png stdout
08:38:40 INFO     command: tesseract -l por /tmp/tmpztqpoguh.png stdout tsv
08:38:42 INFO     command: tesseract --psm 0 -l osd /tmp/tmp4uby0fw9.png stdout
08:38:43 INFO     command: tesseract -l por /tmp/tmp4uby0fw9.png stdout tsv
08:38:44 INFO     command: tesseract --psm 0 -l osd /tmp/tmpi21fw5w8.png stdout
08:38:46 INFO     command: tesseract -l por /tmp/tmpi21fw5w8.png stdout tsv
08:38:49 INFO     command: tesseract --psm 0 -l osd /tmp/tmp12wtgemj.png stdout
08:38:50 INFO     command: tesseract -l por /tmp/tmp12wtgemj.png stdout tsv
08:38:55 INFO     command: tesseract --psm 0 -l osd /tmp/tmpb6e_i49p.png stdout
08:38:56 INFO     command: tesseract -l por /tmp/tmpb6e_i49p.png stdout tsv
08:38:59 INFO     command: tesseract --psm 0 -l osd /tmp/tmp8bft1al6.png stdout
08:39:00 INFO     command: tesseract -l por /tmp/tmp8bft1al6.png stdout tsv
08:39:08 INFO     Finished converting document incra_ptd_docdiretivo__assinado-1_assinado_assinado-copia_tarjada.pdf in 67.07 sec.
08:39:08 INFO     [5/7] ✓ INCRA     :  15 riscos | 67.1s | ETA ~1min
08:39:08 INFO     [6/7] → iti_doc_diretivo_assinado-1_tarjado.pdf
08:39:08 INFO     detected formats: [<InputFormat.PDF: 'pdf'>]
08:39:08 INFO     Going to convert document batch...
08:39:08 INFO     Processing document iti_doc_diretivo_assinado-1_tarjado.pdf
08:39:09 INFO     command: tesseract --psm 0 -l osd /tmp/tmpyv6aosxb.png stdout
08:39:09 INFO     command: tesseract -l por /tmp/tmpyv6aosxb.png stdout tsv
08:39:11 INFO     command: tesseract --psm 0 -l osd /tmp/tmpu9h9sih3.png stdout
08:39:13 INFO     command: tesseract -l por /tmp/tmpu9h9sih3.png stdout tsv
08:39:17 INFO     command: tesseract --psm 0 -l osd /tmp/tmpm9wy_4se.png stdout
08:39:17 INFO     command: tesseract -l por /tmp/tmpm9wy_4se.png stdout tsv
08:39:19 INFO     command: tesseract --psm 0 -l osd /tmp/tmpcln_w6k5.png stdout
08:39:20 INFO     command: tesseract -l por /tmp/tmpcln_w6k5.png stdout tsv
08:39:22 INFO     command: tesseract --psm 0 -l osd /tmp/tmp2koo8ebu.png stdout
08:39:22 INFO     command: tesseract -l por /tmp/tmp2koo8ebu.png stdout tsv
08:39:25 INFO     command: tesseract --psm 0 -l osd /tmp/tmp7ecpqtji.png stdout
08:39:26 INFO     command: tesseract -l por /tmp/tmp7ecpqtji.png stdout tsv
08:39:41 INFO     command: tesseract --psm 0 -l osd /tmp/tmpjxi0egdp.png stdout
08:39:42 INFO     command: tesseract -l por /tmp/tmpjxi0egdp.png stdout tsv
08:39:44 INFO     command: tesseract --psm 0 -l osd /tmp/tmp09ip8ydn.png stdout
08:39:45 INFO     command: tesseract -l por /tmp/tmp09ip8ydn.png stdout tsv
08:39:47 INFO     command: tesseract --psm 0 -l osd /tmp/tmp7cnfobxm.png stdout
08:39:48 INFO     command: tesseract -l por /tmp/tmp7cnfobxm.png stdout tsv
08:39:50 INFO     command: tesseract --psm 0 -l osd /tmp/tmptrop46o6.png stdout
08:39:51 INFO     command: tesseract -l por /tmp/tmptrop46o6.png stdout tsv
08:40:05 INFO     command: tesseract --psm 0 -l osd /tmp/tmpkb4nd9nn.png stdout
08:40:06 INFO     command: tesseract -l por /tmp/tmpkb4nd9nn.png stdout tsv
08:40:09 INFO     Finished converting document iti_doc_diretivo_assinado-1_tarjado.pdf in 60.74 sec.
08:40:09 INFO     [6/7] ✓ ITI       :  14 riscos | 60.8s | ETA ~57s
08:40:09 INFO     [7/7] → sgpr_ptd_2026_2027_docdiretivo_assinado-copia_tarjada.pdf
08:40:09 INFO     detected formats: [<InputFormat.PDF: 'pdf'>]
08:40:09 INFO     Going to convert document batch...
08:40:09 INFO     Processing document sgpr_ptd_2026_2027_docdiretivo_assinado-copia_tarjada.pdf
08:40:29 INFO     Finished converting document sgpr_ptd_2026_2027_docdiretivo_assinado-copia_tarjada.pdf in 19.87 sec.
08:40:29 INFO     [7/7] ✓ SGPR      :  10 riscos | 19.9s | ETA ~0s
08:40:29 INFO     ╔══════════════════════════════════════════════════════════════╗
08:40:29 INFO     ║                   RISCOS — fase concluída                    ║
08:40:29 INFO     ║  Processados: 7     |  ✓ 7  ⚠ 0                              ║
08:40:29 INFO     ║  Duração: 6.0 min                                            ║
08:40:29 INFO     ║  81 riscos | 7 órgãos                                        ║
08:40:29 INFO     ╚══════════════════════════════════════════════════════════════╝
08:40:29 INFO     81 riscos | 0 ações | 135 relações
08:40:29 INFO     ptd_corpus_raw                     : 255 linhas
08:40:29 INFO     ptd_pivot_eixos                    : 7 linhas
08:40:32 INFO     ptd_datas_assinatura               : 132 linhas
08:40:32 INFO     ptd_riscos                         : 81 linhas
08:40:32 INFO     ptd_riscos_acoes                   : 135 linhas
08:40:32 INFO     Manifesto salvo: pipeline_manifest.json | SHA-256 de 132 PDFs
08:40:32 INFO     ==================================================
08:40:32 INFO     PTD-BR v3.0-melhorado — PIPELINE CONCLUÍDO
08:40:32 INFO     ==================================================
08:40:32 INFO     ptd_corpus_raw.csv                        155 KB
08:40:32 INFO     ptd_pivot_eixos.csv                         0 KB
08:40:32 INFO     ptd_datas_assinatura.csv                    9 KB
08:40:32 INFO     ptd_riscos.csv                             23 KB
08:40:32 INFO     ptd_riscos_acoes.csv                        2 KB
08:40:32 INFO     proveniencia.json                           0 KB
08:40:32 INFO     pipeline_manifest.json                     20 KB
08:40:32 INFO     📦 Artefatos: https://github.com/freirelucas/teste/actions/runs/24024414685
08:40:32 INFO     ==================================================
