21:56:35 INFO     Docling disponível
21:56:35 WARNING  OCR fallback indisponível (IndentationError: unexpected indent (ptd_ocr_fallback.py, line 45))
21:56:36 INFO     Ignorado (guia/template/norma): ABNT-NBR-17225-Acessibilidade-Digital.pdf
21:56:36 INFO     Ignorado (guia/template/norma): cgrep-guia10passos-ptd-orgao.pdf
21:56:36 INFO     Ignorado (guia/template/norma): ABNT-NBR-17225-Acessibilidade-Digital.pdf
21:56:36 INFO     Scraping: 132 PDFs únicos | entregas: 68 | diretivos: 61
21:56:36 INFO     Baixando 132 PDFs únicos...
21:56:38 INFO     ✓ [  1/132] abin_ptd_anexo_de_entregas_assinado_pelo_orgao_ass   293.3KB
21:56:41 INFO     ✓ [  2/132] aeb_ptd_2025_2027_docdiretivo_aprovado_assinado-1_  1033.7KB
21:56:44 INFO     ✓ [  3/132] aeb_ptd_2025_2027_anexo_de_entregas_aprovado_assin   154.5KB
21:56:49 INFO     ✓ [  4/132] agu_ptd_2025_2027_docdiretivo_assinado_assinado_as  2860.3KB
21:56:52 INFO     ✓ [  5/132] agu_ptd_2025_2027_anexo_de_entregas_assinado_assin   525.5KB
21:56:55 INFO     ✓ [  6/132] ana_ptd_2025_2027_docdiretivo_assinado_assinado_as   477.2KB
21:56:57 INFO     ✓ [  7/132] ana_ptd_2025_2027_anexoentregas_assinado_assinado_   170.9KB
21:57:00 INFO     ✓ [  8/132] anac_ptd_2025_2026_docdiretivo_se_assinado_tarjado  1036.3KB
21:57:02 INFO     ✓ [  9/132] anac_ptd_2025_2026_anexo_de_entregas_se_assinado.p   215.2KB
21:57:06 INFO     ✓ [ 10/132] anatel_ptd_docdiretivo_assinado_2025_2026_assinado  1006.0KB
21:57:08 INFO     ✓ [ 11/132] anatel_ptd_2025_2026_anexo_de_entregas_do_ptd_publ    71.9KB
21:57:11 INFO     ✓ [ 12/132] ancine_ptd_2024_2026_docdiretivo_assinado-2_assina   961.8KB
21:57:14 INFO     ✓ [ 13/132] ancine_ptd_2024_2026_-_anexo_de_entregas_aprovado_   613.2KB
21:57:17 INFO     ✓ [ 14/132] ptd_aneel_2025-2027_docdiretivo_assinado_tarjado.p   779.6KB
21:57:19 INFO     ✓ [ 15/132] ptd_aneel_2025-2027_anexo_de_entregas_assinado.pdf   111.9KB
21:57:23 INFO     ✓ [ 16/132] anm_ptd_2025_2027_docdiretivo_assinadopeloorgao_ta  1092.5KB
21:57:26 INFO     ✓ [ 17/132] anm_ptd_2025_2027_anexo_entregas_assinadopeloorgao  1140.4KB
21:57:29 INFO     ✓ [ 18/132] anpd_ptd_2025_2027_docdiretivo_assinado_assinado_a  1044.3KB
21:57:32 INFO     ✓ [ 19/132] anpd_ptd_2025_2027_anexo_de_entregas_assinado_assi   166.5KB
21:57:35 INFO     ✓ [ 20/132] ans-plano_de_transformacao_digital_assinado-copia_  1023.4KB
21:57:37 INFO     ✓ [ 21/132] ans_ptd_2025_2026_anexo_de_entregas_assinado_assin   124.1KB
21:57:40 INFO     ✓ [ 22/132] antaq_ptd_2025_2027_docdiretivo_assinado_assinado_  1039.8KB
21:57:42 INFO     ✓ [ 23/132] antaq_ptd_2025_2027_anexoentregas_assinado_assinad   145.1KB
21:57:44 INFO     ✓ [ 24/132] mt_anexo_de_entregas_-_assinado_assinado_assinado_   143.6KB
21:57:53 INFO     ✓ [ 25/132] anvisa_ptd_docdiretivo_2025-2026_assinado_assinado  5771.2KB
21:57:55 INFO     ✓ [ 26/132] anvisa_ptd_anexo_de_entregas_2025_2026_assinado_as   239.0KB
21:57:58 INFO     ✓ [ 27/132] bcb_documento_diretivo_assinado_assinado_assinado-   713.7KB
21:58:00 INFO     ✓ [ 28/132] bcb_anexo_de_entregas_ptd_25_26-1_assinado_assinad   134.8KB
21:58:03 INFO     ✓ [ 29/132] cade_ptd_docdiretivo_2025_2026_assinado-2_assinado   810.4KB
21:58:06 INFO     ✓ [ 30/132] cade_ptd_anexo_de_entregas_2025_2026_assinado_copi   504.0KB
21:58:09 INFO     ✓ [ 31/132] mec_ptd_docdiretivo_2025-2026_sei_mec-5566673_copi   863.1KB
21:58:12 INFO     ✓ [ 32/132] mec_ptd_anexo-de-entregas_sei_mec-5576401_copia_ta   495.7KB
21:58:16 INFO     ✓ [ 33/132] mec_ptd_docdiretivo-versao-comunicacao_copia_tarja  1616.5KB
21:58:18 INFO     ✓ [ 34/132] md_ptd_2026_2027_anexo_de_entregas_assinado_assina   579.4KB
21:58:21 INFO     ✓ [ 35/132] md_ptd_2026_2027_anexo_de_entregas_assinado_assina   186.8KB
21:58:24 INFO     ✓ [ 36/132] md_ptd_temp_copia_tarjada.pdf                        741.9KB
21:58:27 INFO     ✓ [ 37/132] cgu_ptd_docdiretivo_assinado_assinado_assinado-cop  1085.4KB
21:58:29 INFO     ✓ [ 38/132] cgu_ptd_anexo_de_entregas_pactuadas_assinado_assin   514.1KB
21:58:32 INFO     ✓ [ 39/132] cnpq_ptd_2025_2027_docdiretivo_assinado_assinado_a   342.9KB
21:58:34 INFO     ✓ [ 40/132] cnpq_ptd_2025_2027_anexo_de_entregas_assinado_assi   136.1KB
21:58:37 INFO     ✓ [ 41/132] coaf_ptd_2025_2026_documento_diretivo_assinado_ass  1068.0KB
21:58:43 INFO     ✓ [ 42/132] coaf_ptd_2025_2026_anexo_de_entregas-2_assinado_as  3184.5KB
21:58:49 INFO     ✓ [ 43/132] ptd_midr-docdiretivo_aprovado_assinado_tarjado.pdf  3864.1KB
21:58:52 INFO     ✓ [ 44/132] ptd_midr_-_anexo_de_entregas_-_aprovado_assinado.p  1122.0KB
21:58:56 INFO     ✓ [ 45/132] mda-documento-diretivo-assinado_ptd-2025-207-copia   955.8KB
21:58:58 INFO     ✓ [ 46/132] cvm_ptd_2025_2027_docdiretivo_assinado_assinado_as   270.5KB
21:59:00 INFO     ✓ [ 47/132] cvm_ptd_2025_2027_anexoentregas_assinado_assinado_   409.0KB
21:59:03 INFO     ✓ [ 48/132] dnocs_ptd_doc_diretivo_2025_2026_assinado_orgao-2_   891.1KB
21:59:06 INFO     ✓ [ 49/132] dnocs_anexo_de_entregas_repactuado_2025_2026_assin   272.3KB
21:59:11 INFO     ✓ [ 50/132] fbn_ptd_2025_2027_docdiretivo_assinado-1_tarjado.p  2921.6KB
21:59:13 INFO     ✓ [ 51/132] fbn_ptd_2025_2027_anexo_de_entregas_assinado-1.pdf   162.3KB
21:59:17 INFO     ✓ [ 52/132] fcp_ptd_2025_2027_docdiretivo_assinado-1_tarjado.p  1612.0KB
21:59:19 INFO     ✓ [ 53/132] fcp_ptd_2025_2027_anexo_de_entregas_assinado-1.pdf   118.8KB
21:59:22 INFO     ✓ [ 54/132] fcrb_ptd_2025_2026_docdiretivo_aprovado_assinado-1   998.2KB
21:59:25 INFO     ✓ [ 55/132] fcrb_ptd_2025_2026_anexo_de_entregas_aprovado_assi   313.5KB
21:59:28 INFO     ✓ [ 56/132] fiocruz_novo-ptd_2-1_docdiretivo_repactuacao_2024-  1318.1KB
21:59:31 INFO     ✓ [ 57/132] fiocruz_ptd_anexo_de_entregas_assinado_v1_assinado   257.1KB
21:59:35 INFO     ✓ [ 58/132] fiocruz-ptd-06_2024-copia_tarjada.pdf               1693.8KB
21:59:39 INFO     ✓ [ 59/132] funai_ptd_2025_2027_docdiretivo_assinado-1_tarjado  1842.1KB
21:59:41 INFO     ✓ [ 60/132] funai_anexo_de_entregas_repactuado_2026_2027_assin   435.7KB
21:59:44 INFO     ✓ [ 61/132] funarte_ptd_docdiretivo_assinado_21_01_2025_assina   965.7KB
21:59:47 INFO     ✓ [ 62/132] funarte_ptd_anexo_de_entregas_assinado_v1_assinado   683.6KB
21:59:50 INFO     ✓ [ 63/132] fundacentro_ptd_2025_2027_docdiretivo_assinado_ass   826.6KB
21:59:53 INFO     ✓ [ 64/132] fundacentro_ptd_2025_2027_anexo_de_entregas_assina   635.5KB
21:59:56 INFO     ✓ [ 65/132] mma_ptd_docdiretivo_assinado_2025_2026-1_assinado_   949.3KB
21:59:59 INFO     ✓ [ 66/132] mma_ptd_anexo_de_entregas_aprovado_final_assinado_   174.8KB
22:00:02 INFO     ✓ [ 67/132] ibge_docdiretivo_2025_assinado_assinado_assinado-c  1167.3KB
22:00:04 INFO     ✓ [ 68/132] ibge_ptd_25_26_anexo_de_entregas_modelo_v2-1_assin   143.7KB
22:00:14 INFO     ✓ [ 69/132] incra_ptd_docdiretivo__assinado-1_assinado_assinad  7182.0KB
22:00:18 INFO     ✓ [ 70/132] incra_anexo_de_entregas_assinado-1_assinado_assina  1818.6KB
22:00:24 INFO     ✓ [ 71/132] inpi_ptd_docdiretivo_assinado_2025_2026_assinado_a  3322.4KB
22:00:29 INFO     ✓ [ 72/132] inpi_ptd_anexo_de_entregas_assinado_v1_assinado_as  3078.1KB
22:00:32 INFO     ✓ [ 73/132] inss_ptd_2025_2027_docdiretivo-assinado-copia_tarj  1173.3KB
22:00:35 INFO     ✓ [ 74/132] inss_ptd_2025_2027_anexo_de_entregas-assinado-copi   110.8KB
22:00:38 INFO     ✓ [ 75/132] iphan_ptd_docdiretivo_assinado_2025_2026_assinado_   885.7KB
22:00:40 INFO     ✓ [ 76/132] iphan_ptd_anexo_de_entregas_assinado_v1_assinado_a   310.9KB
22:00:47 INFO     ✓ [ 77/132] iti_doc_diretivo_assinado-1_tarjado.pdf             4905.1KB
22:00:50 INFO     ✓ [ 78/132] iti_anexo_de_entregas_assinado.pdf                   556.4KB
22:00:54 INFO     ✓ [ 79/132] mapa_ptd_2025_2027_docdiretivo_assinado-1_tarjado.  1740.9KB
22:00:56 INFO     ✓ [ 80/132] mapa_ptd_2025_2027_anexo_de_entregas_assinado-1.pd   261.9KB
22:01:03 INFO     ✓ [ 81/132] documento-diretivo-mcom-_-ptd-25_27-copia_tarjada.  4451.9KB
22:01:07 INFO     ✓ [ 82/132] anexo-de-entregas-mcom_ptd-25_27-copia_tarjada.pdf  1213.8KB
22:01:12 INFO     ✓ [ 83/132] ptd_21_24_mcom-copia_tarjada.pdf                    3040.7KB
22:01:15 INFO     ✓ [ 84/132] mcti_ptd_2025-2027_docdiretivo_assinado-copia_tarj  1030.7KB
22:01:17 INFO     ✓ [ 85/132] mcti_ptd_2025-2027_anexo-de-entregas_assinado-copi   145.8KB
22:01:20 INFO     ✓ [ 86/132] mda-anexo-entregas-assinado_ptd-2025-2027-copia-ta   284.6KB
22:01:23 INFO     ✓ [ 87/132] mdhc_ptd_2025_2027_docdiretivo_assinado_assinado_a   753.4KB
22:01:25 INFO     ✓ [ 88/132] mdhc_ptd_2025_2027_anexoentregas_assinado_assinado   186.8KB
22:01:27 INFO     ✓ [ 89/132] mdic_ptd_anexo_de_entregas_assinado_v1_assinado_as   176.6KB
22:01:30 INFO     ✓ [ 90/132] memp_ptd_2025_2026_docdiretivo_assinado_assinado_a  1030.1KB
22:01:33 INFO     ✓ [ 91/132] memp_ptd_2025_2026_anexo_de_entregas_assinado_assi   161.5KB
22:01:36 INFO     ✓ [ 92/132] mesp_ptd_2025_2027_docdiretivo_assinado_assinado_2  1147.7KB
22:01:38 INFO     ✓ [ 93/132] mesp_ptd_2025_2027_anexo_de_entregas_assinado_assi   226.6KB
22:01:42 INFO     ✓ [ 94/132] mf_ptd_2026_2027_documentodiretivo_assinado_assina   955.1KB
22:01:44 INFO     ✓ [ 95/132] mf_ptd_2026_2027_anexo_de_entregas_1_mf_se_assinad   241.2KB
22:01:47 INFO     ✓ [ 96/132] mgi_ptd_2025_2027_docdiretivo_assinado_assinado_as   375.2KB
22:01:49 INFO     ✓ [ 97/132] mgi_ptd_2025_2027_anexo_de_entregas_assinado_assin   256.1KB
22:01:53 INFO     ✓ [ 98/132] minc_ptd_2025_2027_docdiretivo_assinado-1_assinado   863.6KB
22:01:55 INFO     ✓ [ 99/132] minc_ptd_2025_2027_anexo_de_entregas_assinado-1_as   276.7KB
22:01:58 INFO     ✓ [100/132] mjsp_ptd_docdiretivo_assinado_2025_2026_assinado_a   954.0KB
22:02:01 INFO     ✓ [101/132] mjsp_ptd_anexo_de_entregas_assinado_v1_assinado_as   253.9KB
22:02:04 INFO     ✓ [102/132] mme_ptd_2025_2027_docdiretivo_assinado-copia_tarja   664.5KB
22:02:06 INFO     ✓ [103/132] mme_ptd_2025_2027_anexo_de_entregas_assinado__1_-c   111.1KB
22:02:09 INFO     ✓ [104/132] mmulheres_ptd_2025_2027_docdiretivo_assinado_assin  1078.3KB
22:02:11 INFO     ✓ [105/132] mmulheres_ptd_2025_2027_anexo_de_entregas_assinado   216.9KB
22:02:15 INFO     ✓ [106/132] mpi_ptd_2025_2027_docdiretivo_ministerio_dos_povos   947.9KB
22:02:17 INFO     ✓ [107/132] mpi_ptd_anexo_de_entregas_do_plano_de_tranformacao   191.9KB
22:02:20 INFO     ✓ [108/132] mpo_ptd_docdiretivo_assinado_2025_2026_assinado_as   806.3KB
22:02:23 INFO     ✓ [109/132] mpo_ptd_anexo_de_entregas_assinado_v1_assinado_ass   323.2KB
22:02:26 INFO     ✓ [110/132] mpor_ptd_2025_2027_docdiretivo_assinado_assinado_a   876.5KB
22:02:28 INFO     ✓ [111/132] mpor_ptd_2025_2027_anexo_de_entregas_assinado_assi   175.1KB
22:02:31 INFO     ✓ [112/132] mps_ptd_2025-2026_docdiretivo_final_assinado-1_ass  1024.4KB
22:02:33 INFO     ✓ [113/132] mps_ptd_2025-2026_anexo_de_entregas_final_assinado   165.0KB
22:02:37 INFO     ✓ [114/132] mre_ptd_docdiretivo_assinado_2025_2026_assinado_as   760.9KB
22:02:39 INFO     ✓ [115/132] mre_ptd_anexo_de_entregas_assinado_v1_assinado_ass   233.2KB
22:02:42 INFO     ✓ [116/132] mte_ptd_2025_2026_docdiretivo_assinado_assinado_as   729.6KB
22:02:45 INFO     ✓ [117/132] mte_ptd_anexo_de_entregas_assinado_v1__281_29_assi   459.5KB
22:02:48 INFO     ✓ [118/132] mtur_ptd_docdiretiv_assinado_30_01_2025_assinado_a  1050.4KB
22:02:50 INFO     ✓ [119/132] mtur_ptd_anexo_de_entregas_assinado_30_01_2025_ass   118.8KB
22:02:54 INFO     ✓ [120/132] pf_ptd_docdiretivo_2025_2027_assinado-copia_tarjad   964.3KB
22:02:56 INFO     ✓ [121/132] pf_ptd_anexo_de_entregas_2025_2027_assinado-copia_    62.5KB
22:02:58 INFO     ✓ [122/132] mf_ptd_2026_2027_anexo_de_entregas_4_mf_pgfn_assin   466.8KB
22:03:08 INFO     ✓ [123/132] previc_plano_de_transformacao_digital_2025_2026_29  6652.7KB
22:03:10 INFO     ✓ [124/132] previc_ptd_repactuacao_2025-2026_assinado_assinado   182.9KB
22:03:13 INFO     ✓ [125/132] prf_documentodiretivo_ptd_2026-2027_assinado_tarja   535.9KB
22:03:15 INFO     ✓ [126/132] prf_anexo_de_entregas_do_ptd__2026_2027___ptd___en   157.7KB
22:03:17 INFO     ✓ [127/132] mf_ptd_2026_2027_anexo_de_entregas_2_mf_rfb_assina   253.7KB
22:03:20 INFO     ✓ [128/132] sgpr_ptd_2026_2027_docdiretivo_assinado-copia_tarj   791.2KB
22:03:24 INFO     ✓ [129/132] sgpr_ptd_2025_2027_anexo_de_entregas_assinado-copi   897.9KB
22:03:26 INFO     ✓ [130/132] mf_ptd_2026_2027_anexo_de_entregas_3_mf_stn_assina   467.8KB
22:03:30 INFO     ✓ [131/132] susep_ptd_2025_2027_docdiretivo-assinado-copia_tar  1030.1KB
22:03:32 INFO     ✓ [132/132] susep_ptd_2025-2026_anexo_de_entregas_final_assina   221.9KB
22:03:34 INFO     132 OK | 0 erros | 123.3 MB total
22:03:39 INFO     Sanity: 132 PDFs | 113 texto | 19 imagem/OCR | 0 duplicatas
22:03:39 INFO     --siglas (debug): 15 PDFs de ['AGU', 'FIOCRUZ', 'FUNAI', 'FUNDACENTRO', 'INCRA', 'ITI', 'MCOM', 'SGPR']
22:03:39 INFO     DocumentConverter instanciado (singleton × 2: plain + OCR)
22:03:39 INFO     [1/15] → agu_ptd_2025_2027_anexo_de_entregas_assinado_assinado_assinado-copia_tarjada.pdf
22:03:39 INFO     detected formats: [<InputFormat.PDF: 'pdf'>]
22:03:39 INFO     Going to convert document batch...
22:03:39 INFO     Initializing pipeline for StandardPdfPipeline with options hash bc6794697da537796efc497178f9263f
22:03:39 INFO     Loading plugin 'docling_defaults'
22:03:39 INFO     Registered picture descriptions: ['picture_description_vlm_engine', 'vlm', 'api']
22:03:39 INFO     Loading plugin 'docling_defaults'
22:03:39 INFO     Registered ocr engines: ['auto', 'easyocr', 'kserve_v2_ocr', 'ocrmac', 'rapidocr', 'tesserocr', 'tesseract']
22:03:39 INFO     command: tesseract --list-langs
22:03:39 INFO     Loading plugin 'docling_defaults'
22:03:39 INFO     Registered layout engines: ['layout_object_detection', 'docling_layout_default', 'docling_experimental_table_crops_layout']
22:03:39 INFO     Accelerator device: 'cpu'
22:03:39 INFO     HTTP Request: GET https://huggingface.co/api/models/docling-project/docling-layout-heron/revision/main "HTTP/1.1 200 OK"
22:03:40 INFO     HTTP Request: HEAD https://huggingface.co/docling-project/docling-layout-heron/resolve/8f39ad3c0b4c58e9c2d2c84a38465abf757272d8/.gitattributes "HTTP/1.1 307 Temporary Redirect"
22:03:40 INFO     HTTP Request: HEAD https://huggingface.co/docling-project/docling-layout-heron/resolve/8f39ad3c0b4c58e9c2d2c84a38465abf757272d8/README.md "HTTP/1.1 307 Temporary Redirect"
22:03:40 WARNING  Warning: You are sending unauthenticated requests to the HF Hub. Please set a HF_TOKEN to enable higher rate limits and faster downloads.
22:03:40 INFO     HTTP Request: HEAD https://huggingface.co/docling-project/docling-layout-heron/resolve/8f39ad3c0b4c58e9c2d2c84a38465abf757272d8/docling_heron_400.png "HTTP/1.1 307 Temporary Redirect"
22:03:40 INFO     HTTP Request: HEAD https://huggingface.co/docling-project/docling-layout-heron/resolve/8f39ad3c0b4c58e9c2d2c84a38465abf757272d8/config.json "HTTP/1.1 307 Temporary Redirect"
22:03:40 INFO     HTTP Request: HEAD https://huggingface.co/api/resolve-cache/models/docling-project/docling-layout-heron/8f39ad3c0b4c58e9c2d2c84a38465abf757272d8/.gitattributes "HTTP/1.1 200 OK"
22:03:40 INFO     HTTP Request: HEAD https://huggingface.co/docling-project/docling-layout-heron/resolve/8f39ad3c0b4c58e9c2d2c84a38465abf757272d8/preprocessor_config.json "HTTP/1.1 307 Temporary Redirect"
22:03:40 INFO     HTTP Request: HEAD https://huggingface.co/docling-project/docling-layout-heron/resolve/8f39ad3c0b4c58e9c2d2c84a38465abf757272d8/model.safetensors "HTTP/1.1 302 Found"
22:03:40 INFO     HTTP Request: HEAD https://huggingface.co/api/resolve-cache/models/docling-project/docling-layout-heron/8f39ad3c0b4c58e9c2d2c84a38465abf757272d8/README.md "HTTP/1.1 200 OK"
22:03:40 INFO     HTTP Request: HEAD https://huggingface.co/api/resolve-cache/models/docling-project/docling-layout-heron/8f39ad3c0b4c58e9c2d2c84a38465abf757272d8/docling_heron_400.png "HTTP/1.1 200 OK"
22:03:40 INFO     HTTP Request: GET https://huggingface.co/api/resolve-cache/models/docling-project/docling-layout-heron/8f39ad3c0b4c58e9c2d2c84a38465abf757272d8/.gitattributes "HTTP/1.1 200 OK"
22:03:40 INFO     HTTP Request: HEAD https://huggingface.co/api/resolve-cache/models/docling-project/docling-layout-heron/8f39ad3c0b4c58e9c2d2c84a38465abf757272d8/config.json "HTTP/1.1 200 OK"
22:03:40 INFO     HTTP Request: HEAD https://huggingface.co/api/resolve-cache/models/docling-project/docling-layout-heron/8f39ad3c0b4c58e9c2d2c84a38465abf757272d8/preprocessor_config.json "HTTP/1.1 200 OK"
22:03:40 INFO     HTTP Request: GET https://huggingface.co/api/resolve-cache/models/docling-project/docling-layout-heron/8f39ad3c0b4c58e9c2d2c84a38465abf757272d8/README.md "HTTP/1.1 200 OK"
22:03:40 INFO     HTTP Request: GET https://huggingface.co/api/resolve-cache/models/docling-project/docling-layout-heron/8f39ad3c0b4c58e9c2d2c84a38465abf757272d8/config.json "HTTP/1.1 200 OK"
22:03:40 INFO     HTTP Request: GET https://huggingface.co/api/resolve-cache/models/docling-project/docling-layout-heron/8f39ad3c0b4c58e9c2d2c84a38465abf757272d8/docling_heron_400.png "HTTP/1.1 200 OK"
22:03:40 INFO     HTTP Request: GET https://huggingface.co/api/resolve-cache/models/docling-project/docling-layout-heron/8f39ad3c0b4c58e9c2d2c84a38465abf757272d8/preprocessor_config.json "HTTP/1.1 200 OK"
22:03:40 INFO     HTTP Request: GET https://huggingface.co/api/models/docling-project/docling-layout-heron/xet-read-token/8f39ad3c0b4c58e9c2d2c84a38465abf757272d8 "HTTP/1.1 200 OK"
22:03:41 INFO     Loading plugin 'docling_defaults'
22:03:41 INFO     Registered table structure engines: ['docling_tableformer', 'docling_tableformer_v2']
22:03:41 INFO     HTTP Request: GET https://huggingface.co/api/models/docling-project/docling-models/revision/v2.3.0 "HTTP/1.1 200 OK"
22:03:41 INFO     HTTP Request: HEAD https://huggingface.co/docling-project/docling-models/resolve/fc0f2d45e2218ea24bce5045f58a389aed16dc23/README.md "HTTP/1.1 307 Temporary Redirect"
22:03:41 INFO     HTTP Request: HEAD https://huggingface.co/docling-project/docling-models/resolve/fc0f2d45e2218ea24bce5045f58a389aed16dc23/.gitignore "HTTP/1.1 307 Temporary Redirect"
22:03:41 INFO     HTTP Request: HEAD https://huggingface.co/docling-project/docling-models/resolve/fc0f2d45e2218ea24bce5045f58a389aed16dc23/config.json "HTTP/1.1 307 Temporary Redirect"
22:03:41 INFO     HTTP Request: HEAD https://huggingface.co/docling-project/docling-models/resolve/fc0f2d45e2218ea24bce5045f58a389aed16dc23/.gitattributes "HTTP/1.1 307 Temporary Redirect"
22:03:41 INFO     HTTP Request: HEAD https://huggingface.co/docling-project/docling-models/resolve/fc0f2d45e2218ea24bce5045f58a389aed16dc23/model_artifacts/tableformer/accurate/tm_config.json "HTTP/1.1 307 Temporary Redirect"
22:03:41 INFO     HTTP Request: HEAD https://huggingface.co/docling-project/docling-models/resolve/fc0f2d45e2218ea24bce5045f58a389aed16dc23/model_artifacts/tableformer/accurate/tableformer_accurate.safetensors "HTTP/1.1 302 Found"
22:03:41 INFO     HTTP Request: HEAD https://huggingface.co/api/resolve-cache/models/docling-project/docling-models/fc0f2d45e2218ea24bce5045f58a389aed16dc23/README.md "HTTP/1.1 200 OK"
22:03:41 INFO     HTTP Request: HEAD https://huggingface.co/api/resolve-cache/models/docling-project/docling-models/fc0f2d45e2218ea24bce5045f58a389aed16dc23/.gitignore "HTTP/1.1 200 OK"
22:03:41 INFO     HTTP Request: HEAD https://huggingface.co/api/resolve-cache/models/docling-project/docling-models/fc0f2d45e2218ea24bce5045f58a389aed16dc23/.gitattributes "HTTP/1.1 200 OK"
22:03:41 INFO     HTTP Request: HEAD https://huggingface.co/api/resolve-cache/models/docling-project/docling-models/fc0f2d45e2218ea24bce5045f58a389aed16dc23/config.json "HTTP/1.1 200 OK"
22:03:41 INFO     HTTP Request: HEAD https://huggingface.co/api/resolve-cache/models/docling-project/docling-models/fc0f2d45e2218ea24bce5045f58a389aed16dc23/model_artifacts%2Ftableformer%2Faccurate%2Ftm_config.json "HTTP/1.1 200 OK"
22:03:41 INFO     HTTP Request: GET https://huggingface.co/api/resolve-cache/models/docling-project/docling-models/fc0f2d45e2218ea24bce5045f58a389aed16dc23/README.md "HTTP/1.1 200 OK"
22:03:41 INFO     HTTP Request: GET https://huggingface.co/api/resolve-cache/models/docling-project/docling-models/fc0f2d45e2218ea24bce5045f58a389aed16dc23/.gitignore "HTTP/1.1 200 OK"
22:03:41 INFO     HTTP Request: HEAD https://huggingface.co/docling-project/docling-models/resolve/fc0f2d45e2218ea24bce5045f58a389aed16dc23/model_artifacts/tableformer/fast/tableformer_fast.safetensors "HTTP/1.1 302 Found"
22:03:41 INFO     HTTP Request: GET https://huggingface.co/api/resolve-cache/models/docling-project/docling-models/fc0f2d45e2218ea24bce5045f58a389aed16dc23/.gitattributes "HTTP/1.1 200 OK"
22:03:41 INFO     HTTP Request: GET https://huggingface.co/api/resolve-cache/models/docling-project/docling-models/fc0f2d45e2218ea24bce5045f58a389aed16dc23/config.json "HTTP/1.1 200 OK"
22:03:41 INFO     HTTP Request: GET https://huggingface.co/api/resolve-cache/models/docling-project/docling-models/fc0f2d45e2218ea24bce5045f58a389aed16dc23/model_artifacts%2Ftableformer%2Faccurate%2Ftm_config.json "HTTP/1.1 200 OK"
22:03:41 INFO     HTTP Request: GET https://huggingface.co/api/models/docling-project/docling-models/xet-read-token/fc0f2d45e2218ea24bce5045f58a389aed16dc23 "HTTP/1.1 200 OK"
22:03:41 INFO     HTTP Request: HEAD https://huggingface.co/docling-project/docling-models/resolve/fc0f2d45e2218ea24bce5045f58a389aed16dc23/model_artifacts/tableformer/fast/tm_config.json "HTTP/1.1 307 Temporary Redirect"
22:03:41 INFO     HTTP Request: HEAD https://huggingface.co/api/resolve-cache/models/docling-project/docling-models/fc0f2d45e2218ea24bce5045f58a389aed16dc23/model_artifacts%2Ftableformer%2Ffast%2Ftm_config.json "HTTP/1.1 200 OK"
22:03:41 INFO     HTTP Request: GET https://huggingface.co/api/models/docling-project/docling-models/xet-read-token/fc0f2d45e2218ea24bce5045f58a389aed16dc23 "HTTP/1.1 200 OK"
22:03:41 INFO     HTTP Request: GET https://huggingface.co/api/resolve-cache/models/docling-project/docling-models/fc0f2d45e2218ea24bce5045f58a389aed16dc23/model_artifacts%2Ftableformer%2Ffast%2Ftm_config.json "HTTP/1.1 200 OK"
22:03:43 INFO     Accelerator device: 'cpu'
22:03:43 INFO     Processing document agu_ptd_2025_2027_anexo_de_entregas_assinado_assinado_assinado-copia_tarjada.pdf
22:03:43 INFO     command: tesseract --psm 0 -l osd /tmp/tmpqn66sbem.png stdout
22:03:44 INFO     command: tesseract -l por /tmp/tmpqn66sbem.png stdout tsv
22:03:47 INFO     command: tesseract --psm 0 -l osd /tmp/tmphzd76d35.png stdout
22:03:48 INFO     command: tesseract -l por /tmp/tmphzd76d35.png stdout tsv
22:04:06 INFO     Finished converting document agu_ptd_2025_2027_anexo_de_entregas_assinado_assinado_assinado-copia_tarjada.pdf in 26.82 sec.
22:04:06 INFO       pixel_budget (Docling) agu_ptd_2025_2027_anexo_de_entregas_assinado_assinado_assinado-copia_tarjada.pdf: 45.8% (área tabelas/1001817 px²)
22:04:06 INFO     [1/15] ✓ AGU       :   33 entregas | 26.8s | ETA ~6min
22:04:06 INFO     [2/15] → agu_ptd_2025_2027_docdiretivo_assinado_assinado_assinado-copia_tarjada.pdf
22:04:06 INFO     detected formats: [<InputFormat.PDF: 'pdf'>]
22:04:06 INFO     Going to convert document batch...
22:04:06 INFO     Processing document agu_ptd_2025_2027_docdiretivo_assinado_assinado_assinado-copia_tarjada.pdf
22:04:07 INFO     command: tesseract --psm 0 -l osd /tmp/tmpi9z_3kl4.png stdout
22:04:07 INFO     command: tesseract -l por /tmp/tmpi9z_3kl4.png stdout tsv
22:04:09 INFO     command: tesseract --psm 0 -l osd /tmp/tmp3ob3k9s9.png stdout
22:04:11 INFO     command: tesseract -l por /tmp/tmp3ob3k9s9.png stdout tsv
22:04:15 INFO     command: tesseract --psm 0 -l osd /tmp/tmp29wkcv1m.png stdout
22:04:15 INFO     command: tesseract -l por /tmp/tmp29wkcv1m.png stdout tsv
22:04:18 INFO     command: tesseract --psm 0 -l osd /tmp/tmpt4kobkbr.png stdout
22:04:18 INFO     command: tesseract -l por /tmp/tmpt4kobkbr.png stdout tsv
22:04:20 INFO     command: tesseract --psm 0 -l osd /tmp/tmpg8gbngju.png stdout
22:04:21 INFO     command: tesseract -l por /tmp/tmpg8gbngju.png stdout tsv
22:04:23 INFO     command: tesseract --psm 0 -l osd /tmp/tmpc06dkbek.png stdout
22:04:25 INFO     command: tesseract -l por /tmp/tmpc06dkbek.png stdout tsv
22:04:36 INFO     command: tesseract --psm 0 -l osd /tmp/tmpprmlunaa.png stdout
22:04:36 INFO     command: tesseract -l por /tmp/tmpprmlunaa.png stdout tsv
22:04:39 INFO     command: tesseract --psm 0 -l osd /tmp/tmpn6rkual9.png stdout
22:04:39 INFO     command: tesseract -l por /tmp/tmpn6rkual9.png stdout tsv
22:04:42 INFO     command: tesseract --psm 0 -l osd /tmp/tmphrwtwwtt.png stdout
22:04:42 INFO     command: tesseract -l por /tmp/tmphrwtwwtt.png stdout tsv
22:04:45 INFO     command: tesseract --psm 0 -l osd /tmp/tmp7oi9vf75.png stdout
22:04:46 INFO     command: tesseract -l por /tmp/tmp7oi9vf75.png stdout tsv
22:05:02 INFO     command: tesseract --psm 0 -l osd /tmp/tmp8h2fq26k.png stdout
22:05:02 INFO     command: tesseract -l por /tmp/tmp8h2fq26k.png stdout tsv
22:05:06 INFO     Finished converting document agu_ptd_2025_2027_docdiretivo_assinado_assinado_assinado-copia_tarjada.pdf in 59.49 sec.
22:05:06 INFO       pixel_budget (Docling) agu_ptd_2025_2027_docdiretivo_assinado_assinado_assinado-copia_tarjada.pdf: 2.1% (área tabelas/5513330 px²)
22:05:06 INFO     [2/15] ✓ AGU       :    6 entregas | 59.5s | ETA ~9min
22:05:06 INFO     [3/15] → anexo-de-entregas-mcom_ptd-25_27-copia_tarjada.pdf
22:05:06 INFO     detected formats: [<InputFormat.PDF: 'pdf'>]
22:05:06 INFO     Going to convert document batch...
22:05:06 INFO     Processing document anexo-de-entregas-mcom_ptd-25_27-copia_tarjada.pdf
22:05:07 INFO     command: tesseract --psm 0 -l osd /tmp/tmpcyhn8rvl.png stdout
22:05:07 INFO     command: tesseract -l por /tmp/tmpcyhn8rvl.png stdout tsv
22:05:10 INFO     command: tesseract --psm 0 -l osd /tmp/tmpfw72xg43.png stdout
22:05:11 INFO     command: tesseract -l por /tmp/tmpfw72xg43.png stdout tsv
22:05:24 INFO     command: tesseract --psm 0 -l osd /tmp/tmpsicqu2nc.png stdout
22:05:25 INFO     command: tesseract -l por /tmp/tmpsicqu2nc.png stdout tsv
22:05:45 INFO     Finished converting document anexo-de-entregas-mcom_ptd-25_27-copia_tarjada.pdf in 39.58 sec.
22:05:45 INFO       pixel_budget (Docling) anexo-de-entregas-mcom_ptd-25_27-copia_tarjada.pdf: 55.2% (área tabelas/1503636 px²)
22:05:45 INFO     [3/15] ✓ MCOM      :   55 entregas | 39.6s | ETA ~8min
22:05:45 INFO     [4/15] → documento-diretivo-mcom-_-ptd-25_27-copia_tarjada.pdf
22:05:45 INFO     detected formats: [<InputFormat.PDF: 'pdf'>]
22:05:45 INFO     Going to convert document batch...
22:05:45 INFO     Processing document documento-diretivo-mcom-_-ptd-25_27-copia_tarjada.pdf
22:05:46 INFO     command: tesseract --psm 0 -l osd /tmp/tmpgw0i2f26.png stdout
22:05:46 INFO     command: tesseract -l por /tmp/tmpgw0i2f26.png stdout tsv
22:05:48 INFO     command: tesseract --psm 0 -l osd /tmp/tmpwn5h4ihe.png stdout
22:05:50 INFO     command: tesseract -l por /tmp/tmpwn5h4ihe.png stdout tsv
22:05:56 INFO     command: tesseract --psm 0 -l osd /tmp/tmppc8lt276.png stdout
22:05:56 INFO     command: tesseract -l por /tmp/tmppc8lt276.png stdout tsv
22:05:58 INFO     command: tesseract --psm 0 -l osd /tmp/tmpa9q93tq7.png stdout
22:05:58 INFO     command: tesseract -l por /tmp/tmpa9q93tq7.png stdout tsv
22:06:00 INFO     command: tesseract --psm 0 -l osd /tmp/tmpvhg_9inf.png stdout
22:06:01 INFO     command: tesseract -l por /tmp/tmpvhg_9inf.png stdout tsv
22:06:04 INFO     command: tesseract --psm 0 -l osd /tmp/tmp65ll0yl0.png stdout
22:06:05 INFO     command: tesseract -l por /tmp/tmp65ll0yl0.png stdout tsv
22:06:18 INFO     command: tesseract --psm 0 -l osd /tmp/tmptupuiy_l.png stdout
22:06:19 INFO     command: tesseract -l por /tmp/tmptupuiy_l.png stdout tsv
22:06:22 INFO     command: tesseract --psm 0 -l osd /tmp/tmp3c8jim6n.png stdout
22:06:23 INFO     command: tesseract -l por /tmp/tmp3c8jim6n.png stdout tsv
22:06:25 INFO     command: tesseract --psm 0 -l osd /tmp/tmptxfrlu1v.png stdout
22:06:26 INFO     command: tesseract -l por /tmp/tmptxfrlu1v.png stdout tsv
22:06:28 INFO     command: tesseract --psm 0 -l osd /tmp/tmpi2y9g2o7.png stdout
22:06:29 INFO     command: tesseract -l por /tmp/tmpi2y9g2o7.png stdout tsv
22:06:34 INFO     command: tesseract --psm 0 -l osd /tmp/tmp_vixq9jt.png stdout
22:06:35 INFO     command: tesseract -l por /tmp/tmp_vixq9jt.png stdout tsv
22:06:38 INFO     command: tesseract --psm 0 -l osd /tmp/tmploaosrmm.png stdout
22:06:39 INFO     command: tesseract -l por /tmp/tmploaosrmm.png stdout tsv
22:06:41 INFO     command: tesseract --psm 0 -l osd /tmp/tmpva0a8m_b.png stdout
22:06:42 INFO     command: tesseract -l por /tmp/tmpva0a8m_b.png stdout tsv
22:06:44 INFO     command: tesseract --psm 0 -l osd /tmp/tmpen5x4rcs.png stdout
22:06:45 INFO     command: tesseract -l por /tmp/tmpen5x4rcs.png stdout tsv
22:06:51 INFO     Finished converting document documento-diretivo-mcom-_-ptd-25_27-copia_tarjada.pdf in 65.56 sec.
22:06:51 INFO       pixel_budget (Docling) documento-diretivo-mcom-_-ptd-25_27-copia_tarjada.pdf: 10.8% (área tabelas/7016966 px²)
22:06:51 INFO     [4/15] ✓ MCOM      :    3 entregas | 65.6s | ETA ~8min
22:06:51 INFO     [5/15] → fiocruz-ptd-06_2024-copia_tarjada.pdf
22:06:51 INFO     detected formats: [<InputFormat.PDF: 'pdf'>]
22:06:51 INFO     Going to convert document batch...
22:06:51 INFO     Initializing pipeline for StandardPdfPipeline with options hash d18651824ca6fe56cf3ccb20424ac2c8
22:06:51 INFO     Accelerator device: 'cpu'
22:06:51 INFO     HTTP Request: GET https://huggingface.co/api/models/docling-project/docling-layout-heron/revision/main "HTTP/1.1 200 OK"
22:06:52 INFO     HTTP Request: GET https://huggingface.co/api/models/docling-project/docling-models/revision/v2.3.0 "HTTP/1.1 200 OK"
22:06:52 INFO     Accelerator device: 'cpu'
22:06:52 INFO     Processing document fiocruz-ptd-06_2024-copia_tarjada.pdf
22:08:01 INFO     Finished converting document fiocruz-ptd-06_2024-copia_tarjada.pdf in 70.48 sec.
22:08:01 INFO       pixel_budget (Docling) fiocruz-ptd-06_2024-copia_tarjada.pdf: 36.4% (área tabelas/7518178 px²)
22:08:01 INFO     [5/15] ✓ FIOCRUZ   :    1 entregas | 70.5s | ETA ~8min
22:08:01 INFO     [6/15] → fiocruz_novo-ptd_2-1_docdiretivo_repactuacao_2024-2026_assinado_assinado-copia_tarjada.pdf
22:08:01 INFO     detected formats: [<InputFormat.PDF: 'pdf'>]
22:08:01 INFO     Going to convert document batch...
22:08:01 INFO     Processing document fiocruz_novo-ptd_2-1_docdiretivo_repactuacao_2024-2026_assinado_assinado-copia_tarjada.pdf
22:08:20 INFO     Finished converting document fiocruz_novo-ptd_2-1_docdiretivo_repactuacao_2024-2026_assinado_assinado-copia_tarjada.pdf in 18.39 sec.
22:08:20 INFO       pixel_budget (Docling) fiocruz_novo-ptd_2-1_docdiretivo_repactuacao_2024-2026_assinado_assinado-copia_tarjada.pdf: 11.3% (área tabelas/5012118 px²)
22:08:20 INFO     [6/15] ✓ FIOCRUZ   :    5 entregas | 18.4s | ETA ~7min
22:08:20 INFO     [7/15] → fiocruz_ptd_anexo_de_entregas_assinado_v1_assinado_assinado-1-copia_tarjada.pdf
22:08:20 INFO     detected formats: [<InputFormat.PDF: 'pdf'>]
22:08:20 INFO     Going to convert document batch...
22:08:20 INFO     Processing document fiocruz_ptd_anexo_de_entregas_assinado_v1_assinado_assinado-1-copia_tarjada.pdf
22:08:52 INFO     Finished converting document fiocruz_ptd_anexo_de_entregas_assinado_v1_assinado_assinado-1-copia_tarjada.pdf in 32.49 sec.
22:08:52 INFO       pixel_budget (Docling) fiocruz_ptd_anexo_de_entregas_assinado_v1_assinado_assinado-1-copia_tarjada.pdf: 54.7% (área tabelas/2004847 px²)
22:08:52 INFO     [7/15] ✓ FIOCRUZ   :   61 entregas | 32.5s | ETA ~5min
22:08:52 INFO     [8/15] → funai_anexo_de_entregas_repactuado_2026_2027_assinado_assinado_assinado.pdf
22:08:52 INFO     detected formats: [<InputFormat.PDF: 'pdf'>]
22:08:52 INFO     Going to convert document batch...
22:08:52 INFO     Processing document funai_anexo_de_entregas_repactuado_2026_2027_assinado_assinado_assinado.pdf
22:08:53 INFO     command: tesseract --psm 0 -l osd /tmp/tmpuhijvchs.png stdout
22:08:54 INFO     command: tesseract -l por /tmp/tmpuhijvchs.png stdout tsv
22:09:08 INFO     Finished converting document funai_anexo_de_entregas_repactuado_2026_2027_assinado_assinado_assinado.pdf in 15.39 sec.
22:09:08 INFO       pixel_budget (Docling) funai_anexo_de_entregas_repactuado_2026_2027_assinado_assinado_assinado.pdf: 49.8% (área tabelas/501212 px²)
22:09:08 INFO     [8/15] ✓ FUNAI     :   21 entregas | 15.4s | ETA ~4min
22:09:08 INFO     [9/15] → funai_ptd_2025_2027_docdiretivo_assinado-1_tarjado.pdf
22:09:08 INFO     detected formats: [<InputFormat.PDF: 'pdf'>]
22:09:08 INFO     Going to convert document batch...
22:09:08 INFO     Processing document funai_ptd_2025_2027_docdiretivo_assinado-1_tarjado.pdf
22:09:09 INFO     command: tesseract --psm 0 -l osd /tmp/tmpb153py4o.png stdout
22:09:10 INFO     command: tesseract -l por /tmp/tmpb153py4o.png stdout tsv
22:09:11 INFO     command: tesseract --psm 0 -l osd /tmp/tmphdxmsnnt.png stdout
22:09:12 INFO     command: tesseract -l por /tmp/tmphdxmsnnt.png stdout tsv
22:09:16 INFO     command: tesseract --psm 0 -l osd /tmp/tmpm4wcjhea.png stdout
22:09:17 INFO     command: tesseract -l por /tmp/tmpm4wcjhea.png stdout tsv
22:09:19 INFO     command: tesseract --psm 0 -l osd /tmp/tmp9zkwqotz.png stdout
22:09:19 INFO     command: tesseract -l por /tmp/tmp9zkwqotz.png stdout tsv
22:09:21 INFO     command: tesseract --psm 0 -l osd /tmp/tmpyai4d2fi.png stdout
22:09:22 INFO     command: tesseract -l por /tmp/tmpyai4d2fi.png stdout tsv
22:09:24 INFO     command: tesseract --psm 0 -l osd /tmp/tmpkrfrs5kp.png stdout
22:09:25 INFO     command: tesseract -l por /tmp/tmpkrfrs5kp.png stdout tsv
22:09:35 INFO     command: tesseract --psm 0 -l osd /tmp/tmprsgbnh7y.png stdout
22:09:36 INFO     command: tesseract -l por /tmp/tmprsgbnh7y.png stdout tsv
22:09:37 INFO     command: tesseract --psm 0 -l osd /tmp/tmptuyhvzhp.png stdout
22:09:38 INFO     command: tesseract -l por /tmp/tmptuyhvzhp.png stdout tsv
22:09:39 INFO     command: tesseract --psm 0 -l osd /tmp/tmpjy799p0z.png stdout
22:09:40 INFO     command: tesseract -l por /tmp/tmpjy799p0z.png stdout tsv
22:09:42 INFO     command: tesseract --psm 0 -l osd /tmp/tmpycnih72k.png stdout
22:09:43 INFO     command: tesseract -l por /tmp/tmpycnih72k.png stdout tsv
22:10:00 INFO     command: tesseract --psm 0 -l osd /tmp/tmp7skddsv4.png stdout
22:10:01 INFO     command: tesseract -l por /tmp/tmp7skddsv4.png stdout tsv
22:10:05 INFO     command: tesseract --psm 0 -l osd /tmp/tmpq5dsh2ql.png stdout
22:10:06 INFO     command: tesseract -l por /tmp/tmpq5dsh2ql.png stdout tsv
22:10:08 INFO     command: tesseract --psm 0 -l osd /tmp/tmpiwe002od.png stdout
22:10:09 INFO     command: tesseract -l por /tmp/tmpiwe002od.png stdout tsv
22:10:15 INFO     Finished converting document funai_ptd_2025_2027_docdiretivo_assinado-1_tarjado.pdf in 67.47 sec.
22:10:15 INFO       pixel_budget (Docling) funai_ptd_2025_2027_docdiretivo_assinado-1_tarjado.pdf: 16.4% (área tabelas/6515754 px²)
22:10:15 INFO     [9/15] ✓ FUNAI     :    8 entregas | 67.5s | ETA ~4min
22:10:15 INFO     [10/15] → incra_anexo_de_entregas_assinado-1_assinado_assinado-copia_tarjada.pdf
22:10:15 INFO     detected formats: [<InputFormat.PDF: 'pdf'>]
22:10:15 INFO     Going to convert document batch...
22:10:15 INFO     Processing document incra_anexo_de_entregas_assinado-1_assinado_assinado-copia_tarjada.pdf
22:10:16 INFO     command: tesseract --psm 0 -l osd /tmp/tmptujrk_9s.png stdout
22:10:17 INFO     command: tesseract -l por /tmp/tmptujrk_9s.png stdout tsv
22:10:20 INFO     command: tesseract --psm 0 -l osd /tmp/tmp9l3t8zxe.png stdout
22:10:21 INFO     command: tesseract -l por /tmp/tmp9l3t8zxe.png stdout tsv
22:10:27 INFO     command: tesseract --psm 0 -l osd /tmp/tmps2405zm4.png stdout
22:10:28 INFO     command: tesseract -l por /tmp/tmps2405zm4.png stdout tsv
22:10:30 INFO     command: tesseract --psm 0 -l osd /tmp/tmpfanc1y3v.png stdout
22:10:31 INFO     command: tesseract -l por /tmp/tmpfanc1y3v.png stdout tsv
22:10:33 INFO     command: tesseract --psm 0 -l osd /tmp/tmp2x_acem2.png stdout
22:10:34 INFO     command: tesseract -l por /tmp/tmp2x_acem2.png stdout tsv
22:12:06 INFO     Finished converting document incra_anexo_de_entregas_assinado-1_assinado_assinado-copia_tarjada.pdf in 110.67 sec.
22:12:06 INFO       pixel_budget (Docling) incra_anexo_de_entregas_assinado-1_assinado_assinado-copia_tarjada.pdf: 30.0% (área tabelas/2423520 px²)
22:12:06 INFO     [10/15] ✓ INCRA     :   10 entregas | 110.7s | ETA ~4min
22:12:06 INFO     [11/15] → incra_ptd_docdiretivo__assinado-1_assinado_assinado-copia_tarjada.pdf
22:12:06 INFO     detected formats: [<InputFormat.PDF: 'pdf'>]
22:12:06 INFO     Going to convert document batch...
22:12:06 INFO     Processing document incra_ptd_docdiretivo__assinado-1_assinado_assinado-copia_tarjada.pdf
22:12:07 INFO     command: tesseract --psm 0 -l osd /tmp/tmpwzwj8v7x.png stdout
22:12:08 INFO     command: tesseract -l por /tmp/tmpwzwj8v7x.png stdout tsv
22:12:09 INFO     command: tesseract --psm 0 -l osd /tmp/tmpttt1vt7d.png stdout
22:12:11 INFO     command: tesseract -l por /tmp/tmpttt1vt7d.png stdout tsv
22:12:18 INFO     command: tesseract --psm 0 -l osd /tmp/tmp0ftu8y7o.png stdout
22:12:18 INFO     command: tesseract -l por /tmp/tmp0ftu8y7o.png stdout tsv
22:12:20 INFO     command: tesseract --psm 0 -l osd /tmp/tmp0vd7uii8.png stdout
22:12:21 INFO     command: tesseract -l por /tmp/tmp0vd7uii8.png stdout tsv
22:12:23 INFO     command: tesseract --psm 0 -l osd /tmp/tmpw6440maj.png stdout
22:12:23 INFO     command: tesseract -l por /tmp/tmpw6440maj.png stdout tsv
22:12:26 INFO     command: tesseract --psm 0 -l osd /tmp/tmpbf128hpr.png stdout
22:12:27 INFO     command: tesseract -l por /tmp/tmpbf128hpr.png stdout tsv
22:12:39 INFO     command: tesseract --psm 0 -l osd /tmp/tmp4cwjeb8s.png stdout
22:12:41 INFO     command: tesseract -l por /tmp/tmp4cwjeb8s.png stdout tsv
22:12:42 INFO     command: tesseract --psm 0 -l osd /tmp/tmpjswo93av.png stdout
22:12:43 INFO     command: tesseract -l por /tmp/tmpjswo93av.png stdout tsv
22:12:45 INFO     command: tesseract --psm 0 -l osd /tmp/tmp8wpnhg30.png stdout
22:12:46 INFO     command: tesseract -l por /tmp/tmp8wpnhg30.png stdout tsv
22:12:47 INFO     command: tesseract --psm 0 -l osd /tmp/tmpxpi8n1gq.png stdout
22:12:49 INFO     command: tesseract -l por /tmp/tmpxpi8n1gq.png stdout tsv
22:12:56 INFO     command: tesseract --psm 0 -l osd /tmp/tmp3sp50ogn.png stdout
22:12:57 INFO     command: tesseract -l por /tmp/tmp3sp50ogn.png stdout tsv
22:13:07 INFO     command: tesseract --psm 0 -l osd /tmp/tmpnfyjzo2n.png stdout
22:13:08 INFO     command: tesseract -l por /tmp/tmpnfyjzo2n.png stdout tsv
22:13:10 INFO     command: tesseract --psm 0 -l osd /tmp/tmp24qslmf3.png stdout
22:13:10 INFO     command: tesseract -l por /tmp/tmp24qslmf3.png stdout tsv
22:13:18 INFO     Finished converting document incra_ptd_docdiretivo__assinado-1_assinado_assinado-copia_tarjada.pdf in 72.19 sec.
22:13:18 INFO       pixel_budget (Docling) incra_ptd_docdiretivo__assinado-1_assinado_assinado-copia_tarjada.pdf: 20.2% (área tabelas/6515754 px²)
22:13:18 INFO     [11/15] ✓ INCRA     :   11 entregas | 72.2s | ETA ~3min
22:13:18 INFO     [12/15] → iti_anexo_de_entregas_assinado.pdf
22:13:18 INFO     detected formats: [<InputFormat.PDF: 'pdf'>]
22:13:18 INFO     Going to convert document batch...
22:13:18 INFO     Processing document iti_anexo_de_entregas_assinado.pdf
22:13:19 INFO     command: tesseract --psm 0 -l osd /tmp/tmpwdajo1ma.png stdout
22:13:20 INFO     command: tesseract -l por /tmp/tmpwdajo1ma.png stdout tsv
22:13:36 INFO     Finished converting document iti_anexo_de_entregas_assinado.pdf in 17.72 sec.
22:13:36 INFO       pixel_budget (Docling) iti_anexo_de_entregas_assinado.pdf: 57.2% (área tabelas/501212 px²)
22:13:36 INFO     [12/15] ✓ ITI       :   31 entregas | 17.7s | ETA ~2min
22:13:36 INFO     [13/15] → iti_doc_diretivo_assinado-1_tarjado.pdf
22:13:36 INFO     detected formats: [<InputFormat.PDF: 'pdf'>]
22:13:36 INFO     Going to convert document batch...
22:13:36 INFO     Processing document iti_doc_diretivo_assinado-1_tarjado.pdf
22:13:36 INFO     command: tesseract --psm 0 -l osd /tmp/tmpgsjbqsi0.png stdout
22:13:37 INFO     command: tesseract -l por /tmp/tmpgsjbqsi0.png stdout tsv
22:13:39 INFO     command: tesseract --psm 0 -l osd /tmp/tmp372amvkc.png stdout
22:13:41 INFO     command: tesseract -l por /tmp/tmp372amvkc.png stdout tsv
22:13:45 INFO     command: tesseract --psm 0 -l osd /tmp/tmp3ezqhdrw.png stdout
22:13:46 INFO     command: tesseract -l por /tmp/tmp3ezqhdrw.png stdout tsv
22:13:48 INFO     command: tesseract --psm 0 -l osd /tmp/tmpppf0axyo.png stdout
22:13:48 INFO     command: tesseract -l por /tmp/tmpppf0axyo.png stdout tsv
22:13:50 INFO     command: tesseract --psm 0 -l osd /tmp/tmprbuhrft9.png stdout
22:13:51 INFO     command: tesseract -l por /tmp/tmprbuhrft9.png stdout tsv
22:13:53 INFO     command: tesseract --psm 0 -l osd /tmp/tmpa12nv05g.png stdout
22:13:54 INFO     command: tesseract -l por /tmp/tmpa12nv05g.png stdout tsv
22:14:10 INFO     command: tesseract --psm 0 -l osd /tmp/tmp4q3wftwg.png stdout
22:14:11 INFO     command: tesseract -l por /tmp/tmp4q3wftwg.png stdout tsv
22:14:13 INFO     command: tesseract --psm 0 -l osd /tmp/tmp01nf6jva.png stdout
22:14:14 INFO     command: tesseract -l por /tmp/tmp01nf6jva.png stdout tsv
22:14:16 INFO     command: tesseract --psm 0 -l osd /tmp/tmpkxtdr2x8.png stdout
22:14:17 INFO     command: tesseract -l por /tmp/tmpkxtdr2x8.png stdout tsv
22:14:19 INFO     command: tesseract --psm 0 -l osd /tmp/tmpzmjekmno.png stdout
22:14:20 INFO     command: tesseract -l por /tmp/tmpzmjekmno.png stdout tsv
22:14:29 INFO     command: tesseract --psm 0 -l osd /tmp/tmpxbjt8e8x.png stdout
22:14:30 INFO     command: tesseract -l por /tmp/tmpxbjt8e8x.png stdout tsv
22:14:35 INFO     Finished converting document iti_doc_diretivo_assinado-1_tarjado.pdf in 59.01 sec.
22:14:35 INFO       pixel_budget (Docling) iti_doc_diretivo_assinado-1_tarjado.pdf: 8.0% (área tabelas/5516339 px²)
22:14:35 INFO     [13/15] ✓ ITI       :    9 entregas | 59.0s | ETA ~1min
22:14:35 INFO     [14/15] → sgpr_ptd_2025_2027_anexo_de_entregas_assinado-copia_tarjada.pdf
22:14:35 INFO     detected formats: [<InputFormat.PDF: 'pdf'>]
22:14:35 INFO     Going to convert document batch...
22:14:35 INFO     Processing document sgpr_ptd_2025_2027_anexo_de_entregas_assinado-copia_tarjada.pdf
22:14:36 INFO     command: tesseract --psm 0 -l osd /tmp/tmpeg5657la.png stdout
22:14:36 INFO     command: tesseract -l por /tmp/tmpeg5657la.png stdout tsv
22:14:40 INFO     command: tesseract --psm 0 -l osd /tmp/tmpyugte4li.png stdout
22:14:41 INFO     command: tesseract -l por /tmp/tmpyugte4li.png stdout tsv
22:14:54 INFO     Finished converting document sgpr_ptd_2025_2027_anexo_de_entregas_assinado-copia_tarjada.pdf in 18.95 sec.
22:14:54 INFO       pixel_budget (Docling) sgpr_ptd_2025_2027_anexo_de_entregas_assinado-copia_tarjada.pdf: 29.5% (área tabelas/1002424 px²)
22:14:54 INFO     [14/15] ✓ SGPR      :   15 entregas | 19.0s | ETA ~48s
22:14:54 INFO     [15/15] → sgpr_ptd_2026_2027_docdiretivo_assinado-copia_tarjada.pdf
22:14:54 INFO     detected formats: [<InputFormat.PDF: 'pdf'>]
22:14:54 INFO     Going to convert document batch...
22:14:54 INFO     Processing document sgpr_ptd_2026_2027_docdiretivo_assinado-copia_tarjada.pdf
22:15:14 INFO     Finished converting document sgpr_ptd_2026_2027_docdiretivo_assinado-copia_tarjada.pdf in 20.34 sec.
22:15:14 INFO       pixel_budget (Docling) sgpr_ptd_2026_2027_docdiretivo_assinado-copia_tarjada.pdf: 8.2% (área tabelas/5513330 px²)
22:15:14 INFO     [15/15] ✓ SGPR      :    4 entregas | 20.4s | ETA ~0s
22:15:14 INFO     273 registros | 7 órgãos
22:15:14 INFO     ╔══════════════════════════════════════════════════════════════╗
22:15:14 INFO     ║                  ENTREGAS — fase concluída                   ║
22:15:14 INFO     ║  Processados: 15    |  ✓ 15  ⚠ 0                             ║
22:15:14 INFO     ║  Duração: 11.6 min                                           ║
22:15:14 INFO     ║  273 registros | 7 órgãos                                    ║
22:15:14 INFO     ╚══════════════════════════════════════════════════════════════╝
22:15:14 INFO     [1/7] → agu_ptd_2025_2027_docdiretivo_assinado_assinado_assinado-copia_tarjada.pdf
22:15:14 INFO     detected formats: [<InputFormat.PDF: 'pdf'>]
22:15:14 INFO     Going to convert document batch...
22:15:14 INFO     Processing document agu_ptd_2025_2027_docdiretivo_assinado_assinado_assinado-copia_tarjada.pdf
22:15:15 INFO     command: tesseract --psm 0 -l osd /tmp/tmpexv8izfx.png stdout
22:15:15 INFO     command: tesseract -l por /tmp/tmpexv8izfx.png stdout tsv
22:15:17 INFO     command: tesseract --psm 0 -l osd /tmp/tmppqr2pieo.png stdout
22:15:18 INFO     command: tesseract -l por /tmp/tmppqr2pieo.png stdout tsv
22:15:22 INFO     command: tesseract --psm 0 -l osd /tmp/tmphv6y3vly.png stdout
22:15:23 INFO     command: tesseract -l por /tmp/tmphv6y3vly.png stdout tsv
22:15:25 INFO     command: tesseract --psm 0 -l osd /tmp/tmp28a6rwnq.png stdout
22:15:26 INFO     command: tesseract -l por /tmp/tmp28a6rwnq.png stdout tsv
22:15:28 INFO     command: tesseract --psm 0 -l osd /tmp/tmp_sbv6fqt.png stdout
22:15:29 INFO     command: tesseract -l por /tmp/tmp_sbv6fqt.png stdout tsv
22:15:31 INFO     command: tesseract --psm 0 -l osd /tmp/tmpo15on_jc.png stdout
22:15:33 INFO     command: tesseract -l por /tmp/tmpo15on_jc.png stdout tsv
22:15:43 INFO     command: tesseract --psm 0 -l osd /tmp/tmpqaa57gla.png stdout
22:15:44 INFO     command: tesseract -l por /tmp/tmpqaa57gla.png stdout tsv
22:15:46 INFO     command: tesseract --psm 0 -l osd /tmp/tmpsxquf9pk.png stdout
22:15:47 INFO     command: tesseract -l por /tmp/tmpsxquf9pk.png stdout tsv
22:15:49 INFO     command: tesseract --psm 0 -l osd /tmp/tmppe4hii4c.png stdout
22:15:50 INFO     command: tesseract -l por /tmp/tmppe4hii4c.png stdout tsv
22:15:52 INFO     command: tesseract --psm 0 -l osd /tmp/tmph6l66z8q.png stdout
22:15:54 INFO     command: tesseract -l por /tmp/tmph6l66z8q.png stdout tsv
22:16:07 INFO     command: tesseract --psm 0 -l osd /tmp/tmp2ndbtlx2.png stdout
22:16:08 INFO     command: tesseract -l por /tmp/tmp2ndbtlx2.png stdout tsv
22:16:12 INFO     Finished converting document agu_ptd_2025_2027_docdiretivo_assinado_assinado_assinado-copia_tarjada.pdf in 57.62 sec.
22:16:12 INFO     [1/7] ✓ AGU       :   7 riscos | 57.6s | ETA ~5min
22:16:12 INFO     [2/7] → documento-diretivo-mcom-_-ptd-25_27-copia_tarjada.pdf
22:16:12 INFO     detected formats: [<InputFormat.PDF: 'pdf'>]
22:16:12 INFO     Going to convert document batch...
22:16:12 INFO     Processing document documento-diretivo-mcom-_-ptd-25_27-copia_tarjada.pdf
22:16:12 INFO     command: tesseract --psm 0 -l osd /tmp/tmpkqwql1jx.png stdout
22:16:13 INFO     command: tesseract -l por /tmp/tmpkqwql1jx.png stdout tsv
22:16:15 INFO     command: tesseract --psm 0 -l osd /tmp/tmpcwd1mheo.png stdout
22:16:16 INFO     command: tesseract -l por /tmp/tmpcwd1mheo.png stdout tsv
22:16:24 INFO     command: tesseract --psm 0 -l osd /tmp/tmp3gq120v7.png stdout
22:16:24 INFO     command: tesseract -l por /tmp/tmp3gq120v7.png stdout tsv
22:16:26 INFO     command: tesseract --psm 0 -l osd /tmp/tmpyb4x_8fc.png stdout
22:16:26 INFO     command: tesseract -l por /tmp/tmpyb4x_8fc.png stdout tsv
22:16:28 INFO     command: tesseract --psm 0 -l osd /tmp/tmp7mrtntz1.png stdout
22:16:29 INFO     command: tesseract -l por /tmp/tmp7mrtntz1.png stdout tsv
22:16:32 INFO     command: tesseract --psm 0 -l osd /tmp/tmpujhmkwhk.png stdout
22:16:33 INFO     command: tesseract -l por /tmp/tmpujhmkwhk.png stdout tsv
22:16:44 INFO     command: tesseract --psm 0 -l osd /tmp/tmpj7mm07xv.png stdout
22:16:45 INFO     command: tesseract -l por /tmp/tmpj7mm07xv.png stdout tsv
22:16:49 INFO     command: tesseract --psm 0 -l osd /tmp/tmp22h00jr1.png stdout
22:16:50 INFO     command: tesseract -l por /tmp/tmp22h00jr1.png stdout tsv
22:16:52 INFO     command: tesseract --psm 0 -l osd /tmp/tmpfgsowviu.png stdout
22:16:53 INFO     command: tesseract -l por /tmp/tmpfgsowviu.png stdout tsv
22:16:55 INFO     command: tesseract --psm 0 -l osd /tmp/tmp2jv1f17f.png stdout
22:16:56 INFO     command: tesseract -l por /tmp/tmp2jv1f17f.png stdout tsv
22:17:01 INFO     command: tesseract --psm 0 -l osd /tmp/tmp666nr972.png stdout
22:17:02 INFO     command: tesseract -l por /tmp/tmp666nr972.png stdout tsv
22:17:08 INFO     command: tesseract --psm 0 -l osd /tmp/tmpicku33j4.png stdout
22:17:09 INFO     command: tesseract -l por /tmp/tmpicku33j4.png stdout tsv
22:17:11 INFO     command: tesseract --psm 0 -l osd /tmp/tmpwoatggev.png stdout
22:17:11 INFO     command: tesseract -l por /tmp/tmpwoatggev.png stdout tsv
22:17:13 INFO     command: tesseract --psm 0 -l osd /tmp/tmpmg__8gxr.png stdout
22:17:14 INFO     command: tesseract -l por /tmp/tmpmg__8gxr.png stdout tsv
22:17:20 INFO     Finished converting document documento-diretivo-mcom-_-ptd-25_27-copia_tarjada.pdf in 68.47 sec.
22:17:20 INFO     [2/7] ✓ MCOM      :  14 riscos | 68.5s | ETA ~5min
22:17:20 INFO     [3/7] → fiocruz_novo-ptd_2-1_docdiretivo_repactuacao_2024-2026_assinado_assinado-copia_tarjada.pdf
22:17:20 INFO     detected formats: [<InputFormat.PDF: 'pdf'>]
22:17:20 INFO     Going to convert document batch...
22:17:20 INFO     Processing document fiocruz_novo-ptd_2-1_docdiretivo_repactuacao_2024-2026_assinado_assinado-copia_tarjada.pdf
22:17:38 INFO     Finished converting document fiocruz_novo-ptd_2-1_docdiretivo_repactuacao_2024-2026_assinado_assinado-copia_tarjada.pdf in 17.99 sec.
22:17:38 INFO     [3/7] ✓ FIOCRUZ   :   6 riscos | 18.0s | ETA ~3min
22:17:38 INFO     [4/7] → funai_ptd_2025_2027_docdiretivo_assinado-1_tarjado.pdf
22:17:38 INFO     detected formats: [<InputFormat.PDF: 'pdf'>]
22:17:38 INFO     Going to convert document batch...
22:17:38 INFO     Processing document funai_ptd_2025_2027_docdiretivo_assinado-1_tarjado.pdf
22:17:40 INFO     command: tesseract --psm 0 -l osd /tmp/tmp7x732ri3.png stdout
22:17:40 INFO     command: tesseract -l por /tmp/tmp7x732ri3.png stdout tsv
22:17:41 INFO     command: tesseract --psm 0 -l osd /tmp/tmprpj0rrj8.png stdout
22:17:43 INFO     command: tesseract -l por /tmp/tmprpj0rrj8.png stdout tsv
22:17:47 INFO     command: tesseract --psm 0 -l osd /tmp/tmpy10zdz6m.png stdout
22:17:48 INFO     command: tesseract -l por /tmp/tmpy10zdz6m.png stdout tsv
22:17:49 INFO     command: tesseract --psm 0 -l osd /tmp/tmpl5bwfiz4.png stdout
22:17:50 INFO     command: tesseract -l por /tmp/tmpl5bwfiz4.png stdout tsv
22:17:52 INFO     command: tesseract --psm 0 -l osd /tmp/tmp_o6m5v01.png stdout
22:17:53 INFO     command: tesseract -l por /tmp/tmp_o6m5v01.png stdout tsv
22:17:55 INFO     command: tesseract --psm 0 -l osd /tmp/tmpz7up3nfd.png stdout
22:17:56 INFO     command: tesseract -l por /tmp/tmpz7up3nfd.png stdout tsv
22:18:07 INFO     command: tesseract --psm 0 -l osd /tmp/tmpz2_no0yy.png stdout
22:18:08 INFO     command: tesseract -l por /tmp/tmpz2_no0yy.png stdout tsv
22:18:09 INFO     command: tesseract --psm 0 -l osd /tmp/tmp7mg6a72l.png stdout
22:18:10 INFO     command: tesseract -l por /tmp/tmp7mg6a72l.png stdout tsv
22:18:11 INFO     command: tesseract --psm 0 -l osd /tmp/tmp8f9tmqqw.png stdout
22:18:12 INFO     command: tesseract -l por /tmp/tmp8f9tmqqw.png stdout tsv
22:18:13 INFO     command: tesseract --psm 0 -l osd /tmp/tmpaj_p7uh7.png stdout
22:18:15 INFO     command: tesseract -l por /tmp/tmpaj_p7uh7.png stdout tsv
22:18:26 INFO     command: tesseract --psm 0 -l osd /tmp/tmpvgjvfvot.png stdout
22:18:27 INFO     command: tesseract -l por /tmp/tmpvgjvfvot.png stdout tsv
22:18:31 INFO     command: tesseract --psm 0 -l osd /tmp/tmpwpek6rn6.png stdout
22:18:32 INFO     command: tesseract -l por /tmp/tmpwpek6rn6.png stdout tsv
22:18:35 INFO     command: tesseract --psm 0 -l osd /tmp/tmp_i9eb29n.png stdout
22:18:36 INFO     command: tesseract -l por /tmp/tmp_i9eb29n.png stdout tsv
22:18:42 INFO     Finished converting document funai_ptd_2025_2027_docdiretivo_assinado-1_tarjado.pdf in 64.17 sec.
22:18:42 INFO     [4/7] ✓ FUNAI     :  15 riscos | 64.2s | ETA ~2min
22:18:42 INFO     [5/7] → incra_ptd_docdiretivo__assinado-1_assinado_assinado-copia_tarjada.pdf
22:18:42 INFO     detected formats: [<InputFormat.PDF: 'pdf'>]
22:18:42 INFO     Going to convert document batch...
22:18:42 INFO     Processing document incra_ptd_docdiretivo__assinado-1_assinado_assinado-copia_tarjada.pdf
22:18:44 INFO     command: tesseract --psm 0 -l osd /tmp/tmpuq4yv6vm.png stdout
22:18:44 INFO     command: tesseract -l por /tmp/tmpuq4yv6vm.png stdout tsv
22:18:46 INFO     command: tesseract --psm 0 -l osd /tmp/tmpmrmgy9pp.png stdout
22:18:48 INFO     command: tesseract -l por /tmp/tmpmrmgy9pp.png stdout tsv
22:18:54 INFO     command: tesseract --psm 0 -l osd /tmp/tmpnaa4qnr8.png stdout
22:18:55 INFO     command: tesseract -l por /tmp/tmpnaa4qnr8.png stdout tsv
22:18:57 INFO     command: tesseract --psm 0 -l osd /tmp/tmpdp2yl7hg.png stdout
22:18:57 INFO     command: tesseract -l por /tmp/tmpdp2yl7hg.png stdout tsv
22:18:59 INFO     command: tesseract --psm 0 -l osd /tmp/tmp9r9ibn7p.png stdout
22:19:00 INFO     command: tesseract -l por /tmp/tmp9r9ibn7p.png stdout tsv
22:19:02 INFO     command: tesseract --psm 0 -l osd /tmp/tmph1lsiio1.png stdout
22:19:03 INFO     command: tesseract -l por /tmp/tmph1lsiio1.png stdout tsv
22:19:19 INFO     command: tesseract --psm 0 -l osd /tmp/tmpmdv0x8j2.png stdout
22:19:20 INFO     command: tesseract -l por /tmp/tmpmdv0x8j2.png stdout tsv
22:19:21 INFO     command: tesseract --psm 0 -l osd /tmp/tmpcdn4cgb2.png stdout
22:19:22 INFO     command: tesseract -l por /tmp/tmpcdn4cgb2.png stdout tsv
22:19:24 INFO     command: tesseract --psm 0 -l osd /tmp/tmp1n7asc_6.png stdout
22:19:25 INFO     command: tesseract -l por /tmp/tmp1n7asc_6.png stdout tsv
22:19:26 INFO     command: tesseract --psm 0 -l osd /tmp/tmp42m1yaf7.png stdout
22:19:28 INFO     command: tesseract -l por /tmp/tmp42m1yaf7.png stdout tsv
22:19:34 INFO     command: tesseract --psm 0 -l osd /tmp/tmpbwzqoew0.png stdout
22:19:35 INFO     command: tesseract -l por /tmp/tmpbwzqoew0.png stdout tsv
22:19:43 INFO     command: tesseract --psm 0 -l osd /tmp/tmpamge064c.png stdout
22:19:43 INFO     command: tesseract -l por /tmp/tmpamge064c.png stdout tsv
22:19:46 INFO     command: tesseract --psm 0 -l osd /tmp/tmpa29xmpt7.png stdout
22:19:46 INFO     command: tesseract -l por /tmp/tmpa29xmpt7.png stdout tsv
22:19:54 INFO     Finished converting document incra_ptd_docdiretivo__assinado-1_assinado_assinado-copia_tarjada.pdf in 71.74 sec.
22:19:54 INFO     [5/7] ✓ INCRA     :  15 riscos | 71.8s | ETA ~1min
22:19:54 INFO     [6/7] → iti_doc_diretivo_assinado-1_tarjado.pdf
22:19:54 INFO     detected formats: [<InputFormat.PDF: 'pdf'>]
22:19:54 INFO     Going to convert document batch...
22:19:54 INFO     Processing document iti_doc_diretivo_assinado-1_tarjado.pdf
22:19:55 INFO     command: tesseract --psm 0 -l osd /tmp/tmpqme2ezz9.png stdout
22:19:55 INFO     command: tesseract -l por /tmp/tmpqme2ezz9.png stdout tsv
22:19:58 INFO     command: tesseract --psm 0 -l osd /tmp/tmp9te_qt7c.png stdout
22:19:59 INFO     command: tesseract -l por /tmp/tmp9te_qt7c.png stdout tsv
22:20:03 INFO     command: tesseract --psm 0 -l osd /tmp/tmpstebo231.png stdout
22:20:04 INFO     command: tesseract -l por /tmp/tmpstebo231.png stdout tsv
22:20:06 INFO     command: tesseract --psm 0 -l osd /tmp/tmprlb1pjpp.png stdout
22:20:07 INFO     command: tesseract -l por /tmp/tmprlb1pjpp.png stdout tsv
22:20:09 INFO     command: tesseract --psm 0 -l osd /tmp/tmpjkyifumw.png stdout
22:20:09 INFO     command: tesseract -l por /tmp/tmpjkyifumw.png stdout tsv
22:20:11 INFO     command: tesseract --psm 0 -l osd /tmp/tmpijwei_xd.png stdout
22:20:13 INFO     command: tesseract -l por /tmp/tmpijwei_xd.png stdout tsv
22:20:31 INFO     command: tesseract --psm 0 -l osd /tmp/tmpvxjqe8l7.png stdout
22:20:31 INFO     command: tesseract -l por /tmp/tmpvxjqe8l7.png stdout tsv
22:20:33 INFO     command: tesseract --psm 0 -l osd /tmp/tmpep3cxbih.png stdout
22:20:34 INFO     command: tesseract -l por /tmp/tmpep3cxbih.png stdout tsv
22:20:36 INFO     command: tesseract --psm 0 -l osd /tmp/tmpijk_sdyl.png stdout
22:20:37 INFO     command: tesseract -l por /tmp/tmpijk_sdyl.png stdout tsv
22:20:39 INFO     command: tesseract --psm 0 -l osd /tmp/tmpkdrqpx5s.png stdout
22:20:41 INFO     command: tesseract -l por /tmp/tmpkdrqpx5s.png stdout tsv
22:20:52 INFO     command: tesseract --psm 0 -l osd /tmp/tmph3tkylq4.png stdout
22:20:53 INFO     command: tesseract -l por /tmp/tmph3tkylq4.png stdout tsv
22:20:57 INFO     Finished converting document iti_doc_diretivo_assinado-1_tarjado.pdf in 63.28 sec.
22:20:57 INFO     [6/7] ✓ ITI       :  14 riscos | 63.3s | ETA ~57s
22:20:57 INFO     [7/7] → sgpr_ptd_2026_2027_docdiretivo_assinado-copia_tarjada.pdf
22:20:57 INFO     detected formats: [<InputFormat.PDF: 'pdf'>]
22:20:57 INFO     Going to convert document batch...
22:20:57 INFO     Processing document sgpr_ptd_2026_2027_docdiretivo_assinado-copia_tarjada.pdf
22:21:18 INFO     Finished converting document sgpr_ptd_2026_2027_docdiretivo_assinado-copia_tarjada.pdf in 20.12 sec.
22:21:18 INFO     [7/7] ✓ SGPR      :  10 riscos | 20.1s | ETA ~0s
22:21:18 INFO     ╔══════════════════════════════════════════════════════════════╗
22:21:18 INFO     ║                   RISCOS — fase concluída                    ║
22:21:18 INFO     ║  Processados: 7     |  ✓ 7  ⚠ 0                              ║
22:21:18 INFO     ║  Duração: 6.1 min                                            ║
22:21:18 INFO     ║  81 riscos | 7 órgãos                                        ║
22:21:18 INFO     ╚══════════════════════════════════════════════════════════════╝
22:21:18 INFO     81 riscos | 0 ações | 135 relações
22:21:18 INFO     ptd_corpus_raw                     : 273 linhas
22:21:18 INFO     ptd_pivot_eixos                    : 7 linhas
22:21:21 INFO     ptd_datas_assinatura               : 132 linhas
22:21:21 INFO     ptd_riscos                         : 81 linhas
22:21:21 INFO     ptd_riscos_acoes                   : 135 linhas
22:21:21 INFO     Manifesto salvo: pipeline_manifest.json | SHA-256 de 132 PDFs
22:21:21 INFO     ==================================================
22:21:21 INFO     PTD-BR v3.0-melhorado — PIPELINE CONCLUÍDO
22:21:21 INFO     ==================================================
22:21:21 INFO     ptd_corpus_raw.csv                        167 KB
22:21:21 INFO     ptd_pivot_eixos.csv                         0 KB
22:21:21 INFO     ptd_datas_assinatura.csv                    9 KB
22:21:21 INFO     ptd_riscos.csv                             23 KB
22:21:21 INFO     ptd_riscos_acoes.csv                        2 KB
22:21:21 INFO     proveniencia.json                           0 KB
22:21:21 INFO     pipeline_manifest.json                     21 KB
22:21:21 INFO     📦 Artefatos: https://github.com/freirelucas/teste/actions/runs/24053142171
22:21:21 INFO     ==================================================
