20:49:55 INFO     Docling disponível
20:49:55 WARNING  OCR fallback indisponível (IndentationError: unexpected indent (ptd_ocr_fallback.py, line 45))
20:49:56 INFO     Ignorado (guia/template/norma): ABNT-NBR-17225-Acessibilidade-Digital.pdf
20:49:56 INFO     Ignorado (guia/template/norma): cgrep-guia10passos-ptd-orgao.pdf
20:49:56 INFO     Ignorado (guia/template/norma): ABNT-NBR-17225-Acessibilidade-Digital.pdf
20:49:56 INFO     Scraping: 132 PDFs únicos | entregas: 68 | diretivos: 61
20:49:56 INFO     Baixando 132 PDFs únicos...
20:49:58 INFO     ✓ [  1/132] abin_ptd_anexo_de_entregas_assinado_pelo_orgao_ass   293.3KB
20:50:03 INFO     ✓ [  2/132] aeb_ptd_2025_2027_docdiretivo_aprovado_assinado-1_  1033.7KB
20:50:05 INFO     ✓ [  3/132] aeb_ptd_2025_2027_anexo_de_entregas_aprovado_assin   154.5KB
20:50:13 INFO     ✓ [  4/132] agu_ptd_2025_2027_docdiretivo_assinado_assinado_as  2860.3KB
20:50:16 INFO     ✓ [  5/132] agu_ptd_2025_2027_anexo_de_entregas_assinado_assin   525.5KB
20:50:19 INFO     ✓ [  6/132] ana_ptd_2025_2027_docdiretivo_assinado_assinado_as   477.2KB
20:50:21 INFO     ✓ [  7/132] ana_ptd_2025_2027_anexoentregas_assinado_assinado_   170.9KB
20:50:26 INFO     ✓ [  8/132] anac_ptd_2025_2026_docdiretivo_se_assinado_tarjado  1036.3KB
20:50:28 INFO     ✓ [  9/132] anac_ptd_2025_2026_anexo_de_entregas_se_assinado.p   215.2KB
20:50:33 INFO     ✓ [ 10/132] anatel_ptd_docdiretivo_assinado_2025_2026_assinado  1006.0KB
20:50:35 INFO     ✓ [ 11/132] anatel_ptd_2025_2026_anexo_de_entregas_do_ptd_publ    71.9KB
20:50:39 INFO     ✓ [ 12/132] ancine_ptd_2024_2026_docdiretivo_assinado-2_assina   961.8KB
20:50:42 INFO     ✓ [ 13/132] ancine_ptd_2024_2026_-_anexo_de_entregas_aprovado_   613.2KB
20:50:46 INFO     ✓ [ 14/132] ptd_aneel_2025-2027_docdiretivo_assinado_tarjado.p   779.6KB
20:50:49 INFO     ✓ [ 15/132] ptd_aneel_2025-2027_anexo_de_entregas_assinado.pdf   111.9KB
20:50:53 INFO     ✓ [ 16/132] anm_ptd_2025_2027_docdiretivo_assinadopeloorgao_ta  1092.5KB
20:50:57 INFO     ✓ [ 17/132] anm_ptd_2025_2027_anexo_entregas_assinadopeloorgao  1140.4KB
20:51:01 INFO     ✓ [ 18/132] anpd_ptd_2025_2027_docdiretivo_assinado_assinado_a  1044.3KB
20:51:03 INFO     ✓ [ 19/132] anpd_ptd_2025_2027_anexo_de_entregas_assinado_assi   166.5KB
20:51:07 INFO     ✓ [ 20/132] ans-plano_de_transformacao_digital_assinado-copia_  1023.4KB
20:51:10 INFO     ✓ [ 21/132] ans_ptd_2025_2026_anexo_de_entregas_assinado_assin   124.1KB
20:51:14 INFO     ✓ [ 22/132] antaq_ptd_2025_2027_docdiretivo_assinado_assinado_  1039.8KB
20:51:16 INFO     ✓ [ 23/132] antaq_ptd_2025_2027_anexoentregas_assinado_assinad   145.1KB
20:51:18 INFO     ✓ [ 24/132] mt_anexo_de_entregas_-_assinado_assinado_assinado_   143.6KB
20:51:30 INFO     ✓ [ 25/132] anvisa_ptd_docdiretivo_2025-2026_assinado_assinado  5771.2KB
20:51:33 INFO     ✓ [ 26/132] anvisa_ptd_anexo_de_entregas_2025_2026_assinado_as   239.0KB
20:51:37 INFO     ✓ [ 27/132] bcb_documento_diretivo_assinado_assinado_assinado-   713.7KB
20:51:39 INFO     ✓ [ 28/132] bcb_anexo_de_entregas_ptd_25_26-1_assinado_assinad   134.8KB
20:51:43 INFO     ✓ [ 29/132] cade_ptd_docdiretivo_2025_2026_assinado-2_assinado   810.4KB
20:51:46 INFO     ✓ [ 30/132] cade_ptd_anexo_de_entregas_2025_2026_assinado_copi   504.0KB
20:51:50 INFO     ✓ [ 31/132] mec_ptd_docdiretivo_2025-2026_sei_mec-5566673_copi   863.1KB
20:51:53 INFO     ✓ [ 32/132] mec_ptd_anexo-de-entregas_sei_mec-5576401_copia_ta   495.7KB
20:51:58 INFO     ✓ [ 33/132] mec_ptd_docdiretivo-versao-comunicacao_copia_tarja  1616.5KB
20:52:01 INFO     ✓ [ 34/132] md_ptd_2026_2027_anexo_de_entregas_assinado_assina   579.4KB
20:52:04 INFO     ✓ [ 35/132] md_ptd_2026_2027_anexo_de_entregas_assinado_assina   186.8KB
20:52:07 INFO     ✓ [ 36/132] md_ptd_temp_copia_tarjada.pdf                        741.9KB
20:52:11 INFO     ✓ [ 37/132] cgu_ptd_docdiretivo_assinado_assinado_assinado-cop  1085.4KB
20:52:14 INFO     ✓ [ 38/132] cgu_ptd_anexo_de_entregas_pactuadas_assinado_assin   514.1KB
20:52:18 INFO     ✓ [ 39/132] cnpq_ptd_2025_2027_docdiretivo_assinado_assinado_a   342.9KB
20:52:20 INFO     ✓ [ 40/132] cnpq_ptd_2025_2027_anexo_de_entregas_assinado_assi   136.1KB
20:52:25 INFO     ✓ [ 41/132] coaf_ptd_2025_2026_documento_diretivo_assinado_ass  1068.0KB
20:52:32 INFO     ✓ [ 42/132] coaf_ptd_2025_2026_anexo_de_entregas-2_assinado_as  3184.5KB
20:52:41 INFO     ✓ [ 43/132] ptd_midr-docdiretivo_aprovado_assinado_tarjado.pdf  3864.1KB
20:52:45 INFO     ✓ [ 44/132] ptd_midr_-_anexo_de_entregas_-_aprovado_assinado.p  1122.0KB
20:52:49 INFO     ✓ [ 45/132] mda-documento-diretivo-assinado_ptd-2025-207-copia   955.8KB
20:52:51 INFO     ✓ [ 46/132] cvm_ptd_2025_2027_docdiretivo_assinado_assinado_as   270.5KB
20:52:55 INFO     ✓ [ 47/132] cvm_ptd_2025_2027_anexoentregas_assinado_assinado_   409.0KB
20:52:59 INFO     ✓ [ 48/132] dnocs_ptd_doc_diretivo_2025_2026_assinado_orgao-2_   891.1KB
20:53:01 INFO     ✓ [ 49/132] dnocs_anexo_de_entregas_repactuado_2025_2026_assin   272.3KB
20:53:09 INFO     ✓ [ 50/132] fbn_ptd_2025_2027_docdiretivo_assinado-1_tarjado.p  2921.6KB
20:53:11 INFO     ✓ [ 51/132] fbn_ptd_2025_2027_anexo_de_entregas_assinado-1.pdf   162.3KB
20:53:16 INFO     ✓ [ 52/132] fcp_ptd_2025_2027_docdiretivo_assinado-1_tarjado.p  1612.0KB
20:53:19 INFO     ✓ [ 53/132] fcp_ptd_2025_2027_anexo_de_entregas_assinado-1.pdf   118.8KB
20:53:23 INFO     ✓ [ 54/132] fcrb_ptd_2025_2026_docdiretivo_aprovado_assinado-1   998.2KB
20:53:25 INFO     ✓ [ 55/132] fcrb_ptd_2025_2026_anexo_de_entregas_aprovado_assi   313.5KB
20:53:30 INFO     ✓ [ 56/132] fiocruz_novo-ptd_2-1_docdiretivo_repactuacao_2024-  1318.1KB
20:53:33 INFO     ✓ [ 57/132] fiocruz_ptd_anexo_de_entregas_assinado_v1_assinado   257.1KB
20:53:38 INFO     ✓ [ 58/132] fiocruz-ptd-06_2024-copia_tarjada.pdf               1693.8KB
20:53:44 INFO     ✓ [ 59/132] funai_ptd_2025_2027_docdiretivo_assinado-1_tarjado  1842.1KB
20:53:47 INFO     ✓ [ 60/132] funai_anexo_de_entregas_repactuado_2026_2027_assin   435.7KB
20:53:51 INFO     ✓ [ 61/132] funarte_ptd_docdiretivo_assinado_21_01_2025_assina   965.7KB
20:53:54 INFO     ✓ [ 62/132] funarte_ptd_anexo_de_entregas_assinado_v1_assinado   683.6KB
20:53:58 INFO     ✓ [ 63/132] fundacentro_ptd_2025_2027_docdiretivo_assinado_ass   826.6KB
20:54:01 INFO     ✓ [ 64/132] fundacentro_ptd_2025_2027_anexo_de_entregas_assina   635.5KB
20:54:05 INFO     ✓ [ 65/132] mma_ptd_docdiretivo_assinado_2025_2026-1_assinado_   949.3KB
20:54:08 INFO     ✓ [ 66/132] mma_ptd_anexo_de_entregas_aprovado_final_assinado_   174.8KB
20:54:12 INFO     ✓ [ 67/132] ibge_docdiretivo_2025_assinado_assinado_assinado-c  1167.3KB
20:54:15 INFO     ✓ [ 68/132] ibge_ptd_25_26_anexo_de_entregas_modelo_v2-1_assin   143.7KB
20:54:29 INFO     ✓ [ 69/132] incra_ptd_docdiretivo__assinado-1_assinado_assinad  7182.0KB
20:54:34 INFO     ✓ [ 70/132] incra_anexo_de_entregas_assinado-1_assinado_assina  1818.6KB
20:54:42 INFO     ✓ [ 71/132] inpi_ptd_docdiretivo_assinado_2025_2026_assinado_a  3322.4KB
20:54:49 INFO     ✓ [ 72/132] inpi_ptd_anexo_de_entregas_assinado_v1_assinado_as  3078.1KB
20:54:53 INFO     ✓ [ 73/132] inss_ptd_2025_2027_docdiretivo-assinado-copia_tarj  1173.3KB
20:54:56 INFO     ✓ [ 74/132] inss_ptd_2025_2027_anexo_de_entregas-assinado-copi   110.8KB
20:55:00 INFO     ✓ [ 75/132] iphan_ptd_docdiretivo_assinado_2025_2026_assinado_   885.7KB
20:55:02 INFO     ✓ [ 76/132] iphan_ptd_anexo_de_entregas_assinado_v1_assinado_a   310.9KB
20:55:13 INFO     ✓ [ 77/132] iti_doc_diretivo_assinado-1_tarjado.pdf             4905.1KB
20:55:16 INFO     ✓ [ 78/132] iti_anexo_de_entregas_assinado.pdf                   556.4KB
20:55:21 INFO     ✓ [ 79/132] mapa_ptd_2025_2027_docdiretivo_assinado-1_tarjado.  1740.9KB
20:55:24 INFO     ✓ [ 80/132] mapa_ptd_2025_2027_anexo_de_entregas_assinado-1.pd   261.9KB
20:55:34 INFO     ✓ [ 81/132] documento-diretivo-mcom-_-ptd-25_27-copia_tarjada.  4451.9KB
20:55:38 INFO     ✓ [ 82/132] anexo-de-entregas-mcom_ptd-25_27-copia_tarjada.pdf  1213.8KB
20:55:46 INFO     ✓ [ 83/132] ptd_21_24_mcom-copia_tarjada.pdf                    3040.7KB
20:55:50 INFO     ✓ [ 84/132] mcti_ptd_2025-2027_docdiretivo_assinado-copia_tarj  1030.7KB
20:55:53 INFO     ✓ [ 85/132] mcti_ptd_2025-2027_anexo-de-entregas_assinado-copi   145.8KB
20:55:55 INFO     ✓ [ 86/132] mda-anexo-entregas-assinado_ptd-2025-2027-copia-ta   284.6KB
20:55:59 INFO     ✓ [ 87/132] mdhc_ptd_2025_2027_docdiretivo_assinado_assinado_a   753.4KB
20:56:02 INFO     ✓ [ 88/132] mdhc_ptd_2025_2027_anexoentregas_assinado_assinado   186.8KB
20:56:04 INFO     ✓ [ 89/132] mdic_ptd_anexo_de_entregas_assinado_v1_assinado_as   176.6KB
20:56:09 INFO     ✓ [ 90/132] memp_ptd_2025_2026_docdiretivo_assinado_assinado_a  1030.1KB
20:56:12 INFO     ✓ [ 91/132] memp_ptd_2025_2026_anexo_de_entregas_assinado_assi   161.5KB
20:56:16 INFO     ✓ [ 92/132] mesp_ptd_2025_2027_docdiretivo_assinado_assinado_2  1147.7KB
20:56:19 INFO     ✓ [ 93/132] mesp_ptd_2025_2027_anexo_de_entregas_assinado_assi   226.6KB
20:56:23 INFO     ✓ [ 94/132] mf_ptd_2026_2027_documentodiretivo_assinado_assina   955.1KB
20:56:26 INFO     ✓ [ 95/132] mf_ptd_2026_2027_anexo_de_entregas_1_mf_se_assinad   241.2KB
20:56:29 INFO     ✓ [ 96/132] mgi_ptd_2025_2027_docdiretivo_assinado_assinado_as   375.2KB
20:56:32 INFO     ✓ [ 97/132] mgi_ptd_2025_2027_anexo_de_entregas_assinado_assin   256.1KB
20:56:36 INFO     ✓ [ 98/132] minc_ptd_2025_2027_docdiretivo_assinado-1_assinado   863.6KB
20:56:39 INFO     ✓ [ 99/132] minc_ptd_2025_2027_anexo_de_entregas_assinado-1_as   276.7KB
20:56:43 INFO     ✓ [100/132] mjsp_ptd_docdiretivo_assinado_2025_2026_assinado_a   954.0KB
20:56:46 INFO     ✓ [101/132] mjsp_ptd_anexo_de_entregas_assinado_v1_assinado_as   253.9KB
20:56:49 INFO     ✓ [102/132] mme_ptd_2025_2027_docdiretivo_assinado-copia_tarja   664.5KB
20:56:52 INFO     ✓ [103/132] mme_ptd_2025_2027_anexo_de_entregas_assinado__1_-c   111.1KB
20:56:56 INFO     ✓ [104/132] mmulheres_ptd_2025_2027_docdiretivo_assinado_assin  1078.3KB
20:56:59 INFO     ✓ [105/132] mmulheres_ptd_2025_2027_anexo_de_entregas_assinado   216.9KB
20:57:03 INFO     ✓ [106/132] mpi_ptd_2025_2027_docdiretivo_ministerio_dos_povos   947.9KB
20:57:06 INFO     ✓ [107/132] mpi_ptd_anexo_de_entregas_do_plano_de_tranformacao   191.9KB
20:57:10 INFO     ✓ [108/132] mpo_ptd_docdiretivo_assinado_2025_2026_assinado_as   806.3KB
20:57:13 INFO     ✓ [109/132] mpo_ptd_anexo_de_entregas_assinado_v1_assinado_ass   323.2KB
20:57:17 INFO     ✓ [110/132] mpor_ptd_2025_2027_docdiretivo_assinado_assinado_a   876.5KB
20:57:19 INFO     ✓ [111/132] mpor_ptd_2025_2027_anexo_de_entregas_assinado_assi   175.1KB
20:57:23 INFO     ✓ [112/132] mps_ptd_2025-2026_docdiretivo_final_assinado-1_ass  1024.4KB
20:57:26 INFO     ✓ [113/132] mps_ptd_2025-2026_anexo_de_entregas_final_assinado   165.0KB
20:57:30 INFO     ✓ [114/132] mre_ptd_docdiretivo_assinado_2025_2026_assinado_as   760.9KB
20:57:33 INFO     ✓ [115/132] mre_ptd_anexo_de_entregas_assinado_v1_assinado_ass   233.2KB
20:57:36 INFO     ✓ [116/132] mte_ptd_2025_2026_docdiretivo_assinado_assinado_as   729.6KB
20:57:40 INFO     ✓ [117/132] mte_ptd_anexo_de_entregas_assinado_v1__281_29_assi   459.5KB
20:57:44 INFO     ✓ [118/132] mtur_ptd_docdiretiv_assinado_30_01_2025_assinado_a  1050.4KB
20:57:46 INFO     ✓ [119/132] mtur_ptd_anexo_de_entregas_assinado_30_01_2025_ass   118.8KB
20:57:50 INFO     ✓ [120/132] pf_ptd_docdiretivo_2025_2027_assinado-copia_tarjad   964.3KB
20:57:52 INFO     ✓ [121/132] pf_ptd_anexo_de_entregas_2025_2027_assinado-copia_    62.5KB
20:57:55 INFO     ✓ [122/132] mf_ptd_2026_2027_anexo_de_entregas_4_mf_pgfn_assin   466.8KB
20:58:09 INFO     ✓ [123/132] previc_plano_de_transformacao_digital_2025_2026_29  6652.7KB
20:58:12 INFO     ✓ [124/132] previc_ptd_repactuacao_2025-2026_assinado_assinado   182.9KB
20:58:15 INFO     ✓ [125/132] prf_documentodiretivo_ptd_2026-2027_assinado_tarja   535.9KB
20:58:17 INFO     ✓ [126/132] prf_anexo_de_entregas_do_ptd__2026_2027___ptd___en   157.7KB
20:58:20 INFO     ✓ [127/132] mf_ptd_2026_2027_anexo_de_entregas_2_mf_rfb_assina   253.7KB
20:58:24 INFO     ✓ [128/132] sgpr_ptd_2026_2027_docdiretivo_assinado-copia_tarj   791.2KB
20:58:29 INFO     ✓ [129/132] sgpr_ptd_2025_2027_anexo_de_entregas_assinado-copi   897.9KB
20:58:32 INFO     ✓ [130/132] mf_ptd_2026_2027_anexo_de_entregas_3_mf_stn_assina   467.8KB
20:58:36 INFO     ✓ [131/132] susep_ptd_2025_2027_docdiretivo-assinado-copia_tar  1030.1KB
20:58:39 INFO     ✓ [132/132] susep_ptd_2025-2026_anexo_de_entregas_final_assina   221.9KB
20:58:40 INFO     132 OK | 0 erros | 123.3 MB total
20:58:46 INFO     Sanity: 132 PDFs | 113 texto | 19 imagem/OCR | 0 duplicatas
20:58:46 INFO     --siglas (debug): 15 PDFs de ['AGU', 'FIOCRUZ', 'FUNAI', 'FUNDACENTRO', 'INCRA', 'ITI', 'MCOM', 'SGPR']
20:58:46 INFO     DocumentConverter instanciado (singleton × 2: plain + OCR)
20:58:46 INFO     [1/15] → agu_ptd_2025_2027_anexo_de_entregas_assinado_assinado_assinado-copia_tarjada.pdf
20:58:46 INFO     detected formats: [<InputFormat.PDF: 'pdf'>]
20:58:46 INFO     Going to convert document batch...
20:58:46 INFO     Initializing pipeline for StandardPdfPipeline with options hash bc6794697da537796efc497178f9263f
20:58:46 INFO     Loading plugin 'docling_defaults'
20:58:46 INFO     Registered picture descriptions: ['picture_description_vlm_engine', 'vlm', 'api']
20:58:46 INFO     Loading plugin 'docling_defaults'
20:58:46 INFO     Registered ocr engines: ['auto', 'easyocr', 'kserve_v2_ocr', 'ocrmac', 'rapidocr', 'tesserocr', 'tesseract']
20:58:46 INFO     command: tesseract --list-langs
20:58:46 INFO     Loading plugin 'docling_defaults'
20:58:46 INFO     Registered layout engines: ['layout_object_detection', 'docling_layout_default', 'docling_experimental_table_crops_layout']
20:58:46 INFO     Accelerator device: 'cpu'
20:58:46 INFO     HTTP Request: GET https://huggingface.co/api/models/docling-project/docling-layout-heron/revision/main "HTTP/1.1 200 OK"
20:58:46 INFO     HTTP Request: HEAD https://huggingface.co/docling-project/docling-layout-heron/resolve/8f39ad3c0b4c58e9c2d2c84a38465abf757272d8/README.md "HTTP/1.1 307 Temporary Redirect"
20:58:46 INFO     HTTP Request: HEAD https://huggingface.co/api/resolve-cache/models/docling-project/docling-layout-heron/8f39ad3c0b4c58e9c2d2c84a38465abf757272d8/README.md "HTTP/1.1 200 OK"
20:58:46 INFO     HTTP Request: HEAD https://huggingface.co/docling-project/docling-layout-heron/resolve/8f39ad3c0b4c58e9c2d2c84a38465abf757272d8/preprocessor_config.json "HTTP/1.1 307 Temporary Redirect"
20:58:46 INFO     HTTP Request: HEAD https://huggingface.co/docling-project/docling-layout-heron/resolve/8f39ad3c0b4c58e9c2d2c84a38465abf757272d8/model.safetensors "HTTP/1.1 302 Found"
20:58:46 INFO     HTTP Request: GET https://huggingface.co/api/resolve-cache/models/docling-project/docling-layout-heron/8f39ad3c0b4c58e9c2d2c84a38465abf757272d8/README.md "HTTP/1.1 200 OK"
20:58:46 INFO     HTTP Request: HEAD https://huggingface.co/api/resolve-cache/models/docling-project/docling-layout-heron/8f39ad3c0b4c58e9c2d2c84a38465abf757272d8/preprocessor_config.json "HTTP/1.1 200 OK"
20:58:46 INFO     HTTP Request: HEAD https://huggingface.co/docling-project/docling-layout-heron/resolve/8f39ad3c0b4c58e9c2d2c84a38465abf757272d8/.gitattributes "HTTP/1.1 307 Temporary Redirect"
20:58:46 INFO     HTTP Request: HEAD https://huggingface.co/docling-project/docling-layout-heron/resolve/8f39ad3c0b4c58e9c2d2c84a38465abf757272d8/config.json "HTTP/1.1 307 Temporary Redirect"
20:58:46 WARNING  Warning: You are sending unauthenticated requests to the HF Hub. Please set a HF_TOKEN to enable higher rate limits and faster downloads.
20:58:46 INFO     HTTP Request: HEAD https://huggingface.co/api/resolve-cache/models/docling-project/docling-layout-heron/8f39ad3c0b4c58e9c2d2c84a38465abf757272d8/config.json "HTTP/1.1 200 OK"
20:58:46 INFO     HTTP Request: HEAD https://huggingface.co/api/resolve-cache/models/docling-project/docling-layout-heron/8f39ad3c0b4c58e9c2d2c84a38465abf757272d8/.gitattributes "HTTP/1.1 200 OK"
20:58:46 INFO     HTTP Request: GET https://huggingface.co/api/resolve-cache/models/docling-project/docling-layout-heron/8f39ad3c0b4c58e9c2d2c84a38465abf757272d8/preprocessor_config.json "HTTP/1.1 200 OK"
20:58:46 INFO     HTTP Request: GET https://huggingface.co/api/resolve-cache/models/docling-project/docling-layout-heron/8f39ad3c0b4c58e9c2d2c84a38465abf757272d8/.gitattributes "HTTP/1.1 200 OK"
20:58:46 INFO     HTTP Request: GET https://huggingface.co/api/resolve-cache/models/docling-project/docling-layout-heron/8f39ad3c0b4c58e9c2d2c84a38465abf757272d8/config.json "HTTP/1.1 200 OK"
20:58:46 INFO     HTTP Request: HEAD https://huggingface.co/docling-project/docling-layout-heron/resolve/8f39ad3c0b4c58e9c2d2c84a38465abf757272d8/docling_heron_400.png "HTTP/1.1 307 Temporary Redirect"
20:58:46 INFO     HTTP Request: HEAD https://huggingface.co/api/resolve-cache/models/docling-project/docling-layout-heron/8f39ad3c0b4c58e9c2d2c84a38465abf757272d8/docling_heron_400.png "HTTP/1.1 200 OK"
20:58:46 INFO     HTTP Request: GET https://huggingface.co/api/resolve-cache/models/docling-project/docling-layout-heron/8f39ad3c0b4c58e9c2d2c84a38465abf757272d8/docling_heron_400.png "HTTP/1.1 200 OK"
20:58:47 INFO     HTTP Request: GET https://huggingface.co/api/models/docling-project/docling-layout-heron/xet-read-token/8f39ad3c0b4c58e9c2d2c84a38465abf757272d8 "HTTP/1.1 200 OK"
20:58:48 INFO     Loading plugin 'docling_defaults'
20:58:48 INFO     Registered table structure engines: ['docling_tableformer', 'docling_tableformer_v2']
20:58:48 INFO     HTTP Request: GET https://huggingface.co/api/models/docling-project/docling-models/revision/v2.3.0 "HTTP/1.1 200 OK"
20:58:48 INFO     HTTP Request: HEAD https://huggingface.co/docling-project/docling-models/resolve/fc0f2d45e2218ea24bce5045f58a389aed16dc23/.gitignore "HTTP/1.1 307 Temporary Redirect"
20:58:48 INFO     HTTP Request: HEAD https://huggingface.co/docling-project/docling-models/resolve/fc0f2d45e2218ea24bce5045f58a389aed16dc23/README.md "HTTP/1.1 307 Temporary Redirect"
20:58:48 INFO     HTTP Request: HEAD https://huggingface.co/docling-project/docling-models/resolve/fc0f2d45e2218ea24bce5045f58a389aed16dc23/model_artifacts/tableformer/accurate/tableformer_accurate.safetensors "HTTP/1.1 302 Found"
20:58:48 INFO     HTTP Request: HEAD https://huggingface.co/docling-project/docling-models/resolve/fc0f2d45e2218ea24bce5045f58a389aed16dc23/config.json "HTTP/1.1 307 Temporary Redirect"
20:58:48 INFO     HTTP Request: HEAD https://huggingface.co/docling-project/docling-models/resolve/fc0f2d45e2218ea24bce5045f58a389aed16dc23/model_artifacts/tableformer/accurate/tm_config.json "HTTP/1.1 307 Temporary Redirect"
20:58:48 INFO     HTTP Request: HEAD https://huggingface.co/api/resolve-cache/models/docling-project/docling-models/fc0f2d45e2218ea24bce5045f58a389aed16dc23/README.md "HTTP/1.1 200 OK"
20:58:48 INFO     HTTP Request: HEAD https://huggingface.co/api/resolve-cache/models/docling-project/docling-models/fc0f2d45e2218ea24bce5045f58a389aed16dc23/.gitignore "HTTP/1.1 200 OK"
20:58:48 INFO     HTTP Request: HEAD https://huggingface.co/docling-project/docling-models/resolve/fc0f2d45e2218ea24bce5045f58a389aed16dc23/.gitattributes "HTTP/1.1 307 Temporary Redirect"
20:58:48 INFO     HTTP Request: HEAD https://huggingface.co/api/resolve-cache/models/docling-project/docling-models/fc0f2d45e2218ea24bce5045f58a389aed16dc23/config.json "HTTP/1.1 200 OK"
20:58:48 INFO     HTTP Request: HEAD https://huggingface.co/docling-project/docling-models/resolve/fc0f2d45e2218ea24bce5045f58a389aed16dc23/model_artifacts/tableformer/fast/tm_config.json "HTTP/1.1 307 Temporary Redirect"
20:58:48 INFO     HTTP Request: HEAD https://huggingface.co/api/resolve-cache/models/docling-project/docling-models/fc0f2d45e2218ea24bce5045f58a389aed16dc23/model_artifacts%2Ftableformer%2Faccurate%2Ftm_config.json "HTTP/1.1 200 OK"
20:58:48 INFO     HTTP Request: HEAD https://huggingface.co/docling-project/docling-models/resolve/fc0f2d45e2218ea24bce5045f58a389aed16dc23/model_artifacts/tableformer/fast/tableformer_fast.safetensors "HTTP/1.1 302 Found"
20:58:48 INFO     HTTP Request: HEAD https://huggingface.co/api/resolve-cache/models/docling-project/docling-models/fc0f2d45e2218ea24bce5045f58a389aed16dc23/.gitattributes "HTTP/1.1 200 OK"
20:58:48 INFO     HTTP Request: HEAD https://huggingface.co/api/resolve-cache/models/docling-project/docling-models/fc0f2d45e2218ea24bce5045f58a389aed16dc23/model_artifacts%2Ftableformer%2Ffast%2Ftm_config.json "HTTP/1.1 200 OK"
20:58:48 INFO     HTTP Request: GET https://huggingface.co/api/resolve-cache/models/docling-project/docling-models/fc0f2d45e2218ea24bce5045f58a389aed16dc23/.gitignore "HTTP/1.1 200 OK"
20:58:48 INFO     HTTP Request: GET https://huggingface.co/api/resolve-cache/models/docling-project/docling-models/fc0f2d45e2218ea24bce5045f58a389aed16dc23/README.md "HTTP/1.1 200 OK"
20:58:48 INFO     HTTP Request: GET https://huggingface.co/api/resolve-cache/models/docling-project/docling-models/fc0f2d45e2218ea24bce5045f58a389aed16dc23/config.json "HTTP/1.1 200 OK"
20:58:48 INFO     HTTP Request: GET https://huggingface.co/api/resolve-cache/models/docling-project/docling-models/fc0f2d45e2218ea24bce5045f58a389aed16dc23/model_artifacts%2Ftableformer%2Faccurate%2Ftm_config.json "HTTP/1.1 200 OK"
20:58:48 INFO     HTTP Request: GET https://huggingface.co/api/resolve-cache/models/docling-project/docling-models/fc0f2d45e2218ea24bce5045f58a389aed16dc23/model_artifacts%2Ftableformer%2Ffast%2Ftm_config.json "HTTP/1.1 200 OK"
20:58:48 INFO     HTTP Request: GET https://huggingface.co/api/resolve-cache/models/docling-project/docling-models/fc0f2d45e2218ea24bce5045f58a389aed16dc23/.gitattributes "HTTP/1.1 200 OK"
20:58:48 INFO     HTTP Request: GET https://huggingface.co/api/models/docling-project/docling-models/xet-read-token/fc0f2d45e2218ea24bce5045f58a389aed16dc23 "HTTP/1.1 200 OK"
20:58:48 INFO     HTTP Request: GET https://huggingface.co/api/models/docling-project/docling-models/xet-read-token/fc0f2d45e2218ea24bce5045f58a389aed16dc23 "HTTP/1.1 200 OK"
20:58:50 INFO     Accelerator device: 'cpu'
20:58:50 INFO     Processing document agu_ptd_2025_2027_anexo_de_entregas_assinado_assinado_assinado-copia_tarjada.pdf
20:58:51 INFO     command: tesseract --psm 0 -l osd /tmp/tmpwu8tnak8.png stdout
20:58:51 INFO     command: tesseract -l por /tmp/tmpwu8tnak8.png stdout tsv
20:58:54 INFO     command: tesseract --psm 0 -l osd /tmp/tmpjlk7v0vs.png stdout
20:58:56 INFO     command: tesseract -l por /tmp/tmpjlk7v0vs.png stdout tsv
20:59:15 INFO     Finished converting document agu_ptd_2025_2027_anexo_de_entregas_assinado_assinado_assinado-copia_tarjada.pdf in 29.24 sec.
20:59:15 INFO       pixel_budget (Docling) agu_ptd_2025_2027_anexo_de_entregas_assinado_assinado_assinado-copia_tarjada.pdf: 45.8% (área tabelas/1001817 px²)
20:59:15 INFO     [1/15] ✓ AGU       :   33 entregas | 29.3s | ETA ~6min
20:59:15 INFO     [2/15] → agu_ptd_2025_2027_docdiretivo_assinado_assinado_assinado-copia_tarjada.pdf
20:59:15 INFO     detected formats: [<InputFormat.PDF: 'pdf'>]
20:59:15 INFO     Going to convert document batch...
20:59:15 INFO     Processing document agu_ptd_2025_2027_docdiretivo_assinado_assinado_assinado-copia_tarjada.pdf
20:59:16 INFO     command: tesseract --psm 0 -l osd /tmp/tmpw1ey9n01.png stdout
20:59:16 INFO     command: tesseract -l por /tmp/tmpw1ey9n01.png stdout tsv
20:59:19 INFO     command: tesseract --psm 0 -l osd /tmp/tmpy7bnptkj.png stdout
20:59:20 INFO     command: tesseract -l por /tmp/tmpy7bnptkj.png stdout tsv
20:59:24 INFO     command: tesseract --psm 0 -l osd /tmp/tmpa1yu03_m.png stdout
20:59:25 INFO     command: tesseract -l por /tmp/tmpa1yu03_m.png stdout tsv
20:59:27 INFO     command: tesseract --psm 0 -l osd /tmp/tmp6sladbn8.png stdout
20:59:28 INFO     command: tesseract -l por /tmp/tmp6sladbn8.png stdout tsv
20:59:30 INFO     command: tesseract --psm 0 -l osd /tmp/tmpj14c4pym.png stdout
20:59:31 INFO     command: tesseract -l por /tmp/tmpj14c4pym.png stdout tsv
20:59:33 INFO     command: tesseract --psm 0 -l osd /tmp/tmpimppnxlv.png stdout
20:59:35 INFO     command: tesseract -l por /tmp/tmpimppnxlv.png stdout tsv
20:59:46 INFO     command: tesseract --psm 0 -l osd /tmp/tmpco6rhoj3.png stdout
20:59:46 INFO     command: tesseract -l por /tmp/tmpco6rhoj3.png stdout tsv
20:59:49 INFO     command: tesseract --psm 0 -l osd /tmp/tmpc727api_.png stdout
20:59:49 INFO     command: tesseract -l por /tmp/tmpc727api_.png stdout tsv
20:59:52 INFO     command: tesseract --psm 0 -l osd /tmp/tmp9z1yylpj.png stdout
20:59:53 INFO     command: tesseract -l por /tmp/tmp9z1yylpj.png stdout tsv
20:59:55 INFO     command: tesseract --psm 0 -l osd /tmp/tmpvsbat7ab.png stdout
20:59:56 INFO     command: tesseract -l por /tmp/tmpvsbat7ab.png stdout tsv
21:00:08 INFO     command: tesseract --psm 0 -l osd /tmp/tmp_y83xr8w.png stdout
21:00:09 INFO     command: tesseract -l por /tmp/tmp_y83xr8w.png stdout tsv
21:00:13 INFO     Finished converting document agu_ptd_2025_2027_docdiretivo_assinado_assinado_assinado-copia_tarjada.pdf in 57.46 sec.
21:00:13 INFO       pixel_budget (Docling) agu_ptd_2025_2027_docdiretivo_assinado_assinado_assinado-copia_tarjada.pdf: 2.1% (área tabelas/5513330 px²)
21:00:13 INFO     [2/15] ✓ AGU       :    6 entregas | 57.5s | ETA ~9min
21:00:13 INFO     [3/15] → anexo-de-entregas-mcom_ptd-25_27-copia_tarjada.pdf
21:00:13 INFO     detected formats: [<InputFormat.PDF: 'pdf'>]
21:00:13 INFO     Going to convert document batch...
21:00:13 INFO     Processing document anexo-de-entregas-mcom_ptd-25_27-copia_tarjada.pdf
21:00:14 INFO     command: tesseract --psm 0 -l osd /tmp/tmp3ftyp_7i.png stdout
21:00:15 INFO     command: tesseract -l por /tmp/tmp3ftyp_7i.png stdout tsv
21:00:17 INFO     command: tesseract --psm 0 -l osd /tmp/tmpy10wqx7w.png stdout
21:00:19 INFO     command: tesseract -l por /tmp/tmpy10wqx7w.png stdout tsv
21:00:31 INFO     command: tesseract --psm 0 -l osd /tmp/tmp8_s9bhgk.png stdout
21:00:32 INFO     command: tesseract -l por /tmp/tmp8_s9bhgk.png stdout tsv
21:00:52 INFO     Finished converting document anexo-de-entregas-mcom_ptd-25_27-copia_tarjada.pdf in 39.38 sec.
21:00:52 INFO       pixel_budget (Docling) anexo-de-entregas-mcom_ptd-25_27-copia_tarjada.pdf: 55.2% (área tabelas/1503636 px²)
21:00:52 INFO     [3/15] ✓ MCOM      :   55 entregas | 39.4s | ETA ~8min
21:00:52 INFO     [4/15] → documento-diretivo-mcom-_-ptd-25_27-copia_tarjada.pdf
21:00:52 INFO     detected formats: [<InputFormat.PDF: 'pdf'>]
21:00:52 INFO     Going to convert document batch...
21:00:52 INFO     Processing document documento-diretivo-mcom-_-ptd-25_27-copia_tarjada.pdf
21:00:53 INFO     command: tesseract --psm 0 -l osd /tmp/tmpw30e0y4v.png stdout
21:00:53 INFO     command: tesseract -l por /tmp/tmpw30e0y4v.png stdout tsv
21:00:55 INFO     command: tesseract --psm 0 -l osd /tmp/tmpl4v1w9z7.png stdout
21:00:57 INFO     command: tesseract -l por /tmp/tmpl4v1w9z7.png stdout tsv
21:01:02 INFO     command: tesseract --psm 0 -l osd /tmp/tmpkxtajl1i.png stdout
21:01:03 INFO     command: tesseract -l por /tmp/tmpkxtajl1i.png stdout tsv
21:01:04 INFO     command: tesseract --psm 0 -l osd /tmp/tmpmzle1req.png stdout
21:01:05 INFO     command: tesseract -l por /tmp/tmpmzle1req.png stdout tsv
21:01:07 INFO     command: tesseract --psm 0 -l osd /tmp/tmp3_ronzzk.png stdout
21:01:08 INFO     command: tesseract -l por /tmp/tmp3_ronzzk.png stdout tsv
21:01:10 INFO     command: tesseract --psm 0 -l osd /tmp/tmp97112xoo.png stdout
21:01:12 INFO     command: tesseract -l por /tmp/tmp97112xoo.png stdout tsv
21:01:26 INFO     command: tesseract --psm 0 -l osd /tmp/tmp19h7rux6.png stdout
21:01:27 INFO     command: tesseract -l por /tmp/tmp19h7rux6.png stdout tsv
21:01:29 INFO     command: tesseract --psm 0 -l osd /tmp/tmpavzlnn_n.png stdout
21:01:30 INFO     command: tesseract -l por /tmp/tmpavzlnn_n.png stdout tsv
21:01:32 INFO     command: tesseract --psm 0 -l osd /tmp/tmpp2ck2kto.png stdout
21:01:33 INFO     command: tesseract -l por /tmp/tmpp2ck2kto.png stdout tsv
21:01:35 INFO     command: tesseract --psm 0 -l osd /tmp/tmp2bgp5aro.png stdout
21:01:36 INFO     command: tesseract -l por /tmp/tmp2bgp5aro.png stdout tsv
21:01:49 INFO     command: tesseract --psm 0 -l osd /tmp/tmppzf832xj.png stdout
21:01:50 INFO     command: tesseract -l por /tmp/tmppzf832xj.png stdout tsv
21:01:52 INFO     command: tesseract --psm 0 -l osd /tmp/tmpsm9ap_9a.png stdout
21:01:53 INFO     command: tesseract -l por /tmp/tmpsm9ap_9a.png stdout tsv
21:01:55 INFO     command: tesseract --psm 0 -l osd /tmp/tmpccec9p90.png stdout
21:01:55 INFO     command: tesseract -l por /tmp/tmpccec9p90.png stdout tsv
21:01:57 INFO     command: tesseract --psm 0 -l osd /tmp/tmpq44k_iob.png stdout
21:01:58 INFO     command: tesseract -l por /tmp/tmpq44k_iob.png stdout tsv
21:02:04 INFO     Finished converting document documento-diretivo-mcom-_-ptd-25_27-copia_tarjada.pdf in 72.05 sec.
21:02:04 INFO       pixel_budget (Docling) documento-diretivo-mcom-_-ptd-25_27-copia_tarjada.pdf: 10.8% (área tabelas/7016966 px²)
21:02:04 INFO     [4/15] ✓ MCOM      :    3 entregas | 72.1s | ETA ~9min
21:02:04 INFO     [5/15] → fiocruz-ptd-06_2024-copia_tarjada.pdf
21:02:04 INFO     detected formats: [<InputFormat.PDF: 'pdf'>]
21:02:04 INFO     Going to convert document batch...
21:02:04 INFO     Initializing pipeline for StandardPdfPipeline with options hash d18651824ca6fe56cf3ccb20424ac2c8
21:02:04 INFO     Accelerator device: 'cpu'
21:02:04 INFO     HTTP Request: GET https://huggingface.co/api/models/docling-project/docling-layout-heron/revision/main "HTTP/1.1 200 OK"
21:02:05 INFO     HTTP Request: GET https://huggingface.co/api/models/docling-project/docling-models/revision/v2.3.0 "HTTP/1.1 200 OK"
21:02:05 INFO     Accelerator device: 'cpu'
21:02:05 INFO     Processing document fiocruz-ptd-06_2024-copia_tarjada.pdf
21:03:15 INFO     Finished converting document fiocruz-ptd-06_2024-copia_tarjada.pdf in 70.77 sec.
21:03:15 INFO       pixel_budget (Docling) fiocruz-ptd-06_2024-copia_tarjada.pdf: 36.4% (área tabelas/7518178 px²)
21:03:15 INFO     [5/15] ✓ FIOCRUZ   :    1 entregas | 70.8s | ETA ~8min
21:03:15 INFO     [6/15] → fiocruz_novo-ptd_2-1_docdiretivo_repactuacao_2024-2026_assinado_assinado-copia_tarjada.pdf
21:03:15 INFO     detected formats: [<InputFormat.PDF: 'pdf'>]
21:03:15 INFO     Going to convert document batch...
21:03:15 INFO     Processing document fiocruz_novo-ptd_2-1_docdiretivo_repactuacao_2024-2026_assinado_assinado-copia_tarjada.pdf
21:03:34 INFO     Finished converting document fiocruz_novo-ptd_2-1_docdiretivo_repactuacao_2024-2026_assinado_assinado-copia_tarjada.pdf in 18.75 sec.
21:03:34 INFO       pixel_budget (Docling) fiocruz_novo-ptd_2-1_docdiretivo_repactuacao_2024-2026_assinado_assinado-copia_tarjada.pdf: 11.3% (área tabelas/5012118 px²)
21:03:34 INFO     [6/15] ✓ FIOCRUZ   :    5 entregas | 18.8s | ETA ~7min
21:03:34 INFO     [7/15] → fiocruz_ptd_anexo_de_entregas_assinado_v1_assinado_assinado-1-copia_tarjada.pdf
21:03:34 INFO     detected formats: [<InputFormat.PDF: 'pdf'>]
21:03:34 INFO     Going to convert document batch...
21:03:34 INFO     Processing document fiocruz_ptd_anexo_de_entregas_assinado_v1_assinado_assinado-1-copia_tarjada.pdf
21:04:06 INFO     Finished converting document fiocruz_ptd_anexo_de_entregas_assinado_v1_assinado_assinado-1-copia_tarjada.pdf in 32.58 sec.
21:04:06 INFO       pixel_budget (Docling) fiocruz_ptd_anexo_de_entregas_assinado_v1_assinado_assinado-1-copia_tarjada.pdf: 54.7% (área tabelas/2004847 px²)
21:04:06 INFO     [7/15] ✓ FIOCRUZ   :   61 entregas | 32.6s | ETA ~6min
21:04:06 INFO     [8/15] → funai_anexo_de_entregas_repactuado_2026_2027_assinado_assinado_assinado.pdf
21:04:06 INFO     detected formats: [<InputFormat.PDF: 'pdf'>]
21:04:06 INFO     Going to convert document batch...
21:04:06 INFO     Processing document funai_anexo_de_entregas_repactuado_2026_2027_assinado_assinado_assinado.pdf
21:04:07 INFO     command: tesseract --psm 0 -l osd /tmp/tmpxnr8li9m.png stdout
21:04:08 INFO     command: tesseract -l por /tmp/tmpxnr8li9m.png stdout tsv
21:04:22 INFO     Finished converting document funai_anexo_de_entregas_repactuado_2026_2027_assinado_assinado_assinado.pdf in 15.17 sec.
21:04:22 INFO       pixel_budget (Docling) funai_anexo_de_entregas_repactuado_2026_2027_assinado_assinado_assinado.pdf: 49.8% (área tabelas/501212 px²)
21:04:22 INFO     [8/15] ✓ FUNAI     :   21 entregas | 15.2s | ETA ~4min
21:04:22 INFO     [9/15] → funai_ptd_2025_2027_docdiretivo_assinado-1_tarjado.pdf
21:04:22 INFO     detected formats: [<InputFormat.PDF: 'pdf'>]
21:04:22 INFO     Going to convert document batch...
21:04:22 INFO     Processing document funai_ptd_2025_2027_docdiretivo_assinado-1_tarjado.pdf
21:04:23 INFO     command: tesseract --psm 0 -l osd /tmp/tmp6iolvkyl.png stdout
21:04:24 INFO     command: tesseract -l por /tmp/tmp6iolvkyl.png stdout tsv
21:04:25 INFO     command: tesseract --psm 0 -l osd /tmp/tmpvi3zght6.png stdout
21:04:26 INFO     command: tesseract -l por /tmp/tmpvi3zght6.png stdout tsv
21:04:30 INFO     command: tesseract --psm 0 -l osd /tmp/tmp081z1i85.png stdout
21:04:31 INFO     command: tesseract -l por /tmp/tmp081z1i85.png stdout tsv
21:04:33 INFO     command: tesseract --psm 0 -l osd /tmp/tmpd3gj8hf7.png stdout
21:04:33 INFO     command: tesseract -l por /tmp/tmpd3gj8hf7.png stdout tsv
21:04:35 INFO     command: tesseract --psm 0 -l osd /tmp/tmpr9wkdena.png stdout
21:04:36 INFO     command: tesseract -l por /tmp/tmpr9wkdena.png stdout tsv
21:04:38 INFO     command: tesseract --psm 0 -l osd /tmp/tmpzwn9y1cy.png stdout
21:04:39 INFO     command: tesseract -l por /tmp/tmpzwn9y1cy.png stdout tsv
21:04:48 INFO     command: tesseract --psm 0 -l osd /tmp/tmpws7rpbz3.png stdout
21:04:49 INFO     command: tesseract -l por /tmp/tmpws7rpbz3.png stdout tsv
21:04:50 INFO     command: tesseract --psm 0 -l osd /tmp/tmpk8pjkrsi.png stdout
21:04:51 INFO     command: tesseract -l por /tmp/tmpk8pjkrsi.png stdout tsv
21:04:53 INFO     command: tesseract --psm 0 -l osd /tmp/tmpwrewpob_.png stdout
21:04:53 INFO     command: tesseract -l por /tmp/tmpwrewpob_.png stdout tsv
21:04:55 INFO     command: tesseract --psm 0 -l osd /tmp/tmpa2tswtyq.png stdout
21:04:56 INFO     command: tesseract -l por /tmp/tmpa2tswtyq.png stdout tsv
21:05:09 INFO     command: tesseract --psm 0 -l osd /tmp/tmpi3m0o89v.png stdout
21:05:10 INFO     command: tesseract -l por /tmp/tmpi3m0o89v.png stdout tsv
21:05:19 INFO     command: tesseract --psm 0 -l osd /tmp/tmp9wircgn6.png stdout
21:05:20 INFO     command: tesseract -l por /tmp/tmp9wircgn6.png stdout tsv
21:05:22 INFO     command: tesseract --psm 0 -l osd /tmp/tmpapufpx2j.png stdout
21:05:22 INFO     command: tesseract -l por /tmp/tmpapufpx2j.png stdout tsv
21:05:29 INFO     Finished converting document funai_ptd_2025_2027_docdiretivo_assinado-1_tarjado.pdf in 67.26 sec.
21:05:29 INFO       pixel_budget (Docling) funai_ptd_2025_2027_docdiretivo_assinado-1_tarjado.pdf: 16.4% (área tabelas/6515754 px²)
21:05:29 INFO     [9/15] ✓ FUNAI     :    8 entregas | 67.3s | ETA ~4min
21:05:29 INFO     [10/15] → incra_anexo_de_entregas_assinado-1_assinado_assinado-copia_tarjada.pdf
21:05:29 INFO     detected formats: [<InputFormat.PDF: 'pdf'>]
21:05:29 INFO     Going to convert document batch...
21:05:29 INFO     Processing document incra_anexo_de_entregas_assinado-1_assinado_assinado-copia_tarjada.pdf
21:05:30 INFO     command: tesseract --psm 0 -l osd /tmp/tmpuz5e9kb5.png stdout
21:05:31 INFO     command: tesseract -l por /tmp/tmpuz5e9kb5.png stdout tsv
21:05:34 INFO     command: tesseract --psm 0 -l osd /tmp/tmpl2gdr24y.png stdout
21:05:35 INFO     command: tesseract -l por /tmp/tmpl2gdr24y.png stdout tsv
21:05:40 INFO     command: tesseract --psm 0 -l osd /tmp/tmplt9s6rfu.png stdout
21:05:41 INFO     command: tesseract -l por /tmp/tmplt9s6rfu.png stdout tsv
21:05:43 INFO     command: tesseract --psm 0 -l osd /tmp/tmp7dlthxq5.png stdout
21:05:44 INFO     command: tesseract -l por /tmp/tmp7dlthxq5.png stdout tsv
21:05:46 INFO     command: tesseract --psm 0 -l osd /tmp/tmplf5t3n0u.png stdout
21:05:47 INFO     command: tesseract -l por /tmp/tmplf5t3n0u.png stdout tsv
21:07:21 INFO     Finished converting document incra_anexo_de_entregas_assinado-1_assinado_assinado-copia_tarjada.pdf in 111.95 sec.
21:07:21 INFO       pixel_budget (Docling) incra_anexo_de_entregas_assinado-1_assinado_assinado-copia_tarjada.pdf: 30.0% (área tabelas/2423520 px²)
21:07:21 INFO     [10/15] ✓ INCRA     :   10 entregas | 112.0s | ETA ~4min
21:07:21 INFO     [11/15] → incra_ptd_docdiretivo__assinado-1_assinado_assinado-copia_tarjada.pdf
21:07:21 INFO     detected formats: [<InputFormat.PDF: 'pdf'>]
21:07:21 INFO     Going to convert document batch...
21:07:21 INFO     Processing document incra_ptd_docdiretivo__assinado-1_assinado_assinado-copia_tarjada.pdf
21:07:22 INFO     command: tesseract --psm 0 -l osd /tmp/tmpl3_fj0wi.png stdout
21:07:23 INFO     command: tesseract -l por /tmp/tmpl3_fj0wi.png stdout tsv
21:07:25 INFO     command: tesseract --psm 0 -l osd /tmp/tmp8bxh4qok.png stdout
21:07:26 INFO     command: tesseract -l por /tmp/tmp8bxh4qok.png stdout tsv
21:07:32 INFO     command: tesseract --psm 0 -l osd /tmp/tmps5j5ho26.png stdout
21:07:33 INFO     command: tesseract -l por /tmp/tmps5j5ho26.png stdout tsv
21:07:35 INFO     command: tesseract --psm 0 -l osd /tmp/tmpbauisszg.png stdout
21:07:36 INFO     command: tesseract -l por /tmp/tmpbauisszg.png stdout tsv
21:07:37 INFO     command: tesseract --psm 0 -l osd /tmp/tmpkkhz91_e.png stdout
21:07:38 INFO     command: tesseract -l por /tmp/tmpkkhz91_e.png stdout tsv
21:07:40 INFO     command: tesseract --psm 0 -l osd /tmp/tmp203g5m_i.png stdout
21:07:42 INFO     command: tesseract -l por /tmp/tmp203g5m_i.png stdout tsv
21:07:59 INFO     command: tesseract --psm 0 -l osd /tmp/tmp6651n_yn.png stdout
21:07:59 INFO     command: tesseract -l por /tmp/tmp6651n_yn.png stdout tsv
21:08:01 INFO     command: tesseract --psm 0 -l osd /tmp/tmp8fryv05c.png stdout
21:08:02 INFO     command: tesseract -l por /tmp/tmp8fryv05c.png stdout tsv
21:08:03 INFO     command: tesseract --psm 0 -l osd /tmp/tmpqbuuz_so.png stdout
21:08:04 INFO     command: tesseract -l por /tmp/tmpqbuuz_so.png stdout tsv
21:08:06 INFO     command: tesseract --psm 0 -l osd /tmp/tmpu_ay87bx.png stdout
21:08:07 INFO     command: tesseract -l por /tmp/tmpu_ay87bx.png stdout tsv
21:08:11 INFO     command: tesseract --psm 0 -l osd /tmp/tmprlb6a2y3.png stdout
21:08:12 INFO     command: tesseract -l por /tmp/tmprlb6a2y3.png stdout tsv
21:08:22 INFO     command: tesseract --psm 0 -l osd /tmp/tmp6_a57ed8.png stdout
21:08:23 INFO     command: tesseract -l por /tmp/tmp6_a57ed8.png stdout tsv
21:08:25 INFO     command: tesseract --psm 0 -l osd /tmp/tmpzg1ikchv.png stdout
21:08:26 INFO     command: tesseract -l por /tmp/tmpzg1ikchv.png stdout tsv
21:08:34 INFO     Finished converting document incra_ptd_docdiretivo__assinado-1_assinado_assinado-copia_tarjada.pdf in 73.16 sec.
21:08:34 INFO       pixel_budget (Docling) incra_ptd_docdiretivo__assinado-1_assinado_assinado-copia_tarjada.pdf: 20.2% (área tabelas/6515754 px²)
21:08:34 INFO     [11/15] ✓ INCRA     :   11 entregas | 73.2s | ETA ~3min
21:08:34 INFO     [12/15] → iti_anexo_de_entregas_assinado.pdf
21:08:34 INFO     detected formats: [<InputFormat.PDF: 'pdf'>]
21:08:34 INFO     Going to convert document batch...
21:08:34 INFO     Processing document iti_anexo_de_entregas_assinado.pdf
21:08:35 INFO     command: tesseract --psm 0 -l osd /tmp/tmpnb1vzbfn.png stdout
21:08:36 INFO     command: tesseract -l por /tmp/tmpnb1vzbfn.png stdout tsv
21:08:52 INFO     Finished converting document iti_anexo_de_entregas_assinado.pdf in 17.99 sec.
21:08:52 INFO       pixel_budget (Docling) iti_anexo_de_entregas_assinado.pdf: 57.2% (área tabelas/501212 px²)
21:08:52 INFO     [12/15] ✓ ITI       :   31 entregas | 18.0s | ETA ~2min
21:08:52 INFO     [13/15] → iti_doc_diretivo_assinado-1_tarjado.pdf
21:08:52 INFO     detected formats: [<InputFormat.PDF: 'pdf'>]
21:08:52 INFO     Going to convert document batch...
21:08:52 INFO     Processing document iti_doc_diretivo_assinado-1_tarjado.pdf
21:08:53 INFO     command: tesseract --psm 0 -l osd /tmp/tmpz6e7fb6x.png stdout
21:08:53 INFO     command: tesseract -l por /tmp/tmpz6e7fb6x.png stdout tsv
21:08:55 INFO     command: tesseract --psm 0 -l osd /tmp/tmpqnn2441w.png stdout
21:08:57 INFO     command: tesseract -l por /tmp/tmpqnn2441w.png stdout tsv
21:09:01 INFO     command: tesseract --psm 0 -l osd /tmp/tmp2iq57j9a.png stdout
21:09:02 INFO     command: tesseract -l por /tmp/tmp2iq57j9a.png stdout tsv
21:09:04 INFO     command: tesseract --psm 0 -l osd /tmp/tmpquvw2rju.png stdout
21:09:05 INFO     command: tesseract -l por /tmp/tmpquvw2rju.png stdout tsv
21:09:06 INFO     command: tesseract --psm 0 -l osd /tmp/tmpnevzob5d.png stdout
21:09:07 INFO     command: tesseract -l por /tmp/tmpnevzob5d.png stdout tsv
21:09:09 INFO     command: tesseract --psm 0 -l osd /tmp/tmp3e8njagp.png stdout
21:09:11 INFO     command: tesseract -l por /tmp/tmp3e8njagp.png stdout tsv
21:09:26 INFO     command: tesseract --psm 0 -l osd /tmp/tmpz2ze_mpe.png stdout
21:09:27 INFO     command: tesseract -l por /tmp/tmpz2ze_mpe.png stdout tsv
21:09:29 INFO     command: tesseract --psm 0 -l osd /tmp/tmpwx5_3y0o.png stdout
21:09:30 INFO     command: tesseract -l por /tmp/tmpwx5_3y0o.png stdout tsv
21:09:32 INFO     command: tesseract --psm 0 -l osd /tmp/tmpwv_totgx.png stdout
21:09:33 INFO     command: tesseract -l por /tmp/tmpwv_totgx.png stdout tsv
21:09:35 INFO     command: tesseract --psm 0 -l osd /tmp/tmpj8f49bzl.png stdout
21:09:36 INFO     command: tesseract -l por /tmp/tmpj8f49bzl.png stdout tsv
21:09:43 INFO     command: tesseract --psm 0 -l osd /tmp/tmpsy_s0xg1.png stdout
21:09:44 INFO     command: tesseract -l por /tmp/tmpsy_s0xg1.png stdout tsv
21:09:53 INFO     Finished converting document iti_doc_diretivo_assinado-1_tarjado.pdf in 60.75 sec.
21:09:53 INFO       pixel_budget (Docling) iti_doc_diretivo_assinado-1_tarjado.pdf: 8.0% (área tabelas/5516339 px²)
21:09:53 INFO     [13/15] ✓ ITI       :    9 entregas | 60.8s | ETA ~1min
21:09:53 INFO     [14/15] → sgpr_ptd_2025_2027_anexo_de_entregas_assinado-copia_tarjada.pdf
21:09:53 INFO     detected formats: [<InputFormat.PDF: 'pdf'>]
21:09:53 INFO     Going to convert document batch...
21:09:53 INFO     Processing document sgpr_ptd_2025_2027_anexo_de_entregas_assinado-copia_tarjada.pdf
21:09:54 INFO     command: tesseract --psm 0 -l osd /tmp/tmpv0jtpdv_.png stdout
21:09:55 INFO     command: tesseract -l por /tmp/tmpv0jtpdv_.png stdout tsv
21:09:58 INFO     command: tesseract --psm 0 -l osd /tmp/tmpm2e09s_e.png stdout
21:09:59 INFO     command: tesseract -l por /tmp/tmpm2e09s_e.png stdout tsv
21:10:13 INFO     Finished converting document sgpr_ptd_2025_2027_anexo_de_entregas_assinado-copia_tarjada.pdf in 20.38 sec.
21:10:13 INFO       pixel_budget (Docling) sgpr_ptd_2025_2027_anexo_de_entregas_assinado-copia_tarjada.pdf: 29.5% (área tabelas/1002424 px²)
21:10:13 INFO     [14/15] ✓ SGPR      :   15 entregas | 20.4s | ETA ~49s
21:10:13 INFO     [15/15] → sgpr_ptd_2026_2027_docdiretivo_assinado-copia_tarjada.pdf
21:10:13 INFO     detected formats: [<InputFormat.PDF: 'pdf'>]
21:10:13 INFO     Going to convert document batch...
21:10:13 INFO     Processing document sgpr_ptd_2026_2027_docdiretivo_assinado-copia_tarjada.pdf
21:10:33 INFO     Finished converting document sgpr_ptd_2026_2027_docdiretivo_assinado-copia_tarjada.pdf in 20.10 sec.
21:10:33 INFO       pixel_budget (Docling) sgpr_ptd_2026_2027_docdiretivo_assinado-copia_tarjada.pdf: 8.2% (área tabelas/5513330 px²)
21:10:33 INFO     [15/15] ✓ SGPR      :    4 entregas | 20.1s | ETA ~0s
21:10:33 INFO     273 registros | 7 órgãos
21:10:33 INFO     ╔══════════════════════════════════════════════════════════════╗
21:10:33 INFO     ║                  ENTREGAS — fase concluída                   ║
21:10:33 INFO     ║  Processados: 15    |  ✓ 15  ⚠ 0                             ║
21:10:33 INFO     ║  Duração: 11.8 min                                           ║
21:10:33 INFO     ║  273 registros | 7 órgãos                                    ║
21:10:33 INFO     ╚══════════════════════════════════════════════════════════════╝
21:10:33 INFO     [1/7] → agu_ptd_2025_2027_docdiretivo_assinado_assinado_assinado-copia_tarjada.pdf
21:10:33 INFO     detected formats: [<InputFormat.PDF: 'pdf'>]
21:10:33 INFO     Going to convert document batch...
21:10:33 INFO     Processing document agu_ptd_2025_2027_docdiretivo_assinado_assinado_assinado-copia_tarjada.pdf
21:10:34 INFO     command: tesseract --psm 0 -l osd /tmp/tmpdmwc_edp.png stdout
21:10:34 INFO     command: tesseract -l por /tmp/tmpdmwc_edp.png stdout tsv
21:10:36 INFO     command: tesseract --psm 0 -l osd /tmp/tmpx1p5whbz.png stdout
21:10:38 INFO     command: tesseract -l por /tmp/tmpx1p5whbz.png stdout tsv
21:10:41 INFO     command: tesseract --psm 0 -l osd /tmp/tmptalkru8o.png stdout
21:10:42 INFO     command: tesseract -l por /tmp/tmptalkru8o.png stdout tsv
21:10:44 INFO     command: tesseract --psm 0 -l osd /tmp/tmpml10ey0_.png stdout
21:10:45 INFO     command: tesseract -l por /tmp/tmpml10ey0_.png stdout tsv
21:10:47 INFO     command: tesseract --psm 0 -l osd /tmp/tmp816ikcan.png stdout
21:10:48 INFO     command: tesseract -l por /tmp/tmp816ikcan.png stdout tsv
21:10:50 INFO     command: tesseract --psm 0 -l osd /tmp/tmpg76cqglr.png stdout
21:10:51 INFO     command: tesseract -l por /tmp/tmpg76cqglr.png stdout tsv
21:11:02 INFO     command: tesseract --psm 0 -l osd /tmp/tmpncixe970.png stdout
21:11:03 INFO     command: tesseract -l por /tmp/tmpncixe970.png stdout tsv
21:11:05 INFO     command: tesseract --psm 0 -l osd /tmp/tmppw_hngvp.png stdout
21:11:06 INFO     command: tesseract -l por /tmp/tmppw_hngvp.png stdout tsv
21:11:08 INFO     command: tesseract --psm 0 -l osd /tmp/tmpwkxr38b9.png stdout
21:11:09 INFO     command: tesseract -l por /tmp/tmpwkxr38b9.png stdout tsv
21:11:11 INFO     command: tesseract --psm 0 -l osd /tmp/tmppsfc4jv8.png stdout
21:11:13 INFO     command: tesseract -l por /tmp/tmppsfc4jv8.png stdout tsv
21:11:26 INFO     command: tesseract --psm 0 -l osd /tmp/tmp0c6bbjpv.png stdout
21:11:27 INFO     command: tesseract -l por /tmp/tmp0c6bbjpv.png stdout tsv
21:11:30 INFO     Finished converting document agu_ptd_2025_2027_docdiretivo_assinado_assinado_assinado-copia_tarjada.pdf in 56.80 sec.
21:11:30 INFO     [1/7] ✓ AGU       :   7 riscos | 56.8s | ETA ~5min
21:11:30 INFO     [2/7] → documento-diretivo-mcom-_-ptd-25_27-copia_tarjada.pdf
21:11:30 INFO     detected formats: [<InputFormat.PDF: 'pdf'>]
21:11:30 INFO     Going to convert document batch...
21:11:30 INFO     Processing document documento-diretivo-mcom-_-ptd-25_27-copia_tarjada.pdf
21:11:31 INFO     command: tesseract --psm 0 -l osd /tmp/tmpmpobjacn.png stdout
21:11:31 INFO     command: tesseract -l por /tmp/tmpmpobjacn.png stdout tsv
21:11:34 INFO     command: tesseract --psm 0 -l osd /tmp/tmp2_3ntld6.png stdout
21:11:35 INFO     command: tesseract -l por /tmp/tmp2_3ntld6.png stdout tsv
21:11:41 INFO     command: tesseract --psm 0 -l osd /tmp/tmpgk211ilf.png stdout
21:11:41 INFO     command: tesseract -l por /tmp/tmpgk211ilf.png stdout tsv
21:11:42 INFO     command: tesseract --psm 0 -l osd /tmp/tmpb8m366h5.png stdout
21:11:43 INFO     command: tesseract -l por /tmp/tmpb8m366h5.png stdout tsv
21:11:45 INFO     command: tesseract --psm 0 -l osd /tmp/tmph8asjtvi.png stdout
21:11:46 INFO     command: tesseract -l por /tmp/tmph8asjtvi.png stdout tsv
21:11:48 INFO     command: tesseract --psm 0 -l osd /tmp/tmprf_8raks.png stdout
21:11:50 INFO     command: tesseract -l por /tmp/tmprf_8raks.png stdout tsv
21:12:03 INFO     command: tesseract --psm 0 -l osd /tmp/tmpoe57iyb0.png stdout
21:12:04 INFO     command: tesseract -l por /tmp/tmpoe57iyb0.png stdout tsv
21:12:07 INFO     command: tesseract --psm 0 -l osd /tmp/tmp3so1bkw3.png stdout
21:12:07 INFO     command: tesseract -l por /tmp/tmp3so1bkw3.png stdout tsv
21:12:10 INFO     command: tesseract --psm 0 -l osd /tmp/tmp7av04eu9.png stdout
21:12:11 INFO     command: tesseract -l por /tmp/tmp7av04eu9.png stdout tsv
21:12:12 INFO     command: tesseract --psm 0 -l osd /tmp/tmpukxd7gvr.png stdout
21:12:14 INFO     command: tesseract -l por /tmp/tmpukxd7gvr.png stdout tsv
21:12:18 INFO     command: tesseract --psm 0 -l osd /tmp/tmpbfk1lu6u.png stdout
21:12:19 INFO     command: tesseract -l por /tmp/tmpbfk1lu6u.png stdout tsv
21:12:25 INFO     command: tesseract --psm 0 -l osd /tmp/tmppbo22b5e.png stdout
21:12:26 INFO     command: tesseract -l por /tmp/tmppbo22b5e.png stdout tsv
21:12:28 INFO     command: tesseract --psm 0 -l osd /tmp/tmpqbo7kr_c.png stdout
21:12:29 INFO     command: tesseract -l por /tmp/tmpqbo7kr_c.png stdout tsv
21:12:31 INFO     command: tesseract --psm 0 -l osd /tmp/tmpeg2yyd0_.png stdout
21:12:31 INFO     command: tesseract -l por /tmp/tmpeg2yyd0_.png stdout tsv
21:12:38 INFO     Finished converting document documento-diretivo-mcom-_-ptd-25_27-copia_tarjada.pdf in 67.80 sec.
21:12:38 INFO     [2/7] ✓ MCOM      :  14 riscos | 67.8s | ETA ~5min
21:12:38 INFO     [3/7] → fiocruz_novo-ptd_2-1_docdiretivo_repactuacao_2024-2026_assinado_assinado-copia_tarjada.pdf
21:12:38 INFO     detected formats: [<InputFormat.PDF: 'pdf'>]
21:12:38 INFO     Going to convert document batch...
21:12:38 INFO     Processing document fiocruz_novo-ptd_2-1_docdiretivo_repactuacao_2024-2026_assinado_assinado-copia_tarjada.pdf
21:12:56 INFO     Finished converting document fiocruz_novo-ptd_2-1_docdiretivo_repactuacao_2024-2026_assinado_assinado-copia_tarjada.pdf in 18.14 sec.
21:12:56 INFO     [3/7] ✓ FIOCRUZ   :   6 riscos | 18.2s | ETA ~3min
21:12:56 INFO     [4/7] → funai_ptd_2025_2027_docdiretivo_assinado-1_tarjado.pdf
21:12:56 INFO     detected formats: [<InputFormat.PDF: 'pdf'>]
21:12:56 INFO     Going to convert document batch...
21:12:56 INFO     Processing document funai_ptd_2025_2027_docdiretivo_assinado-1_tarjado.pdf
21:12:58 INFO     command: tesseract --psm 0 -l osd /tmp/tmp044jx9wv.png stdout
21:12:58 INFO     command: tesseract -l por /tmp/tmp044jx9wv.png stdout tsv
21:12:59 INFO     command: tesseract --psm 0 -l osd /tmp/tmpy3gomum1.png stdout
21:13:01 INFO     command: tesseract -l por /tmp/tmpy3gomum1.png stdout tsv
21:13:03 INFO     command: tesseract --psm 0 -l osd /tmp/tmp6oa8i00e.png stdout
21:13:03 INFO     command: tesseract -l por /tmp/tmp6oa8i00e.png stdout tsv
21:13:05 INFO     command: tesseract --psm 0 -l osd /tmp/tmpmgh9p_3f.png stdout
21:13:06 INFO     command: tesseract -l por /tmp/tmpmgh9p_3f.png stdout tsv
21:13:08 INFO     command: tesseract --psm 0 -l osd /tmp/tmprt9zy49t.png stdout
21:13:08 INFO     command: tesseract -l por /tmp/tmprt9zy49t.png stdout tsv
21:13:11 INFO     command: tesseract --psm 0 -l osd /tmp/tmp_edc4ypz.png stdout
21:13:12 INFO     command: tesseract -l por /tmp/tmp_edc4ypz.png stdout tsv
21:13:23 INFO     command: tesseract --psm 0 -l osd /tmp/tmpvhyhqxgx.png stdout
21:13:24 INFO     command: tesseract -l por /tmp/tmpvhyhqxgx.png stdout tsv
21:13:25 INFO     command: tesseract --psm 0 -l osd /tmp/tmpheb1qyuh.png stdout
21:13:26 INFO     command: tesseract -l por /tmp/tmpheb1qyuh.png stdout tsv
21:13:27 INFO     command: tesseract --psm 0 -l osd /tmp/tmpbq0h_mrq.png stdout
21:13:28 INFO     command: tesseract -l por /tmp/tmpbq0h_mrq.png stdout tsv
21:13:30 INFO     command: tesseract --psm 0 -l osd /tmp/tmplct22htm.png stdout
21:13:31 INFO     command: tesseract -l por /tmp/tmplct22htm.png stdout tsv
21:13:48 INFO     command: tesseract --psm 0 -l osd /tmp/tmpjb1te3a4.png stdout
21:13:49 INFO     command: tesseract -l por /tmp/tmpjb1te3a4.png stdout tsv
21:13:53 INFO     command: tesseract --psm 0 -l osd /tmp/tmpg9s9220j.png stdout
21:13:54 INFO     command: tesseract -l por /tmp/tmpg9s9220j.png stdout tsv
21:13:55 INFO     command: tesseract --psm 0 -l osd /tmp/tmp73grrk7l.png stdout
21:13:56 INFO     command: tesseract -l por /tmp/tmp73grrk7l.png stdout tsv
21:14:03 INFO     Finished converting document funai_ptd_2025_2027_docdiretivo_assinado-1_tarjado.pdf in 66.63 sec.
21:14:03 INFO     [4/7] ✓ FUNAI     :  15 riscos | 66.6s | ETA ~2min
21:14:03 INFO     [5/7] → incra_ptd_docdiretivo__assinado-1_assinado_assinado-copia_tarjada.pdf
21:14:03 INFO     detected formats: [<InputFormat.PDF: 'pdf'>]
21:14:03 INFO     Going to convert document batch...
21:14:03 INFO     Processing document incra_ptd_docdiretivo__assinado-1_assinado_assinado-copia_tarjada.pdf
21:14:04 INFO     command: tesseract --psm 0 -l osd /tmp/tmpdnpyg2p6.png stdout
21:14:04 INFO     command: tesseract -l por /tmp/tmpdnpyg2p6.png stdout tsv
21:14:07 INFO     command: tesseract --psm 0 -l osd /tmp/tmpyif6uorz.png stdout
21:14:08 INFO     command: tesseract -l por /tmp/tmpyif6uorz.png stdout tsv
21:14:14 INFO     command: tesseract --psm 0 -l osd /tmp/tmp8252k5e4.png stdout
21:14:14 INFO     command: tesseract -l por /tmp/tmp8252k5e4.png stdout tsv
21:14:16 INFO     command: tesseract --psm 0 -l osd /tmp/tmpo7yvaf7e.png stdout
21:14:17 INFO     command: tesseract -l por /tmp/tmpo7yvaf7e.png stdout tsv
21:14:19 INFO     command: tesseract --psm 0 -l osd /tmp/tmp3w7p4fja.png stdout
21:14:19 INFO     command: tesseract -l por /tmp/tmp3w7p4fja.png stdout tsv
21:14:22 INFO     command: tesseract --psm 0 -l osd /tmp/tmp6fbcqmwg.png stdout
21:14:23 INFO     command: tesseract -l por /tmp/tmp6fbcqmwg.png stdout tsv
21:14:38 INFO     command: tesseract --psm 0 -l osd /tmp/tmpbbit5cil.png stdout
21:14:39 INFO     command: tesseract -l por /tmp/tmpbbit5cil.png stdout tsv
21:14:40 INFO     command: tesseract --psm 0 -l osd /tmp/tmpk1y3k8ma.png stdout
21:14:41 INFO     command: tesseract -l por /tmp/tmpk1y3k8ma.png stdout tsv
21:14:43 INFO     command: tesseract --psm 0 -l osd /tmp/tmpz_t4zp_l.png stdout
21:14:44 INFO     command: tesseract -l por /tmp/tmpz_t4zp_l.png stdout tsv
21:14:45 INFO     command: tesseract --psm 0 -l osd /tmp/tmp2eocx7fi.png stdout
21:14:47 INFO     command: tesseract -l por /tmp/tmp2eocx7fi.png stdout tsv
21:14:51 INFO     command: tesseract --psm 0 -l osd /tmp/tmpdcbpt_l4.png stdout
21:14:52 INFO     command: tesseract -l por /tmp/tmpdcbpt_l4.png stdout tsv
21:15:05 INFO     command: tesseract --psm 0 -l osd /tmp/tmp3unfmjsc.png stdout
21:15:06 INFO     command: tesseract -l por /tmp/tmp3unfmjsc.png stdout tsv
21:15:08 INFO     command: tesseract --psm 0 -l osd /tmp/tmp0qorx5vt.png stdout
21:15:08 INFO     command: tesseract -l por /tmp/tmp0qorx5vt.png stdout tsv
21:15:16 INFO     Finished converting document incra_ptd_docdiretivo__assinado-1_assinado_assinado-copia_tarjada.pdf in 73.35 sec.
21:15:16 INFO     [5/7] ✓ INCRA     :  15 riscos | 73.4s | ETA ~1min
21:15:16 INFO     [6/7] → iti_doc_diretivo_assinado-1_tarjado.pdf
21:15:16 INFO     detected formats: [<InputFormat.PDF: 'pdf'>]
21:15:16 INFO     Going to convert document batch...
21:15:16 INFO     Processing document iti_doc_diretivo_assinado-1_tarjado.pdf
21:15:17 INFO     command: tesseract --psm 0 -l osd /tmp/tmpwfraz5tp.png stdout
21:15:17 INFO     command: tesseract -l por /tmp/tmpwfraz5tp.png stdout tsv
21:15:19 INFO     command: tesseract --psm 0 -l osd /tmp/tmpyc53ok09.png stdout
21:15:21 INFO     command: tesseract -l por /tmp/tmpyc53ok09.png stdout tsv
21:15:23 INFO     command: tesseract --psm 0 -l osd /tmp/tmpo3xmsf82.png stdout
21:15:23 INFO     command: tesseract -l por /tmp/tmpo3xmsf82.png stdout tsv
21:15:25 INFO     command: tesseract --psm 0 -l osd /tmp/tmpxxlamujz.png stdout
21:15:26 INFO     command: tesseract -l por /tmp/tmpxxlamujz.png stdout tsv
21:15:28 INFO     command: tesseract --psm 0 -l osd /tmp/tmpjuegmacy.png stdout
21:15:29 INFO     command: tesseract -l por /tmp/tmpjuegmacy.png stdout tsv
21:15:31 INFO     command: tesseract --psm 0 -l osd /tmp/tmphj7049_l.png stdout
21:15:32 INFO     command: tesseract -l por /tmp/tmphj7049_l.png stdout tsv
21:15:44 INFO     command: tesseract --psm 0 -l osd /tmp/tmpi7bgcuiu.png stdout
21:15:45 INFO     command: tesseract -l por /tmp/tmpi7bgcuiu.png stdout tsv
21:15:47 INFO     command: tesseract --psm 0 -l osd /tmp/tmpsclfbl9c.png stdout
21:15:48 INFO     command: tesseract -l por /tmp/tmpsclfbl9c.png stdout tsv
21:15:50 INFO     command: tesseract --psm 0 -l osd /tmp/tmp_z9m3kfv.png stdout
21:15:51 INFO     command: tesseract -l por /tmp/tmp_z9m3kfv.png stdout tsv
21:15:53 INFO     command: tesseract --psm 0 -l osd /tmp/tmplvyrlazx.png stdout
21:15:54 INFO     command: tesseract -l por /tmp/tmplvyrlazx.png stdout tsv
21:16:00 INFO     command: tesseract --psm 0 -l osd /tmp/tmp2lez0s4d.png stdout
21:16:01 INFO     command: tesseract -l por /tmp/tmp2lez0s4d.png stdout tsv
21:16:08 INFO     Finished converting document iti_doc_diretivo_assinado-1_tarjado.pdf in 51.50 sec.
21:16:08 INFO     [6/7] ✓ ITI       :  14 riscos | 51.5s | ETA ~56s
21:16:08 INFO     [7/7] → sgpr_ptd_2026_2027_docdiretivo_assinado-copia_tarjada.pdf
21:16:08 INFO     detected formats: [<InputFormat.PDF: 'pdf'>]
21:16:08 INFO     Going to convert document batch...
21:16:08 INFO     Processing document sgpr_ptd_2026_2027_docdiretivo_assinado-copia_tarjada.pdf
21:16:28 INFO     Finished converting document sgpr_ptd_2026_2027_docdiretivo_assinado-copia_tarjada.pdf in 20.07 sec.
21:16:28 INFO     [7/7] ✓ SGPR      :  10 riscos | 20.1s | ETA ~0s
21:16:28 INFO     ╔══════════════════════════════════════════════════════════════╗
21:16:28 INFO     ║                   RISCOS — fase concluída                    ║
21:16:28 INFO     ║  Processados: 7     |  ✓ 7  ⚠ 0                              ║
21:16:28 INFO     ║  Duração: 5.9 min                                            ║
21:16:28 INFO     ║  81 riscos | 7 órgãos                                        ║
21:16:28 INFO     ╚══════════════════════════════════════════════════════════════╝
21:16:28 INFO     81 riscos | 0 ações | 135 relações
21:16:28 INFO     ptd_corpus_raw                     : 273 linhas
21:16:28 INFO     ptd_pivot_eixos                    : 7 linhas
21:16:31 INFO     ptd_datas_assinatura               : 132 linhas
21:16:31 INFO     ptd_riscos                         : 81 linhas
21:16:31 INFO     ptd_riscos_acoes                   : 135 linhas
21:16:31 INFO     Manifesto salvo: pipeline_manifest.json | SHA-256 de 132 PDFs
21:16:31 INFO     ==================================================
21:16:31 INFO     PTD-BR v3.0-melhorado — PIPELINE CONCLUÍDO
21:16:31 INFO     ==================================================
21:16:31 INFO     ptd_corpus_raw.csv                        167 KB
21:16:31 INFO     ptd_pivot_eixos.csv                         0 KB
21:16:31 INFO     ptd_datas_assinatura.csv                    9 KB
21:16:31 INFO     ptd_riscos.csv                             23 KB
21:16:31 INFO     ptd_riscos_acoes.csv                        2 KB
21:16:31 INFO     proveniencia.json                           0 KB
21:16:31 INFO     pipeline_manifest.json                     21 KB
21:16:31 INFO     📦 Artefatos: https://github.com/freirelucas/teste/actions/runs/24050505968
21:16:31 INFO     ==================================================
