16:19:58 INFO     Docling disponível
16:19:58 WARNING  OCR fallback indisponível (IndentationError: unexpected indent (ptd_ocr_fallback.py, line 45))
16:19:59 INFO     Ignorado (guia/template/norma): ABNT-NBR-17225-Acessibilidade-Digital.pdf
16:19:59 INFO     Ignorado (guia/template/norma): cgrep-guia10passos-ptd-orgao.pdf
16:19:59 INFO     Ignorado (guia/template/norma): ABNT-NBR-17225-Acessibilidade-Digital.pdf
16:19:59 INFO     Scraping: 132 PDFs únicos | entregas: 68 | diretivos: 61
16:19:59 INFO     Baixando 132 PDFs únicos...
16:20:01 INFO     ✓ [  1/132] abin_ptd_anexo_de_entregas_assinado_pelo_orgao_ass   293.3KB
16:20:04 INFO     ✓ [  2/132] aeb_ptd_2025_2027_docdiretivo_aprovado_assinado-1_  1033.7KB
16:20:06 INFO     ✓ [  3/132] aeb_ptd_2025_2027_anexo_de_entregas_aprovado_assin   154.5KB
16:20:12 INFO     ✓ [  4/132] agu_ptd_2025_2027_docdiretivo_assinado_assinado_as  2860.3KB
16:20:14 INFO     ✓ [  5/132] agu_ptd_2025_2027_anexo_de_entregas_assinado_assin   525.5KB
16:20:17 INFO     ✓ [  6/132] ana_ptd_2025_2027_docdiretivo_assinado_assinado_as   477.2KB
16:20:19 INFO     ✓ [  7/132] ana_ptd_2025_2027_anexoentregas_assinado_assinado_   170.9KB
16:20:22 INFO     ✓ [  8/132] anac_ptd_2025_2026_docdiretivo_se_assinado_tarjado  1036.3KB
16:20:25 INFO     ✓ [  9/132] anac_ptd_2025_2026_anexo_de_entregas_se_assinado.p   215.2KB
16:20:28 INFO     ✓ [ 10/132] anatel_ptd_docdiretivo_assinado_2025_2026_assinado  1006.0KB
16:20:30 INFO     ✓ [ 11/132] anatel_ptd_2025_2026_anexo_de_entregas_do_ptd_publ    71.9KB
16:20:33 INFO     ✓ [ 12/132] ancine_ptd_2024_2026_docdiretivo_assinado-2_assina   961.8KB
16:20:36 INFO     ✓ [ 13/132] ancine_ptd_2024_2026_-_anexo_de_entregas_aprovado_   613.2KB
16:20:39 INFO     ✓ [ 14/132] ptd_aneel_2025-2027_docdiretivo_assinado_tarjado.p   779.6KB
16:20:41 INFO     ✓ [ 15/132] ptd_aneel_2025-2027_anexo_de_entregas_assinado.pdf   111.9KB
16:20:44 INFO     ✓ [ 16/132] anm_ptd_2025_2027_docdiretivo_assinadopeloorgao_ta  1092.5KB
16:20:47 INFO     ✓ [ 17/132] anm_ptd_2025_2027_anexo_entregas_assinadopeloorgao  1140.4KB
16:20:50 INFO     ✓ [ 18/132] anpd_ptd_2025_2027_docdiretivo_assinado_assinado_a  1044.3KB
16:20:53 INFO     ✓ [ 19/132] anpd_ptd_2025_2027_anexo_de_entregas_assinado_assi   166.5KB
16:20:56 INFO     ✓ [ 20/132] ans-plano_de_transformacao_digital_assinado-copia_  1023.4KB
16:20:58 INFO     ✓ [ 21/132] ans_ptd_2025_2026_anexo_de_entregas_assinado_assin   124.1KB
16:21:01 INFO     ✓ [ 22/132] antaq_ptd_2025_2027_docdiretivo_assinado_assinado_  1039.8KB
16:21:03 INFO     ✓ [ 23/132] antaq_ptd_2025_2027_anexoentregas_assinado_assinad   145.1KB
16:21:05 INFO     ✓ [ 24/132] mt_anexo_de_entregas_-_assinado_assinado_assinado_   143.6KB
16:21:14 INFO     ✓ [ 25/132] anvisa_ptd_docdiretivo_2025-2026_assinado_assinado  5771.2KB
16:21:16 INFO     ✓ [ 26/132] anvisa_ptd_anexo_de_entregas_2025_2026_assinado_as   239.0KB
16:21:19 INFO     ✓ [ 27/132] bcb_documento_diretivo_assinado_assinado_assinado-   713.7KB
16:21:21 INFO     ✓ [ 28/132] bcb_anexo_de_entregas_ptd_25_26-1_assinado_assinad   134.8KB
16:21:24 INFO     ✓ [ 29/132] cade_ptd_docdiretivo_2025_2026_assinado-2_assinado   810.4KB
16:21:27 INFO     ✓ [ 30/132] cade_ptd_anexo_de_entregas_2025_2026_assinado_copi   504.0KB
16:21:30 INFO     ✓ [ 31/132] mec_ptd_docdiretivo_2025-2026_sei_mec-5566673_copi   863.1KB
16:21:33 INFO     ✓ [ 32/132] mec_ptd_anexo-de-entregas_sei_mec-5576401_copia_ta   495.7KB
16:21:37 INFO     ✓ [ 33/132] mec_ptd_docdiretivo-versao-comunicacao_copia_tarja  1616.5KB
16:21:39 INFO     ✓ [ 34/132] md_ptd_2026_2027_anexo_de_entregas_assinado_assina   579.4KB
16:21:42 INFO     ✓ [ 35/132] md_ptd_2026_2027_anexo_de_entregas_assinado_assina   186.8KB
16:21:45 INFO     ✓ [ 36/132] md_ptd_temp_copia_tarjada.pdf                        741.9KB
16:21:48 INFO     ✓ [ 37/132] cgu_ptd_docdiretivo_assinado_assinado_assinado-cop  1085.4KB
16:21:50 INFO     ✓ [ 38/132] cgu_ptd_anexo_de_entregas_pactuadas_assinado_assin   514.1KB
16:21:53 INFO     ✓ [ 39/132] cnpq_ptd_2025_2027_docdiretivo_assinado_assinado_a   342.9KB
16:21:55 INFO     ✓ [ 40/132] cnpq_ptd_2025_2027_anexo_de_entregas_assinado_assi   136.1KB
16:21:58 INFO     ✓ [ 41/132] coaf_ptd_2025_2026_documento_diretivo_assinado_ass  1068.0KB
16:22:04 INFO     ✓ [ 42/132] coaf_ptd_2025_2026_anexo_de_entregas-2_assinado_as  3184.5KB
16:22:10 INFO     ✓ [ 43/132] ptd_midr-docdiretivo_aprovado_assinado_tarjado.pdf  3864.1KB
16:22:13 INFO     ✓ [ 44/132] ptd_midr_-_anexo_de_entregas_-_aprovado_assinado.p  1122.0KB
16:22:16 INFO     ✓ [ 45/132] mda-documento-diretivo-assinado_ptd-2025-207-copia   955.8KB
16:22:18 INFO     ✓ [ 46/132] cvm_ptd_2025_2027_docdiretivo_assinado_assinado_as   270.5KB
16:22:21 INFO     ✓ [ 47/132] cvm_ptd_2025_2027_anexoentregas_assinado_assinado_   409.0KB
16:22:24 INFO     ✓ [ 48/132] dnocs_ptd_doc_diretivo_2025_2026_assinado_orgao-2_   891.1KB
16:22:26 INFO     ✓ [ 49/132] dnocs_anexo_de_entregas_repactuado_2025_2026_assin   272.3KB
16:22:32 INFO     ✓ [ 50/132] fbn_ptd_2025_2027_docdiretivo_assinado-1_tarjado.p  2921.6KB
16:22:34 INFO     ✓ [ 51/132] fbn_ptd_2025_2027_anexo_de_entregas_assinado-1.pdf   162.3KB
16:22:38 INFO     ✓ [ 52/132] fcp_ptd_2025_2027_docdiretivo_assinado-1_tarjado.p  1612.0KB
16:22:40 INFO     ✓ [ 53/132] fcp_ptd_2025_2027_anexo_de_entregas_assinado-1.pdf   118.8KB
16:22:43 INFO     ✓ [ 54/132] fcrb_ptd_2025_2026_docdiretivo_aprovado_assinado-1   998.2KB
16:22:45 INFO     ✓ [ 55/132] fcrb_ptd_2025_2026_anexo_de_entregas_aprovado_assi   313.5KB
16:22:49 INFO     ✓ [ 56/132] fiocruz_novo-ptd_2-1_docdiretivo_repactuacao_2024-  1318.1KB
16:22:51 INFO     ✓ [ 57/132] fiocruz_ptd_anexo_de_entregas_assinado_v1_assinado   257.1KB
16:22:55 INFO     ✓ [ 58/132] fiocruz-ptd-06_2024-copia_tarjada.pdf               1693.8KB
16:22:59 INFO     ✓ [ 59/132] funai_ptd_2025_2027_docdiretivo_assinado-1_tarjado  1842.1KB
16:23:02 INFO     ✓ [ 60/132] funai_anexo_de_entregas_repactuado_2026_2027_assin   435.7KB
16:23:05 INFO     ✓ [ 61/132] funarte_ptd_docdiretivo_assinado_21_01_2025_assina   965.7KB
16:23:07 INFO     ✓ [ 62/132] funarte_ptd_anexo_de_entregas_assinado_v1_assinado   683.6KB
16:23:10 INFO     ✓ [ 63/132] fundacentro_ptd_2025_2027_docdiretivo_assinado_ass   826.6KB
16:23:13 INFO     ✓ [ 64/132] fundacentro_ptd_2025_2027_anexo_de_entregas_assina   635.5KB
16:23:16 INFO     ✓ [ 65/132] mma_ptd_docdiretivo_assinado_2025_2026-1_assinado_   949.3KB
16:23:18 INFO     ✓ [ 66/132] mma_ptd_anexo_de_entregas_aprovado_final_assinado_   174.8KB
16:23:22 INFO     ✓ [ 67/132] ibge_docdiretivo_2025_assinado_assinado_assinado-c  1167.3KB
16:23:24 INFO     ✓ [ 68/132] ibge_ptd_25_26_anexo_de_entregas_modelo_v2-1_assin   143.7KB
16:23:34 INFO     ✓ [ 69/132] incra_ptd_docdiretivo__assinado-1_assinado_assinad  7182.0KB
16:23:37 INFO     ✓ [ 70/132] incra_anexo_de_entregas_assinado-1_assinado_assina  1818.6KB
16:23:43 INFO     ✓ [ 71/132] inpi_ptd_docdiretivo_assinado_2025_2026_assinado_a  3322.4KB
16:23:48 INFO     ✓ [ 72/132] inpi_ptd_anexo_de_entregas_assinado_v1_assinado_as  3078.1KB
16:23:52 INFO     ✓ [ 73/132] inss_ptd_2025_2027_docdiretivo-assinado-copia_tarj  1173.3KB
16:23:54 INFO     ✓ [ 74/132] inss_ptd_2025_2027_anexo_de_entregas-assinado-copi   110.8KB
16:23:57 INFO     ✓ [ 75/132] iphan_ptd_docdiretivo_assinado_2025_2026_assinado_   885.7KB
16:23:59 INFO     ✓ [ 76/132] iphan_ptd_anexo_de_entregas_assinado_v1_assinado_a   310.9KB
16:24:06 INFO     ✓ [ 77/132] iti_doc_diretivo_assinado-1_tarjado.pdf             4905.1KB
16:24:09 INFO     ✓ [ 78/132] iti_anexo_de_entregas_assinado.pdf                   556.4KB
16:24:13 INFO     ✓ [ 79/132] mapa_ptd_2025_2027_docdiretivo_assinado-1_tarjado.  1740.9KB
16:24:15 INFO     ✓ [ 80/132] mapa_ptd_2025_2027_anexo_de_entregas_assinado-1.pd   261.9KB
16:24:22 INFO     ✓ [ 81/132] documento-diretivo-mcom-_-ptd-25_27-copia_tarjada.  4451.9KB
16:24:25 INFO     ✓ [ 82/132] anexo-de-entregas-mcom_ptd-25_27-copia_tarjada.pdf  1213.8KB
16:24:30 INFO     ✓ [ 83/132] ptd_21_24_mcom-copia_tarjada.pdf                    3040.7KB
16:24:33 INFO     ✓ [ 84/132] mcti_ptd_2025-2027_docdiretivo_assinado-copia_tarj  1030.7KB
16:24:36 INFO     ✓ [ 85/132] mcti_ptd_2025-2027_anexo-de-entregas_assinado-copi   145.8KB
16:24:38 INFO     ✓ [ 86/132] mda-anexo-entregas-assinado_ptd-2025-2027-copia-ta   284.6KB
16:24:41 INFO     ✓ [ 87/132] mdhc_ptd_2025_2027_docdiretivo_assinado_assinado_a   753.4KB
16:24:43 INFO     ✓ [ 88/132] mdhc_ptd_2025_2027_anexoentregas_assinado_assinado   186.8KB
16:24:45 INFO     ✓ [ 89/132] mdic_ptd_anexo_de_entregas_assinado_v1_assinado_as   176.6KB
16:24:49 INFO     ✓ [ 90/132] memp_ptd_2025_2026_docdiretivo_assinado_assinado_a  1030.1KB
16:24:51 INFO     ✓ [ 91/132] memp_ptd_2025_2026_anexo_de_entregas_assinado_assi   161.5KB
16:24:54 INFO     ✓ [ 92/132] mesp_ptd_2025_2027_docdiretivo_assinado_assinado_2  1147.7KB
16:24:56 INFO     ✓ [ 93/132] mesp_ptd_2025_2027_anexo_de_entregas_assinado_assi   226.6KB
16:24:59 INFO     ✓ [ 94/132] mf_ptd_2026_2027_documentodiretivo_assinado_assina   955.1KB
16:25:02 INFO     ✓ [ 95/132] mf_ptd_2026_2027_anexo_de_entregas_1_mf_se_assinad   241.2KB
16:25:04 INFO     ✓ [ 96/132] mgi_ptd_2025_2027_docdiretivo_assinado_assinado_as   375.2KB
16:25:07 INFO     ✓ [ 97/132] mgi_ptd_2025_2027_anexo_de_entregas_assinado_assin   256.1KB
16:25:10 INFO     ✓ [ 98/132] minc_ptd_2025_2027_docdiretivo_assinado-1_assinado   863.6KB
16:25:12 INFO     ✓ [ 99/132] minc_ptd_2025_2027_anexo_de_entregas_assinado-1_as   276.7KB
16:25:15 INFO     ✓ [100/132] mjsp_ptd_docdiretivo_assinado_2025_2026_assinado_a   954.0KB
16:25:17 INFO     ✓ [101/132] mjsp_ptd_anexo_de_entregas_assinado_v1_assinado_as   253.9KB
16:25:20 INFO     ✓ [102/132] mme_ptd_2025_2027_docdiretivo_assinado-copia_tarja   664.5KB
16:25:22 INFO     ✓ [103/132] mme_ptd_2025_2027_anexo_de_entregas_assinado__1_-c   111.1KB
16:25:26 INFO     ✓ [104/132] mmulheres_ptd_2025_2027_docdiretivo_assinado_assin  1078.3KB
16:25:28 INFO     ✓ [105/132] mmulheres_ptd_2025_2027_anexo_de_entregas_assinado   216.9KB
16:25:31 INFO     ✓ [106/132] mpi_ptd_2025_2027_docdiretivo_ministerio_dos_povos   947.9KB
16:25:34 INFO     ✓ [107/132] mpi_ptd_anexo_de_entregas_do_plano_de_tranformacao   191.9KB
16:25:37 INFO     ✓ [108/132] mpo_ptd_docdiretivo_assinado_2025_2026_assinado_as   806.3KB
16:25:39 INFO     ✓ [109/132] mpo_ptd_anexo_de_entregas_assinado_v1_assinado_ass   323.2KB
16:25:42 INFO     ✓ [110/132] mpor_ptd_2025_2027_docdiretivo_assinado_assinado_a   876.5KB
16:25:44 INFO     ✓ [111/132] mpor_ptd_2025_2027_anexo_de_entregas_assinado_assi   175.1KB
16:25:48 INFO     ✓ [112/132] mps_ptd_2025-2026_docdiretivo_final_assinado-1_ass  1024.4KB
16:25:50 INFO     ✓ [113/132] mps_ptd_2025-2026_anexo_de_entregas_final_assinado   165.0KB
16:25:53 INFO     ✓ [114/132] mre_ptd_docdiretivo_assinado_2025_2026_assinado_as   760.9KB
16:25:55 INFO     ✓ [115/132] mre_ptd_anexo_de_entregas_assinado_v1_assinado_ass   233.2KB
16:25:58 INFO     ✓ [116/132] mte_ptd_2025_2026_docdiretivo_assinado_assinado_as   729.6KB
16:26:01 INFO     ✓ [117/132] mte_ptd_anexo_de_entregas_assinado_v1__281_29_assi   459.5KB
16:26:04 INFO     ✓ [118/132] mtur_ptd_docdiretiv_assinado_30_01_2025_assinado_a  1050.4KB
16:26:06 INFO     ✓ [119/132] mtur_ptd_anexo_de_entregas_assinado_30_01_2025_ass   118.8KB
16:26:09 INFO     ✓ [120/132] pf_ptd_docdiretivo_2025_2027_assinado-copia_tarjad   964.3KB
16:26:11 INFO     ✓ [121/132] pf_ptd_anexo_de_entregas_2025_2027_assinado-copia_    62.5KB
16:26:14 INFO     ✓ [122/132] mf_ptd_2026_2027_anexo_de_entregas_4_mf_pgfn_assin   466.8KB
16:26:23 INFO     ✓ [123/132] previc_plano_de_transformacao_digital_2025_2026_29  6652.7KB
16:26:25 INFO     ✓ [124/132] previc_ptd_repactuacao_2025-2026_assinado_assinado   182.9KB
16:26:28 INFO     ✓ [125/132] prf_documentodiretivo_ptd_2026-2027_assinado_tarja   535.9KB
16:26:30 INFO     ✓ [126/132] prf_anexo_de_entregas_do_ptd__2026_2027___ptd___en   157.7KB
16:26:33 INFO     ✓ [127/132] mf_ptd_2026_2027_anexo_de_entregas_2_mf_rfb_assina   253.7KB
16:26:36 INFO     ✓ [128/132] sgpr_ptd_2026_2027_docdiretivo_assinado-copia_tarj   791.2KB
16:26:39 INFO     ✓ [129/132] sgpr_ptd_2025_2027_anexo_de_entregas_assinado-copi   897.9KB
16:26:42 INFO     ✓ [130/132] mf_ptd_2026_2027_anexo_de_entregas_3_mf_stn_assina   467.8KB
16:26:45 INFO     ✓ [131/132] susep_ptd_2025_2027_docdiretivo-assinado-copia_tar  1030.1KB
16:26:47 INFO     ✓ [132/132] susep_ptd_2025-2026_anexo_de_entregas_final_assina   221.9KB
16:26:49 INFO     132 OK | 0 erros | 123.3 MB total
16:26:54 INFO     Sanity: 132 PDFs | 113 texto | 19 imagem/OCR | 0 duplicatas
16:26:54 INFO     --siglas (debug): 15 PDFs de ['AGU', 'FIOCRUZ', 'FUNAI', 'FUNDACENTRO', 'INCRA', 'ITI', 'MCOM', 'SGPR']
16:26:54 INFO     DocumentConverter instanciado (singleton × 2: plain + OCR)
16:26:54 INFO     [1/15] → agu_ptd_2025_2027_anexo_de_entregas_assinado_assinado_assinado-copia_tarjada.pdf
16:26:54 INFO     detected formats: [<InputFormat.PDF: 'pdf'>]
16:26:54 INFO     Going to convert document batch...
16:26:54 INFO     Initializing pipeline for StandardPdfPipeline with options hash bc6794697da537796efc497178f9263f
16:26:54 INFO     Loading plugin 'docling_defaults'
16:26:54 INFO     Registered picture descriptions: ['picture_description_vlm_engine', 'vlm', 'api']
16:26:54 INFO     Loading plugin 'docling_defaults'
16:26:54 INFO     Registered ocr engines: ['auto', 'easyocr', 'kserve_v2_ocr', 'ocrmac', 'rapidocr', 'tesserocr', 'tesseract']
16:26:54 INFO     command: tesseract --list-langs
16:26:54 INFO     Loading plugin 'docling_defaults'
16:26:54 INFO     Registered layout engines: ['layout_object_detection', 'docling_layout_default', 'docling_experimental_table_crops_layout']
16:26:54 INFO     Accelerator device: 'cpu'
16:26:54 INFO     HTTP Request: GET https://huggingface.co/api/models/docling-project/docling-layout-heron/revision/main "HTTP/1.1 200 OK"
16:26:54 INFO     HTTP Request: HEAD https://huggingface.co/docling-project/docling-layout-heron/resolve/8f39ad3c0b4c58e9c2d2c84a38465abf757272d8/README.md "HTTP/1.1 307 Temporary Redirect"
16:26:54 WARNING  Warning: You are sending unauthenticated requests to the HF Hub. Please set a HF_TOKEN to enable higher rate limits and faster downloads.
16:26:54 INFO     HTTP Request: HEAD https://huggingface.co/api/resolve-cache/models/docling-project/docling-layout-heron/8f39ad3c0b4c58e9c2d2c84a38465abf757272d8/README.md "HTTP/1.1 200 OK"
16:26:54 INFO     HTTP Request: HEAD https://huggingface.co/docling-project/docling-layout-heron/resolve/8f39ad3c0b4c58e9c2d2c84a38465abf757272d8/docling_heron_400.png "HTTP/1.1 307 Temporary Redirect"
16:26:54 INFO     HTTP Request: HEAD https://huggingface.co/docling-project/docling-layout-heron/resolve/8f39ad3c0b4c58e9c2d2c84a38465abf757272d8/config.json "HTTP/1.1 307 Temporary Redirect"
16:26:54 INFO     HTTP Request: HEAD https://huggingface.co/docling-project/docling-layout-heron/resolve/8f39ad3c0b4c58e9c2d2c84a38465abf757272d8/.gitattributes "HTTP/1.1 307 Temporary Redirect"
16:26:54 INFO     HTTP Request: HEAD https://huggingface.co/docling-project/docling-layout-heron/resolve/8f39ad3c0b4c58e9c2d2c84a38465abf757272d8/model.safetensors "HTTP/1.1 302 Found"
16:26:54 INFO     HTTP Request: HEAD https://huggingface.co/docling-project/docling-layout-heron/resolve/8f39ad3c0b4c58e9c2d2c84a38465abf757272d8/preprocessor_config.json "HTTP/1.1 307 Temporary Redirect"
16:26:54 INFO     HTTP Request: GET https://huggingface.co/api/resolve-cache/models/docling-project/docling-layout-heron/8f39ad3c0b4c58e9c2d2c84a38465abf757272d8/README.md "HTTP/1.1 200 OK"
16:26:54 INFO     HTTP Request: HEAD https://huggingface.co/api/resolve-cache/models/docling-project/docling-layout-heron/8f39ad3c0b4c58e9c2d2c84a38465abf757272d8/docling_heron_400.png "HTTP/1.1 200 OK"
16:26:54 INFO     HTTP Request: HEAD https://huggingface.co/api/resolve-cache/models/docling-project/docling-layout-heron/8f39ad3c0b4c58e9c2d2c84a38465abf757272d8/config.json "HTTP/1.1 200 OK"
16:26:54 INFO     HTTP Request: HEAD https://huggingface.co/api/resolve-cache/models/docling-project/docling-layout-heron/8f39ad3c0b4c58e9c2d2c84a38465abf757272d8/preprocessor_config.json "HTTP/1.1 200 OK"
16:26:54 INFO     HTTP Request: HEAD https://huggingface.co/api/resolve-cache/models/docling-project/docling-layout-heron/8f39ad3c0b4c58e9c2d2c84a38465abf757272d8/.gitattributes "HTTP/1.1 200 OK"
16:26:54 INFO     HTTP Request: GET https://huggingface.co/api/resolve-cache/models/docling-project/docling-layout-heron/8f39ad3c0b4c58e9c2d2c84a38465abf757272d8/docling_heron_400.png "HTTP/1.1 200 OK"
16:26:54 INFO     HTTP Request: GET https://huggingface.co/api/resolve-cache/models/docling-project/docling-layout-heron/8f39ad3c0b4c58e9c2d2c84a38465abf757272d8/config.json "HTTP/1.1 200 OK"
16:26:54 INFO     HTTP Request: GET https://huggingface.co/api/resolve-cache/models/docling-project/docling-layout-heron/8f39ad3c0b4c58e9c2d2c84a38465abf757272d8/preprocessor_config.json "HTTP/1.1 200 OK"
16:26:54 INFO     HTTP Request: GET https://huggingface.co/api/resolve-cache/models/docling-project/docling-layout-heron/8f39ad3c0b4c58e9c2d2c84a38465abf757272d8/.gitattributes "HTTP/1.1 200 OK"
16:26:54 INFO     HTTP Request: GET https://huggingface.co/api/models/docling-project/docling-layout-heron/xet-read-token/8f39ad3c0b4c58e9c2d2c84a38465abf757272d8 "HTTP/1.1 200 OK"
16:26:56 INFO     Loading plugin 'docling_defaults'
16:26:56 INFO     Registered table structure engines: ['docling_tableformer', 'docling_tableformer_v2']
16:26:56 INFO     HTTP Request: GET https://huggingface.co/api/models/docling-project/docling-models/revision/v2.3.0 "HTTP/1.1 200 OK"
16:26:56 INFO     HTTP Request: HEAD https://huggingface.co/docling-project/docling-models/resolve/fc0f2d45e2218ea24bce5045f58a389aed16dc23/.gitignore "HTTP/1.1 307 Temporary Redirect"
16:26:56 INFO     HTTP Request: HEAD https://huggingface.co/docling-project/docling-models/resolve/fc0f2d45e2218ea24bce5045f58a389aed16dc23/.gitattributes "HTTP/1.1 307 Temporary Redirect"
16:26:56 INFO     HTTP Request: HEAD https://huggingface.co/docling-project/docling-models/resolve/fc0f2d45e2218ea24bce5045f58a389aed16dc23/model_artifacts/tableformer/accurate/tableformer_accurate.safetensors "HTTP/1.1 302 Found"
16:26:56 INFO     HTTP Request: HEAD https://huggingface.co/docling-project/docling-models/resolve/fc0f2d45e2218ea24bce5045f58a389aed16dc23/model_artifacts/tableformer/accurate/tm_config.json "HTTP/1.1 307 Temporary Redirect"
16:26:56 INFO     HTTP Request: HEAD https://huggingface.co/docling-project/docling-models/resolve/fc0f2d45e2218ea24bce5045f58a389aed16dc23/config.json "HTTP/1.1 307 Temporary Redirect"
16:26:56 INFO     HTTP Request: HEAD https://huggingface.co/docling-project/docling-models/resolve/fc0f2d45e2218ea24bce5045f58a389aed16dc23/README.md "HTTP/1.1 307 Temporary Redirect"
16:26:56 INFO     HTTP Request: HEAD https://huggingface.co/api/resolve-cache/models/docling-project/docling-models/fc0f2d45e2218ea24bce5045f58a389aed16dc23/.gitignore "HTTP/1.1 200 OK"
16:26:56 INFO     HTTP Request: HEAD https://huggingface.co/api/resolve-cache/models/docling-project/docling-models/fc0f2d45e2218ea24bce5045f58a389aed16dc23/model_artifacts%2Ftableformer%2Faccurate%2Ftm_config.json "HTTP/1.1 200 OK"
16:26:56 INFO     HTTP Request: HEAD https://huggingface.co/api/resolve-cache/models/docling-project/docling-models/fc0f2d45e2218ea24bce5045f58a389aed16dc23/.gitattributes "HTTP/1.1 200 OK"
16:26:56 INFO     HTTP Request: HEAD https://huggingface.co/api/resolve-cache/models/docling-project/docling-models/fc0f2d45e2218ea24bce5045f58a389aed16dc23/config.json "HTTP/1.1 200 OK"
16:26:56 INFO     HTTP Request: HEAD https://huggingface.co/api/resolve-cache/models/docling-project/docling-models/fc0f2d45e2218ea24bce5045f58a389aed16dc23/README.md "HTTP/1.1 200 OK"
16:26:56 INFO     HTTP Request: HEAD https://huggingface.co/docling-project/docling-models/resolve/fc0f2d45e2218ea24bce5045f58a389aed16dc23/model_artifacts/tableformer/fast/tm_config.json "HTTP/1.1 307 Temporary Redirect"
16:26:56 INFO     HTTP Request: GET https://huggingface.co/api/resolve-cache/models/docling-project/docling-models/fc0f2d45e2218ea24bce5045f58a389aed16dc23/.gitignore "HTTP/1.1 200 OK"
16:26:56 INFO     HTTP Request: HEAD https://huggingface.co/docling-project/docling-models/resolve/fc0f2d45e2218ea24bce5045f58a389aed16dc23/model_artifacts/tableformer/fast/tableformer_fast.safetensors "HTTP/1.1 302 Found"
16:26:56 INFO     HTTP Request: GET https://huggingface.co/api/models/docling-project/docling-models/xet-read-token/fc0f2d45e2218ea24bce5045f58a389aed16dc23 "HTTP/1.1 200 OK"
16:26:56 INFO     HTTP Request: GET https://huggingface.co/api/resolve-cache/models/docling-project/docling-models/fc0f2d45e2218ea24bce5045f58a389aed16dc23/.gitattributes "HTTP/1.1 200 OK"
16:26:56 INFO     HTTP Request: GET https://huggingface.co/api/resolve-cache/models/docling-project/docling-models/fc0f2d45e2218ea24bce5045f58a389aed16dc23/config.json "HTTP/1.1 200 OK"
16:26:56 INFO     HTTP Request: GET https://huggingface.co/api/resolve-cache/models/docling-project/docling-models/fc0f2d45e2218ea24bce5045f58a389aed16dc23/model_artifacts%2Ftableformer%2Faccurate%2Ftm_config.json "HTTP/1.1 200 OK"
16:26:56 INFO     HTTP Request: HEAD https://huggingface.co/api/resolve-cache/models/docling-project/docling-models/fc0f2d45e2218ea24bce5045f58a389aed16dc23/model_artifacts%2Ftableformer%2Ffast%2Ftm_config.json "HTTP/1.1 200 OK"
16:26:56 INFO     HTTP Request: GET https://huggingface.co/api/resolve-cache/models/docling-project/docling-models/fc0f2d45e2218ea24bce5045f58a389aed16dc23/README.md "HTTP/1.1 200 OK"
16:26:56 INFO     HTTP Request: GET https://huggingface.co/api/resolve-cache/models/docling-project/docling-models/fc0f2d45e2218ea24bce5045f58a389aed16dc23/model_artifacts%2Ftableformer%2Ffast%2Ftm_config.json "HTTP/1.1 200 OK"
16:26:58 INFO     Accelerator device: 'cpu'
16:26:58 INFO     Processing document agu_ptd_2025_2027_anexo_de_entregas_assinado_assinado_assinado-copia_tarjada.pdf
16:26:59 INFO     command: tesseract --psm 0 -l osd /tmp/tmpxu1pt2t2.png stdout
16:27:00 INFO     command: tesseract -l por /tmp/tmpxu1pt2t2.png stdout tsv
16:27:03 INFO     command: tesseract --psm 0 -l osd /tmp/tmpznd9tamh.png stdout
16:27:04 INFO     command: tesseract -l por /tmp/tmpznd9tamh.png stdout tsv
16:27:24 INFO     Finished converting document agu_ptd_2025_2027_anexo_de_entregas_assinado_assinado_assinado-copia_tarjada.pdf in 29.52 sec.
16:27:24 INFO       pixel_budget (Docling) agu_ptd_2025_2027_anexo_de_entregas_assinado_assinado_assinado-copia_tarjada.pdf: 45.8% (área tabelas/1001817 px²)
16:27:24 INFO     [1/15] ✓ AGU       :   33 entregas | 29.5s | ETA ~6min
16:27:24 INFO     [2/15] → agu_ptd_2025_2027_docdiretivo_assinado_assinado_assinado-copia_tarjada.pdf
16:27:24 INFO     detected formats: [<InputFormat.PDF: 'pdf'>]
16:27:24 INFO     Going to convert document batch...
16:27:24 INFO     Processing document agu_ptd_2025_2027_docdiretivo_assinado_assinado_assinado-copia_tarjada.pdf
16:27:24 INFO     command: tesseract --psm 0 -l osd /tmp/tmphe4r7bxx.png stdout
16:27:25 INFO     command: tesseract -l por /tmp/tmphe4r7bxx.png stdout tsv
16:27:26 INFO     command: tesseract --psm 0 -l osd /tmp/tmpeztf0d8b.png stdout
16:27:28 INFO     command: tesseract -l por /tmp/tmpeztf0d8b.png stdout tsv
16:27:33 INFO     command: tesseract --psm 0 -l osd /tmp/tmp_d4ypwcf.png stdout
16:27:33 INFO     command: tesseract -l por /tmp/tmp_d4ypwcf.png stdout tsv
16:27:36 INFO     command: tesseract --psm 0 -l osd /tmp/tmp_qsh7188.png stdout
16:27:36 INFO     command: tesseract -l por /tmp/tmp_qsh7188.png stdout tsv
16:27:39 INFO     command: tesseract --psm 0 -l osd /tmp/tmpisvi2zxa.png stdout
16:27:39 INFO     command: tesseract -l por /tmp/tmpisvi2zxa.png stdout tsv
16:27:42 INFO     command: tesseract --psm 0 -l osd /tmp/tmp9xipehi9.png stdout
16:27:43 INFO     command: tesseract -l por /tmp/tmp9xipehi9.png stdout tsv
16:27:53 INFO     command: tesseract --psm 0 -l osd /tmp/tmpmei2c51y.png stdout
16:27:53 INFO     command: tesseract -l por /tmp/tmpmei2c51y.png stdout tsv
16:27:55 INFO     command: tesseract --psm 0 -l osd /tmp/tmplu_fm53s.png stdout
16:27:56 INFO     command: tesseract -l por /tmp/tmplu_fm53s.png stdout tsv
16:27:59 INFO     command: tesseract --psm 0 -l osd /tmp/tmpnvx5ilbd.png stdout
16:27:59 INFO     command: tesseract -l por /tmp/tmpnvx5ilbd.png stdout tsv
16:28:02 INFO     command: tesseract --psm 0 -l osd /tmp/tmppofi8lhw.png stdout
16:28:03 INFO     command: tesseract -l por /tmp/tmppofi8lhw.png stdout tsv
16:28:18 INFO     command: tesseract --psm 0 -l osd /tmp/tmpl1t0kk45.png stdout
16:28:19 INFO     command: tesseract -l por /tmp/tmpl1t0kk45.png stdout tsv
16:28:22 INFO     Finished converting document agu_ptd_2025_2027_docdiretivo_assinado_assinado_assinado-copia_tarjada.pdf in 58.52 sec.
16:28:22 INFO       pixel_budget (Docling) agu_ptd_2025_2027_docdiretivo_assinado_assinado_assinado-copia_tarjada.pdf: 2.1% (área tabelas/5513330 px²)
16:28:22 INFO     [2/15] ✓ AGU       :    6 entregas | 58.5s | ETA ~9min
16:28:22 INFO     [3/15] → anexo-de-entregas-mcom_ptd-25_27-copia_tarjada.pdf
16:28:22 INFO     detected formats: [<InputFormat.PDF: 'pdf'>]
16:28:22 INFO     Going to convert document batch...
16:28:22 INFO     Processing document anexo-de-entregas-mcom_ptd-25_27-copia_tarjada.pdf
16:28:23 INFO     command: tesseract --psm 0 -l osd /tmp/tmp632cav26.png stdout
16:28:24 INFO     command: tesseract -l por /tmp/tmp632cav26.png stdout tsv
16:28:27 INFO     command: tesseract --psm 0 -l osd /tmp/tmp785h5jmx.png stdout
16:28:28 INFO     command: tesseract -l por /tmp/tmp785h5jmx.png stdout tsv
16:28:40 INFO     command: tesseract --psm 0 -l osd /tmp/tmp11autteb.png stdout
16:28:41 INFO     command: tesseract -l por /tmp/tmp11autteb.png stdout tsv
16:29:02 INFO     Finished converting document anexo-de-entregas-mcom_ptd-25_27-copia_tarjada.pdf in 39.32 sec.
16:29:02 INFO       pixel_budget (Docling) anexo-de-entregas-mcom_ptd-25_27-copia_tarjada.pdf: 55.2% (área tabelas/1503636 px²)
16:29:02 INFO     [3/15] ✓ MCOM      :   55 entregas | 39.3s | ETA ~8min
16:29:02 INFO     [4/15] → documento-diretivo-mcom-_-ptd-25_27-copia_tarjada.pdf
16:29:02 INFO     detected formats: [<InputFormat.PDF: 'pdf'>]
16:29:02 INFO     Going to convert document batch...
16:29:02 INFO     Processing document documento-diretivo-mcom-_-ptd-25_27-copia_tarjada.pdf
16:29:02 INFO     command: tesseract --psm 0 -l osd /tmp/tmp4qdd2aq3.png stdout
16:29:03 INFO     command: tesseract -l por /tmp/tmp4qdd2aq3.png stdout tsv
16:29:05 INFO     command: tesseract --psm 0 -l osd /tmp/tmpi218uzt7.png stdout
16:29:06 INFO     command: tesseract -l por /tmp/tmpi218uzt7.png stdout tsv
16:29:13 INFO     command: tesseract --psm 0 -l osd /tmp/tmp52xadehl.png stdout
16:29:13 INFO     command: tesseract -l por /tmp/tmp52xadehl.png stdout tsv
16:29:15 INFO     command: tesseract --psm 0 -l osd /tmp/tmpm9s9utwg.png stdout
16:29:15 INFO     command: tesseract -l por /tmp/tmpm9s9utwg.png stdout tsv
16:29:17 INFO     command: tesseract --psm 0 -l osd /tmp/tmp918_hzvb.png stdout
16:29:18 INFO     command: tesseract -l por /tmp/tmp918_hzvb.png stdout tsv
16:29:21 INFO     command: tesseract --psm 0 -l osd /tmp/tmpmwlxtgz0.png stdout
16:29:22 INFO     command: tesseract -l por /tmp/tmpmwlxtgz0.png stdout tsv
16:29:37 INFO     command: tesseract --psm 0 -l osd /tmp/tmp8lcqy5fd.png stdout
16:29:38 INFO     command: tesseract -l por /tmp/tmp8lcqy5fd.png stdout tsv
16:29:40 INFO     command: tesseract --psm 0 -l osd /tmp/tmp0n8jy9ne.png stdout
16:29:41 INFO     command: tesseract -l por /tmp/tmp0n8jy9ne.png stdout tsv
16:29:43 INFO     command: tesseract --psm 0 -l osd /tmp/tmpl67qpqqf.png stdout
16:29:44 INFO     command: tesseract -l por /tmp/tmpl67qpqqf.png stdout tsv
16:29:46 INFO     command: tesseract --psm 0 -l osd /tmp/tmpdgn01kx2.png stdout
16:29:47 INFO     command: tesseract -l por /tmp/tmpdgn01kx2.png stdout tsv
16:29:52 INFO     command: tesseract --psm 0 -l osd /tmp/tmpas7u0g79.png stdout
16:29:53 INFO     command: tesseract -l por /tmp/tmpas7u0g79.png stdout tsv
16:29:58 INFO     command: tesseract --psm 0 -l osd /tmp/tmpcb7ogg62.png stdout
16:29:59 INFO     command: tesseract -l por /tmp/tmpcb7ogg62.png stdout tsv
16:30:01 INFO     command: tesseract --psm 0 -l osd /tmp/tmpvm329_0p.png stdout
16:30:02 INFO     command: tesseract -l por /tmp/tmpvm329_0p.png stdout tsv
16:30:04 INFO     command: tesseract --psm 0 -l osd /tmp/tmpqgim6oph.png stdout
16:30:05 INFO     command: tesseract -l por /tmp/tmpqgim6oph.png stdout tsv
16:30:11 INFO     Finished converting document documento-diretivo-mcom-_-ptd-25_27-copia_tarjada.pdf in 68.98 sec.
16:30:11 INFO       pixel_budget (Docling) documento-diretivo-mcom-_-ptd-25_27-copia_tarjada.pdf: 10.8% (área tabelas/7016966 px²)
16:30:11 WARNING  [4/15] ⚠ MCOM      :    0 entregas | 69.0s | ETA ~9min
16:30:11 INFO     [5/15] → fiocruz-ptd-06_2024-copia_tarjada.pdf
16:30:11 INFO     detected formats: [<InputFormat.PDF: 'pdf'>]
16:30:11 INFO     Going to convert document batch...
16:30:11 INFO     Initializing pipeline for StandardPdfPipeline with options hash d18651824ca6fe56cf3ccb20424ac2c8
16:30:11 INFO     Accelerator device: 'cpu'
16:30:11 INFO     HTTP Request: GET https://huggingface.co/api/models/docling-project/docling-layout-heron/revision/main "HTTP/1.1 200 OK"
16:30:11 INFO     HTTP Request: GET https://huggingface.co/api/models/docling-project/docling-models/revision/v2.3.0 "HTTP/1.1 200 OK"
16:30:11 INFO     Accelerator device: 'cpu'
16:30:12 INFO     Processing document fiocruz-ptd-06_2024-copia_tarjada.pdf
16:31:19 INFO     Finished converting document fiocruz-ptd-06_2024-copia_tarjada.pdf in 68.78 sec.
16:31:19 INFO       pixel_budget (Docling) fiocruz-ptd-06_2024-copia_tarjada.pdf: 36.4% (área tabelas/7518178 px²)
16:31:19 WARNING  [5/15] ⚠ FIOCRUZ   :    0 entregas | 68.8s | ETA ~8min
16:31:19 INFO     [6/15] → fiocruz_novo-ptd_2-1_docdiretivo_repactuacao_2024-2026_assinado_assinado-copia_tarjada.pdf
16:31:19 INFO     detected formats: [<InputFormat.PDF: 'pdf'>]
16:31:19 INFO     Going to convert document batch...
16:31:19 INFO     Processing document fiocruz_novo-ptd_2-1_docdiretivo_repactuacao_2024-2026_assinado_assinado-copia_tarjada.pdf
16:31:37 INFO     Finished converting document fiocruz_novo-ptd_2-1_docdiretivo_repactuacao_2024-2026_assinado_assinado-copia_tarjada.pdf in 18.00 sec.
16:31:37 INFO       pixel_budget (Docling) fiocruz_novo-ptd_2-1_docdiretivo_repactuacao_2024-2026_assinado_assinado-copia_tarjada.pdf: 11.3% (área tabelas/5012118 px²)
16:31:37 WARNING  [6/15] ⚠ FIOCRUZ   :    0 entregas | 18.0s | ETA ~7min
16:31:37 INFO     [7/15] → fiocruz_ptd_anexo_de_entregas_assinado_v1_assinado_assinado-1-copia_tarjada.pdf
16:31:37 INFO     detected formats: [<InputFormat.PDF: 'pdf'>]
16:31:37 INFO     Going to convert document batch...
16:31:37 INFO     Processing document fiocruz_ptd_anexo_de_entregas_assinado_v1_assinado_assinado-1-copia_tarjada.pdf
16:32:09 INFO     Finished converting document fiocruz_ptd_anexo_de_entregas_assinado_v1_assinado_assinado-1-copia_tarjada.pdf in 31.78 sec.
16:32:09 INFO       pixel_budget (Docling) fiocruz_ptd_anexo_de_entregas_assinado_v1_assinado_assinado-1-copia_tarjada.pdf: 54.7% (área tabelas/2004847 px²)
16:32:09 INFO     [7/15] ✓ FIOCRUZ   :   62 entregas | 31.8s | ETA ~6min
16:32:09 INFO     [8/15] → funai_anexo_de_entregas_repactuado_2026_2027_assinado_assinado_assinado.pdf
16:32:09 INFO     detected formats: [<InputFormat.PDF: 'pdf'>]
16:32:09 INFO     Going to convert document batch...
16:32:09 INFO     Processing document funai_anexo_de_entregas_repactuado_2026_2027_assinado_assinado_assinado.pdf
16:32:10 INFO     command: tesseract --psm 0 -l osd /tmp/tmpsp7k2gl9.png stdout
16:32:11 INFO     command: tesseract -l por /tmp/tmpsp7k2gl9.png stdout tsv
16:32:24 INFO     Finished converting document funai_anexo_de_entregas_repactuado_2026_2027_assinado_assinado_assinado.pdf in 14.96 sec.
16:32:24 INFO       pixel_budget (Docling) funai_anexo_de_entregas_repactuado_2026_2027_assinado_assinado_assinado.pdf: 49.8% (área tabelas/501212 px²)
16:32:24 INFO     [8/15] ✓ FUNAI     :   22 entregas | 15.0s | ETA ~4min
16:32:24 INFO     [9/15] → funai_ptd_2025_2027_docdiretivo_assinado-1_tarjado.pdf
16:32:24 INFO     detected formats: [<InputFormat.PDF: 'pdf'>]
16:32:24 INFO     Going to convert document batch...
16:32:24 INFO     Processing document funai_ptd_2025_2027_docdiretivo_assinado-1_tarjado.pdf
16:32:26 INFO     command: tesseract --psm 0 -l osd /tmp/tmpg6x_d7xc.png stdout
16:32:26 INFO     command: tesseract -l por /tmp/tmpg6x_d7xc.png stdout tsv
16:32:27 INFO     command: tesseract --psm 0 -l osd /tmp/tmp7k6y4s4b.png stdout
16:32:29 INFO     command: tesseract -l por /tmp/tmp7k6y4s4b.png stdout tsv
16:32:33 INFO     command: tesseract --psm 0 -l osd /tmp/tmppt4avu8m.png stdout
16:32:33 INFO     command: tesseract -l por /tmp/tmppt4avu8m.png stdout tsv
16:32:35 INFO     command: tesseract --psm 0 -l osd /tmp/tmpx3_swfkd.png stdout
16:32:36 INFO     command: tesseract -l por /tmp/tmpx3_swfkd.png stdout tsv
16:32:38 INFO     command: tesseract --psm 0 -l osd /tmp/tmpzebb1s0l.png stdout
16:32:38 INFO     command: tesseract -l por /tmp/tmpzebb1s0l.png stdout tsv
16:32:41 INFO     command: tesseract --psm 0 -l osd /tmp/tmpgiwm_h4y.png stdout
16:32:42 INFO     command: tesseract -l por /tmp/tmpgiwm_h4y.png stdout tsv
16:32:53 INFO     command: tesseract --psm 0 -l osd /tmp/tmpwk0xha2u.png stdout
16:32:54 INFO     command: tesseract -l por /tmp/tmpwk0xha2u.png stdout tsv
16:32:55 INFO     command: tesseract --psm 0 -l osd /tmp/tmpkj19d9_w.png stdout
16:32:56 INFO     command: tesseract -l por /tmp/tmpkj19d9_w.png stdout tsv
16:32:57 INFO     command: tesseract --psm 0 -l osd /tmp/tmpd2j9jj96.png stdout
16:32:58 INFO     command: tesseract -l por /tmp/tmpd2j9jj96.png stdout tsv
16:33:00 INFO     command: tesseract --psm 0 -l osd /tmp/tmptljnf0_2.png stdout
16:33:01 INFO     command: tesseract -l por /tmp/tmptljnf0_2.png stdout tsv
16:33:20 INFO     command: tesseract --psm 0 -l osd /tmp/tmpfmta8b5w.png stdout
16:33:21 INFO     command: tesseract -l por /tmp/tmpfmta8b5w.png stdout tsv
16:33:23 INFO     command: tesseract --psm 0 -l osd /tmp/tmp9wavvpmg.png stdout
16:33:24 INFO     command: tesseract -l por /tmp/tmp9wavvpmg.png stdout tsv
16:33:26 INFO     command: tesseract --psm 0 -l osd /tmp/tmpnnzeixf0.png stdout
16:33:26 INFO     command: tesseract -l por /tmp/tmpnnzeixf0.png stdout tsv
16:33:33 INFO     Finished converting document funai_ptd_2025_2027_docdiretivo_assinado-1_tarjado.pdf in 68.74 sec.
16:33:33 INFO       pixel_budget (Docling) funai_ptd_2025_2027_docdiretivo_assinado-1_tarjado.pdf: 16.4% (área tabelas/6515754 px²)
16:33:33 INFO     [9/15] ✓ FUNAI     :    8 entregas | 68.8s | ETA ~4min
16:33:33 INFO     [10/15] → incra_anexo_de_entregas_assinado-1_assinado_assinado-copia_tarjada.pdf
16:33:33 INFO     detected formats: [<InputFormat.PDF: 'pdf'>]
16:33:33 INFO     Going to convert document batch...
16:33:33 INFO     Processing document incra_anexo_de_entregas_assinado-1_assinado_assinado-copia_tarjada.pdf
16:33:34 INFO     command: tesseract --psm 0 -l osd /tmp/tmpix1icfu8.png stdout
16:33:35 INFO     command: tesseract -l por /tmp/tmpix1icfu8.png stdout tsv
16:33:38 INFO     command: tesseract --psm 0 -l osd /tmp/tmp73002u4v.png stdout
16:33:39 INFO     command: tesseract -l por /tmp/tmp73002u4v.png stdout tsv
16:33:43 INFO     command: tesseract --psm 0 -l osd /tmp/tmpvqahwbeo.png stdout
16:33:44 INFO     command: tesseract -l por /tmp/tmpvqahwbeo.png stdout tsv
16:33:48 INFO     command: tesseract --psm 0 -l osd /tmp/tmp98of3h2s.png stdout
16:33:49 INFO     command: tesseract -l por /tmp/tmp98of3h2s.png stdout tsv
16:33:51 INFO     command: tesseract --psm 0 -l osd /tmp/tmp8jb5zjzf.png stdout
16:33:52 INFO     command: tesseract -l por /tmp/tmp8jb5zjzf.png stdout tsv
16:35:21 INFO     Finished converting document incra_anexo_de_entregas_assinado-1_assinado_assinado-copia_tarjada.pdf in 108.26 sec.
16:35:21 INFO       pixel_budget (Docling) incra_anexo_de_entregas_assinado-1_assinado_assinado-copia_tarjada.pdf: 30.0% (área tabelas/2423520 px²)
16:35:21 INFO     [10/15] ✓ INCRA     :   11 entregas | 108.3s | ETA ~4min
16:35:21 INFO     [11/15] → incra_ptd_docdiretivo__assinado-1_assinado_assinado-copia_tarjada.pdf
16:35:21 INFO     detected formats: [<InputFormat.PDF: 'pdf'>]
16:35:21 INFO     Going to convert document batch...
16:35:21 INFO     Processing document incra_ptd_docdiretivo__assinado-1_assinado_assinado-copia_tarjada.pdf
16:35:22 INFO     command: tesseract --psm 0 -l osd /tmp/tmpcrzjghcu.png stdout
16:35:23 INFO     command: tesseract -l por /tmp/tmpcrzjghcu.png stdout tsv
16:35:25 INFO     command: tesseract --psm 0 -l osd /tmp/tmpwyqtms7j.png stdout
16:35:26 INFO     command: tesseract -l por /tmp/tmpwyqtms7j.png stdout tsv
16:35:33 INFO     command: tesseract --psm 0 -l osd /tmp/tmppbg92mcv.png stdout
16:35:34 INFO     command: tesseract -l por /tmp/tmppbg92mcv.png stdout tsv
16:35:36 INFO     command: tesseract --psm 0 -l osd /tmp/tmp9agmbb5g.png stdout
16:35:36 INFO     command: tesseract -l por /tmp/tmp9agmbb5g.png stdout tsv
16:35:38 INFO     command: tesseract --psm 0 -l osd /tmp/tmpvj16ushq.png stdout
16:35:39 INFO     command: tesseract -l por /tmp/tmpvj16ushq.png stdout tsv
16:35:41 INFO     command: tesseract --psm 0 -l osd /tmp/tmpz8uqsqy5.png stdout
16:35:42 INFO     command: tesseract -l por /tmp/tmpz8uqsqy5.png stdout tsv
16:35:52 INFO     command: tesseract --psm 0 -l osd /tmp/tmpvz77yp5e.png stdout
16:35:53 INFO     command: tesseract -l por /tmp/tmpvz77yp5e.png stdout tsv
16:35:56 INFO     command: tesseract --psm 0 -l osd /tmp/tmp474ey75y.png stdout
16:35:57 INFO     command: tesseract -l por /tmp/tmp474ey75y.png stdout tsv
16:35:58 INFO     command: tesseract --psm 0 -l osd /tmp/tmptesfnsi4.png stdout
16:35:59 INFO     command: tesseract -l por /tmp/tmptesfnsi4.png stdout tsv
16:36:01 INFO     command: tesseract --psm 0 -l osd /tmp/tmpswnm0767.png stdout
16:36:02 INFO     command: tesseract -l por /tmp/tmpswnm0767.png stdout tsv
16:36:08 INFO     command: tesseract --psm 0 -l osd /tmp/tmp3u89f2iq.png stdout
16:36:09 INFO     command: tesseract -l por /tmp/tmp3u89f2iq.png stdout tsv
16:36:18 INFO     command: tesseract --psm 0 -l osd /tmp/tmpypougnrx.png stdout
16:36:19 INFO     command: tesseract -l por /tmp/tmpypougnrx.png stdout tsv
16:36:21 INFO     command: tesseract --psm 0 -l osd /tmp/tmpl1k2gxt_.png stdout
16:36:21 INFO     command: tesseract -l por /tmp/tmpl1k2gxt_.png stdout tsv
16:36:29 INFO     Finished converting document incra_ptd_docdiretivo__assinado-1_assinado_assinado-copia_tarjada.pdf in 67.82 sec.
16:36:29 INFO       pixel_budget (Docling) incra_ptd_docdiretivo__assinado-1_assinado_assinado-copia_tarjada.pdf: 20.2% (área tabelas/6515754 px²)
16:36:29 INFO     [11/15] ✓ INCRA     :    9 entregas | 67.8s | ETA ~3min
16:36:29 INFO     [12/15] → iti_anexo_de_entregas_assinado.pdf
16:36:29 INFO     detected formats: [<InputFormat.PDF: 'pdf'>]
16:36:29 INFO     Going to convert document batch...
16:36:29 INFO     Processing document iti_anexo_de_entregas_assinado.pdf
16:36:30 INFO     command: tesseract --psm 0 -l osd /tmp/tmpf7a6jci7.png stdout
16:36:31 INFO     command: tesseract -l por /tmp/tmpf7a6jci7.png stdout tsv
16:36:46 INFO     Finished converting document iti_anexo_de_entregas_assinado.pdf in 17.41 sec.
16:36:46 INFO       pixel_budget (Docling) iti_anexo_de_entregas_assinado.pdf: 57.2% (área tabelas/501212 px²)
16:36:46 INFO     [12/15] ✓ ITI       :   31 entregas | 17.4s | ETA ~2min
16:36:46 INFO     [13/15] → iti_doc_diretivo_assinado-1_tarjado.pdf
16:36:46 INFO     detected formats: [<InputFormat.PDF: 'pdf'>]
16:36:46 INFO     Going to convert document batch...
16:36:46 INFO     Processing document iti_doc_diretivo_assinado-1_tarjado.pdf
16:36:47 INFO     command: tesseract --psm 0 -l osd /tmp/tmpx286nzck.png stdout
16:36:48 INFO     command: tesseract -l por /tmp/tmpx286nzck.png stdout tsv
16:36:51 INFO     command: tesseract --psm 0 -l osd /tmp/tmpd89xm78e.png stdout
16:36:52 INFO     command: tesseract -l por /tmp/tmpd89xm78e.png stdout tsv
16:36:57 INFO     command: tesseract --psm 0 -l osd /tmp/tmpxc2_jaxa.png stdout
16:36:58 INFO     command: tesseract -l por /tmp/tmpxc2_jaxa.png stdout tsv
16:37:00 INFO     command: tesseract --psm 0 -l osd /tmp/tmphque6_r7.png stdout
16:37:00 INFO     command: tesseract -l por /tmp/tmphque6_r7.png stdout tsv
16:37:02 INFO     command: tesseract --psm 0 -l osd /tmp/tmpag60fz8b.png stdout
16:37:03 INFO     command: tesseract -l por /tmp/tmpag60fz8b.png stdout tsv
16:37:05 INFO     command: tesseract --psm 0 -l osd /tmp/tmp5q5m3p9j.png stdout
16:37:06 INFO     command: tesseract -l por /tmp/tmp5q5m3p9j.png stdout tsv
16:37:23 INFO     command: tesseract --psm 0 -l osd /tmp/tmpuerkq7ya.png stdout
16:37:23 INFO     command: tesseract -l por /tmp/tmpuerkq7ya.png stdout tsv
16:37:25 INFO     command: tesseract --psm 0 -l osd /tmp/tmpk8qgi2vv.png stdout
16:37:26 INFO     command: tesseract -l por /tmp/tmpk8qgi2vv.png stdout tsv
16:37:28 INFO     command: tesseract --psm 0 -l osd /tmp/tmpbfhe3b56.png stdout
16:37:29 INFO     command: tesseract -l por /tmp/tmpbfhe3b56.png stdout tsv
16:37:31 INFO     command: tesseract --psm 0 -l osd /tmp/tmpj6gm_mq7.png stdout
16:37:32 INFO     command: tesseract -l por /tmp/tmpj6gm_mq7.png stdout tsv
16:37:41 INFO     command: tesseract --psm 0 -l osd /tmp/tmpjwqnu_te.png stdout
16:37:42 INFO     command: tesseract -l por /tmp/tmpjwqnu_te.png stdout tsv
16:37:47 INFO     Finished converting document iti_doc_diretivo_assinado-1_tarjado.pdf in 60.13 sec.
16:37:47 INFO       pixel_budget (Docling) iti_doc_diretivo_assinado-1_tarjado.pdf: 8.0% (área tabelas/5516339 px²)
16:37:47 INFO     [13/15] ✓ ITI       :    6 entregas | 60.1s | ETA ~1min
16:37:47 INFO     [14/15] → sgpr_ptd_2025_2027_anexo_de_entregas_assinado-copia_tarjada.pdf
16:37:47 INFO     detected formats: [<InputFormat.PDF: 'pdf'>]
16:37:47 INFO     Going to convert document batch...
16:37:47 INFO     Processing document sgpr_ptd_2025_2027_anexo_de_entregas_assinado-copia_tarjada.pdf
16:37:48 INFO     command: tesseract --psm 0 -l osd /tmp/tmp2hapb67s.png stdout
16:37:48 INFO     command: tesseract -l por /tmp/tmp2hapb67s.png stdout tsv
16:37:51 INFO     command: tesseract --psm 0 -l osd /tmp/tmpim0rwqr9.png stdout
16:37:53 INFO     command: tesseract -l por /tmp/tmpim0rwqr9.png stdout tsv
16:38:05 INFO     Finished converting document sgpr_ptd_2025_2027_anexo_de_entregas_assinado-copia_tarjada.pdf in 18.18 sec.
16:38:05 INFO       pixel_budget (Docling) sgpr_ptd_2025_2027_anexo_de_entregas_assinado-copia_tarjada.pdf: 29.5% (área tabelas/1002424 px²)
16:38:05 INFO     [14/15] ✓ SGPR      :   18 entregas | 18.2s | ETA ~48s
16:38:05 INFO     [15/15] → sgpr_ptd_2026_2027_docdiretivo_assinado-copia_tarjada.pdf
16:38:05 INFO     detected formats: [<InputFormat.PDF: 'pdf'>]
16:38:05 INFO     Going to convert document batch...
16:38:05 INFO     Processing document sgpr_ptd_2026_2027_docdiretivo_assinado-copia_tarjada.pdf
16:38:25 INFO     Finished converting document sgpr_ptd_2026_2027_docdiretivo_assinado-copia_tarjada.pdf in 19.72 sec.
16:38:25 INFO       pixel_budget (Docling) sgpr_ptd_2026_2027_docdiretivo_assinado-copia_tarjada.pdf: 8.2% (área tabelas/5513330 px²)
16:38:25 WARNING  [15/15] ⚠ SGPR      :    0 entregas | 19.7s | ETA ~0s
16:38:25 INFO     261 registros | 7 órgãos
16:38:25 INFO     ╔══════════════════════════════════════════════════════════════╗
16:38:25 INFO     ║                  ENTREGAS — fase concluída                   ║
16:38:25 INFO     ║  Processados: 15    |  ✓ 11  ⚠ 4                             ║
16:38:25 INFO     ║  Duração: 11.5 min                                           ║
16:38:25 INFO     ║  261 registros | 7 órgãos                                    ║
16:38:25 INFO     ╚══════════════════════════════════════════════════════════════╝
16:38:25 INFO     [1/7] → agu_ptd_2025_2027_docdiretivo_assinado_assinado_assinado-copia_tarjada.pdf
16:38:25 INFO     detected formats: [<InputFormat.PDF: 'pdf'>]
16:38:25 INFO     Going to convert document batch...
16:38:25 INFO     Processing document agu_ptd_2025_2027_docdiretivo_assinado_assinado_assinado-copia_tarjada.pdf
16:38:25 INFO     command: tesseract --psm 0 -l osd /tmp/tmp75kgs7zi.png stdout
16:38:25 INFO     command: tesseract -l por /tmp/tmp75kgs7zi.png stdout tsv
16:38:27 INFO     command: tesseract --psm 0 -l osd /tmp/tmp580ijr5q.png stdout
16:38:29 INFO     command: tesseract -l por /tmp/tmp580ijr5q.png stdout tsv
16:38:33 INFO     command: tesseract --psm 0 -l osd /tmp/tmpb1hmxktm.png stdout
16:38:33 INFO     command: tesseract -l por /tmp/tmpb1hmxktm.png stdout tsv
16:38:36 INFO     command: tesseract --psm 0 -l osd /tmp/tmpha447nzz.png stdout
16:38:36 INFO     command: tesseract -l por /tmp/tmpha447nzz.png stdout tsv
16:38:38 INFO     command: tesseract --psm 0 -l osd /tmp/tmpsol86dkr.png stdout
16:38:39 INFO     command: tesseract -l por /tmp/tmpsol86dkr.png stdout tsv
16:38:41 INFO     command: tesseract --psm 0 -l osd /tmp/tmpg_xyup3a.png stdout
16:38:43 INFO     command: tesseract -l por /tmp/tmpg_xyup3a.png stdout tsv
16:38:54 INFO     command: tesseract --psm 0 -l osd /tmp/tmphk9d3djz.png stdout
16:38:54 INFO     command: tesseract -l por /tmp/tmphk9d3djz.png stdout tsv
16:38:57 INFO     command: tesseract --psm 0 -l osd /tmp/tmp_y5rtv5s.png stdout
16:38:57 INFO     command: tesseract -l por /tmp/tmp_y5rtv5s.png stdout tsv
16:39:00 INFO     command: tesseract --psm 0 -l osd /tmp/tmp4ld78ioj.png stdout
16:39:00 INFO     command: tesseract -l por /tmp/tmp4ld78ioj.png stdout tsv
16:39:03 INFO     command: tesseract --psm 0 -l osd /tmp/tmp_ygiwump.png stdout
16:39:04 INFO     command: tesseract -l por /tmp/tmp_ygiwump.png stdout tsv
16:39:17 INFO     command: tesseract --psm 0 -l osd /tmp/tmponkzsza2.png stdout
16:39:18 INFO     command: tesseract -l por /tmp/tmponkzsza2.png stdout tsv
16:39:22 INFO     Finished converting document agu_ptd_2025_2027_docdiretivo_assinado_assinado_assinado-copia_tarjada.pdf in 57.03 sec.
16:39:22 INFO     [1/7] ✓ AGU       :   7 riscos | 57.0s | ETA ~5min
16:39:22 INFO     [2/7] → documento-diretivo-mcom-_-ptd-25_27-copia_tarjada.pdf
16:39:22 INFO     detected formats: [<InputFormat.PDF: 'pdf'>]
16:39:22 INFO     Going to convert document batch...
16:39:22 INFO     Processing document documento-diretivo-mcom-_-ptd-25_27-copia_tarjada.pdf
16:39:22 INFO     command: tesseract --psm 0 -l osd /tmp/tmp765bxza9.png stdout
16:39:23 INFO     command: tesseract -l por /tmp/tmp765bxza9.png stdout tsv
16:39:25 INFO     command: tesseract --psm 0 -l osd /tmp/tmplaoxt_99.png stdout
16:39:26 INFO     command: tesseract -l por /tmp/tmplaoxt_99.png stdout tsv
16:39:31 INFO     command: tesseract --psm 0 -l osd /tmp/tmp8sp5ejoq.png stdout
16:39:32 INFO     command: tesseract -l por /tmp/tmp8sp5ejoq.png stdout tsv
16:39:33 INFO     command: tesseract --psm 0 -l osd /tmp/tmpqhuv25o3.png stdout
16:39:34 INFO     command: tesseract -l por /tmp/tmpqhuv25o3.png stdout tsv
16:39:36 INFO     command: tesseract --psm 0 -l osd /tmp/tmppwx3x1hv.png stdout
16:39:37 INFO     command: tesseract -l por /tmp/tmppwx3x1hv.png stdout tsv
16:39:39 INFO     command: tesseract --psm 0 -l osd /tmp/tmp0vts1wzw.png stdout
16:39:40 INFO     command: tesseract -l por /tmp/tmp0vts1wzw.png stdout tsv
16:39:57 INFO     command: tesseract --psm 0 -l osd /tmp/tmp8ynnz9pe.png stdout
16:39:57 INFO     command: tesseract -l por /tmp/tmp8ynnz9pe.png stdout tsv
16:39:59 INFO     command: tesseract --psm 0 -l osd /tmp/tmpwnlv70va.png stdout
16:40:00 INFO     command: tesseract -l por /tmp/tmpwnlv70va.png stdout tsv
16:40:02 INFO     command: tesseract --psm 0 -l osd /tmp/tmpv_b78530.png stdout
16:40:03 INFO     command: tesseract -l por /tmp/tmpv_b78530.png stdout tsv
16:40:05 INFO     command: tesseract --psm 0 -l osd /tmp/tmphy_l9ueu.png stdout
16:40:06 INFO     command: tesseract -l por /tmp/tmphy_l9ueu.png stdout tsv
16:40:16 INFO     command: tesseract --psm 0 -l osd /tmp/tmp1nhwprx7.png stdout
16:40:17 INFO     command: tesseract -l por /tmp/tmp1nhwprx7.png stdout tsv
16:40:19 INFO     command: tesseract --psm 0 -l osd /tmp/tmpwz4jqm0m.png stdout
16:40:20 INFO     command: tesseract -l por /tmp/tmpwz4jqm0m.png stdout tsv
16:40:22 INFO     command: tesseract --psm 0 -l osd /tmp/tmpc5_bwyru.png stdout
16:40:22 INFO     command: tesseract -l por /tmp/tmpc5_bwyru.png stdout tsv
16:40:24 INFO     command: tesseract --psm 0 -l osd /tmp/tmp0ty90_oi.png stdout
16:40:25 INFO     command: tesseract -l por /tmp/tmp0ty90_oi.png stdout tsv
16:40:32 INFO     Finished converting document documento-diretivo-mcom-_-ptd-25_27-copia_tarjada.pdf in 70.90 sec.
16:40:32 INFO     [2/7] ✓ MCOM      :  14 riscos | 70.9s | ETA ~5min
16:40:32 INFO     [3/7] → fiocruz_novo-ptd_2-1_docdiretivo_repactuacao_2024-2026_assinado_assinado-copia_tarjada.pdf
16:40:32 INFO     detected formats: [<InputFormat.PDF: 'pdf'>]
16:40:32 INFO     Going to convert document batch...
16:40:32 INFO     Processing document fiocruz_novo-ptd_2-1_docdiretivo_repactuacao_2024-2026_assinado_assinado-copia_tarjada.pdf
16:40:50 INFO     Finished converting document fiocruz_novo-ptd_2-1_docdiretivo_repactuacao_2024-2026_assinado_assinado-copia_tarjada.pdf in 17.62 sec.
16:40:50 INFO     [3/7] ✓ FIOCRUZ   :   6 riscos | 17.6s | ETA ~3min
16:40:50 INFO     [4/7] → funai_ptd_2025_2027_docdiretivo_assinado-1_tarjado.pdf
16:40:50 INFO     detected formats: [<InputFormat.PDF: 'pdf'>]
16:40:50 INFO     Going to convert document batch...
16:40:50 INFO     Processing document funai_ptd_2025_2027_docdiretivo_assinado-1_tarjado.pdf
16:40:52 INFO     command: tesseract --psm 0 -l osd /tmp/tmp1mv_bf_3.png stdout
16:40:52 INFO     command: tesseract -l por /tmp/tmp1mv_bf_3.png stdout tsv
16:40:53 INFO     command: tesseract --psm 0 -l osd /tmp/tmpzppkm4xj.png stdout
16:40:55 INFO     command: tesseract -l por /tmp/tmpzppkm4xj.png stdout tsv
16:40:59 INFO     command: tesseract --psm 0 -l osd /tmp/tmptri3amvw.png stdout
16:40:59 INFO     command: tesseract -l por /tmp/tmptri3amvw.png stdout tsv
16:41:01 INFO     command: tesseract --psm 0 -l osd /tmp/tmpa31oplh_.png stdout
16:41:02 INFO     command: tesseract -l por /tmp/tmpa31oplh_.png stdout tsv
16:41:04 INFO     command: tesseract --psm 0 -l osd /tmp/tmphhz1uqb0.png stdout
16:41:04 INFO     command: tesseract -l por /tmp/tmphhz1uqb0.png stdout tsv
16:41:07 INFO     command: tesseract --psm 0 -l osd /tmp/tmpdllw65pk.png stdout
16:41:08 INFO     command: tesseract -l por /tmp/tmpdllw65pk.png stdout tsv
16:41:18 INFO     command: tesseract --psm 0 -l osd /tmp/tmp4u_9ottu.png stdout
16:41:19 INFO     command: tesseract -l por /tmp/tmp4u_9ottu.png stdout tsv
16:41:20 INFO     command: tesseract --psm 0 -l osd /tmp/tmp9wz_o3_z.png stdout
16:41:21 INFO     command: tesseract -l por /tmp/tmp9wz_o3_z.png stdout tsv
16:41:22 INFO     command: tesseract --psm 0 -l osd /tmp/tmpee4qpm8e.png stdout
16:41:23 INFO     command: tesseract -l por /tmp/tmpee4qpm8e.png stdout tsv
16:41:25 INFO     command: tesseract --psm 0 -l osd /tmp/tmpayq_3yht.png stdout
16:41:26 INFO     command: tesseract -l por /tmp/tmpayq_3yht.png stdout tsv
16:41:38 INFO     command: tesseract --psm 0 -l osd /tmp/tmppt5ihady.png stdout
16:41:39 INFO     command: tesseract -l por /tmp/tmppt5ihady.png stdout tsv
16:41:47 INFO     command: tesseract --psm 0 -l osd /tmp/tmpui9fl9wf.png stdout
16:41:48 INFO     command: tesseract -l por /tmp/tmpui9fl9wf.png stdout tsv
16:41:50 INFO     command: tesseract --psm 0 -l osd /tmp/tmpqwj9ufyf.png stdout
16:41:51 INFO     command: tesseract -l por /tmp/tmpqwj9ufyf.png stdout tsv
16:41:57 INFO     Finished converting document funai_ptd_2025_2027_docdiretivo_assinado-1_tarjado.pdf in 66.88 sec.
16:41:57 INFO     [4/7] ✓ FUNAI     :  15 riscos | 66.9s | ETA ~2min
16:41:57 INFO     [5/7] → incra_ptd_docdiretivo__assinado-1_assinado_assinado-copia_tarjada.pdf
16:41:57 INFO     detected formats: [<InputFormat.PDF: 'pdf'>]
16:41:57 INFO     Going to convert document batch...
16:41:57 INFO     Processing document incra_ptd_docdiretivo__assinado-1_assinado_assinado-copia_tarjada.pdf
16:41:58 INFO     command: tesseract --psm 0 -l osd /tmp/tmpqu311e_x.png stdout
16:41:59 INFO     command: tesseract -l por /tmp/tmpqu311e_x.png stdout tsv
16:42:01 INFO     command: tesseract --psm 0 -l osd /tmp/tmp21sogccq.png stdout
16:42:02 INFO     command: tesseract -l por /tmp/tmp21sogccq.png stdout tsv
16:42:08 INFO     command: tesseract --psm 0 -l osd /tmp/tmpj90uvfxh.png stdout
16:42:09 INFO     command: tesseract -l por /tmp/tmpj90uvfxh.png stdout tsv
16:42:11 INFO     command: tesseract --psm 0 -l osd /tmp/tmpy3jn0vrb.png stdout
16:42:12 INFO     command: tesseract -l por /tmp/tmpy3jn0vrb.png stdout tsv
16:42:14 INFO     command: tesseract --psm 0 -l osd /tmp/tmp5smeph1t.png stdout
16:42:14 INFO     command: tesseract -l por /tmp/tmp5smeph1t.png stdout tsv
16:42:16 INFO     command: tesseract --psm 0 -l osd /tmp/tmpar2e2pwc.png stdout
16:42:18 INFO     command: tesseract -l por /tmp/tmpar2e2pwc.png stdout tsv
16:42:35 INFO     command: tesseract --psm 0 -l osd /tmp/tmpuvypy3fz.png stdout
16:42:35 INFO     command: tesseract -l por /tmp/tmpuvypy3fz.png stdout tsv
16:42:37 INFO     command: tesseract --psm 0 -l osd /tmp/tmpovqat1kd.png stdout
16:42:38 INFO     command: tesseract -l por /tmp/tmpovqat1kd.png stdout tsv
16:42:39 INFO     command: tesseract --psm 0 -l osd /tmp/tmp9t5nlr6n.png stdout
16:42:40 INFO     command: tesseract -l por /tmp/tmp9t5nlr6n.png stdout tsv
16:42:42 INFO     command: tesseract --psm 0 -l osd /tmp/tmpv2larey7.png stdout
16:42:43 INFO     command: tesseract -l por /tmp/tmpv2larey7.png stdout tsv
16:42:48 INFO     command: tesseract --psm 0 -l osd /tmp/tmphyw8vaeu.png stdout
16:42:48 INFO     command: tesseract -l por /tmp/tmphyw8vaeu.png stdout tsv
16:42:56 INFO     command: tesseract --psm 0 -l osd /tmp/tmpzvhh_tl1.png stdout
16:42:56 INFO     command: tesseract -l por /tmp/tmpzvhh_tl1.png stdout tsv
16:43:00 INFO     command: tesseract --psm 0 -l osd /tmp/tmpxgse01ya.png stdout
16:43:01 INFO     command: tesseract -l por /tmp/tmpxgse01ya.png stdout tsv
16:43:09 INFO     Finished converting document incra_ptd_docdiretivo__assinado-1_assinado_assinado-copia_tarjada.pdf in 71.86 sec.
16:43:09 INFO     [5/7] ✓ INCRA     :  15 riscos | 71.9s | ETA ~1min
16:43:09 INFO     [6/7] → iti_doc_diretivo_assinado-1_tarjado.pdf
16:43:09 INFO     detected formats: [<InputFormat.PDF: 'pdf'>]
16:43:09 INFO     Going to convert document batch...
16:43:09 INFO     Processing document iti_doc_diretivo_assinado-1_tarjado.pdf
16:43:09 INFO     command: tesseract --psm 0 -l osd /tmp/tmppweqaxku.png stdout
16:43:10 INFO     command: tesseract -l por /tmp/tmppweqaxku.png stdout tsv
16:43:12 INFO     command: tesseract --psm 0 -l osd /tmp/tmpmsp1487b.png stdout
16:43:14 INFO     command: tesseract -l por /tmp/tmpmsp1487b.png stdout tsv
16:43:17 INFO     command: tesseract --psm 0 -l osd /tmp/tmp9bethmgr.png stdout
16:43:18 INFO     command: tesseract -l por /tmp/tmp9bethmgr.png stdout tsv
16:43:20 INFO     command: tesseract --psm 0 -l osd /tmp/tmpc1hhn8_d.png stdout
16:43:21 INFO     command: tesseract -l por /tmp/tmpc1hhn8_d.png stdout tsv
16:43:22 INFO     command: tesseract --psm 0 -l osd /tmp/tmpdm3mjlyn.png stdout
16:43:23 INFO     command: tesseract -l por /tmp/tmpdm3mjlyn.png stdout tsv
16:43:25 INFO     command: tesseract --psm 0 -l osd /tmp/tmpp9m36ifa.png stdout
16:43:27 INFO     command: tesseract -l por /tmp/tmpp9m36ifa.png stdout tsv
16:43:43 INFO     command: tesseract --psm 0 -l osd /tmp/tmpds9o7vfs.png stdout
16:43:44 INFO     command: tesseract -l por /tmp/tmpds9o7vfs.png stdout tsv
16:43:46 INFO     command: tesseract --psm 0 -l osd /tmp/tmp52zjqdei.png stdout
16:43:46 INFO     command: tesseract -l por /tmp/tmp52zjqdei.png stdout tsv
16:43:49 INFO     command: tesseract --psm 0 -l osd /tmp/tmp420saa_c.png stdout
16:43:49 INFO     command: tesseract -l por /tmp/tmp420saa_c.png stdout tsv
16:43:51 INFO     command: tesseract --psm 0 -l osd /tmp/tmpm5jasmfl.png stdout
16:43:53 INFO     command: tesseract -l por /tmp/tmpm5jasmfl.png stdout tsv
16:44:03 INFO     command: tesseract --psm 0 -l osd /tmp/tmpffbs_75p.png stdout
16:44:04 INFO     command: tesseract -l por /tmp/tmpffbs_75p.png stdout tsv
16:44:08 INFO     Finished converting document iti_doc_diretivo_assinado-1_tarjado.pdf in 59.33 sec.
16:44:08 INFO     [6/7] ✓ ITI       :  14 riscos | 59.3s | ETA ~57s
16:44:08 INFO     [7/7] → sgpr_ptd_2026_2027_docdiretivo_assinado-copia_tarjada.pdf
16:44:08 INFO     detected formats: [<InputFormat.PDF: 'pdf'>]
16:44:08 INFO     Going to convert document batch...
16:44:08 INFO     Processing document sgpr_ptd_2026_2027_docdiretivo_assinado-copia_tarjada.pdf
16:44:28 INFO     Finished converting document sgpr_ptd_2026_2027_docdiretivo_assinado-copia_tarjada.pdf in 19.81 sec.
16:44:28 INFO     [7/7] ✓ SGPR      :  10 riscos | 19.8s | ETA ~0s
16:44:28 INFO     ╔══════════════════════════════════════════════════════════════╗
16:44:28 INFO     ║                   RISCOS — fase concluída                    ║
16:44:28 INFO     ║  Processados: 7     |  ✓ 7  ⚠ 0                              ║
16:44:28 INFO     ║  Duração: 6.1 min                                            ║
16:44:28 INFO     ║  81 riscos | 7 órgãos                                        ║
16:44:28 INFO     ╚══════════════════════════════════════════════════════════════╝
16:44:28 INFO     81 riscos | 0 ações | 135 relações
16:44:28 INFO     ptd_corpus_raw                     : 261 linhas
16:44:28 INFO     ptd_pivot_eixos                    : 7 linhas
16:44:31 INFO     ptd_datas_assinatura               : 132 linhas
16:44:31 INFO     ptd_riscos                         : 81 linhas
16:44:31 INFO     ptd_riscos_acoes                   : 135 linhas
16:44:31 INFO     Manifesto salvo: pipeline_manifest.json | SHA-256 de 132 PDFs
16:44:31 INFO     ==================================================
16:44:31 INFO     PTD-BR v3.0-melhorado — PIPELINE CONCLUÍDO
16:44:31 INFO     ==================================================
16:44:31 INFO     ptd_corpus_raw.csv                        160 KB
16:44:31 INFO     ptd_pivot_eixos.csv                         0 KB
16:44:31 INFO     ptd_datas_assinatura.csv                    9 KB
16:44:31 INFO     ptd_riscos.csv                             23 KB
16:44:31 INFO     ptd_riscos_acoes.csv                        2 KB
16:44:31 INFO     proveniencia.json                           0 KB
16:44:31 INFO     pipeline_manifest.json                     20 KB
16:44:31 INFO     📦 Artefatos: https://github.com/freirelucas/teste/actions/runs/24005455966
16:44:31 INFO     ==================================================
