20:13:55 INFO     Docling disponível
20:13:55 WARNING  OCR fallback indisponível (IndentationError: unexpected indent (ptd_ocr_fallback.py, line 45))
20:13:56 INFO     Ignorado (guia/template/norma): ABNT-NBR-17225-Acessibilidade-Digital.pdf
20:13:56 INFO     Ignorado (guia/template/norma): cgrep-guia10passos-ptd-orgao.pdf
20:13:56 INFO     Ignorado (guia/template/norma): ABNT-NBR-17225-Acessibilidade-Digital.pdf
20:13:56 INFO     Scraping: 132 PDFs únicos | entregas: 68 | diretivos: 61
20:13:56 INFO     Baixando 132 PDFs únicos...
20:13:58 INFO     ✓ [  1/132] abin_ptd_anexo_de_entregas_assinado_pelo_orgao_ass   293.3KB
20:14:02 INFO     ✓ [  2/132] aeb_ptd_2025_2027_docdiretivo_aprovado_assinado-1_  1033.7KB
20:14:04 INFO     ✓ [  3/132] aeb_ptd_2025_2027_anexo_de_entregas_aprovado_assin   154.5KB
20:14:10 INFO     ✓ [  4/132] agu_ptd_2025_2027_docdiretivo_assinado_assinado_as  2860.3KB
20:14:13 INFO     ✓ [  5/132] agu_ptd_2025_2027_anexo_de_entregas_assinado_assin   525.5KB
20:14:15 INFO     ✓ [  6/132] ana_ptd_2025_2027_docdiretivo_assinado_assinado_as   477.2KB
20:14:18 INFO     ✓ [  7/132] ana_ptd_2025_2027_anexoentregas_assinado_assinado_   170.9KB
20:14:21 INFO     ✓ [  8/132] anac_ptd_2025_2026_docdiretivo_se_assinado_tarjado  1036.3KB
20:14:24 INFO     ✓ [  9/132] anac_ptd_2025_2026_anexo_de_entregas_se_assinado.p   215.2KB
20:14:27 INFO     ✓ [ 10/132] anatel_ptd_docdiretivo_assinado_2025_2026_assinado  1006.0KB
20:14:29 INFO     ✓ [ 11/132] anatel_ptd_2025_2026_anexo_de_entregas_do_ptd_publ    71.9KB
20:14:33 INFO     ✓ [ 12/132] ancine_ptd_2024_2026_docdiretivo_assinado-2_assina   961.8KB
20:14:36 INFO     ✓ [ 13/132] ancine_ptd_2024_2026_-_anexo_de_entregas_aprovado_   613.2KB
20:14:39 INFO     ✓ [ 14/132] ptd_aneel_2025-2027_docdiretivo_assinado_tarjado.p   779.6KB
20:14:41 INFO     ✓ [ 15/132] ptd_aneel_2025-2027_anexo_de_entregas_assinado.pdf   111.9KB
20:14:44 INFO     ✓ [ 16/132] anm_ptd_2025_2027_docdiretivo_assinadopeloorgao_ta  1092.5KB
20:14:48 INFO     ✓ [ 17/132] anm_ptd_2025_2027_anexo_entregas_assinadopeloorgao  1140.4KB
20:14:51 INFO     ✓ [ 18/132] anpd_ptd_2025_2027_docdiretivo_assinado_assinado_a  1044.3KB
20:14:54 INFO     ✓ [ 19/132] anpd_ptd_2025_2027_anexo_de_entregas_assinado_assi   166.5KB
20:14:57 INFO     ✓ [ 20/132] ans-plano_de_transformacao_digital_assinado-copia_  1023.4KB
20:14:59 INFO     ✓ [ 21/132] ans_ptd_2025_2026_anexo_de_entregas_assinado_assin   124.1KB
20:15:03 INFO     ✓ [ 22/132] antaq_ptd_2025_2027_docdiretivo_assinado_assinado_  1039.8KB
20:15:05 INFO     ✓ [ 23/132] antaq_ptd_2025_2027_anexoentregas_assinado_assinad   145.1KB
20:15:07 INFO     ✓ [ 24/132] mt_anexo_de_entregas_-_assinado_assinado_assinado_   143.6KB
20:15:17 INFO     ✓ [ 25/132] anvisa_ptd_docdiretivo_2025-2026_assinado_assinado  5771.2KB
20:15:19 INFO     ✓ [ 26/132] anvisa_ptd_anexo_de_entregas_2025_2026_assinado_as   239.0KB
20:15:22 INFO     ✓ [ 27/132] bcb_documento_diretivo_assinado_assinado_assinado-   713.7KB
20:15:24 INFO     ✓ [ 28/132] bcb_anexo_de_entregas_ptd_25_26-1_assinado_assinad   134.8KB
20:15:28 INFO     ✓ [ 29/132] cade_ptd_docdiretivo_2025_2026_assinado-2_assinado   810.4KB
20:15:30 INFO     ✓ [ 30/132] cade_ptd_anexo_de_entregas_2025_2026_assinado_copi   504.0KB
20:15:34 INFO     ✓ [ 31/132] mec_ptd_docdiretivo_2025-2026_sei_mec-5566673_copi   863.1KB
20:15:37 INFO     ✓ [ 32/132] mec_ptd_anexo-de-entregas_sei_mec-5576401_copia_ta   495.7KB
20:15:41 INFO     ✓ [ 33/132] mec_ptd_docdiretivo-versao-comunicacao_copia_tarja  1616.5KB
20:15:44 INFO     ✓ [ 34/132] md_ptd_2026_2027_anexo_de_entregas_assinado_assina   579.4KB
20:15:46 INFO     ✓ [ 35/132] md_ptd_2026_2027_anexo_de_entregas_assinado_assina   186.8KB
20:15:49 INFO     ✓ [ 36/132] md_ptd_temp_copia_tarjada.pdf                        741.9KB
20:15:52 INFO     ✓ [ 37/132] cgu_ptd_docdiretivo_assinado_assinado_assinado-cop  1085.4KB
20:15:55 INFO     ✓ [ 38/132] cgu_ptd_anexo_de_entregas_pactuadas_assinado_assin   514.1KB
20:15:58 INFO     ✓ [ 39/132] cnpq_ptd_2025_2027_docdiretivo_assinado_assinado_a   342.9KB
20:16:00 INFO     ✓ [ 40/132] cnpq_ptd_2025_2027_anexo_de_entregas_assinado_assi   136.1KB
20:16:04 INFO     ✓ [ 41/132] coaf_ptd_2025_2026_documento_diretivo_assinado_ass  1068.0KB
20:16:10 INFO     ✓ [ 42/132] coaf_ptd_2025_2026_anexo_de_entregas-2_assinado_as  3184.5KB
20:16:16 INFO     ✓ [ 43/132] ptd_midr-docdiretivo_aprovado_assinado_tarjado.pdf  3864.1KB
20:16:20 INFO     ✓ [ 44/132] ptd_midr_-_anexo_de_entregas_-_aprovado_assinado.p  1122.0KB
20:16:23 INFO     ✓ [ 45/132] mda-documento-diretivo-assinado_ptd-2025-207-copia   955.8KB
20:16:25 INFO     ✓ [ 46/132] cvm_ptd_2025_2027_docdiretivo_assinado_assinado_as   270.5KB
20:16:28 INFO     ✓ [ 47/132] cvm_ptd_2025_2027_anexoentregas_assinado_assinado_   409.0KB
20:16:31 INFO     ✓ [ 48/132] dnocs_ptd_doc_diretivo_2025_2026_assinado_orgao-2_   891.1KB
20:16:34 INFO     ✓ [ 49/132] dnocs_anexo_de_entregas_repactuado_2025_2026_assin   272.3KB
20:16:40 INFO     ✓ [ 50/132] fbn_ptd_2025_2027_docdiretivo_assinado-1_tarjado.p  2921.6KB
20:16:42 INFO     ✓ [ 51/132] fbn_ptd_2025_2027_anexo_de_entregas_assinado-1.pdf   162.3KB
20:16:46 INFO     ✓ [ 52/132] fcp_ptd_2025_2027_docdiretivo_assinado-1_tarjado.p  1612.0KB
20:16:48 INFO     ✓ [ 53/132] fcp_ptd_2025_2027_anexo_de_entregas_assinado-1.pdf   118.8KB
20:16:52 INFO     ✓ [ 54/132] fcrb_ptd_2025_2026_docdiretivo_aprovado_assinado-1   998.2KB
20:16:54 INFO     ✓ [ 55/132] fcrb_ptd_2025_2026_anexo_de_entregas_aprovado_assi   313.5KB
20:16:58 INFO     ✓ [ 56/132] fiocruz_novo-ptd_2-1_docdiretivo_repactuacao_2024-  1318.1KB
20:17:00 INFO     ✓ [ 57/132] fiocruz_ptd_anexo_de_entregas_assinado_v1_assinado   257.1KB
20:17:04 INFO     ✓ [ 58/132] fiocruz-ptd-06_2024-copia_tarjada.pdf               1693.8KB
20:17:09 INFO     ✓ [ 59/132] funai_ptd_2025_2027_docdiretivo_assinado-1_tarjado  1842.1KB
20:17:11 INFO     ✓ [ 60/132] funai_anexo_de_entregas_repactuado_2026_2027_assin   435.7KB
20:17:14 INFO     ✓ [ 61/132] funarte_ptd_docdiretivo_assinado_21_01_2025_assina   965.7KB
20:17:17 INFO     ✓ [ 62/132] funarte_ptd_anexo_de_entregas_assinado_v1_assinado   683.6KB
20:17:20 INFO     ✓ [ 63/132] fundacentro_ptd_2025_2027_docdiretivo_assinado_ass   826.6KB
20:17:24 INFO     ✓ [ 64/132] fundacentro_ptd_2025_2027_anexo_de_entregas_assina   635.5KB
20:17:27 INFO     ✓ [ 65/132] mma_ptd_docdiretivo_assinado_2025_2026-1_assinado_   949.3KB
20:17:29 INFO     ✓ [ 66/132] mma_ptd_anexo_de_entregas_aprovado_final_assinado_   174.8KB
20:17:33 INFO     ✓ [ 67/132] ibge_docdiretivo_2025_assinado_assinado_assinado-c  1167.3KB
20:17:35 INFO     ✓ [ 68/132] ibge_ptd_25_26_anexo_de_entregas_modelo_v2-1_assin   143.7KB
20:17:46 INFO     ✓ [ 69/132] incra_ptd_docdiretivo__assinado-1_assinado_assinad  7182.0KB
20:17:50 INFO     ✓ [ 70/132] incra_anexo_de_entregas_assinado-1_assinado_assina  1818.6KB
20:17:56 INFO     ✓ [ 71/132] inpi_ptd_docdiretivo_assinado_2025_2026_assinado_a  3322.4KB
20:18:02 INFO     ✓ [ 72/132] inpi_ptd_anexo_de_entregas_assinado_v1_assinado_as  3078.1KB
20:18:06 INFO     ✓ [ 73/132] inss_ptd_2025_2027_docdiretivo-assinado-copia_tarj  1173.3KB
20:18:08 INFO     ✓ [ 74/132] inss_ptd_2025_2027_anexo_de_entregas-assinado-copi   110.8KB
20:18:11 INFO     ✓ [ 75/132] iphan_ptd_docdiretivo_assinado_2025_2026_assinado_   885.7KB
20:18:13 INFO     ✓ [ 76/132] iphan_ptd_anexo_de_entregas_assinado_v1_assinado_a   310.9KB
20:18:21 INFO     ✓ [ 77/132] iti_doc_diretivo_assinado-1_tarjado.pdf             4905.1KB
20:18:24 INFO     ✓ [ 78/132] iti_anexo_de_entregas_assinado.pdf                   556.4KB
20:18:29 INFO     ✓ [ 79/132] mapa_ptd_2025_2027_docdiretivo_assinado-1_tarjado.  1740.9KB
20:18:31 INFO     ✓ [ 80/132] mapa_ptd_2025_2027_anexo_de_entregas_assinado-1.pd   261.9KB
20:18:39 INFO     ✓ [ 81/132] documento-diretivo-mcom-_-ptd-25_27-copia_tarjada.  4451.9KB
20:18:42 INFO     ✓ [ 82/132] anexo-de-entregas-mcom_ptd-25_27-copia_tarjada.pdf  1213.8KB
20:18:48 INFO     ✓ [ 83/132] ptd_21_24_mcom-copia_tarjada.pdf                    3040.7KB
20:18:51 INFO     ✓ [ 84/132] mcti_ptd_2025-2027_docdiretivo_assinado-copia_tarj  1030.7KB
20:18:54 INFO     ✓ [ 85/132] mcti_ptd_2025-2027_anexo-de-entregas_assinado-copi   145.8KB
20:18:56 INFO     ✓ [ 86/132] mda-anexo-entregas-assinado_ptd-2025-2027-copia-ta   284.6KB
20:18:59 INFO     ✓ [ 87/132] mdhc_ptd_2025_2027_docdiretivo_assinado_assinado_a   753.4KB
20:19:02 INFO     ✓ [ 88/132] mdhc_ptd_2025_2027_anexoentregas_assinado_assinado   186.8KB
20:19:04 INFO     ✓ [ 89/132] mdic_ptd_anexo_de_entregas_assinado_v1_assinado_as   176.6KB
20:19:07 INFO     ✓ [ 90/132] memp_ptd_2025_2026_docdiretivo_assinado_assinado_a  1030.1KB
20:19:10 INFO     ✓ [ 91/132] memp_ptd_2025_2026_anexo_de_entregas_assinado_assi   161.5KB
20:19:13 INFO     ✓ [ 92/132] mesp_ptd_2025_2027_docdiretivo_assinado_assinado_2  1147.7KB
20:19:16 INFO     ✓ [ 93/132] mesp_ptd_2025_2027_anexo_de_entregas_assinado_assi   226.6KB
20:19:19 INFO     ✓ [ 94/132] mf_ptd_2026_2027_documentodiretivo_assinado_assina   955.1KB
20:19:22 INFO     ✓ [ 95/132] mf_ptd_2026_2027_anexo_de_entregas_1_mf_se_assinad   241.2KB
20:19:25 INFO     ✓ [ 96/132] mgi_ptd_2025_2027_docdiretivo_assinado_assinado_as   375.2KB
20:19:27 INFO     ✓ [ 97/132] mgi_ptd_2025_2027_anexo_de_entregas_assinado_assin   256.1KB
20:19:31 INFO     ✓ [ 98/132] minc_ptd_2025_2027_docdiretivo_assinado-1_assinado   863.6KB
20:19:33 INFO     ✓ [ 99/132] minc_ptd_2025_2027_anexo_de_entregas_assinado-1_as   276.7KB
20:19:37 INFO     ✓ [100/132] mjsp_ptd_docdiretivo_assinado_2025_2026_assinado_a   954.0KB
20:19:39 INFO     ✓ [101/132] mjsp_ptd_anexo_de_entregas_assinado_v1_assinado_as   253.9KB
20:19:42 INFO     ✓ [102/132] mme_ptd_2025_2027_docdiretivo_assinado-copia_tarja   664.5KB
20:19:44 INFO     ✓ [103/132] mme_ptd_2025_2027_anexo_de_entregas_assinado__1_-c   111.1KB
20:19:48 INFO     ✓ [104/132] mmulheres_ptd_2025_2027_docdiretivo_assinado_assin  1078.3KB
20:19:50 INFO     ✓ [105/132] mmulheres_ptd_2025_2027_anexo_de_entregas_assinado   216.9KB
20:19:53 INFO     ✓ [106/132] mpi_ptd_2025_2027_docdiretivo_ministerio_dos_povos   947.9KB
20:19:56 INFO     ✓ [107/132] mpi_ptd_anexo_de_entregas_do_plano_de_tranformacao   191.9KB
20:19:59 INFO     ✓ [108/132] mpo_ptd_docdiretivo_assinado_2025_2026_assinado_as   806.3KB
20:20:02 INFO     ✓ [109/132] mpo_ptd_anexo_de_entregas_assinado_v1_assinado_ass   323.2KB
20:20:05 INFO     ✓ [110/132] mpor_ptd_2025_2027_docdiretivo_assinado_assinado_a   876.5KB
20:20:07 INFO     ✓ [111/132] mpor_ptd_2025_2027_anexo_de_entregas_assinado_assi   175.1KB
20:20:11 INFO     ✓ [112/132] mps_ptd_2025-2026_docdiretivo_final_assinado-1_ass  1024.4KB
20:20:13 INFO     ✓ [113/132] mps_ptd_2025-2026_anexo_de_entregas_final_assinado   165.0KB
20:20:16 INFO     ✓ [114/132] mre_ptd_docdiretivo_assinado_2025_2026_assinado_as   760.9KB
20:20:19 INFO     ✓ [115/132] mre_ptd_anexo_de_entregas_assinado_v1_assinado_ass   233.2KB
20:20:22 INFO     ✓ [116/132] mte_ptd_2025_2026_docdiretivo_assinado_assinado_as   729.6KB
20:20:25 INFO     ✓ [117/132] mte_ptd_anexo_de_entregas_assinado_v1__281_29_assi   459.5KB
20:20:28 INFO     ✓ [118/132] mtur_ptd_docdiretiv_assinado_30_01_2025_assinado_a  1050.4KB
20:20:30 INFO     ✓ [119/132] mtur_ptd_anexo_de_entregas_assinado_30_01_2025_ass   118.8KB
20:20:34 INFO     ✓ [120/132] pf_ptd_docdiretivo_2025_2027_assinado-copia_tarjad   964.3KB
20:20:36 INFO     ✓ [121/132] pf_ptd_anexo_de_entregas_2025_2027_assinado-copia_    62.5KB
20:20:39 INFO     ✓ [122/132] mf_ptd_2026_2027_anexo_de_entregas_4_mf_pgfn_assin   466.8KB
20:20:49 INFO     ✓ [123/132] previc_plano_de_transformacao_digital_2025_2026_29  6652.7KB
20:20:51 INFO     ✓ [124/132] previc_ptd_repactuacao_2025-2026_assinado_assinado   182.9KB
20:20:54 INFO     ✓ [125/132] prf_documentodiretivo_ptd_2026-2027_assinado_tarja   535.9KB
20:20:57 INFO     ✓ [126/132] prf_anexo_de_entregas_do_ptd__2026_2027___ptd___en   157.7KB
20:20:59 INFO     ✓ [127/132] mf_ptd_2026_2027_anexo_de_entregas_2_mf_rfb_assina   253.7KB
20:21:02 INFO     ✓ [128/132] sgpr_ptd_2026_2027_docdiretivo_assinado-copia_tarj   791.2KB
20:21:06 INFO     ✓ [129/132] sgpr_ptd_2025_2027_anexo_de_entregas_assinado-copi   897.9KB
20:21:09 INFO     ✓ [130/132] mf_ptd_2026_2027_anexo_de_entregas_3_mf_stn_assina   467.8KB
20:21:12 INFO     ✓ [131/132] susep_ptd_2025_2027_docdiretivo-assinado-copia_tar  1030.1KB
20:21:14 INFO     ✓ [132/132] susep_ptd_2025-2026_anexo_de_entregas_final_assina   221.9KB
20:21:16 INFO     132 OK | 0 erros | 123.3 MB total
20:21:22 INFO     Sanity: 132 PDFs | 113 texto | 19 imagem/OCR | 0 duplicatas
20:21:22 INFO     --siglas (debug): 15 PDFs de ['AGU', 'FIOCRUZ', 'FUNAI', 'FUNDACENTRO', 'INCRA', 'ITI', 'MCOM', 'SGPR']
20:21:22 INFO     DocumentConverter instanciado (singleton × 2: plain + OCR)
20:21:22 INFO     [1/15] → agu_ptd_2025_2027_anexo_de_entregas_assinado_assinado_assinado-copia_tarjada.pdf
20:21:22 INFO     detected formats: [<InputFormat.PDF: 'pdf'>]
20:21:22 INFO     Going to convert document batch...
20:21:22 INFO     Initializing pipeline for StandardPdfPipeline with options hash bc6794697da537796efc497178f9263f
20:21:22 INFO     Loading plugin 'docling_defaults'
20:21:22 INFO     Registered picture descriptions: ['picture_description_vlm_engine', 'vlm', 'api']
20:21:22 INFO     Loading plugin 'docling_defaults'
20:21:22 INFO     Registered ocr engines: ['auto', 'easyocr', 'kserve_v2_ocr', 'ocrmac', 'rapidocr', 'tesserocr', 'tesseract']
20:21:22 INFO     command: tesseract --list-langs
20:21:22 INFO     Loading plugin 'docling_defaults'
20:21:22 INFO     Registered layout engines: ['layout_object_detection', 'docling_layout_default', 'docling_experimental_table_crops_layout']
20:21:22 INFO     Accelerator device: 'cpu'
20:21:22 INFO     HTTP Request: GET https://huggingface.co/api/models/docling-project/docling-layout-heron/revision/main "HTTP/1.1 200 OK"
20:21:22 INFO     HTTP Request: HEAD https://huggingface.co/docling-project/docling-layout-heron/resolve/8f39ad3c0b4c58e9c2d2c84a38465abf757272d8/.gitattributes "HTTP/1.1 307 Temporary Redirect"
20:21:22 WARNING  Warning: You are sending unauthenticated requests to the HF Hub. Please set a HF_TOKEN to enable higher rate limits and faster downloads.
20:21:22 INFO     HTTP Request: HEAD https://huggingface.co/api/resolve-cache/models/docling-project/docling-layout-heron/8f39ad3c0b4c58e9c2d2c84a38465abf757272d8/.gitattributes "HTTP/1.1 200 OK"
20:21:22 INFO     HTTP Request: HEAD https://huggingface.co/docling-project/docling-layout-heron/resolve/8f39ad3c0b4c58e9c2d2c84a38465abf757272d8/config.json "HTTP/1.1 307 Temporary Redirect"
20:21:22 INFO     HTTP Request: HEAD https://huggingface.co/docling-project/docling-layout-heron/resolve/8f39ad3c0b4c58e9c2d2c84a38465abf757272d8/model.safetensors "HTTP/1.1 302 Found"
20:21:22 INFO     HTTP Request: HEAD https://huggingface.co/docling-project/docling-layout-heron/resolve/8f39ad3c0b4c58e9c2d2c84a38465abf757272d8/docling_heron_400.png "HTTP/1.1 307 Temporary Redirect"
20:21:22 INFO     HTTP Request: HEAD https://huggingface.co/docling-project/docling-layout-heron/resolve/8f39ad3c0b4c58e9c2d2c84a38465abf757272d8/preprocessor_config.json "HTTP/1.1 307 Temporary Redirect"
20:21:22 INFO     HTTP Request: HEAD https://huggingface.co/docling-project/docling-layout-heron/resolve/8f39ad3c0b4c58e9c2d2c84a38465abf757272d8/README.md "HTTP/1.1 307 Temporary Redirect"
20:21:22 INFO     HTTP Request: GET https://huggingface.co/api/resolve-cache/models/docling-project/docling-layout-heron/8f39ad3c0b4c58e9c2d2c84a38465abf757272d8/.gitattributes "HTTP/1.1 200 OK"
20:21:22 INFO     HTTP Request: HEAD https://huggingface.co/api/resolve-cache/models/docling-project/docling-layout-heron/8f39ad3c0b4c58e9c2d2c84a38465abf757272d8/config.json "HTTP/1.1 200 OK"
20:21:22 INFO     HTTP Request: HEAD https://huggingface.co/api/resolve-cache/models/docling-project/docling-layout-heron/8f39ad3c0b4c58e9c2d2c84a38465abf757272d8/docling_heron_400.png "HTTP/1.1 200 OK"
20:21:22 INFO     HTTP Request: HEAD https://huggingface.co/api/resolve-cache/models/docling-project/docling-layout-heron/8f39ad3c0b4c58e9c2d2c84a38465abf757272d8/preprocessor_config.json "HTTP/1.1 200 OK"
20:21:22 INFO     HTTP Request: HEAD https://huggingface.co/api/resolve-cache/models/docling-project/docling-layout-heron/8f39ad3c0b4c58e9c2d2c84a38465abf757272d8/README.md "HTTP/1.1 200 OK"
20:21:22 INFO     HTTP Request: GET https://huggingface.co/api/resolve-cache/models/docling-project/docling-layout-heron/8f39ad3c0b4c58e9c2d2c84a38465abf757272d8/config.json "HTTP/1.1 200 OK"
20:21:22 INFO     HTTP Request: GET https://huggingface.co/api/resolve-cache/models/docling-project/docling-layout-heron/8f39ad3c0b4c58e9c2d2c84a38465abf757272d8/README.md "HTTP/1.1 200 OK"
20:21:22 INFO     HTTP Request: GET https://huggingface.co/api/resolve-cache/models/docling-project/docling-layout-heron/8f39ad3c0b4c58e9c2d2c84a38465abf757272d8/preprocessor_config.json "HTTP/1.1 200 OK"
20:21:22 INFO     HTTP Request: GET https://huggingface.co/api/resolve-cache/models/docling-project/docling-layout-heron/8f39ad3c0b4c58e9c2d2c84a38465abf757272d8/docling_heron_400.png "HTTP/1.1 200 OK"
20:21:22 INFO     HTTP Request: GET https://huggingface.co/api/models/docling-project/docling-layout-heron/xet-read-token/8f39ad3c0b4c58e9c2d2c84a38465abf757272d8 "HTTP/1.1 200 OK"
20:21:23 INFO     Loading plugin 'docling_defaults'
20:21:23 INFO     Registered table structure engines: ['docling_tableformer', 'docling_tableformer_v2']
20:21:23 INFO     HTTP Request: GET https://huggingface.co/api/models/docling-project/docling-models/revision/v2.3.0 "HTTP/1.1 200 OK"
20:21:23 INFO     HTTP Request: HEAD https://huggingface.co/docling-project/docling-models/resolve/fc0f2d45e2218ea24bce5045f58a389aed16dc23/.gitignore "HTTP/1.1 307 Temporary Redirect"
20:21:23 INFO     HTTP Request: HEAD https://huggingface.co/docling-project/docling-models/resolve/fc0f2d45e2218ea24bce5045f58a389aed16dc23/README.md "HTTP/1.1 307 Temporary Redirect"
20:21:23 INFO     HTTP Request: HEAD https://huggingface.co/api/resolve-cache/models/docling-project/docling-models/fc0f2d45e2218ea24bce5045f58a389aed16dc23/.gitignore "HTTP/1.1 200 OK"
20:21:23 INFO     HTTP Request: HEAD https://huggingface.co/docling-project/docling-models/resolve/fc0f2d45e2218ea24bce5045f58a389aed16dc23/config.json "HTTP/1.1 307 Temporary Redirect"
20:21:23 INFO     HTTP Request: HEAD https://huggingface.co/docling-project/docling-models/resolve/fc0f2d45e2218ea24bce5045f58a389aed16dc23/.gitattributes "HTTP/1.1 307 Temporary Redirect"
20:21:23 INFO     HTTP Request: HEAD https://huggingface.co/docling-project/docling-models/resolve/fc0f2d45e2218ea24bce5045f58a389aed16dc23/model_artifacts/tableformer/accurate/tableformer_accurate.safetensors "HTTP/1.1 302 Found"
20:21:23 INFO     HTTP Request: HEAD https://huggingface.co/docling-project/docling-models/resolve/fc0f2d45e2218ea24bce5045f58a389aed16dc23/model_artifacts/tableformer/fast/tableformer_fast.safetensors "HTTP/1.1 302 Found"
20:21:23 INFO     HTTP Request: HEAD https://huggingface.co/api/resolve-cache/models/docling-project/docling-models/fc0f2d45e2218ea24bce5045f58a389aed16dc23/README.md "HTTP/1.1 200 OK"
20:21:23 INFO     HTTP Request: HEAD https://huggingface.co/docling-project/docling-models/resolve/fc0f2d45e2218ea24bce5045f58a389aed16dc23/model_artifacts/tableformer/accurate/tm_config.json "HTTP/1.1 307 Temporary Redirect"
20:21:23 INFO     HTTP Request: HEAD https://huggingface.co/api/resolve-cache/models/docling-project/docling-models/fc0f2d45e2218ea24bce5045f58a389aed16dc23/.gitattributes "HTTP/1.1 200 OK"
20:21:24 INFO     HTTP Request: HEAD https://huggingface.co/api/resolve-cache/models/docling-project/docling-models/fc0f2d45e2218ea24bce5045f58a389aed16dc23/config.json "HTTP/1.1 200 OK"
20:21:24 INFO     HTTP Request: HEAD https://huggingface.co/docling-project/docling-models/resolve/fc0f2d45e2218ea24bce5045f58a389aed16dc23/model_artifacts/tableformer/fast/tm_config.json "HTTP/1.1 307 Temporary Redirect"
20:21:24 INFO     HTTP Request: GET https://huggingface.co/api/resolve-cache/models/docling-project/docling-models/fc0f2d45e2218ea24bce5045f58a389aed16dc23/.gitignore "HTTP/1.1 200 OK"
20:21:24 INFO     HTTP Request: HEAD https://huggingface.co/api/resolve-cache/models/docling-project/docling-models/fc0f2d45e2218ea24bce5045f58a389aed16dc23/model_artifacts%2Ftableformer%2Faccurate%2Ftm_config.json "HTTP/1.1 200 OK"
20:21:24 INFO     HTTP Request: GET https://huggingface.co/api/resolve-cache/models/docling-project/docling-models/fc0f2d45e2218ea24bce5045f58a389aed16dc23/README.md "HTTP/1.1 200 OK"
20:21:24 INFO     HTTP Request: HEAD https://huggingface.co/api/resolve-cache/models/docling-project/docling-models/fc0f2d45e2218ea24bce5045f58a389aed16dc23/model_artifacts%2Ftableformer%2Ffast%2Ftm_config.json "HTTP/1.1 200 OK"
20:21:24 INFO     HTTP Request: GET https://huggingface.co/api/resolve-cache/models/docling-project/docling-models/fc0f2d45e2218ea24bce5045f58a389aed16dc23/.gitattributes "HTTP/1.1 200 OK"
20:21:24 INFO     HTTP Request: GET https://huggingface.co/api/resolve-cache/models/docling-project/docling-models/fc0f2d45e2218ea24bce5045f58a389aed16dc23/config.json "HTTP/1.1 200 OK"
20:21:24 INFO     HTTP Request: GET https://huggingface.co/api/resolve-cache/models/docling-project/docling-models/fc0f2d45e2218ea24bce5045f58a389aed16dc23/model_artifacts%2Ftableformer%2Faccurate%2Ftm_config.json "HTTP/1.1 200 OK"
20:21:24 INFO     HTTP Request: GET https://huggingface.co/api/resolve-cache/models/docling-project/docling-models/fc0f2d45e2218ea24bce5045f58a389aed16dc23/model_artifacts%2Ftableformer%2Ffast%2Ftm_config.json "HTTP/1.1 200 OK"
20:21:24 INFO     HTTP Request: GET https://huggingface.co/api/models/docling-project/docling-models/xet-read-token/fc0f2d45e2218ea24bce5045f58a389aed16dc23 "HTTP/1.1 200 OK"
20:21:24 INFO     HTTP Request: GET https://huggingface.co/api/models/docling-project/docling-models/xet-read-token/fc0f2d45e2218ea24bce5045f58a389aed16dc23 "HTTP/1.1 200 OK"
20:21:25 INFO     Accelerator device: 'cpu'
20:21:25 INFO     Processing document agu_ptd_2025_2027_anexo_de_entregas_assinado_assinado_assinado-copia_tarjada.pdf
20:21:26 INFO     command: tesseract --psm 0 -l osd /tmp/tmpgqriz8qh.png stdout
20:21:26 INFO     command: tesseract -l por /tmp/tmpgqriz8qh.png stdout tsv
20:21:30 INFO     command: tesseract --psm 0 -l osd /tmp/tmpaa1ts4ph.png stdout
20:21:31 INFO     command: tesseract -l por /tmp/tmpaa1ts4ph.png stdout tsv
20:21:50 INFO     Finished converting document agu_ptd_2025_2027_anexo_de_entregas_assinado_assinado_assinado-copia_tarjada.pdf in 28.54 sec.
20:21:50 INFO       pixel_budget (Docling) agu_ptd_2025_2027_anexo_de_entregas_assinado_assinado_assinado-copia_tarjada.pdf: 45.8% (área tabelas/1001817 px²)
20:21:50 INFO     [1/15] ✓ AGU       :   33 entregas | 28.5s | ETA ~6min
20:21:50 INFO     [2/15] → agu_ptd_2025_2027_docdiretivo_assinado_assinado_assinado-copia_tarjada.pdf
20:21:50 INFO     detected formats: [<InputFormat.PDF: 'pdf'>]
20:21:50 INFO     Going to convert document batch...
20:21:50 INFO     Processing document agu_ptd_2025_2027_docdiretivo_assinado_assinado_assinado-copia_tarjada.pdf
20:21:51 INFO     command: tesseract --psm 0 -l osd /tmp/tmpqhzgkn06.png stdout
20:21:51 INFO     command: tesseract -l por /tmp/tmpqhzgkn06.png stdout tsv
20:21:53 INFO     command: tesseract --psm 0 -l osd /tmp/tmpfz8caoee.png stdout
20:21:55 INFO     command: tesseract -l por /tmp/tmpfz8caoee.png stdout tsv
20:21:58 INFO     command: tesseract --psm 0 -l osd /tmp/tmp9_0b7t5i.png stdout
20:21:58 INFO     command: tesseract -l por /tmp/tmp9_0b7t5i.png stdout tsv
20:22:01 INFO     command: tesseract --psm 0 -l osd /tmp/tmpds3nwgor.png stdout
20:22:01 INFO     command: tesseract -l por /tmp/tmpds3nwgor.png stdout tsv
20:22:04 INFO     command: tesseract --psm 0 -l osd /tmp/tmp0qesxciu.png stdout
20:22:04 INFO     command: tesseract -l por /tmp/tmp0qesxciu.png stdout tsv
20:22:07 INFO     command: tesseract --psm 0 -l osd /tmp/tmp5_d46dim.png stdout
20:22:08 INFO     command: tesseract -l por /tmp/tmp5_d46dim.png stdout tsv
20:22:19 INFO     command: tesseract --psm 0 -l osd /tmp/tmp4law1r7h.png stdout
20:22:19 INFO     command: tesseract -l por /tmp/tmp4law1r7h.png stdout tsv
20:22:22 INFO     command: tesseract --psm 0 -l osd /tmp/tmp3thq356o.png stdout
20:22:22 INFO     command: tesseract -l por /tmp/tmp3thq356o.png stdout tsv
20:22:25 INFO     command: tesseract --psm 0 -l osd /tmp/tmpoo321fze.png stdout
20:22:25 INFO     command: tesseract -l por /tmp/tmpoo321fze.png stdout tsv
20:22:28 INFO     command: tesseract --psm 0 -l osd /tmp/tmpz0wnql38.png stdout
20:22:29 INFO     command: tesseract -l por /tmp/tmpz0wnql38.png stdout tsv
20:22:41 INFO     command: tesseract --psm 0 -l osd /tmp/tmp36yn6jfk.png stdout
20:22:42 INFO     command: tesseract -l por /tmp/tmp36yn6jfk.png stdout tsv
20:22:45 INFO     Finished converting document agu_ptd_2025_2027_docdiretivo_assinado_assinado_assinado-copia_tarjada.pdf in 54.85 sec.
20:22:45 INFO       pixel_budget (Docling) agu_ptd_2025_2027_docdiretivo_assinado_assinado_assinado-copia_tarjada.pdf: 2.1% (área tabelas/5513330 px²)
20:22:45 INFO     [2/15] ✓ AGU       :    6 entregas | 54.9s | ETA ~9min
20:22:45 INFO     [3/15] → anexo-de-entregas-mcom_ptd-25_27-copia_tarjada.pdf
20:22:45 INFO     detected formats: [<InputFormat.PDF: 'pdf'>]
20:22:45 INFO     Going to convert document batch...
20:22:45 INFO     Processing document anexo-de-entregas-mcom_ptd-25_27-copia_tarjada.pdf
20:22:46 INFO     command: tesseract --psm 0 -l osd /tmp/tmpu97j5udr.png stdout
20:22:47 INFO     command: tesseract -l por /tmp/tmpu97j5udr.png stdout tsv
20:22:50 INFO     command: tesseract --psm 0 -l osd /tmp/tmps919dd0w.png stdout
20:22:51 INFO     command: tesseract -l por /tmp/tmps919dd0w.png stdout tsv
20:23:02 INFO     command: tesseract --psm 0 -l osd /tmp/tmpznutlz00.png stdout
20:23:03 INFO     command: tesseract -l por /tmp/tmpznutlz00.png stdout tsv
20:23:23 INFO     Finished converting document anexo-de-entregas-mcom_ptd-25_27-copia_tarjada.pdf in 37.68 sec.
20:23:23 INFO       pixel_budget (Docling) anexo-de-entregas-mcom_ptd-25_27-copia_tarjada.pdf: 55.2% (área tabelas/1503636 px²)
20:23:23 INFO     [3/15] ✓ MCOM      :   55 entregas | 37.7s | ETA ~8min
20:23:23 INFO     [4/15] → documento-diretivo-mcom-_-ptd-25_27-copia_tarjada.pdf
20:23:23 INFO     detected formats: [<InputFormat.PDF: 'pdf'>]
20:23:23 INFO     Going to convert document batch...
20:23:23 INFO     Processing document documento-diretivo-mcom-_-ptd-25_27-copia_tarjada.pdf
20:23:23 INFO     command: tesseract --psm 0 -l osd /tmp/tmpph2ks97c.png stdout
20:23:24 INFO     command: tesseract -l por /tmp/tmpph2ks97c.png stdout tsv
20:23:26 INFO     command: tesseract --psm 0 -l osd /tmp/tmp29oh6udi.png stdout
20:23:27 INFO     command: tesseract -l por /tmp/tmp29oh6udi.png stdout tsv
20:23:34 INFO     command: tesseract --psm 0 -l osd /tmp/tmp3p4n6orx.png stdout
20:23:34 INFO     command: tesseract -l por /tmp/tmp3p4n6orx.png stdout tsv
20:23:35 INFO     command: tesseract --psm 0 -l osd /tmp/tmpxmxkp6x_.png stdout
20:23:36 INFO     command: tesseract -l por /tmp/tmpxmxkp6x_.png stdout tsv
20:23:38 INFO     command: tesseract --psm 0 -l osd /tmp/tmp_fur0h2w.png stdout
20:23:39 INFO     command: tesseract -l por /tmp/tmp_fur0h2w.png stdout tsv
20:23:41 INFO     command: tesseract --psm 0 -l osd /tmp/tmp9xpypp0h.png stdout
20:23:43 INFO     command: tesseract -l por /tmp/tmp9xpypp0h.png stdout tsv
20:24:00 INFO     command: tesseract --psm 0 -l osd /tmp/tmp_mcxq7mx.png stdout
20:24:01 INFO     command: tesseract -l por /tmp/tmp_mcxq7mx.png stdout tsv
20:24:02 INFO     command: tesseract --psm 0 -l osd /tmp/tmpku_35_ry.png stdout
20:24:03 INFO     command: tesseract -l por /tmp/tmpku_35_ry.png stdout tsv
20:24:05 INFO     command: tesseract --psm 0 -l osd /tmp/tmpp9u69sh8.png stdout
20:24:06 INFO     command: tesseract -l por /tmp/tmpp9u69sh8.png stdout tsv
20:24:08 INFO     command: tesseract --psm 0 -l osd /tmp/tmprez7ojzg.png stdout
20:24:09 INFO     command: tesseract -l por /tmp/tmprez7ojzg.png stdout tsv
20:24:16 INFO     command: tesseract --psm 0 -l osd /tmp/tmpgzbx5fdi.png stdout
20:24:17 INFO     command: tesseract -l por /tmp/tmpgzbx5fdi.png stdout tsv
20:24:21 INFO     command: tesseract --psm 0 -l osd /tmp/tmpi5_r8gcf.png stdout
20:24:22 INFO     command: tesseract -l por /tmp/tmpi5_r8gcf.png stdout tsv
20:24:24 INFO     command: tesseract --psm 0 -l osd /tmp/tmpdj7wbuu5.png stdout
20:24:25 INFO     command: tesseract -l por /tmp/tmpdj7wbuu5.png stdout tsv
20:24:27 INFO     command: tesseract --psm 0 -l osd /tmp/tmpl2o_rlc9.png stdout
20:24:27 INFO     command: tesseract -l por /tmp/tmpl2o_rlc9.png stdout tsv
20:24:34 INFO     Finished converting document documento-diretivo-mcom-_-ptd-25_27-copia_tarjada.pdf in 70.89 sec.
20:24:34 INFO       pixel_budget (Docling) documento-diretivo-mcom-_-ptd-25_27-copia_tarjada.pdf: 10.8% (área tabelas/7016966 px²)
20:24:34 INFO     [4/15] ✓ MCOM      :    3 entregas | 70.9s | ETA ~8min
20:24:34 INFO     [5/15] → fiocruz-ptd-06_2024-copia_tarjada.pdf
20:24:34 INFO     detected formats: [<InputFormat.PDF: 'pdf'>]
20:24:34 INFO     Going to convert document batch...
20:24:34 INFO     Initializing pipeline for StandardPdfPipeline with options hash d18651824ca6fe56cf3ccb20424ac2c8
20:24:34 INFO     Accelerator device: 'cpu'
20:24:34 INFO     HTTP Request: GET https://huggingface.co/api/models/docling-project/docling-layout-heron/revision/main "HTTP/1.1 200 OK"
20:24:34 INFO     HTTP Request: GET https://huggingface.co/api/models/docling-project/docling-models/revision/v2.3.0 "HTTP/1.1 200 OK"
20:24:34 INFO     Accelerator device: 'cpu'
20:24:35 INFO     Processing document fiocruz-ptd-06_2024-copia_tarjada.pdf
20:25:42 INFO     Finished converting document fiocruz-ptd-06_2024-copia_tarjada.pdf in 68.51 sec.
20:25:42 INFO       pixel_budget (Docling) fiocruz-ptd-06_2024-copia_tarjada.pdf: 36.4% (área tabelas/7518178 px²)
20:25:42 INFO     [5/15] ✓ FIOCRUZ   :    1 entregas | 68.6s | ETA ~8min
20:25:42 INFO     [6/15] → fiocruz_novo-ptd_2-1_docdiretivo_repactuacao_2024-2026_assinado_assinado-copia_tarjada.pdf
20:25:42 INFO     detected formats: [<InputFormat.PDF: 'pdf'>]
20:25:42 INFO     Going to convert document batch...
20:25:42 INFO     Processing document fiocruz_novo-ptd_2-1_docdiretivo_repactuacao_2024-2026_assinado_assinado-copia_tarjada.pdf
20:26:00 INFO     Finished converting document fiocruz_novo-ptd_2-1_docdiretivo_repactuacao_2024-2026_assinado_assinado-copia_tarjada.pdf in 18.04 sec.
20:26:00 INFO       pixel_budget (Docling) fiocruz_novo-ptd_2-1_docdiretivo_repactuacao_2024-2026_assinado_assinado-copia_tarjada.pdf: 11.3% (área tabelas/5012118 px²)
20:26:00 INFO     [6/15] ✓ FIOCRUZ   :    5 entregas | 18.0s | ETA ~6min
20:26:00 INFO     [7/15] → fiocruz_ptd_anexo_de_entregas_assinado_v1_assinado_assinado-1-copia_tarjada.pdf
20:26:00 INFO     detected formats: [<InputFormat.PDF: 'pdf'>]
20:26:00 INFO     Going to convert document batch...
20:26:00 INFO     Processing document fiocruz_ptd_anexo_de_entregas_assinado_v1_assinado_assinado-1-copia_tarjada.pdf
20:26:33 INFO     Finished converting document fiocruz_ptd_anexo_de_entregas_assinado_v1_assinado_assinado-1-copia_tarjada.pdf in 32.54 sec.
20:26:33 INFO       pixel_budget (Docling) fiocruz_ptd_anexo_de_entregas_assinado_v1_assinado_assinado-1-copia_tarjada.pdf: 54.7% (área tabelas/2004847 px²)
20:26:33 INFO     [7/15] ✓ FIOCRUZ   :   61 entregas | 32.6s | ETA ~5min
20:26:33 INFO     [8/15] → funai_anexo_de_entregas_repactuado_2026_2027_assinado_assinado_assinado.pdf
20:26:33 INFO     detected formats: [<InputFormat.PDF: 'pdf'>]
20:26:33 INFO     Going to convert document batch...
20:26:33 INFO     Processing document funai_anexo_de_entregas_repactuado_2026_2027_assinado_assinado_assinado.pdf
20:26:34 INFO     command: tesseract --psm 0 -l osd /tmp/tmp2o6nzpz5.png stdout
20:26:34 INFO     command: tesseract -l por /tmp/tmp2o6nzpz5.png stdout tsv
20:26:48 INFO     Finished converting document funai_anexo_de_entregas_repactuado_2026_2027_assinado_assinado_assinado.pdf in 15.16 sec.
20:26:48 INFO       pixel_budget (Docling) funai_anexo_de_entregas_repactuado_2026_2027_assinado_assinado_assinado.pdf: 49.8% (área tabelas/501212 px²)
20:26:48 INFO     [8/15] ✓ FUNAI     :   21 entregas | 15.2s | ETA ~4min
20:26:48 INFO     [9/15] → funai_ptd_2025_2027_docdiretivo_assinado-1_tarjado.pdf
20:26:48 INFO     detected formats: [<InputFormat.PDF: 'pdf'>]
20:26:48 INFO     Going to convert document batch...
20:26:48 INFO     Processing document funai_ptd_2025_2027_docdiretivo_assinado-1_tarjado.pdf
20:26:49 INFO     command: tesseract --psm 0 -l osd /tmp/tmpwgurcank.png stdout
20:26:50 INFO     command: tesseract -l por /tmp/tmpwgurcank.png stdout tsv
20:26:51 INFO     command: tesseract --psm 0 -l osd /tmp/tmp41pfm3m4.png stdout
20:26:53 INFO     command: tesseract -l por /tmp/tmp41pfm3m4.png stdout tsv
20:26:55 INFO     command: tesseract --psm 0 -l osd /tmp/tmpolr4e8fo.png stdout
20:26:56 INFO     command: tesseract -l por /tmp/tmpolr4e8fo.png stdout tsv
20:26:58 INFO     command: tesseract --psm 0 -l osd /tmp/tmpg16bd51g.png stdout
20:26:59 INFO     command: tesseract -l por /tmp/tmpg16bd51g.png stdout tsv
20:27:00 INFO     command: tesseract --psm 0 -l osd /tmp/tmpb8tms6ck.png stdout
20:27:01 INFO     command: tesseract -l por /tmp/tmpb8tms6ck.png stdout tsv
20:27:03 INFO     command: tesseract --psm 0 -l osd /tmp/tmpaeui2koj.png stdout
20:27:05 INFO     command: tesseract -l por /tmp/tmpaeui2koj.png stdout tsv
20:27:15 INFO     command: tesseract --psm 0 -l osd /tmp/tmpwd60efby.png stdout
20:27:16 INFO     command: tesseract -l por /tmp/tmpwd60efby.png stdout tsv
20:27:17 INFO     command: tesseract --psm 0 -l osd /tmp/tmpx9z5eb_p.png stdout
20:27:18 INFO     command: tesseract -l por /tmp/tmpx9z5eb_p.png stdout tsv
20:27:20 INFO     command: tesseract --psm 0 -l osd /tmp/tmpwkqh8jir.png stdout
20:27:20 INFO     command: tesseract -l por /tmp/tmpwkqh8jir.png stdout tsv
20:27:22 INFO     command: tesseract --psm 0 -l osd /tmp/tmpx1tjnxot.png stdout
20:27:23 INFO     command: tesseract -l por /tmp/tmpx1tjnxot.png stdout tsv
20:27:36 INFO     command: tesseract --psm 0 -l osd /tmp/tmprqkw9bc2.png stdout
20:27:37 INFO     command: tesseract -l por /tmp/tmprqkw9bc2.png stdout tsv
20:27:42 INFO     command: tesseract --psm 0 -l osd /tmp/tmp0ix9p7bm.png stdout
20:27:43 INFO     command: tesseract -l por /tmp/tmp0ix9p7bm.png stdout tsv
20:27:45 INFO     command: tesseract --psm 0 -l osd /tmp/tmpmtt3xkjr.png stdout
20:27:46 INFO     command: tesseract -l por /tmp/tmpmtt3xkjr.png stdout tsv
20:27:52 INFO     Finished converting document funai_ptd_2025_2027_docdiretivo_assinado-1_tarjado.pdf in 64.37 sec.
20:27:52 INFO       pixel_budget (Docling) funai_ptd_2025_2027_docdiretivo_assinado-1_tarjado.pdf: 16.4% (área tabelas/6515754 px²)
20:27:52 INFO     [9/15] ✓ FUNAI     :    8 entregas | 64.4s | ETA ~4min
20:27:52 INFO     [10/15] → incra_anexo_de_entregas_assinado-1_assinado_assinado-copia_tarjada.pdf
20:27:52 INFO     detected formats: [<InputFormat.PDF: 'pdf'>]
20:27:52 INFO     Going to convert document batch...
20:27:52 INFO     Processing document incra_anexo_de_entregas_assinado-1_assinado_assinado-copia_tarjada.pdf
20:27:53 INFO     command: tesseract --psm 0 -l osd /tmp/tmpama7llvi.png stdout
20:27:54 INFO     command: tesseract -l por /tmp/tmpama7llvi.png stdout tsv
20:27:57 INFO     command: tesseract --psm 0 -l osd /tmp/tmp_cmecscd.png stdout
20:27:59 INFO     command: tesseract -l por /tmp/tmp_cmecscd.png stdout tsv
20:28:06 INFO     command: tesseract --psm 0 -l osd /tmp/tmplv079yd8.png stdout
20:28:07 INFO     command: tesseract -l por /tmp/tmplv079yd8.png stdout tsv
20:28:08 INFO     command: tesseract --psm 0 -l osd /tmp/tmpdj9_esoc.png stdout
20:28:09 INFO     command: tesseract -l por /tmp/tmpdj9_esoc.png stdout tsv
20:28:11 INFO     command: tesseract --psm 0 -l osd /tmp/tmpzp7hj6oi.png stdout
20:28:12 INFO     command: tesseract -l por /tmp/tmpzp7hj6oi.png stdout tsv
20:29:42 INFO     Finished converting document incra_anexo_de_entregas_assinado-1_assinado_assinado-copia_tarjada.pdf in 109.95 sec.
20:29:42 INFO       pixel_budget (Docling) incra_anexo_de_entregas_assinado-1_assinado_assinado-copia_tarjada.pdf: 30.0% (área tabelas/2423520 px²)
20:29:42 INFO     [10/15] ✓ INCRA     :   10 entregas | 110.0s | ETA ~4min
20:29:42 INFO     [11/15] → incra_ptd_docdiretivo__assinado-1_assinado_assinado-copia_tarjada.pdf
20:29:42 INFO     detected formats: [<InputFormat.PDF: 'pdf'>]
20:29:42 INFO     Going to convert document batch...
20:29:42 INFO     Processing document incra_ptd_docdiretivo__assinado-1_assinado_assinado-copia_tarjada.pdf
20:29:44 INFO     command: tesseract --psm 0 -l osd /tmp/tmp_bru1tig.png stdout
20:29:44 INFO     command: tesseract -l por /tmp/tmp_bru1tig.png stdout tsv
20:29:46 INFO     command: tesseract --psm 0 -l osd /tmp/tmpo2vjek0f.png stdout
20:29:48 INFO     command: tesseract -l por /tmp/tmpo2vjek0f.png stdout tsv
20:29:54 INFO     command: tesseract --psm 0 -l osd /tmp/tmps8ymkz6l.png stdout
20:29:55 INFO     command: tesseract -l por /tmp/tmps8ymkz6l.png stdout tsv
20:29:57 INFO     command: tesseract --psm 0 -l osd /tmp/tmp3rfluxa8.png stdout
20:29:57 INFO     command: tesseract -l por /tmp/tmp3rfluxa8.png stdout tsv
20:29:59 INFO     command: tesseract --psm 0 -l osd /tmp/tmpya1bkp_f.png stdout
20:30:00 INFO     command: tesseract -l por /tmp/tmpya1bkp_f.png stdout tsv
20:30:02 INFO     command: tesseract --psm 0 -l osd /tmp/tmplju0w_qr.png stdout
20:30:03 INFO     command: tesseract -l por /tmp/tmplju0w_qr.png stdout tsv
20:30:17 INFO     command: tesseract --psm 0 -l osd /tmp/tmpowe3fc4l.png stdout
20:30:18 INFO     command: tesseract -l por /tmp/tmpowe3fc4l.png stdout tsv
20:30:20 INFO     command: tesseract --psm 0 -l osd /tmp/tmpk2asw6ns.png stdout
20:30:21 INFO     command: tesseract -l por /tmp/tmpk2asw6ns.png stdout tsv
20:30:22 INFO     command: tesseract --psm 0 -l osd /tmp/tmp1o_9l7qc.png stdout
20:30:23 INFO     command: tesseract -l por /tmp/tmp1o_9l7qc.png stdout tsv
20:30:25 INFO     command: tesseract --psm 0 -l osd /tmp/tmprp7jtsv7.png stdout
20:30:26 INFO     command: tesseract -l por /tmp/tmprp7jtsv7.png stdout tsv
20:30:31 INFO     command: tesseract --psm 0 -l osd /tmp/tmpg9bgbut7.png stdout
20:30:32 INFO     command: tesseract -l por /tmp/tmpg9bgbut7.png stdout tsv
20:30:41 INFO     command: tesseract --psm 0 -l osd /tmp/tmpnda7wjof.png stdout
20:30:42 INFO     command: tesseract -l por /tmp/tmpnda7wjof.png stdout tsv
20:30:45 INFO     command: tesseract --psm 0 -l osd /tmp/tmppy84irj0.png stdout
20:30:45 INFO     command: tesseract -l por /tmp/tmppy84irj0.png stdout tsv
20:30:53 INFO     Finished converting document incra_ptd_docdiretivo__assinado-1_assinado_assinado-copia_tarjada.pdf in 70.55 sec.
20:30:53 INFO       pixel_budget (Docling) incra_ptd_docdiretivo__assinado-1_assinado_assinado-copia_tarjada.pdf: 20.2% (área tabelas/6515754 px²)
20:30:53 INFO     [11/15] ✓ INCRA     :   11 entregas | 70.6s | ETA ~3min
20:30:53 INFO     [12/15] → iti_anexo_de_entregas_assinado.pdf
20:30:53 INFO     detected formats: [<InputFormat.PDF: 'pdf'>]
20:30:53 INFO     Going to convert document batch...
20:30:53 INFO     Processing document iti_anexo_de_entregas_assinado.pdf
20:30:54 INFO     command: tesseract --psm 0 -l osd /tmp/tmpyl8tovtj.png stdout
20:30:55 INFO     command: tesseract -l por /tmp/tmpyl8tovtj.png stdout tsv
20:31:11 INFO     Finished converting document iti_anexo_de_entregas_assinado.pdf in 17.72 sec.
20:31:11 INFO       pixel_budget (Docling) iti_anexo_de_entregas_assinado.pdf: 57.2% (área tabelas/501212 px²)
20:31:11 INFO     [12/15] ✓ ITI       :   31 entregas | 17.7s | ETA ~2min
20:31:11 INFO     [13/15] → iti_doc_diretivo_assinado-1_tarjado.pdf
20:31:11 INFO     detected formats: [<InputFormat.PDF: 'pdf'>]
20:31:11 INFO     Going to convert document batch...
20:31:11 INFO     Processing document iti_doc_diretivo_assinado-1_tarjado.pdf
20:31:11 INFO     command: tesseract --psm 0 -l osd /tmp/tmpn4pxofsx.png stdout
20:31:12 INFO     command: tesseract -l por /tmp/tmpn4pxofsx.png stdout tsv
20:31:14 INFO     command: tesseract --psm 0 -l osd /tmp/tmprce0l9jm.png stdout
20:31:15 INFO     command: tesseract -l por /tmp/tmprce0l9jm.png stdout tsv
20:31:20 INFO     command: tesseract --psm 0 -l osd /tmp/tmpw0_bciar.png stdout
20:31:21 INFO     command: tesseract -l por /tmp/tmpw0_bciar.png stdout tsv
20:31:23 INFO     command: tesseract --psm 0 -l osd /tmp/tmpbmc996fp.png stdout
20:31:24 INFO     command: tesseract -l por /tmp/tmpbmc996fp.png stdout tsv
20:31:25 INFO     command: tesseract --psm 0 -l osd /tmp/tmps8gii8so.png stdout
20:31:26 INFO     command: tesseract -l por /tmp/tmps8gii8so.png stdout tsv
20:31:28 INFO     command: tesseract --psm 0 -l osd /tmp/tmpuu5gr6oo.png stdout
20:31:30 INFO     command: tesseract -l por /tmp/tmpuu5gr6oo.png stdout tsv
20:31:46 INFO     command: tesseract --psm 0 -l osd /tmp/tmpv4lozyr3.png stdout
20:31:46 INFO     command: tesseract -l por /tmp/tmpv4lozyr3.png stdout tsv
20:31:49 INFO     command: tesseract --psm 0 -l osd /tmp/tmp_avwvo26.png stdout
20:31:49 INFO     command: tesseract -l por /tmp/tmp_avwvo26.png stdout tsv
20:31:52 INFO     command: tesseract --psm 0 -l osd /tmp/tmpgj2cqhue.png stdout
20:31:52 INFO     command: tesseract -l por /tmp/tmpgj2cqhue.png stdout tsv
20:31:54 INFO     command: tesseract --psm 0 -l osd /tmp/tmpuj5v0ohp.png stdout
20:31:56 INFO     command: tesseract -l por /tmp/tmpuj5v0ohp.png stdout tsv
20:32:03 INFO     command: tesseract --psm 0 -l osd /tmp/tmpx8wmg58h.png stdout
20:32:03 INFO     command: tesseract -l por /tmp/tmpx8wmg58h.png stdout tsv
20:32:13 INFO     Finished converting document iti_doc_diretivo_assinado-1_tarjado.pdf in 62.20 sec.
20:32:13 INFO       pixel_budget (Docling) iti_doc_diretivo_assinado-1_tarjado.pdf: 8.0% (área tabelas/5516339 px²)
20:32:13 INFO     [13/15] ✓ ITI       :    9 entregas | 62.2s | ETA ~1min
20:32:13 INFO     [14/15] → sgpr_ptd_2025_2027_anexo_de_entregas_assinado-copia_tarjada.pdf
20:32:13 INFO     detected formats: [<InputFormat.PDF: 'pdf'>]
20:32:13 INFO     Going to convert document batch...
20:32:13 INFO     Processing document sgpr_ptd_2025_2027_anexo_de_entregas_assinado-copia_tarjada.pdf
20:32:14 INFO     command: tesseract --psm 0 -l osd /tmp/tmppr3ut2do.png stdout
20:32:15 INFO     command: tesseract -l por /tmp/tmppr3ut2do.png stdout tsv
20:32:18 INFO     command: tesseract --psm 0 -l osd /tmp/tmpae8ta5z8.png stdout
20:32:19 INFO     command: tesseract -l por /tmp/tmpae8ta5z8.png stdout tsv
20:32:31 INFO     Finished converting document sgpr_ptd_2025_2027_anexo_de_entregas_assinado-copia_tarjada.pdf in 17.70 sec.
20:32:31 INFO       pixel_budget (Docling) sgpr_ptd_2025_2027_anexo_de_entregas_assinado-copia_tarjada.pdf: 29.5% (área tabelas/1002424 px²)
20:32:31 INFO     [14/15] ✓ SGPR      :   15 entregas | 17.7s | ETA ~48s
20:32:31 INFO     [15/15] → sgpr_ptd_2026_2027_docdiretivo_assinado-copia_tarjada.pdf
20:32:31 INFO     detected formats: [<InputFormat.PDF: 'pdf'>]
20:32:31 INFO     Going to convert document batch...
20:32:31 INFO     Processing document sgpr_ptd_2026_2027_docdiretivo_assinado-copia_tarjada.pdf
20:32:51 INFO     Finished converting document sgpr_ptd_2026_2027_docdiretivo_assinado-copia_tarjada.pdf in 20.09 sec.
20:32:51 INFO       pixel_budget (Docling) sgpr_ptd_2026_2027_docdiretivo_assinado-copia_tarjada.pdf: 8.2% (área tabelas/5513330 px²)
20:32:51 INFO     [15/15] ✓ SGPR      :    4 entregas | 20.1s | ETA ~0s
20:32:51 INFO     273 registros | 7 órgãos
20:32:51 INFO     ╔══════════════════════════════════════════════════════════════╗
20:32:51 INFO     ║                  ENTREGAS — fase concluída                   ║
20:32:51 INFO     ║  Processados: 15    |  ✓ 15  ⚠ 0                             ║
20:32:51 INFO     ║  Duração: 11.5 min                                           ║
20:32:51 INFO     ║  273 registros | 7 órgãos                                    ║
20:32:51 INFO     ╚══════════════════════════════════════════════════════════════╝
20:32:51 INFO     [1/7] → agu_ptd_2025_2027_docdiretivo_assinado_assinado_assinado-copia_tarjada.pdf
20:32:51 INFO     detected formats: [<InputFormat.PDF: 'pdf'>]
20:32:51 INFO     Going to convert document batch...
20:32:51 INFO     Processing document agu_ptd_2025_2027_docdiretivo_assinado_assinado_assinado-copia_tarjada.pdf
20:32:51 INFO     command: tesseract --psm 0 -l osd /tmp/tmp__w2avw3.png stdout
20:32:52 INFO     command: tesseract -l por /tmp/tmp__w2avw3.png stdout tsv
20:32:53 INFO     command: tesseract --psm 0 -l osd /tmp/tmp0vary319.png stdout
20:32:55 INFO     command: tesseract -l por /tmp/tmp0vary319.png stdout tsv
20:32:59 INFO     command: tesseract --psm 0 -l osd /tmp/tmp1ysohe5k.png stdout
20:33:00 INFO     command: tesseract -l por /tmp/tmp1ysohe5k.png stdout tsv
20:33:02 INFO     command: tesseract --psm 0 -l osd /tmp/tmpj4p2l3m3.png stdout
20:33:03 INFO     command: tesseract -l por /tmp/tmpj4p2l3m3.png stdout tsv
20:33:05 INFO     command: tesseract --psm 0 -l osd /tmp/tmp2dwrjpcv.png stdout
20:33:06 INFO     command: tesseract -l por /tmp/tmp2dwrjpcv.png stdout tsv
20:33:08 INFO     command: tesseract --psm 0 -l osd /tmp/tmpghqjr6q_.png stdout
20:33:09 INFO     command: tesseract -l por /tmp/tmpghqjr6q_.png stdout tsv
20:33:20 INFO     command: tesseract --psm 0 -l osd /tmp/tmpiusyk1_h.png stdout
20:33:20 INFO     command: tesseract -l por /tmp/tmpiusyk1_h.png stdout tsv
20:33:23 INFO     command: tesseract --psm 0 -l osd /tmp/tmpvxwywchi.png stdout
20:33:23 INFO     command: tesseract -l por /tmp/tmpvxwywchi.png stdout tsv
20:33:26 INFO     command: tesseract --psm 0 -l osd /tmp/tmpm372joj8.png stdout
20:33:26 INFO     command: tesseract -l por /tmp/tmpm372joj8.png stdout tsv
20:33:29 INFO     command: tesseract --psm 0 -l osd /tmp/tmpke8nj9fj.png stdout
20:33:30 INFO     command: tesseract -l por /tmp/tmpke8nj9fj.png stdout tsv
20:33:42 INFO     command: tesseract --psm 0 -l osd /tmp/tmpb8nrkjeu.png stdout
20:33:43 INFO     command: tesseract -l por /tmp/tmpb8nrkjeu.png stdout tsv
20:33:47 INFO     Finished converting document agu_ptd_2025_2027_docdiretivo_assinado_assinado_assinado-copia_tarjada.pdf in 56.07 sec.
20:33:47 INFO     [1/7] ✓ AGU       :   7 riscos | 56.1s | ETA ~5min
20:33:47 INFO     [2/7] → documento-diretivo-mcom-_-ptd-25_27-copia_tarjada.pdf
20:33:47 INFO     detected formats: [<InputFormat.PDF: 'pdf'>]
20:33:47 INFO     Going to convert document batch...
20:33:47 INFO     Processing document documento-diretivo-mcom-_-ptd-25_27-copia_tarjada.pdf
20:33:47 INFO     command: tesseract --psm 0 -l osd /tmp/tmpvi91bjuo.png stdout
20:33:48 INFO     command: tesseract -l por /tmp/tmpvi91bjuo.png stdout tsv
20:33:50 INFO     command: tesseract --psm 0 -l osd /tmp/tmp9r4_h_x_.png stdout
20:33:52 INFO     command: tesseract -l por /tmp/tmp9r4_h_x_.png stdout tsv
20:33:56 INFO     command: tesseract --psm 0 -l osd /tmp/tmpffil93ip.png stdout
20:33:57 INFO     command: tesseract -l por /tmp/tmpffil93ip.png stdout tsv
20:33:58 INFO     command: tesseract --psm 0 -l osd /tmp/tmpd7jgcs7t.png stdout
20:33:59 INFO     command: tesseract -l por /tmp/tmpd7jgcs7t.png stdout tsv
20:34:01 INFO     command: tesseract --psm 0 -l osd /tmp/tmpnoi7r2ud.png stdout
20:34:02 INFO     command: tesseract -l por /tmp/tmpnoi7r2ud.png stdout tsv
20:34:04 INFO     command: tesseract --psm 0 -l osd /tmp/tmpysak0sh8.png stdout
20:34:06 INFO     command: tesseract -l por /tmp/tmpysak0sh8.png stdout tsv
20:34:19 INFO     command: tesseract --psm 0 -l osd /tmp/tmpupxj1fgd.png stdout
20:34:20 INFO     command: tesseract -l por /tmp/tmpupxj1fgd.png stdout tsv
20:34:23 INFO     command: tesseract --psm 0 -l osd /tmp/tmpf6a9icfs.png stdout
20:34:23 INFO     command: tesseract -l por /tmp/tmpf6a9icfs.png stdout tsv
20:34:26 INFO     command: tesseract --psm 0 -l osd /tmp/tmp3t7tz6ka.png stdout
20:34:27 INFO     command: tesseract -l por /tmp/tmp3t7tz6ka.png stdout tsv
20:34:29 INFO     command: tesseract --psm 0 -l osd /tmp/tmpzi9q7uex.png stdout
20:34:30 INFO     command: tesseract -l por /tmp/tmpzi9q7uex.png stdout tsv
20:34:34 INFO     command: tesseract --psm 0 -l osd /tmp/tmp4kpb_lxk.png stdout
20:34:35 INFO     command: tesseract -l por /tmp/tmp4kpb_lxk.png stdout tsv
20:34:42 INFO     command: tesseract --psm 0 -l osd /tmp/tmp2249qi6n.png stdout
20:34:43 INFO     command: tesseract -l por /tmp/tmp2249qi6n.png stdout tsv
20:34:45 INFO     command: tesseract --psm 0 -l osd /tmp/tmp7a744wbf.png stdout
20:34:45 INFO     command: tesseract -l por /tmp/tmp7a744wbf.png stdout tsv
20:34:48 INFO     command: tesseract --psm 0 -l osd /tmp/tmpbl71e5c0.png stdout
20:34:48 INFO     command: tesseract -l por /tmp/tmpbl71e5c0.png stdout tsv
20:34:54 INFO     Finished converting document documento-diretivo-mcom-_-ptd-25_27-copia_tarjada.pdf in 67.71 sec.
20:34:54 INFO     [2/7] ✓ MCOM      :  14 riscos | 67.7s | ETA ~5min
20:34:54 INFO     [3/7] → fiocruz_novo-ptd_2-1_docdiretivo_repactuacao_2024-2026_assinado_assinado-copia_tarjada.pdf
20:34:54 INFO     detected formats: [<InputFormat.PDF: 'pdf'>]
20:34:54 INFO     Going to convert document batch...
20:34:54 INFO     Processing document fiocruz_novo-ptd_2-1_docdiretivo_repactuacao_2024-2026_assinado_assinado-copia_tarjada.pdf
20:35:12 INFO     Finished converting document fiocruz_novo-ptd_2-1_docdiretivo_repactuacao_2024-2026_assinado_assinado-copia_tarjada.pdf in 17.95 sec.
20:35:12 INFO     [3/7] ✓ FIOCRUZ   :   6 riscos | 18.0s | ETA ~3min
20:35:12 INFO     [4/7] → funai_ptd_2025_2027_docdiretivo_assinado-1_tarjado.pdf
20:35:12 INFO     detected formats: [<InputFormat.PDF: 'pdf'>]
20:35:12 INFO     Going to convert document batch...
20:35:12 INFO     Processing document funai_ptd_2025_2027_docdiretivo_assinado-1_tarjado.pdf
20:35:14 INFO     command: tesseract --psm 0 -l osd /tmp/tmps_5d02bq.png stdout
20:35:14 INFO     command: tesseract -l por /tmp/tmps_5d02bq.png stdout tsv
20:35:16 INFO     command: tesseract --psm 0 -l osd /tmp/tmpmvv0f5nr.png stdout
20:35:17 INFO     command: tesseract -l por /tmp/tmpmvv0f5nr.png stdout tsv
20:35:20 INFO     command: tesseract --psm 0 -l osd /tmp/tmpsara222o.png stdout
20:35:21 INFO     command: tesseract -l por /tmp/tmpsara222o.png stdout tsv
20:35:23 INFO     command: tesseract --psm 0 -l osd /tmp/tmpgrhqx5mz.png stdout
20:35:23 INFO     command: tesseract -l por /tmp/tmpgrhqx5mz.png stdout tsv
20:35:25 INFO     command: tesseract --psm 0 -l osd /tmp/tmp8dkv5s89.png stdout
20:35:26 INFO     command: tesseract -l por /tmp/tmp8dkv5s89.png stdout tsv
20:35:28 INFO     command: tesseract --psm 0 -l osd /tmp/tmp0r3e2led.png stdout
20:35:29 INFO     command: tesseract -l por /tmp/tmp0r3e2led.png stdout tsv
20:35:39 INFO     command: tesseract --psm 0 -l osd /tmp/tmpgv5vzo0_.png stdout
20:35:40 INFO     command: tesseract -l por /tmp/tmpgv5vzo0_.png stdout tsv
20:35:42 INFO     command: tesseract --psm 0 -l osd /tmp/tmpmu4zi254.png stdout
20:35:42 INFO     command: tesseract -l por /tmp/tmpmu4zi254.png stdout tsv
20:35:44 INFO     command: tesseract --psm 0 -l osd /tmp/tmp2bp7_wdg.png stdout
20:35:44 INFO     command: tesseract -l por /tmp/tmp2bp7_wdg.png stdout tsv
20:35:46 INFO     command: tesseract --psm 0 -l osd /tmp/tmptyrhir8n.png stdout
20:35:48 INFO     command: tesseract -l por /tmp/tmptyrhir8n.png stdout tsv
20:36:03 INFO     command: tesseract --psm 0 -l osd /tmp/tmp9bbdye_8.png stdout
20:36:04 INFO     command: tesseract -l por /tmp/tmp9bbdye_8.png stdout tsv
20:36:10 INFO     command: tesseract --psm 0 -l osd /tmp/tmpt7zfkfo3.png stdout
20:36:11 INFO     command: tesseract -l por /tmp/tmpt7zfkfo3.png stdout tsv
20:36:13 INFO     command: tesseract --psm 0 -l osd /tmp/tmpfut_v0d9.png stdout
20:36:13 INFO     command: tesseract -l por /tmp/tmpfut_v0d9.png stdout tsv
20:36:20 INFO     Finished converting document funai_ptd_2025_2027_docdiretivo_assinado-1_tarjado.pdf in 67.36 sec.
20:36:20 INFO     [4/7] ✓ FUNAI     :  15 riscos | 67.4s | ETA ~2min
20:36:20 INFO     [5/7] → incra_ptd_docdiretivo__assinado-1_assinado_assinado-copia_tarjada.pdf
20:36:20 INFO     detected formats: [<InputFormat.PDF: 'pdf'>]
20:36:20 INFO     Going to convert document batch...
20:36:20 INFO     Processing document incra_ptd_docdiretivo__assinado-1_assinado_assinado-copia_tarjada.pdf
20:36:21 INFO     command: tesseract --psm 0 -l osd /tmp/tmpwcit7mtn.png stdout
20:36:21 INFO     command: tesseract -l por /tmp/tmpwcit7mtn.png stdout tsv
20:36:24 INFO     command: tesseract --psm 0 -l osd /tmp/tmpk083ydti.png stdout
20:36:25 INFO     command: tesseract -l por /tmp/tmpk083ydti.png stdout tsv
20:36:31 INFO     command: tesseract --psm 0 -l osd /tmp/tmp6t3_z9y5.png stdout
20:36:32 INFO     command: tesseract -l por /tmp/tmp6t3_z9y5.png stdout tsv
20:36:34 INFO     command: tesseract --psm 0 -l osd /tmp/tmpqu_ib21l.png stdout
20:36:34 INFO     command: tesseract -l por /tmp/tmpqu_ib21l.png stdout tsv
20:36:36 INFO     command: tesseract --psm 0 -l osd /tmp/tmpojhqb8mg.png stdout
20:36:37 INFO     command: tesseract -l por /tmp/tmpojhqb8mg.png stdout tsv
20:36:39 INFO     command: tesseract --psm 0 -l osd /tmp/tmp7vd_mlue.png stdout
20:36:40 INFO     command: tesseract -l por /tmp/tmp7vd_mlue.png stdout tsv
20:36:57 INFO     command: tesseract --psm 0 -l osd /tmp/tmp6efr154z.png stdout
20:36:58 INFO     command: tesseract -l por /tmp/tmp6efr154z.png stdout tsv
20:36:59 INFO     command: tesseract --psm 0 -l osd /tmp/tmp07vk_h4o.png stdout
20:37:00 INFO     command: tesseract -l por /tmp/tmp07vk_h4o.png stdout tsv
20:37:02 INFO     command: tesseract --psm 0 -l osd /tmp/tmpzrospdx9.png stdout
20:37:02 INFO     command: tesseract -l por /tmp/tmpzrospdx9.png stdout tsv
20:37:04 INFO     command: tesseract --psm 0 -l osd /tmp/tmp2ok2c7u9.png stdout
20:37:06 INFO     command: tesseract -l por /tmp/tmp2ok2c7u9.png stdout tsv
20:37:13 INFO     command: tesseract --psm 0 -l osd /tmp/tmpy5_6v1q3.png stdout
20:37:14 INFO     command: tesseract -l por /tmp/tmpy5_6v1q3.png stdout tsv
20:37:20 INFO     command: tesseract --psm 0 -l osd /tmp/tmp4anwyiae.png stdout
20:37:21 INFO     command: tesseract -l por /tmp/tmp4anwyiae.png stdout tsv
20:37:24 INFO     command: tesseract --psm 0 -l osd /tmp/tmp4cwfkog2.png stdout
20:37:25 INFO     command: tesseract -l por /tmp/tmp4cwfkog2.png stdout tsv
20:37:32 INFO     Finished converting document incra_ptd_docdiretivo__assinado-1_assinado_assinado-copia_tarjada.pdf in 72.67 sec.
20:37:32 INFO     [5/7] ✓ INCRA     :  15 riscos | 72.7s | ETA ~1min
20:37:32 INFO     [6/7] → iti_doc_diretivo_assinado-1_tarjado.pdf
20:37:32 INFO     detected formats: [<InputFormat.PDF: 'pdf'>]
20:37:32 INFO     Going to convert document batch...
20:37:32 INFO     Processing document iti_doc_diretivo_assinado-1_tarjado.pdf
20:37:33 INFO     command: tesseract --psm 0 -l osd /tmp/tmp0ia_n_f9.png stdout
20:37:33 INFO     command: tesseract -l por /tmp/tmp0ia_n_f9.png stdout tsv
20:37:35 INFO     command: tesseract --psm 0 -l osd /tmp/tmpchx0gjsd.png stdout
20:37:37 INFO     command: tesseract -l por /tmp/tmpchx0gjsd.png stdout tsv
20:37:41 INFO     command: tesseract --psm 0 -l osd /tmp/tmp5xi3r5ri.png stdout
20:37:42 INFO     command: tesseract -l por /tmp/tmp5xi3r5ri.png stdout tsv
20:37:44 INFO     command: tesseract --psm 0 -l osd /tmp/tmp926tmyst.png stdout
20:37:44 INFO     command: tesseract -l por /tmp/tmp926tmyst.png stdout tsv
20:37:46 INFO     command: tesseract --psm 0 -l osd /tmp/tmphgcplg06.png stdout
20:37:47 INFO     command: tesseract -l por /tmp/tmphgcplg06.png stdout tsv
20:37:49 INFO     command: tesseract --psm 0 -l osd /tmp/tmp5up4juzk.png stdout
20:37:50 INFO     command: tesseract -l por /tmp/tmp5up4juzk.png stdout tsv
20:38:04 INFO     command: tesseract --psm 0 -l osd /tmp/tmp2kluei3z.png stdout
20:38:05 INFO     command: tesseract -l por /tmp/tmp2kluei3z.png stdout tsv
20:38:07 INFO     command: tesseract --psm 0 -l osd /tmp/tmpvp71jcd3.png stdout
20:38:08 INFO     command: tesseract -l por /tmp/tmpvp71jcd3.png stdout tsv
20:38:10 INFO     command: tesseract --psm 0 -l osd /tmp/tmpd7mi_0y9.png stdout
20:38:11 INFO     command: tesseract -l por /tmp/tmpd7mi_0y9.png stdout tsv
20:38:13 INFO     command: tesseract --psm 0 -l osd /tmp/tmpx2k32wxq.png stdout
20:38:15 INFO     command: tesseract -l por /tmp/tmpx2k32wxq.png stdout tsv
20:38:28 INFO     command: tesseract --psm 0 -l osd /tmp/tmpspmiwaoe.png stdout
20:38:29 INFO     command: tesseract -l por /tmp/tmpspmiwaoe.png stdout tsv
20:38:33 INFO     Finished converting document iti_doc_diretivo_assinado-1_tarjado.pdf in 60.06 sec.
20:38:33 INFO     [6/7] ✓ ITI       :  14 riscos | 60.1s | ETA ~57s
20:38:33 INFO     [7/7] → sgpr_ptd_2026_2027_docdiretivo_assinado-copia_tarjada.pdf
20:38:33 INFO     detected formats: [<InputFormat.PDF: 'pdf'>]
20:38:33 INFO     Going to convert document batch...
20:38:33 INFO     Processing document sgpr_ptd_2026_2027_docdiretivo_assinado-copia_tarjada.pdf
20:38:54 INFO     Finished converting document sgpr_ptd_2026_2027_docdiretivo_assinado-copia_tarjada.pdf in 21.90 sec.
20:38:54 INFO     [7/7] ✓ SGPR      :  10 riscos | 21.9s | ETA ~0s
20:38:54 INFO     ╔══════════════════════════════════════════════════════════════╗
20:38:54 INFO     ║                   RISCOS — fase concluída                    ║
20:38:54 INFO     ║  Processados: 7     |  ✓ 7  ⚠ 0                              ║
20:38:54 INFO     ║  Duração: 6.1 min                                            ║
20:38:54 INFO     ║  81 riscos | 7 órgãos                                        ║
20:38:54 INFO     ╚══════════════════════════════════════════════════════════════╝
20:38:54 INFO     81 riscos | 0 ações | 135 relações
20:38:54 INFO     ptd_corpus_raw                     : 273 linhas
20:38:54 INFO     ptd_pivot_eixos                    : 7 linhas
20:38:58 INFO     ptd_datas_assinatura               : 132 linhas
20:38:58 INFO     ptd_riscos                         : 81 linhas
20:38:58 INFO     ptd_riscos_acoes                   : 135 linhas
20:38:58 INFO     Manifesto salvo: pipeline_manifest.json | SHA-256 de 132 PDFs
20:38:58 INFO     ==================================================
20:38:58 INFO     PTD-BR v3.0-melhorado — PIPELINE CONCLUÍDO
20:38:58 INFO     ==================================================
20:38:58 INFO     ptd_corpus_raw.csv                        167 KB
20:38:58 INFO     ptd_pivot_eixos.csv                         0 KB
20:38:58 INFO     ptd_datas_assinatura.csv                    9 KB
20:38:58 INFO     ptd_riscos.csv                             23 KB
20:38:58 INFO     ptd_riscos_acoes.csv                        2 KB
20:38:58 INFO     proveniencia.json                           0 KB
20:38:58 INFO     pipeline_manifest.json                     21 KB
20:38:58 INFO     📦 Artefatos: https://github.com/freirelucas/teste/actions/runs/24049021135
20:38:58 INFO     ==================================================
