20:51:12 INFO     Docling disponível
20:51:12 WARNING  OCR fallback indisponível (IndentationError: unexpected indent (ptd_ocr_fallback.py, line 45))
20:51:13 INFO     Ignorado (guia/template/norma): ABNT-NBR-17225-Acessibilidade-Digital.pdf
20:51:13 INFO     Ignorado (guia/template/norma): cgrep-guia10passos-ptd-orgao.pdf
20:51:13 INFO     Ignorado (guia/template/norma): ABNT-NBR-17225-Acessibilidade-Digital.pdf
20:51:13 INFO     Scraping: 132 PDFs únicos | entregas: 68 | diretivos: 61
20:51:13 INFO     Baixando 132 PDFs únicos...
20:51:14 INFO     ✓ [  1/132] abin_ptd_anexo_de_entregas_assinado_pelo_orgao_ass   293.3KB
20:51:18 INFO     ✓ [  2/132] aeb_ptd_2025_2027_docdiretivo_aprovado_assinado-1_  1033.7KB
20:51:20 INFO     ✓ [  3/132] aeb_ptd_2025_2027_anexo_de_entregas_aprovado_assin   154.5KB
20:51:26 INFO     ✓ [  4/132] agu_ptd_2025_2027_docdiretivo_assinado_assinado_as  2860.3KB
20:51:28 INFO     ✓ [  5/132] agu_ptd_2025_2027_anexo_de_entregas_assinado_assin   525.5KB
20:51:31 INFO     ✓ [  6/132] ana_ptd_2025_2027_docdiretivo_assinado_assinado_as   477.2KB
20:51:33 INFO     ✓ [  7/132] ana_ptd_2025_2027_anexoentregas_assinado_assinado_   170.9KB
20:51:36 INFO     ✓ [  8/132] anac_ptd_2025_2026_docdiretivo_se_assinado_tarjado  1036.3KB
20:51:39 INFO     ✓ [  9/132] anac_ptd_2025_2026_anexo_de_entregas_se_assinado.p   215.2KB
20:51:42 INFO     ✓ [ 10/132] anatel_ptd_docdiretivo_assinado_2025_2026_assinado  1006.0KB
20:51:44 INFO     ✓ [ 11/132] anatel_ptd_2025_2026_anexo_de_entregas_do_ptd_publ    71.9KB
20:51:47 INFO     ✓ [ 12/132] ancine_ptd_2024_2026_docdiretivo_assinado-2_assina   961.8KB
20:51:50 INFO     ✓ [ 13/132] ancine_ptd_2024_2026_-_anexo_de_entregas_aprovado_   613.2KB
20:51:53 INFO     ✓ [ 14/132] ptd_aneel_2025-2027_docdiretivo_assinado_tarjado.p   779.6KB
20:51:55 INFO     ✓ [ 15/132] ptd_aneel_2025-2027_anexo_de_entregas_assinado.pdf   111.9KB
20:51:58 INFO     ✓ [ 16/132] anm_ptd_2025_2027_docdiretivo_assinadopeloorgao_ta  1092.5KB
20:52:02 INFO     ✓ [ 17/132] anm_ptd_2025_2027_anexo_entregas_assinadopeloorgao  1140.4KB
20:52:05 INFO     ✓ [ 18/132] anpd_ptd_2025_2027_docdiretivo_assinado_assinado_a  1044.3KB
20:52:07 INFO     ✓ [ 19/132] anpd_ptd_2025_2027_anexo_de_entregas_assinado_assi   166.5KB
20:52:10 INFO     ✓ [ 20/132] ans-plano_de_transformacao_digital_assinado-copia_  1023.4KB
20:52:13 INFO     ✓ [ 21/132] ans_ptd_2025_2026_anexo_de_entregas_assinado_assin   124.1KB
20:52:16 INFO     ✓ [ 22/132] antaq_ptd_2025_2027_docdiretivo_assinado_assinado_  1039.8KB
20:52:18 INFO     ✓ [ 23/132] antaq_ptd_2025_2027_anexoentregas_assinado_assinad   145.1KB
20:52:20 INFO     ✓ [ 24/132] mt_anexo_de_entregas_-_assinado_assinado_assinado_   143.6KB
20:52:29 INFO     ✓ [ 25/132] anvisa_ptd_docdiretivo_2025-2026_assinado_assinado  5771.2KB
20:52:31 INFO     ✓ [ 26/132] anvisa_ptd_anexo_de_entregas_2025_2026_assinado_as   239.0KB
20:52:34 INFO     ✓ [ 27/132] bcb_documento_diretivo_assinado_assinado_assinado-   713.7KB
20:52:36 INFO     ✓ [ 28/132] bcb_anexo_de_entregas_ptd_25_26-1_assinado_assinad   134.8KB
20:52:43 INFO     ✓ [ 29/132] cade_ptd_docdiretivo_2025_2026_assinado-2_assinado   810.4KB
20:52:46 INFO     ✓ [ 30/132] cade_ptd_anexo_de_entregas_2025_2026_assinado_copi   504.0KB
20:52:49 INFO     ✓ [ 31/132] mec_ptd_docdiretivo_2025-2026_sei_mec-5566673_copi   863.1KB
20:52:51 INFO     ✓ [ 32/132] mec_ptd_anexo-de-entregas_sei_mec-5576401_copia_ta   495.7KB
20:52:55 INFO     ✓ [ 33/132] mec_ptd_docdiretivo-versao-comunicacao_copia_tarja  1616.5KB
20:52:58 INFO     ✓ [ 34/132] md_ptd_2026_2027_anexo_de_entregas_assinado_assina   579.4KB
20:53:00 INFO     ✓ [ 35/132] md_ptd_2026_2027_anexo_de_entregas_assinado_assina   186.8KB
20:53:03 INFO     ✓ [ 36/132] md_ptd_temp_copia_tarjada.pdf                        741.9KB
20:53:06 INFO     ✓ [ 37/132] cgu_ptd_docdiretivo_assinado_assinado_assinado-cop  1085.4KB
20:53:09 INFO     ✓ [ 38/132] cgu_ptd_anexo_de_entregas_pactuadas_assinado_assin   514.1KB
20:53:11 INFO     ✓ [ 39/132] cnpq_ptd_2025_2027_docdiretivo_assinado_assinado_a   342.9KB
20:53:13 INFO     ✓ [ 40/132] cnpq_ptd_2025_2027_anexo_de_entregas_assinado_assi   136.1KB
20:53:17 INFO     ✓ [ 41/132] coaf_ptd_2025_2026_documento_diretivo_assinado_ass  1068.0KB
20:53:22 INFO     ✓ [ 42/132] coaf_ptd_2025_2026_anexo_de_entregas-2_assinado_as  3184.5KB
20:53:28 INFO     ✓ [ 43/132] ptd_midr-docdiretivo_aprovado_assinado_tarjado.pdf  3864.1KB
20:53:32 INFO     ✓ [ 44/132] ptd_midr_-_anexo_de_entregas_-_aprovado_assinado.p  1122.0KB
20:53:35 INFO     ✓ [ 45/132] mda-documento-diretivo-assinado_ptd-2025-207-copia   955.8KB
20:53:37 INFO     ✓ [ 46/132] cvm_ptd_2025_2027_docdiretivo_assinado_assinado_as   270.5KB
20:53:40 INFO     ✓ [ 47/132] cvm_ptd_2025_2027_anexoentregas_assinado_assinado_   409.0KB
20:53:43 INFO     ✓ [ 48/132] dnocs_ptd_doc_diretivo_2025_2026_assinado_orgao-2_   891.1KB
20:53:45 INFO     ✓ [ 49/132] dnocs_anexo_de_entregas_repactuado_2025_2026_assin   272.3KB
20:53:50 INFO     ✓ [ 50/132] fbn_ptd_2025_2027_docdiretivo_assinado-1_tarjado.p  2921.6KB
20:53:53 INFO     ✓ [ 51/132] fbn_ptd_2025_2027_anexo_de_entregas_assinado-1.pdf   162.3KB
20:53:56 INFO     ✓ [ 52/132] fcp_ptd_2025_2027_docdiretivo_assinado-1_tarjado.p  1612.0KB
20:53:58 INFO     ✓ [ 53/132] fcp_ptd_2025_2027_anexo_de_entregas_assinado-1.pdf   118.8KB
20:54:02 INFO     ✓ [ 54/132] fcrb_ptd_2025_2026_docdiretivo_aprovado_assinado-1   998.2KB
20:54:04 INFO     ✓ [ 55/132] fcrb_ptd_2025_2026_anexo_de_entregas_aprovado_assi   313.5KB
20:54:07 INFO     ✓ [ 56/132] fiocruz_novo-ptd_2-1_docdiretivo_repactuacao_2024-  1318.1KB
20:54:10 INFO     ✓ [ 57/132] fiocruz_ptd_anexo_de_entregas_assinado_v1_assinado   257.1KB
20:54:14 INFO     ✓ [ 58/132] fiocruz-ptd-06_2024-copia_tarjada.pdf               1693.8KB
20:54:18 INFO     ✓ [ 59/132] funai_ptd_2025_2027_docdiretivo_assinado-1_tarjado  1842.1KB
20:54:20 INFO     ✓ [ 60/132] funai_anexo_de_entregas_repactuado_2026_2027_assin   435.7KB
20:54:23 INFO     ✓ [ 61/132] funarte_ptd_docdiretivo_assinado_21_01_2025_assina   965.7KB
20:54:26 INFO     ✓ [ 62/132] funarte_ptd_anexo_de_entregas_assinado_v1_assinado   683.6KB
20:54:29 INFO     ✓ [ 63/132] fundacentro_ptd_2025_2027_docdiretivo_assinado_ass   826.6KB
20:54:32 INFO     ✓ [ 64/132] fundacentro_ptd_2025_2027_anexo_de_entregas_assina   635.5KB
20:54:35 INFO     ✓ [ 65/132] mma_ptd_docdiretivo_assinado_2025_2026-1_assinado_   949.3KB
20:54:37 INFO     ✓ [ 66/132] mma_ptd_anexo_de_entregas_aprovado_final_assinado_   174.8KB
20:54:40 INFO     ✓ [ 67/132] ibge_docdiretivo_2025_assinado_assinado_assinado-c  1167.3KB
20:54:42 INFO     ✓ [ 68/132] ibge_ptd_25_26_anexo_de_entregas_modelo_v2-1_assin   143.7KB
20:54:52 INFO     ✓ [ 69/132] incra_ptd_docdiretivo__assinado-1_assinado_assinad  7182.0KB
20:54:56 INFO     ✓ [ 70/132] incra_anexo_de_entregas_assinado-1_assinado_assina  1818.6KB
20:55:02 INFO     ✓ [ 71/132] inpi_ptd_docdiretivo_assinado_2025_2026_assinado_a  3322.4KB
20:55:07 INFO     ✓ [ 72/132] inpi_ptd_anexo_de_entregas_assinado_v1_assinado_as  3078.1KB
20:55:10 INFO     ✓ [ 73/132] inss_ptd_2025_2027_docdiretivo-assinado-copia_tarj  1173.3KB
20:55:12 INFO     ✓ [ 74/132] inss_ptd_2025_2027_anexo_de_entregas-assinado-copi   110.8KB
20:55:15 INFO     ✓ [ 75/132] iphan_ptd_docdiretivo_assinado_2025_2026_assinado_   885.7KB
20:55:18 INFO     ✓ [ 76/132] iphan_ptd_anexo_de_entregas_assinado_v1_assinado_a   310.9KB
20:55:25 INFO     ✓ [ 77/132] iti_doc_diretivo_assinado-1_tarjado.pdf             4905.1KB
20:55:27 INFO     ✓ [ 78/132] iti_anexo_de_entregas_assinado.pdf                   556.4KB
20:55:31 INFO     ✓ [ 79/132] mapa_ptd_2025_2027_docdiretivo_assinado-1_tarjado.  1740.9KB
20:55:34 INFO     ✓ [ 80/132] mapa_ptd_2025_2027_anexo_de_entregas_assinado-1.pd   261.9KB
20:55:40 INFO     ✓ [ 81/132] documento-diretivo-mcom-_-ptd-25_27-copia_tarjada.  4451.9KB
20:55:44 INFO     ✓ [ 82/132] anexo-de-entregas-mcom_ptd-25_27-copia_tarjada.pdf  1213.8KB
20:55:49 INFO     ✓ [ 83/132] ptd_21_24_mcom-copia_tarjada.pdf                    3040.7KB
20:55:52 INFO     ✓ [ 84/132] mcti_ptd_2025-2027_docdiretivo_assinado-copia_tarj  1030.7KB
20:55:55 INFO     ✓ [ 85/132] mcti_ptd_2025-2027_anexo-de-entregas_assinado-copi   145.8KB
20:55:57 INFO     ✓ [ 86/132] mda-anexo-entregas-assinado_ptd-2025-2027-copia-ta   284.6KB
20:56:00 INFO     ✓ [ 87/132] mdhc_ptd_2025_2027_docdiretivo_assinado_assinado_a   753.4KB
20:56:02 INFO     ✓ [ 88/132] mdhc_ptd_2025_2027_anexoentregas_assinado_assinado   186.8KB
20:56:04 INFO     ✓ [ 89/132] mdic_ptd_anexo_de_entregas_assinado_v1_assinado_as   176.6KB
20:56:08 INFO     ✓ [ 90/132] memp_ptd_2025_2026_docdiretivo_assinado_assinado_a  1030.1KB
20:56:10 INFO     ✓ [ 91/132] memp_ptd_2025_2026_anexo_de_entregas_assinado_assi   161.5KB
20:56:13 INFO     ✓ [ 92/132] mesp_ptd_2025_2027_docdiretivo_assinado_assinado_2  1147.7KB
20:56:15 INFO     ✓ [ 93/132] mesp_ptd_2025_2027_anexo_de_entregas_assinado_assi   226.6KB
20:56:19 INFO     ✓ [ 94/132] mf_ptd_2026_2027_documentodiretivo_assinado_assina   955.1KB
20:56:21 INFO     ✓ [ 95/132] mf_ptd_2026_2027_anexo_de_entregas_1_mf_se_assinad   241.2KB
20:56:23 INFO     ✓ [ 96/132] mgi_ptd_2025_2027_docdiretivo_assinado_assinado_as   375.2KB
20:56:26 INFO     ✓ [ 97/132] mgi_ptd_2025_2027_anexo_de_entregas_assinado_assin   256.1KB
20:56:29 INFO     ✓ [ 98/132] minc_ptd_2025_2027_docdiretivo_assinado-1_assinado   863.6KB
20:56:31 INFO     ✓ [ 99/132] minc_ptd_2025_2027_anexo_de_entregas_assinado-1_as   276.7KB
20:56:34 INFO     ✓ [100/132] mjsp_ptd_docdiretivo_assinado_2025_2026_assinado_a   954.0KB
20:56:37 INFO     ✓ [101/132] mjsp_ptd_anexo_de_entregas_assinado_v1_assinado_as   253.9KB
20:56:40 INFO     ✓ [102/132] mme_ptd_2025_2027_docdiretivo_assinado-copia_tarja   664.5KB
20:56:42 INFO     ✓ [103/132] mme_ptd_2025_2027_anexo_de_entregas_assinado__1_-c   111.1KB
20:56:45 INFO     ✓ [104/132] mmulheres_ptd_2025_2027_docdiretivo_assinado_assin  1078.3KB
20:56:47 INFO     ✓ [105/132] mmulheres_ptd_2025_2027_anexo_de_entregas_assinado   216.9KB
20:56:50 INFO     ✓ [106/132] mpi_ptd_2025_2027_docdiretivo_ministerio_dos_povos   947.9KB
20:56:53 INFO     ✓ [107/132] mpi_ptd_anexo_de_entregas_do_plano_de_tranformacao   191.9KB
20:56:56 INFO     ✓ [108/132] mpo_ptd_docdiretivo_assinado_2025_2026_assinado_as   806.3KB
20:56:58 INFO     ✓ [109/132] mpo_ptd_anexo_de_entregas_assinado_v1_assinado_ass   323.2KB
20:57:01 INFO     ✓ [110/132] mpor_ptd_2025_2027_docdiretivo_assinado_assinado_a   876.5KB
20:57:03 INFO     ✓ [111/132] mpor_ptd_2025_2027_anexo_de_entregas_assinado_assi   175.1KB
20:57:07 INFO     ✓ [112/132] mps_ptd_2025-2026_docdiretivo_final_assinado-1_ass  1024.4KB
20:57:09 INFO     ✓ [113/132] mps_ptd_2025-2026_anexo_de_entregas_final_assinado   165.0KB
20:57:12 INFO     ✓ [114/132] mre_ptd_docdiretivo_assinado_2025_2026_assinado_as   760.9KB
20:57:14 INFO     ✓ [115/132] mre_ptd_anexo_de_entregas_assinado_v1_assinado_ass   233.2KB
20:57:17 INFO     ✓ [116/132] mte_ptd_2025_2026_docdiretivo_assinado_assinado_as   729.6KB
20:57:20 INFO     ✓ [117/132] mte_ptd_anexo_de_entregas_assinado_v1__281_29_assi   459.5KB
20:57:23 INFO     ✓ [118/132] mtur_ptd_docdiretiv_assinado_30_01_2025_assinado_a  1050.4KB
20:57:25 INFO     ✓ [119/132] mtur_ptd_anexo_de_entregas_assinado_30_01_2025_ass   118.8KB
20:57:28 INFO     ✓ [120/132] pf_ptd_docdiretivo_2025_2027_assinado-copia_tarjad   964.3KB
20:57:30 INFO     ✓ [121/132] pf_ptd_anexo_de_entregas_2025_2027_assinado-copia_    62.5KB
20:57:33 INFO     ✓ [122/132] mf_ptd_2026_2027_anexo_de_entregas_4_mf_pgfn_assin   466.8KB
20:57:43 INFO     ✓ [123/132] previc_plano_de_transformacao_digital_2025_2026_29  6652.7KB
20:57:45 INFO     ✓ [124/132] previc_ptd_repactuacao_2025-2026_assinado_assinado   182.9KB
20:57:48 INFO     ✓ [125/132] prf_documentodiretivo_ptd_2026-2027_assinado_tarja   535.9KB
20:57:50 INFO     ✓ [126/132] prf_anexo_de_entregas_do_ptd__2026_2027___ptd___en   157.7KB
20:57:52 INFO     ✓ [127/132] mf_ptd_2026_2027_anexo_de_entregas_2_mf_rfb_assina   253.7KB
20:57:55 INFO     ✓ [128/132] sgpr_ptd_2026_2027_docdiretivo_assinado-copia_tarj   791.2KB
20:57:58 INFO     ✓ [129/132] sgpr_ptd_2025_2027_anexo_de_entregas_assinado-copi   897.9KB
20:58:01 INFO     ✓ [130/132] mf_ptd_2026_2027_anexo_de_entregas_3_mf_stn_assina   467.8KB
20:58:04 INFO     ✓ [131/132] susep_ptd_2025_2027_docdiretivo-assinado-copia_tar  1030.1KB
20:58:07 INFO     ✓ [132/132] susep_ptd_2025-2026_anexo_de_entregas_final_assina   221.9KB
20:58:08 INFO     132 OK | 0 erros | 123.3 MB total
20:58:14 INFO     Sanity: 132 PDFs | 113 texto | 19 imagem/OCR | 0 duplicatas
20:58:14 INFO     --siglas (debug): 15 PDFs de ['AGU', 'FIOCRUZ', 'FUNAI', 'FUNDACENTRO', 'INCRA', 'ITI', 'MCOM', 'SGPR']
20:58:14 INFO     DocumentConverter instanciado (singleton × 2: plain + OCR)
20:58:14 INFO     [1/15] → agu_ptd_2025_2027_anexo_de_entregas_assinado_assinado_assinado-copia_tarjada.pdf
20:58:14 INFO     detected formats: [<InputFormat.PDF: 'pdf'>]
20:58:14 INFO     Going to convert document batch...
20:58:14 INFO     Initializing pipeline for StandardPdfPipeline with options hash bc6794697da537796efc497178f9263f
20:58:14 INFO     Loading plugin 'docling_defaults'
20:58:14 INFO     Registered picture descriptions: ['picture_description_vlm_engine', 'vlm', 'api']
20:58:14 INFO     Loading plugin 'docling_defaults'
20:58:14 INFO     Registered ocr engines: ['auto', 'easyocr', 'kserve_v2_ocr', 'ocrmac', 'rapidocr', 'tesserocr', 'tesseract']
20:58:14 INFO     command: tesseract --list-langs
20:58:14 INFO     Loading plugin 'docling_defaults'
20:58:14 INFO     Registered layout engines: ['layout_object_detection', 'docling_layout_default', 'docling_experimental_table_crops_layout']
20:58:14 INFO     Accelerator device: 'cpu'
20:58:14 INFO     HTTP Request: GET https://huggingface.co/api/models/docling-project/docling-layout-heron/revision/main "HTTP/1.1 200 OK"
20:58:14 INFO     HTTP Request: HEAD https://huggingface.co/docling-project/docling-layout-heron/resolve/8f39ad3c0b4c58e9c2d2c84a38465abf757272d8/README.md "HTTP/1.1 307 Temporary Redirect"
20:58:14 INFO     HTTP Request: HEAD https://huggingface.co/api/resolve-cache/models/docling-project/docling-layout-heron/8f39ad3c0b4c58e9c2d2c84a38465abf757272d8/README.md "HTTP/1.1 200 OK"
20:58:14 INFO     HTTP Request: GET https://huggingface.co/api/resolve-cache/models/docling-project/docling-layout-heron/8f39ad3c0b4c58e9c2d2c84a38465abf757272d8/README.md "HTTP/1.1 200 OK"
20:58:14 INFO     HTTP Request: HEAD https://huggingface.co/docling-project/docling-layout-heron/resolve/8f39ad3c0b4c58e9c2d2c84a38465abf757272d8/config.json "HTTP/1.1 307 Temporary Redirect"
20:58:14 WARNING  Warning: You are sending unauthenticated requests to the HF Hub. Please set a HF_TOKEN to enable higher rate limits and faster downloads.
20:58:14 INFO     HTTP Request: HEAD https://huggingface.co/docling-project/docling-layout-heron/resolve/8f39ad3c0b4c58e9c2d2c84a38465abf757272d8/.gitattributes "HTTP/1.1 307 Temporary Redirect"
20:58:14 INFO     HTTP Request: HEAD https://huggingface.co/docling-project/docling-layout-heron/resolve/8f39ad3c0b4c58e9c2d2c84a38465abf757272d8/model.safetensors "HTTP/1.1 302 Found"
20:58:14 INFO     HTTP Request: HEAD https://huggingface.co/docling-project/docling-layout-heron/resolve/8f39ad3c0b4c58e9c2d2c84a38465abf757272d8/preprocessor_config.json "HTTP/1.1 307 Temporary Redirect"
20:58:14 INFO     HTTP Request: HEAD https://huggingface.co/docling-project/docling-layout-heron/resolve/8f39ad3c0b4c58e9c2d2c84a38465abf757272d8/docling_heron_400.png "HTTP/1.1 307 Temporary Redirect"
20:58:14 INFO     HTTP Request: HEAD https://huggingface.co/api/resolve-cache/models/docling-project/docling-layout-heron/8f39ad3c0b4c58e9c2d2c84a38465abf757272d8/.gitattributes "HTTP/1.1 200 OK"
20:58:14 INFO     HTTP Request: HEAD https://huggingface.co/api/resolve-cache/models/docling-project/docling-layout-heron/8f39ad3c0b4c58e9c2d2c84a38465abf757272d8/config.json "HTTP/1.1 200 OK"
20:58:14 INFO     HTTP Request: HEAD https://huggingface.co/api/resolve-cache/models/docling-project/docling-layout-heron/8f39ad3c0b4c58e9c2d2c84a38465abf757272d8/preprocessor_config.json "HTTP/1.1 200 OK"
20:58:14 INFO     HTTP Request: HEAD https://huggingface.co/api/resolve-cache/models/docling-project/docling-layout-heron/8f39ad3c0b4c58e9c2d2c84a38465abf757272d8/docling_heron_400.png "HTTP/1.1 200 OK"
20:58:14 INFO     HTTP Request: GET https://huggingface.co/api/resolve-cache/models/docling-project/docling-layout-heron/8f39ad3c0b4c58e9c2d2c84a38465abf757272d8/config.json "HTTP/1.1 200 OK"
20:58:14 INFO     HTTP Request: GET https://huggingface.co/api/resolve-cache/models/docling-project/docling-layout-heron/8f39ad3c0b4c58e9c2d2c84a38465abf757272d8/.gitattributes "HTTP/1.1 200 OK"
20:58:14 INFO     HTTP Request: GET https://huggingface.co/api/resolve-cache/models/docling-project/docling-layout-heron/8f39ad3c0b4c58e9c2d2c84a38465abf757272d8/preprocessor_config.json "HTTP/1.1 200 OK"
20:58:14 INFO     HTTP Request: GET https://huggingface.co/api/resolve-cache/models/docling-project/docling-layout-heron/8f39ad3c0b4c58e9c2d2c84a38465abf757272d8/docling_heron_400.png "HTTP/1.1 200 OK"
20:58:14 INFO     HTTP Request: GET https://huggingface.co/api/models/docling-project/docling-layout-heron/xet-read-token/8f39ad3c0b4c58e9c2d2c84a38465abf757272d8 "HTTP/1.1 200 OK"
20:58:16 INFO     Loading plugin 'docling_defaults'
20:58:16 INFO     Registered table structure engines: ['docling_tableformer', 'docling_tableformer_v2']
20:58:16 INFO     HTTP Request: GET https://huggingface.co/api/models/docling-project/docling-models/revision/v2.3.0 "HTTP/1.1 200 OK"
20:58:16 INFO     HTTP Request: HEAD https://huggingface.co/docling-project/docling-models/resolve/fc0f2d45e2218ea24bce5045f58a389aed16dc23/.gitignore "HTTP/1.1 307 Temporary Redirect"
20:58:16 INFO     HTTP Request: HEAD https://huggingface.co/docling-project/docling-models/resolve/fc0f2d45e2218ea24bce5045f58a389aed16dc23/.gitattributes "HTTP/1.1 307 Temporary Redirect"
20:58:16 INFO     HTTP Request: HEAD https://huggingface.co/docling-project/docling-models/resolve/fc0f2d45e2218ea24bce5045f58a389aed16dc23/README.md "HTTP/1.1 307 Temporary Redirect"
20:58:16 INFO     HTTP Request: HEAD https://huggingface.co/docling-project/docling-models/resolve/fc0f2d45e2218ea24bce5045f58a389aed16dc23/config.json "HTTP/1.1 307 Temporary Redirect"
20:58:16 INFO     HTTP Request: HEAD https://huggingface.co/docling-project/docling-models/resolve/fc0f2d45e2218ea24bce5045f58a389aed16dc23/model_artifacts/tableformer/accurate/tableformer_accurate.safetensors "HTTP/1.1 302 Found"
20:58:16 INFO     HTTP Request: HEAD https://huggingface.co/docling-project/docling-models/resolve/fc0f2d45e2218ea24bce5045f58a389aed16dc23/model_artifacts/tableformer/accurate/tm_config.json "HTTP/1.1 307 Temporary Redirect"
20:58:16 INFO     HTTP Request: HEAD https://huggingface.co/api/resolve-cache/models/docling-project/docling-models/fc0f2d45e2218ea24bce5045f58a389aed16dc23/.gitignore "HTTP/1.1 200 OK"
20:58:16 INFO     HTTP Request: HEAD https://huggingface.co/api/resolve-cache/models/docling-project/docling-models/fc0f2d45e2218ea24bce5045f58a389aed16dc23/.gitattributes "HTTP/1.1 200 OK"
20:58:16 INFO     HTTP Request: HEAD https://huggingface.co/api/resolve-cache/models/docling-project/docling-models/fc0f2d45e2218ea24bce5045f58a389aed16dc23/README.md "HTTP/1.1 200 OK"
20:58:16 INFO     HTTP Request: HEAD https://huggingface.co/api/resolve-cache/models/docling-project/docling-models/fc0f2d45e2218ea24bce5045f58a389aed16dc23/config.json "HTTP/1.1 200 OK"
20:58:16 INFO     HTTP Request: HEAD https://huggingface.co/api/resolve-cache/models/docling-project/docling-models/fc0f2d45e2218ea24bce5045f58a389aed16dc23/model_artifacts%2Ftableformer%2Faccurate%2Ftm_config.json "HTTP/1.1 200 OK"
20:58:16 INFO     HTTP Request: HEAD https://huggingface.co/docling-project/docling-models/resolve/fc0f2d45e2218ea24bce5045f58a389aed16dc23/model_artifacts/tableformer/fast/tableformer_fast.safetensors "HTTP/1.1 302 Found"
20:58:16 INFO     HTTP Request: GET https://huggingface.co/api/resolve-cache/models/docling-project/docling-models/fc0f2d45e2218ea24bce5045f58a389aed16dc23/.gitattributes "HTTP/1.1 200 OK"
20:58:16 INFO     HTTP Request: GET https://huggingface.co/api/resolve-cache/models/docling-project/docling-models/fc0f2d45e2218ea24bce5045f58a389aed16dc23/.gitignore "HTTP/1.1 200 OK"
20:58:16 INFO     HTTP Request: GET https://huggingface.co/api/resolve-cache/models/docling-project/docling-models/fc0f2d45e2218ea24bce5045f58a389aed16dc23/config.json "HTTP/1.1 200 OK"
20:58:16 INFO     HTTP Request: GET https://huggingface.co/api/resolve-cache/models/docling-project/docling-models/fc0f2d45e2218ea24bce5045f58a389aed16dc23/README.md "HTTP/1.1 200 OK"
20:58:16 INFO     HTTP Request: GET https://huggingface.co/api/resolve-cache/models/docling-project/docling-models/fc0f2d45e2218ea24bce5045f58a389aed16dc23/model_artifacts%2Ftableformer%2Faccurate%2Ftm_config.json "HTTP/1.1 200 OK"
20:58:16 INFO     HTTP Request: HEAD https://huggingface.co/docling-project/docling-models/resolve/fc0f2d45e2218ea24bce5045f58a389aed16dc23/model_artifacts/tableformer/fast/tm_config.json "HTTP/1.1 307 Temporary Redirect"
20:58:16 INFO     HTTP Request: GET https://huggingface.co/api/models/docling-project/docling-models/xet-read-token/fc0f2d45e2218ea24bce5045f58a389aed16dc23 "HTTP/1.1 200 OK"
20:58:16 INFO     HTTP Request: HEAD https://huggingface.co/api/resolve-cache/models/docling-project/docling-models/fc0f2d45e2218ea24bce5045f58a389aed16dc23/model_artifacts%2Ftableformer%2Ffast%2Ftm_config.json "HTTP/1.1 200 OK"
20:58:16 INFO     HTTP Request: GET https://huggingface.co/api/models/docling-project/docling-models/xet-read-token/fc0f2d45e2218ea24bce5045f58a389aed16dc23 "HTTP/1.1 200 OK"
20:58:16 INFO     HTTP Request: GET https://huggingface.co/api/resolve-cache/models/docling-project/docling-models/fc0f2d45e2218ea24bce5045f58a389aed16dc23/model_artifacts%2Ftableformer%2Ffast%2Ftm_config.json "HTTP/1.1 200 OK"
20:58:17 INFO     Accelerator device: 'cpu'
20:58:17 INFO     Processing document agu_ptd_2025_2027_anexo_de_entregas_assinado_assinado_assinado-copia_tarjada.pdf
20:58:18 INFO     command: tesseract --psm 0 -l osd /tmp/tmp2s3hl22i.png stdout
20:58:19 INFO     command: tesseract -l por /tmp/tmp2s3hl22i.png stdout tsv
20:58:22 INFO     command: tesseract --psm 0 -l osd /tmp/tmp63aifjye.png stdout
20:58:23 INFO     command: tesseract -l por /tmp/tmp63aifjye.png stdout tsv
20:58:42 INFO     Finished converting document agu_ptd_2025_2027_anexo_de_entregas_assinado_assinado_assinado-copia_tarjada.pdf in 28.40 sec.
20:58:42 INFO       pixel_budget (Docling) agu_ptd_2025_2027_anexo_de_entregas_assinado_assinado_assinado-copia_tarjada.pdf: 45.8% (área tabelas/1001817 px²)
20:58:42 INFO     [1/15] ✓ AGU       :   33 entregas | 28.4s | ETA ~6min
20:58:42 INFO     [2/15] → agu_ptd_2025_2027_docdiretivo_assinado_assinado_assinado-copia_tarjada.pdf
20:58:42 INFO     detected formats: [<InputFormat.PDF: 'pdf'>]
20:58:42 INFO     Going to convert document batch...
20:58:42 INFO     Processing document agu_ptd_2025_2027_docdiretivo_assinado_assinado_assinado-copia_tarjada.pdf
20:58:43 INFO     command: tesseract --psm 0 -l osd /tmp/tmp7uij7b_i.png stdout
20:58:43 INFO     command: tesseract -l por /tmp/tmp7uij7b_i.png stdout tsv
20:58:45 INFO     command: tesseract --psm 0 -l osd /tmp/tmp5xs6a561.png stdout
20:58:47 INFO     command: tesseract -l por /tmp/tmp5xs6a561.png stdout tsv
20:58:52 INFO     command: tesseract --psm 0 -l osd /tmp/tmpya__v0f3.png stdout
20:58:52 INFO     command: tesseract -l por /tmp/tmpya__v0f3.png stdout tsv
20:58:55 INFO     command: tesseract --psm 0 -l osd /tmp/tmp6rpi07mz.png stdout
20:58:55 INFO     command: tesseract -l por /tmp/tmp6rpi07mz.png stdout tsv
20:58:58 INFO     command: tesseract --psm 0 -l osd /tmp/tmpz5hjzoeo.png stdout
20:58:58 INFO     command: tesseract -l por /tmp/tmpz5hjzoeo.png stdout tsv
20:59:00 INFO     command: tesseract --psm 0 -l osd /tmp/tmpu6c_u0ly.png stdout
20:59:02 INFO     command: tesseract -l por /tmp/tmpu6c_u0ly.png stdout tsv
20:59:12 INFO     command: tesseract --psm 0 -l osd /tmp/tmp0ehi_gjj.png stdout
20:59:13 INFO     command: tesseract -l por /tmp/tmp0ehi_gjj.png stdout tsv
20:59:15 INFO     command: tesseract --psm 0 -l osd /tmp/tmpnqod7myq.png stdout
20:59:16 INFO     command: tesseract -l por /tmp/tmpnqod7myq.png stdout tsv
20:59:18 INFO     command: tesseract --psm 0 -l osd /tmp/tmpibzps598.png stdout
20:59:19 INFO     command: tesseract -l por /tmp/tmpibzps598.png stdout tsv
20:59:21 INFO     command: tesseract --psm 0 -l osd /tmp/tmp83r7i9d6.png stdout
20:59:22 INFO     command: tesseract -l por /tmp/tmp83r7i9d6.png stdout tsv
20:59:37 INFO     command: tesseract --psm 0 -l osd /tmp/tmp89aoqqeb.png stdout
20:59:38 INFO     command: tesseract -l por /tmp/tmp89aoqqeb.png stdout tsv
20:59:41 INFO     Finished converting document agu_ptd_2025_2027_docdiretivo_assinado_assinado_assinado-copia_tarjada.pdf in 59.29 sec.
20:59:41 INFO       pixel_budget (Docling) agu_ptd_2025_2027_docdiretivo_assinado_assinado_assinado-copia_tarjada.pdf: 2.1% (área tabelas/5513330 px²)
20:59:41 INFO     [2/15] ✓ AGU       :    6 entregas | 59.3s | ETA ~9min
20:59:41 INFO     [3/15] → anexo-de-entregas-mcom_ptd-25_27-copia_tarjada.pdf
20:59:41 INFO     detected formats: [<InputFormat.PDF: 'pdf'>]
20:59:41 INFO     Going to convert document batch...
20:59:41 INFO     Processing document anexo-de-entregas-mcom_ptd-25_27-copia_tarjada.pdf
20:59:43 INFO     command: tesseract --psm 0 -l osd /tmp/tmp2iy_mr7v.png stdout
20:59:43 INFO     command: tesseract -l por /tmp/tmp2iy_mr7v.png stdout tsv
20:59:46 INFO     command: tesseract --psm 0 -l osd /tmp/tmp36hg16er.png stdout
20:59:47 INFO     command: tesseract -l por /tmp/tmp36hg16er.png stdout tsv
21:00:00 INFO     command: tesseract --psm 0 -l osd /tmp/tmp3e1ngbzq.png stdout
21:00:01 INFO     command: tesseract -l por /tmp/tmp3e1ngbzq.png stdout tsv
21:00:21 INFO     Finished converting document anexo-de-entregas-mcom_ptd-25_27-copia_tarjada.pdf in 39.56 sec.
21:00:21 INFO       pixel_budget (Docling) anexo-de-entregas-mcom_ptd-25_27-copia_tarjada.pdf: 55.2% (área tabelas/1503636 px²)
21:00:21 INFO     [3/15] ✓ MCOM      :   55 entregas | 39.6s | ETA ~8min
21:00:21 INFO     [4/15] → documento-diretivo-mcom-_-ptd-25_27-copia_tarjada.pdf
21:00:21 INFO     detected formats: [<InputFormat.PDF: 'pdf'>]
21:00:21 INFO     Going to convert document batch...
21:00:21 INFO     Processing document documento-diretivo-mcom-_-ptd-25_27-copia_tarjada.pdf
21:00:22 INFO     command: tesseract --psm 0 -l osd /tmp/tmp9ravmmpb.png stdout
21:00:22 INFO     command: tesseract -l por /tmp/tmp9ravmmpb.png stdout tsv
21:00:25 INFO     command: tesseract --psm 0 -l osd /tmp/tmp3vmsjfhg.png stdout
21:00:26 INFO     command: tesseract -l por /tmp/tmp3vmsjfhg.png stdout tsv
21:00:32 INFO     command: tesseract --psm 0 -l osd /tmp/tmpkzk9wfr7.png stdout
21:00:32 INFO     command: tesseract -l por /tmp/tmpkzk9wfr7.png stdout tsv
21:00:33 INFO     command: tesseract --psm 0 -l osd /tmp/tmp1j6_14hh.png stdout
21:00:34 INFO     command: tesseract -l por /tmp/tmp1j6_14hh.png stdout tsv
21:00:36 INFO     command: tesseract --psm 0 -l osd /tmp/tmpne_jk3_4.png stdout
21:00:37 INFO     command: tesseract -l por /tmp/tmpne_jk3_4.png stdout tsv
21:00:39 INFO     command: tesseract --psm 0 -l osd /tmp/tmpbawhry9j.png stdout
21:00:41 INFO     command: tesseract -l por /tmp/tmpbawhry9j.png stdout tsv
21:00:56 INFO     command: tesseract --psm 0 -l osd /tmp/tmpak863zjy.png stdout
21:00:57 INFO     command: tesseract -l por /tmp/tmpak863zjy.png stdout tsv
21:00:59 INFO     command: tesseract --psm 0 -l osd /tmp/tmpu7l105rx.png stdout
21:01:00 INFO     command: tesseract -l por /tmp/tmpu7l105rx.png stdout tsv
21:01:02 INFO     command: tesseract --psm 0 -l osd /tmp/tmp7l0i3467.png stdout
21:01:03 INFO     command: tesseract -l por /tmp/tmp7l0i3467.png stdout tsv
21:01:05 INFO     command: tesseract --psm 0 -l osd /tmp/tmpb1l1rp61.png stdout
21:01:06 INFO     command: tesseract -l por /tmp/tmpb1l1rp61.png stdout tsv
21:01:10 INFO     command: tesseract --psm 0 -l osd /tmp/tmpt2j_n1cf.png stdout
21:01:11 INFO     command: tesseract -l por /tmp/tmpt2j_n1cf.png stdout tsv
21:01:16 INFO     command: tesseract --psm 0 -l osd /tmp/tmptxrgh97d.png stdout
21:01:17 INFO     command: tesseract -l por /tmp/tmptxrgh97d.png stdout tsv
21:01:19 INFO     command: tesseract --psm 0 -l osd /tmp/tmp2i5zpmmm.png stdout
21:01:19 INFO     command: tesseract -l por /tmp/tmp2i5zpmmm.png stdout tsv
21:01:21 INFO     command: tesseract --psm 0 -l osd /tmp/tmp84iv4wio.png stdout
21:01:22 INFO     command: tesseract -l por /tmp/tmp84iv4wio.png stdout tsv
21:01:28 INFO     Finished converting document documento-diretivo-mcom-_-ptd-25_27-copia_tarjada.pdf in 67.03 sec.
21:01:28 INFO       pixel_budget (Docling) documento-diretivo-mcom-_-ptd-25_27-copia_tarjada.pdf: 10.8% (área tabelas/7016966 px²)
21:01:28 WARNING  [4/15] ⚠ MCOM      :    0 entregas | 67.1s | ETA ~8min
21:01:28 INFO     [5/15] → fiocruz-ptd-06_2024-copia_tarjada.pdf
21:01:28 INFO     detected formats: [<InputFormat.PDF: 'pdf'>]
21:01:28 INFO     Going to convert document batch...
21:01:28 INFO     Initializing pipeline for StandardPdfPipeline with options hash d18651824ca6fe56cf3ccb20424ac2c8
21:01:28 INFO     Accelerator device: 'cpu'
21:01:28 INFO     HTTP Request: GET https://huggingface.co/api/models/docling-project/docling-layout-heron/revision/main "HTTP/1.1 200 OK"
21:01:29 INFO     HTTP Request: GET https://huggingface.co/api/models/docling-project/docling-models/revision/v2.3.0 "HTTP/1.1 200 OK"
21:01:29 INFO     Accelerator device: 'cpu'
21:01:29 INFO     Processing document fiocruz-ptd-06_2024-copia_tarjada.pdf
21:02:37 INFO     Finished converting document fiocruz-ptd-06_2024-copia_tarjada.pdf in 69.22 sec.
21:02:37 INFO       pixel_budget (Docling) fiocruz-ptd-06_2024-copia_tarjada.pdf: 36.4% (área tabelas/7518178 px²)
21:02:37 WARNING  [5/15] ⚠ FIOCRUZ   :    0 entregas | 69.3s | ETA ~8min
21:02:37 INFO     [6/15] → fiocruz_novo-ptd_2-1_docdiretivo_repactuacao_2024-2026_assinado_assinado-copia_tarjada.pdf
21:02:37 INFO     detected formats: [<InputFormat.PDF: 'pdf'>]
21:02:37 INFO     Going to convert document batch...
21:02:37 INFO     Processing document fiocruz_novo-ptd_2-1_docdiretivo_repactuacao_2024-2026_assinado_assinado-copia_tarjada.pdf
21:02:55 INFO     Finished converting document fiocruz_novo-ptd_2-1_docdiretivo_repactuacao_2024-2026_assinado_assinado-copia_tarjada.pdf in 18.03 sec.
21:02:55 INFO       pixel_budget (Docling) fiocruz_novo-ptd_2-1_docdiretivo_repactuacao_2024-2026_assinado_assinado-copia_tarjada.pdf: 11.3% (área tabelas/5012118 px²)
21:02:55 WARNING  [6/15] ⚠ FIOCRUZ   :    0 entregas | 18.0s | ETA ~7min
21:02:55 INFO     [7/15] → fiocruz_ptd_anexo_de_entregas_assinado_v1_assinado_assinado-1-copia_tarjada.pdf
21:02:55 INFO     detected formats: [<InputFormat.PDF: 'pdf'>]
21:02:55 INFO     Going to convert document batch...
21:02:55 INFO     Processing document fiocruz_ptd_anexo_de_entregas_assinado_v1_assinado_assinado-1-copia_tarjada.pdf
21:03:28 INFO     Finished converting document fiocruz_ptd_anexo_de_entregas_assinado_v1_assinado_assinado-1-copia_tarjada.pdf in 32.14 sec.
21:03:28 INFO       pixel_budget (Docling) fiocruz_ptd_anexo_de_entregas_assinado_v1_assinado_assinado-1-copia_tarjada.pdf: 54.7% (área tabelas/2004847 px²)
21:03:28 INFO     [7/15] ✓ FIOCRUZ   :   62 entregas | 32.2s | ETA ~5min
21:03:28 INFO     [8/15] → funai_anexo_de_entregas_repactuado_2026_2027_assinado_assinado_assinado.pdf
21:03:28 INFO     detected formats: [<InputFormat.PDF: 'pdf'>]
21:03:28 INFO     Going to convert document batch...
21:03:28 INFO     Processing document funai_anexo_de_entregas_repactuado_2026_2027_assinado_assinado_assinado.pdf
21:03:28 INFO     command: tesseract --psm 0 -l osd /tmp/tmpn7uktvq4.png stdout
21:03:29 INFO     command: tesseract -l por /tmp/tmpn7uktvq4.png stdout tsv
21:03:43 INFO     Finished converting document funai_anexo_de_entregas_repactuado_2026_2027_assinado_assinado_assinado.pdf in 15.06 sec.
21:03:43 INFO       pixel_budget (Docling) funai_anexo_de_entregas_repactuado_2026_2027_assinado_assinado_assinado.pdf: 49.8% (área tabelas/501212 px²)
21:03:43 INFO     [8/15] ✓ FUNAI     :   22 entregas | 15.1s | ETA ~4min
21:03:43 INFO     [9/15] → funai_ptd_2025_2027_docdiretivo_assinado-1_tarjado.pdf
21:03:43 INFO     detected formats: [<InputFormat.PDF: 'pdf'>]
21:03:43 INFO     Going to convert document batch...
21:03:43 INFO     Processing document funai_ptd_2025_2027_docdiretivo_assinado-1_tarjado.pdf
21:03:44 INFO     command: tesseract --psm 0 -l osd /tmp/tmphqan894d.png stdout
21:03:45 INFO     command: tesseract -l por /tmp/tmphqan894d.png stdout tsv
21:03:46 INFO     command: tesseract --psm 0 -l osd /tmp/tmp15d19tij.png stdout
21:03:47 INFO     command: tesseract -l por /tmp/tmp15d19tij.png stdout tsv
21:03:51 INFO     command: tesseract --psm 0 -l osd /tmp/tmp2mupgvew.png stdout
21:03:52 INFO     command: tesseract -l por /tmp/tmp2mupgvew.png stdout tsv
21:03:54 INFO     command: tesseract --psm 0 -l osd /tmp/tmpyktegjxf.png stdout
21:03:55 INFO     command: tesseract -l por /tmp/tmpyktegjxf.png stdout tsv
21:03:56 INFO     command: tesseract --psm 0 -l osd /tmp/tmpavobmhqm.png stdout
21:03:57 INFO     command: tesseract -l por /tmp/tmpavobmhqm.png stdout tsv
21:03:59 INFO     command: tesseract --psm 0 -l osd /tmp/tmppohbe48y.png stdout
21:04:01 INFO     command: tesseract -l por /tmp/tmppohbe48y.png stdout tsv
21:04:11 INFO     command: tesseract --psm 0 -l osd /tmp/tmpstmd2yo0.png stdout
21:04:12 INFO     command: tesseract -l por /tmp/tmpstmd2yo0.png stdout tsv
21:04:14 INFO     command: tesseract --psm 0 -l osd /tmp/tmp26hwrh4m.png stdout
21:04:14 INFO     command: tesseract -l por /tmp/tmp26hwrh4m.png stdout tsv
21:04:16 INFO     command: tesseract --psm 0 -l osd /tmp/tmpitb3s8ql.png stdout
21:04:16 INFO     command: tesseract -l por /tmp/tmpitb3s8ql.png stdout tsv
21:04:18 INFO     command: tesseract --psm 0 -l osd /tmp/tmpgxo3zjw8.png stdout
21:04:20 INFO     command: tesseract -l por /tmp/tmpgxo3zjw8.png stdout tsv
21:04:28 INFO     command: tesseract --psm 0 -l osd /tmp/tmpbckvuxhu.png stdout
21:04:29 INFO     command: tesseract -l por /tmp/tmpbckvuxhu.png stdout tsv
21:04:40 INFO     command: tesseract --psm 0 -l osd /tmp/tmpsr23zw5w.png stdout
21:04:40 INFO     command: tesseract -l por /tmp/tmpsr23zw5w.png stdout tsv
21:04:42 INFO     command: tesseract --psm 0 -l osd /tmp/tmpr1m7_5x7.png stdout
21:04:43 INFO     command: tesseract -l por /tmp/tmpr1m7_5x7.png stdout tsv
21:04:49 INFO     Finished converting document funai_ptd_2025_2027_docdiretivo_assinado-1_tarjado.pdf in 66.69 sec.
21:04:49 INFO       pixel_budget (Docling) funai_ptd_2025_2027_docdiretivo_assinado-1_tarjado.pdf: 16.4% (área tabelas/6515754 px²)
21:04:49 INFO     [9/15] ✓ FUNAI     :    8 entregas | 66.7s | ETA ~4min
21:04:49 INFO     [10/15] → incra_anexo_de_entregas_assinado-1_assinado_assinado-copia_tarjada.pdf
21:04:49 INFO     detected formats: [<InputFormat.PDF: 'pdf'>]
21:04:49 INFO     Going to convert document batch...
21:04:49 INFO     Processing document incra_anexo_de_entregas_assinado-1_assinado_assinado-copia_tarjada.pdf
21:04:50 INFO     command: tesseract --psm 0 -l osd /tmp/tmpophp406y.png stdout
21:04:51 INFO     command: tesseract -l por /tmp/tmpophp406y.png stdout tsv
21:04:54 INFO     command: tesseract --psm 0 -l osd /tmp/tmpm_3drst3.png stdout
21:04:56 INFO     command: tesseract -l por /tmp/tmpm_3drst3.png stdout tsv
21:05:04 INFO     command: tesseract --psm 0 -l osd /tmp/tmp2g0yx7de.png stdout
21:05:05 INFO     command: tesseract -l por /tmp/tmp2g0yx7de.png stdout tsv
21:05:06 INFO     command: tesseract --psm 0 -l osd /tmp/tmpbi0kiy5c.png stdout
21:05:07 INFO     command: tesseract -l por /tmp/tmpbi0kiy5c.png stdout tsv
21:05:09 INFO     command: tesseract --psm 0 -l osd /tmp/tmpcxgef8q8.png stdout
21:05:10 INFO     command: tesseract -l por /tmp/tmpcxgef8q8.png stdout tsv
21:06:40 INFO     Finished converting document incra_anexo_de_entregas_assinado-1_assinado_assinado-copia_tarjada.pdf in 110.48 sec.
21:06:40 INFO       pixel_budget (Docling) incra_anexo_de_entregas_assinado-1_assinado_assinado-copia_tarjada.pdf: 30.0% (área tabelas/2423520 px²)
21:06:40 INFO     [10/15] ✓ INCRA     :   11 entregas | 110.5s | ETA ~4min
21:06:40 INFO     [11/15] → incra_ptd_docdiretivo__assinado-1_assinado_assinado-copia_tarjada.pdf
21:06:40 INFO     detected formats: [<InputFormat.PDF: 'pdf'>]
21:06:40 INFO     Going to convert document batch...
21:06:40 INFO     Processing document incra_ptd_docdiretivo__assinado-1_assinado_assinado-copia_tarjada.pdf
21:06:41 INFO     command: tesseract --psm 0 -l osd /tmp/tmplrxsuzmv.png stdout
21:06:42 INFO     command: tesseract -l por /tmp/tmplrxsuzmv.png stdout tsv
21:06:44 INFO     command: tesseract --psm 0 -l osd /tmp/tmp3lwi6onz.png stdout
21:06:45 INFO     command: tesseract -l por /tmp/tmp3lwi6onz.png stdout tsv
21:06:51 INFO     command: tesseract --psm 0 -l osd /tmp/tmpeduu_6x9.png stdout
21:06:52 INFO     command: tesseract -l por /tmp/tmpeduu_6x9.png stdout tsv
21:06:54 INFO     command: tesseract --psm 0 -l osd /tmp/tmp700sn1t0.png stdout
21:06:55 INFO     command: tesseract -l por /tmp/tmp700sn1t0.png stdout tsv
21:06:57 INFO     command: tesseract --psm 0 -l osd /tmp/tmp8pirdaux.png stdout
21:06:57 INFO     command: tesseract -l por /tmp/tmp8pirdaux.png stdout tsv
21:06:59 INFO     command: tesseract --psm 0 -l osd /tmp/tmpx8jl50s7.png stdout
21:07:01 INFO     command: tesseract -l por /tmp/tmpx8jl50s7.png stdout tsv
21:07:17 INFO     command: tesseract --psm 0 -l osd /tmp/tmp5oxe_oxc.png stdout
21:07:18 INFO     command: tesseract -l por /tmp/tmp5oxe_oxc.png stdout tsv
21:07:20 INFO     command: tesseract --psm 0 -l osd /tmp/tmpal5t_bgx.png stdout
21:07:20 INFO     command: tesseract -l por /tmp/tmpal5t_bgx.png stdout tsv
21:07:22 INFO     command: tesseract --psm 0 -l osd /tmp/tmpjrk2fbw4.png stdout
21:07:23 INFO     command: tesseract -l por /tmp/tmpjrk2fbw4.png stdout tsv
21:07:25 INFO     command: tesseract --psm 0 -l osd /tmp/tmpwpaycti5.png stdout
21:07:26 INFO     command: tesseract -l por /tmp/tmpwpaycti5.png stdout tsv
21:07:30 INFO     command: tesseract --psm 0 -l osd /tmp/tmp7rv9bzr5.png stdout
21:07:31 INFO     command: tesseract -l por /tmp/tmp7rv9bzr5.png stdout tsv
21:07:40 INFO     command: tesseract --psm 0 -l osd /tmp/tmpqjtc3909.png stdout
21:07:41 INFO     command: tesseract -l por /tmp/tmpqjtc3909.png stdout tsv
21:07:43 INFO     command: tesseract --psm 0 -l osd /tmp/tmp89xe3wvy.png stdout
21:07:44 INFO     command: tesseract -l por /tmp/tmp89xe3wvy.png stdout tsv
21:07:52 INFO     Finished converting document incra_ptd_docdiretivo__assinado-1_assinado_assinado-copia_tarjada.pdf in 71.95 sec.
21:07:52 INFO       pixel_budget (Docling) incra_ptd_docdiretivo__assinado-1_assinado_assinado-copia_tarjada.pdf: 20.2% (área tabelas/6515754 px²)
21:07:52 INFO     [11/15] ✓ INCRA     :    9 entregas | 72.0s | ETA ~3min
21:07:52 INFO     [12/15] → iti_anexo_de_entregas_assinado.pdf
21:07:52 INFO     detected formats: [<InputFormat.PDF: 'pdf'>]
21:07:52 INFO     Going to convert document batch...
21:07:52 INFO     Processing document iti_anexo_de_entregas_assinado.pdf
21:07:53 INFO     command: tesseract --psm 0 -l osd /tmp/tmpupuegcr9.png stdout
21:07:53 INFO     command: tesseract -l por /tmp/tmpupuegcr9.png stdout tsv
21:08:09 INFO     Finished converting document iti_anexo_de_entregas_assinado.pdf in 17.55 sec.
21:08:09 INFO       pixel_budget (Docling) iti_anexo_de_entregas_assinado.pdf: 57.2% (área tabelas/501212 px²)
21:08:09 INFO     [12/15] ✓ ITI       :   31 entregas | 17.6s | ETA ~2min
21:08:09 INFO     [13/15] → iti_doc_diretivo_assinado-1_tarjado.pdf
21:08:09 INFO     detected formats: [<InputFormat.PDF: 'pdf'>]
21:08:09 INFO     Going to convert document batch...
21:08:09 INFO     Processing document iti_doc_diretivo_assinado-1_tarjado.pdf
21:08:10 INFO     command: tesseract --psm 0 -l osd /tmp/tmport901vy.png stdout
21:08:11 INFO     command: tesseract -l por /tmp/tmport901vy.png stdout tsv
21:08:13 INFO     command: tesseract --psm 0 -l osd /tmp/tmpf_ibyot6.png stdout
21:08:14 INFO     command: tesseract -l por /tmp/tmpf_ibyot6.png stdout tsv
21:08:18 INFO     command: tesseract --psm 0 -l osd /tmp/tmp272e8kkq.png stdout
21:08:19 INFO     command: tesseract -l por /tmp/tmp272e8kkq.png stdout tsv
21:08:20 INFO     command: tesseract --psm 0 -l osd /tmp/tmp5kd7nf29.png stdout
21:08:21 INFO     command: tesseract -l por /tmp/tmp5kd7nf29.png stdout tsv
21:08:23 INFO     command: tesseract --psm 0 -l osd /tmp/tmp7mfnsmj8.png stdout
21:08:24 INFO     command: tesseract -l por /tmp/tmp7mfnsmj8.png stdout tsv
21:08:26 INFO     command: tesseract --psm 0 -l osd /tmp/tmp21jifkfo.png stdout
21:08:27 INFO     command: tesseract -l por /tmp/tmp21jifkfo.png stdout tsv
21:08:43 INFO     command: tesseract --psm 0 -l osd /tmp/tmpvtk1t5n2.png stdout
21:08:44 INFO     command: tesseract -l por /tmp/tmpvtk1t5n2.png stdout tsv
21:08:46 INFO     command: tesseract --psm 0 -l osd /tmp/tmpb1ahkg2z.png stdout
21:08:47 INFO     command: tesseract -l por /tmp/tmpb1ahkg2z.png stdout tsv
21:08:49 INFO     command: tesseract --psm 0 -l osd /tmp/tmp8rdcczol.png stdout
21:08:50 INFO     command: tesseract -l por /tmp/tmp8rdcczol.png stdout tsv
21:08:52 INFO     command: tesseract --psm 0 -l osd /tmp/tmpzg7vnq2_.png stdout
21:08:53 INFO     command: tesseract -l por /tmp/tmpzg7vnq2_.png stdout tsv
21:09:01 INFO     command: tesseract --psm 0 -l osd /tmp/tmp6p_novi5.png stdout
21:09:02 INFO     command: tesseract -l por /tmp/tmp6p_novi5.png stdout tsv
21:09:09 INFO     Finished converting document iti_doc_diretivo_assinado-1_tarjado.pdf in 59.94 sec.
21:09:09 INFO       pixel_budget (Docling) iti_doc_diretivo_assinado-1_tarjado.pdf: 8.0% (área tabelas/5516339 px²)
21:09:09 INFO     [13/15] ✓ ITI       :    6 entregas | 60.0s | ETA ~1min
21:09:09 INFO     [14/15] → sgpr_ptd_2025_2027_anexo_de_entregas_assinado-copia_tarjada.pdf
21:09:09 INFO     detected formats: [<InputFormat.PDF: 'pdf'>]
21:09:09 INFO     Going to convert document batch...
21:09:09 INFO     Processing document sgpr_ptd_2025_2027_anexo_de_entregas_assinado-copia_tarjada.pdf
21:09:10 INFO     command: tesseract --psm 0 -l osd /tmp/tmpky1_7xnl.png stdout
21:09:11 INFO     command: tesseract -l por /tmp/tmpky1_7xnl.png stdout tsv
21:09:14 INFO     command: tesseract --psm 0 -l osd /tmp/tmpkalx8_ub.png stdout
21:09:15 INFO     command: tesseract -l por /tmp/tmpkalx8_ub.png stdout tsv
21:09:28 INFO     Finished converting document sgpr_ptd_2025_2027_anexo_de_entregas_assinado-copia_tarjada.pdf in 18.79 sec.
21:09:28 INFO       pixel_budget (Docling) sgpr_ptd_2025_2027_anexo_de_entregas_assinado-copia_tarjada.pdf: 29.5% (área tabelas/1002424 px²)
21:09:28 INFO     [14/15] ✓ SGPR      :   18 entregas | 18.8s | ETA ~48s
21:09:28 INFO     [15/15] → sgpr_ptd_2026_2027_docdiretivo_assinado-copia_tarjada.pdf
21:09:28 INFO     detected formats: [<InputFormat.PDF: 'pdf'>]
21:09:28 INFO     Going to convert document batch...
21:09:28 INFO     Processing document sgpr_ptd_2026_2027_docdiretivo_assinado-copia_tarjada.pdf
21:09:48 INFO     Finished converting document sgpr_ptd_2026_2027_docdiretivo_assinado-copia_tarjada.pdf in 19.83 sec.
21:09:48 INFO       pixel_budget (Docling) sgpr_ptd_2026_2027_docdiretivo_assinado-copia_tarjada.pdf: 8.2% (área tabelas/5513330 px²)
21:09:48 WARNING  [15/15] ⚠ SGPR      :    0 entregas | 19.8s | ETA ~0s
21:09:48 INFO     261 registros | 7 órgãos
21:09:48 INFO     ╔══════════════════════════════════════════════════════════════╗
21:09:48 INFO     ║                  ENTREGAS — fase concluída                   ║
21:09:48 INFO     ║  Processados: 15    |  ✓ 11  ⚠ 4                             ║
21:09:48 INFO     ║  Duração: 11.6 min                                           ║
21:09:48 INFO     ║  261 registros | 7 órgãos                                    ║
21:09:48 INFO     ╚══════════════════════════════════════════════════════════════╝
21:09:48 INFO     [1/7] → agu_ptd_2025_2027_docdiretivo_assinado_assinado_assinado-copia_tarjada.pdf
21:09:48 INFO     detected formats: [<InputFormat.PDF: 'pdf'>]
21:09:48 INFO     Going to convert document batch...
21:09:48 INFO     Processing document agu_ptd_2025_2027_docdiretivo_assinado_assinado_assinado-copia_tarjada.pdf
21:09:49 INFO     command: tesseract --psm 0 -l osd /tmp/tmp5qqsbz9i.png stdout
21:09:49 INFO     command: tesseract -l por /tmp/tmp5qqsbz9i.png stdout tsv
21:09:51 INFO     command: tesseract --psm 0 -l osd /tmp/tmp_n055a2h.png stdout
21:09:53 INFO     command: tesseract -l por /tmp/tmp_n055a2h.png stdout tsv
21:09:56 INFO     command: tesseract --psm 0 -l osd /tmp/tmpig57t1hq.png stdout
21:09:57 INFO     command: tesseract -l por /tmp/tmpig57t1hq.png stdout tsv
21:09:59 INFO     command: tesseract --psm 0 -l osd /tmp/tmpfgtiwqh7.png stdout
21:10:00 INFO     command: tesseract -l por /tmp/tmpfgtiwqh7.png stdout tsv
21:10:02 INFO     command: tesseract --psm 0 -l osd /tmp/tmpmt9ypaxu.png stdout
21:10:03 INFO     command: tesseract -l por /tmp/tmpmt9ypaxu.png stdout tsv
21:10:05 INFO     command: tesseract --psm 0 -l osd /tmp/tmpkmqka9as.png stdout
21:10:06 INFO     command: tesseract -l por /tmp/tmpkmqka9as.png stdout tsv
21:10:17 INFO     command: tesseract --psm 0 -l osd /tmp/tmpbow8mgdm.png stdout
21:10:17 INFO     command: tesseract -l por /tmp/tmpbow8mgdm.png stdout tsv
21:10:20 INFO     command: tesseract --psm 0 -l osd /tmp/tmpcf5chmtn.png stdout
21:10:20 INFO     command: tesseract -l por /tmp/tmpcf5chmtn.png stdout tsv
21:10:23 INFO     command: tesseract --psm 0 -l osd /tmp/tmpdmwuc0kf.png stdout
21:10:23 INFO     command: tesseract -l por /tmp/tmpdmwuc0kf.png stdout tsv
21:10:26 INFO     command: tesseract --psm 0 -l osd /tmp/tmpalg2a_6_.png stdout
21:10:27 INFO     command: tesseract -l por /tmp/tmpalg2a_6_.png stdout tsv
21:10:44 INFO     command: tesseract --psm 0 -l osd /tmp/tmp8upu2qen.png stdout
21:10:45 INFO     command: tesseract -l por /tmp/tmp8upu2qen.png stdout tsv
21:10:48 INFO     Finished converting document agu_ptd_2025_2027_docdiretivo_assinado_assinado_assinado-copia_tarjada.pdf in 60.11 sec.
21:10:48 INFO     [1/7] ✓ AGU       :   7 riscos | 60.1s | ETA ~6min
21:10:48 INFO     [2/7] → documento-diretivo-mcom-_-ptd-25_27-copia_tarjada.pdf
21:10:48 INFO     detected formats: [<InputFormat.PDF: 'pdf'>]
21:10:48 INFO     Going to convert document batch...
21:10:48 INFO     Processing document documento-diretivo-mcom-_-ptd-25_27-copia_tarjada.pdf
21:10:49 INFO     command: tesseract --psm 0 -l osd /tmp/tmp1yzixgki.png stdout
21:10:49 INFO     command: tesseract -l por /tmp/tmp1yzixgki.png stdout tsv
21:10:52 INFO     command: tesseract --psm 0 -l osd /tmp/tmp9wmiavzm.png stdout
21:10:53 INFO     command: tesseract -l por /tmp/tmp9wmiavzm.png stdout tsv
21:10:59 INFO     command: tesseract --psm 0 -l osd /tmp/tmpuxkplohq.png stdout
21:11:00 INFO     command: tesseract -l por /tmp/tmpuxkplohq.png stdout tsv
21:11:01 INFO     command: tesseract --psm 0 -l osd /tmp/tmp3n5j_vrk.png stdout
21:11:02 INFO     command: tesseract -l por /tmp/tmp3n5j_vrk.png stdout tsv
21:11:04 INFO     command: tesseract --psm 0 -l osd /tmp/tmpuat1rarm.png stdout
21:11:04 INFO     command: tesseract -l por /tmp/tmpuat1rarm.png stdout tsv
21:11:07 INFO     command: tesseract --psm 0 -l osd /tmp/tmpn1pub8vj.png stdout
21:11:08 INFO     command: tesseract -l por /tmp/tmpn1pub8vj.png stdout tsv
21:11:22 INFO     command: tesseract --psm 0 -l osd /tmp/tmpj8qt7m4k.png stdout
21:11:23 INFO     command: tesseract -l por /tmp/tmpj8qt7m4k.png stdout tsv
21:11:25 INFO     command: tesseract --psm 0 -l osd /tmp/tmp8ou9p0g5.png stdout
21:11:26 INFO     command: tesseract -l por /tmp/tmp8ou9p0g5.png stdout tsv
21:11:28 INFO     command: tesseract --psm 0 -l osd /tmp/tmp4aymmemp.png stdout
21:11:29 INFO     command: tesseract -l por /tmp/tmp4aymmemp.png stdout tsv
21:11:31 INFO     command: tesseract --psm 0 -l osd /tmp/tmpl5hd0elt.png stdout
21:11:32 INFO     command: tesseract -l por /tmp/tmpl5hd0elt.png stdout tsv
21:11:45 INFO     command: tesseract --psm 0 -l osd /tmp/tmphdqm6ffy.png stdout
21:11:46 INFO     command: tesseract -l por /tmp/tmphdqm6ffy.png stdout tsv
21:11:48 INFO     command: tesseract --psm 0 -l osd /tmp/tmpwlfqalh_.png stdout
21:11:48 INFO     command: tesseract -l por /tmp/tmpwlfqalh_.png stdout tsv
21:11:50 INFO     command: tesseract --psm 0 -l osd /tmp/tmpsvrlehbl.png stdout
21:11:51 INFO     command: tesseract -l por /tmp/tmpsvrlehbl.png stdout tsv
21:11:53 INFO     command: tesseract --psm 0 -l osd /tmp/tmpxeogfbr9.png stdout
21:11:54 INFO     command: tesseract -l por /tmp/tmpxeogfbr9.png stdout tsv
21:12:00 INFO     Finished converting document documento-diretivo-mcom-_-ptd-25_27-copia_tarjada.pdf in 71.60 sec.
21:12:00 INFO     [2/7] ✓ MCOM      :  14 riscos | 71.6s | ETA ~5min
21:12:00 INFO     [3/7] → fiocruz_novo-ptd_2-1_docdiretivo_repactuacao_2024-2026_assinado_assinado-copia_tarjada.pdf
21:12:00 INFO     detected formats: [<InputFormat.PDF: 'pdf'>]
21:12:00 INFO     Going to convert document batch...
21:12:00 INFO     Processing document fiocruz_novo-ptd_2-1_docdiretivo_repactuacao_2024-2026_assinado_assinado-copia_tarjada.pdf
21:12:17 INFO     Finished converting document fiocruz_novo-ptd_2-1_docdiretivo_repactuacao_2024-2026_assinado_assinado-copia_tarjada.pdf in 17.78 sec.
21:12:17 INFO     [3/7] ✓ FIOCRUZ   :   6 riscos | 17.8s | ETA ~3min
21:12:17 INFO     [4/7] → funai_ptd_2025_2027_docdiretivo_assinado-1_tarjado.pdf
21:12:17 INFO     detected formats: [<InputFormat.PDF: 'pdf'>]
21:12:17 INFO     Going to convert document batch...
21:12:17 INFO     Processing document funai_ptd_2025_2027_docdiretivo_assinado-1_tarjado.pdf
21:12:19 INFO     command: tesseract --psm 0 -l osd /tmp/tmpvf7_rte4.png stdout
21:12:19 INFO     command: tesseract -l por /tmp/tmpvf7_rte4.png stdout tsv
21:12:21 INFO     command: tesseract --psm 0 -l osd /tmp/tmplx90bc9o.png stdout
21:12:22 INFO     command: tesseract -l por /tmp/tmplx90bc9o.png stdout tsv
21:12:25 INFO     command: tesseract --psm 0 -l osd /tmp/tmp5x2yq0la.png stdout
21:12:26 INFO     command: tesseract -l por /tmp/tmp5x2yq0la.png stdout tsv
21:12:28 INFO     command: tesseract --psm 0 -l osd /tmp/tmphk3w9wyl.png stdout
21:12:29 INFO     command: tesseract -l por /tmp/tmphk3w9wyl.png stdout tsv
21:12:31 INFO     command: tesseract --psm 0 -l osd /tmp/tmpg5x_hs1a.png stdout
21:12:31 INFO     command: tesseract -l por /tmp/tmpg5x_hs1a.png stdout tsv
21:12:34 INFO     command: tesseract --psm 0 -l osd /tmp/tmpnf6um79n.png stdout
21:12:35 INFO     command: tesseract -l por /tmp/tmpnf6um79n.png stdout tsv
21:12:45 INFO     command: tesseract --psm 0 -l osd /tmp/tmp94c9c3e1.png stdout
21:12:46 INFO     command: tesseract -l por /tmp/tmp94c9c3e1.png stdout tsv
21:12:47 INFO     command: tesseract --psm 0 -l osd /tmp/tmp19x755v6.png stdout
21:12:48 INFO     command: tesseract -l por /tmp/tmp19x755v6.png stdout tsv
21:12:49 INFO     command: tesseract --psm 0 -l osd /tmp/tmpwlka3k1e.png stdout
21:12:50 INFO     command: tesseract -l por /tmp/tmpwlka3k1e.png stdout tsv
21:12:52 INFO     command: tesseract --psm 0 -l osd /tmp/tmpryy2xghd.png stdout
21:12:53 INFO     command: tesseract -l por /tmp/tmpryy2xghd.png stdout tsv
21:13:07 INFO     command: tesseract --psm 0 -l osd /tmp/tmpgpxt32ay.png stdout
21:13:07 INFO     command: tesseract -l por /tmp/tmpgpxt32ay.png stdout tsv
21:13:13 INFO     command: tesseract --psm 0 -l osd /tmp/tmph1msofs0.png stdout
21:13:14 INFO     command: tesseract -l por /tmp/tmph1msofs0.png stdout tsv
21:13:16 INFO     command: tesseract --psm 0 -l osd /tmp/tmpimvv7afa.png stdout
21:13:17 INFO     command: tesseract -l por /tmp/tmpimvv7afa.png stdout tsv
21:13:23 INFO     Finished converting document funai_ptd_2025_2027_docdiretivo_assinado-1_tarjado.pdf in 65.61 sec.
21:13:23 INFO     [4/7] ✓ FUNAI     :  15 riscos | 65.6s | ETA ~2min
21:13:23 INFO     [5/7] → incra_ptd_docdiretivo__assinado-1_assinado_assinado-copia_tarjada.pdf
21:13:23 INFO     detected formats: [<InputFormat.PDF: 'pdf'>]
21:13:23 INFO     Going to convert document batch...
21:13:23 INFO     Processing document incra_ptd_docdiretivo__assinado-1_assinado_assinado-copia_tarjada.pdf
21:13:24 INFO     command: tesseract --psm 0 -l osd /tmp/tmpa2wup5w8.png stdout
21:13:25 INFO     command: tesseract -l por /tmp/tmpa2wup5w8.png stdout tsv
21:13:27 INFO     command: tesseract --psm 0 -l osd /tmp/tmpqedq6hcz.png stdout
21:13:29 INFO     command: tesseract -l por /tmp/tmpqedq6hcz.png stdout tsv
21:13:34 INFO     command: tesseract --psm 0 -l osd /tmp/tmpat4k3ry_.png stdout
21:13:35 INFO     command: tesseract -l por /tmp/tmpat4k3ry_.png stdout tsv
21:13:37 INFO     command: tesseract --psm 0 -l osd /tmp/tmpyzo04a0n.png stdout
21:13:37 INFO     command: tesseract -l por /tmp/tmpyzo04a0n.png stdout tsv
21:13:39 INFO     command: tesseract --psm 0 -l osd /tmp/tmp6ghshrm1.png stdout
21:13:40 INFO     command: tesseract -l por /tmp/tmp6ghshrm1.png stdout tsv
21:13:42 INFO     command: tesseract --psm 0 -l osd /tmp/tmpfb0nwy6s.png stdout
21:13:43 INFO     command: tesseract -l por /tmp/tmpfb0nwy6s.png stdout tsv
21:14:00 INFO     command: tesseract --psm 0 -l osd /tmp/tmpgkgtgh5q.png stdout
21:14:01 INFO     command: tesseract -l por /tmp/tmpgkgtgh5q.png stdout tsv
21:14:03 INFO     command: tesseract --psm 0 -l osd /tmp/tmp8a0yuiqs.png stdout
21:14:03 INFO     command: tesseract -l por /tmp/tmp8a0yuiqs.png stdout tsv
21:14:05 INFO     command: tesseract --psm 0 -l osd /tmp/tmp_499yhu4.png stdout
21:14:06 INFO     command: tesseract -l por /tmp/tmp_499yhu4.png stdout tsv
21:14:08 INFO     command: tesseract --psm 0 -l osd /tmp/tmpemxiy095.png stdout
21:14:09 INFO     command: tesseract -l por /tmp/tmpemxiy095.png stdout tsv
21:14:14 INFO     command: tesseract --psm 0 -l osd /tmp/tmpcbu74q35.png stdout
21:14:15 INFO     command: tesseract -l por /tmp/tmpcbu74q35.png stdout tsv
21:14:20 INFO     command: tesseract --psm 0 -l osd /tmp/tmpbltp49mh.png stdout
21:14:21 INFO     command: tesseract -l por /tmp/tmpbltp49mh.png stdout tsv
21:14:26 INFO     command: tesseract --psm 0 -l osd /tmp/tmp9wsg13xi.png stdout
21:14:27 INFO     command: tesseract -l por /tmp/tmp9wsg13xi.png stdout tsv
21:14:35 INFO     Finished converting document incra_ptd_docdiretivo__assinado-1_assinado_assinado-copia_tarjada.pdf in 71.60 sec.
21:14:35 INFO     [5/7] ✓ INCRA     :  15 riscos | 71.6s | ETA ~1min
21:14:35 INFO     [6/7] → iti_doc_diretivo_assinado-1_tarjado.pdf
21:14:35 INFO     detected formats: [<InputFormat.PDF: 'pdf'>]
21:14:35 INFO     Going to convert document batch...
21:14:35 INFO     Processing document iti_doc_diretivo_assinado-1_tarjado.pdf
21:14:35 INFO     command: tesseract --psm 0 -l osd /tmp/tmpws8f99ip.png stdout
21:14:36 INFO     command: tesseract -l por /tmp/tmpws8f99ip.png stdout tsv
21:14:38 INFO     command: tesseract --psm 0 -l osd /tmp/tmp6budtgg6.png stdout
21:14:39 INFO     command: tesseract -l por /tmp/tmp6budtgg6.png stdout tsv
21:14:43 INFO     command: tesseract --psm 0 -l osd /tmp/tmpsc9usv6p.png stdout
21:14:44 INFO     command: tesseract -l por /tmp/tmpsc9usv6p.png stdout tsv
21:14:46 INFO     command: tesseract --psm 0 -l osd /tmp/tmpvdk15ajz.png stdout
21:14:47 INFO     command: tesseract -l por /tmp/tmpvdk15ajz.png stdout tsv
21:14:48 INFO     command: tesseract --psm 0 -l osd /tmp/tmp_50i3zy5.png stdout
21:14:49 INFO     command: tesseract -l por /tmp/tmp_50i3zy5.png stdout tsv
21:14:51 INFO     command: tesseract --psm 0 -l osd /tmp/tmp877kcdjd.png stdout
21:14:53 INFO     command: tesseract -l por /tmp/tmp877kcdjd.png stdout tsv
21:15:07 INFO     command: tesseract --psm 0 -l osd /tmp/tmppaybpxfj.png stdout
21:15:08 INFO     command: tesseract -l por /tmp/tmppaybpxfj.png stdout tsv
21:15:10 INFO     command: tesseract --psm 0 -l osd /tmp/tmprxsk63c7.png stdout
21:15:11 INFO     command: tesseract -l por /tmp/tmprxsk63c7.png stdout tsv
21:15:13 INFO     command: tesseract --psm 0 -l osd /tmp/tmpw7xpg3dw.png stdout
21:15:14 INFO     command: tesseract -l por /tmp/tmpw7xpg3dw.png stdout tsv
21:15:16 INFO     command: tesseract --psm 0 -l osd /tmp/tmpuppghh5e.png stdout
21:15:17 INFO     command: tesseract -l por /tmp/tmpuppghh5e.png stdout tsv
21:15:27 INFO     command: tesseract --psm 0 -l osd /tmp/tmpx4vtylj1.png stdout
21:15:28 INFO     command: tesseract -l por /tmp/tmpx4vtylj1.png stdout tsv
21:15:34 INFO     Finished converting document iti_doc_diretivo_assinado-1_tarjado.pdf in 59.24 sec.
21:15:34 INFO     [6/7] ✓ ITI       :  14 riscos | 59.3s | ETA ~58s
21:15:34 INFO     [7/7] → sgpr_ptd_2026_2027_docdiretivo_assinado-copia_tarjada.pdf
21:15:34 INFO     detected formats: [<InputFormat.PDF: 'pdf'>]
21:15:34 INFO     Going to convert document batch...
21:15:34 INFO     Processing document sgpr_ptd_2026_2027_docdiretivo_assinado-copia_tarjada.pdf
21:15:54 INFO     Finished converting document sgpr_ptd_2026_2027_docdiretivo_assinado-copia_tarjada.pdf in 19.75 sec.
21:15:54 INFO     [7/7] ✓ SGPR      :  10 riscos | 19.8s | ETA ~0s
21:15:54 INFO     ╔══════════════════════════════════════════════════════════════╗
21:15:54 INFO     ║                   RISCOS — fase concluída                    ║
21:15:54 INFO     ║  Processados: 7     |  ✓ 7  ⚠ 0                              ║
21:15:54 INFO     ║  Duração: 6.1 min                                            ║
21:15:54 INFO     ║  81 riscos | 7 órgãos                                        ║
21:15:54 INFO     ╚══════════════════════════════════════════════════════════════╝
21:15:54 INFO     81 riscos | 0 ações | 135 relações
21:15:54 INFO     ptd_corpus_raw                     : 261 linhas
21:15:54 INFO     ptd_pivot_eixos                    : 7 linhas
21:15:57 INFO     ptd_datas_assinatura               : 132 linhas
21:15:57 INFO     ptd_riscos                         : 81 linhas
21:15:57 INFO     ptd_riscos_acoes                   : 135 linhas
21:15:57 INFO     Manifesto salvo: pipeline_manifest.json | SHA-256 de 132 PDFs
21:15:57 INFO     ==================================================
21:15:57 INFO     PTD-BR v3.0-melhorado — PIPELINE CONCLUÍDO
21:15:57 INFO     ==================================================
21:15:57 INFO     ptd_corpus_raw.csv                        160 KB
21:15:57 INFO     ptd_pivot_eixos.csv                         0 KB
21:15:57 INFO     ptd_datas_assinatura.csv                    9 KB
21:15:57 INFO     ptd_riscos.csv                             23 KB
21:15:57 INFO     ptd_riscos_acoes.csv                        2 KB
21:15:57 INFO     proveniencia.json                           0 KB
21:15:57 INFO     pipeline_manifest.json                     20 KB
21:15:57 INFO     📦 Artefatos: https://github.com/freirelucas/teste/actions/runs/24010171008
21:15:57 INFO     ==================================================
