03:50:50 INFO     Docling disponível
03:50:50 WARNING  OCR fallback indisponível (IndentationError: unexpected indent (ptd_ocr_fallback.py, line 45))
03:50:51 INFO     Ignorado (guia/template/norma): ABNT-NBR-17225-Acessibilidade-Digital.pdf
03:50:51 INFO     Ignorado (guia/template/norma): cgrep-guia10passos-ptd-orgao.pdf
03:50:51 INFO     Ignorado (guia/template/norma): ABNT-NBR-17225-Acessibilidade-Digital.pdf
03:50:51 INFO     Scraping: 132 PDFs únicos | entregas: 68 | diretivos: 61
03:50:51 INFO     Baixando 132 PDFs únicos...
03:50:53 INFO     ✓ [  1/132] abin_ptd_anexo_de_entregas_assinado_pelo_orgao_ass   293.3KB
03:50:56 INFO     ✓ [  2/132] aeb_ptd_2025_2027_docdiretivo_aprovado_assinado-1_  1033.7KB
03:50:59 INFO     ✓ [  3/132] aeb_ptd_2025_2027_anexo_de_entregas_aprovado_assin   154.5KB
03:51:04 INFO     ✓ [  4/132] agu_ptd_2025_2027_docdiretivo_assinado_assinado_as  2860.3KB
03:51:07 INFO     ✓ [  5/132] agu_ptd_2025_2027_anexo_de_entregas_assinado_assin   525.5KB
03:51:09 INFO     ✓ [  6/132] ana_ptd_2025_2027_docdiretivo_assinado_assinado_as   477.2KB
03:51:11 INFO     ✓ [  7/132] ana_ptd_2025_2027_anexoentregas_assinado_assinado_   170.9KB
03:51:15 INFO     ✓ [  8/132] anac_ptd_2025_2026_docdiretivo_se_assinado_tarjado  1036.3KB
03:51:17 INFO     ✓ [  9/132] anac_ptd_2025_2026_anexo_de_entregas_se_assinado.p   215.2KB
03:51:20 INFO     ✓ [ 10/132] anatel_ptd_docdiretivo_assinado_2025_2026_assinado  1006.0KB
03:51:22 INFO     ✓ [ 11/132] anatel_ptd_2025_2026_anexo_de_entregas_do_ptd_publ    71.9KB
03:51:25 INFO     ✓ [ 12/132] ancine_ptd_2024_2026_docdiretivo_assinado-2_assina   961.8KB
03:51:28 INFO     ✓ [ 13/132] ancine_ptd_2024_2026_-_anexo_de_entregas_aprovado_   613.2KB
03:51:31 INFO     ✓ [ 14/132] ptd_aneel_2025-2027_docdiretivo_assinado_tarjado.p   779.6KB
03:51:33 INFO     ✓ [ 15/132] ptd_aneel_2025-2027_anexo_de_entregas_assinado.pdf   111.9KB
03:51:36 INFO     ✓ [ 16/132] anm_ptd_2025_2027_docdiretivo_assinadopeloorgao_ta  1092.5KB
03:51:39 INFO     ✓ [ 17/132] anm_ptd_2025_2027_anexo_entregas_assinadopeloorgao  1140.4KB
03:51:42 INFO     ✓ [ 18/132] anpd_ptd_2025_2027_docdiretivo_assinado_assinado_a  1044.3KB
03:51:45 INFO     ✓ [ 19/132] anpd_ptd_2025_2027_anexo_de_entregas_assinado_assi   166.5KB
03:51:48 INFO     ✓ [ 20/132] ans-plano_de_transformacao_digital_assinado-copia_  1023.4KB
03:51:50 INFO     ✓ [ 21/132] ans_ptd_2025_2026_anexo_de_entregas_assinado_assin   124.1KB
03:51:53 INFO     ✓ [ 22/132] antaq_ptd_2025_2027_docdiretivo_assinado_assinado_  1039.8KB
03:51:55 INFO     ✓ [ 23/132] antaq_ptd_2025_2027_anexoentregas_assinado_assinad   145.1KB
03:51:57 INFO     ✓ [ 24/132] mt_anexo_de_entregas_-_assinado_assinado_assinado_   143.6KB
03:52:06 INFO     ✓ [ 25/132] anvisa_ptd_docdiretivo_2025-2026_assinado_assinado  5771.2KB
03:52:08 INFO     ✓ [ 26/132] anvisa_ptd_anexo_de_entregas_2025_2026_assinado_as   239.0KB
03:52:11 INFO     ✓ [ 27/132] bcb_documento_diretivo_assinado_assinado_assinado-   713.7KB
03:52:13 INFO     ✓ [ 28/132] bcb_anexo_de_entregas_ptd_25_26-1_assinado_assinad   134.8KB
03:52:16 INFO     ✓ [ 29/132] cade_ptd_docdiretivo_2025_2026_assinado-2_assinado   810.4KB
03:52:19 INFO     ✓ [ 30/132] cade_ptd_anexo_de_entregas_2025_2026_assinado_copi   504.0KB
03:52:22 INFO     ✓ [ 31/132] mec_ptd_docdiretivo_2025-2026_sei_mec-5566673_copi   863.1KB
03:52:24 INFO     ✓ [ 32/132] mec_ptd_anexo-de-entregas_sei_mec-5576401_copia_ta   495.7KB
03:52:28 INFO     ✓ [ 33/132] mec_ptd_docdiretivo-versao-comunicacao_copia_tarja  1616.5KB
03:52:31 INFO     ✓ [ 34/132] md_ptd_2026_2027_anexo_de_entregas_assinado_assina   579.4KB
03:52:33 INFO     ✓ [ 35/132] md_ptd_2026_2027_anexo_de_entregas_assinado_assina   186.8KB
03:52:36 INFO     ✓ [ 36/132] md_ptd_temp_copia_tarjada.pdf                        741.9KB
03:52:39 INFO     ✓ [ 37/132] cgu_ptd_docdiretivo_assinado_assinado_assinado-cop  1085.4KB
03:52:42 INFO     ✓ [ 38/132] cgu_ptd_anexo_de_entregas_pactuadas_assinado_assin   514.1KB
03:52:44 INFO     ✓ [ 39/132] cnpq_ptd_2025_2027_docdiretivo_assinado_assinado_a   342.9KB
03:52:46 INFO     ✓ [ 40/132] cnpq_ptd_2025_2027_anexo_de_entregas_assinado_assi   136.1KB
03:52:49 INFO     ✓ [ 41/132] coaf_ptd_2025_2026_documento_diretivo_assinado_ass  1068.0KB
03:52:55 INFO     ✓ [ 42/132] coaf_ptd_2025_2026_anexo_de_entregas-2_assinado_as  3184.5KB
03:53:01 INFO     ✓ [ 43/132] ptd_midr-docdiretivo_aprovado_assinado_tarjado.pdf  3864.1KB
03:53:04 INFO     ✓ [ 44/132] ptd_midr_-_anexo_de_entregas_-_aprovado_assinado.p  1122.0KB
03:53:07 INFO     ✓ [ 45/132] mda-documento-diretivo-assinado_ptd-2025-207-copia   955.8KB
03:53:10 INFO     ✓ [ 46/132] cvm_ptd_2025_2027_docdiretivo_assinado_assinado_as   270.5KB
03:53:12 INFO     ✓ [ 47/132] cvm_ptd_2025_2027_anexoentregas_assinado_assinado_   409.0KB
03:53:15 INFO     ✓ [ 48/132] dnocs_ptd_doc_diretivo_2025_2026_assinado_orgao-2_   891.1KB
03:53:18 INFO     ✓ [ 49/132] dnocs_anexo_de_entregas_repactuado_2025_2026_assin   272.3KB
03:53:23 INFO     ✓ [ 50/132] fbn_ptd_2025_2027_docdiretivo_assinado-1_tarjado.p  2921.6KB
03:53:25 INFO     ✓ [ 51/132] fbn_ptd_2025_2027_anexo_de_entregas_assinado-1.pdf   162.3KB
03:53:29 INFO     ✓ [ 52/132] fcp_ptd_2025_2027_docdiretivo_assinado-1_tarjado.p  1612.0KB
03:53:31 INFO     ✓ [ 53/132] fcp_ptd_2025_2027_anexo_de_entregas_assinado-1.pdf   118.8KB
03:53:34 INFO     ✓ [ 54/132] fcrb_ptd_2025_2026_docdiretivo_aprovado_assinado-1   998.2KB
03:53:36 INFO     ✓ [ 55/132] fcrb_ptd_2025_2026_anexo_de_entregas_aprovado_assi   313.5KB
03:53:40 INFO     ✓ [ 56/132] fiocruz_novo-ptd_2-1_docdiretivo_repactuacao_2024-  1318.1KB
03:53:42 INFO     ✓ [ 57/132] fiocruz_ptd_anexo_de_entregas_assinado_v1_assinado   257.1KB
03:53:46 INFO     ✓ [ 58/132] fiocruz-ptd-06_2024-copia_tarjada.pdf               1693.8KB
03:53:50 INFO     ✓ [ 59/132] funai_ptd_2025_2027_docdiretivo_assinado-1_tarjado  1842.1KB
03:53:53 INFO     ✓ [ 60/132] funai_anexo_de_entregas_repactuado_2026_2027_assin   435.7KB
03:53:56 INFO     ✓ [ 61/132] funarte_ptd_docdiretivo_assinado_21_01_2025_assina   965.7KB
03:53:59 INFO     ✓ [ 62/132] funarte_ptd_anexo_de_entregas_assinado_v1_assinado   683.6KB
03:54:02 INFO     ✓ [ 63/132] fundacentro_ptd_2025_2027_docdiretivo_assinado_ass   826.6KB
03:54:04 INFO     ✓ [ 64/132] fundacentro_ptd_2025_2027_anexo_de_entregas_assina   635.5KB
03:54:07 INFO     ✓ [ 65/132] mma_ptd_docdiretivo_assinado_2025_2026-1_assinado_   949.3KB
03:54:10 INFO     ✓ [ 66/132] mma_ptd_anexo_de_entregas_aprovado_final_assinado_   174.8KB
03:54:13 INFO     ✓ [ 67/132] ibge_docdiretivo_2025_assinado_assinado_assinado-c  1167.3KB
03:54:15 INFO     ✓ [ 68/132] ibge_ptd_25_26_anexo_de_entregas_modelo_v2-1_assin   143.7KB
03:54:25 INFO     ✓ [ 69/132] incra_ptd_docdiretivo__assinado-1_assinado_assinad  7182.0KB
03:54:29 INFO     ✓ [ 70/132] incra_anexo_de_entregas_assinado-1_assinado_assina  1818.6KB
03:54:34 INFO     ✓ [ 71/132] inpi_ptd_docdiretivo_assinado_2025_2026_assinado_a  3322.4KB
03:54:39 INFO     ✓ [ 72/132] inpi_ptd_anexo_de_entregas_assinado_v1_assinado_as  3078.1KB
03:54:43 INFO     ✓ [ 73/132] inss_ptd_2025_2027_docdiretivo-assinado-copia_tarj  1173.3KB
03:54:45 INFO     ✓ [ 74/132] inss_ptd_2025_2027_anexo_de_entregas-assinado-copi   110.8KB
03:54:48 INFO     ✓ [ 75/132] iphan_ptd_docdiretivo_assinado_2025_2026_assinado_   885.7KB
03:54:50 INFO     ✓ [ 76/132] iphan_ptd_anexo_de_entregas_assinado_v1_assinado_a   310.9KB
03:54:57 INFO     ✓ [ 77/132] iti_doc_diretivo_assinado-1_tarjado.pdf             4905.1KB
03:55:00 INFO     ✓ [ 78/132] iti_anexo_de_entregas_assinado.pdf                   556.4KB
03:55:04 INFO     ✓ [ 79/132] mapa_ptd_2025_2027_docdiretivo_assinado-1_tarjado.  1740.9KB
03:55:06 INFO     ✓ [ 80/132] mapa_ptd_2025_2027_anexo_de_entregas_assinado-1.pd   261.9KB
03:55:13 INFO     ✓ [ 81/132] documento-diretivo-mcom-_-ptd-25_27-copia_tarjada.  4451.9KB
03:55:16 INFO     ✓ [ 82/132] anexo-de-entregas-mcom_ptd-25_27-copia_tarjada.pdf  1213.8KB
03:55:22 INFO     ✓ [ 83/132] ptd_21_24_mcom-copia_tarjada.pdf                    3040.7KB
03:55:25 INFO     ✓ [ 84/132] mcti_ptd_2025-2027_docdiretivo_assinado-copia_tarj  1030.7KB
03:55:27 INFO     ✓ [ 85/132] mcti_ptd_2025-2027_anexo-de-entregas_assinado-copi   145.8KB
03:55:29 INFO     ✓ [ 86/132] mda-anexo-entregas-assinado_ptd-2025-2027-copia-ta   284.6KB
03:55:32 INFO     ✓ [ 87/132] mdhc_ptd_2025_2027_docdiretivo_assinado_assinado_a   753.4KB
03:55:34 INFO     ✓ [ 88/132] mdhc_ptd_2025_2027_anexoentregas_assinado_assinado   186.8KB
03:55:37 INFO     ✓ [ 89/132] mdic_ptd_anexo_de_entregas_assinado_v1_assinado_as   176.6KB
03:55:40 INFO     ✓ [ 90/132] memp_ptd_2025_2026_docdiretivo_assinado_assinado_a  1030.1KB
03:55:42 INFO     ✓ [ 91/132] memp_ptd_2025_2026_anexo_de_entregas_assinado_assi   161.5KB
03:55:46 INFO     ✓ [ 92/132] mesp_ptd_2025_2027_docdiretivo_assinado_assinado_2  1147.7KB
03:55:48 INFO     ✓ [ 93/132] mesp_ptd_2025_2027_anexo_de_entregas_assinado_assi   226.6KB
03:55:51 INFO     ✓ [ 94/132] mf_ptd_2026_2027_documentodiretivo_assinado_assina   955.1KB
03:55:54 INFO     ✓ [ 95/132] mf_ptd_2026_2027_anexo_de_entregas_1_mf_se_assinad   241.2KB
03:55:56 INFO     ✓ [ 96/132] mgi_ptd_2025_2027_docdiretivo_assinado_assinado_as   375.2KB
03:55:58 INFO     ✓ [ 97/132] mgi_ptd_2025_2027_anexo_de_entregas_assinado_assin   256.1KB
03:56:01 INFO     ✓ [ 98/132] minc_ptd_2025_2027_docdiretivo_assinado-1_assinado   863.6KB
03:56:04 INFO     ✓ [ 99/132] minc_ptd_2025_2027_anexo_de_entregas_assinado-1_as   276.7KB
03:56:07 INFO     ✓ [100/132] mjsp_ptd_docdiretivo_assinado_2025_2026_assinado_a   954.0KB
03:56:09 INFO     ✓ [101/132] mjsp_ptd_anexo_de_entregas_assinado_v1_assinado_as   253.9KB
03:56:12 INFO     ✓ [102/132] mme_ptd_2025_2027_docdiretivo_assinado-copia_tarja   664.5KB
03:56:14 INFO     ✓ [103/132] mme_ptd_2025_2027_anexo_de_entregas_assinado__1_-c   111.1KB
03:56:17 INFO     ✓ [104/132] mmulheres_ptd_2025_2027_docdiretivo_assinado_assin  1078.3KB
03:56:20 INFO     ✓ [105/132] mmulheres_ptd_2025_2027_anexo_de_entregas_assinado   216.9KB
03:56:23 INFO     ✓ [106/132] mpi_ptd_2025_2027_docdiretivo_ministerio_dos_povos   947.9KB
03:56:25 INFO     ✓ [107/132] mpi_ptd_anexo_de_entregas_do_plano_de_tranformacao   191.9KB
03:56:28 INFO     ✓ [108/132] mpo_ptd_docdiretivo_assinado_2025_2026_assinado_as   806.3KB
03:56:30 INFO     ✓ [109/132] mpo_ptd_anexo_de_entregas_assinado_v1_assinado_ass   323.2KB
03:56:33 INFO     ✓ [110/132] mpor_ptd_2025_2027_docdiretivo_assinado_assinado_a   876.5KB
03:56:35 INFO     ✓ [111/132] mpor_ptd_2025_2027_anexo_de_entregas_assinado_assi   175.1KB
03:56:39 INFO     ✓ [112/132] mps_ptd_2025-2026_docdiretivo_final_assinado-1_ass  1024.4KB
03:56:41 INFO     ✓ [113/132] mps_ptd_2025-2026_anexo_de_entregas_final_assinado   165.0KB
03:56:44 INFO     ✓ [114/132] mre_ptd_docdiretivo_assinado_2025_2026_assinado_as   760.9KB
03:56:46 INFO     ✓ [115/132] mre_ptd_anexo_de_entregas_assinado_v1_assinado_ass   233.2KB
03:56:49 INFO     ✓ [116/132] mte_ptd_2025_2026_docdiretivo_assinado_assinado_as   729.6KB
03:56:52 INFO     ✓ [117/132] mte_ptd_anexo_de_entregas_assinado_v1__281_29_assi   459.5KB
03:56:55 INFO     ✓ [118/132] mtur_ptd_docdiretiv_assinado_30_01_2025_assinado_a  1050.4KB
03:56:57 INFO     ✓ [119/132] mtur_ptd_anexo_de_entregas_assinado_30_01_2025_ass   118.8KB
03:57:01 INFO     ✓ [120/132] pf_ptd_docdiretivo_2025_2027_assinado-copia_tarjad   964.3KB
03:57:03 INFO     ✓ [121/132] pf_ptd_anexo_de_entregas_2025_2027_assinado-copia_    62.5KB
03:57:05 INFO     ✓ [122/132] mf_ptd_2026_2027_anexo_de_entregas_4_mf_pgfn_assin   466.8KB
03:57:14 INFO     ✓ [123/132] previc_plano_de_transformacao_digital_2025_2026_29  6652.7KB
03:57:17 INFO     ✓ [124/132] previc_ptd_repactuacao_2025-2026_assinado_assinado   182.9KB
03:57:19 INFO     ✓ [125/132] prf_documentodiretivo_ptd_2026-2027_assinado_tarja   535.9KB
03:57:22 INFO     ✓ [126/132] prf_anexo_de_entregas_do_ptd__2026_2027___ptd___en   157.7KB
03:57:24 INFO     ✓ [127/132] mf_ptd_2026_2027_anexo_de_entregas_2_mf_rfb_assina   253.7KB
03:57:27 INFO     ✓ [128/132] sgpr_ptd_2026_2027_docdiretivo_assinado-copia_tarj   791.2KB
03:57:30 INFO     ✓ [129/132] sgpr_ptd_2025_2027_anexo_de_entregas_assinado-copi   897.9KB
03:57:32 INFO     ✓ [130/132] mf_ptd_2026_2027_anexo_de_entregas_3_mf_stn_assina   467.8KB
03:57:36 INFO     ✓ [131/132] susep_ptd_2025_2027_docdiretivo-assinado-copia_tar  1030.1KB
03:57:38 INFO     ✓ [132/132] susep_ptd_2025-2026_anexo_de_entregas_final_assina   221.9KB
03:57:39 INFO     132 OK | 0 erros | 123.3 MB total
03:57:45 INFO     Sanity: 132 PDFs | 113 texto | 19 imagem/OCR | 0 duplicatas
03:57:45 INFO     --siglas (debug): 15 PDFs de ['AGU', 'FIOCRUZ', 'FUNAI', 'FUNDACENTRO', 'INCRA', 'ITI', 'MCOM', 'SGPR']
03:57:45 INFO     DocumentConverter instanciado (singleton × 2: plain + OCR)
03:57:45 INFO     [1/15] → agu_ptd_2025_2027_anexo_de_entregas_assinado_assinado_assinado-copia_tarjada.pdf
03:57:45 INFO     detected formats: [<InputFormat.PDF: 'pdf'>]
03:57:45 INFO     Going to convert document batch...
03:57:45 INFO     Initializing pipeline for StandardPdfPipeline with options hash bc6794697da537796efc497178f9263f
03:57:45 INFO     Loading plugin 'docling_defaults'
03:57:45 INFO     Registered picture descriptions: ['picture_description_vlm_engine', 'vlm', 'api']
03:57:45 INFO     Loading plugin 'docling_defaults'
03:57:45 INFO     Registered ocr engines: ['auto', 'easyocr', 'kserve_v2_ocr', 'ocrmac', 'rapidocr', 'tesserocr', 'tesseract']
03:57:45 INFO     command: tesseract --list-langs
03:57:45 INFO     Loading plugin 'docling_defaults'
03:57:45 INFO     Registered layout engines: ['layout_object_detection', 'docling_layout_default', 'docling_experimental_table_crops_layout']
03:57:45 INFO     Accelerator device: 'cpu'
03:57:45 INFO     HTTP Request: GET https://huggingface.co/api/models/docling-project/docling-layout-heron/revision/main "HTTP/1.1 200 OK"
03:57:45 INFO     HTTP Request: HEAD https://huggingface.co/docling-project/docling-layout-heron/resolve/8f39ad3c0b4c58e9c2d2c84a38465abf757272d8/.gitattributes "HTTP/1.1 307 Temporary Redirect"
03:57:45 INFO     HTTP Request: HEAD https://huggingface.co/api/resolve-cache/models/docling-project/docling-layout-heron/8f39ad3c0b4c58e9c2d2c84a38465abf757272d8/.gitattributes "HTTP/1.1 200 OK"
03:57:45 INFO     HTTP Request: GET https://huggingface.co/api/resolve-cache/models/docling-project/docling-layout-heron/8f39ad3c0b4c58e9c2d2c84a38465abf757272d8/.gitattributes "HTTP/1.1 200 OK"
03:57:45 INFO     HTTP Request: HEAD https://huggingface.co/docling-project/docling-layout-heron/resolve/8f39ad3c0b4c58e9c2d2c84a38465abf757272d8/config.json "HTTP/1.1 307 Temporary Redirect"
03:57:45 INFO     HTTP Request: HEAD https://huggingface.co/docling-project/docling-layout-heron/resolve/8f39ad3c0b4c58e9c2d2c84a38465abf757272d8/docling_heron_400.png "HTTP/1.1 307 Temporary Redirect"
03:57:45 INFO     HTTP Request: HEAD https://huggingface.co/docling-project/docling-layout-heron/resolve/8f39ad3c0b4c58e9c2d2c84a38465abf757272d8/model.safetensors "HTTP/1.1 302 Found"
03:57:45 INFO     HTTP Request: HEAD https://huggingface.co/docling-project/docling-layout-heron/resolve/8f39ad3c0b4c58e9c2d2c84a38465abf757272d8/README.md "HTTP/1.1 307 Temporary Redirect"
03:57:45 INFO     HTTP Request: HEAD https://huggingface.co/docling-project/docling-layout-heron/resolve/8f39ad3c0b4c58e9c2d2c84a38465abf757272d8/preprocessor_config.json "HTTP/1.1 307 Temporary Redirect"
03:57:45 INFO     HTTP Request: HEAD https://huggingface.co/api/resolve-cache/models/docling-project/docling-layout-heron/8f39ad3c0b4c58e9c2d2c84a38465abf757272d8/config.json "HTTP/1.1 200 OK"
03:57:45 INFO     HTTP Request: HEAD https://huggingface.co/api/resolve-cache/models/docling-project/docling-layout-heron/8f39ad3c0b4c58e9c2d2c84a38465abf757272d8/docling_heron_400.png "HTTP/1.1 200 OK"
03:57:45 INFO     HTTP Request: HEAD https://huggingface.co/api/resolve-cache/models/docling-project/docling-layout-heron/8f39ad3c0b4c58e9c2d2c84a38465abf757272d8/README.md "HTTP/1.1 200 OK"
03:57:45 INFO     HTTP Request: HEAD https://huggingface.co/api/resolve-cache/models/docling-project/docling-layout-heron/8f39ad3c0b4c58e9c2d2c84a38465abf757272d8/preprocessor_config.json "HTTP/1.1 200 OK"
03:57:45 INFO     HTTP Request: GET https://huggingface.co/api/resolve-cache/models/docling-project/docling-layout-heron/8f39ad3c0b4c58e9c2d2c84a38465abf757272d8/docling_heron_400.png "HTTP/1.1 200 OK"
03:57:45 INFO     HTTP Request: GET https://huggingface.co/api/resolve-cache/models/docling-project/docling-layout-heron/8f39ad3c0b4c58e9c2d2c84a38465abf757272d8/config.json "HTTP/1.1 200 OK"
03:57:45 INFO     HTTP Request: GET https://huggingface.co/api/resolve-cache/models/docling-project/docling-layout-heron/8f39ad3c0b4c58e9c2d2c84a38465abf757272d8/preprocessor_config.json "HTTP/1.1 200 OK"
03:57:45 INFO     HTTP Request: GET https://huggingface.co/api/resolve-cache/models/docling-project/docling-layout-heron/8f39ad3c0b4c58e9c2d2c84a38465abf757272d8/README.md "HTTP/1.1 200 OK"
03:57:45 INFO     HTTP Request: GET https://huggingface.co/api/models/docling-project/docling-layout-heron/xet-read-token/8f39ad3c0b4c58e9c2d2c84a38465abf757272d8 "HTTP/1.1 200 OK"
03:57:47 INFO     Loading plugin 'docling_defaults'
03:57:47 INFO     Registered table structure engines: ['docling_tableformer', 'docling_tableformer_v2']
03:57:47 INFO     HTTP Request: GET https://huggingface.co/api/models/docling-project/docling-models/revision/v2.3.0 "HTTP/1.1 200 OK"
03:57:47 INFO     HTTP Request: HEAD https://huggingface.co/docling-project/docling-models/resolve/fc0f2d45e2218ea24bce5045f58a389aed16dc23/.gitignore "HTTP/1.1 307 Temporary Redirect"
03:57:47 INFO     HTTP Request: HEAD https://huggingface.co/docling-project/docling-models/resolve/fc0f2d45e2218ea24bce5045f58a389aed16dc23/README.md "HTTP/1.1 307 Temporary Redirect"
03:57:47 INFO     HTTP Request: HEAD https://huggingface.co/docling-project/docling-models/resolve/fc0f2d45e2218ea24bce5045f58a389aed16dc23/model_artifacts/tableformer/accurate/tableformer_accurate.safetensors "HTTP/1.1 302 Found"
03:57:47 WARNING  Warning: You are sending unauthenticated requests to the HF Hub. Please set a HF_TOKEN to enable higher rate limits and faster downloads.
03:57:47 INFO     HTTP Request: HEAD https://huggingface.co/docling-project/docling-models/resolve/fc0f2d45e2218ea24bce5045f58a389aed16dc23/.gitattributes "HTTP/1.1 307 Temporary Redirect"
03:57:47 INFO     HTTP Request: HEAD https://huggingface.co/docling-project/docling-models/resolve/fc0f2d45e2218ea24bce5045f58a389aed16dc23/model_artifacts/tableformer/accurate/tm_config.json "HTTP/1.1 307 Temporary Redirect"
03:57:47 INFO     HTTP Request: HEAD https://huggingface.co/api/resolve-cache/models/docling-project/docling-models/fc0f2d45e2218ea24bce5045f58a389aed16dc23/.gitignore "HTTP/1.1 200 OK"
03:57:47 INFO     HTTP Request: HEAD https://huggingface.co/api/resolve-cache/models/docling-project/docling-models/fc0f2d45e2218ea24bce5045f58a389aed16dc23/README.md "HTTP/1.1 200 OK"
03:57:47 INFO     HTTP Request: HEAD https://huggingface.co/api/resolve-cache/models/docling-project/docling-models/fc0f2d45e2218ea24bce5045f58a389aed16dc23/.gitattributes "HTTP/1.1 200 OK"
03:57:47 INFO     HTTP Request: HEAD https://huggingface.co/docling-project/docling-models/resolve/fc0f2d45e2218ea24bce5045f58a389aed16dc23/config.json "HTTP/1.1 307 Temporary Redirect"
03:57:47 INFO     HTTP Request: HEAD https://huggingface.co/api/resolve-cache/models/docling-project/docling-models/fc0f2d45e2218ea24bce5045f58a389aed16dc23/model_artifacts%2Ftableformer%2Faccurate%2Ftm_config.json "HTTP/1.1 200 OK"
03:57:47 INFO     HTTP Request: GET https://huggingface.co/api/resolve-cache/models/docling-project/docling-models/fc0f2d45e2218ea24bce5045f58a389aed16dc23/.gitignore "HTTP/1.1 200 OK"
03:57:47 INFO     HTTP Request: GET https://huggingface.co/api/resolve-cache/models/docling-project/docling-models/fc0f2d45e2218ea24bce5045f58a389aed16dc23/README.md "HTTP/1.1 200 OK"
03:57:47 INFO     HTTP Request: HEAD https://huggingface.co/docling-project/docling-models/resolve/fc0f2d45e2218ea24bce5045f58a389aed16dc23/model_artifacts/tableformer/fast/tm_config.json "HTTP/1.1 307 Temporary Redirect"
03:57:47 INFO     HTTP Request: HEAD https://huggingface.co/docling-project/docling-models/resolve/fc0f2d45e2218ea24bce5045f58a389aed16dc23/model_artifacts/tableformer/fast/tableformer_fast.safetensors "HTTP/1.1 302 Found"
03:57:47 INFO     HTTP Request: HEAD https://huggingface.co/api/resolve-cache/models/docling-project/docling-models/fc0f2d45e2218ea24bce5045f58a389aed16dc23/config.json "HTTP/1.1 200 OK"
03:57:47 INFO     HTTP Request: GET https://huggingface.co/api/resolve-cache/models/docling-project/docling-models/fc0f2d45e2218ea24bce5045f58a389aed16dc23/model_artifacts%2Ftableformer%2Faccurate%2Ftm_config.json "HTTP/1.1 200 OK"
03:57:47 INFO     HTTP Request: GET https://huggingface.co/api/resolve-cache/models/docling-project/docling-models/fc0f2d45e2218ea24bce5045f58a389aed16dc23/.gitattributes "HTTP/1.1 200 OK"
03:57:47 INFO     HTTP Request: HEAD https://huggingface.co/api/resolve-cache/models/docling-project/docling-models/fc0f2d45e2218ea24bce5045f58a389aed16dc23/model_artifacts%2Ftableformer%2Ffast%2Ftm_config.json "HTTP/1.1 200 OK"
03:57:47 INFO     HTTP Request: GET https://huggingface.co/api/resolve-cache/models/docling-project/docling-models/fc0f2d45e2218ea24bce5045f58a389aed16dc23/config.json "HTTP/1.1 200 OK"
03:57:47 INFO     HTTP Request: GET https://huggingface.co/api/resolve-cache/models/docling-project/docling-models/fc0f2d45e2218ea24bce5045f58a389aed16dc23/model_artifacts%2Ftableformer%2Ffast%2Ftm_config.json "HTTP/1.1 200 OK"
03:57:47 INFO     HTTP Request: GET https://huggingface.co/api/models/docling-project/docling-models/xet-read-token/fc0f2d45e2218ea24bce5045f58a389aed16dc23 "HTTP/1.1 200 OK"
03:57:47 INFO     HTTP Request: GET https://huggingface.co/api/models/docling-project/docling-models/xet-read-token/fc0f2d45e2218ea24bce5045f58a389aed16dc23 "HTTP/1.1 200 OK"
03:57:48 INFO     Accelerator device: 'cpu'
03:57:49 INFO     Processing document agu_ptd_2025_2027_anexo_de_entregas_assinado_assinado_assinado-copia_tarjada.pdf
03:57:49 INFO     command: tesseract --psm 0 -l osd /tmp/tmplpc4ibw1.png stdout
03:57:50 INFO     command: tesseract -l por /tmp/tmplpc4ibw1.png stdout tsv
03:57:53 INFO     command: tesseract --psm 0 -l osd /tmp/tmprq5agv40.png stdout
03:57:54 INFO     command: tesseract -l por /tmp/tmprq5agv40.png stdout tsv
03:58:13 INFO     Finished converting document agu_ptd_2025_2027_anexo_de_entregas_assinado_assinado_assinado-copia_tarjada.pdf in 27.72 sec.
03:58:13 INFO       pixel_budget (Docling) agu_ptd_2025_2027_anexo_de_entregas_assinado_assinado_assinado-copia_tarjada.pdf: 45.8% (área tabelas/1001817 px²)
03:58:13 INFO     [1/15] ✓ AGU       :   33 entregas | 27.7s | ETA ~6min
03:58:13 INFO     [2/15] → agu_ptd_2025_2027_docdiretivo_assinado_assinado_assinado-copia_tarjada.pdf
03:58:13 INFO     detected formats: [<InputFormat.PDF: 'pdf'>]
03:58:13 INFO     Going to convert document batch...
03:58:13 INFO     Processing document agu_ptd_2025_2027_docdiretivo_assinado_assinado_assinado-copia_tarjada.pdf
03:58:13 INFO     command: tesseract --psm 0 -l osd /tmp/tmpuueosk6b.png stdout
03:58:14 INFO     command: tesseract -l por /tmp/tmpuueosk6b.png stdout tsv
03:58:16 INFO     command: tesseract --psm 0 -l osd /tmp/tmpk7os8xxj.png stdout
03:58:17 INFO     command: tesseract -l por /tmp/tmpk7os8xxj.png stdout tsv
03:58:21 INFO     command: tesseract --psm 0 -l osd /tmp/tmpak8b0e9m.png stdout
03:58:21 INFO     command: tesseract -l por /tmp/tmpak8b0e9m.png stdout tsv
03:58:24 INFO     command: tesseract --psm 0 -l osd /tmp/tmppkjqm8wf.png stdout
03:58:24 INFO     command: tesseract -l por /tmp/tmppkjqm8wf.png stdout tsv
03:58:26 INFO     command: tesseract --psm 0 -l osd /tmp/tmp354mb69h.png stdout
03:58:27 INFO     command: tesseract -l por /tmp/tmp354mb69h.png stdout tsv
03:58:29 INFO     command: tesseract --psm 0 -l osd /tmp/tmpmn2_wpps.png stdout
03:58:30 INFO     command: tesseract -l por /tmp/tmpmn2_wpps.png stdout tsv
03:58:41 INFO     command: tesseract --psm 0 -l osd /tmp/tmpmgbo56b0.png stdout
03:58:42 INFO     command: tesseract -l por /tmp/tmpmgbo56b0.png stdout tsv
03:58:44 INFO     command: tesseract --psm 0 -l osd /tmp/tmpczgw42z4.png stdout
03:58:45 INFO     command: tesseract -l por /tmp/tmpczgw42z4.png stdout tsv
03:58:47 INFO     command: tesseract --psm 0 -l osd /tmp/tmpal8ilo4u.png stdout
03:58:48 INFO     command: tesseract -l por /tmp/tmpal8ilo4u.png stdout tsv
03:58:51 INFO     command: tesseract --psm 0 -l osd /tmp/tmpv6a2o1nr.png stdout
03:58:52 INFO     command: tesseract -l por /tmp/tmpv6a2o1nr.png stdout tsv
03:59:07 INFO     command: tesseract --psm 0 -l osd /tmp/tmprmwczsm0.png stdout
03:59:08 INFO     command: tesseract -l por /tmp/tmprmwczsm0.png stdout tsv
03:59:11 INFO     Finished converting document agu_ptd_2025_2027_docdiretivo_assinado_assinado_assinado-copia_tarjada.pdf in 58.40 sec.
03:59:11 INFO       pixel_budget (Docling) agu_ptd_2025_2027_docdiretivo_assinado_assinado_assinado-copia_tarjada.pdf: 2.1% (área tabelas/5513330 px²)
03:59:11 INFO     [2/15] ✓ AGU       :    6 entregas | 58.4s | ETA ~9min
03:59:11 INFO     [3/15] → anexo-de-entregas-mcom_ptd-25_27-copia_tarjada.pdf
03:59:11 INFO     detected formats: [<InputFormat.PDF: 'pdf'>]
03:59:11 INFO     Going to convert document batch...
03:59:11 INFO     Processing document anexo-de-entregas-mcom_ptd-25_27-copia_tarjada.pdf
03:59:12 INFO     command: tesseract --psm 0 -l osd /tmp/tmpi8f8lv9v.png stdout
03:59:13 INFO     command: tesseract -l por /tmp/tmpi8f8lv9v.png stdout tsv
03:59:16 INFO     command: tesseract --psm 0 -l osd /tmp/tmpjbxsr9a2.png stdout
03:59:17 INFO     command: tesseract -l por /tmp/tmpjbxsr9a2.png stdout tsv
03:59:29 INFO     command: tesseract --psm 0 -l osd /tmp/tmparajcq0u.png stdout
03:59:30 INFO     command: tesseract -l por /tmp/tmparajcq0u.png stdout tsv
03:59:50 INFO     Finished converting document anexo-de-entregas-mcom_ptd-25_27-copia_tarjada.pdf in 38.33 sec.
03:59:50 INFO       pixel_budget (Docling) anexo-de-entregas-mcom_ptd-25_27-copia_tarjada.pdf: 55.2% (área tabelas/1503636 px²)
03:59:50 INFO     [3/15] ✓ MCOM      :   55 entregas | 38.4s | ETA ~8min
03:59:50 INFO     [4/15] → documento-diretivo-mcom-_-ptd-25_27-copia_tarjada.pdf
03:59:50 INFO     detected formats: [<InputFormat.PDF: 'pdf'>]
03:59:50 INFO     Going to convert document batch...
03:59:50 INFO     Processing document documento-diretivo-mcom-_-ptd-25_27-copia_tarjada.pdf
03:59:50 INFO     command: tesseract --psm 0 -l osd /tmp/tmp8lp7i8o_.png stdout
03:59:51 INFO     command: tesseract -l por /tmp/tmp8lp7i8o_.png stdout tsv
03:59:53 INFO     command: tesseract --psm 0 -l osd /tmp/tmp9gpqlcwo.png stdout
03:59:55 INFO     command: tesseract -l por /tmp/tmp9gpqlcwo.png stdout tsv
04:00:00 INFO     command: tesseract --psm 0 -l osd /tmp/tmpnoiqpoct.png stdout
04:00:01 INFO     command: tesseract -l por /tmp/tmpnoiqpoct.png stdout tsv
04:00:02 INFO     command: tesseract --psm 0 -l osd /tmp/tmp66bocmcy.png stdout
04:00:02 INFO     command: tesseract -l por /tmp/tmp66bocmcy.png stdout tsv
04:00:04 INFO     command: tesseract --psm 0 -l osd /tmp/tmpanuo9nfr.png stdout
04:00:05 INFO     command: tesseract -l por /tmp/tmpanuo9nfr.png stdout tsv
04:00:08 INFO     command: tesseract --psm 0 -l osd /tmp/tmp4a994iuq.png stdout
04:00:09 INFO     command: tesseract -l por /tmp/tmp4a994iuq.png stdout tsv
04:00:22 INFO     command: tesseract --psm 0 -l osd /tmp/tmpe3r6vcb3.png stdout
04:00:23 INFO     command: tesseract -l por /tmp/tmpe3r6vcb3.png stdout tsv
04:00:26 INFO     command: tesseract --psm 0 -l osd /tmp/tmpotc0kz0i.png stdout
04:00:26 INFO     command: tesseract -l por /tmp/tmpotc0kz0i.png stdout tsv
04:00:29 INFO     command: tesseract --psm 0 -l osd /tmp/tmpnzn1utfq.png stdout
04:00:29 INFO     command: tesseract -l por /tmp/tmpnzn1utfq.png stdout tsv
04:00:31 INFO     command: tesseract --psm 0 -l osd /tmp/tmpuxovpp5r.png stdout
04:00:32 INFO     command: tesseract -l por /tmp/tmpuxovpp5r.png stdout tsv
04:00:38 INFO     command: tesseract --psm 0 -l osd /tmp/tmpign3010q.png stdout
04:00:39 INFO     command: tesseract -l por /tmp/tmpign3010q.png stdout tsv
04:00:45 INFO     command: tesseract --psm 0 -l osd /tmp/tmphmqleo38.png stdout
04:00:45 INFO     command: tesseract -l por /tmp/tmphmqleo38.png stdout tsv
04:00:47 INFO     command: tesseract --psm 0 -l osd /tmp/tmp5k86sykt.png stdout
04:00:48 INFO     command: tesseract -l por /tmp/tmp5k86sykt.png stdout tsv
04:00:50 INFO     command: tesseract --psm 0 -l osd /tmp/tmpaohre3vx.png stdout
04:00:51 INFO     command: tesseract -l por /tmp/tmpaohre3vx.png stdout tsv
04:00:57 INFO     Finished converting document documento-diretivo-mcom-_-ptd-25_27-copia_tarjada.pdf in 66.97 sec.
04:00:57 INFO       pixel_budget (Docling) documento-diretivo-mcom-_-ptd-25_27-copia_tarjada.pdf: 10.8% (área tabelas/7016966 px²)
04:00:57 WARNING  [4/15] ⚠ MCOM      :    0 entregas | 67.0s | ETA ~8min
04:00:57 INFO     [5/15] → fiocruz-ptd-06_2024-copia_tarjada.pdf
04:00:57 INFO     detected formats: [<InputFormat.PDF: 'pdf'>]
04:00:57 INFO     Going to convert document batch...
04:00:57 INFO     Initializing pipeline for StandardPdfPipeline with options hash d18651824ca6fe56cf3ccb20424ac2c8
04:00:57 INFO     Accelerator device: 'cpu'
04:00:57 INFO     HTTP Request: GET https://huggingface.co/api/models/docling-project/docling-layout-heron/revision/main "HTTP/1.1 200 OK"
04:00:57 INFO     HTTP Request: GET https://huggingface.co/api/models/docling-project/docling-models/revision/v2.3.0 "HTTP/1.1 200 OK"
04:00:57 INFO     Accelerator device: 'cpu'
04:00:58 INFO     Processing document fiocruz-ptd-06_2024-copia_tarjada.pdf
04:02:05 INFO     Finished converting document fiocruz-ptd-06_2024-copia_tarjada.pdf in 67.98 sec.
04:02:05 INFO       pixel_budget (Docling) fiocruz-ptd-06_2024-copia_tarjada.pdf: 36.4% (área tabelas/7518178 px²)
04:02:05 WARNING  [5/15] ⚠ FIOCRUZ   :    0 entregas | 68.0s | ETA ~8min
04:02:05 INFO     [6/15] → fiocruz_novo-ptd_2-1_docdiretivo_repactuacao_2024-2026_assinado_assinado-copia_tarjada.pdf
04:02:05 INFO     detected formats: [<InputFormat.PDF: 'pdf'>]
04:02:05 INFO     Going to convert document batch...
04:02:05 INFO     Processing document fiocruz_novo-ptd_2-1_docdiretivo_repactuacao_2024-2026_assinado_assinado-copia_tarjada.pdf
04:02:23 INFO     Finished converting document fiocruz_novo-ptd_2-1_docdiretivo_repactuacao_2024-2026_assinado_assinado-copia_tarjada.pdf in 17.96 sec.
04:02:23 INFO       pixel_budget (Docling) fiocruz_novo-ptd_2-1_docdiretivo_repactuacao_2024-2026_assinado_assinado-copia_tarjada.pdf: 11.3% (área tabelas/5012118 px²)
04:02:23 WARNING  [6/15] ⚠ FIOCRUZ   :    0 entregas | 18.0s | ETA ~6min
04:02:23 INFO     [7/15] → fiocruz_ptd_anexo_de_entregas_assinado_v1_assinado_assinado-1-copia_tarjada.pdf
04:02:23 INFO     detected formats: [<InputFormat.PDF: 'pdf'>]
04:02:23 INFO     Going to convert document batch...
04:02:23 INFO     Processing document fiocruz_ptd_anexo_de_entregas_assinado_v1_assinado_assinado-1-copia_tarjada.pdf
04:02:55 INFO     Finished converting document fiocruz_ptd_anexo_de_entregas_assinado_v1_assinado_assinado-1-copia_tarjada.pdf in 32.50 sec.
04:02:55 INFO       pixel_budget (Docling) fiocruz_ptd_anexo_de_entregas_assinado_v1_assinado_assinado-1-copia_tarjada.pdf: 54.7% (área tabelas/2004847 px²)
04:02:55 INFO     [7/15] ✓ FIOCRUZ   :   62 entregas | 32.5s | ETA ~5min
04:02:55 INFO     [8/15] → funai_anexo_de_entregas_repactuado_2026_2027_assinado_assinado_assinado.pdf
04:02:55 INFO     detected formats: [<InputFormat.PDF: 'pdf'>]
04:02:55 INFO     Going to convert document batch...
04:02:55 INFO     Processing document funai_anexo_de_entregas_repactuado_2026_2027_assinado_assinado_assinado.pdf
04:02:56 INFO     command: tesseract --psm 0 -l osd /tmp/tmpz1ux8wx0.png stdout
04:02:57 INFO     command: tesseract -l por /tmp/tmpz1ux8wx0.png stdout tsv
04:03:10 INFO     Finished converting document funai_anexo_de_entregas_repactuado_2026_2027_assinado_assinado_assinado.pdf in 14.82 sec.
04:03:10 INFO       pixel_budget (Docling) funai_anexo_de_entregas_repactuado_2026_2027_assinado_assinado_assinado.pdf: 49.8% (área tabelas/501212 px²)
04:03:10 INFO     [8/15] ✓ FUNAI     :   22 entregas | 14.8s | ETA ~4min
04:03:10 INFO     [9/15] → funai_ptd_2025_2027_docdiretivo_assinado-1_tarjado.pdf
04:03:10 INFO     detected formats: [<InputFormat.PDF: 'pdf'>]
04:03:10 INFO     Going to convert document batch...
04:03:10 INFO     Processing document funai_ptd_2025_2027_docdiretivo_assinado-1_tarjado.pdf
04:03:11 INFO     command: tesseract --psm 0 -l osd /tmp/tmp9ix7zwr2.png stdout
04:03:12 INFO     command: tesseract -l por /tmp/tmp9ix7zwr2.png stdout tsv
04:03:13 INFO     command: tesseract --psm 0 -l osd /tmp/tmp5wg120xi.png stdout
04:03:14 INFO     command: tesseract -l por /tmp/tmp5wg120xi.png stdout tsv
04:03:18 INFO     command: tesseract --psm 0 -l osd /tmp/tmpoe5504uo.png stdout
04:03:19 INFO     command: tesseract -l por /tmp/tmpoe5504uo.png stdout tsv
04:03:21 INFO     command: tesseract --psm 0 -l osd /tmp/tmpesifv89v.png stdout
04:03:22 INFO     command: tesseract -l por /tmp/tmpesifv89v.png stdout tsv
04:03:23 INFO     command: tesseract --psm 0 -l osd /tmp/tmpvarirar5.png stdout
04:03:24 INFO     command: tesseract -l por /tmp/tmpvarirar5.png stdout tsv
04:03:26 INFO     command: tesseract --psm 0 -l osd /tmp/tmpnjhg_966.png stdout
04:03:28 INFO     command: tesseract -l por /tmp/tmpnjhg_966.png stdout tsv
04:03:38 INFO     command: tesseract --psm 0 -l osd /tmp/tmpcwb1odjr.png stdout
04:03:39 INFO     command: tesseract -l por /tmp/tmpcwb1odjr.png stdout tsv
04:03:40 INFO     command: tesseract --psm 0 -l osd /tmp/tmpykv8pewc.png stdout
04:03:41 INFO     command: tesseract -l por /tmp/tmpykv8pewc.png stdout tsv
04:03:42 INFO     command: tesseract --psm 0 -l osd /tmp/tmpx01x5pvc.png stdout
04:03:43 INFO     command: tesseract -l por /tmp/tmpx01x5pvc.png stdout tsv
04:03:45 INFO     command: tesseract --psm 0 -l osd /tmp/tmp_p5tr1_r.png stdout
04:03:46 INFO     command: tesseract -l por /tmp/tmp_p5tr1_r.png stdout tsv
04:04:03 INFO     command: tesseract --psm 0 -l osd /tmp/tmprr6shvwm.png stdout
04:04:04 INFO     command: tesseract -l por /tmp/tmprr6shvwm.png stdout tsv
04:04:08 INFO     command: tesseract --psm 0 -l osd /tmp/tmpht24gb8o.png stdout
04:04:08 INFO     command: tesseract -l por /tmp/tmpht24gb8o.png stdout tsv
04:04:10 INFO     command: tesseract --psm 0 -l osd /tmp/tmpiajtdkes.png stdout
04:04:11 INFO     command: tesseract -l por /tmp/tmpiajtdkes.png stdout tsv
04:04:17 INFO     Finished converting document funai_ptd_2025_2027_docdiretivo_assinado-1_tarjado.pdf in 67.21 sec.
04:04:17 INFO       pixel_budget (Docling) funai_ptd_2025_2027_docdiretivo_assinado-1_tarjado.pdf: 16.4% (área tabelas/6515754 px²)
04:04:17 INFO     [9/15] ✓ FUNAI     :    8 entregas | 67.2s | ETA ~4min
04:04:17 INFO     [10/15] → incra_anexo_de_entregas_assinado-1_assinado_assinado-copia_tarjada.pdf
04:04:17 INFO     detected formats: [<InputFormat.PDF: 'pdf'>]
04:04:17 INFO     Going to convert document batch...
04:04:17 INFO     Processing document incra_anexo_de_entregas_assinado-1_assinado_assinado-copia_tarjada.pdf
04:04:18 INFO     command: tesseract --psm 0 -l osd /tmp/tmp7c5mlykg.png stdout
04:04:19 INFO     command: tesseract -l por /tmp/tmp7c5mlykg.png stdout tsv
04:04:22 INFO     command: tesseract --psm 0 -l osd /tmp/tmpuwvpj3ez.png stdout
04:04:23 INFO     command: tesseract -l por /tmp/tmpuwvpj3ez.png stdout tsv
04:04:35 INFO     command: tesseract --psm 0 -l osd /tmp/tmpdnnh1iph.png stdout
04:04:36 INFO     command: tesseract -l por /tmp/tmpdnnh1iph.png stdout tsv
04:04:37 INFO     command: tesseract --psm 0 -l osd /tmp/tmp_8u7ghrd.png stdout
04:04:38 INFO     command: tesseract -l por /tmp/tmp_8u7ghrd.png stdout tsv
04:04:40 INFO     command: tesseract --psm 0 -l osd /tmp/tmprlkag50j.png stdout
04:04:41 INFO     command: tesseract -l por /tmp/tmprlkag50j.png stdout tsv
04:06:10 INFO     Finished converting document incra_anexo_de_entregas_assinado-1_assinado_assinado-copia_tarjada.pdf in 112.35 sec.
04:06:10 INFO       pixel_budget (Docling) incra_anexo_de_entregas_assinado-1_assinado_assinado-copia_tarjada.pdf: 30.0% (área tabelas/2423520 px²)
04:06:10 INFO     [10/15] ✓ INCRA     :   11 entregas | 112.4s | ETA ~4min
04:06:10 INFO     [11/15] → incra_ptd_docdiretivo__assinado-1_assinado_assinado-copia_tarjada.pdf
04:06:10 INFO     detected formats: [<InputFormat.PDF: 'pdf'>]
04:06:10 INFO     Going to convert document batch...
04:06:10 INFO     Processing document incra_ptd_docdiretivo__assinado-1_assinado_assinado-copia_tarjada.pdf
04:06:11 INFO     command: tesseract --psm 0 -l osd /tmp/tmpjo7s6qyi.png stdout
04:06:11 INFO     command: tesseract -l por /tmp/tmpjo7s6qyi.png stdout tsv
04:06:13 INFO     command: tesseract --psm 0 -l osd /tmp/tmpgqjnxgq7.png stdout
04:06:15 INFO     command: tesseract -l por /tmp/tmpgqjnxgq7.png stdout tsv
04:06:22 INFO     command: tesseract --psm 0 -l osd /tmp/tmphfdpz1__.png stdout
04:06:22 INFO     command: tesseract -l por /tmp/tmphfdpz1__.png stdout tsv
04:06:24 INFO     command: tesseract --psm 0 -l osd /tmp/tmpodithum2.png stdout
04:06:25 INFO     command: tesseract -l por /tmp/tmpodithum2.png stdout tsv
04:06:27 INFO     command: tesseract --psm 0 -l osd /tmp/tmp1v07r5un.png stdout
04:06:27 INFO     command: tesseract -l por /tmp/tmp1v07r5un.png stdout tsv
04:06:29 INFO     command: tesseract --psm 0 -l osd /tmp/tmpekytqzfn.png stdout
04:06:31 INFO     command: tesseract -l por /tmp/tmpekytqzfn.png stdout tsv
04:06:44 INFO     command: tesseract --psm 0 -l osd /tmp/tmpb56b2cgb.png stdout
04:06:45 INFO     command: tesseract -l por /tmp/tmpb56b2cgb.png stdout tsv
04:06:47 INFO     command: tesseract --psm 0 -l osd /tmp/tmpwgd5nexl.png stdout
04:06:48 INFO     command: tesseract -l por /tmp/tmpwgd5nexl.png stdout tsv
04:06:49 INFO     command: tesseract --psm 0 -l osd /tmp/tmpd5ssjj69.png stdout
04:06:50 INFO     command: tesseract -l por /tmp/tmpd5ssjj69.png stdout tsv
04:06:52 INFO     command: tesseract --psm 0 -l osd /tmp/tmp0ew42w73.png stdout
04:06:53 INFO     command: tesseract -l por /tmp/tmp0ew42w73.png stdout tsv
04:06:59 INFO     command: tesseract --psm 0 -l osd /tmp/tmpb1b1hw1p.png stdout
04:07:00 INFO     command: tesseract -l por /tmp/tmpb1b1hw1p.png stdout tsv
04:07:05 INFO     command: tesseract --psm 0 -l osd /tmp/tmpiflgd2m3.png stdout
04:07:06 INFO     command: tesseract -l por /tmp/tmpiflgd2m3.png stdout tsv
04:07:10 INFO     command: tesseract --psm 0 -l osd /tmp/tmpa83ok6sf.png stdout
04:07:11 INFO     command: tesseract -l por /tmp/tmpa83ok6sf.png stdout tsv
04:07:19 INFO     Finished converting document incra_ptd_docdiretivo__assinado-1_assinado_assinado-copia_tarjada.pdf in 69.05 sec.
04:07:19 INFO       pixel_budget (Docling) incra_ptd_docdiretivo__assinado-1_assinado_assinado-copia_tarjada.pdf: 20.2% (área tabelas/6515754 px²)
04:07:19 INFO     [11/15] ✓ INCRA     :    9 entregas | 69.1s | ETA ~3min
04:07:19 INFO     [12/15] → iti_anexo_de_entregas_assinado.pdf
04:07:19 INFO     detected formats: [<InputFormat.PDF: 'pdf'>]
04:07:19 INFO     Going to convert document batch...
04:07:19 INFO     Processing document iti_anexo_de_entregas_assinado.pdf
04:07:19 INFO     command: tesseract --psm 0 -l osd /tmp/tmprmxkgufi.png stdout
04:07:20 INFO     command: tesseract -l por /tmp/tmprmxkgufi.png stdout tsv
04:07:36 INFO     Finished converting document iti_anexo_de_entregas_assinado.pdf in 17.32 sec.
04:07:36 INFO       pixel_budget (Docling) iti_anexo_de_entregas_assinado.pdf: 57.2% (área tabelas/501212 px²)
04:07:36 INFO     [12/15] ✓ ITI       :   31 entregas | 17.3s | ETA ~2min
04:07:36 INFO     [13/15] → iti_doc_diretivo_assinado-1_tarjado.pdf
04:07:36 INFO     detected formats: [<InputFormat.PDF: 'pdf'>]
04:07:36 INFO     Going to convert document batch...
04:07:36 INFO     Processing document iti_doc_diretivo_assinado-1_tarjado.pdf
04:07:37 INFO     command: tesseract --psm 0 -l osd /tmp/tmpz0qxx2q9.png stdout
04:07:37 INFO     command: tesseract -l por /tmp/tmpz0qxx2q9.png stdout tsv
04:07:39 INFO     command: tesseract --psm 0 -l osd /tmp/tmpb8p9zxjt.png stdout
04:07:41 INFO     command: tesseract -l por /tmp/tmpb8p9zxjt.png stdout tsv
04:07:45 INFO     command: tesseract --psm 0 -l osd /tmp/tmpx9n5ouzf.png stdout
04:07:46 INFO     command: tesseract -l por /tmp/tmpx9n5ouzf.png stdout tsv
04:07:48 INFO     command: tesseract --psm 0 -l osd /tmp/tmpw8y52i3k.png stdout
04:07:49 INFO     command: tesseract -l por /tmp/tmpw8y52i3k.png stdout tsv
04:07:50 INFO     command: tesseract --psm 0 -l osd /tmp/tmp48q9tj7x.png stdout
04:07:51 INFO     command: tesseract -l por /tmp/tmp48q9tj7x.png stdout tsv
04:07:53 INFO     command: tesseract --psm 0 -l osd /tmp/tmpjhcyqem7.png stdout
04:07:54 INFO     command: tesseract -l por /tmp/tmpjhcyqem7.png stdout tsv
04:08:12 INFO     command: tesseract --psm 0 -l osd /tmp/tmp1k51ypi2.png stdout
04:08:13 INFO     command: tesseract -l por /tmp/tmp1k51ypi2.png stdout tsv
04:08:15 INFO     command: tesseract --psm 0 -l osd /tmp/tmp9mnf1j3g.png stdout
04:08:16 INFO     command: tesseract -l por /tmp/tmp9mnf1j3g.png stdout tsv
04:08:18 INFO     command: tesseract --psm 0 -l osd /tmp/tmp1rl0xdk9.png stdout
04:08:19 INFO     command: tesseract -l por /tmp/tmp1rl0xdk9.png stdout tsv
04:08:21 INFO     command: tesseract --psm 0 -l osd /tmp/tmpk4fjvy0y.png stdout
04:08:22 INFO     command: tesseract -l por /tmp/tmpk4fjvy0y.png stdout tsv
04:08:28 INFO     command: tesseract --psm 0 -l osd /tmp/tmp9rfl7tyn.png stdout
04:08:29 INFO     command: tesseract -l por /tmp/tmp9rfl7tyn.png stdout tsv
04:08:37 INFO     Finished converting document iti_doc_diretivo_assinado-1_tarjado.pdf in 60.80 sec.
04:08:37 INFO       pixel_budget (Docling) iti_doc_diretivo_assinado-1_tarjado.pdf: 8.0% (área tabelas/5516339 px²)
04:08:37 INFO     [13/15] ✓ ITI       :    6 entregas | 60.8s | ETA ~1min
04:08:37 INFO     [14/15] → sgpr_ptd_2025_2027_anexo_de_entregas_assinado-copia_tarjada.pdf
04:08:37 INFO     detected formats: [<InputFormat.PDF: 'pdf'>]
04:08:37 INFO     Going to convert document batch...
04:08:37 INFO     Processing document sgpr_ptd_2025_2027_anexo_de_entregas_assinado-copia_tarjada.pdf
04:08:38 INFO     command: tesseract --psm 0 -l osd /tmp/tmpw7td3t_h.png stdout
04:08:38 INFO     command: tesseract -l por /tmp/tmpw7td3t_h.png stdout tsv
04:08:42 INFO     command: tesseract --psm 0 -l osd /tmp/tmpr7fx0o5h.png stdout
04:08:43 INFO     command: tesseract -l por /tmp/tmpr7fx0o5h.png stdout tsv
04:08:54 INFO     Finished converting document sgpr_ptd_2025_2027_anexo_de_entregas_assinado-copia_tarjada.pdf in 17.14 sec.
04:08:54 INFO       pixel_budget (Docling) sgpr_ptd_2025_2027_anexo_de_entregas_assinado-copia_tarjada.pdf: 29.5% (área tabelas/1002424 px²)
04:08:54 INFO     [14/15] ✓ SGPR      :   18 entregas | 17.1s | ETA ~48s
04:08:54 INFO     [15/15] → sgpr_ptd_2026_2027_docdiretivo_assinado-copia_tarjada.pdf
04:08:54 INFO     detected formats: [<InputFormat.PDF: 'pdf'>]
04:08:54 INFO     Going to convert document batch...
04:08:54 INFO     Processing document sgpr_ptd_2026_2027_docdiretivo_assinado-copia_tarjada.pdf
04:09:13 INFO     Finished converting document sgpr_ptd_2026_2027_docdiretivo_assinado-copia_tarjada.pdf in 19.52 sec.
04:09:13 INFO       pixel_budget (Docling) sgpr_ptd_2026_2027_docdiretivo_assinado-copia_tarjada.pdf: 8.2% (área tabelas/5513330 px²)
04:09:13 WARNING  [15/15] ⚠ SGPR      :    0 entregas | 19.5s | ETA ~0s
04:09:13 INFO     261 registros | 7 órgãos
04:09:13 INFO     ╔══════════════════════════════════════════════════════════════╗
04:09:13 INFO     ║                  ENTREGAS — fase concluída                   ║
04:09:13 INFO     ║  Processados: 15    |  ✓ 11  ⚠ 4                             ║
04:09:13 INFO     ║  Duração: 11.5 min                                           ║
04:09:13 INFO     ║  261 registros | 7 órgãos                                    ║
04:09:13 INFO     ╚══════════════════════════════════════════════════════════════╝
04:09:13 INFO     [1/7] → agu_ptd_2025_2027_docdiretivo_assinado_assinado_assinado-copia_tarjada.pdf
04:09:13 INFO     detected formats: [<InputFormat.PDF: 'pdf'>]
04:09:13 INFO     Going to convert document batch...
04:09:13 INFO     Processing document agu_ptd_2025_2027_docdiretivo_assinado_assinado_assinado-copia_tarjada.pdf
04:09:14 INFO     command: tesseract --psm 0 -l osd /tmp/tmp_4o5q6lb.png stdout
04:09:14 INFO     command: tesseract -l por /tmp/tmp_4o5q6lb.png stdout tsv
04:09:17 INFO     command: tesseract --psm 0 -l osd /tmp/tmpt9e9_9y8.png stdout
04:09:18 INFO     command: tesseract -l por /tmp/tmpt9e9_9y8.png stdout tsv
04:09:21 INFO     command: tesseract --psm 0 -l osd /tmp/tmpte0z45y9.png stdout
04:09:22 INFO     command: tesseract -l por /tmp/tmpte0z45y9.png stdout tsv
04:09:24 INFO     command: tesseract --psm 0 -l osd /tmp/tmpleayvtbv.png stdout
04:09:25 INFO     command: tesseract -l por /tmp/tmpleayvtbv.png stdout tsv
04:09:27 INFO     command: tesseract --psm 0 -l osd /tmp/tmp0pne3nxe.png stdout
04:09:28 INFO     command: tesseract -l por /tmp/tmp0pne3nxe.png stdout tsv
04:09:30 INFO     command: tesseract --psm 0 -l osd /tmp/tmppz31clk5.png stdout
04:09:31 INFO     command: tesseract -l por /tmp/tmppz31clk5.png stdout tsv
04:09:42 INFO     command: tesseract --psm 0 -l osd /tmp/tmp5zj8myzl.png stdout
04:09:43 INFO     command: tesseract -l por /tmp/tmp5zj8myzl.png stdout tsv
04:09:45 INFO     command: tesseract --psm 0 -l osd /tmp/tmpd1wb603e.png stdout
04:09:46 INFO     command: tesseract -l por /tmp/tmpd1wb603e.png stdout tsv
04:09:48 INFO     command: tesseract --psm 0 -l osd /tmp/tmpfo3q4oja.png stdout
04:09:49 INFO     command: tesseract -l por /tmp/tmpfo3q4oja.png stdout tsv
04:09:51 INFO     command: tesseract --psm 0 -l osd /tmp/tmpaml_vf_s.png stdout
04:09:52 INFO     command: tesseract -l por /tmp/tmpaml_vf_s.png stdout tsv
04:10:09 INFO     command: tesseract --psm 0 -l osd /tmp/tmpzh40zzjk.png stdout
04:10:09 INFO     command: tesseract -l por /tmp/tmpzh40zzjk.png stdout tsv
04:10:13 INFO     Finished converting document agu_ptd_2025_2027_docdiretivo_assinado_assinado_assinado-copia_tarjada.pdf in 59.19 sec.
04:10:13 INFO     [1/7] ✓ AGU       :   7 riscos | 59.2s | ETA ~5min
04:10:13 INFO     [2/7] → documento-diretivo-mcom-_-ptd-25_27-copia_tarjada.pdf
04:10:13 INFO     detected formats: [<InputFormat.PDF: 'pdf'>]
04:10:13 INFO     Going to convert document batch...
04:10:13 INFO     Processing document documento-diretivo-mcom-_-ptd-25_27-copia_tarjada.pdf
04:10:13 INFO     command: tesseract --psm 0 -l osd /tmp/tmp9yagifnu.png stdout
04:10:14 INFO     command: tesseract -l por /tmp/tmp9yagifnu.png stdout tsv
04:10:16 INFO     command: tesseract --psm 0 -l osd /tmp/tmpvummobfy.png stdout
04:10:18 INFO     command: tesseract -l por /tmp/tmpvummobfy.png stdout tsv
04:10:24 INFO     command: tesseract --psm 0 -l osd /tmp/tmpbcggtrr0.png stdout
04:10:25 INFO     command: tesseract -l por /tmp/tmpbcggtrr0.png stdout tsv
04:10:26 INFO     command: tesseract --psm 0 -l osd /tmp/tmpopuywufz.png stdout
04:10:27 INFO     command: tesseract -l por /tmp/tmpopuywufz.png stdout tsv
04:10:28 INFO     command: tesseract --psm 0 -l osd /tmp/tmplnn8ebod.png stdout
04:10:29 INFO     command: tesseract -l por /tmp/tmplnn8ebod.png stdout tsv
04:10:32 INFO     command: tesseract --psm 0 -l osd /tmp/tmpb75lfetr.png stdout
04:10:33 INFO     command: tesseract -l por /tmp/tmpb75lfetr.png stdout tsv
04:10:46 INFO     command: tesseract --psm 0 -l osd /tmp/tmpywr8032w.png stdout
04:10:47 INFO     command: tesseract -l por /tmp/tmpywr8032w.png stdout tsv
04:10:49 INFO     command: tesseract --psm 0 -l osd /tmp/tmpzawbiwm4.png stdout
04:10:50 INFO     command: tesseract -l por /tmp/tmpzawbiwm4.png stdout tsv
04:10:52 INFO     command: tesseract --psm 0 -l osd /tmp/tmpjkeibmhm.png stdout
04:10:53 INFO     command: tesseract -l por /tmp/tmpjkeibmhm.png stdout tsv
04:10:55 INFO     command: tesseract --psm 0 -l osd /tmp/tmp2g2exk3r.png stdout
04:10:56 INFO     command: tesseract -l por /tmp/tmp2g2exk3r.png stdout tsv
04:11:06 INFO     command: tesseract --psm 0 -l osd /tmp/tmpzytn5tam.png stdout
04:11:07 INFO     command: tesseract -l por /tmp/tmpzytn5tam.png stdout tsv
04:11:09 INFO     command: tesseract --psm 0 -l osd /tmp/tmp8af7v46i.png stdout
04:11:10 INFO     command: tesseract -l por /tmp/tmp8af7v46i.png stdout tsv
04:11:12 INFO     command: tesseract --psm 0 -l osd /tmp/tmpimjbr1v8.png stdout
04:11:13 INFO     command: tesseract -l por /tmp/tmpimjbr1v8.png stdout tsv
04:11:15 INFO     command: tesseract --psm 0 -l osd /tmp/tmputhm3_12.png stdout
04:11:15 INFO     command: tesseract -l por /tmp/tmputhm3_12.png stdout tsv
04:11:21 INFO     Finished converting document documento-diretivo-mcom-_-ptd-25_27-copia_tarjada.pdf in 68.62 sec.
04:11:21 INFO     [2/7] ✓ MCOM      :  14 riscos | 68.6s | ETA ~5min
04:11:21 INFO     [3/7] → fiocruz_novo-ptd_2-1_docdiretivo_repactuacao_2024-2026_assinado_assinado-copia_tarjada.pdf
04:11:21 INFO     detected formats: [<InputFormat.PDF: 'pdf'>]
04:11:21 INFO     Going to convert document batch...
04:11:21 INFO     Processing document fiocruz_novo-ptd_2-1_docdiretivo_repactuacao_2024-2026_assinado_assinado-copia_tarjada.pdf
04:11:39 INFO     Finished converting document fiocruz_novo-ptd_2-1_docdiretivo_repactuacao_2024-2026_assinado_assinado-copia_tarjada.pdf in 17.78 sec.
04:11:39 INFO     [3/7] ✓ FIOCRUZ   :   6 riscos | 17.8s | ETA ~3min
04:11:39 INFO     [4/7] → funai_ptd_2025_2027_docdiretivo_assinado-1_tarjado.pdf
04:11:39 INFO     detected formats: [<InputFormat.PDF: 'pdf'>]
04:11:39 INFO     Going to convert document batch...
04:11:39 INFO     Processing document funai_ptd_2025_2027_docdiretivo_assinado-1_tarjado.pdf
04:11:40 INFO     command: tesseract --psm 0 -l osd /tmp/tmpnmj20vy1.png stdout
04:11:41 INFO     command: tesseract -l por /tmp/tmpnmj20vy1.png stdout tsv
04:11:42 INFO     command: tesseract --psm 0 -l osd /tmp/tmpm3b0j8tq.png stdout
04:11:44 INFO     command: tesseract -l por /tmp/tmpm3b0j8tq.png stdout tsv
04:11:47 INFO     command: tesseract --psm 0 -l osd /tmp/tmpacknws9n.png stdout
04:11:48 INFO     command: tesseract -l por /tmp/tmpacknws9n.png stdout tsv
04:11:50 INFO     command: tesseract --psm 0 -l osd /tmp/tmpz5mh9v9a.png stdout
04:11:50 INFO     command: tesseract -l por /tmp/tmpz5mh9v9a.png stdout tsv
04:11:52 INFO     command: tesseract --psm 0 -l osd /tmp/tmpk13n0hqs.png stdout
04:11:53 INFO     command: tesseract -l por /tmp/tmpk13n0hqs.png stdout tsv
04:11:55 INFO     command: tesseract --psm 0 -l osd /tmp/tmpvfmn3oke.png stdout
04:11:56 INFO     command: tesseract -l por /tmp/tmpvfmn3oke.png stdout tsv
04:12:07 INFO     command: tesseract --psm 0 -l osd /tmp/tmpu3zoa26g.png stdout
04:12:08 INFO     command: tesseract -l por /tmp/tmpu3zoa26g.png stdout tsv
04:12:09 INFO     command: tesseract --psm 0 -l osd /tmp/tmpy268gg18.png stdout
04:12:10 INFO     command: tesseract -l por /tmp/tmpy268gg18.png stdout tsv
04:12:11 INFO     command: tesseract --psm 0 -l osd /tmp/tmp0i_dfwa1.png stdout
04:12:12 INFO     command: tesseract -l por /tmp/tmp0i_dfwa1.png stdout tsv
04:12:14 INFO     command: tesseract --psm 0 -l osd /tmp/tmpo62zq85p.png stdout
04:12:15 INFO     command: tesseract -l por /tmp/tmpo62zq85p.png stdout tsv
04:12:25 INFO     command: tesseract --psm 0 -l osd /tmp/tmp45srxg14.png stdout
04:12:26 INFO     command: tesseract -l por /tmp/tmp45srxg14.png stdout tsv
04:12:34 INFO     command: tesseract --psm 0 -l osd /tmp/tmpqtvsqxuk.png stdout
04:12:34 INFO     command: tesseract -l por /tmp/tmpqtvsqxuk.png stdout tsv
04:12:36 INFO     command: tesseract --psm 0 -l osd /tmp/tmp8kkc5nm9.png stdout
04:12:37 INFO     command: tesseract -l por /tmp/tmp8kkc5nm9.png stdout tsv
04:12:43 INFO     Finished converting document funai_ptd_2025_2027_docdiretivo_assinado-1_tarjado.pdf in 64.24 sec.
04:12:43 INFO     [4/7] ✓ FUNAI     :  15 riscos | 64.3s | ETA ~2min
04:12:43 INFO     [5/7] → incra_ptd_docdiretivo__assinado-1_assinado_assinado-copia_tarjada.pdf
04:12:43 INFO     detected formats: [<InputFormat.PDF: 'pdf'>]
04:12:43 INFO     Going to convert document batch...
04:12:43 INFO     Processing document incra_ptd_docdiretivo__assinado-1_assinado_assinado-copia_tarjada.pdf
04:12:45 INFO     command: tesseract --psm 0 -l osd /tmp/tmppk148qqn.png stdout
04:12:45 INFO     command: tesseract -l por /tmp/tmppk148qqn.png stdout tsv
04:12:47 INFO     command: tesseract --psm 0 -l osd /tmp/tmpfj_q6hku.png stdout
04:12:49 INFO     command: tesseract -l por /tmp/tmpfj_q6hku.png stdout tsv
04:12:54 INFO     command: tesseract --psm 0 -l osd /tmp/tmpxojk4pgu.png stdout
04:12:55 INFO     command: tesseract -l por /tmp/tmpxojk4pgu.png stdout tsv
04:12:57 INFO     command: tesseract --psm 0 -l osd /tmp/tmpoi1u6l8h.png stdout
04:12:58 INFO     command: tesseract -l por /tmp/tmpoi1u6l8h.png stdout tsv
04:12:59 INFO     command: tesseract --psm 0 -l osd /tmp/tmpg0nkg1g2.png stdout
04:13:00 INFO     command: tesseract -l por /tmp/tmpg0nkg1g2.png stdout tsv
04:13:02 INFO     command: tesseract --psm 0 -l osd /tmp/tmpj8f9qb9x.png stdout
04:13:03 INFO     command: tesseract -l por /tmp/tmpj8f9qb9x.png stdout tsv
04:13:20 INFO     command: tesseract --psm 0 -l osd /tmp/tmpgs9upbem.png stdout
04:13:21 INFO     command: tesseract -l por /tmp/tmpgs9upbem.png stdout tsv
04:13:23 INFO     command: tesseract --psm 0 -l osd /tmp/tmpfezzqyv6.png stdout
04:13:23 INFO     command: tesseract -l por /tmp/tmpfezzqyv6.png stdout tsv
04:13:25 INFO     command: tesseract --psm 0 -l osd /tmp/tmp5chacjgo.png stdout
04:13:26 INFO     command: tesseract -l por /tmp/tmp5chacjgo.png stdout tsv
04:13:28 INFO     command: tesseract --psm 0 -l osd /tmp/tmpk19_77lc.png stdout
04:13:29 INFO     command: tesseract -l por /tmp/tmpk19_77lc.png stdout tsv
04:13:35 INFO     command: tesseract --psm 0 -l osd /tmp/tmpt1r0xozz.png stdout
04:13:36 INFO     command: tesseract -l por /tmp/tmpt1r0xozz.png stdout tsv
04:13:44 INFO     command: tesseract --psm 0 -l osd /tmp/tmp_etokryz.png stdout
04:13:45 INFO     command: tesseract -l por /tmp/tmp_etokryz.png stdout tsv
04:13:47 INFO     command: tesseract --psm 0 -l osd /tmp/tmpi7hktyp9.png stdout
04:13:47 INFO     command: tesseract -l por /tmp/tmpi7hktyp9.png stdout tsv
04:13:55 INFO     Finished converting document incra_ptd_docdiretivo__assinado-1_assinado_assinado-copia_tarjada.pdf in 71.88 sec.
04:13:55 INFO     [5/7] ✓ INCRA     :  15 riscos | 71.9s | ETA ~1min
04:13:55 INFO     [6/7] → iti_doc_diretivo_assinado-1_tarjado.pdf
04:13:55 INFO     detected formats: [<InputFormat.PDF: 'pdf'>]
04:13:55 INFO     Going to convert document batch...
04:13:55 INFO     Processing document iti_doc_diretivo_assinado-1_tarjado.pdf
04:13:56 INFO     command: tesseract --psm 0 -l osd /tmp/tmp2h8spuoz.png stdout
04:13:56 INFO     command: tesseract -l por /tmp/tmp2h8spuoz.png stdout tsv
04:13:59 INFO     command: tesseract --psm 0 -l osd /tmp/tmpbvo5ywat.png stdout
04:14:00 INFO     command: tesseract -l por /tmp/tmpbvo5ywat.png stdout tsv
04:14:02 INFO     command: tesseract --psm 0 -l osd /tmp/tmp4ocw6m0b.png stdout
04:14:03 INFO     command: tesseract -l por /tmp/tmp4ocw6m0b.png stdout tsv
04:14:05 INFO     command: tesseract --psm 0 -l osd /tmp/tmphep9p7c3.png stdout
04:14:06 INFO     command: tesseract -l por /tmp/tmphep9p7c3.png stdout tsv
04:14:07 INFO     command: tesseract --psm 0 -l osd /tmp/tmpvuq6b3mh.png stdout
04:14:08 INFO     command: tesseract -l por /tmp/tmpvuq6b3mh.png stdout tsv
04:14:10 INFO     command: tesseract --psm 0 -l osd /tmp/tmptr2fxc2j.png stdout
04:14:11 INFO     command: tesseract -l por /tmp/tmptr2fxc2j.png stdout tsv
04:14:23 INFO     command: tesseract --psm 0 -l osd /tmp/tmpnr8cx9nw.png stdout
04:14:24 INFO     command: tesseract -l por /tmp/tmpnr8cx9nw.png stdout tsv
04:14:27 INFO     command: tesseract --psm 0 -l osd /tmp/tmpk7ithgoe.png stdout
04:14:28 INFO     command: tesseract -l por /tmp/tmpk7ithgoe.png stdout tsv
04:14:30 INFO     command: tesseract --psm 0 -l osd /tmp/tmp10ijx6zc.png stdout
04:14:31 INFO     command: tesseract -l por /tmp/tmp10ijx6zc.png stdout tsv
04:14:33 INFO     command: tesseract --psm 0 -l osd /tmp/tmp2k4r28tm.png stdout
04:14:34 INFO     command: tesseract -l por /tmp/tmp2k4r28tm.png stdout tsv
04:14:41 INFO     command: tesseract --psm 0 -l osd /tmp/tmpav1k3hrr.png stdout
04:14:42 INFO     command: tesseract -l por /tmp/tmpav1k3hrr.png stdout tsv
04:14:50 INFO     Finished converting document iti_doc_diretivo_assinado-1_tarjado.pdf in 55.06 sec.
04:14:50 INFO     [6/7] ✓ ITI       :  14 riscos | 55.1s | ETA ~56s
04:14:50 INFO     [7/7] → sgpr_ptd_2026_2027_docdiretivo_assinado-copia_tarjada.pdf
04:14:50 INFO     detected formats: [<InputFormat.PDF: 'pdf'>]
04:14:50 INFO     Going to convert document batch...
04:14:50 INFO     Processing document sgpr_ptd_2026_2027_docdiretivo_assinado-copia_tarjada.pdf
04:15:10 INFO     Finished converting document sgpr_ptd_2026_2027_docdiretivo_assinado-copia_tarjada.pdf in 19.70 sec.
04:15:10 INFO     [7/7] ✓ SGPR      :  10 riscos | 19.7s | ETA ~0s
04:15:10 INFO     ╔══════════════════════════════════════════════════════════════╗
04:15:10 INFO     ║                   RISCOS — fase concluída                    ║
04:15:10 INFO     ║  Processados: 7     |  ✓ 7  ⚠ 0                              ║
04:15:10 INFO     ║  Duração: 5.9 min                                            ║
04:15:10 INFO     ║  81 riscos | 7 órgãos                                        ║
04:15:10 INFO     ╚══════════════════════════════════════════════════════════════╝
04:15:10 INFO     81 riscos | 0 ações | 135 relações
04:15:10 INFO     ptd_corpus_raw                     : 261 linhas
04:15:10 INFO     ptd_pivot_eixos                    : 7 linhas
04:15:13 INFO     ptd_datas_assinatura               : 132 linhas
04:15:13 INFO     ptd_riscos                         : 81 linhas
04:15:13 INFO     ptd_riscos_acoes                   : 135 linhas
04:15:13 INFO     Manifesto salvo: pipeline_manifest.json | SHA-256 de 132 PDFs
04:15:13 INFO     ==================================================
04:15:13 INFO     PTD-BR v3.0-melhorado — PIPELINE CONCLUÍDO
04:15:13 INFO     ==================================================
04:15:13 INFO     ptd_corpus_raw.csv                        160 KB
04:15:13 INFO     ptd_pivot_eixos.csv                         0 KB
04:15:13 INFO     ptd_datas_assinatura.csv                    9 KB
04:15:13 INFO     ptd_riscos.csv                             23 KB
04:15:13 INFO     ptd_riscos_acoes.csv                        2 KB
04:15:13 INFO     proveniencia.json                           0 KB
04:15:13 INFO     pipeline_manifest.json                     20 KB
04:15:13 INFO     📦 Artefatos: https://github.com/freirelucas/teste/actions/runs/24017861966
04:15:13 INFO     ==================================================
