20:18:03 INFO     Docling disponível
20:18:03 WARNING  OCR fallback indisponível (IndentationError: unexpected indent (ptd_ocr_fallback.py, line 45))
20:18:05 INFO     Ignorado (guia/template/norma): ABNT-NBR-17225-Acessibilidade-Digital.pdf
20:18:05 INFO     Ignorado (guia/template/norma): cgrep-guia10passos-ptd-orgao.pdf
20:18:05 INFO     Ignorado (guia/template/norma): ABNT-NBR-17225-Acessibilidade-Digital.pdf
20:18:05 INFO     Scraping: 132 PDFs únicos | entregas: 68 | diretivos: 61
20:18:05 INFO     Baixando 132 PDFs únicos...
20:18:07 INFO     ✓ [  1/132] abin_ptd_anexo_de_entregas_assinado_pelo_orgao_ass   293.3KB
20:18:11 INFO     ✓ [  2/132] aeb_ptd_2025_2027_docdiretivo_aprovado_assinado-1_  1033.7KB
20:18:13 INFO     ✓ [  3/132] aeb_ptd_2025_2027_anexo_de_entregas_aprovado_assin   154.5KB
20:18:20 INFO     ✓ [  4/132] agu_ptd_2025_2027_docdiretivo_assinado_assinado_as  2860.3KB
20:18:22 INFO     ✓ [  5/132] agu_ptd_2025_2027_anexo_de_entregas_assinado_assin   525.5KB
20:18:26 INFO     ✓ [  6/132] ana_ptd_2025_2027_docdiretivo_assinado_assinado_as   477.2KB
20:18:28 INFO     ✓ [  7/132] ana_ptd_2025_2027_anexoentregas_assinado_assinado_   170.9KB
20:18:32 INFO     ✓ [  8/132] anac_ptd_2025_2026_docdiretivo_se_assinado_tarjado  1036.3KB
20:18:34 INFO     ✓ [  9/132] anac_ptd_2025_2026_anexo_de_entregas_se_assinado.p   215.2KB
20:18:38 INFO     ✓ [ 10/132] anatel_ptd_docdiretivo_assinado_2025_2026_assinado  1006.0KB
20:18:40 INFO     ✓ [ 11/132] anatel_ptd_2025_2026_anexo_de_entregas_do_ptd_publ    71.9KB
20:18:44 INFO     ✓ [ 12/132] ancine_ptd_2024_2026_docdiretivo_assinado-2_assina   961.8KB
20:18:47 INFO     ✓ [ 13/132] ancine_ptd_2024_2026_-_anexo_de_entregas_aprovado_   613.2KB
20:18:50 INFO     ✓ [ 14/132] ptd_aneel_2025-2027_docdiretivo_assinado_tarjado.p   779.6KB
20:18:52 INFO     ✓ [ 15/132] ptd_aneel_2025-2027_anexo_de_entregas_assinado.pdf   111.9KB
20:18:56 INFO     ✓ [ 16/132] anm_ptd_2025_2027_docdiretivo_assinadopeloorgao_ta  1092.5KB
20:19:00 INFO     ✓ [ 17/132] anm_ptd_2025_2027_anexo_entregas_assinadopeloorgao  1140.4KB
20:19:04 INFO     ✓ [ 18/132] anpd_ptd_2025_2027_docdiretivo_assinado_assinado_a  1044.3KB
20:19:06 INFO     ✓ [ 19/132] anpd_ptd_2025_2027_anexo_de_entregas_assinado_assi   166.5KB
20:19:10 INFO     ✓ [ 20/132] ans-plano_de_transformacao_digital_assinado-copia_  1023.4KB
20:19:12 INFO     ✓ [ 21/132] ans_ptd_2025_2026_anexo_de_entregas_assinado_assin   124.1KB
20:19:16 INFO     ✓ [ 22/132] antaq_ptd_2025_2027_docdiretivo_assinado_assinado_  1039.8KB
20:19:18 INFO     ✓ [ 23/132] antaq_ptd_2025_2027_anexoentregas_assinado_assinad   145.1KB
20:19:20 INFO     ✓ [ 24/132] mt_anexo_de_entregas_-_assinado_assinado_assinado_   143.6KB
20:19:31 INFO     ✓ [ 25/132] anvisa_ptd_docdiretivo_2025-2026_assinado_assinado  5771.2KB
20:19:33 INFO     ✓ [ 26/132] anvisa_ptd_anexo_de_entregas_2025_2026_assinado_as   239.0KB
20:19:36 INFO     ✓ [ 27/132] bcb_documento_diretivo_assinado_assinado_assinado-   713.7KB
20:19:39 INFO     ✓ [ 28/132] bcb_anexo_de_entregas_ptd_25_26-1_assinado_assinad   134.8KB
20:19:42 INFO     ✓ [ 29/132] cade_ptd_docdiretivo_2025_2026_assinado-2_assinado   810.4KB
20:19:45 INFO     ✓ [ 30/132] cade_ptd_anexo_de_entregas_2025_2026_assinado_copi   504.0KB
20:19:49 INFO     ✓ [ 31/132] mec_ptd_docdiretivo_2025-2026_sei_mec-5566673_copi   863.1KB
20:19:51 INFO     ✓ [ 32/132] mec_ptd_anexo-de-entregas_sei_mec-5576401_copia_ta   495.7KB
20:19:56 INFO     ✓ [ 33/132] mec_ptd_docdiretivo-versao-comunicacao_copia_tarja  1616.5KB
20:19:59 INFO     ✓ [ 34/132] md_ptd_2026_2027_anexo_de_entregas_assinado_assina   579.4KB
20:20:01 INFO     ✓ [ 35/132] md_ptd_2026_2027_anexo_de_entregas_assinado_assina   186.8KB
20:20:05 INFO     ✓ [ 36/132] md_ptd_temp_copia_tarjada.pdf                        741.9KB
20:20:08 INFO     ✓ [ 37/132] cgu_ptd_docdiretivo_assinado_assinado_assinado-cop  1085.4KB
20:20:11 INFO     ✓ [ 38/132] cgu_ptd_anexo_de_entregas_pactuadas_assinado_assin   514.1KB
20:20:14 INFO     ✓ [ 39/132] cnpq_ptd_2025_2027_docdiretivo_assinado_assinado_a   342.9KB
20:20:16 INFO     ✓ [ 40/132] cnpq_ptd_2025_2027_anexo_de_entregas_assinado_assi   136.1KB
20:20:20 INFO     ✓ [ 41/132] coaf_ptd_2025_2026_documento_diretivo_assinado_ass  1068.0KB
20:20:27 INFO     ✓ [ 42/132] coaf_ptd_2025_2026_anexo_de_entregas-2_assinado_as  3184.5KB
20:20:34 INFO     ✓ [ 43/132] ptd_midr-docdiretivo_aprovado_assinado_tarjado.pdf  3864.1KB
20:20:38 INFO     ✓ [ 44/132] ptd_midr_-_anexo_de_entregas_-_aprovado_assinado.p  1122.0KB
20:20:41 INFO     ✓ [ 45/132] mda-documento-diretivo-assinado_ptd-2025-207-copia   955.8KB
20:20:44 INFO     ✓ [ 46/132] cvm_ptd_2025_2027_docdiretivo_assinado_assinado_as   270.5KB
20:20:47 INFO     ✓ [ 47/132] cvm_ptd_2025_2027_anexoentregas_assinado_assinado_   409.0KB
20:20:50 INFO     ✓ [ 48/132] dnocs_ptd_doc_diretivo_2025_2026_assinado_orgao-2_   891.1KB
20:20:53 INFO     ✓ [ 49/132] dnocs_anexo_de_entregas_repactuado_2025_2026_assin   272.3KB
20:20:59 INFO     ✓ [ 50/132] fbn_ptd_2025_2027_docdiretivo_assinado-1_tarjado.p  2921.6KB
20:21:01 INFO     ✓ [ 51/132] fbn_ptd_2025_2027_anexo_de_entregas_assinado-1.pdf   162.3KB
20:21:06 INFO     ✓ [ 52/132] fcp_ptd_2025_2027_docdiretivo_assinado-1_tarjado.p  1612.0KB
20:21:08 INFO     ✓ [ 53/132] fcp_ptd_2025_2027_anexo_de_entregas_assinado-1.pdf   118.8KB
20:21:12 INFO     ✓ [ 54/132] fcrb_ptd_2025_2026_docdiretivo_aprovado_assinado-1   998.2KB
20:21:14 INFO     ✓ [ 55/132] fcrb_ptd_2025_2026_anexo_de_entregas_aprovado_assi   313.5KB
20:21:18 INFO     ✓ [ 56/132] fiocruz_novo-ptd_2-1_docdiretivo_repactuacao_2024-  1318.1KB
20:21:21 INFO     ✓ [ 57/132] fiocruz_ptd_anexo_de_entregas_assinado_v1_assinado   257.1KB
20:21:25 INFO     ✓ [ 58/132] fiocruz-ptd-06_2024-copia_tarjada.pdf               1693.8KB
20:21:30 INFO     ✓ [ 59/132] funai_ptd_2025_2027_docdiretivo_assinado-1_tarjado  1842.1KB
20:21:33 INFO     ✓ [ 60/132] funai_anexo_de_entregas_repactuado_2026_2027_assin   435.7KB
20:21:36 INFO     ✓ [ 61/132] funarte_ptd_docdiretivo_assinado_21_01_2025_assina   965.7KB
20:21:39 INFO     ✓ [ 62/132] funarte_ptd_anexo_de_entregas_assinado_v1_assinado   683.6KB
20:21:43 INFO     ✓ [ 63/132] fundacentro_ptd_2025_2027_docdiretivo_assinado_ass   826.6KB
20:21:46 INFO     ✓ [ 64/132] fundacentro_ptd_2025_2027_anexo_de_entregas_assina   635.5KB
20:21:49 INFO     ✓ [ 65/132] mma_ptd_docdiretivo_assinado_2025_2026-1_assinado_   949.3KB
20:21:52 INFO     ✓ [ 66/132] mma_ptd_anexo_de_entregas_aprovado_final_assinado_   174.8KB
20:21:55 INFO     ✓ [ 67/132] ibge_docdiretivo_2025_assinado_assinado_assinado-c  1167.3KB
20:21:58 INFO     ✓ [ 68/132] ibge_ptd_25_26_anexo_de_entregas_modelo_v2-1_assin   143.7KB
20:22:10 INFO     ✓ [ 69/132] incra_ptd_docdiretivo__assinado-1_assinado_assinad  7182.0KB
20:22:14 INFO     ✓ [ 70/132] incra_anexo_de_entregas_assinado-1_assinado_assina  1818.6KB
20:22:21 INFO     ✓ [ 71/132] inpi_ptd_docdiretivo_assinado_2025_2026_assinado_a  3322.4KB
20:22:27 INFO     ✓ [ 72/132] inpi_ptd_anexo_de_entregas_assinado_v1_assinado_as  3078.1KB
20:22:31 INFO     ✓ [ 73/132] inss_ptd_2025_2027_docdiretivo-assinado-copia_tarj  1173.3KB
20:22:34 INFO     ✓ [ 74/132] inss_ptd_2025_2027_anexo_de_entregas-assinado-copi   110.8KB
20:22:37 INFO     ✓ [ 75/132] iphan_ptd_docdiretivo_assinado_2025_2026_assinado_   885.7KB
20:22:40 INFO     ✓ [ 76/132] iphan_ptd_anexo_de_entregas_assinado_v1_assinado_a   310.9KB
20:22:48 INFO     ✓ [ 77/132] iti_doc_diretivo_assinado-1_tarjado.pdf             4905.1KB
20:22:51 INFO     ✓ [ 78/132] iti_anexo_de_entregas_assinado.pdf                   556.4KB
20:22:56 INFO     ✓ [ 79/132] mapa_ptd_2025_2027_docdiretivo_assinado-1_tarjado.  1740.9KB
20:22:59 INFO     ✓ [ 80/132] mapa_ptd_2025_2027_anexo_de_entregas_assinado-1.pd   261.9KB
20:23:07 INFO     ✓ [ 81/132] documento-diretivo-mcom-_-ptd-25_27-copia_tarjada.  4451.9KB
20:23:11 INFO     ✓ [ 82/132] anexo-de-entregas-mcom_ptd-25_27-copia_tarjada.pdf  1213.8KB
20:23:17 INFO     ✓ [ 83/132] ptd_21_24_mcom-copia_tarjada.pdf                    3040.7KB
20:23:21 INFO     ✓ [ 84/132] mcti_ptd_2025-2027_docdiretivo_assinado-copia_tarj  1030.7KB
20:23:23 INFO     ✓ [ 85/132] mcti_ptd_2025-2027_anexo-de-entregas_assinado-copi   145.8KB
20:23:26 INFO     ✓ [ 86/132] mda-anexo-entregas-assinado_ptd-2025-2027-copia-ta   284.6KB
20:23:29 INFO     ✓ [ 87/132] mdhc_ptd_2025_2027_docdiretivo_assinado_assinado_a   753.4KB
20:23:31 INFO     ✓ [ 88/132] mdhc_ptd_2025_2027_anexoentregas_assinado_assinado   186.8KB
20:23:34 INFO     ✓ [ 89/132] mdic_ptd_anexo_de_entregas_assinado_v1_assinado_as   176.6KB
20:23:38 INFO     ✓ [ 90/132] memp_ptd_2025_2026_docdiretivo_assinado_assinado_a  1030.1KB
20:23:40 INFO     ✓ [ 91/132] memp_ptd_2025_2026_anexo_de_entregas_assinado_assi   161.5KB
20:23:44 INFO     ✓ [ 92/132] mesp_ptd_2025_2027_docdiretivo_assinado_assinado_2  1147.7KB
20:23:46 INFO     ✓ [ 93/132] mesp_ptd_2025_2027_anexo_de_entregas_assinado_assi   226.6KB
20:23:50 INFO     ✓ [ 94/132] mf_ptd_2026_2027_documentodiretivo_assinado_assina   955.1KB
20:23:53 INFO     ✓ [ 95/132] mf_ptd_2026_2027_anexo_de_entregas_1_mf_se_assinad   241.2KB
20:23:56 INFO     ✓ [ 96/132] mgi_ptd_2025_2027_docdiretivo_assinado_assinado_as   375.2KB
20:23:58 INFO     ✓ [ 97/132] mgi_ptd_2025_2027_anexo_de_entregas_assinado_assin   256.1KB
20:24:02 INFO     ✓ [ 98/132] minc_ptd_2025_2027_docdiretivo_assinado-1_assinado   863.6KB
20:24:04 INFO     ✓ [ 99/132] minc_ptd_2025_2027_anexo_de_entregas_assinado-1_as   276.7KB
20:24:08 INFO     ✓ [100/132] mjsp_ptd_docdiretivo_assinado_2025_2026_assinado_a   954.0KB
20:24:10 INFO     ✓ [101/132] mjsp_ptd_anexo_de_entregas_assinado_v1_assinado_as   253.9KB
20:24:13 INFO     ✓ [102/132] mme_ptd_2025_2027_docdiretivo_assinado-copia_tarja   664.5KB
20:24:16 INFO     ✓ [103/132] mme_ptd_2025_2027_anexo_de_entregas_assinado__1_-c   111.1KB
20:24:20 INFO     ✓ [104/132] mmulheres_ptd_2025_2027_docdiretivo_assinado_assin  1078.3KB
20:24:22 INFO     ✓ [105/132] mmulheres_ptd_2025_2027_anexo_de_entregas_assinado   216.9KB
20:24:25 INFO     ✓ [106/132] mpi_ptd_2025_2027_docdiretivo_ministerio_dos_povos   947.9KB
20:24:28 INFO     ✓ [107/132] mpi_ptd_anexo_de_entregas_do_plano_de_tranformacao   191.9KB
20:24:31 INFO     ✓ [108/132] mpo_ptd_docdiretivo_assinado_2025_2026_assinado_as   806.3KB
20:24:34 INFO     ✓ [109/132] mpo_ptd_anexo_de_entregas_assinado_v1_assinado_ass   323.2KB
20:24:38 INFO     ✓ [110/132] mpor_ptd_2025_2027_docdiretivo_assinado_assinado_a   876.5KB
20:24:40 INFO     ✓ [111/132] mpor_ptd_2025_2027_anexo_de_entregas_assinado_assi   175.1KB
20:24:44 INFO     ✓ [112/132] mps_ptd_2025-2026_docdiretivo_final_assinado-1_ass  1024.4KB
20:24:46 INFO     ✓ [113/132] mps_ptd_2025-2026_anexo_de_entregas_final_assinado   165.0KB
20:24:49 INFO     ✓ [114/132] mre_ptd_docdiretivo_assinado_2025_2026_assinado_as   760.9KB
20:24:52 INFO     ✓ [115/132] mre_ptd_anexo_de_entregas_assinado_v1_assinado_ass   233.2KB
20:24:55 INFO     ✓ [116/132] mte_ptd_2025_2026_docdiretivo_assinado_assinado_as   729.6KB
20:24:58 INFO     ✓ [117/132] mte_ptd_anexo_de_entregas_assinado_v1__281_29_assi   459.5KB
20:25:02 INFO     ✓ [118/132] mtur_ptd_docdiretiv_assinado_30_01_2025_assinado_a  1050.4KB
20:25:04 INFO     ✓ [119/132] mtur_ptd_anexo_de_entregas_assinado_30_01_2025_ass   118.8KB
20:25:08 INFO     ✓ [120/132] pf_ptd_docdiretivo_2025_2027_assinado-copia_tarjad   964.3KB
20:25:10 INFO     ✓ [121/132] pf_ptd_anexo_de_entregas_2025_2027_assinado-copia_    62.5KB
20:25:13 INFO     ✓ [122/132] mf_ptd_2026_2027_anexo_de_entregas_4_mf_pgfn_assin   466.8KB
20:25:24 INFO     ✓ [123/132] previc_plano_de_transformacao_digital_2025_2026_29  6652.7KB
20:25:27 INFO     ✓ [124/132] previc_ptd_repactuacao_2025-2026_assinado_assinado   182.9KB
20:25:30 INFO     ✓ [125/132] prf_documentodiretivo_ptd_2026-2027_assinado_tarja   535.9KB
20:25:32 INFO     ✓ [126/132] prf_anexo_de_entregas_do_ptd__2026_2027___ptd___en   157.7KB
20:25:35 INFO     ✓ [127/132] mf_ptd_2026_2027_anexo_de_entregas_2_mf_rfb_assina   253.7KB
20:25:38 INFO     ✓ [128/132] sgpr_ptd_2026_2027_docdiretivo_assinado-copia_tarj   791.2KB
20:25:42 INFO     ✓ [129/132] sgpr_ptd_2025_2027_anexo_de_entregas_assinado-copi   897.9KB
20:25:44 INFO     ✓ [130/132] mf_ptd_2026_2027_anexo_de_entregas_3_mf_stn_assina   467.8KB
20:25:48 INFO     ✓ [131/132] susep_ptd_2025_2027_docdiretivo-assinado-copia_tar  1030.1KB
20:25:50 INFO     ✓ [132/132] susep_ptd_2025-2026_anexo_de_entregas_final_assina   221.9KB
20:25:52 INFO     132 OK | 0 erros | 123.3 MB total
20:25:58 INFO     Sanity: 132 PDFs | 113 texto | 19 imagem/OCR | 0 duplicatas
20:25:58 INFO     --siglas (debug): 15 PDFs de ['AGU', 'FIOCRUZ', 'FUNAI', 'FUNDACENTRO', 'INCRA', 'ITI', 'MCOM', 'SGPR']
20:25:58 INFO     DocumentConverter instanciado (singleton × 2: plain + OCR)
20:25:58 INFO     [1/15] → agu_ptd_2025_2027_anexo_de_entregas_assinado_assinado_assinado-copia_tarjada.pdf
20:25:58 INFO     detected formats: [<InputFormat.PDF: 'pdf'>]
20:25:58 INFO     Going to convert document batch...
20:25:58 INFO     Initializing pipeline for StandardPdfPipeline with options hash bc6794697da537796efc497178f9263f
20:25:58 INFO     Loading plugin 'docling_defaults'
20:25:58 INFO     Registered picture descriptions: ['picture_description_vlm_engine', 'vlm', 'api']
20:25:58 INFO     Loading plugin 'docling_defaults'
20:25:58 INFO     Registered ocr engines: ['auto', 'easyocr', 'kserve_v2_ocr', 'ocrmac', 'rapidocr', 'tesserocr', 'tesseract']
20:25:58 INFO     command: tesseract --list-langs
20:25:58 INFO     Loading plugin 'docling_defaults'
20:25:58 INFO     Registered layout engines: ['layout_object_detection', 'docling_layout_default', 'docling_experimental_table_crops_layout']
20:25:58 INFO     Accelerator device: 'cpu'
20:25:58 INFO     HTTP Request: GET https://huggingface.co/api/models/docling-project/docling-layout-heron/revision/main "HTTP/1.1 200 OK"
20:25:58 INFO     HTTP Request: HEAD https://huggingface.co/docling-project/docling-layout-heron/resolve/8f39ad3c0b4c58e9c2d2c84a38465abf757272d8/README.md "HTTP/1.1 307 Temporary Redirect"
20:25:58 INFO     HTTP Request: HEAD https://huggingface.co/api/resolve-cache/models/docling-project/docling-layout-heron/8f39ad3c0b4c58e9c2d2c84a38465abf757272d8/README.md "HTTP/1.1 200 OK"
20:25:58 INFO     HTTP Request: HEAD https://huggingface.co/docling-project/docling-layout-heron/resolve/8f39ad3c0b4c58e9c2d2c84a38465abf757272d8/config.json "HTTP/1.1 307 Temporary Redirect"
20:25:58 INFO     HTTP Request: HEAD https://huggingface.co/docling-project/docling-layout-heron/resolve/8f39ad3c0b4c58e9c2d2c84a38465abf757272d8/.gitattributes "HTTP/1.1 307 Temporary Redirect"
20:25:58 INFO     HTTP Request: HEAD https://huggingface.co/docling-project/docling-layout-heron/resolve/8f39ad3c0b4c58e9c2d2c84a38465abf757272d8/docling_heron_400.png "HTTP/1.1 307 Temporary Redirect"
20:25:58 INFO     HTTP Request: HEAD https://huggingface.co/docling-project/docling-layout-heron/resolve/8f39ad3c0b4c58e9c2d2c84a38465abf757272d8/preprocessor_config.json "HTTP/1.1 307 Temporary Redirect"
20:25:58 INFO     HTTP Request: GET https://huggingface.co/api/resolve-cache/models/docling-project/docling-layout-heron/8f39ad3c0b4c58e9c2d2c84a38465abf757272d8/README.md "HTTP/1.1 200 OK"
20:25:58 INFO     HTTP Request: HEAD https://huggingface.co/docling-project/docling-layout-heron/resolve/8f39ad3c0b4c58e9c2d2c84a38465abf757272d8/model.safetensors "HTTP/1.1 302 Found"
20:25:58 INFO     HTTP Request: HEAD https://huggingface.co/api/resolve-cache/models/docling-project/docling-layout-heron/8f39ad3c0b4c58e9c2d2c84a38465abf757272d8/config.json "HTTP/1.1 200 OK"
20:25:58 INFO     HTTP Request: HEAD https://huggingface.co/api/resolve-cache/models/docling-project/docling-layout-heron/8f39ad3c0b4c58e9c2d2c84a38465abf757272d8/.gitattributes "HTTP/1.1 200 OK"
20:25:58 INFO     HTTP Request: HEAD https://huggingface.co/api/resolve-cache/models/docling-project/docling-layout-heron/8f39ad3c0b4c58e9c2d2c84a38465abf757272d8/docling_heron_400.png "HTTP/1.1 200 OK"
20:25:58 INFO     HTTP Request: HEAD https://huggingface.co/api/resolve-cache/models/docling-project/docling-layout-heron/8f39ad3c0b4c58e9c2d2c84a38465abf757272d8/preprocessor_config.json "HTTP/1.1 200 OK"
20:25:58 INFO     HTTP Request: GET https://huggingface.co/api/resolve-cache/models/docling-project/docling-layout-heron/8f39ad3c0b4c58e9c2d2c84a38465abf757272d8/config.json "HTTP/1.1 200 OK"
20:25:58 INFO     HTTP Request: GET https://huggingface.co/api/resolve-cache/models/docling-project/docling-layout-heron/8f39ad3c0b4c58e9c2d2c84a38465abf757272d8/.gitattributes "HTTP/1.1 200 OK"
20:25:58 INFO     HTTP Request: GET https://huggingface.co/api/resolve-cache/models/docling-project/docling-layout-heron/8f39ad3c0b4c58e9c2d2c84a38465abf757272d8/preprocessor_config.json "HTTP/1.1 200 OK"
20:25:58 INFO     HTTP Request: GET https://huggingface.co/api/resolve-cache/models/docling-project/docling-layout-heron/8f39ad3c0b4c58e9c2d2c84a38465abf757272d8/docling_heron_400.png "HTTP/1.1 200 OK"
20:25:58 INFO     HTTP Request: GET https://huggingface.co/api/models/docling-project/docling-layout-heron/xet-read-token/8f39ad3c0b4c58e9c2d2c84a38465abf757272d8 "HTTP/1.1 200 OK"
20:26:00 INFO     Loading plugin 'docling_defaults'
20:26:00 INFO     Registered table structure engines: ['docling_tableformer', 'docling_tableformer_v2']
20:26:00 INFO     HTTP Request: GET https://huggingface.co/api/models/docling-project/docling-models/revision/v2.3.0 "HTTP/1.1 200 OK"
20:26:00 INFO     HTTP Request: HEAD https://huggingface.co/docling-project/docling-models/resolve/fc0f2d45e2218ea24bce5045f58a389aed16dc23/.gitignore "HTTP/1.1 307 Temporary Redirect"
20:26:00 INFO     HTTP Request: HEAD https://huggingface.co/docling-project/docling-models/resolve/fc0f2d45e2218ea24bce5045f58a389aed16dc23/.gitattributes "HTTP/1.1 307 Temporary Redirect"
20:26:00 INFO     HTTP Request: HEAD https://huggingface.co/docling-project/docling-models/resolve/fc0f2d45e2218ea24bce5045f58a389aed16dc23/README.md "HTTP/1.1 307 Temporary Redirect"
20:26:00 INFO     HTTP Request: HEAD https://huggingface.co/docling-project/docling-models/resolve/fc0f2d45e2218ea24bce5045f58a389aed16dc23/config.json "HTTP/1.1 307 Temporary Redirect"
20:26:00 INFO     HTTP Request: HEAD https://huggingface.co/docling-project/docling-models/resolve/fc0f2d45e2218ea24bce5045f58a389aed16dc23/model_artifacts/tableformer/accurate/tm_config.json "HTTP/1.1 307 Temporary Redirect"
20:26:00 INFO     HTTP Request: HEAD https://huggingface.co/docling-project/docling-models/resolve/fc0f2d45e2218ea24bce5045f58a389aed16dc23/model_artifacts/tableformer/accurate/tableformer_accurate.safetensors "HTTP/1.1 302 Found"
20:26:00 INFO     HTTP Request: HEAD https://huggingface.co/api/resolve-cache/models/docling-project/docling-models/fc0f2d45e2218ea24bce5045f58a389aed16dc23/README.md "HTTP/1.1 200 OK"
20:26:00 INFO     HTTP Request: HEAD https://huggingface.co/api/resolve-cache/models/docling-project/docling-models/fc0f2d45e2218ea24bce5045f58a389aed16dc23/.gitattributes "HTTP/1.1 200 OK"
20:26:00 INFO     HTTP Request: HEAD https://huggingface.co/api/resolve-cache/models/docling-project/docling-models/fc0f2d45e2218ea24bce5045f58a389aed16dc23/config.json "HTTP/1.1 200 OK"
20:26:00 INFO     HTTP Request: HEAD https://huggingface.co/api/resolve-cache/models/docling-project/docling-models/fc0f2d45e2218ea24bce5045f58a389aed16dc23/model_artifacts%2Ftableformer%2Faccurate%2Ftm_config.json "HTTP/1.1 200 OK"
20:26:00 INFO     HTTP Request: HEAD https://huggingface.co/api/resolve-cache/models/docling-project/docling-models/fc0f2d45e2218ea24bce5045f58a389aed16dc23/.gitignore "HTTP/1.1 200 OK"
20:26:00 INFO     HTTP Request: HEAD https://huggingface.co/docling-project/docling-models/resolve/fc0f2d45e2218ea24bce5045f58a389aed16dc23/model_artifacts/tableformer/fast/tm_config.json "HTTP/1.1 307 Temporary Redirect"
20:26:00 WARNING  Warning: You are sending unauthenticated requests to the HF Hub. Please set a HF_TOKEN to enable higher rate limits and faster downloads.
20:26:00 INFO     HTTP Request: HEAD https://huggingface.co/docling-project/docling-models/resolve/fc0f2d45e2218ea24bce5045f58a389aed16dc23/model_artifacts/tableformer/fast/tableformer_fast.safetensors "HTTP/1.1 302 Found"
20:26:00 INFO     HTTP Request: GET https://huggingface.co/api/resolve-cache/models/docling-project/docling-models/fc0f2d45e2218ea24bce5045f58a389aed16dc23/README.md "HTTP/1.1 200 OK"
20:26:00 INFO     HTTP Request: GET https://huggingface.co/api/resolve-cache/models/docling-project/docling-models/fc0f2d45e2218ea24bce5045f58a389aed16dc23/config.json "HTTP/1.1 200 OK"
20:26:00 INFO     HTTP Request: GET https://huggingface.co/api/resolve-cache/models/docling-project/docling-models/fc0f2d45e2218ea24bce5045f58a389aed16dc23/.gitattributes "HTTP/1.1 200 OK"
20:26:00 INFO     HTTP Request: GET https://huggingface.co/api/resolve-cache/models/docling-project/docling-models/fc0f2d45e2218ea24bce5045f58a389aed16dc23/model_artifacts%2Ftableformer%2Faccurate%2Ftm_config.json "HTTP/1.1 200 OK"
20:26:00 INFO     HTTP Request: GET https://huggingface.co/api/resolve-cache/models/docling-project/docling-models/fc0f2d45e2218ea24bce5045f58a389aed16dc23/.gitignore "HTTP/1.1 200 OK"
20:26:00 INFO     HTTP Request: HEAD https://huggingface.co/api/resolve-cache/models/docling-project/docling-models/fc0f2d45e2218ea24bce5045f58a389aed16dc23/model_artifacts%2Ftableformer%2Ffast%2Ftm_config.json "HTTP/1.1 200 OK"
20:26:00 INFO     HTTP Request: GET https://huggingface.co/api/models/docling-project/docling-models/xet-read-token/fc0f2d45e2218ea24bce5045f58a389aed16dc23 "HTTP/1.1 200 OK"
20:26:00 INFO     HTTP Request: GET https://huggingface.co/api/resolve-cache/models/docling-project/docling-models/fc0f2d45e2218ea24bce5045f58a389aed16dc23/model_artifacts%2Ftableformer%2Ffast%2Ftm_config.json "HTTP/1.1 200 OK"
20:26:00 INFO     HTTP Request: GET https://huggingface.co/api/models/docling-project/docling-models/xet-read-token/fc0f2d45e2218ea24bce5045f58a389aed16dc23 "HTTP/1.1 200 OK"
20:26:02 INFO     Accelerator device: 'cpu'
20:26:02 INFO     Processing document agu_ptd_2025_2027_anexo_de_entregas_assinado_assinado_assinado-copia_tarjada.pdf
20:26:03 INFO     command: tesseract --psm 0 -l osd /tmp/tmpd1p0vai2.png stdout
20:26:04 INFO     command: tesseract -l por /tmp/tmpd1p0vai2.png stdout tsv
20:26:07 INFO     command: tesseract --psm 0 -l osd /tmp/tmp72g39o21.png stdout
20:26:08 INFO     command: tesseract -l por /tmp/tmp72g39o21.png stdout tsv
20:26:25 INFO     Finished converting document agu_ptd_2025_2027_anexo_de_entregas_assinado_assinado_assinado-copia_tarjada.pdf in 27.66 sec.
20:26:25 INFO       pixel_budget (Docling) agu_ptd_2025_2027_anexo_de_entregas_assinado_assinado_assinado-copia_tarjada.pdf: 45.8% (área tabelas/1001817 px²)
20:26:25 INFO     [1/15] ✓ AGU       :   33 entregas | 27.7s | ETA ~6min
20:26:25 INFO     [2/15] → agu_ptd_2025_2027_docdiretivo_assinado_assinado_assinado-copia_tarjada.pdf
20:26:25 INFO     detected formats: [<InputFormat.PDF: 'pdf'>]
20:26:25 INFO     Going to convert document batch...
20:26:25 INFO     Processing document agu_ptd_2025_2027_docdiretivo_assinado_assinado_assinado-copia_tarjada.pdf
20:26:26 INFO     command: tesseract --psm 0 -l osd /tmp/tmpyqlv8o6m.png stdout
20:26:26 INFO     command: tesseract -l por /tmp/tmpyqlv8o6m.png stdout tsv
20:26:28 INFO     command: tesseract --psm 0 -l osd /tmp/tmpgq10ojd3.png stdout
20:26:29 INFO     command: tesseract -l por /tmp/tmpgq10ojd3.png stdout tsv
20:26:34 INFO     command: tesseract --psm 0 -l osd /tmp/tmp13ljcb6r.png stdout
20:26:35 INFO     command: tesseract -l por /tmp/tmp13ljcb6r.png stdout tsv
20:26:37 INFO     command: tesseract --psm 0 -l osd /tmp/tmppzln37b0.png stdout
20:26:38 INFO     command: tesseract -l por /tmp/tmppzln37b0.png stdout tsv
20:26:40 INFO     command: tesseract --psm 0 -l osd /tmp/tmpslcpubez.png stdout
20:26:41 INFO     command: tesseract -l por /tmp/tmpslcpubez.png stdout tsv
20:26:43 INFO     command: tesseract --psm 0 -l osd /tmp/tmpuevya6od.png stdout
20:26:44 INFO     command: tesseract -l por /tmp/tmpuevya6od.png stdout tsv
20:26:54 INFO     command: tesseract --psm 0 -l osd /tmp/tmpinzsa8zo.png stdout
20:26:55 INFO     command: tesseract -l por /tmp/tmpinzsa8zo.png stdout tsv
20:26:57 INFO     command: tesseract --psm 0 -l osd /tmp/tmpchf1rfkb.png stdout
20:26:58 INFO     command: tesseract -l por /tmp/tmpchf1rfkb.png stdout tsv
20:27:00 INFO     command: tesseract --psm 0 -l osd /tmp/tmpigi6pofo.png stdout
20:27:01 INFO     command: tesseract -l por /tmp/tmpigi6pofo.png stdout tsv
20:27:03 INFO     command: tesseract --psm 0 -l osd /tmp/tmpd595duh9.png stdout
20:27:04 INFO     command: tesseract -l por /tmp/tmpd595duh9.png stdout tsv
20:27:17 INFO     command: tesseract --psm 0 -l osd /tmp/tmpn7i1bifk.png stdout
20:27:18 INFO     command: tesseract -l por /tmp/tmpn7i1bifk.png stdout tsv
20:27:21 INFO     Finished converting document agu_ptd_2025_2027_docdiretivo_assinado_assinado_assinado-copia_tarjada.pdf in 56.13 sec.
20:27:21 INFO       pixel_budget (Docling) agu_ptd_2025_2027_docdiretivo_assinado_assinado_assinado-copia_tarjada.pdf: 2.1% (área tabelas/5513330 px²)
20:27:21 INFO     [2/15] ✓ AGU       :    6 entregas | 56.1s | ETA ~9min
20:27:21 INFO     [3/15] → anexo-de-entregas-mcom_ptd-25_27-copia_tarjada.pdf
20:27:21 INFO     detected formats: [<InputFormat.PDF: 'pdf'>]
20:27:21 INFO     Going to convert document batch...
20:27:21 INFO     Processing document anexo-de-entregas-mcom_ptd-25_27-copia_tarjada.pdf
20:27:22 INFO     command: tesseract --psm 0 -l osd /tmp/tmp1l_2dlfj.png stdout
20:27:23 INFO     command: tesseract -l por /tmp/tmp1l_2dlfj.png stdout tsv
20:27:26 INFO     command: tesseract --psm 0 -l osd /tmp/tmp1_pr_5yn.png stdout
20:27:27 INFO     command: tesseract -l por /tmp/tmp1_pr_5yn.png stdout tsv
20:27:40 INFO     command: tesseract --psm 0 -l osd /tmp/tmpiv67r7ww.png stdout
20:27:41 INFO     command: tesseract -l por /tmp/tmpiv67r7ww.png stdout tsv
20:28:00 INFO     Finished converting document anexo-de-entregas-mcom_ptd-25_27-copia_tarjada.pdf in 39.08 sec.
20:28:00 INFO       pixel_budget (Docling) anexo-de-entregas-mcom_ptd-25_27-copia_tarjada.pdf: 55.2% (área tabelas/1503636 px²)
20:28:00 INFO     [3/15] ✓ MCOM      :   55 entregas | 39.1s | ETA ~8min
20:28:00 INFO     [4/15] → documento-diretivo-mcom-_-ptd-25_27-copia_tarjada.pdf
20:28:00 INFO     detected formats: [<InputFormat.PDF: 'pdf'>]
20:28:00 INFO     Going to convert document batch...
20:28:00 INFO     Processing document documento-diretivo-mcom-_-ptd-25_27-copia_tarjada.pdf
20:28:01 INFO     command: tesseract --psm 0 -l osd /tmp/tmp4_zegzgp.png stdout
20:28:02 INFO     command: tesseract -l por /tmp/tmp4_zegzgp.png stdout tsv
20:28:04 INFO     command: tesseract --psm 0 -l osd /tmp/tmp06owu68w.png stdout
20:28:05 INFO     command: tesseract -l por /tmp/tmp06owu68w.png stdout tsv
20:28:12 INFO     command: tesseract --psm 0 -l osd /tmp/tmpocghg85d.png stdout
20:28:13 INFO     command: tesseract -l por /tmp/tmpocghg85d.png stdout tsv
20:28:14 INFO     command: tesseract --psm 0 -l osd /tmp/tmpkdc7ylxp.png stdout
20:28:15 INFO     command: tesseract -l por /tmp/tmpkdc7ylxp.png stdout tsv
20:28:17 INFO     command: tesseract --psm 0 -l osd /tmp/tmpypjmq4ei.png stdout
20:28:18 INFO     command: tesseract -l por /tmp/tmpypjmq4ei.png stdout tsv
20:28:20 INFO     command: tesseract --psm 0 -l osd /tmp/tmpzoj42qv4.png stdout
20:28:21 INFO     command: tesseract -l por /tmp/tmpzoj42qv4.png stdout tsv
20:28:38 INFO     command: tesseract --psm 0 -l osd /tmp/tmpz85dlpd0.png stdout
20:28:38 INFO     command: tesseract -l por /tmp/tmpz85dlpd0.png stdout tsv
20:28:40 INFO     command: tesseract --psm 0 -l osd /tmp/tmpxto2m1f3.png stdout
20:28:41 INFO     command: tesseract -l por /tmp/tmpxto2m1f3.png stdout tsv
20:28:43 INFO     command: tesseract --psm 0 -l osd /tmp/tmpmuib7yzb.png stdout
20:28:44 INFO     command: tesseract -l por /tmp/tmpmuib7yzb.png stdout tsv
20:28:46 INFO     command: tesseract --psm 0 -l osd /tmp/tmp846tzfe7.png stdout
20:28:47 INFO     command: tesseract -l por /tmp/tmp846tzfe7.png stdout tsv
20:28:51 INFO     command: tesseract --psm 0 -l osd /tmp/tmpqukugk2a.png stdout
20:28:52 INFO     command: tesseract -l por /tmp/tmpqukugk2a.png stdout tsv
20:28:59 INFO     command: tesseract --psm 0 -l osd /tmp/tmpz072r6_o.png stdout
20:29:00 INFO     command: tesseract -l por /tmp/tmpz072r6_o.png stdout tsv
20:29:01 INFO     command: tesseract --psm 0 -l osd /tmp/tmp9p_vh522.png stdout
20:29:02 INFO     command: tesseract -l por /tmp/tmp9p_vh522.png stdout tsv
20:29:04 INFO     command: tesseract --psm 0 -l osd /tmp/tmp7rexur2k.png stdout
20:29:05 INFO     command: tesseract -l por /tmp/tmp7rexur2k.png stdout tsv
20:29:11 INFO     Finished converting document documento-diretivo-mcom-_-ptd-25_27-copia_tarjada.pdf in 70.67 sec.
20:29:11 INFO       pixel_budget (Docling) documento-diretivo-mcom-_-ptd-25_27-copia_tarjada.pdf: 10.8% (área tabelas/7016966 px²)
20:29:11 WARNING  [4/15] ⚠ MCOM      :    0 entregas | 70.7s | ETA ~8min
20:29:11 INFO     [5/15] → fiocruz-ptd-06_2024-copia_tarjada.pdf
20:29:11 INFO     detected formats: [<InputFormat.PDF: 'pdf'>]
20:29:11 INFO     Going to convert document batch...
20:29:11 INFO     Initializing pipeline for StandardPdfPipeline with options hash d18651824ca6fe56cf3ccb20424ac2c8
20:29:11 INFO     Accelerator device: 'cpu'
20:29:11 INFO     HTTP Request: GET https://huggingface.co/api/models/docling-project/docling-layout-heron/revision/main "HTTP/1.1 200 OK"
20:29:12 INFO     HTTP Request: GET https://huggingface.co/api/models/docling-project/docling-models/revision/v2.3.0 "HTTP/1.1 200 OK"
20:29:12 INFO     Accelerator device: 'cpu'
20:29:12 INFO     Processing document fiocruz-ptd-06_2024-copia_tarjada.pdf
20:30:20 INFO     Finished converting document fiocruz-ptd-06_2024-copia_tarjada.pdf in 69.02 sec.
20:30:20 INFO       pixel_budget (Docling) fiocruz-ptd-06_2024-copia_tarjada.pdf: 36.4% (área tabelas/7518178 px²)
20:30:20 WARNING  [5/15] ⚠ FIOCRUZ   :    0 entregas | 69.1s | ETA ~8min
20:30:20 INFO     [6/15] → fiocruz_novo-ptd_2-1_docdiretivo_repactuacao_2024-2026_assinado_assinado-copia_tarjada.pdf
20:30:20 INFO     detected formats: [<InputFormat.PDF: 'pdf'>]
20:30:20 INFO     Going to convert document batch...
20:30:20 INFO     Processing document fiocruz_novo-ptd_2-1_docdiretivo_repactuacao_2024-2026_assinado_assinado-copia_tarjada.pdf
20:30:38 INFO     Finished converting document fiocruz_novo-ptd_2-1_docdiretivo_repactuacao_2024-2026_assinado_assinado-copia_tarjada.pdf in 17.98 sec.
20:30:38 INFO       pixel_budget (Docling) fiocruz_novo-ptd_2-1_docdiretivo_repactuacao_2024-2026_assinado_assinado-copia_tarjada.pdf: 11.3% (área tabelas/5012118 px²)
20:30:38 WARNING  [6/15] ⚠ FIOCRUZ   :    0 entregas | 18.0s | ETA ~7min
20:30:38 INFO     [7/15] → fiocruz_ptd_anexo_de_entregas_assinado_v1_assinado_assinado-1-copia_tarjada.pdf
20:30:38 INFO     detected formats: [<InputFormat.PDF: 'pdf'>]
20:30:38 INFO     Going to convert document batch...
20:30:38 INFO     Processing document fiocruz_ptd_anexo_de_entregas_assinado_v1_assinado_assinado-1-copia_tarjada.pdf
20:31:10 INFO     Finished converting document fiocruz_ptd_anexo_de_entregas_assinado_v1_assinado_assinado-1-copia_tarjada.pdf in 31.67 sec.
20:31:10 INFO       pixel_budget (Docling) fiocruz_ptd_anexo_de_entregas_assinado_v1_assinado_assinado-1-copia_tarjada.pdf: 54.7% (área tabelas/2004847 px²)
20:31:10 INFO     [7/15] ✓ FIOCRUZ   :   62 entregas | 31.7s | ETA ~5min
20:31:10 INFO     [8/15] → funai_anexo_de_entregas_repactuado_2026_2027_assinado_assinado_assinado.pdf
20:31:10 INFO     detected formats: [<InputFormat.PDF: 'pdf'>]
20:31:10 INFO     Going to convert document batch...
20:31:10 INFO     Processing document funai_anexo_de_entregas_repactuado_2026_2027_assinado_assinado_assinado.pdf
20:31:11 INFO     command: tesseract --psm 0 -l osd /tmp/tmpoe5yash0.png stdout
20:31:12 INFO     command: tesseract -l por /tmp/tmpoe5yash0.png stdout tsv
20:31:25 INFO     Finished converting document funai_anexo_de_entregas_repactuado_2026_2027_assinado_assinado_assinado.pdf in 14.95 sec.
20:31:25 INFO       pixel_budget (Docling) funai_anexo_de_entregas_repactuado_2026_2027_assinado_assinado_assinado.pdf: 49.8% (área tabelas/501212 px²)
20:31:25 INFO     [8/15] ✓ FUNAI     :   22 entregas | 15.0s | ETA ~4min
20:31:25 INFO     [9/15] → funai_ptd_2025_2027_docdiretivo_assinado-1_tarjado.pdf
20:31:25 INFO     detected formats: [<InputFormat.PDF: 'pdf'>]
20:31:25 INFO     Going to convert document batch...
20:31:25 INFO     Processing document funai_ptd_2025_2027_docdiretivo_assinado-1_tarjado.pdf
20:31:26 INFO     command: tesseract --psm 0 -l osd /tmp/tmp_z8oau_v.png stdout
20:31:27 INFO     command: tesseract -l por /tmp/tmp_z8oau_v.png stdout tsv
20:31:28 INFO     command: tesseract --psm 0 -l osd /tmp/tmpvwlowxg0.png stdout
20:31:29 INFO     command: tesseract -l por /tmp/tmpvwlowxg0.png stdout tsv
20:31:33 INFO     command: tesseract --psm 0 -l osd /tmp/tmpvtuljpwh.png stdout
20:31:34 INFO     command: tesseract -l por /tmp/tmpvtuljpwh.png stdout tsv
20:31:36 INFO     command: tesseract --psm 0 -l osd /tmp/tmp6jldj8oj.png stdout
20:31:36 INFO     command: tesseract -l por /tmp/tmp6jldj8oj.png stdout tsv
20:31:38 INFO     command: tesseract --psm 0 -l osd /tmp/tmp6sicjf44.png stdout
20:31:39 INFO     command: tesseract -l por /tmp/tmp6sicjf44.png stdout tsv
20:31:41 INFO     command: tesseract --psm 0 -l osd /tmp/tmp1roecx5m.png stdout
20:31:42 INFO     command: tesseract -l por /tmp/tmp1roecx5m.png stdout tsv
20:31:53 INFO     command: tesseract --psm 0 -l osd /tmp/tmpcwzug8oz.png stdout
20:31:54 INFO     command: tesseract -l por /tmp/tmpcwzug8oz.png stdout tsv
20:31:55 INFO     command: tesseract --psm 0 -l osd /tmp/tmp_x_84am4.png stdout
20:31:56 INFO     command: tesseract -l por /tmp/tmp_x_84am4.png stdout tsv
20:31:57 INFO     command: tesseract --psm 0 -l osd /tmp/tmp2f1zjmw_.png stdout
20:31:58 INFO     command: tesseract -l por /tmp/tmp2f1zjmw_.png stdout tsv
20:31:59 INFO     command: tesseract --psm 0 -l osd /tmp/tmpcsd2iz8g.png stdout
20:32:01 INFO     command: tesseract -l por /tmp/tmpcsd2iz8g.png stdout tsv
20:32:15 INFO     command: tesseract --psm 0 -l osd /tmp/tmp38_1v9cv.png stdout
20:32:16 INFO     command: tesseract -l por /tmp/tmp38_1v9cv.png stdout tsv
20:32:22 INFO     command: tesseract --psm 0 -l osd /tmp/tmpvu0kho8s.png stdout
20:32:23 INFO     command: tesseract -l por /tmp/tmpvu0kho8s.png stdout tsv
20:32:25 INFO     command: tesseract --psm 0 -l osd /tmp/tmpq4o6xdax.png stdout
20:32:25 INFO     command: tesseract -l por /tmp/tmpq4o6xdax.png stdout tsv
20:32:32 INFO     Finished converting document funai_ptd_2025_2027_docdiretivo_assinado-1_tarjado.pdf in 66.93 sec.
20:32:32 INFO       pixel_budget (Docling) funai_ptd_2025_2027_docdiretivo_assinado-1_tarjado.pdf: 16.4% (área tabelas/6515754 px²)
20:32:32 INFO     [9/15] ✓ FUNAI     :    8 entregas | 66.9s | ETA ~4min
20:32:32 INFO     [10/15] → incra_anexo_de_entregas_assinado-1_assinado_assinado-copia_tarjada.pdf
20:32:32 INFO     detected formats: [<InputFormat.PDF: 'pdf'>]
20:32:32 INFO     Going to convert document batch...
20:32:32 INFO     Processing document incra_anexo_de_entregas_assinado-1_assinado_assinado-copia_tarjada.pdf
20:32:33 INFO     command: tesseract --psm 0 -l osd /tmp/tmp7vvwoxfr.png stdout
20:32:34 INFO     command: tesseract -l por /tmp/tmp7vvwoxfr.png stdout tsv
20:32:37 INFO     command: tesseract --psm 0 -l osd /tmp/tmpin6amgd4.png stdout
20:32:38 INFO     command: tesseract -l por /tmp/tmpin6amgd4.png stdout tsv
20:32:43 INFO     command: tesseract --psm 0 -l osd /tmp/tmpnumzbx_l.png stdout
20:32:45 INFO     command: tesseract -l por /tmp/tmpnumzbx_l.png stdout tsv
20:32:47 INFO     command: tesseract --psm 0 -l osd /tmp/tmp0qdx7dxn.png stdout
20:32:48 INFO     command: tesseract -l por /tmp/tmp0qdx7dxn.png stdout tsv
20:32:50 INFO     command: tesseract --psm 0 -l osd /tmp/tmpg57bwl78.png stdout
20:32:51 INFO     command: tesseract -l por /tmp/tmpg57bwl78.png stdout tsv
20:34:21 INFO     Finished converting document incra_anexo_de_entregas_assinado-1_assinado_assinado-copia_tarjada.pdf in 108.84 sec.
20:34:21 INFO       pixel_budget (Docling) incra_anexo_de_entregas_assinado-1_assinado_assinado-copia_tarjada.pdf: 30.0% (área tabelas/2423520 px²)
20:34:21 INFO     [10/15] ✓ INCRA     :   11 entregas | 108.9s | ETA ~4min
20:34:21 INFO     [11/15] → incra_ptd_docdiretivo__assinado-1_assinado_assinado-copia_tarjada.pdf
20:34:21 INFO     detected formats: [<InputFormat.PDF: 'pdf'>]
20:34:21 INFO     Going to convert document batch...
20:34:21 INFO     Processing document incra_ptd_docdiretivo__assinado-1_assinado_assinado-copia_tarjada.pdf
20:34:22 INFO     command: tesseract --psm 0 -l osd /tmp/tmp8uved4ki.png stdout
20:34:22 INFO     command: tesseract -l por /tmp/tmp8uved4ki.png stdout tsv
20:34:24 INFO     command: tesseract --psm 0 -l osd /tmp/tmpf79xewq0.png stdout
20:34:26 INFO     command: tesseract -l por /tmp/tmpf79xewq0.png stdout tsv
20:34:32 INFO     command: tesseract --psm 0 -l osd /tmp/tmp_uhtgseq.png stdout
20:34:33 INFO     command: tesseract -l por /tmp/tmp_uhtgseq.png stdout tsv
20:34:35 INFO     command: tesseract --psm 0 -l osd /tmp/tmpw6lmxr0h.png stdout
20:34:35 INFO     command: tesseract -l por /tmp/tmpw6lmxr0h.png stdout tsv
20:34:37 INFO     command: tesseract --psm 0 -l osd /tmp/tmp2a1lztxu.png stdout
20:34:38 INFO     command: tesseract -l por /tmp/tmp2a1lztxu.png stdout tsv
20:34:40 INFO     command: tesseract --psm 0 -l osd /tmp/tmp2ek9ie0w.png stdout
20:34:41 INFO     command: tesseract -l por /tmp/tmp2ek9ie0w.png stdout tsv
20:34:53 INFO     command: tesseract --psm 0 -l osd /tmp/tmp8q2264fa.png stdout
20:34:54 INFO     command: tesseract -l por /tmp/tmp8q2264fa.png stdout tsv
20:34:57 INFO     command: tesseract --psm 0 -l osd /tmp/tmpbo1ah44j.png stdout
20:34:58 INFO     command: tesseract -l por /tmp/tmpbo1ah44j.png stdout tsv
20:34:59 INFO     command: tesseract --psm 0 -l osd /tmp/tmpo1khgr5j.png stdout
20:35:00 INFO     command: tesseract -l por /tmp/tmpo1khgr5j.png stdout tsv
20:35:02 INFO     command: tesseract --psm 0 -l osd /tmp/tmpvv5f7kv1.png stdout
20:35:03 INFO     command: tesseract -l por /tmp/tmpvv5f7kv1.png stdout tsv
20:35:08 INFO     command: tesseract --psm 0 -l osd /tmp/tmpv_xlyn2t.png stdout
20:35:09 INFO     command: tesseract -l por /tmp/tmpv_xlyn2t.png stdout tsv
20:35:14 INFO     command: tesseract --psm 0 -l osd /tmp/tmp_lur5pnm.png stdout
20:35:15 INFO     command: tesseract -l por /tmp/tmp_lur5pnm.png stdout tsv
20:35:19 INFO     command: tesseract --psm 0 -l osd /tmp/tmpupdcofj8.png stdout
20:35:20 INFO     command: tesseract -l por /tmp/tmpupdcofj8.png stdout tsv
20:35:28 INFO     Finished converting document incra_ptd_docdiretivo__assinado-1_assinado_assinado-copia_tarjada.pdf in 67.05 sec.
20:35:28 INFO       pixel_budget (Docling) incra_ptd_docdiretivo__assinado-1_assinado_assinado-copia_tarjada.pdf: 20.2% (área tabelas/6515754 px²)
20:35:28 INFO     [11/15] ✓ INCRA     :    9 entregas | 67.1s | ETA ~3min
20:35:28 INFO     [12/15] → iti_anexo_de_entregas_assinado.pdf
20:35:28 INFO     detected formats: [<InputFormat.PDF: 'pdf'>]
20:35:28 INFO     Going to convert document batch...
20:35:28 INFO     Processing document iti_anexo_de_entregas_assinado.pdf
20:35:29 INFO     command: tesseract --psm 0 -l osd /tmp/tmp2l6w0tgt.png stdout
20:35:29 INFO     command: tesseract -l por /tmp/tmp2l6w0tgt.png stdout tsv
20:35:45 INFO     Finished converting document iti_anexo_de_entregas_assinado.pdf in 17.44 sec.
20:35:45 INFO       pixel_budget (Docling) iti_anexo_de_entregas_assinado.pdf: 57.2% (área tabelas/501212 px²)
20:35:45 INFO     [12/15] ✓ ITI       :   31 entregas | 17.4s | ETA ~2min
20:35:45 INFO     [13/15] → iti_doc_diretivo_assinado-1_tarjado.pdf
20:35:45 INFO     detected formats: [<InputFormat.PDF: 'pdf'>]
20:35:45 INFO     Going to convert document batch...
20:35:45 INFO     Processing document iti_doc_diretivo_assinado-1_tarjado.pdf
20:35:46 INFO     command: tesseract --psm 0 -l osd /tmp/tmpb0y2bbh7.png stdout
20:35:46 INFO     command: tesseract -l por /tmp/tmpb0y2bbh7.png stdout tsv
20:35:49 INFO     command: tesseract --psm 0 -l osd /tmp/tmp57t7lp59.png stdout
20:35:51 INFO     command: tesseract -l por /tmp/tmp57t7lp59.png stdout tsv
20:35:54 INFO     command: tesseract --psm 0 -l osd /tmp/tmp3go4ku7n.png stdout
20:35:55 INFO     command: tesseract -l por /tmp/tmp3go4ku7n.png stdout tsv
20:35:57 INFO     command: tesseract --psm 0 -l osd /tmp/tmpz3lw_2jf.png stdout
20:35:58 INFO     command: tesseract -l por /tmp/tmpz3lw_2jf.png stdout tsv
20:35:59 INFO     command: tesseract --psm 0 -l osd /tmp/tmpl_y_vqa6.png stdout
20:36:00 INFO     command: tesseract -l por /tmp/tmpl_y_vqa6.png stdout tsv
20:36:02 INFO     command: tesseract --psm 0 -l osd /tmp/tmpik8spkx4.png stdout
20:36:03 INFO     command: tesseract -l por /tmp/tmpik8spkx4.png stdout tsv
20:36:21 INFO     command: tesseract --psm 0 -l osd /tmp/tmpaqrdubis.png stdout
20:36:21 INFO     command: tesseract -l por /tmp/tmpaqrdubis.png stdout tsv
20:36:24 INFO     command: tesseract --psm 0 -l osd /tmp/tmpwuawu_tt.png stdout
20:36:24 INFO     command: tesseract -l por /tmp/tmpwuawu_tt.png stdout tsv
20:36:27 INFO     command: tesseract --psm 0 -l osd /tmp/tmp_z94b9_7.png stdout
20:36:27 INFO     command: tesseract -l por /tmp/tmp_z94b9_7.png stdout tsv
20:36:29 INFO     command: tesseract --psm 0 -l osd /tmp/tmp2c_ve430.png stdout
20:36:31 INFO     command: tesseract -l por /tmp/tmp2c_ve430.png stdout tsv
20:36:38 INFO     command: tesseract --psm 0 -l osd /tmp/tmpvdq4ldof.png stdout
20:36:39 INFO     command: tesseract -l por /tmp/tmpvdq4ldof.png stdout tsv
20:36:45 INFO     Finished converting document iti_doc_diretivo_assinado-1_tarjado.pdf in 60.22 sec.
20:36:45 INFO       pixel_budget (Docling) iti_doc_diretivo_assinado-1_tarjado.pdf: 8.0% (área tabelas/5516339 px²)
20:36:45 INFO     [13/15] ✓ ITI       :    6 entregas | 60.2s | ETA ~1min
20:36:45 INFO     [14/15] → sgpr_ptd_2025_2027_anexo_de_entregas_assinado-copia_tarjada.pdf
20:36:45 INFO     detected formats: [<InputFormat.PDF: 'pdf'>]
20:36:45 INFO     Going to convert document batch...
20:36:45 INFO     Processing document sgpr_ptd_2025_2027_anexo_de_entregas_assinado-copia_tarjada.pdf
20:36:46 INFO     command: tesseract --psm 0 -l osd /tmp/tmpzw80zfhn.png stdout
20:36:47 INFO     command: tesseract -l por /tmp/tmpzw80zfhn.png stdout tsv
20:36:50 INFO     command: tesseract --psm 0 -l osd /tmp/tmpmemyy1x7.png stdout
20:36:51 INFO     command: tesseract -l por /tmp/tmpmemyy1x7.png stdout tsv
20:37:05 INFO     Finished converting document sgpr_ptd_2025_2027_anexo_de_entregas_assinado-copia_tarjada.pdf in 19.48 sec.
20:37:05 INFO       pixel_budget (Docling) sgpr_ptd_2025_2027_anexo_de_entregas_assinado-copia_tarjada.pdf: 29.5% (área tabelas/1002424 px²)
20:37:05 INFO     [14/15] ✓ SGPR      :   18 entregas | 19.5s | ETA ~48s
20:37:05 INFO     [15/15] → sgpr_ptd_2026_2027_docdiretivo_assinado-copia_tarjada.pdf
20:37:05 INFO     detected formats: [<InputFormat.PDF: 'pdf'>]
20:37:05 INFO     Going to convert document batch...
20:37:05 INFO     Processing document sgpr_ptd_2026_2027_docdiretivo_assinado-copia_tarjada.pdf
20:37:25 INFO     Finished converting document sgpr_ptd_2026_2027_docdiretivo_assinado-copia_tarjada.pdf in 19.89 sec.
20:37:25 INFO       pixel_budget (Docling) sgpr_ptd_2026_2027_docdiretivo_assinado-copia_tarjada.pdf: 8.2% (área tabelas/5513330 px²)
20:37:25 WARNING  [15/15] ⚠ SGPR      :    0 entregas | 19.9s | ETA ~0s
20:37:25 INFO     261 registros | 7 órgãos
20:37:25 INFO     ╔══════════════════════════════════════════════════════════════╗
20:37:25 INFO     ║                  ENTREGAS — fase concluída                   ║
20:37:25 INFO     ║  Processados: 15    |  ✓ 11  ⚠ 4                             ║
20:37:25 INFO     ║  Duração: 11.5 min                                           ║
20:37:25 INFO     ║  261 registros | 7 órgãos                                    ║
20:37:25 INFO     ╚══════════════════════════════════════════════════════════════╝
20:37:25 INFO     [1/7] → agu_ptd_2025_2027_docdiretivo_assinado_assinado_assinado-copia_tarjada.pdf
20:37:25 INFO     detected formats: [<InputFormat.PDF: 'pdf'>]
20:37:25 INFO     Going to convert document batch...
20:37:25 INFO     Processing document agu_ptd_2025_2027_docdiretivo_assinado_assinado_assinado-copia_tarjada.pdf
20:37:25 INFO     command: tesseract --psm 0 -l osd /tmp/tmpczpnx3ch.png stdout
20:37:26 INFO     command: tesseract -l por /tmp/tmpczpnx3ch.png stdout tsv
20:37:28 INFO     command: tesseract --psm 0 -l osd /tmp/tmphq32izn5.png stdout
20:37:29 INFO     command: tesseract -l por /tmp/tmphq32izn5.png stdout tsv
20:37:33 INFO     command: tesseract --psm 0 -l osd /tmp/tmpl_f4rczy.png stdout
20:37:34 INFO     command: tesseract -l por /tmp/tmpl_f4rczy.png stdout tsv
20:37:36 INFO     command: tesseract --psm 0 -l osd /tmp/tmpih44ndry.png stdout
20:37:37 INFO     command: tesseract -l por /tmp/tmpih44ndry.png stdout tsv
20:37:39 INFO     command: tesseract --psm 0 -l osd /tmp/tmpndy6jqu1.png stdout
20:37:40 INFO     command: tesseract -l por /tmp/tmpndy6jqu1.png stdout tsv
20:37:42 INFO     command: tesseract --psm 0 -l osd /tmp/tmpc3_sy9i_.png stdout
20:37:43 INFO     command: tesseract -l por /tmp/tmpc3_sy9i_.png stdout tsv
20:37:54 INFO     command: tesseract --psm 0 -l osd /tmp/tmpnssu8apy.png stdout
20:37:55 INFO     command: tesseract -l por /tmp/tmpnssu8apy.png stdout tsv
20:37:57 INFO     command: tesseract --psm 0 -l osd /tmp/tmpmr4ymo6n.png stdout
20:37:58 INFO     command: tesseract -l por /tmp/tmpmr4ymo6n.png stdout tsv
20:38:00 INFO     command: tesseract --psm 0 -l osd /tmp/tmpha6ylnb0.png stdout
20:38:01 INFO     command: tesseract -l por /tmp/tmpha6ylnb0.png stdout tsv
20:38:03 INFO     command: tesseract --psm 0 -l osd /tmp/tmpgln4h3l9.png stdout
20:38:05 INFO     command: tesseract -l por /tmp/tmpgln4h3l9.png stdout tsv
20:38:19 INFO     command: tesseract --psm 0 -l osd /tmp/tmpplrll5f2.png stdout
20:38:20 INFO     command: tesseract -l por /tmp/tmpplrll5f2.png stdout tsv
20:38:24 INFO     Finished converting document agu_ptd_2025_2027_docdiretivo_assinado_assinado_assinado-copia_tarjada.pdf in 58.77 sec.
20:38:24 INFO     [1/7] ✓ AGU       :   7 riscos | 58.8s | ETA ~5min
20:38:24 INFO     [2/7] → documento-diretivo-mcom-_-ptd-25_27-copia_tarjada.pdf
20:38:24 INFO     detected formats: [<InputFormat.PDF: 'pdf'>]
20:38:24 INFO     Going to convert document batch...
20:38:24 INFO     Processing document documento-diretivo-mcom-_-ptd-25_27-copia_tarjada.pdf
20:38:24 INFO     command: tesseract --psm 0 -l osd /tmp/tmpvvb93s3y.png stdout
20:38:25 INFO     command: tesseract -l por /tmp/tmpvvb93s3y.png stdout tsv
20:38:27 INFO     command: tesseract --psm 0 -l osd /tmp/tmph4v4zfs_.png stdout
20:38:28 INFO     command: tesseract -l por /tmp/tmph4v4zfs_.png stdout tsv
20:38:35 INFO     command: tesseract --psm 0 -l osd /tmp/tmpu52_3fb4.png stdout
20:38:35 INFO     command: tesseract -l por /tmp/tmpu52_3fb4.png stdout tsv
20:38:36 INFO     command: tesseract --psm 0 -l osd /tmp/tmpi4ufvite.png stdout
20:38:37 INFO     command: tesseract -l por /tmp/tmpi4ufvite.png stdout tsv
20:38:39 INFO     command: tesseract --psm 0 -l osd /tmp/tmpo4_24bkm.png stdout
20:38:40 INFO     command: tesseract -l por /tmp/tmpo4_24bkm.png stdout tsv
20:38:42 INFO     command: tesseract --psm 0 -l osd /tmp/tmpgt5k3o1t.png stdout
20:38:44 INFO     command: tesseract -l por /tmp/tmpgt5k3o1t.png stdout tsv
20:38:52 INFO     command: tesseract --psm 0 -l osd /tmp/tmp3khnu4_b.png stdout
20:38:53 INFO     command: tesseract -l por /tmp/tmp3khnu4_b.png stdout tsv
20:38:58 INFO     command: tesseract --psm 0 -l osd /tmp/tmpe1uq9epm.png stdout
20:38:59 INFO     command: tesseract -l por /tmp/tmpe1uq9epm.png stdout tsv
20:39:01 INFO     command: tesseract --psm 0 -l osd /tmp/tmpxeekx8sy.png stdout
20:39:02 INFO     command: tesseract -l por /tmp/tmpxeekx8sy.png stdout tsv
20:39:04 INFO     command: tesseract --psm 0 -l osd /tmp/tmp0g72edub.png stdout
20:39:05 INFO     command: tesseract -l por /tmp/tmp0g72edub.png stdout tsv
20:39:13 INFO     command: tesseract --psm 0 -l osd /tmp/tmp5owib4oe.png stdout
20:39:14 INFO     command: tesseract -l por /tmp/tmp5owib4oe.png stdout tsv
20:39:17 INFO     command: tesseract --psm 0 -l osd /tmp/tmphbx4sziu.png stdout
20:39:18 INFO     command: tesseract -l por /tmp/tmphbx4sziu.png stdout tsv
20:39:20 INFO     command: tesseract --psm 0 -l osd /tmp/tmp3n4css_f.png stdout
20:39:21 INFO     command: tesseract -l por /tmp/tmp3n4css_f.png stdout tsv
20:39:23 INFO     command: tesseract --psm 0 -l osd /tmp/tmpnz1j8cnq.png stdout
20:39:23 INFO     command: tesseract -l por /tmp/tmpnz1j8cnq.png stdout tsv
20:39:31 INFO     Finished converting document documento-diretivo-mcom-_-ptd-25_27-copia_tarjada.pdf in 67.03 sec.
20:39:31 INFO     [2/7] ✓ MCOM      :  14 riscos | 67.0s | ETA ~5min
20:39:31 INFO     [3/7] → fiocruz_novo-ptd_2-1_docdiretivo_repactuacao_2024-2026_assinado_assinado-copia_tarjada.pdf
20:39:31 INFO     detected formats: [<InputFormat.PDF: 'pdf'>]
20:39:31 INFO     Going to convert document batch...
20:39:31 INFO     Processing document fiocruz_novo-ptd_2-1_docdiretivo_repactuacao_2024-2026_assinado_assinado-copia_tarjada.pdf
20:39:48 INFO     Finished converting document fiocruz_novo-ptd_2-1_docdiretivo_repactuacao_2024-2026_assinado_assinado-copia_tarjada.pdf in 17.65 sec.
20:39:48 INFO     [3/7] ✓ FIOCRUZ   :   6 riscos | 17.7s | ETA ~3min
20:39:48 INFO     [4/7] → funai_ptd_2025_2027_docdiretivo_assinado-1_tarjado.pdf
20:39:48 INFO     detected formats: [<InputFormat.PDF: 'pdf'>]
20:39:48 INFO     Going to convert document batch...
20:39:48 INFO     Processing document funai_ptd_2025_2027_docdiretivo_assinado-1_tarjado.pdf
20:39:50 INFO     command: tesseract --psm 0 -l osd /tmp/tmp25otf95e.png stdout
20:39:50 INFO     command: tesseract -l por /tmp/tmp25otf95e.png stdout tsv
20:39:51 INFO     command: tesseract --psm 0 -l osd /tmp/tmpc70fids5.png stdout
20:39:53 INFO     command: tesseract -l por /tmp/tmpc70fids5.png stdout tsv
20:39:57 INFO     command: tesseract --psm 0 -l osd /tmp/tmpzy573b4c.png stdout
20:39:57 INFO     command: tesseract -l por /tmp/tmpzy573b4c.png stdout tsv
20:39:59 INFO     command: tesseract --psm 0 -l osd /tmp/tmpbtt9hzzl.png stdout
20:40:00 INFO     command: tesseract -l por /tmp/tmpbtt9hzzl.png stdout tsv
20:40:02 INFO     command: tesseract --psm 0 -l osd /tmp/tmpexlpocug.png stdout
20:40:03 INFO     command: tesseract -l por /tmp/tmpexlpocug.png stdout tsv
20:40:05 INFO     command: tesseract --psm 0 -l osd /tmp/tmpt_rig6vp.png stdout
20:40:06 INFO     command: tesseract -l por /tmp/tmpt_rig6vp.png stdout tsv
20:40:16 INFO     command: tesseract --psm 0 -l osd /tmp/tmpvnokgll7.png stdout
20:40:17 INFO     command: tesseract -l por /tmp/tmpvnokgll7.png stdout tsv
20:40:18 INFO     command: tesseract --psm 0 -l osd /tmp/tmpdhrrwqfz.png stdout
20:40:19 INFO     command: tesseract -l por /tmp/tmpdhrrwqfz.png stdout tsv
20:40:20 INFO     command: tesseract --psm 0 -l osd /tmp/tmp2qyg_xxb.png stdout
20:40:21 INFO     command: tesseract -l por /tmp/tmp2qyg_xxb.png stdout tsv
20:40:22 INFO     command: tesseract --psm 0 -l osd /tmp/tmp4cbmdred.png stdout
20:40:24 INFO     command: tesseract -l por /tmp/tmp4cbmdred.png stdout tsv
20:40:35 INFO     command: tesseract --psm 0 -l osd /tmp/tmplmbcaozd.png stdout
20:40:36 INFO     command: tesseract -l por /tmp/tmplmbcaozd.png stdout tsv
20:40:40 INFO     command: tesseract --psm 0 -l osd /tmp/tmpmkzq88hd.png stdout
20:40:41 INFO     command: tesseract -l por /tmp/tmpmkzq88hd.png stdout tsv
20:40:44 INFO     command: tesseract --psm 0 -l osd /tmp/tmp9_hdsoze.png stdout
20:40:45 INFO     command: tesseract -l por /tmp/tmp9_hdsoze.png stdout tsv
20:40:51 INFO     Finished converting document funai_ptd_2025_2027_docdiretivo_assinado-1_tarjado.pdf in 62.68 sec.
20:40:51 INFO     [4/7] ✓ FUNAI     :  15 riscos | 62.7s | ETA ~2min
20:40:51 INFO     [5/7] → incra_ptd_docdiretivo__assinado-1_assinado_assinado-copia_tarjada.pdf
20:40:51 INFO     detected formats: [<InputFormat.PDF: 'pdf'>]
20:40:51 INFO     Going to convert document batch...
20:40:51 INFO     Processing document incra_ptd_docdiretivo__assinado-1_assinado_assinado-copia_tarjada.pdf
20:40:52 INFO     command: tesseract --psm 0 -l osd /tmp/tmphu7uzuak.png stdout
20:40:53 INFO     command: tesseract -l por /tmp/tmphu7uzuak.png stdout tsv
20:40:55 INFO     command: tesseract --psm 0 -l osd /tmp/tmp0jh_1wjd.png stdout
20:40:56 INFO     command: tesseract -l por /tmp/tmp0jh_1wjd.png stdout tsv
20:41:01 INFO     command: tesseract --psm 0 -l osd /tmp/tmpjll5drz2.png stdout
20:41:02 INFO     command: tesseract -l por /tmp/tmpjll5drz2.png stdout tsv
20:41:04 INFO     command: tesseract --psm 0 -l osd /tmp/tmp1y05wv37.png stdout
20:41:05 INFO     command: tesseract -l por /tmp/tmp1y05wv37.png stdout tsv
20:41:07 INFO     command: tesseract --psm 0 -l osd /tmp/tmpy0o8ft4w.png stdout
20:41:07 INFO     command: tesseract -l por /tmp/tmpy0o8ft4w.png stdout tsv
20:41:09 INFO     command: tesseract --psm 0 -l osd /tmp/tmp0bnbaznp.png stdout
20:41:11 INFO     command: tesseract -l por /tmp/tmp0bnbaznp.png stdout tsv
20:41:27 INFO     command: tesseract --psm 0 -l osd /tmp/tmprckemjiw.png stdout
20:41:28 INFO     command: tesseract -l por /tmp/tmprckemjiw.png stdout tsv
20:41:29 INFO     command: tesseract --psm 0 -l osd /tmp/tmploi4zrrk.png stdout
20:41:30 INFO     command: tesseract -l por /tmp/tmploi4zrrk.png stdout tsv
20:41:32 INFO     command: tesseract --psm 0 -l osd /tmp/tmpis6f6mqz.png stdout
20:41:33 INFO     command: tesseract -l por /tmp/tmpis6f6mqz.png stdout tsv
20:41:35 INFO     command: tesseract --psm 0 -l osd /tmp/tmp7inzytb9.png stdout
20:41:36 INFO     command: tesseract -l por /tmp/tmp7inzytb9.png stdout tsv
20:41:40 INFO     command: tesseract --psm 0 -l osd /tmp/tmpvpmucu5i.png stdout
20:41:41 INFO     command: tesseract -l por /tmp/tmpvpmucu5i.png stdout tsv
20:41:47 INFO     command: tesseract --psm 0 -l osd /tmp/tmpbr3e3vbe.png stdout
20:41:48 INFO     command: tesseract -l por /tmp/tmpbr3e3vbe.png stdout tsv
20:41:53 INFO     command: tesseract --psm 0 -l osd /tmp/tmp1uzrrqty.png stdout
20:41:54 INFO     command: tesseract -l por /tmp/tmp1uzrrqty.png stdout tsv
20:42:01 INFO     Finished converting document incra_ptd_docdiretivo__assinado-1_assinado_assinado-copia_tarjada.pdf in 70.49 sec.
20:42:01 INFO     [5/7] ✓ INCRA     :  15 riscos | 70.5s | ETA ~1min
20:42:01 INFO     [6/7] → iti_doc_diretivo_assinado-1_tarjado.pdf
20:42:02 INFO     detected formats: [<InputFormat.PDF: 'pdf'>]
20:42:02 INFO     Going to convert document batch...
20:42:02 INFO     Processing document iti_doc_diretivo_assinado-1_tarjado.pdf
20:42:02 INFO     command: tesseract --psm 0 -l osd /tmp/tmpzfdasnji.png stdout
20:42:03 INFO     command: tesseract -l por /tmp/tmpzfdasnji.png stdout tsv
20:42:05 INFO     command: tesseract --psm 0 -l osd /tmp/tmpmb_kyoyt.png stdout
20:42:06 INFO     command: tesseract -l por /tmp/tmpmb_kyoyt.png stdout tsv
20:42:10 INFO     command: tesseract --psm 0 -l osd /tmp/tmpjz44x5_k.png stdout
20:42:11 INFO     command: tesseract -l por /tmp/tmpjz44x5_k.png stdout tsv
20:42:13 INFO     command: tesseract --psm 0 -l osd /tmp/tmp_r30u0uk.png stdout
20:42:14 INFO     command: tesseract -l por /tmp/tmp_r30u0uk.png stdout tsv
20:42:16 INFO     command: tesseract --psm 0 -l osd /tmp/tmphx02r5h8.png stdout
20:42:16 INFO     command: tesseract -l por /tmp/tmphx02r5h8.png stdout tsv
20:42:18 INFO     command: tesseract --psm 0 -l osd /tmp/tmp1fuj9ga4.png stdout
20:42:20 INFO     command: tesseract -l por /tmp/tmp1fuj9ga4.png stdout tsv
20:42:34 INFO     command: tesseract --psm 0 -l osd /tmp/tmp3tgp0kha.png stdout
20:42:35 INFO     command: tesseract -l por /tmp/tmp3tgp0kha.png stdout tsv
20:42:37 INFO     command: tesseract --psm 0 -l osd /tmp/tmpr9ron5pc.png stdout
20:42:38 INFO     command: tesseract -l por /tmp/tmpr9ron5pc.png stdout tsv
20:42:40 INFO     command: tesseract --psm 0 -l osd /tmp/tmpd34k4zre.png stdout
20:42:41 INFO     command: tesseract -l por /tmp/tmpd34k4zre.png stdout tsv
20:42:43 INFO     command: tesseract --psm 0 -l osd /tmp/tmpmt0gwh_z.png stdout
20:42:44 INFO     command: tesseract -l por /tmp/tmpmt0gwh_z.png stdout tsv
20:42:48 INFO     command: tesseract --psm 0 -l osd /tmp/tmpydjlxs6g.png stdout
20:42:49 INFO     command: tesseract -l por /tmp/tmpydjlxs6g.png stdout tsv
20:42:58 INFO     Finished converting document iti_doc_diretivo_assinado-1_tarjado.pdf in 56.34 sec.
20:42:58 INFO     [6/7] ✓ ITI       :  14 riscos | 56.4s | ETA ~56s
20:42:58 INFO     [7/7] → sgpr_ptd_2026_2027_docdiretivo_assinado-copia_tarjada.pdf
20:42:58 INFO     detected formats: [<InputFormat.PDF: 'pdf'>]
20:42:58 INFO     Going to convert document batch...
20:42:58 INFO     Processing document sgpr_ptd_2026_2027_docdiretivo_assinado-copia_tarjada.pdf
20:43:18 INFO     Finished converting document sgpr_ptd_2026_2027_docdiretivo_assinado-copia_tarjada.pdf in 19.76 sec.
20:43:18 INFO     [7/7] ✓ SGPR      :  10 riscos | 19.8s | ETA ~0s
20:43:18 INFO     ╔══════════════════════════════════════════════════════════════╗
20:43:18 INFO     ║                   RISCOS — fase concluída                    ║
20:43:18 INFO     ║  Processados: 7     |  ✓ 7  ⚠ 0                              ║
20:43:18 INFO     ║  Duração: 5.9 min                                            ║
20:43:18 INFO     ║  81 riscos | 7 órgãos                                        ║
20:43:18 INFO     ╚══════════════════════════════════════════════════════════════╝
20:43:18 INFO     81 riscos | 0 ações | 135 relações
20:43:18 INFO     ptd_corpus_raw                     : 261 linhas
20:43:18 INFO     ptd_pivot_eixos                    : 7 linhas
20:43:21 INFO     ptd_datas_assinatura               : 132 linhas
20:43:21 INFO     ptd_riscos                         : 81 linhas
20:43:21 INFO     ptd_riscos_acoes                   : 135 linhas
20:43:21 INFO     Manifesto salvo: pipeline_manifest.json | SHA-256 de 132 PDFs
20:43:21 INFO     ==================================================
20:43:21 INFO     PTD-BR v3.0-melhorado — PIPELINE CONCLUÍDO
20:43:21 INFO     ==================================================
20:43:21 INFO     ptd_corpus_raw.csv                        160 KB
20:43:21 INFO     ptd_pivot_eixos.csv                         0 KB
20:43:21 INFO     ptd_datas_assinatura.csv                    9 KB
20:43:21 INFO     ptd_riscos.csv                             23 KB
20:43:21 INFO     ptd_riscos_acoes.csv                        2 KB
20:43:21 INFO     proveniencia.json                           0 KB
20:43:21 INFO     pipeline_manifest.json                     20 KB
20:43:21 INFO     📦 Artefatos: https://github.com/freirelucas/teste/actions/runs/24009605239
20:43:21 INFO     ==================================================
