05:39:33 INFO     Docling disponível
05:39:33 WARNING  OCR fallback indisponível (IndentationError: unexpected indent (ptd_ocr_fallback.py, line 45))
05:39:35 INFO     Ignorado (guia/template/norma): ABNT-NBR-17225-Acessibilidade-Digital.pdf
05:39:35 INFO     Ignorado (guia/template/norma): cgrep-guia10passos-ptd-orgao.pdf
05:39:35 INFO     Ignorado (guia/template/norma): ABNT-NBR-17225-Acessibilidade-Digital.pdf
05:39:35 INFO     Scraping: 132 PDFs únicos | entregas: 68 | diretivos: 61
05:39:35 INFO     Baixando 132 PDFs únicos...
05:39:37 INFO     ✓ [  1/132] abin_ptd_anexo_de_entregas_assinado_pelo_orgao_ass   293.3KB
05:39:42 INFO     ✓ [  2/132] aeb_ptd_2025_2027_docdiretivo_aprovado_assinado-1_  1033.7KB
05:39:45 INFO     ✓ [  3/132] aeb_ptd_2025_2027_anexo_de_entregas_aprovado_assin   154.5KB
05:39:52 INFO     ✓ [  4/132] agu_ptd_2025_2027_docdiretivo_assinado_assinado_as  2860.3KB
05:39:55 INFO     ✓ [  5/132] agu_ptd_2025_2027_anexo_de_entregas_assinado_assin   525.5KB
05:39:58 INFO     ✓ [  6/132] ana_ptd_2025_2027_docdiretivo_assinado_assinado_as   477.2KB
05:40:01 INFO     ✓ [  7/132] ana_ptd_2025_2027_anexoentregas_assinado_assinado_   170.9KB
05:40:05 INFO     ✓ [  8/132] anac_ptd_2025_2026_docdiretivo_se_assinado_tarjado  1036.3KB
05:40:08 INFO     ✓ [  9/132] anac_ptd_2025_2026_anexo_de_entregas_se_assinado.p   215.2KB
05:40:12 INFO     ✓ [ 10/132] anatel_ptd_docdiretivo_assinado_2025_2026_assinado  1006.0KB
05:40:14 INFO     ✓ [ 11/132] anatel_ptd_2025_2026_anexo_de_entregas_do_ptd_publ    71.9KB
05:40:18 INFO     ✓ [ 12/132] ancine_ptd_2024_2026_docdiretivo_assinado-2_assina   961.8KB
05:40:22 INFO     ✓ [ 13/132] ancine_ptd_2024_2026_-_anexo_de_entregas_aprovado_   613.2KB
05:40:26 INFO     ✓ [ 14/132] ptd_aneel_2025-2027_docdiretivo_assinado_tarjado.p   779.6KB
05:40:28 INFO     ✓ [ 15/132] ptd_aneel_2025-2027_anexo_de_entregas_assinado.pdf   111.9KB
05:40:32 INFO     ✓ [ 16/132] anm_ptd_2025_2027_docdiretivo_assinadopeloorgao_ta  1092.5KB
05:40:37 INFO     ✓ [ 17/132] anm_ptd_2025_2027_anexo_entregas_assinadopeloorgao  1140.4KB
05:40:41 INFO     ✓ [ 18/132] anpd_ptd_2025_2027_docdiretivo_assinado_assinado_a  1044.3KB
05:40:43 INFO     ✓ [ 19/132] anpd_ptd_2025_2027_anexo_de_entregas_assinado_assi   166.5KB
05:40:47 INFO     ✓ [ 20/132] ans-plano_de_transformacao_digital_assinado-copia_  1023.4KB
05:40:50 INFO     ✓ [ 21/132] ans_ptd_2025_2026_anexo_de_entregas_assinado_assin   124.1KB
05:40:54 INFO     ✓ [ 22/132] antaq_ptd_2025_2027_docdiretivo_assinado_assinado_  1039.8KB
05:40:56 INFO     ✓ [ 23/132] antaq_ptd_2025_2027_anexoentregas_assinado_assinad   145.1KB
05:40:59 INFO     ✓ [ 24/132] mt_anexo_de_entregas_-_assinado_assinado_assinado_   143.6KB
05:41:11 INFO     ✓ [ 25/132] anvisa_ptd_docdiretivo_2025-2026_assinado_assinado  5771.2KB
05:41:13 INFO     ✓ [ 26/132] anvisa_ptd_anexo_de_entregas_2025_2026_assinado_as   239.0KB
05:41:17 INFO     ✓ [ 27/132] bcb_documento_diretivo_assinado_assinado_assinado-   713.7KB
05:41:19 INFO     ✓ [ 28/132] bcb_anexo_de_entregas_ptd_25_26-1_assinado_assinad   134.8KB
05:41:23 INFO     ✓ [ 29/132] cade_ptd_docdiretivo_2025_2026_assinado-2_assinado   810.4KB
05:41:26 INFO     ✓ [ 30/132] cade_ptd_anexo_de_entregas_2025_2026_assinado_copi   504.0KB
05:41:30 INFO     ✓ [ 31/132] mec_ptd_docdiretivo_2025-2026_sei_mec-5566673_copi   863.1KB
05:41:33 INFO     ✓ [ 32/132] mec_ptd_anexo-de-entregas_sei_mec-5576401_copia_ta   495.7KB
05:41:38 INFO     ✓ [ 33/132] mec_ptd_docdiretivo-versao-comunicacao_copia_tarja  1616.5KB
05:41:41 INFO     ✓ [ 34/132] md_ptd_2026_2027_anexo_de_entregas_assinado_assina   579.4KB
05:41:44 INFO     ✓ [ 35/132] md_ptd_2026_2027_anexo_de_entregas_assinado_assina   186.8KB
05:41:48 INFO     ✓ [ 36/132] md_ptd_temp_copia_tarjada.pdf                        741.9KB
05:41:52 INFO     ✓ [ 37/132] cgu_ptd_docdiretivo_assinado_assinado_assinado-cop  1085.4KB
05:41:55 INFO     ✓ [ 38/132] cgu_ptd_anexo_de_entregas_pactuadas_assinado_assin   514.1KB
05:41:58 INFO     ✓ [ 39/132] cnpq_ptd_2025_2027_docdiretivo_assinado_assinado_a   342.9KB
05:42:00 INFO     ✓ [ 40/132] cnpq_ptd_2025_2027_anexo_de_entregas_assinado_assi   136.1KB
05:42:05 INFO     ✓ [ 41/132] coaf_ptd_2025_2026_documento_diretivo_assinado_ass  1068.0KB
05:42:12 INFO     ✓ [ 42/132] coaf_ptd_2025_2026_anexo_de_entregas-2_assinado_as  3184.5KB
05:42:21 INFO     ✓ [ 43/132] ptd_midr-docdiretivo_aprovado_assinado_tarjado.pdf  3864.1KB
05:42:25 INFO     ✓ [ 44/132] ptd_midr_-_anexo_de_entregas_-_aprovado_assinado.p  1122.0KB
05:42:29 INFO     ✓ [ 45/132] mda-documento-diretivo-assinado_ptd-2025-207-copia   955.8KB
05:42:32 INFO     ✓ [ 46/132] cvm_ptd_2025_2027_docdiretivo_assinado_assinado_as   270.5KB
05:42:35 INFO     ✓ [ 47/132] cvm_ptd_2025_2027_anexoentregas_assinado_assinado_   409.0KB
05:42:39 INFO     ✓ [ 48/132] dnocs_ptd_doc_diretivo_2025_2026_assinado_orgao-2_   891.1KB
05:42:41 INFO     ✓ [ 49/132] dnocs_anexo_de_entregas_repactuado_2025_2026_assin   272.3KB
05:42:49 INFO     ✓ [ 50/132] fbn_ptd_2025_2027_docdiretivo_assinado-1_tarjado.p  2921.6KB
05:42:51 INFO     ✓ [ 51/132] fbn_ptd_2025_2027_anexo_de_entregas_assinado-1.pdf   162.3KB
05:42:56 INFO     ✓ [ 52/132] fcp_ptd_2025_2027_docdiretivo_assinado-1_tarjado.p  1612.0KB
05:42:59 INFO     ✓ [ 53/132] fcp_ptd_2025_2027_anexo_de_entregas_assinado-1.pdf   118.8KB
05:43:03 INFO     ✓ [ 54/132] fcrb_ptd_2025_2026_docdiretivo_aprovado_assinado-1   998.2KB
05:43:05 INFO     ✓ [ 55/132] fcrb_ptd_2025_2026_anexo_de_entregas_aprovado_assi   313.5KB
05:43:10 INFO     ✓ [ 56/132] fiocruz_novo-ptd_2-1_docdiretivo_repactuacao_2024-  1318.1KB
05:43:13 INFO     ✓ [ 57/132] fiocruz_ptd_anexo_de_entregas_assinado_v1_assinado   257.1KB
05:43:18 INFO     ✓ [ 58/132] fiocruz-ptd-06_2024-copia_tarjada.pdf               1693.8KB
05:43:23 INFO     ✓ [ 59/132] funai_ptd_2025_2027_docdiretivo_assinado-1_tarjado  1842.1KB
05:43:27 INFO     ✓ [ 60/132] funai_anexo_de_entregas_repactuado_2026_2027_assin   435.7KB
05:43:30 INFO     ✓ [ 61/132] funarte_ptd_docdiretivo_assinado_21_01_2025_assina   965.7KB
05:43:34 INFO     ✓ [ 62/132] funarte_ptd_anexo_de_entregas_assinado_v1_assinado   683.6KB
05:43:38 INFO     ✓ [ 63/132] fundacentro_ptd_2025_2027_docdiretivo_assinado_ass   826.6KB
05:43:41 INFO     ✓ [ 64/132] fundacentro_ptd_2025_2027_anexo_de_entregas_assina   635.5KB
05:43:45 INFO     ✓ [ 65/132] mma_ptd_docdiretivo_assinado_2025_2026-1_assinado_   949.3KB
05:43:47 INFO     ✓ [ 66/132] mma_ptd_anexo_de_entregas_aprovado_final_assinado_   174.8KB
05:43:52 INFO     ✓ [ 67/132] ibge_docdiretivo_2025_assinado_assinado_assinado-c  1167.3KB
05:43:54 INFO     ✓ [ 68/132] ibge_ptd_25_26_anexo_de_entregas_modelo_v2-1_assin   143.7KB
05:44:08 INFO     ✓ [ 69/132] incra_ptd_docdiretivo__assinado-1_assinado_assinad  7182.0KB
05:44:14 INFO     ✓ [ 70/132] incra_anexo_de_entregas_assinado-1_assinado_assina  1818.6KB
05:44:22 INFO     ✓ [ 71/132] inpi_ptd_docdiretivo_assinado_2025_2026_assinado_a  3322.4KB
05:44:29 INFO     ✓ [ 72/132] inpi_ptd_anexo_de_entregas_assinado_v1_assinado_as  3078.1KB
05:44:33 INFO     ✓ [ 73/132] inss_ptd_2025_2027_docdiretivo-assinado-copia_tarj  1173.3KB
05:44:35 INFO     ✓ [ 74/132] inss_ptd_2025_2027_anexo_de_entregas-assinado-copi   110.8KB
05:44:39 INFO     ✓ [ 75/132] iphan_ptd_docdiretivo_assinado_2025_2026_assinado_   885.7KB
05:44:42 INFO     ✓ [ 76/132] iphan_ptd_anexo_de_entregas_assinado_v1_assinado_a   310.9KB
05:44:52 INFO     ✓ [ 77/132] iti_doc_diretivo_assinado-1_tarjado.pdf             4905.1KB
05:44:55 INFO     ✓ [ 78/132] iti_anexo_de_entregas_assinado.pdf                   556.4KB
05:45:00 INFO     ✓ [ 79/132] mapa_ptd_2025_2027_docdiretivo_assinado-1_tarjado.  1740.9KB
05:45:03 INFO     ✓ [ 80/132] mapa_ptd_2025_2027_anexo_de_entregas_assinado-1.pd   261.9KB
05:45:12 INFO     ✓ [ 81/132] documento-diretivo-mcom-_-ptd-25_27-copia_tarjada.  4451.9KB
05:45:17 INFO     ✓ [ 82/132] anexo-de-entregas-mcom_ptd-25_27-copia_tarjada.pdf  1213.8KB
05:45:24 INFO     ✓ [ 83/132] ptd_21_24_mcom-copia_tarjada.pdf                    3040.7KB
05:45:28 INFO     ✓ [ 84/132] mcti_ptd_2025-2027_docdiretivo_assinado-copia_tarj  1030.7KB
05:45:30 INFO     ✓ [ 85/132] mcti_ptd_2025-2027_anexo-de-entregas_assinado-copi   145.8KB
05:45:33 INFO     ✓ [ 86/132] mda-anexo-entregas-assinado_ptd-2025-2027-copia-ta   284.6KB
05:45:37 INFO     ✓ [ 87/132] mdhc_ptd_2025_2027_docdiretivo_assinado_assinado_a   753.4KB
05:45:39 INFO     ✓ [ 88/132] mdhc_ptd_2025_2027_anexoentregas_assinado_assinado   186.8KB
05:45:42 INFO     ✓ [ 89/132] mdic_ptd_anexo_de_entregas_assinado_v1_assinado_as   176.6KB
05:45:46 INFO     ✓ [ 90/132] memp_ptd_2025_2026_docdiretivo_assinado_assinado_a  1030.1KB
05:45:49 INFO     ✓ [ 91/132] memp_ptd_2025_2026_anexo_de_entregas_assinado_assi   161.5KB
05:45:53 INFO     ✓ [ 92/132] mesp_ptd_2025_2027_docdiretivo_assinado_assinado_2  1147.7KB
05:45:55 INFO     ✓ [ 93/132] mesp_ptd_2025_2027_anexo_de_entregas_assinado_assi   226.6KB
05:45:59 INFO     ✓ [ 94/132] mf_ptd_2026_2027_documentodiretivo_assinado_assina   955.1KB
05:46:02 INFO     ✓ [ 95/132] mf_ptd_2026_2027_anexo_de_entregas_1_mf_se_assinad   241.2KB
05:46:05 INFO     ✓ [ 96/132] mgi_ptd_2025_2027_docdiretivo_assinado_assinado_as   375.2KB
05:46:08 INFO     ✓ [ 97/132] mgi_ptd_2025_2027_anexo_de_entregas_assinado_assin   256.1KB
05:46:12 INFO     ✓ [ 98/132] minc_ptd_2025_2027_docdiretivo_assinado-1_assinado   863.6KB
05:46:15 INFO     ✓ [ 99/132] minc_ptd_2025_2027_anexo_de_entregas_assinado-1_as   276.7KB
05:46:19 INFO     ✓ [100/132] mjsp_ptd_docdiretivo_assinado_2025_2026_assinado_a   954.0KB
05:46:22 INFO     ✓ [101/132] mjsp_ptd_anexo_de_entregas_assinado_v1_assinado_as   253.9KB
05:46:26 INFO     ✓ [102/132] mme_ptd_2025_2027_docdiretivo_assinado-copia_tarja   664.5KB
05:46:28 INFO     ✓ [103/132] mme_ptd_2025_2027_anexo_de_entregas_assinado__1_-c   111.1KB
05:46:33 INFO     ✓ [104/132] mmulheres_ptd_2025_2027_docdiretivo_assinado_assin  1078.3KB
05:46:35 INFO     ✓ [105/132] mmulheres_ptd_2025_2027_anexo_de_entregas_assinado   216.9KB
05:46:39 INFO     ✓ [106/132] mpi_ptd_2025_2027_docdiretivo_ministerio_dos_povos   947.9KB
05:46:42 INFO     ✓ [107/132] mpi_ptd_anexo_de_entregas_do_plano_de_tranformacao   191.9KB
05:46:45 INFO     ✓ [108/132] mpo_ptd_docdiretivo_assinado_2025_2026_assinado_as   806.3KB
05:46:48 INFO     ✓ [109/132] mpo_ptd_anexo_de_entregas_assinado_v1_assinado_ass   323.2KB
05:46:52 INFO     ✓ [110/132] mpor_ptd_2025_2027_docdiretivo_assinado_assinado_a   876.5KB
05:46:55 INFO     ✓ [111/132] mpor_ptd_2025_2027_anexo_de_entregas_assinado_assi   175.1KB
05:46:59 INFO     ✓ [112/132] mps_ptd_2025-2026_docdiretivo_final_assinado-1_ass  1024.4KB
05:47:01 INFO     ✓ [113/132] mps_ptd_2025-2026_anexo_de_entregas_final_assinado   165.0KB
05:47:05 INFO     ✓ [114/132] mre_ptd_docdiretivo_assinado_2025_2026_assinado_as   760.9KB
05:47:08 INFO     ✓ [115/132] mre_ptd_anexo_de_entregas_assinado_v1_assinado_ass   233.2KB
05:47:12 INFO     ✓ [116/132] mte_ptd_2025_2026_docdiretivo_assinado_assinado_as   729.6KB
05:47:15 INFO     ✓ [117/132] mte_ptd_anexo_de_entregas_assinado_v1__281_29_assi   459.5KB
05:47:19 INFO     ✓ [118/132] mtur_ptd_docdiretiv_assinado_30_01_2025_assinado_a  1050.4KB
05:47:21 INFO     ✓ [119/132] mtur_ptd_anexo_de_entregas_assinado_30_01_2025_ass   118.8KB
05:47:25 INFO     ✓ [120/132] pf_ptd_docdiretivo_2025_2027_assinado-copia_tarjad   964.3KB
05:47:27 INFO     ✓ [121/132] pf_ptd_anexo_de_entregas_2025_2027_assinado-copia_    62.5KB
05:47:31 INFO     ✓ [122/132] mf_ptd_2026_2027_anexo_de_entregas_4_mf_pgfn_assin   466.8KB
05:47:44 INFO     ✓ [123/132] previc_plano_de_transformacao_digital_2025_2026_29  6652.7KB
05:47:46 INFO     ✓ [124/132] previc_ptd_repactuacao_2025-2026_assinado_assinado   182.9KB
05:47:50 INFO     ✓ [125/132] prf_documentodiretivo_ptd_2026-2027_assinado_tarja   535.9KB
05:47:52 INFO     ✓ [126/132] prf_anexo_de_entregas_do_ptd__2026_2027___ptd___en   157.7KB
05:47:55 INFO     ✓ [127/132] mf_ptd_2026_2027_anexo_de_entregas_2_mf_rfb_assina   253.7KB
05:47:59 INFO     ✓ [128/132] sgpr_ptd_2026_2027_docdiretivo_assinado-copia_tarj   791.2KB
05:48:03 INFO     ✓ [129/132] sgpr_ptd_2025_2027_anexo_de_entregas_assinado-copi   897.9KB
05:48:06 INFO     ✓ [130/132] mf_ptd_2026_2027_anexo_de_entregas_3_mf_stn_assina   467.8KB
05:48:10 INFO     ✓ [131/132] susep_ptd_2025_2027_docdiretivo-assinado-copia_tar  1030.1KB
05:48:12 INFO     ✓ [132/132] susep_ptd_2025-2026_anexo_de_entregas_final_assina   221.9KB
05:48:14 INFO     132 OK | 0 erros | 123.3 MB total
05:48:19 INFO     Sanity: 132 PDFs | 113 texto | 19 imagem/OCR | 0 duplicatas
05:48:19 INFO     --siglas (debug): 15 PDFs de ['AGU', 'FIOCRUZ', 'FUNAI', 'FUNDACENTRO', 'INCRA', 'ITI', 'MCOM', 'SGPR']
05:48:19 INFO     DocumentConverter instanciado (singleton × 2: plain + OCR)
05:48:19 INFO     [1/15] → agu_ptd_2025_2027_anexo_de_entregas_assinado_assinado_assinado-copia_tarjada.pdf
05:48:19 INFO     detected formats: [<InputFormat.PDF: 'pdf'>]
05:48:19 INFO     Going to convert document batch...
05:48:19 INFO     Initializing pipeline for StandardPdfPipeline with options hash bc6794697da537796efc497178f9263f
05:48:19 INFO     Loading plugin 'docling_defaults'
05:48:19 INFO     Registered picture descriptions: ['picture_description_vlm_engine', 'vlm', 'api']
05:48:19 INFO     Loading plugin 'docling_defaults'
05:48:19 INFO     Registered ocr engines: ['auto', 'easyocr', 'kserve_v2_ocr', 'ocrmac', 'rapidocr', 'tesserocr', 'tesseract']
05:48:20 INFO     command: tesseract --list-langs
05:48:20 INFO     Loading plugin 'docling_defaults'
05:48:20 INFO     Registered layout engines: ['layout_object_detection', 'docling_layout_default', 'docling_experimental_table_crops_layout']
05:48:20 INFO     Accelerator device: 'cpu'
05:48:20 INFO     HTTP Request: GET https://huggingface.co/api/models/docling-project/docling-layout-heron/revision/main "HTTP/1.1 200 OK"
05:48:20 INFO     HTTP Request: HEAD https://huggingface.co/docling-project/docling-layout-heron/resolve/8f39ad3c0b4c58e9c2d2c84a38465abf757272d8/README.md "HTTP/1.1 307 Temporary Redirect"
05:48:20 WARNING  Warning: You are sending unauthenticated requests to the HF Hub. Please set a HF_TOKEN to enable higher rate limits and faster downloads.
05:48:20 INFO     HTTP Request: HEAD https://huggingface.co/api/resolve-cache/models/docling-project/docling-layout-heron/8f39ad3c0b4c58e9c2d2c84a38465abf757272d8/README.md "HTTP/1.1 200 OK"
05:48:20 INFO     HTTP Request: HEAD https://huggingface.co/docling-project/docling-layout-heron/resolve/8f39ad3c0b4c58e9c2d2c84a38465abf757272d8/.gitattributes "HTTP/1.1 307 Temporary Redirect"
05:48:20 INFO     HTTP Request: HEAD https://huggingface.co/docling-project/docling-layout-heron/resolve/8f39ad3c0b4c58e9c2d2c84a38465abf757272d8/config.json "HTTP/1.1 307 Temporary Redirect"
05:48:20 INFO     HTTP Request: HEAD https://huggingface.co/docling-project/docling-layout-heron/resolve/8f39ad3c0b4c58e9c2d2c84a38465abf757272d8/docling_heron_400.png "HTTP/1.1 307 Temporary Redirect"
05:48:20 INFO     HTTP Request: GET https://huggingface.co/api/resolve-cache/models/docling-project/docling-layout-heron/8f39ad3c0b4c58e9c2d2c84a38465abf757272d8/README.md "HTTP/1.1 200 OK"
05:48:20 INFO     HTTP Request: HEAD https://huggingface.co/docling-project/docling-layout-heron/resolve/8f39ad3c0b4c58e9c2d2c84a38465abf757272d8/model.safetensors "HTTP/1.1 302 Found"
05:48:20 INFO     HTTP Request: HEAD https://huggingface.co/docling-project/docling-layout-heron/resolve/8f39ad3c0b4c58e9c2d2c84a38465abf757272d8/preprocessor_config.json "HTTP/1.1 307 Temporary Redirect"
05:48:20 INFO     HTTP Request: HEAD https://huggingface.co/api/resolve-cache/models/docling-project/docling-layout-heron/8f39ad3c0b4c58e9c2d2c84a38465abf757272d8/.gitattributes "HTTP/1.1 200 OK"
05:48:20 INFO     HTTP Request: HEAD https://huggingface.co/api/resolve-cache/models/docling-project/docling-layout-heron/8f39ad3c0b4c58e9c2d2c84a38465abf757272d8/config.json "HTTP/1.1 200 OK"
05:48:20 INFO     HTTP Request: HEAD https://huggingface.co/api/resolve-cache/models/docling-project/docling-layout-heron/8f39ad3c0b4c58e9c2d2c84a38465abf757272d8/docling_heron_400.png "HTTP/1.1 200 OK"
05:48:20 INFO     HTTP Request: HEAD https://huggingface.co/api/resolve-cache/models/docling-project/docling-layout-heron/8f39ad3c0b4c58e9c2d2c84a38465abf757272d8/preprocessor_config.json "HTTP/1.1 200 OK"
05:48:20 INFO     HTTP Request: GET https://huggingface.co/api/resolve-cache/models/docling-project/docling-layout-heron/8f39ad3c0b4c58e9c2d2c84a38465abf757272d8/.gitattributes "HTTP/1.1 200 OK"
05:48:20 INFO     HTTP Request: GET https://huggingface.co/api/resolve-cache/models/docling-project/docling-layout-heron/8f39ad3c0b4c58e9c2d2c84a38465abf757272d8/config.json "HTTP/1.1 200 OK"
05:48:20 INFO     HTTP Request: GET https://huggingface.co/api/resolve-cache/models/docling-project/docling-layout-heron/8f39ad3c0b4c58e9c2d2c84a38465abf757272d8/preprocessor_config.json "HTTP/1.1 200 OK"
05:48:20 INFO     HTTP Request: GET https://huggingface.co/api/resolve-cache/models/docling-project/docling-layout-heron/8f39ad3c0b4c58e9c2d2c84a38465abf757272d8/docling_heron_400.png "HTTP/1.1 200 OK"
05:48:20 INFO     HTTP Request: GET https://huggingface.co/api/models/docling-project/docling-layout-heron/xet-read-token/8f39ad3c0b4c58e9c2d2c84a38465abf757272d8 "HTTP/1.1 200 OK"
05:48:22 INFO     Loading plugin 'docling_defaults'
05:48:22 INFO     Registered table structure engines: ['docling_tableformer', 'docling_tableformer_v2']
05:48:22 INFO     HTTP Request: GET https://huggingface.co/api/models/docling-project/docling-models/revision/v2.3.0 "HTTP/1.1 200 OK"
05:48:22 INFO     HTTP Request: HEAD https://huggingface.co/docling-project/docling-models/resolve/fc0f2d45e2218ea24bce5045f58a389aed16dc23/.gitattributes "HTTP/1.1 307 Temporary Redirect"
05:48:22 INFO     HTTP Request: HEAD https://huggingface.co/docling-project/docling-models/resolve/fc0f2d45e2218ea24bce5045f58a389aed16dc23/config.json "HTTP/1.1 307 Temporary Redirect"
05:48:22 INFO     HTTP Request: HEAD https://huggingface.co/docling-project/docling-models/resolve/fc0f2d45e2218ea24bce5045f58a389aed16dc23/README.md "HTTP/1.1 307 Temporary Redirect"
05:48:22 INFO     HTTP Request: HEAD https://huggingface.co/docling-project/docling-models/resolve/fc0f2d45e2218ea24bce5045f58a389aed16dc23/model_artifacts/tableformer/accurate/tm_config.json "HTTP/1.1 307 Temporary Redirect"
05:48:22 INFO     HTTP Request: HEAD https://huggingface.co/docling-project/docling-models/resolve/fc0f2d45e2218ea24bce5045f58a389aed16dc23/model_artifacts/tableformer/accurate/tableformer_accurate.safetensors "HTTP/1.1 302 Found"
05:48:22 INFO     HTTP Request: HEAD https://huggingface.co/api/resolve-cache/models/docling-project/docling-models/fc0f2d45e2218ea24bce5045f58a389aed16dc23/config.json "HTTP/1.1 200 OK"
05:48:22 INFO     HTTP Request: HEAD https://huggingface.co/api/resolve-cache/models/docling-project/docling-models/fc0f2d45e2218ea24bce5045f58a389aed16dc23/README.md "HTTP/1.1 200 OK"
05:48:22 INFO     HTTP Request: HEAD https://huggingface.co/api/resolve-cache/models/docling-project/docling-models/fc0f2d45e2218ea24bce5045f58a389aed16dc23/.gitattributes "HTTP/1.1 200 OK"
05:48:22 INFO     HTTP Request: HEAD https://huggingface.co/api/resolve-cache/models/docling-project/docling-models/fc0f2d45e2218ea24bce5045f58a389aed16dc23/model_artifacts%2Ftableformer%2Faccurate%2Ftm_config.json "HTTP/1.1 200 OK"
05:48:22 INFO     HTTP Request: HEAD https://huggingface.co/docling-project/docling-models/resolve/fc0f2d45e2218ea24bce5045f58a389aed16dc23/model_artifacts/tableformer/fast/tm_config.json "HTTP/1.1 307 Temporary Redirect"
05:48:22 INFO     HTTP Request: HEAD https://huggingface.co/docling-project/docling-models/resolve/fc0f2d45e2218ea24bce5045f58a389aed16dc23/model_artifacts/tableformer/fast/tableformer_fast.safetensors "HTTP/1.1 302 Found"
05:48:22 INFO     HTTP Request: HEAD https://huggingface.co/api/resolve-cache/models/docling-project/docling-models/fc0f2d45e2218ea24bce5045f58a389aed16dc23/model_artifacts%2Ftableformer%2Ffast%2Ftm_config.json "HTTP/1.1 200 OK"
05:48:22 INFO     HTTP Request: GET https://huggingface.co/api/resolve-cache/models/docling-project/docling-models/fc0f2d45e2218ea24bce5045f58a389aed16dc23/config.json "HTTP/1.1 200 OK"
05:48:22 INFO     HTTP Request: GET https://huggingface.co/api/resolve-cache/models/docling-project/docling-models/fc0f2d45e2218ea24bce5045f58a389aed16dc23/.gitattributes "HTTP/1.1 200 OK"
05:48:22 INFO     HTTP Request: GET https://huggingface.co/api/resolve-cache/models/docling-project/docling-models/fc0f2d45e2218ea24bce5045f58a389aed16dc23/model_artifacts%2Ftableformer%2Faccurate%2Ftm_config.json "HTTP/1.1 200 OK"
05:48:22 INFO     HTTP Request: GET https://huggingface.co/api/resolve-cache/models/docling-project/docling-models/fc0f2d45e2218ea24bce5045f58a389aed16dc23/README.md "HTTP/1.1 200 OK"
05:48:22 INFO     HTTP Request: GET https://huggingface.co/api/resolve-cache/models/docling-project/docling-models/fc0f2d45e2218ea24bce5045f58a389aed16dc23/model_artifacts%2Ftableformer%2Ffast%2Ftm_config.json "HTTP/1.1 200 OK"
05:48:22 INFO     HTTP Request: HEAD https://huggingface.co/docling-project/docling-models/resolve/fc0f2d45e2218ea24bce5045f58a389aed16dc23/.gitignore "HTTP/1.1 307 Temporary Redirect"
05:48:22 INFO     HTTP Request: HEAD https://huggingface.co/api/resolve-cache/models/docling-project/docling-models/fc0f2d45e2218ea24bce5045f58a389aed16dc23/.gitignore "HTTP/1.1 200 OK"
05:48:22 INFO     HTTP Request: GET https://huggingface.co/api/resolve-cache/models/docling-project/docling-models/fc0f2d45e2218ea24bce5045f58a389aed16dc23/.gitignore "HTTP/1.1 200 OK"
05:48:22 INFO     HTTP Request: GET https://huggingface.co/api/models/docling-project/docling-models/xet-read-token/fc0f2d45e2218ea24bce5045f58a389aed16dc23 "HTTP/1.1 200 OK"
05:48:22 INFO     HTTP Request: GET https://huggingface.co/api/models/docling-project/docling-models/xet-read-token/fc0f2d45e2218ea24bce5045f58a389aed16dc23 "HTTP/1.1 200 OK"
05:48:24 INFO     Accelerator device: 'cpu'
05:48:24 INFO     Processing document agu_ptd_2025_2027_anexo_de_entregas_assinado_assinado_assinado-copia_tarjada.pdf
05:48:25 INFO     command: tesseract --psm 0 -l osd /tmp/tmpuw0ysuzq.png stdout
05:48:25 INFO     command: tesseract -l por /tmp/tmpuw0ysuzq.png stdout tsv
05:48:28 INFO     command: tesseract --psm 0 -l osd /tmp/tmp2izsknbm.png stdout
05:48:29 INFO     command: tesseract -l por /tmp/tmp2izsknbm.png stdout tsv
05:48:49 INFO     Finished converting document agu_ptd_2025_2027_anexo_de_entregas_assinado_assinado_assinado-copia_tarjada.pdf in 29.23 sec.
05:48:49 INFO       pixel_budget (Docling) agu_ptd_2025_2027_anexo_de_entregas_assinado_assinado_assinado-copia_tarjada.pdf: 45.8% (área tabelas/1001817 px²)
05:48:49 INFO     [1/15] ✓ AGU       :   33 entregas | 29.2s | ETA ~6min
05:48:49 INFO     [2/15] → agu_ptd_2025_2027_docdiretivo_assinado_assinado_assinado-copia_tarjada.pdf
05:48:49 INFO     detected formats: [<InputFormat.PDF: 'pdf'>]
05:48:49 INFO     Going to convert document batch...
05:48:49 INFO     Processing document agu_ptd_2025_2027_docdiretivo_assinado_assinado_assinado-copia_tarjada.pdf
05:48:49 INFO     command: tesseract --psm 0 -l osd /tmp/tmpsb48pq4z.png stdout
05:48:50 INFO     command: tesseract -l por /tmp/tmpsb48pq4z.png stdout tsv
05:48:52 INFO     command: tesseract --psm 0 -l osd /tmp/tmp2u_8r_sm.png stdout
05:48:54 INFO     command: tesseract -l por /tmp/tmp2u_8r_sm.png stdout tsv
05:48:56 INFO     command: tesseract --psm 0 -l osd /tmp/tmprobtvhlo.png stdout
05:48:57 INFO     command: tesseract -l por /tmp/tmprobtvhlo.png stdout tsv
05:49:00 INFO     command: tesseract --psm 0 -l osd /tmp/tmpihmdfngx.png stdout
05:49:00 INFO     command: tesseract -l por /tmp/tmpihmdfngx.png stdout tsv
05:49:02 INFO     command: tesseract --psm 0 -l osd /tmp/tmpm3v6zpi0.png stdout
05:49:03 INFO     command: tesseract -l por /tmp/tmpm3v6zpi0.png stdout tsv
05:49:05 INFO     command: tesseract --psm 0 -l osd /tmp/tmp7bewa47a.png stdout
05:49:07 INFO     command: tesseract -l por /tmp/tmp7bewa47a.png stdout tsv
05:49:17 INFO     command: tesseract --psm 0 -l osd /tmp/tmp02cxxx3p.png stdout
05:49:18 INFO     command: tesseract -l por /tmp/tmp02cxxx3p.png stdout tsv
05:49:20 INFO     command: tesseract --psm 0 -l osd /tmp/tmpi797dnt5.png stdout
05:49:21 INFO     command: tesseract -l por /tmp/tmpi797dnt5.png stdout tsv
05:49:23 INFO     command: tesseract --psm 0 -l osd /tmp/tmp7x7uf28z.png stdout
05:49:24 INFO     command: tesseract -l por /tmp/tmp7x7uf28z.png stdout tsv
05:49:26 INFO     command: tesseract --psm 0 -l osd /tmp/tmptjtpwguo.png stdout
05:49:28 INFO     command: tesseract -l por /tmp/tmptjtpwguo.png stdout tsv
05:49:44 INFO     command: tesseract --psm 0 -l osd /tmp/tmp_3dkgcu_.png stdout
05:49:44 INFO     command: tesseract -l por /tmp/tmp_3dkgcu_.png stdout tsv
05:49:48 INFO     Finished converting document agu_ptd_2025_2027_docdiretivo_assinado_assinado_assinado-copia_tarjada.pdf in 59.22 sec.
05:49:48 INFO       pixel_budget (Docling) agu_ptd_2025_2027_docdiretivo_assinado_assinado_assinado-copia_tarjada.pdf: 2.1% (área tabelas/5513330 px²)
05:49:48 INFO     [2/15] ✓ AGU       :    6 entregas | 59.2s | ETA ~9min
05:49:48 INFO     [3/15] → anexo-de-entregas-mcom_ptd-25_27-copia_tarjada.pdf
05:49:48 INFO     detected formats: [<InputFormat.PDF: 'pdf'>]
05:49:48 INFO     Going to convert document batch...
05:49:48 INFO     Processing document anexo-de-entregas-mcom_ptd-25_27-copia_tarjada.pdf
05:49:49 INFO     command: tesseract --psm 0 -l osd /tmp/tmpcqodz_p0.png stdout
05:49:50 INFO     command: tesseract -l por /tmp/tmpcqodz_p0.png stdout tsv
05:49:53 INFO     command: tesseract --psm 0 -l osd /tmp/tmpenvlgw1o.png stdout
05:49:54 INFO     command: tesseract -l por /tmp/tmpenvlgw1o.png stdout tsv
05:50:05 INFO     command: tesseract --psm 0 -l osd /tmp/tmphyu7331c.png stdout
05:50:05 INFO     command: tesseract -l por /tmp/tmphyu7331c.png stdout tsv
05:50:26 INFO     Finished converting document anexo-de-entregas-mcom_ptd-25_27-copia_tarjada.pdf in 37.97 sec.
05:50:26 INFO       pixel_budget (Docling) anexo-de-entregas-mcom_ptd-25_27-copia_tarjada.pdf: 55.2% (área tabelas/1503636 px²)
05:50:26 INFO     [3/15] ✓ MCOM      :   55 entregas | 38.0s | ETA ~8min
05:50:26 INFO     [4/15] → documento-diretivo-mcom-_-ptd-25_27-copia_tarjada.pdf
05:50:26 INFO     detected formats: [<InputFormat.PDF: 'pdf'>]
05:50:26 INFO     Going to convert document batch...
05:50:26 INFO     Processing document documento-diretivo-mcom-_-ptd-25_27-copia_tarjada.pdf
05:50:27 INFO     command: tesseract --psm 0 -l osd /tmp/tmp8sjbiqeh.png stdout
05:50:27 INFO     command: tesseract -l por /tmp/tmp8sjbiqeh.png stdout tsv
05:50:30 INFO     command: tesseract --psm 0 -l osd /tmp/tmptn0itfd2.png stdout
05:50:31 INFO     command: tesseract -l por /tmp/tmptn0itfd2.png stdout tsv
05:50:36 INFO     command: tesseract --psm 0 -l osd /tmp/tmpij92rssi.png stdout
05:50:37 INFO     command: tesseract -l por /tmp/tmpij92rssi.png stdout tsv
05:50:38 INFO     command: tesseract --psm 0 -l osd /tmp/tmp0g6oqoop.png stdout
05:50:39 INFO     command: tesseract -l por /tmp/tmp0g6oqoop.png stdout tsv
05:50:41 INFO     command: tesseract --psm 0 -l osd /tmp/tmpmshx99qi.png stdout
05:50:41 INFO     command: tesseract -l por /tmp/tmpmshx99qi.png stdout tsv
05:50:44 INFO     command: tesseract --psm 0 -l osd /tmp/tmpdf_u9l96.png stdout
05:50:45 INFO     command: tesseract -l por /tmp/tmpdf_u9l96.png stdout tsv
05:50:59 INFO     command: tesseract --psm 0 -l osd /tmp/tmpum5r6qxc.png stdout
05:51:00 INFO     command: tesseract -l por /tmp/tmpum5r6qxc.png stdout tsv
05:51:02 INFO     command: tesseract --psm 0 -l osd /tmp/tmpi4u27wrl.png stdout
05:51:03 INFO     command: tesseract -l por /tmp/tmpi4u27wrl.png stdout tsv
05:51:05 INFO     command: tesseract --psm 0 -l osd /tmp/tmp22a71s_y.png stdout
05:51:06 INFO     command: tesseract -l por /tmp/tmp22a71s_y.png stdout tsv
05:51:08 INFO     command: tesseract --psm 0 -l osd /tmp/tmpv0427y1t.png stdout
05:51:09 INFO     command: tesseract -l por /tmp/tmpv0427y1t.png stdout tsv
05:51:16 INFO     command: tesseract --psm 0 -l osd /tmp/tmp_8fix0_f.png stdout
05:51:17 INFO     command: tesseract -l por /tmp/tmp_8fix0_f.png stdout tsv
05:51:20 INFO     command: tesseract --psm 0 -l osd /tmp/tmpr_6azji5.png stdout
05:51:21 INFO     command: tesseract -l por /tmp/tmpr_6azji5.png stdout tsv
05:51:23 INFO     command: tesseract --psm 0 -l osd /tmp/tmpjhi8j3g5.png stdout
05:51:24 INFO     command: tesseract -l por /tmp/tmpjhi8j3g5.png stdout tsv
05:51:26 INFO     command: tesseract --psm 0 -l osd /tmp/tmpyum03b2o.png stdout
05:51:27 INFO     command: tesseract -l por /tmp/tmpyum03b2o.png stdout tsv
05:51:32 INFO     Finished converting document documento-diretivo-mcom-_-ptd-25_27-copia_tarjada.pdf in 66.56 sec.
05:51:33 INFO       pixel_budget (Docling) documento-diretivo-mcom-_-ptd-25_27-copia_tarjada.pdf: 10.8% (área tabelas/7016966 px²)
05:51:33 WARNING  [4/15] ⚠ MCOM      :    0 entregas | 66.6s | ETA ~8min
05:51:33 INFO     [5/15] → fiocruz-ptd-06_2024-copia_tarjada.pdf
05:51:33 INFO     detected formats: [<InputFormat.PDF: 'pdf'>]
05:51:33 INFO     Going to convert document batch...
05:51:33 INFO     Initializing pipeline for StandardPdfPipeline with options hash d18651824ca6fe56cf3ccb20424ac2c8
05:51:33 INFO     Accelerator device: 'cpu'
05:51:33 INFO     HTTP Request: GET https://huggingface.co/api/models/docling-project/docling-layout-heron/revision/main "HTTP/1.1 200 OK"
05:51:33 INFO     HTTP Request: GET https://huggingface.co/api/models/docling-project/docling-models/revision/v2.3.0 "HTTP/1.1 200 OK"
05:51:33 INFO     Accelerator device: 'cpu'
05:51:34 INFO     Processing document fiocruz-ptd-06_2024-copia_tarjada.pdf
05:52:42 INFO     Finished converting document fiocruz-ptd-06_2024-copia_tarjada.pdf in 69.85 sec.
05:52:42 INFO       pixel_budget (Docling) fiocruz-ptd-06_2024-copia_tarjada.pdf: 36.4% (área tabelas/7518178 px²)
05:52:42 WARNING  [5/15] ⚠ FIOCRUZ   :    0 entregas | 69.9s | ETA ~8min
05:52:42 INFO     [6/15] → fiocruz_novo-ptd_2-1_docdiretivo_repactuacao_2024-2026_assinado_assinado-copia_tarjada.pdf
05:52:42 INFO     detected formats: [<InputFormat.PDF: 'pdf'>]
05:52:42 INFO     Going to convert document batch...
05:52:42 INFO     Processing document fiocruz_novo-ptd_2-1_docdiretivo_repactuacao_2024-2026_assinado_assinado-copia_tarjada.pdf
05:53:01 INFO     Finished converting document fiocruz_novo-ptd_2-1_docdiretivo_repactuacao_2024-2026_assinado_assinado-copia_tarjada.pdf in 18.32 sec.
05:53:01 INFO       pixel_budget (Docling) fiocruz_novo-ptd_2-1_docdiretivo_repactuacao_2024-2026_assinado_assinado-copia_tarjada.pdf: 11.3% (área tabelas/5012118 px²)
05:53:01 WARNING  [6/15] ⚠ FIOCRUZ   :    0 entregas | 18.3s | ETA ~7min
05:53:01 INFO     [7/15] → fiocruz_ptd_anexo_de_entregas_assinado_v1_assinado_assinado-1-copia_tarjada.pdf
05:53:01 INFO     detected formats: [<InputFormat.PDF: 'pdf'>]
05:53:01 INFO     Going to convert document batch...
05:53:01 INFO     Processing document fiocruz_ptd_anexo_de_entregas_assinado_v1_assinado_assinado-1-copia_tarjada.pdf
05:53:33 INFO     Finished converting document fiocruz_ptd_anexo_de_entregas_assinado_v1_assinado_assinado-1-copia_tarjada.pdf in 32.33 sec.
05:53:33 INFO       pixel_budget (Docling) fiocruz_ptd_anexo_de_entregas_assinado_v1_assinado_assinado-1-copia_tarjada.pdf: 54.7% (área tabelas/2004847 px²)
05:53:33 INFO     [7/15] ✓ FIOCRUZ   :   62 entregas | 32.3s | ETA ~5min
05:53:33 INFO     [8/15] → funai_anexo_de_entregas_repactuado_2026_2027_assinado_assinado_assinado.pdf
05:53:33 INFO     detected formats: [<InputFormat.PDF: 'pdf'>]
05:53:33 INFO     Going to convert document batch...
05:53:33 INFO     Processing document funai_anexo_de_entregas_repactuado_2026_2027_assinado_assinado_assinado.pdf
05:53:34 INFO     command: tesseract --psm 0 -l osd /tmp/tmpvn_7_re5.png stdout
05:53:35 INFO     command: tesseract -l por /tmp/tmpvn_7_re5.png stdout tsv
05:53:48 INFO     Finished converting document funai_anexo_de_entregas_repactuado_2026_2027_assinado_assinado_assinado.pdf in 15.06 sec.
05:53:48 INFO       pixel_budget (Docling) funai_anexo_de_entregas_repactuado_2026_2027_assinado_assinado_assinado.pdf: 49.8% (área tabelas/501212 px²)
05:53:48 INFO     [8/15] ✓ FUNAI     :   22 entregas | 15.1s | ETA ~4min
05:53:48 INFO     [9/15] → funai_ptd_2025_2027_docdiretivo_assinado-1_tarjado.pdf
05:53:48 INFO     detected formats: [<InputFormat.PDF: 'pdf'>]
05:53:48 INFO     Going to convert document batch...
05:53:48 INFO     Processing document funai_ptd_2025_2027_docdiretivo_assinado-1_tarjado.pdf
05:53:50 INFO     command: tesseract --psm 0 -l osd /tmp/tmp_ursz5e1.png stdout
05:53:50 INFO     command: tesseract -l por /tmp/tmp_ursz5e1.png stdout tsv
05:53:51 INFO     command: tesseract --psm 0 -l osd /tmp/tmpq096_hg7.png stdout
05:53:53 INFO     command: tesseract -l por /tmp/tmpq096_hg7.png stdout tsv
05:53:55 INFO     command: tesseract --psm 0 -l osd /tmp/tmpjfvfhrue.png stdout
05:53:55 INFO     command: tesseract -l por /tmp/tmpjfvfhrue.png stdout tsv
05:53:57 INFO     command: tesseract --psm 0 -l osd /tmp/tmpoyk0ormq.png stdout
05:53:58 INFO     command: tesseract -l por /tmp/tmpoyk0ormq.png stdout tsv
05:54:00 INFO     command: tesseract --psm 0 -l osd /tmp/tmpxnxhi1pr.png stdout
05:54:00 INFO     command: tesseract -l por /tmp/tmpxnxhi1pr.png stdout tsv
05:54:03 INFO     command: tesseract --psm 0 -l osd /tmp/tmpufq8jzo9.png stdout
05:54:04 INFO     command: tesseract -l por /tmp/tmpufq8jzo9.png stdout tsv
05:54:15 INFO     command: tesseract --psm 0 -l osd /tmp/tmpd6qe6jza.png stdout
05:54:16 INFO     command: tesseract -l por /tmp/tmpd6qe6jza.png stdout tsv
05:54:17 INFO     command: tesseract --psm 0 -l osd /tmp/tmpz_6p502s.png stdout
05:54:18 INFO     command: tesseract -l por /tmp/tmpz_6p502s.png stdout tsv
05:54:19 INFO     command: tesseract --psm 0 -l osd /tmp/tmpvbl9gaf2.png stdout
05:54:20 INFO     command: tesseract -l por /tmp/tmpvbl9gaf2.png stdout tsv
05:54:22 INFO     command: tesseract --psm 0 -l osd /tmp/tmprrvwh3c1.png stdout
05:54:23 INFO     command: tesseract -l por /tmp/tmprrvwh3c1.png stdout tsv
05:54:38 INFO     command: tesseract --psm 0 -l osd /tmp/tmpik6_327z.png stdout
05:54:39 INFO     command: tesseract -l por /tmp/tmpik6_327z.png stdout tsv
05:54:43 INFO     command: tesseract --psm 0 -l osd /tmp/tmpxz2c7w33.png stdout
05:54:44 INFO     command: tesseract -l por /tmp/tmpxz2c7w33.png stdout tsv
05:54:46 INFO     command: tesseract --psm 0 -l osd /tmp/tmpob5iupsn.png stdout
05:54:47 INFO     command: tesseract -l por /tmp/tmpob5iupsn.png stdout tsv
05:54:53 INFO     Finished converting document funai_ptd_2025_2027_docdiretivo_assinado-1_tarjado.pdf in 65.01 sec.
05:54:53 INFO       pixel_budget (Docling) funai_ptd_2025_2027_docdiretivo_assinado-1_tarjado.pdf: 16.4% (área tabelas/6515754 px²)
05:54:53 INFO     [9/15] ✓ FUNAI     :    8 entregas | 65.0s | ETA ~4min
05:54:53 INFO     [10/15] → incra_anexo_de_entregas_assinado-1_assinado_assinado-copia_tarjada.pdf
05:54:53 INFO     detected formats: [<InputFormat.PDF: 'pdf'>]
05:54:53 INFO     Going to convert document batch...
05:54:53 INFO     Processing document incra_anexo_de_entregas_assinado-1_assinado_assinado-copia_tarjada.pdf
05:54:54 INFO     command: tesseract --psm 0 -l osd /tmp/tmp7y730z05.png stdout
05:54:55 INFO     command: tesseract -l por /tmp/tmp7y730z05.png stdout tsv
05:54:58 INFO     command: tesseract --psm 0 -l osd /tmp/tmpodlju5u3.png stdout
05:54:59 INFO     command: tesseract -l por /tmp/tmpodlju5u3.png stdout tsv
05:55:05 INFO     command: tesseract --psm 0 -l osd /tmp/tmpktv858_n.png stdout
05:55:06 INFO     command: tesseract -l por /tmp/tmpktv858_n.png stdout tsv
05:55:08 INFO     command: tesseract --psm 0 -l osd /tmp/tmpyhq4gac6.png stdout
05:55:09 INFO     command: tesseract -l por /tmp/tmpyhq4gac6.png stdout tsv
05:55:11 INFO     command: tesseract --psm 0 -l osd /tmp/tmpr2gi54g4.png stdout
05:55:12 INFO     command: tesseract -l por /tmp/tmpr2gi54g4.png stdout tsv
05:56:43 INFO     Finished converting document incra_anexo_de_entregas_assinado-1_assinado_assinado-copia_tarjada.pdf in 109.89 sec.
05:56:43 INFO       pixel_budget (Docling) incra_anexo_de_entregas_assinado-1_assinado_assinado-copia_tarjada.pdf: 30.0% (área tabelas/2423520 px²)
05:56:43 INFO     [10/15] ✓ INCRA     :   11 entregas | 109.9s | ETA ~4min
05:56:43 INFO     [11/15] → incra_ptd_docdiretivo__assinado-1_assinado_assinado-copia_tarjada.pdf
05:56:43 INFO     detected formats: [<InputFormat.PDF: 'pdf'>]
05:56:43 INFO     Going to convert document batch...
05:56:43 INFO     Processing document incra_ptd_docdiretivo__assinado-1_assinado_assinado-copia_tarjada.pdf
05:56:44 INFO     command: tesseract --psm 0 -l osd /tmp/tmpt06y9de3.png stdout
05:56:45 INFO     command: tesseract -l por /tmp/tmpt06y9de3.png stdout tsv
05:56:47 INFO     command: tesseract --psm 0 -l osd /tmp/tmp3bnbwfcw.png stdout
05:56:48 INFO     command: tesseract -l por /tmp/tmp3bnbwfcw.png stdout tsv
05:56:55 INFO     command: tesseract --psm 0 -l osd /tmp/tmpf1ykgidj.png stdout
05:56:55 INFO     command: tesseract -l por /tmp/tmpf1ykgidj.png stdout tsv
05:56:57 INFO     command: tesseract --psm 0 -l osd /tmp/tmp67w65263.png stdout
05:56:58 INFO     command: tesseract -l por /tmp/tmp67w65263.png stdout tsv
05:57:00 INFO     command: tesseract --psm 0 -l osd /tmp/tmpdy_i31sq.png stdout
05:57:00 INFO     command: tesseract -l por /tmp/tmpdy_i31sq.png stdout tsv
05:57:03 INFO     command: tesseract --psm 0 -l osd /tmp/tmpajbl9z_w.png stdout
05:57:04 INFO     command: tesseract -l por /tmp/tmpajbl9z_w.png stdout tsv
05:57:21 INFO     command: tesseract --psm 0 -l osd /tmp/tmpohp45fz1.png stdout
05:57:22 INFO     command: tesseract -l por /tmp/tmpohp45fz1.png stdout tsv
05:57:23 INFO     command: tesseract --psm 0 -l osd /tmp/tmp9po_fyjs.png stdout
05:57:24 INFO     command: tesseract -l por /tmp/tmp9po_fyjs.png stdout tsv
05:57:26 INFO     command: tesseract --psm 0 -l osd /tmp/tmp72x5iqb0.png stdout
05:57:26 INFO     command: tesseract -l por /tmp/tmp72x5iqb0.png stdout tsv
05:57:28 INFO     command: tesseract --psm 0 -l osd /tmp/tmp3i3e_1no.png stdout
05:57:30 INFO     command: tesseract -l por /tmp/tmp3i3e_1no.png stdout tsv
05:57:35 INFO     command: tesseract --psm 0 -l osd /tmp/tmpvmjgkrff.png stdout
05:57:36 INFO     command: tesseract -l por /tmp/tmpvmjgkrff.png stdout tsv
05:57:48 INFO     command: tesseract --psm 0 -l osd /tmp/tmp9whw6ez5.png stdout
05:57:49 INFO     command: tesseract -l por /tmp/tmp9whw6ez5.png stdout tsv
05:57:51 INFO     command: tesseract --psm 0 -l osd /tmp/tmpm7tpnqnq.png stdout
05:57:51 INFO     command: tesseract -l por /tmp/tmpm7tpnqnq.png stdout tsv
05:57:59 INFO     Finished converting document incra_ptd_docdiretivo__assinado-1_assinado_assinado-copia_tarjada.pdf in 75.88 sec.
05:57:59 INFO       pixel_budget (Docling) incra_ptd_docdiretivo__assinado-1_assinado_assinado-copia_tarjada.pdf: 20.2% (área tabelas/6515754 px²)
05:57:59 INFO     [11/15] ✓ INCRA     :    9 entregas | 75.9s | ETA ~3min
05:57:59 INFO     [12/15] → iti_anexo_de_entregas_assinado.pdf
05:57:59 INFO     detected formats: [<InputFormat.PDF: 'pdf'>]
05:57:59 INFO     Going to convert document batch...
05:57:59 INFO     Processing document iti_anexo_de_entregas_assinado.pdf
05:58:00 INFO     command: tesseract --psm 0 -l osd /tmp/tmpkmvfx35y.png stdout
05:58:01 INFO     command: tesseract -l por /tmp/tmpkmvfx35y.png stdout tsv
05:58:17 INFO     Finished converting document iti_anexo_de_entregas_assinado.pdf in 17.68 sec.
05:58:17 INFO       pixel_budget (Docling) iti_anexo_de_entregas_assinado.pdf: 57.2% (área tabelas/501212 px²)
05:58:17 INFO     [12/15] ✓ ITI       :   31 entregas | 17.7s | ETA ~2min
05:58:17 INFO     [13/15] → iti_doc_diretivo_assinado-1_tarjado.pdf
05:58:17 INFO     detected formats: [<InputFormat.PDF: 'pdf'>]
05:58:17 INFO     Going to convert document batch...
05:58:17 INFO     Processing document iti_doc_diretivo_assinado-1_tarjado.pdf
05:58:17 INFO     command: tesseract --psm 0 -l osd /tmp/tmpqo0bza5d.png stdout
05:58:18 INFO     command: tesseract -l por /tmp/tmpqo0bza5d.png stdout tsv
05:58:20 INFO     command: tesseract --psm 0 -l osd /tmp/tmpojuj8qej.png stdout
05:58:21 INFO     command: tesseract -l por /tmp/tmpojuj8qej.png stdout tsv
05:58:26 INFO     command: tesseract --psm 0 -l osd /tmp/tmp_260j44l.png stdout
05:58:27 INFO     command: tesseract -l por /tmp/tmp_260j44l.png stdout tsv
05:58:29 INFO     command: tesseract --psm 0 -l osd /tmp/tmpxrvoujx_.png stdout
05:58:30 INFO     command: tesseract -l por /tmp/tmpxrvoujx_.png stdout tsv
05:58:31 INFO     command: tesseract --psm 0 -l osd /tmp/tmpovct9f8a.png stdout
05:58:32 INFO     command: tesseract -l por /tmp/tmpovct9f8a.png stdout tsv
05:58:34 INFO     command: tesseract --psm 0 -l osd /tmp/tmpn2we1ddy.png stdout
05:58:36 INFO     command: tesseract -l por /tmp/tmpn2we1ddy.png stdout tsv
05:58:53 INFO     command: tesseract --psm 0 -l osd /tmp/tmpidyb61z0.png stdout
05:58:53 INFO     command: tesseract -l por /tmp/tmpidyb61z0.png stdout tsv
05:58:55 INFO     command: tesseract --psm 0 -l osd /tmp/tmpuz2he4ac.png stdout
05:58:56 INFO     command: tesseract -l por /tmp/tmpuz2he4ac.png stdout tsv
05:58:58 INFO     command: tesseract --psm 0 -l osd /tmp/tmpq1_188t1.png stdout
05:58:59 INFO     command: tesseract -l por /tmp/tmpq1_188t1.png stdout tsv
05:59:01 INFO     command: tesseract --psm 0 -l osd /tmp/tmpgf45e3i0.png stdout
05:59:03 INFO     command: tesseract -l por /tmp/tmpgf45e3i0.png stdout tsv
05:59:09 INFO     command: tesseract --psm 0 -l osd /tmp/tmpyyx_4w7v.png stdout
05:59:10 INFO     command: tesseract -l por /tmp/tmpyyx_4w7v.png stdout tsv
05:59:16 INFO     Finished converting document iti_doc_diretivo_assinado-1_tarjado.pdf in 59.76 sec.
05:59:16 INFO       pixel_budget (Docling) iti_doc_diretivo_assinado-1_tarjado.pdf: 8.0% (área tabelas/5516339 px²)
05:59:16 INFO     [13/15] ✓ ITI       :    6 entregas | 59.8s | ETA ~1min
05:59:16 INFO     [14/15] → sgpr_ptd_2025_2027_anexo_de_entregas_assinado-copia_tarjada.pdf
05:59:16 INFO     detected formats: [<InputFormat.PDF: 'pdf'>]
05:59:16 INFO     Going to convert document batch...
05:59:16 INFO     Processing document sgpr_ptd_2025_2027_anexo_de_entregas_assinado-copia_tarjada.pdf
05:59:17 INFO     command: tesseract --psm 0 -l osd /tmp/tmpn_s3k0vd.png stdout
05:59:18 INFO     command: tesseract -l por /tmp/tmpn_s3k0vd.png stdout tsv
05:59:21 INFO     command: tesseract --psm 0 -l osd /tmp/tmpk9mfk7dh.png stdout
05:59:22 INFO     command: tesseract -l por /tmp/tmpk9mfk7dh.png stdout tsv
05:59:34 INFO     Finished converting document sgpr_ptd_2025_2027_anexo_de_entregas_assinado-copia_tarjada.pdf in 17.90 sec.
05:59:34 INFO       pixel_budget (Docling) sgpr_ptd_2025_2027_anexo_de_entregas_assinado-copia_tarjada.pdf: 29.5% (área tabelas/1002424 px²)
05:59:34 INFO     [14/15] ✓ SGPR      :   18 entregas | 17.9s | ETA ~48s
05:59:34 INFO     [15/15] → sgpr_ptd_2026_2027_docdiretivo_assinado-copia_tarjada.pdf
05:59:34 INFO     detected formats: [<InputFormat.PDF: 'pdf'>]
05:59:34 INFO     Going to convert document batch...
05:59:34 INFO     Processing document sgpr_ptd_2026_2027_docdiretivo_assinado-copia_tarjada.pdf
05:59:55 INFO     Finished converting document sgpr_ptd_2026_2027_docdiretivo_assinado-copia_tarjada.pdf in 20.21 sec.
05:59:55 INFO       pixel_budget (Docling) sgpr_ptd_2026_2027_docdiretivo_assinado-copia_tarjada.pdf: 8.2% (área tabelas/5513330 px²)
05:59:55 WARNING  [15/15] ⚠ SGPR      :    0 entregas | 20.2s | ETA ~0s
05:59:55 INFO     261 registros | 7 órgãos
05:59:55 INFO     ╔══════════════════════════════════════════════════════════════╗
05:59:55 INFO     ║                  ENTREGAS — fase concluída                   ║
05:59:55 INFO     ║  Processados: 15    |  ✓ 11  ⚠ 4                             ║
05:59:55 INFO     ║  Duração: 11.6 min                                           ║
05:59:55 INFO     ║  261 registros | 7 órgãos                                    ║
05:59:55 INFO     ╚══════════════════════════════════════════════════════════════╝
05:59:55 INFO     [1/7] → agu_ptd_2025_2027_docdiretivo_assinado_assinado_assinado-copia_tarjada.pdf
05:59:55 INFO     detected formats: [<InputFormat.PDF: 'pdf'>]
05:59:55 INFO     Going to convert document batch...
05:59:55 INFO     Processing document agu_ptd_2025_2027_docdiretivo_assinado_assinado_assinado-copia_tarjada.pdf
05:59:55 INFO     command: tesseract --psm 0 -l osd /tmp/tmph1g4p_vt.png stdout
05:59:56 INFO     command: tesseract -l por /tmp/tmph1g4p_vt.png stdout tsv
05:59:58 INFO     command: tesseract --psm 0 -l osd /tmp/tmpyp1p2b9j.png stdout
05:59:59 INFO     command: tesseract -l por /tmp/tmpyp1p2b9j.png stdout tsv
06:00:03 INFO     command: tesseract --psm 0 -l osd /tmp/tmp_b247538.png stdout
06:00:04 INFO     command: tesseract -l por /tmp/tmp_b247538.png stdout tsv
06:00:07 INFO     command: tesseract --psm 0 -l osd /tmp/tmpw6bu5jhg.png stdout
06:00:08 INFO     command: tesseract -l por /tmp/tmpw6bu5jhg.png stdout tsv
06:00:10 INFO     command: tesseract --psm 0 -l osd /tmp/tmpyb9otir9.png stdout
06:00:11 INFO     command: tesseract -l por /tmp/tmpyb9otir9.png stdout tsv
06:00:13 INFO     command: tesseract --psm 0 -l osd /tmp/tmp5wred2o0.png stdout
06:00:14 INFO     command: tesseract -l por /tmp/tmp5wred2o0.png stdout tsv
06:00:25 INFO     command: tesseract --psm 0 -l osd /tmp/tmpdb096575.png stdout
06:00:26 INFO     command: tesseract -l por /tmp/tmpdb096575.png stdout tsv
06:00:28 INFO     command: tesseract --psm 0 -l osd /tmp/tmpduwewk1q.png stdout
06:00:29 INFO     command: tesseract -l por /tmp/tmpduwewk1q.png stdout tsv
06:00:32 INFO     command: tesseract --psm 0 -l osd /tmp/tmp6yurw1fp.png stdout
06:00:32 INFO     command: tesseract -l por /tmp/tmp6yurw1fp.png stdout tsv
06:00:35 INFO     command: tesseract --psm 0 -l osd /tmp/tmpori5h553.png stdout
06:00:36 INFO     command: tesseract -l por /tmp/tmpori5h553.png stdout tsv
06:00:53 INFO     command: tesseract --psm 0 -l osd /tmp/tmp4iaf_xwh.png stdout
06:00:53 INFO     command: tesseract -l por /tmp/tmp4iaf_xwh.png stdout tsv
06:00:57 INFO     Finished converting document agu_ptd_2025_2027_docdiretivo_assinado_assinado_assinado-copia_tarjada.pdf in 62.51 sec.
06:00:57 INFO     [1/7] ✓ AGU       :   7 riscos | 62.5s | ETA ~6min
06:00:57 INFO     [2/7] → documento-diretivo-mcom-_-ptd-25_27-copia_tarjada.pdf
06:00:57 INFO     detected formats: [<InputFormat.PDF: 'pdf'>]
06:00:57 INFO     Going to convert document batch...
06:00:57 INFO     Processing document documento-diretivo-mcom-_-ptd-25_27-copia_tarjada.pdf
06:00:58 INFO     command: tesseract --psm 0 -l osd /tmp/tmp26cyrza6.png stdout
06:00:58 INFO     command: tesseract -l por /tmp/tmp26cyrza6.png stdout tsv
06:01:00 INFO     command: tesseract --psm 0 -l osd /tmp/tmpqe6tbauz.png stdout
06:01:01 INFO     command: tesseract -l por /tmp/tmpqe6tbauz.png stdout tsv
06:01:10 INFO     command: tesseract --psm 0 -l osd /tmp/tmp_dulr9or.png stdout
06:01:11 INFO     command: tesseract -l por /tmp/tmp_dulr9or.png stdout tsv
06:01:12 INFO     command: tesseract --psm 0 -l osd /tmp/tmpy6l33nuk.png stdout
06:01:13 INFO     command: tesseract -l por /tmp/tmpy6l33nuk.png stdout tsv
06:01:15 INFO     command: tesseract --psm 0 -l osd /tmp/tmp7_93_3uq.png stdout
06:01:15 INFO     command: tesseract -l por /tmp/tmp7_93_3uq.png stdout tsv
06:01:18 INFO     command: tesseract --psm 0 -l osd /tmp/tmpwszni7qd.png stdout
06:01:20 INFO     command: tesseract -l por /tmp/tmpwszni7qd.png stdout tsv
06:01:34 INFO     command: tesseract --psm 0 -l osd /tmp/tmpw7_sc280.png stdout
06:01:36 INFO     command: tesseract -l por /tmp/tmpw7_sc280.png stdout tsv
06:01:38 INFO     command: tesseract --psm 0 -l osd /tmp/tmpl8odm6kb.png stdout
06:01:38 INFO     command: tesseract -l por /tmp/tmpl8odm6kb.png stdout tsv
06:01:41 INFO     command: tesseract --psm 0 -l osd /tmp/tmpiszowwtg.png stdout
06:01:41 INFO     command: tesseract -l por /tmp/tmpiszowwtg.png stdout tsv
06:01:43 INFO     command: tesseract --psm 0 -l osd /tmp/tmpwgwha_ql.png stdout
06:01:45 INFO     command: tesseract -l por /tmp/tmpwgwha_ql.png stdout tsv
06:01:49 INFO     command: tesseract --psm 0 -l osd /tmp/tmprqhfv7jk.png stdout
06:01:50 INFO     command: tesseract -l por /tmp/tmprqhfv7jk.png stdout tsv
06:01:56 INFO     command: tesseract --psm 0 -l osd /tmp/tmptcca7jjo.png stdout
06:01:57 INFO     command: tesseract -l por /tmp/tmptcca7jjo.png stdout tsv
06:01:59 INFO     command: tesseract --psm 0 -l osd /tmp/tmp_r7gzpby.png stdout
06:02:00 INFO     command: tesseract -l por /tmp/tmp_r7gzpby.png stdout tsv
06:02:02 INFO     command: tesseract --psm 0 -l osd /tmp/tmpctfj71et.png stdout
06:02:03 INFO     command: tesseract -l por /tmp/tmpctfj71et.png stdout tsv
06:02:09 INFO     Finished converting document documento-diretivo-mcom-_-ptd-25_27-copia_tarjada.pdf in 71.65 sec.
06:02:09 INFO     [2/7] ✓ MCOM      :  14 riscos | 71.7s | ETA ~5min
06:02:09 INFO     [3/7] → fiocruz_novo-ptd_2-1_docdiretivo_repactuacao_2024-2026_assinado_assinado-copia_tarjada.pdf
06:02:09 INFO     detected formats: [<InputFormat.PDF: 'pdf'>]
06:02:09 INFO     Going to convert document batch...
06:02:09 INFO     Processing document fiocruz_novo-ptd_2-1_docdiretivo_repactuacao_2024-2026_assinado_assinado-copia_tarjada.pdf
06:02:27 INFO     Finished converting document fiocruz_novo-ptd_2-1_docdiretivo_repactuacao_2024-2026_assinado_assinado-copia_tarjada.pdf in 18.34 sec.
06:02:27 INFO     [3/7] ✓ FIOCRUZ   :   6 riscos | 18.3s | ETA ~3min
06:02:27 INFO     [4/7] → funai_ptd_2025_2027_docdiretivo_assinado-1_tarjado.pdf
06:02:27 INFO     detected formats: [<InputFormat.PDF: 'pdf'>]
06:02:27 INFO     Going to convert document batch...
06:02:27 INFO     Processing document funai_ptd_2025_2027_docdiretivo_assinado-1_tarjado.pdf
06:02:29 INFO     command: tesseract --psm 0 -l osd /tmp/tmpvgx_8gpt.png stdout
06:02:29 INFO     command: tesseract -l por /tmp/tmpvgx_8gpt.png stdout tsv
06:02:30 INFO     command: tesseract --psm 0 -l osd /tmp/tmptcbkzak0.png stdout
06:02:32 INFO     command: tesseract -l por /tmp/tmptcbkzak0.png stdout tsv
06:02:35 INFO     command: tesseract --psm 0 -l osd /tmp/tmpipfbt2bi.png stdout
06:02:35 INFO     command: tesseract -l por /tmp/tmpipfbt2bi.png stdout tsv
06:02:37 INFO     command: tesseract --psm 0 -l osd /tmp/tmp7e_lgq1_.png stdout
06:02:38 INFO     command: tesseract -l por /tmp/tmp7e_lgq1_.png stdout tsv
06:02:40 INFO     command: tesseract --psm 0 -l osd /tmp/tmpfavmj_3q.png stdout
06:02:40 INFO     command: tesseract -l por /tmp/tmpfavmj_3q.png stdout tsv
06:02:43 INFO     command: tesseract --psm 0 -l osd /tmp/tmp09v5o7be.png stdout
06:02:44 INFO     command: tesseract -l por /tmp/tmp09v5o7be.png stdout tsv
06:02:54 INFO     command: tesseract --psm 0 -l osd /tmp/tmp92kwgiku.png stdout
06:02:55 INFO     command: tesseract -l por /tmp/tmp92kwgiku.png stdout tsv
06:02:56 INFO     command: tesseract --psm 0 -l osd /tmp/tmpcbk8uuz9.png stdout
06:02:57 INFO     command: tesseract -l por /tmp/tmpcbk8uuz9.png stdout tsv
06:02:58 INFO     command: tesseract --psm 0 -l osd /tmp/tmpxj3r2t66.png stdout
06:02:59 INFO     command: tesseract -l por /tmp/tmpxj3r2t66.png stdout tsv
06:03:01 INFO     command: tesseract --psm 0 -l osd /tmp/tmpwarj9pbf.png stdout
06:03:02 INFO     command: tesseract -l por /tmp/tmpwarj9pbf.png stdout tsv
06:03:19 INFO     command: tesseract --psm 0 -l osd /tmp/tmpk9_f9fr0.png stdout
06:03:20 INFO     command: tesseract -l por /tmp/tmpk9_f9fr0.png stdout tsv
06:03:25 INFO     command: tesseract --psm 0 -l osd /tmp/tmp_7x4r9d9.png stdout
06:03:25 INFO     command: tesseract -l por /tmp/tmp_7x4r9d9.png stdout tsv
06:03:27 INFO     command: tesseract --psm 0 -l osd /tmp/tmphxpl1gle.png stdout
06:03:28 INFO     command: tesseract -l por /tmp/tmphxpl1gle.png stdout tsv
06:03:34 INFO     Finished converting document funai_ptd_2025_2027_docdiretivo_assinado-1_tarjado.pdf in 67.38 sec.
06:03:34 INFO     [4/7] ✓ FUNAI     :  15 riscos | 67.4s | ETA ~2min
06:03:34 INFO     [5/7] → incra_ptd_docdiretivo__assinado-1_assinado_assinado-copia_tarjada.pdf
06:03:34 INFO     detected formats: [<InputFormat.PDF: 'pdf'>]
06:03:35 INFO     Going to convert document batch...
06:03:35 INFO     Processing document incra_ptd_docdiretivo__assinado-1_assinado_assinado-copia_tarjada.pdf
06:03:36 INFO     command: tesseract --psm 0 -l osd /tmp/tmpi6a0cdsv.png stdout
06:03:36 INFO     command: tesseract -l por /tmp/tmpi6a0cdsv.png stdout tsv
06:03:38 INFO     command: tesseract --psm 0 -l osd /tmp/tmpi3wm_d28.png stdout
06:03:40 INFO     command: tesseract -l por /tmp/tmpi3wm_d28.png stdout tsv
06:03:45 INFO     command: tesseract --psm 0 -l osd /tmp/tmpo9zqfqgu.png stdout
06:03:46 INFO     command: tesseract -l por /tmp/tmpo9zqfqgu.png stdout tsv
06:03:48 INFO     command: tesseract --psm 0 -l osd /tmp/tmpyzhzpyj7.png stdout
06:03:49 INFO     command: tesseract -l por /tmp/tmpyzhzpyj7.png stdout tsv
06:03:51 INFO     command: tesseract --psm 0 -l osd /tmp/tmpje8zccub.png stdout
06:03:51 INFO     command: tesseract -l por /tmp/tmpje8zccub.png stdout tsv
06:03:53 INFO     command: tesseract --psm 0 -l osd /tmp/tmp3l446zay.png stdout
06:03:55 INFO     command: tesseract -l por /tmp/tmp3l446zay.png stdout tsv
06:04:11 INFO     command: tesseract --psm 0 -l osd /tmp/tmpc1nirf_p.png stdout
06:04:12 INFO     command: tesseract -l por /tmp/tmpc1nirf_p.png stdout tsv
06:04:14 INFO     command: tesseract --psm 0 -l osd /tmp/tmptql41u8c.png stdout
06:04:14 INFO     command: tesseract -l por /tmp/tmptql41u8c.png stdout tsv
06:04:16 INFO     command: tesseract --psm 0 -l osd /tmp/tmp5zuyfd3e.png stdout
06:04:17 INFO     command: tesseract -l por /tmp/tmp5zuyfd3e.png stdout tsv
06:04:19 INFO     command: tesseract --psm 0 -l osd /tmp/tmp41sl7tqt.png stdout
06:04:20 INFO     command: tesseract -l por /tmp/tmp41sl7tqt.png stdout tsv
06:04:25 INFO     command: tesseract --psm 0 -l osd /tmp/tmpw64m_y_v.png stdout
06:04:26 INFO     command: tesseract -l por /tmp/tmpw64m_y_v.png stdout tsv
06:04:39 INFO     command: tesseract --psm 0 -l osd /tmp/tmpblg29a6f.png stdout
06:04:39 INFO     command: tesseract -l por /tmp/tmpblg29a6f.png stdout tsv
06:04:41 INFO     command: tesseract --psm 0 -l osd /tmp/tmp26hq2m_e.png stdout
06:04:42 INFO     command: tesseract -l por /tmp/tmp26hq2m_e.png stdout tsv
06:04:50 INFO     Finished converting document incra_ptd_docdiretivo__assinado-1_assinado_assinado-copia_tarjada.pdf in 75.04 sec.
06:04:50 INFO     [5/7] ✓ INCRA     :  15 riscos | 75.1s | ETA ~1min
06:04:50 INFO     [6/7] → iti_doc_diretivo_assinado-1_tarjado.pdf
06:04:50 INFO     detected formats: [<InputFormat.PDF: 'pdf'>]
06:04:50 INFO     Going to convert document batch...
06:04:50 INFO     Processing document iti_doc_diretivo_assinado-1_tarjado.pdf
06:04:50 INFO     command: tesseract --psm 0 -l osd /tmp/tmp7aebegka.png stdout
06:04:51 INFO     command: tesseract -l por /tmp/tmp7aebegka.png stdout tsv
06:04:53 INFO     command: tesseract --psm 0 -l osd /tmp/tmpql3h7275.png stdout
06:04:54 INFO     command: tesseract -l por /tmp/tmpql3h7275.png stdout tsv
06:04:58 INFO     command: tesseract --psm 0 -l osd /tmp/tmpmxcd6hxo.png stdout
06:04:59 INFO     command: tesseract -l por /tmp/tmpmxcd6hxo.png stdout tsv
06:05:01 INFO     command: tesseract --psm 0 -l osd /tmp/tmpwlzizd3v.png stdout
06:05:02 INFO     command: tesseract -l por /tmp/tmpwlzizd3v.png stdout tsv
06:05:04 INFO     command: tesseract --psm 0 -l osd /tmp/tmponun4osf.png stdout
06:05:04 INFO     command: tesseract -l por /tmp/tmponun4osf.png stdout tsv
06:05:06 INFO     command: tesseract --psm 0 -l osd /tmp/tmpe1x4720h.png stdout
06:05:08 INFO     command: tesseract -l por /tmp/tmpe1x4720h.png stdout tsv
06:05:25 INFO     command: tesseract --psm 0 -l osd /tmp/tmpfc8496fb.png stdout
06:05:25 INFO     command: tesseract -l por /tmp/tmpfc8496fb.png stdout tsv
06:05:27 INFO     command: tesseract --psm 0 -l osd /tmp/tmp0rqu2drr.png stdout
06:05:28 INFO     command: tesseract -l por /tmp/tmp0rqu2drr.png stdout tsv
06:05:30 INFO     command: tesseract --psm 0 -l osd /tmp/tmp6gp7btu9.png stdout
06:05:31 INFO     command: tesseract -l por /tmp/tmp6gp7btu9.png stdout tsv
06:05:33 INFO     command: tesseract --psm 0 -l osd /tmp/tmpgw6qdpv3.png stdout
06:05:34 INFO     command: tesseract -l por /tmp/tmpgw6qdpv3.png stdout tsv
06:05:44 INFO     command: tesseract --psm 0 -l osd /tmp/tmpuhdj0vsu.png stdout
06:05:45 INFO     command: tesseract -l por /tmp/tmpuhdj0vsu.png stdout tsv
06:05:50 INFO     Finished converting document iti_doc_diretivo_assinado-1_tarjado.pdf in 60.41 sec.
06:05:50 INFO     [6/7] ✓ ITI       :  14 riscos | 60.4s | ETA ~59s
06:05:50 INFO     [7/7] → sgpr_ptd_2026_2027_docdiretivo_assinado-copia_tarjada.pdf
06:05:50 INFO     detected formats: [<InputFormat.PDF: 'pdf'>]
06:05:50 INFO     Going to convert document batch...
06:05:50 INFO     Processing document sgpr_ptd_2026_2027_docdiretivo_assinado-copia_tarjada.pdf
06:06:10 INFO     Finished converting document sgpr_ptd_2026_2027_docdiretivo_assinado-copia_tarjada.pdf in 19.92 sec.
06:06:10 INFO     [7/7] ✓ SGPR      :  10 riscos | 19.9s | ETA ~0s
06:06:10 INFO     ╔══════════════════════════════════════════════════════════════╗
06:06:10 INFO     ║                   RISCOS — fase concluída                    ║
06:06:10 INFO     ║  Processados: 7     |  ✓ 7  ⚠ 0                              ║
06:06:10 INFO     ║  Duração: 6.3 min                                            ║
06:06:10 INFO     ║  81 riscos | 7 órgãos                                        ║
06:06:10 INFO     ╚══════════════════════════════════════════════════════════════╝
06:06:10 INFO     81 riscos | 0 ações | 135 relações
06:06:10 INFO     ptd_corpus_raw                     : 261 linhas
06:06:10 INFO     ptd_pivot_eixos                    : 7 linhas
06:06:13 INFO     ptd_datas_assinatura               : 132 linhas
06:06:13 INFO     ptd_riscos                         : 81 linhas
06:06:13 INFO     ptd_riscos_acoes                   : 135 linhas
06:06:13 INFO     Manifesto salvo: pipeline_manifest.json | SHA-256 de 132 PDFs
06:06:13 INFO     ==================================================
06:06:13 INFO     PTD-BR v3.0-melhorado — PIPELINE CONCLUÍDO
06:06:13 INFO     ==================================================
06:06:13 INFO     ptd_corpus_raw.csv                        160 KB
06:06:13 INFO     ptd_pivot_eixos.csv                         0 KB
06:06:13 INFO     ptd_datas_assinatura.csv                    9 KB
06:06:13 INFO     ptd_riscos.csv                             23 KB
06:06:13 INFO     ptd_riscos_acoes.csv                        2 KB
06:06:13 INFO     proveniencia.json                           0 KB
06:06:13 INFO     pipeline_manifest.json                     20 KB
06:06:13 INFO     📦 Artefatos: https://github.com/freirelucas/teste/actions/runs/24020250880
06:06:13 INFO     ==================================================
