14:31:56 INFO     Docling disponível
14:31:56 WARNING  OCR fallback indisponível (IndentationError: unexpected indent (ptd_ocr_fallback.py, line 45))
14:31:57 INFO     Ignorado (guia/template/norma): ABNT-NBR-17225-Acessibilidade-Digital.pdf
14:31:57 INFO     Ignorado (guia/template/norma): cgrep-guia10passos-ptd-orgao.pdf
14:31:57 INFO     Ignorado (guia/template/norma): ABNT-NBR-17225-Acessibilidade-Digital.pdf
14:31:57 INFO     Scraping: 132 PDFs únicos | entregas: 68 | diretivos: 61
14:31:57 INFO     Baixando 132 PDFs únicos...
14:31:59 INFO     ✓ [  1/132] abin_ptd_anexo_de_entregas_assinado_pelo_orgao_ass   293.3KB
14:32:03 INFO     ✓ [  2/132] aeb_ptd_2025_2027_docdiretivo_aprovado_assinado-1_  1033.7KB
14:32:05 INFO     ✓ [  3/132] aeb_ptd_2025_2027_anexo_de_entregas_aprovado_assin   154.5KB
14:32:10 INFO     ✓ [  4/132] agu_ptd_2025_2027_docdiretivo_assinado_assinado_as  2860.3KB
14:32:13 INFO     ✓ [  5/132] agu_ptd_2025_2027_anexo_de_entregas_assinado_assin   525.5KB
14:32:15 INFO     ✓ [  6/132] ana_ptd_2025_2027_docdiretivo_assinado_assinado_as   477.2KB
14:32:18 INFO     ✓ [  7/132] ana_ptd_2025_2027_anexoentregas_assinado_assinado_   170.9KB
14:32:21 INFO     ✓ [  8/132] anac_ptd_2025_2026_docdiretivo_se_assinado_tarjado  1036.3KB
14:32:23 INFO     ✓ [  9/132] anac_ptd_2025_2026_anexo_de_entregas_se_assinado.p   215.2KB
14:32:26 INFO     ✓ [ 10/132] anatel_ptd_docdiretivo_assinado_2025_2026_assinado  1006.0KB
14:32:28 INFO     ✓ [ 11/132] anatel_ptd_2025_2026_anexo_de_entregas_do_ptd_publ    71.9KB
14:32:31 INFO     ✓ [ 12/132] ancine_ptd_2024_2026_docdiretivo_assinado-2_assina   961.8KB
14:32:34 INFO     ✓ [ 13/132] ancine_ptd_2024_2026_-_anexo_de_entregas_aprovado_   613.2KB
14:32:37 INFO     ✓ [ 14/132] ptd_aneel_2025-2027_docdiretivo_assinado_tarjado.p   779.6KB
14:32:39 INFO     ✓ [ 15/132] ptd_aneel_2025-2027_anexo_de_entregas_assinado.pdf   111.9KB
14:32:43 INFO     ✓ [ 16/132] anm_ptd_2025_2027_docdiretivo_assinadopeloorgao_ta  1092.5KB
14:32:46 INFO     ✓ [ 17/132] anm_ptd_2025_2027_anexo_entregas_assinadopeloorgao  1140.4KB
14:32:49 INFO     ✓ [ 18/132] anpd_ptd_2025_2027_docdiretivo_assinado_assinado_a  1044.3KB
14:32:51 INFO     ✓ [ 19/132] anpd_ptd_2025_2027_anexo_de_entregas_assinado_assi   166.5KB
14:32:55 INFO     ✓ [ 20/132] ans-plano_de_transformacao_digital_assinado-copia_  1023.4KB
14:32:57 INFO     ✓ [ 21/132] ans_ptd_2025_2026_anexo_de_entregas_assinado_assin   124.1KB
14:33:00 INFO     ✓ [ 22/132] antaq_ptd_2025_2027_docdiretivo_assinado_assinado_  1039.8KB
14:33:02 INFO     ✓ [ 23/132] antaq_ptd_2025_2027_anexoentregas_assinado_assinad   145.1KB
14:33:04 INFO     ✓ [ 24/132] mt_anexo_de_entregas_-_assinado_assinado_assinado_   143.6KB
14:33:12 INFO     ✓ [ 25/132] anvisa_ptd_docdiretivo_2025-2026_assinado_assinado  5771.2KB
14:33:15 INFO     ✓ [ 26/132] anvisa_ptd_anexo_de_entregas_2025_2026_assinado_as   239.0KB
14:33:17 INFO     ✓ [ 27/132] bcb_documento_diretivo_assinado_assinado_assinado-   713.7KB
14:33:20 INFO     ✓ [ 28/132] bcb_anexo_de_entregas_ptd_25_26-1_assinado_assinad   134.8KB
14:33:23 INFO     ✓ [ 29/132] cade_ptd_docdiretivo_2025_2026_assinado-2_assinado   810.4KB
14:33:25 INFO     ✓ [ 30/132] cade_ptd_anexo_de_entregas_2025_2026_assinado_copi   504.0KB
14:33:28 INFO     ✓ [ 31/132] mec_ptd_docdiretivo_2025-2026_sei_mec-5566673_copi   863.1KB
14:33:31 INFO     ✓ [ 32/132] mec_ptd_anexo-de-entregas_sei_mec-5576401_copia_ta   495.7KB
14:33:34 INFO     ✓ [ 33/132] mec_ptd_docdiretivo-versao-comunicacao_copia_tarja  1616.5KB
14:33:37 INFO     ✓ [ 34/132] md_ptd_2026_2027_anexo_de_entregas_assinado_assina   579.4KB
14:33:39 INFO     ✓ [ 35/132] md_ptd_2026_2027_anexo_de_entregas_assinado_assina   186.8KB
14:33:42 INFO     ✓ [ 36/132] md_ptd_temp_copia_tarjada.pdf                        741.9KB
14:33:46 INFO     ✓ [ 37/132] cgu_ptd_docdiretivo_assinado_assinado_assinado-cop  1085.4KB
14:33:48 INFO     ✓ [ 38/132] cgu_ptd_anexo_de_entregas_pactuadas_assinado_assin   514.1KB
14:33:51 INFO     ✓ [ 39/132] cnpq_ptd_2025_2027_docdiretivo_assinado_assinado_a   342.9KB
14:33:53 INFO     ✓ [ 40/132] cnpq_ptd_2025_2027_anexo_de_entregas_assinado_assi   136.1KB
14:33:56 INFO     ✓ [ 41/132] coaf_ptd_2025_2026_documento_diretivo_assinado_ass  1068.0KB
14:34:01 INFO     ✓ [ 42/132] coaf_ptd_2025_2026_anexo_de_entregas-2_assinado_as  3184.5KB
14:34:07 INFO     ✓ [ 43/132] ptd_midr-docdiretivo_aprovado_assinado_tarjado.pdf  3864.1KB
14:34:11 INFO     ✓ [ 44/132] ptd_midr_-_anexo_de_entregas_-_aprovado_assinado.p  1122.0KB
14:34:14 INFO     ✓ [ 45/132] mda-documento-diretivo-assinado_ptd-2025-207-copia   955.8KB
14:34:16 INFO     ✓ [ 46/132] cvm_ptd_2025_2027_docdiretivo_assinado_assinado_as   270.5KB
14:34:18 INFO     ✓ [ 47/132] cvm_ptd_2025_2027_anexoentregas_assinado_assinado_   409.0KB
14:34:22 INFO     ✓ [ 48/132] dnocs_ptd_doc_diretivo_2025_2026_assinado_orgao-2_   891.1KB
14:34:24 INFO     ✓ [ 49/132] dnocs_anexo_de_entregas_repactuado_2025_2026_assin   272.3KB
14:34:29 INFO     ✓ [ 50/132] fbn_ptd_2025_2027_docdiretivo_assinado-1_tarjado.p  2921.6KB
14:34:31 INFO     ✓ [ 51/132] fbn_ptd_2025_2027_anexo_de_entregas_assinado-1.pdf   162.3KB
14:34:35 INFO     ✓ [ 52/132] fcp_ptd_2025_2027_docdiretivo_assinado-1_tarjado.p  1612.0KB
14:34:37 INFO     ✓ [ 53/132] fcp_ptd_2025_2027_anexo_de_entregas_assinado-1.pdf   118.8KB
14:34:40 INFO     ✓ [ 54/132] fcrb_ptd_2025_2026_docdiretivo_aprovado_assinado-1   998.2KB
14:34:43 INFO     ✓ [ 55/132] fcrb_ptd_2025_2026_anexo_de_entregas_aprovado_assi   313.5KB
14:34:46 INFO     ✓ [ 56/132] fiocruz_novo-ptd_2-1_docdiretivo_repactuacao_2024-  1318.1KB
14:34:48 INFO     ✓ [ 57/132] fiocruz_ptd_anexo_de_entregas_assinado_v1_assinado   257.1KB
14:34:52 INFO     ✓ [ 58/132] fiocruz-ptd-06_2024-copia_tarjada.pdf               1693.8KB
14:34:56 INFO     ✓ [ 59/132] funai_ptd_2025_2027_docdiretivo_assinado-1_tarjado  1842.1KB
14:34:59 INFO     ✓ [ 60/132] funai_anexo_de_entregas_repactuado_2026_2027_assin   435.7KB
14:35:02 INFO     ✓ [ 61/132] funarte_ptd_docdiretivo_assinado_21_01_2025_assina   965.7KB
14:35:05 INFO     ✓ [ 62/132] funarte_ptd_anexo_de_entregas_assinado_v1_assinado   683.6KB
14:35:08 INFO     ✓ [ 63/132] fundacentro_ptd_2025_2027_docdiretivo_assinado_ass   826.6KB
14:35:11 INFO     ✓ [ 64/132] fundacentro_ptd_2025_2027_anexo_de_entregas_assina   635.5KB
14:35:14 INFO     ✓ [ 65/132] mma_ptd_docdiretivo_assinado_2025_2026-1_assinado_   949.3KB
14:35:16 INFO     ✓ [ 66/132] mma_ptd_anexo_de_entregas_aprovado_final_assinado_   174.8KB
14:35:20 INFO     ✓ [ 67/132] ibge_docdiretivo_2025_assinado_assinado_assinado-c  1167.3KB
14:35:22 INFO     ✓ [ 68/132] ibge_ptd_25_26_anexo_de_entregas_modelo_v2-1_assin   143.7KB
14:35:31 INFO     ✓ [ 69/132] incra_ptd_docdiretivo__assinado-1_assinado_assinad  7182.0KB
14:35:35 INFO     ✓ [ 70/132] incra_anexo_de_entregas_assinado-1_assinado_assina  1818.6KB
14:35:41 INFO     ✓ [ 71/132] inpi_ptd_docdiretivo_assinado_2025_2026_assinado_a  3322.4KB
14:35:46 INFO     ✓ [ 72/132] inpi_ptd_anexo_de_entregas_assinado_v1_assinado_as  3078.1KB
14:35:49 INFO     ✓ [ 73/132] inss_ptd_2025_2027_docdiretivo-assinado-copia_tarj  1173.3KB
14:35:51 INFO     ✓ [ 74/132] inss_ptd_2025_2027_anexo_de_entregas-assinado-copi   110.8KB
14:35:54 INFO     ✓ [ 75/132] iphan_ptd_docdiretivo_assinado_2025_2026_assinado_   885.7KB
14:35:57 INFO     ✓ [ 76/132] iphan_ptd_anexo_de_entregas_assinado_v1_assinado_a   310.9KB
14:36:04 INFO     ✓ [ 77/132] iti_doc_diretivo_assinado-1_tarjado.pdf             4905.1KB
14:36:07 INFO     ✓ [ 78/132] iti_anexo_de_entregas_assinado.pdf                   556.4KB
14:36:11 INFO     ✓ [ 79/132] mapa_ptd_2025_2027_docdiretivo_assinado-1_tarjado.  1740.9KB
14:36:13 INFO     ✓ [ 80/132] mapa_ptd_2025_2027_anexo_de_entregas_assinado-1.pd   261.9KB
14:36:20 INFO     ✓ [ 81/132] documento-diretivo-mcom-_-ptd-25_27-copia_tarjada.  4451.9KB
14:36:23 INFO     ✓ [ 82/132] anexo-de-entregas-mcom_ptd-25_27-copia_tarjada.pdf  1213.8KB
14:36:28 INFO     ✓ [ 83/132] ptd_21_24_mcom-copia_tarjada.pdf                    3040.7KB
14:36:31 INFO     ✓ [ 84/132] mcti_ptd_2025-2027_docdiretivo_assinado-copia_tarj  1030.7KB
14:36:33 INFO     ✓ [ 85/132] mcti_ptd_2025-2027_anexo-de-entregas_assinado-copi   145.8KB
14:36:36 INFO     ✓ [ 86/132] mda-anexo-entregas-assinado_ptd-2025-2027-copia-ta   284.6KB
14:36:38 INFO     ✓ [ 87/132] mdhc_ptd_2025_2027_docdiretivo_assinado_assinado_a   753.4KB
14:36:41 INFO     ✓ [ 88/132] mdhc_ptd_2025_2027_anexoentregas_assinado_assinado   186.8KB
14:36:43 INFO     ✓ [ 89/132] mdic_ptd_anexo_de_entregas_assinado_v1_assinado_as   176.6KB
14:36:46 INFO     ✓ [ 90/132] memp_ptd_2025_2026_docdiretivo_assinado_assinado_a  1030.1KB
14:36:49 INFO     ✓ [ 91/132] memp_ptd_2025_2026_anexo_de_entregas_assinado_assi   161.5KB
14:36:52 INFO     ✓ [ 92/132] mesp_ptd_2025_2027_docdiretivo_assinado_assinado_2  1147.7KB
14:36:54 INFO     ✓ [ 93/132] mesp_ptd_2025_2027_anexo_de_entregas_assinado_assi   226.6KB
14:36:57 INFO     ✓ [ 94/132] mf_ptd_2026_2027_documentodiretivo_assinado_assina   955.1KB
14:37:00 INFO     ✓ [ 95/132] mf_ptd_2026_2027_anexo_de_entregas_1_mf_se_assinad   241.2KB
14:37:02 INFO     ✓ [ 96/132] mgi_ptd_2025_2027_docdiretivo_assinado_assinado_as   375.2KB
14:37:04 INFO     ✓ [ 97/132] mgi_ptd_2025_2027_anexo_de_entregas_assinado_assin   256.1KB
14:37:07 INFO     ✓ [ 98/132] minc_ptd_2025_2027_docdiretivo_assinado-1_assinado   863.6KB
14:37:10 INFO     ✓ [ 99/132] minc_ptd_2025_2027_anexo_de_entregas_assinado-1_as   276.7KB
14:37:13 INFO     ✓ [100/132] mjsp_ptd_docdiretivo_assinado_2025_2026_assinado_a   954.0KB
14:37:16 INFO     ✓ [101/132] mjsp_ptd_anexo_de_entregas_assinado_v1_assinado_as   253.9KB
14:37:18 INFO     ✓ [102/132] mme_ptd_2025_2027_docdiretivo_assinado-copia_tarja   664.5KB
14:37:21 INFO     ✓ [103/132] mme_ptd_2025_2027_anexo_de_entregas_assinado__1_-c   111.1KB
14:37:24 INFO     ✓ [104/132] mmulheres_ptd_2025_2027_docdiretivo_assinado_assin  1078.3KB
14:37:26 INFO     ✓ [105/132] mmulheres_ptd_2025_2027_anexo_de_entregas_assinado   216.9KB
14:37:29 INFO     ✓ [106/132] mpi_ptd_2025_2027_docdiretivo_ministerio_dos_povos   947.9KB
14:37:31 INFO     ✓ [107/132] mpi_ptd_anexo_de_entregas_do_plano_de_tranformacao   191.9KB
14:37:34 INFO     ✓ [108/132] mpo_ptd_docdiretivo_assinado_2025_2026_assinado_as   806.3KB
14:37:37 INFO     ✓ [109/132] mpo_ptd_anexo_de_entregas_assinado_v1_assinado_ass   323.2KB
14:37:40 INFO     ✓ [110/132] mpor_ptd_2025_2027_docdiretivo_assinado_assinado_a   876.5KB
14:37:42 INFO     ✓ [111/132] mpor_ptd_2025_2027_anexo_de_entregas_assinado_assi   175.1KB
14:37:45 INFO     ✓ [112/132] mps_ptd_2025-2026_docdiretivo_final_assinado-1_ass  1024.4KB
14:37:48 INFO     ✓ [113/132] mps_ptd_2025-2026_anexo_de_entregas_final_assinado   165.0KB
14:37:51 INFO     ✓ [114/132] mre_ptd_docdiretivo_assinado_2025_2026_assinado_as   760.9KB
14:37:53 INFO     ✓ [115/132] mre_ptd_anexo_de_entregas_assinado_v1_assinado_ass   233.2KB
14:37:56 INFO     ✓ [116/132] mte_ptd_2025_2026_docdiretivo_assinado_assinado_as   729.6KB
14:37:58 INFO     ✓ [117/132] mte_ptd_anexo_de_entregas_assinado_v1__281_29_assi   459.5KB
14:38:02 INFO     ✓ [118/132] mtur_ptd_docdiretiv_assinado_30_01_2025_assinado_a  1050.4KB
14:38:04 INFO     ✓ [119/132] mtur_ptd_anexo_de_entregas_assinado_30_01_2025_ass   118.8KB
14:38:07 INFO     ✓ [120/132] pf_ptd_docdiretivo_2025_2027_assinado-copia_tarjad   964.3KB
14:38:09 INFO     ✓ [121/132] pf_ptd_anexo_de_entregas_2025_2027_assinado-copia_    62.5KB
14:38:12 INFO     ✓ [122/132] mf_ptd_2026_2027_anexo_de_entregas_4_mf_pgfn_assin   466.8KB
14:38:22 INFO     ✓ [123/132] previc_plano_de_transformacao_digital_2025_2026_29  6652.7KB
14:38:24 INFO     ✓ [124/132] previc_ptd_repactuacao_2025-2026_assinado_assinado   182.9KB
14:38:26 INFO     ✓ [125/132] prf_documentodiretivo_ptd_2026-2027_assinado_tarja   535.9KB
14:38:29 INFO     ✓ [126/132] prf_anexo_de_entregas_do_ptd__2026_2027___ptd___en   157.7KB
14:38:31 INFO     ✓ [127/132] mf_ptd_2026_2027_anexo_de_entregas_2_mf_rfb_assina   253.7KB
14:38:34 INFO     ✓ [128/132] sgpr_ptd_2026_2027_docdiretivo_assinado-copia_tarj   791.2KB
14:38:37 INFO     ✓ [129/132] sgpr_ptd_2025_2027_anexo_de_entregas_assinado-copi   897.9KB
14:38:40 INFO     ✓ [130/132] mf_ptd_2026_2027_anexo_de_entregas_3_mf_stn_assina   467.8KB
14:38:43 INFO     ✓ [131/132] susep_ptd_2025_2027_docdiretivo-assinado-copia_tar  1030.1KB
14:38:45 INFO     ✓ [132/132] susep_ptd_2025-2026_anexo_de_entregas_final_assina   221.9KB
14:38:47 INFO     132 OK | 0 erros | 123.3 MB total
14:38:53 INFO     Sanity: 132 PDFs | 113 texto | 19 imagem/OCR | 0 duplicatas
14:38:53 INFO     --siglas (debug): 15 PDFs de ['AGU', 'FIOCRUZ', 'FUNAI', 'FUNDACENTRO', 'INCRA', 'ITI', 'MCOM', 'SGPR']
14:38:53 INFO     DocumentConverter instanciado (singleton × 2: plain + OCR)
14:38:53 INFO     [1/15] → agu_ptd_2025_2027_anexo_de_entregas_assinado_assinado_assinado-copia_tarjada.pdf
14:38:53 INFO     detected formats: [<InputFormat.PDF: 'pdf'>]
14:38:53 INFO     Going to convert document batch...
14:38:53 INFO     Initializing pipeline for StandardPdfPipeline with options hash bc6794697da537796efc497178f9263f
14:38:53 INFO     Loading plugin 'docling_defaults'
14:38:53 INFO     Registered picture descriptions: ['picture_description_vlm_engine', 'vlm', 'api']
14:38:53 INFO     Loading plugin 'docling_defaults'
14:38:53 INFO     Registered ocr engines: ['auto', 'easyocr', 'kserve_v2_ocr', 'ocrmac', 'rapidocr', 'tesserocr', 'tesseract']
14:38:53 INFO     command: tesseract --list-langs
14:38:53 INFO     Loading plugin 'docling_defaults'
14:38:53 INFO     Registered layout engines: ['layout_object_detection', 'docling_layout_default', 'docling_experimental_table_crops_layout']
14:38:53 INFO     Accelerator device: 'cpu'
14:38:53 INFO     HTTP Request: GET https://huggingface.co/api/models/docling-project/docling-layout-heron/revision/main "HTTP/1.1 200 OK"
14:38:53 INFO     HTTP Request: HEAD https://huggingface.co/docling-project/docling-layout-heron/resolve/8f39ad3c0b4c58e9c2d2c84a38465abf757272d8/config.json "HTTP/1.1 307 Temporary Redirect"
14:38:53 WARNING  Warning: You are sending unauthenticated requests to the HF Hub. Please set a HF_TOKEN to enable higher rate limits and faster downloads.
14:38:53 INFO     HTTP Request: HEAD https://huggingface.co/docling-project/docling-layout-heron/resolve/8f39ad3c0b4c58e9c2d2c84a38465abf757272d8/README.md "HTTP/1.1 307 Temporary Redirect"
14:38:53 INFO     HTTP Request: HEAD https://huggingface.co/docling-project/docling-layout-heron/resolve/8f39ad3c0b4c58e9c2d2c84a38465abf757272d8/.gitattributes "HTTP/1.1 307 Temporary Redirect"
14:38:53 INFO     HTTP Request: HEAD https://huggingface.co/api/resolve-cache/models/docling-project/docling-layout-heron/8f39ad3c0b4c58e9c2d2c84a38465abf757272d8/config.json "HTTP/1.1 200 OK"
14:38:53 INFO     HTTP Request: HEAD https://huggingface.co/docling-project/docling-layout-heron/resolve/8f39ad3c0b4c58e9c2d2c84a38465abf757272d8/docling_heron_400.png "HTTP/1.1 307 Temporary Redirect"
14:38:53 INFO     HTTP Request: HEAD https://huggingface.co/docling-project/docling-layout-heron/resolve/8f39ad3c0b4c58e9c2d2c84a38465abf757272d8/preprocessor_config.json "HTTP/1.1 307 Temporary Redirect"
14:38:53 INFO     HTTP Request: HEAD https://huggingface.co/docling-project/docling-layout-heron/resolve/8f39ad3c0b4c58e9c2d2c84a38465abf757272d8/model.safetensors "HTTP/1.1 302 Found"
14:38:53 INFO     HTTP Request: HEAD https://huggingface.co/api/resolve-cache/models/docling-project/docling-layout-heron/8f39ad3c0b4c58e9c2d2c84a38465abf757272d8/README.md "HTTP/1.1 200 OK"
14:38:53 INFO     HTTP Request: HEAD https://huggingface.co/api/resolve-cache/models/docling-project/docling-layout-heron/8f39ad3c0b4c58e9c2d2c84a38465abf757272d8/docling_heron_400.png "HTTP/1.1 200 OK"
14:38:53 INFO     HTTP Request: HEAD https://huggingface.co/api/resolve-cache/models/docling-project/docling-layout-heron/8f39ad3c0b4c58e9c2d2c84a38465abf757272d8/.gitattributes "HTTP/1.1 200 OK"
14:38:53 INFO     HTTP Request: HEAD https://huggingface.co/api/resolve-cache/models/docling-project/docling-layout-heron/8f39ad3c0b4c58e9c2d2c84a38465abf757272d8/preprocessor_config.json "HTTP/1.1 200 OK"
14:38:53 INFO     HTTP Request: GET https://huggingface.co/api/resolve-cache/models/docling-project/docling-layout-heron/8f39ad3c0b4c58e9c2d2c84a38465abf757272d8/README.md "HTTP/1.1 200 OK"
14:38:53 INFO     HTTP Request: GET https://huggingface.co/api/resolve-cache/models/docling-project/docling-layout-heron/8f39ad3c0b4c58e9c2d2c84a38465abf757272d8/docling_heron_400.png "HTTP/1.1 200 OK"
14:38:53 INFO     HTTP Request: GET https://huggingface.co/api/resolve-cache/models/docling-project/docling-layout-heron/8f39ad3c0b4c58e9c2d2c84a38465abf757272d8/config.json "HTTP/1.1 200 OK"
14:38:53 INFO     HTTP Request: GET https://huggingface.co/api/resolve-cache/models/docling-project/docling-layout-heron/8f39ad3c0b4c58e9c2d2c84a38465abf757272d8/.gitattributes "HTTP/1.1 200 OK"
14:38:53 INFO     HTTP Request: GET https://huggingface.co/api/resolve-cache/models/docling-project/docling-layout-heron/8f39ad3c0b4c58e9c2d2c84a38465abf757272d8/preprocessor_config.json "HTTP/1.1 200 OK"
14:38:53 INFO     HTTP Request: GET https://huggingface.co/api/models/docling-project/docling-layout-heron/xet-read-token/8f39ad3c0b4c58e9c2d2c84a38465abf757272d8 "HTTP/1.1 200 OK"
14:38:55 INFO     Loading plugin 'docling_defaults'
14:38:55 INFO     Registered table structure engines: ['docling_tableformer', 'docling_tableformer_v2']
14:38:55 INFO     HTTP Request: GET https://huggingface.co/api/models/docling-project/docling-models/revision/v2.3.0 "HTTP/1.1 200 OK"
14:38:55 INFO     HTTP Request: HEAD https://huggingface.co/docling-project/docling-models/resolve/fc0f2d45e2218ea24bce5045f58a389aed16dc23/.gitattributes "HTTP/1.1 307 Temporary Redirect"
14:38:55 INFO     HTTP Request: HEAD https://huggingface.co/docling-project/docling-models/resolve/fc0f2d45e2218ea24bce5045f58a389aed16dc23/.gitignore "HTTP/1.1 307 Temporary Redirect"
14:38:55 INFO     HTTP Request: HEAD https://huggingface.co/docling-project/docling-models/resolve/fc0f2d45e2218ea24bce5045f58a389aed16dc23/model_artifacts/tableformer/accurate/tableformer_accurate.safetensors "HTTP/1.1 302 Found"
14:38:55 INFO     HTTP Request: HEAD https://huggingface.co/docling-project/docling-models/resolve/fc0f2d45e2218ea24bce5045f58a389aed16dc23/config.json "HTTP/1.1 307 Temporary Redirect"
14:38:55 INFO     HTTP Request: HEAD https://huggingface.co/docling-project/docling-models/resolve/fc0f2d45e2218ea24bce5045f58a389aed16dc23/model_artifacts/tableformer/accurate/tm_config.json "HTTP/1.1 307 Temporary Redirect"
14:38:55 INFO     HTTP Request: HEAD https://huggingface.co/api/resolve-cache/models/docling-project/docling-models/fc0f2d45e2218ea24bce5045f58a389aed16dc23/.gitattributes "HTTP/1.1 200 OK"
14:38:55 INFO     HTTP Request: HEAD https://huggingface.co/api/resolve-cache/models/docling-project/docling-models/fc0f2d45e2218ea24bce5045f58a389aed16dc23/.gitignore "HTTP/1.1 200 OK"
14:38:55 INFO     HTTP Request: HEAD https://huggingface.co/api/resolve-cache/models/docling-project/docling-models/fc0f2d45e2218ea24bce5045f58a389aed16dc23/config.json "HTTP/1.1 200 OK"
14:38:55 INFO     HTTP Request: HEAD https://huggingface.co/docling-project/docling-models/resolve/fc0f2d45e2218ea24bce5045f58a389aed16dc23/README.md "HTTP/1.1 307 Temporary Redirect"
14:38:55 INFO     HTTP Request: HEAD https://huggingface.co/api/resolve-cache/models/docling-project/docling-models/fc0f2d45e2218ea24bce5045f58a389aed16dc23/model_artifacts%2Ftableformer%2Faccurate%2Ftm_config.json "HTTP/1.1 200 OK"
14:38:55 INFO     HTTP Request: HEAD https://huggingface.co/docling-project/docling-models/resolve/fc0f2d45e2218ea24bce5045f58a389aed16dc23/model_artifacts/tableformer/fast/tm_config.json "HTTP/1.1 307 Temporary Redirect"
14:38:55 INFO     HTTP Request: HEAD https://huggingface.co/docling-project/docling-models/resolve/fc0f2d45e2218ea24bce5045f58a389aed16dc23/model_artifacts/tableformer/fast/tableformer_fast.safetensors "HTTP/1.1 302 Found"
14:38:55 INFO     HTTP Request: HEAD https://huggingface.co/api/resolve-cache/models/docling-project/docling-models/fc0f2d45e2218ea24bce5045f58a389aed16dc23/README.md "HTTP/1.1 200 OK"
14:38:55 INFO     HTTP Request: GET https://huggingface.co/api/resolve-cache/models/docling-project/docling-models/fc0f2d45e2218ea24bce5045f58a389aed16dc23/.gitattributes "HTTP/1.1 200 OK"
14:38:55 INFO     HTTP Request: GET https://huggingface.co/api/resolve-cache/models/docling-project/docling-models/fc0f2d45e2218ea24bce5045f58a389aed16dc23/.gitignore "HTTP/1.1 200 OK"
14:38:55 INFO     HTTP Request: HEAD https://huggingface.co/api/resolve-cache/models/docling-project/docling-models/fc0f2d45e2218ea24bce5045f58a389aed16dc23/model_artifacts%2Ftableformer%2Ffast%2Ftm_config.json "HTTP/1.1 200 OK"
14:38:55 INFO     HTTP Request: GET https://huggingface.co/api/resolve-cache/models/docling-project/docling-models/fc0f2d45e2218ea24bce5045f58a389aed16dc23/config.json "HTTP/1.1 200 OK"
14:38:55 INFO     HTTP Request: GET https://huggingface.co/api/resolve-cache/models/docling-project/docling-models/fc0f2d45e2218ea24bce5045f58a389aed16dc23/model_artifacts%2Ftableformer%2Faccurate%2Ftm_config.json "HTTP/1.1 200 OK"
14:38:55 INFO     HTTP Request: GET https://huggingface.co/api/models/docling-project/docling-models/xet-read-token/fc0f2d45e2218ea24bce5045f58a389aed16dc23 "HTTP/1.1 200 OK"
14:38:55 INFO     HTTP Request: GET https://huggingface.co/api/resolve-cache/models/docling-project/docling-models/fc0f2d45e2218ea24bce5045f58a389aed16dc23/README.md "HTTP/1.1 200 OK"
14:38:55 INFO     HTTP Request: GET https://huggingface.co/api/resolve-cache/models/docling-project/docling-models/fc0f2d45e2218ea24bce5045f58a389aed16dc23/model_artifacts%2Ftableformer%2Ffast%2Ftm_config.json "HTTP/1.1 200 OK"
14:38:55 INFO     HTTP Request: GET https://huggingface.co/api/models/docling-project/docling-models/xet-read-token/fc0f2d45e2218ea24bce5045f58a389aed16dc23 "HTTP/1.1 200 OK"
14:38:56 INFO     Accelerator device: 'cpu'
14:38:56 INFO     Processing document agu_ptd_2025_2027_anexo_de_entregas_assinado_assinado_assinado-copia_tarjada.pdf
14:38:57 INFO     command: tesseract --psm 0 -l osd /tmp/tmpvuqbthjk.png stdout
14:38:58 INFO     command: tesseract -l por /tmp/tmpvuqbthjk.png stdout tsv
14:39:01 INFO     command: tesseract --psm 0 -l osd /tmp/tmpk5a5_rfl.png stdout
14:39:02 INFO     command: tesseract -l por /tmp/tmpk5a5_rfl.png stdout tsv
14:39:20 INFO     Finished converting document agu_ptd_2025_2027_anexo_de_entregas_assinado_assinado_assinado-copia_tarjada.pdf in 26.96 sec.
14:39:20 INFO       pixel_budget (Docling) agu_ptd_2025_2027_anexo_de_entregas_assinado_assinado_assinado-copia_tarjada.pdf: 45.8% (área tabelas/1001817 px²)
14:39:20 INFO     [1/15] ✓ AGU       :   33 entregas | 27.0s | ETA ~6min
14:39:20 INFO     [2/15] → agu_ptd_2025_2027_docdiretivo_assinado_assinado_assinado-copia_tarjada.pdf
14:39:20 INFO     detected formats: [<InputFormat.PDF: 'pdf'>]
14:39:20 INFO     Going to convert document batch...
14:39:20 INFO     Processing document agu_ptd_2025_2027_docdiretivo_assinado_assinado_assinado-copia_tarjada.pdf
14:39:20 INFO     command: tesseract --psm 0 -l osd /tmp/tmp9pb41fu6.png stdout
14:39:21 INFO     command: tesseract -l por /tmp/tmp9pb41fu6.png stdout tsv
14:39:23 INFO     command: tesseract --psm 0 -l osd /tmp/tmpp2buwpxi.png stdout
14:39:24 INFO     command: tesseract -l por /tmp/tmpp2buwpxi.png stdout tsv
14:39:27 INFO     command: tesseract --psm 0 -l osd /tmp/tmpjg5st1i3.png stdout
14:39:28 INFO     command: tesseract -l por /tmp/tmpjg5st1i3.png stdout tsv
14:39:30 INFO     command: tesseract --psm 0 -l osd /tmp/tmpf33czglv.png stdout
14:39:31 INFO     command: tesseract -l por /tmp/tmpf33czglv.png stdout tsv
14:39:33 INFO     command: tesseract --psm 0 -l osd /tmp/tmp2bnpdphd.png stdout
14:39:34 INFO     command: tesseract -l por /tmp/tmp2bnpdphd.png stdout tsv
14:39:36 INFO     command: tesseract --psm 0 -l osd /tmp/tmpliin83c7.png stdout
14:39:38 INFO     command: tesseract -l por /tmp/tmpliin83c7.png stdout tsv
14:39:47 INFO     command: tesseract --psm 0 -l osd /tmp/tmplfh1vmf9.png stdout
14:39:48 INFO     command: tesseract -l por /tmp/tmplfh1vmf9.png stdout tsv
14:39:51 INFO     command: tesseract --psm 0 -l osd /tmp/tmpb_hujw4q.png stdout
14:39:51 INFO     command: tesseract -l por /tmp/tmpb_hujw4q.png stdout tsv
14:39:54 INFO     command: tesseract --psm 0 -l osd /tmp/tmpph57efqu.png stdout
14:39:54 INFO     command: tesseract -l por /tmp/tmpph57efqu.png stdout tsv
14:39:57 INFO     command: tesseract --psm 0 -l osd /tmp/tmp7fptr4p6.png stdout
14:39:58 INFO     command: tesseract -l por /tmp/tmp7fptr4p6.png stdout tsv
14:40:13 INFO     command: tesseract --psm 0 -l osd /tmp/tmp75u_2lcv.png stdout
14:40:14 INFO     command: tesseract -l por /tmp/tmp75u_2lcv.png stdout tsv
14:40:17 INFO     Finished converting document agu_ptd_2025_2027_docdiretivo_assinado_assinado_assinado-copia_tarjada.pdf in 57.26 sec.
14:40:17 INFO       pixel_budget (Docling) agu_ptd_2025_2027_docdiretivo_assinado_assinado_assinado-copia_tarjada.pdf: 2.1% (área tabelas/5513330 px²)
14:40:17 INFO     [2/15] ✓ AGU       :    6 entregas | 57.3s | ETA ~9min
14:40:17 INFO     [3/15] → anexo-de-entregas-mcom_ptd-25_27-copia_tarjada.pdf
14:40:17 INFO     detected formats: [<InputFormat.PDF: 'pdf'>]
14:40:17 INFO     Going to convert document batch...
14:40:17 INFO     Processing document anexo-de-entregas-mcom_ptd-25_27-copia_tarjada.pdf
14:40:18 INFO     command: tesseract --psm 0 -l osd /tmp/tmp80xbysqu.png stdout
14:40:19 INFO     command: tesseract -l por /tmp/tmp80xbysqu.png stdout tsv
14:40:22 INFO     command: tesseract --psm 0 -l osd /tmp/tmpy9n792lk.png stdout
14:40:23 INFO     command: tesseract -l por /tmp/tmpy9n792lk.png stdout tsv
14:40:37 INFO     command: tesseract --psm 0 -l osd /tmp/tmpurshn3sf.png stdout
14:40:38 INFO     command: tesseract -l por /tmp/tmpurshn3sf.png stdout tsv
14:40:59 INFO     Finished converting document anexo-de-entregas-mcom_ptd-25_27-copia_tarjada.pdf in 41.75 sec.
14:40:59 INFO       pixel_budget (Docling) anexo-de-entregas-mcom_ptd-25_27-copia_tarjada.pdf: 55.2% (área tabelas/1503636 px²)
14:40:59 INFO     [3/15] ✓ MCOM      :   55 entregas | 41.8s | ETA ~8min
14:40:59 INFO     [4/15] → documento-diretivo-mcom-_-ptd-25_27-copia_tarjada.pdf
14:40:59 INFO     detected formats: [<InputFormat.PDF: 'pdf'>]
14:40:59 INFO     Going to convert document batch...
14:40:59 INFO     Processing document documento-diretivo-mcom-_-ptd-25_27-copia_tarjada.pdf
14:40:59 INFO     command: tesseract --psm 0 -l osd /tmp/tmpc4vxscp9.png stdout
14:41:00 INFO     command: tesseract -l por /tmp/tmpc4vxscp9.png stdout tsv
14:41:02 INFO     command: tesseract --psm 0 -l osd /tmp/tmpgctav122.png stdout
14:41:03 INFO     command: tesseract -l por /tmp/tmpgctav122.png stdout tsv
14:41:10 INFO     command: tesseract --psm 0 -l osd /tmp/tmpzwi6fvk1.png stdout
14:41:10 INFO     command: tesseract -l por /tmp/tmpzwi6fvk1.png stdout tsv
14:41:11 INFO     command: tesseract --psm 0 -l osd /tmp/tmpy7nj5oam.png stdout
14:41:12 INFO     command: tesseract -l por /tmp/tmpy7nj5oam.png stdout tsv
14:41:14 INFO     command: tesseract --psm 0 -l osd /tmp/tmpsp9qyfnx.png stdout
14:41:15 INFO     command: tesseract -l por /tmp/tmpsp9qyfnx.png stdout tsv
14:41:18 INFO     command: tesseract --psm 0 -l osd /tmp/tmpas2bzn68.png stdout
14:41:19 INFO     command: tesseract -l por /tmp/tmpas2bzn68.png stdout tsv
14:41:32 INFO     command: tesseract --psm 0 -l osd /tmp/tmplqxucmlp.png stdout
14:41:33 INFO     command: tesseract -l por /tmp/tmplqxucmlp.png stdout tsv
14:41:36 INFO     command: tesseract --psm 0 -l osd /tmp/tmp9aq8bmoq.png stdout
14:41:37 INFO     command: tesseract -l por /tmp/tmp9aq8bmoq.png stdout tsv
14:41:39 INFO     command: tesseract --psm 0 -l osd /tmp/tmpagfx2bs0.png stdout
14:41:40 INFO     command: tesseract -l por /tmp/tmpagfx2bs0.png stdout tsv
14:41:42 INFO     command: tesseract --psm 0 -l osd /tmp/tmpcxi7ocfa.png stdout
14:41:44 INFO     command: tesseract -l por /tmp/tmpcxi7ocfa.png stdout tsv
14:41:48 INFO     command: tesseract --psm 0 -l osd /tmp/tmpf1zun9je.png stdout
14:41:49 INFO     command: tesseract -l por /tmp/tmpf1zun9je.png stdout tsv
14:41:56 INFO     command: tesseract --psm 0 -l osd /tmp/tmpk75_kfop.png stdout
14:41:57 INFO     command: tesseract -l por /tmp/tmpk75_kfop.png stdout tsv
14:41:59 INFO     command: tesseract --psm 0 -l osd /tmp/tmpgwi5em2t.png stdout
14:41:59 INFO     command: tesseract -l por /tmp/tmpgwi5em2t.png stdout tsv
14:42:02 INFO     command: tesseract --psm 0 -l osd /tmp/tmpuudljsd_.png stdout
14:42:02 INFO     command: tesseract -l por /tmp/tmpuudljsd_.png stdout tsv
14:42:08 INFO     Finished converting document documento-diretivo-mcom-_-ptd-25_27-copia_tarjada.pdf in 69.66 sec.
14:42:08 INFO       pixel_budget (Docling) documento-diretivo-mcom-_-ptd-25_27-copia_tarjada.pdf: 10.8% (área tabelas/7016966 px²)
14:42:08 WARNING  [4/15] ⚠ MCOM      :    0 entregas | 69.7s | ETA ~8min
14:42:08 INFO     [5/15] → fiocruz-ptd-06_2024-copia_tarjada.pdf
14:42:08 INFO     detected formats: [<InputFormat.PDF: 'pdf'>]
14:42:08 INFO     Going to convert document batch...
14:42:08 INFO     Initializing pipeline for StandardPdfPipeline with options hash d18651824ca6fe56cf3ccb20424ac2c8
14:42:08 INFO     Accelerator device: 'cpu'
14:42:08 INFO     HTTP Request: GET https://huggingface.co/api/models/docling-project/docling-layout-heron/revision/main "HTTP/1.1 200 OK"
14:42:09 INFO     HTTP Request: GET https://huggingface.co/api/models/docling-project/docling-models/revision/v2.3.0 "HTTP/1.1 200 OK"
14:42:09 INFO     Accelerator device: 'cpu'
14:42:09 INFO     Processing document fiocruz-ptd-06_2024-copia_tarjada.pdf
14:43:20 INFO     Finished converting document fiocruz-ptd-06_2024-copia_tarjada.pdf in 71.70 sec.
14:43:20 INFO       pixel_budget (Docling) fiocruz-ptd-06_2024-copia_tarjada.pdf: 36.4% (área tabelas/7518178 px²)
14:43:20 WARNING  [5/15] ⚠ FIOCRUZ   :    0 entregas | 71.7s | ETA ~8min
14:43:20 INFO     [6/15] → fiocruz_novo-ptd_2-1_docdiretivo_repactuacao_2024-2026_assinado_assinado-copia_tarjada.pdf
14:43:20 INFO     detected formats: [<InputFormat.PDF: 'pdf'>]
14:43:20 INFO     Going to convert document batch...
14:43:20 INFO     Processing document fiocruz_novo-ptd_2-1_docdiretivo_repactuacao_2024-2026_assinado_assinado-copia_tarjada.pdf
14:43:39 INFO     Finished converting document fiocruz_novo-ptd_2-1_docdiretivo_repactuacao_2024-2026_assinado_assinado-copia_tarjada.pdf in 18.64 sec.
14:43:39 INFO       pixel_budget (Docling) fiocruz_novo-ptd_2-1_docdiretivo_repactuacao_2024-2026_assinado_assinado-copia_tarjada.pdf: 11.3% (área tabelas/5012118 px²)
14:43:39 WARNING  [6/15] ⚠ FIOCRUZ   :    0 entregas | 18.7s | ETA ~7min
14:43:39 INFO     [7/15] → fiocruz_ptd_anexo_de_entregas_assinado_v1_assinado_assinado-1-copia_tarjada.pdf
14:43:39 INFO     detected formats: [<InputFormat.PDF: 'pdf'>]
14:43:39 INFO     Going to convert document batch...
14:43:39 INFO     Processing document fiocruz_ptd_anexo_de_entregas_assinado_v1_assinado_assinado-1-copia_tarjada.pdf
14:44:12 INFO     Finished converting document fiocruz_ptd_anexo_de_entregas_assinado_v1_assinado_assinado-1-copia_tarjada.pdf in 33.31 sec.
14:44:12 INFO       pixel_budget (Docling) fiocruz_ptd_anexo_de_entregas_assinado_v1_assinado_assinado-1-copia_tarjada.pdf: 54.7% (área tabelas/2004847 px²)
14:44:12 INFO     [7/15] ✓ FIOCRUZ   :   61 entregas | 33.3s | ETA ~6min
14:44:12 INFO     [8/15] → funai_anexo_de_entregas_repactuado_2026_2027_assinado_assinado_assinado.pdf
14:44:12 INFO     detected formats: [<InputFormat.PDF: 'pdf'>]
14:44:12 INFO     Going to convert document batch...
14:44:12 INFO     Processing document funai_anexo_de_entregas_repactuado_2026_2027_assinado_assinado_assinado.pdf
14:44:13 INFO     command: tesseract --psm 0 -l osd /tmp/tmpbm5sx3w8.png stdout
14:44:14 INFO     command: tesseract -l por /tmp/tmpbm5sx3w8.png stdout tsv
14:44:28 INFO     Finished converting document funai_anexo_de_entregas_repactuado_2026_2027_assinado_assinado_assinado.pdf in 15.45 sec.
14:44:28 INFO       pixel_budget (Docling) funai_anexo_de_entregas_repactuado_2026_2027_assinado_assinado_assinado.pdf: 49.8% (área tabelas/501212 px²)
14:44:28 INFO     [8/15] ✓ FUNAI     :   21 entregas | 15.5s | ETA ~4min
14:44:28 INFO     [9/15] → funai_ptd_2025_2027_docdiretivo_assinado-1_tarjado.pdf
14:44:28 INFO     detected formats: [<InputFormat.PDF: 'pdf'>]
14:44:28 INFO     Going to convert document batch...
14:44:28 INFO     Processing document funai_ptd_2025_2027_docdiretivo_assinado-1_tarjado.pdf
14:44:29 INFO     command: tesseract --psm 0 -l osd /tmp/tmpa7zva_2i.png stdout
14:44:30 INFO     command: tesseract -l por /tmp/tmpa7zva_2i.png stdout tsv
14:44:31 INFO     command: tesseract --psm 0 -l osd /tmp/tmpm8czrwzl.png stdout
14:44:32 INFO     command: tesseract -l por /tmp/tmpm8czrwzl.png stdout tsv
14:44:35 INFO     command: tesseract --psm 0 -l osd /tmp/tmpv5h41ug5.png stdout
14:44:36 INFO     command: tesseract -l por /tmp/tmpv5h41ug5.png stdout tsv
14:44:38 INFO     command: tesseract --psm 0 -l osd /tmp/tmpy8os4e4b.png stdout
14:44:39 INFO     command: tesseract -l por /tmp/tmpy8os4e4b.png stdout tsv
14:44:41 INFO     command: tesseract --psm 0 -l osd /tmp/tmp4pgtsmev.png stdout
14:44:41 INFO     command: tesseract -l por /tmp/tmp4pgtsmev.png stdout tsv
14:44:44 INFO     command: tesseract --psm 0 -l osd /tmp/tmp63iyca98.png stdout
14:44:45 INFO     command: tesseract -l por /tmp/tmp63iyca98.png stdout tsv
14:44:55 INFO     command: tesseract --psm 0 -l osd /tmp/tmpafxe_4uj.png stdout
14:44:56 INFO     command: tesseract -l por /tmp/tmpafxe_4uj.png stdout tsv
14:44:57 INFO     command: tesseract --psm 0 -l osd /tmp/tmpylqse_5c.png stdout
14:44:58 INFO     command: tesseract -l por /tmp/tmpylqse_5c.png stdout tsv
14:44:59 INFO     command: tesseract --psm 0 -l osd /tmp/tmpvr3z9z22.png stdout
14:45:00 INFO     command: tesseract -l por /tmp/tmpvr3z9z22.png stdout tsv
14:45:02 INFO     command: tesseract --psm 0 -l osd /tmp/tmp1onc2wbf.png stdout
14:45:03 INFO     command: tesseract -l por /tmp/tmp1onc2wbf.png stdout tsv
14:45:23 INFO     command: tesseract --psm 0 -l osd /tmp/tmp3adgods1.png stdout
14:45:24 INFO     command: tesseract -l por /tmp/tmp3adgods1.png stdout tsv
14:45:26 INFO     command: tesseract --psm 0 -l osd /tmp/tmpabg7z0y3.png stdout
14:45:27 INFO     command: tesseract -l por /tmp/tmpabg7z0y3.png stdout tsv
14:45:29 INFO     command: tesseract --psm 0 -l osd /tmp/tmp1uw_8hgs.png stdout
14:45:29 INFO     command: tesseract -l por /tmp/tmp1uw_8hgs.png stdout tsv
14:45:36 INFO     Finished converting document funai_ptd_2025_2027_docdiretivo_assinado-1_tarjado.pdf in 68.30 sec.
14:45:36 INFO       pixel_budget (Docling) funai_ptd_2025_2027_docdiretivo_assinado-1_tarjado.pdf: 16.4% (área tabelas/6515754 px²)
14:45:36 INFO     [9/15] ✓ FUNAI     :    8 entregas | 68.3s | ETA ~4min
14:45:36 INFO     [10/15] → incra_anexo_de_entregas_assinado-1_assinado_assinado-copia_tarjada.pdf
14:45:36 INFO     detected formats: [<InputFormat.PDF: 'pdf'>]
14:45:36 INFO     Going to convert document batch...
14:45:36 INFO     Processing document incra_anexo_de_entregas_assinado-1_assinado_assinado-copia_tarjada.pdf
14:45:37 INFO     command: tesseract --psm 0 -l osd /tmp/tmpi16w42pw.png stdout
14:45:38 INFO     command: tesseract -l por /tmp/tmpi16w42pw.png stdout tsv
14:45:41 INFO     command: tesseract --psm 0 -l osd /tmp/tmpemr4s168.png stdout
14:45:42 INFO     command: tesseract -l por /tmp/tmpemr4s168.png stdout tsv
14:45:54 INFO     command: tesseract --psm 0 -l osd /tmp/tmpgd1ono89.png stdout
14:45:54 INFO     command: tesseract -l por /tmp/tmpgd1ono89.png stdout tsv
14:45:56 INFO     command: tesseract --psm 0 -l osd /tmp/tmpk64xgng5.png stdout
14:45:57 INFO     command: tesseract -l por /tmp/tmpk64xgng5.png stdout tsv
14:45:59 INFO     command: tesseract --psm 0 -l osd /tmp/tmpqldelmrt.png stdout
14:46:00 INFO     command: tesseract -l por /tmp/tmpqldelmrt.png stdout tsv
14:47:33 INFO     Finished converting document incra_anexo_de_entregas_assinado-1_assinado_assinado-copia_tarjada.pdf in 117.35 sec.
14:47:33 INFO       pixel_budget (Docling) incra_anexo_de_entregas_assinado-1_assinado_assinado-copia_tarjada.pdf: 30.0% (área tabelas/2423520 px²)
14:47:33 INFO     [10/15] ✓ INCRA     :   10 entregas | 117.4s | ETA ~4min
14:47:33 INFO     [11/15] → incra_ptd_docdiretivo__assinado-1_assinado_assinado-copia_tarjada.pdf
14:47:33 INFO     detected formats: [<InputFormat.PDF: 'pdf'>]
14:47:33 INFO     Going to convert document batch...
14:47:33 INFO     Processing document incra_ptd_docdiretivo__assinado-1_assinado_assinado-copia_tarjada.pdf
14:47:34 INFO     command: tesseract --psm 0 -l osd /tmp/tmpakiebbmm.png stdout
14:47:35 INFO     command: tesseract -l por /tmp/tmpakiebbmm.png stdout tsv
14:47:37 INFO     command: tesseract --psm 0 -l osd /tmp/tmpyjuu9ise.png stdout
14:47:39 INFO     command: tesseract -l por /tmp/tmpyjuu9ise.png stdout tsv
14:47:45 INFO     command: tesseract --psm 0 -l osd /tmp/tmpwsisiomu.png stdout
14:47:46 INFO     command: tesseract -l por /tmp/tmpwsisiomu.png stdout tsv
14:47:48 INFO     command: tesseract --psm 0 -l osd /tmp/tmpjre4_z1e.png stdout
14:47:48 INFO     command: tesseract -l por /tmp/tmpjre4_z1e.png stdout tsv
14:47:50 INFO     command: tesseract --psm 0 -l osd /tmp/tmpxl57iuan.png stdout
14:47:51 INFO     command: tesseract -l por /tmp/tmpxl57iuan.png stdout tsv
14:47:53 INFO     command: tesseract --psm 0 -l osd /tmp/tmpuldcvk52.png stdout
14:47:54 INFO     command: tesseract -l por /tmp/tmpuldcvk52.png stdout tsv
14:48:12 INFO     command: tesseract --psm 0 -l osd /tmp/tmpht0r3ke_.png stdout
14:48:13 INFO     command: tesseract -l por /tmp/tmpht0r3ke_.png stdout tsv
14:48:14 INFO     command: tesseract --psm 0 -l osd /tmp/tmp7dsyavyi.png stdout
14:48:15 INFO     command: tesseract -l por /tmp/tmp7dsyavyi.png stdout tsv
14:48:17 INFO     command: tesseract --psm 0 -l osd /tmp/tmphvnontwh.png stdout
14:48:17 INFO     command: tesseract -l por /tmp/tmphvnontwh.png stdout tsv
14:48:19 INFO     command: tesseract --psm 0 -l osd /tmp/tmpoxl65wvh.png stdout
14:48:21 INFO     command: tesseract -l por /tmp/tmpoxl65wvh.png stdout tsv
14:48:24 INFO     command: tesseract --psm 0 -l osd /tmp/tmpcrtvsgn4.png stdout
14:48:25 INFO     command: tesseract -l por /tmp/tmpcrtvsgn4.png stdout tsv
14:48:30 INFO     command: tesseract --psm 0 -l osd /tmp/tmp1044mia1.png stdout
14:48:31 INFO     command: tesseract -l por /tmp/tmp1044mia1.png stdout tsv
14:48:38 INFO     command: tesseract --psm 0 -l osd /tmp/tmpsfaytl17.png stdout
14:48:39 INFO     command: tesseract -l por /tmp/tmpsfaytl17.png stdout tsv
14:48:47 INFO     Finished converting document incra_ptd_docdiretivo__assinado-1_assinado_assinado-copia_tarjada.pdf in 73.47 sec.
14:48:47 INFO       pixel_budget (Docling) incra_ptd_docdiretivo__assinado-1_assinado_assinado-copia_tarjada.pdf: 20.2% (área tabelas/6515754 px²)
14:48:47 INFO     [11/15] ✓ INCRA     :    9 entregas | 73.5s | ETA ~3min
14:48:47 INFO     [12/15] → iti_anexo_de_entregas_assinado.pdf
14:48:47 INFO     detected formats: [<InputFormat.PDF: 'pdf'>]
14:48:47 INFO     Going to convert document batch...
14:48:47 INFO     Processing document iti_anexo_de_entregas_assinado.pdf
14:48:48 INFO     command: tesseract --psm 0 -l osd /tmp/tmpm7xgd_5g.png stdout
14:48:48 INFO     command: tesseract -l por /tmp/tmpm7xgd_5g.png stdout tsv
14:49:05 INFO     Finished converting document iti_anexo_de_entregas_assinado.pdf in 18.12 sec.
14:49:05 INFO       pixel_budget (Docling) iti_anexo_de_entregas_assinado.pdf: 57.2% (área tabelas/501212 px²)
14:49:05 INFO     [12/15] ✓ ITI       :   31 entregas | 18.1s | ETA ~2min
14:49:05 INFO     [13/15] → iti_doc_diretivo_assinado-1_tarjado.pdf
14:49:05 INFO     detected formats: [<InputFormat.PDF: 'pdf'>]
14:49:05 INFO     Going to convert document batch...
14:49:05 INFO     Processing document iti_doc_diretivo_assinado-1_tarjado.pdf
14:49:06 INFO     command: tesseract --psm 0 -l osd /tmp/tmpevbsqspi.png stdout
14:49:06 INFO     command: tesseract -l por /tmp/tmpevbsqspi.png stdout tsv
14:49:08 INFO     command: tesseract --psm 0 -l osd /tmp/tmpiqmiv8ms.png stdout
14:49:10 INFO     command: tesseract -l por /tmp/tmpiqmiv8ms.png stdout tsv
14:49:13 INFO     command: tesseract --psm 0 -l osd /tmp/tmpv8war1b4.png stdout
14:49:14 INFO     command: tesseract -l por /tmp/tmpv8war1b4.png stdout tsv
14:49:16 INFO     command: tesseract --psm 0 -l osd /tmp/tmpab4j6082.png stdout
14:49:17 INFO     command: tesseract -l por /tmp/tmpab4j6082.png stdout tsv
14:49:18 INFO     command: tesseract --psm 0 -l osd /tmp/tmpd8k087pu.png stdout
14:49:19 INFO     command: tesseract -l por /tmp/tmpd8k087pu.png stdout tsv
14:49:21 INFO     command: tesseract --psm 0 -l osd /tmp/tmp0t2re8_w.png stdout
14:49:23 INFO     command: tesseract -l por /tmp/tmp0t2re8_w.png stdout tsv
14:49:39 INFO     command: tesseract --psm 0 -l osd /tmp/tmplbek8_n3.png stdout
14:49:40 INFO     command: tesseract -l por /tmp/tmplbek8_n3.png stdout tsv
14:49:42 INFO     command: tesseract --psm 0 -l osd /tmp/tmp7kk035bb.png stdout
14:49:43 INFO     command: tesseract -l por /tmp/tmp7kk035bb.png stdout tsv
14:49:45 INFO     command: tesseract --psm 0 -l osd /tmp/tmpz0peb8sb.png stdout
14:49:46 INFO     command: tesseract -l por /tmp/tmpz0peb8sb.png stdout tsv
14:49:48 INFO     command: tesseract --psm 0 -l osd /tmp/tmpgou6i4bi.png stdout
14:49:50 INFO     command: tesseract -l por /tmp/tmpgou6i4bi.png stdout tsv
14:49:56 INFO     command: tesseract --psm 0 -l osd /tmp/tmp4yssf43w.png stdout
14:49:57 INFO     command: tesseract -l por /tmp/tmp4yssf43w.png stdout tsv
14:50:05 INFO     Finished converting document iti_doc_diretivo_assinado-1_tarjado.pdf in 60.35 sec.
14:50:05 INFO       pixel_budget (Docling) iti_doc_diretivo_assinado-1_tarjado.pdf: 8.0% (área tabelas/5516339 px²)
14:50:05 INFO     [13/15] ✓ ITI       :    6 entregas | 60.4s | ETA ~1min
14:50:05 INFO     [14/15] → sgpr_ptd_2025_2027_anexo_de_entregas_assinado-copia_tarjada.pdf
14:50:05 INFO     detected formats: [<InputFormat.PDF: 'pdf'>]
14:50:05 INFO     Going to convert document batch...
14:50:05 INFO     Processing document sgpr_ptd_2025_2027_anexo_de_entregas_assinado-copia_tarjada.pdf
14:50:06 INFO     command: tesseract --psm 0 -l osd /tmp/tmp_sda7amz.png stdout
14:50:07 INFO     command: tesseract -l por /tmp/tmp_sda7amz.png stdout tsv
14:50:10 INFO     command: tesseract --psm 0 -l osd /tmp/tmpxpxsngng.png stdout
14:50:11 INFO     command: tesseract -l por /tmp/tmpxpxsngng.png stdout tsv
14:50:23 INFO     Finished converting document sgpr_ptd_2025_2027_anexo_de_entregas_assinado-copia_tarjada.pdf in 18.24 sec.
14:50:23 INFO       pixel_budget (Docling) sgpr_ptd_2025_2027_anexo_de_entregas_assinado-copia_tarjada.pdf: 29.5% (área tabelas/1002424 px²)
14:50:23 INFO     [14/15] ✓ SGPR      :   15 entregas | 18.3s | ETA ~49s
14:50:23 INFO     [15/15] → sgpr_ptd_2026_2027_docdiretivo_assinado-copia_tarjada.pdf
14:50:23 INFO     detected formats: [<InputFormat.PDF: 'pdf'>]
14:50:23 INFO     Going to convert document batch...
14:50:23 INFO     Processing document sgpr_ptd_2026_2027_docdiretivo_assinado-copia_tarjada.pdf
14:50:44 INFO     Finished converting document sgpr_ptd_2026_2027_docdiretivo_assinado-copia_tarjada.pdf in 20.69 sec.
14:50:44 INFO       pixel_budget (Docling) sgpr_ptd_2026_2027_docdiretivo_assinado-copia_tarjada.pdf: 8.2% (área tabelas/5513330 px²)
14:50:44 WARNING  [15/15] ⚠ SGPR      :    0 entregas | 20.7s | ETA ~0s
14:50:44 INFO     255 registros | 7 órgãos
14:50:44 INFO     ╔══════════════════════════════════════════════════════════════╗
14:50:44 INFO     ║                  ENTREGAS — fase concluída                   ║
14:50:44 INFO     ║  Processados: 15    |  ✓ 11  ⚠ 4                             ║
14:50:44 INFO     ║  Duração: 11.9 min                                           ║
14:50:44 INFO     ║  255 registros | 7 órgãos                                    ║
14:50:44 INFO     ╚══════════════════════════════════════════════════════════════╝
14:50:44 INFO     [1/7] → agu_ptd_2025_2027_docdiretivo_assinado_assinado_assinado-copia_tarjada.pdf
14:50:44 INFO     detected formats: [<InputFormat.PDF: 'pdf'>]
14:50:44 INFO     Going to convert document batch...
14:50:44 INFO     Processing document agu_ptd_2025_2027_docdiretivo_assinado_assinado_assinado-copia_tarjada.pdf
14:50:45 INFO     command: tesseract --psm 0 -l osd /tmp/tmpah3t4jgy.png stdout
14:50:45 INFO     command: tesseract -l por /tmp/tmpah3t4jgy.png stdout tsv
14:50:47 INFO     command: tesseract --psm 0 -l osd /tmp/tmpy76ndtby.png stdout
14:50:48 INFO     command: tesseract -l por /tmp/tmpy76ndtby.png stdout tsv
14:50:53 INFO     command: tesseract --psm 0 -l osd /tmp/tmpmgafjn_u.png stdout
14:50:54 INFO     command: tesseract -l por /tmp/tmpmgafjn_u.png stdout tsv
14:50:56 INFO     command: tesseract --psm 0 -l osd /tmp/tmpwtr8286x.png stdout
14:50:57 INFO     command: tesseract -l por /tmp/tmpwtr8286x.png stdout tsv
14:50:59 INFO     command: tesseract --psm 0 -l osd /tmp/tmpvvg5miwp.png stdout
14:51:00 INFO     command: tesseract -l por /tmp/tmpvvg5miwp.png stdout tsv
14:51:02 INFO     command: tesseract --psm 0 -l osd /tmp/tmp5e0o5161.png stdout
14:51:04 INFO     command: tesseract -l por /tmp/tmp5e0o5161.png stdout tsv
14:51:14 INFO     command: tesseract --psm 0 -l osd /tmp/tmp5j6a430d.png stdout
14:51:15 INFO     command: tesseract -l por /tmp/tmp5j6a430d.png stdout tsv
14:51:17 INFO     command: tesseract --psm 0 -l osd /tmp/tmpn13w8jn8.png stdout
14:51:18 INFO     command: tesseract -l por /tmp/tmpn13w8jn8.png stdout tsv
14:51:20 INFO     command: tesseract --psm 0 -l osd /tmp/tmp5uqzttdd.png stdout
14:51:21 INFO     command: tesseract -l por /tmp/tmp5uqzttdd.png stdout tsv
14:51:24 INFO     command: tesseract --psm 0 -l osd /tmp/tmpgp9v85y0.png stdout
14:51:25 INFO     command: tesseract -l por /tmp/tmpgp9v85y0.png stdout tsv
14:51:40 INFO     command: tesseract --psm 0 -l osd /tmp/tmp3n8ux1vo.png stdout
14:51:41 INFO     command: tesseract -l por /tmp/tmp3n8ux1vo.png stdout tsv
14:51:44 INFO     Finished converting document agu_ptd_2025_2027_docdiretivo_assinado_assinado_assinado-copia_tarjada.pdf in 60.26 sec.
14:51:44 INFO     [1/7] ✓ AGU       :   7 riscos | 60.3s | ETA ~6min
14:51:44 INFO     [2/7] → documento-diretivo-mcom-_-ptd-25_27-copia_tarjada.pdf
14:51:44 INFO     detected formats: [<InputFormat.PDF: 'pdf'>]
14:51:44 INFO     Going to convert document batch...
14:51:44 INFO     Processing document documento-diretivo-mcom-_-ptd-25_27-copia_tarjada.pdf
14:51:45 INFO     command: tesseract --psm 0 -l osd /tmp/tmpo8s1dpi4.png stdout
14:51:45 INFO     command: tesseract -l por /tmp/tmpo8s1dpi4.png stdout tsv
14:51:48 INFO     command: tesseract --psm 0 -l osd /tmp/tmpwoukujh6.png stdout
14:51:49 INFO     command: tesseract -l por /tmp/tmpwoukujh6.png stdout tsv
14:51:55 INFO     command: tesseract --psm 0 -l osd /tmp/tmpj4cozuzg.png stdout
14:51:55 INFO     command: tesseract -l por /tmp/tmpj4cozuzg.png stdout tsv
14:51:57 INFO     command: tesseract --psm 0 -l osd /tmp/tmpr0p4m_9y.png stdout
14:51:57 INFO     command: tesseract -l por /tmp/tmpr0p4m_9y.png stdout tsv
14:51:59 INFO     command: tesseract --psm 0 -l osd /tmp/tmpe1fqm6wm.png stdout
14:52:00 INFO     command: tesseract -l por /tmp/tmpe1fqm6wm.png stdout tsv
14:52:03 INFO     command: tesseract --psm 0 -l osd /tmp/tmplaaqgtsj.png stdout
14:52:04 INFO     command: tesseract -l por /tmp/tmplaaqgtsj.png stdout tsv
14:52:18 INFO     command: tesseract --psm 0 -l osd /tmp/tmpauqm6j0e.png stdout
14:52:19 INFO     command: tesseract -l por /tmp/tmpauqm6j0e.png stdout tsv
14:52:22 INFO     command: tesseract --psm 0 -l osd /tmp/tmpbiiwx7cx.png stdout
14:52:22 INFO     command: tesseract -l por /tmp/tmpbiiwx7cx.png stdout tsv
14:52:25 INFO     command: tesseract --psm 0 -l osd /tmp/tmp4yvk1oln.png stdout
14:52:26 INFO     command: tesseract -l por /tmp/tmp4yvk1oln.png stdout tsv
14:52:28 INFO     command: tesseract --psm 0 -l osd /tmp/tmpas6a43yt.png stdout
14:52:29 INFO     command: tesseract -l por /tmp/tmpas6a43yt.png stdout tsv
14:52:34 INFO     command: tesseract --psm 0 -l osd /tmp/tmptri25egk.png stdout
14:52:35 INFO     command: tesseract -l por /tmp/tmptri25egk.png stdout tsv
14:52:41 INFO     command: tesseract --psm 0 -l osd /tmp/tmpyyej0hbl.png stdout
14:52:42 INFO     command: tesseract -l por /tmp/tmpyyej0hbl.png stdout tsv
14:52:43 INFO     command: tesseract --psm 0 -l osd /tmp/tmpl6_8_zet.png stdout
14:52:44 INFO     command: tesseract -l por /tmp/tmpl6_8_zet.png stdout tsv
14:52:46 INFO     command: tesseract --psm 0 -l osd /tmp/tmpzwbksboe.png stdout
14:52:47 INFO     command: tesseract -l por /tmp/tmpzwbksboe.png stdout tsv
14:52:53 INFO     Finished converting document documento-diretivo-mcom-_-ptd-25_27-copia_tarjada.pdf in 68.88 sec.
14:52:53 INFO     [2/7] ✓ MCOM      :  14 riscos | 68.9s | ETA ~5min
14:52:53 INFO     [3/7] → fiocruz_novo-ptd_2-1_docdiretivo_repactuacao_2024-2026_assinado_assinado-copia_tarjada.pdf
14:52:53 INFO     detected formats: [<InputFormat.PDF: 'pdf'>]
14:52:53 INFO     Going to convert document batch...
14:52:53 INFO     Processing document fiocruz_novo-ptd_2-1_docdiretivo_repactuacao_2024-2026_assinado_assinado-copia_tarjada.pdf
14:53:12 INFO     Finished converting document fiocruz_novo-ptd_2-1_docdiretivo_repactuacao_2024-2026_assinado_assinado-copia_tarjada.pdf in 18.30 sec.
14:53:12 INFO     [3/7] ✓ FIOCRUZ   :   6 riscos | 18.3s | ETA ~3min
14:53:12 INFO     [4/7] → funai_ptd_2025_2027_docdiretivo_assinado-1_tarjado.pdf
14:53:12 INFO     detected formats: [<InputFormat.PDF: 'pdf'>]
14:53:12 INFO     Going to convert document batch...
14:53:12 INFO     Processing document funai_ptd_2025_2027_docdiretivo_assinado-1_tarjado.pdf
14:53:13 INFO     command: tesseract --psm 0 -l osd /tmp/tmpphe52ft8.png stdout
14:53:14 INFO     command: tesseract -l por /tmp/tmpphe52ft8.png stdout tsv
14:53:15 INFO     command: tesseract --psm 0 -l osd /tmp/tmp06slldz8.png stdout
14:53:16 INFO     command: tesseract -l por /tmp/tmp06slldz8.png stdout tsv
14:53:19 INFO     command: tesseract --psm 0 -l osd /tmp/tmp0d6pf2yw.png stdout
14:53:20 INFO     command: tesseract -l por /tmp/tmp0d6pf2yw.png stdout tsv
14:53:22 INFO     command: tesseract --psm 0 -l osd /tmp/tmprw2of81m.png stdout
14:53:23 INFO     command: tesseract -l por /tmp/tmprw2of81m.png stdout tsv
14:53:25 INFO     command: tesseract --psm 0 -l osd /tmp/tmpdqeom8qh.png stdout
14:53:25 INFO     command: tesseract -l por /tmp/tmpdqeom8qh.png stdout tsv
14:53:28 INFO     command: tesseract --psm 0 -l osd /tmp/tmptaud077w.png stdout
14:53:29 INFO     command: tesseract -l por /tmp/tmptaud077w.png stdout tsv
14:53:40 INFO     command: tesseract --psm 0 -l osd /tmp/tmpu79ki7j4.png stdout
14:53:41 INFO     command: tesseract -l por /tmp/tmpu79ki7j4.png stdout tsv
14:53:42 INFO     command: tesseract --psm 0 -l osd /tmp/tmp3m5ssri7.png stdout
14:53:43 INFO     command: tesseract -l por /tmp/tmp3m5ssri7.png stdout tsv
14:53:44 INFO     command: tesseract --psm 0 -l osd /tmp/tmp0fb9r7fv.png stdout
14:53:45 INFO     command: tesseract -l por /tmp/tmp0fb9r7fv.png stdout tsv
14:53:47 INFO     command: tesseract --psm 0 -l osd /tmp/tmp2z35xbod.png stdout
14:53:49 INFO     command: tesseract -l por /tmp/tmp2z35xbod.png stdout tsv
14:54:00 INFO     command: tesseract --psm 0 -l osd /tmp/tmps5b38k6w.png stdout
14:54:01 INFO     command: tesseract -l por /tmp/tmps5b38k6w.png stdout tsv
14:54:09 INFO     command: tesseract --psm 0 -l osd /tmp/tmpoakfhf0t.png stdout
14:54:10 INFO     command: tesseract -l por /tmp/tmpoakfhf0t.png stdout tsv
14:54:12 INFO     command: tesseract --psm 0 -l osd /tmp/tmp6vngbesp.png stdout
14:54:13 INFO     command: tesseract -l por /tmp/tmp6vngbesp.png stdout tsv
14:54:20 INFO     Finished converting document funai_ptd_2025_2027_docdiretivo_assinado-1_tarjado.pdf in 68.02 sec.
14:54:20 INFO     [4/7] ✓ FUNAI     :  15 riscos | 68.0s | ETA ~2min
14:54:20 INFO     [5/7] → incra_ptd_docdiretivo__assinado-1_assinado_assinado-copia_tarjada.pdf
14:54:20 INFO     detected formats: [<InputFormat.PDF: 'pdf'>]
14:54:20 INFO     Going to convert document batch...
14:54:20 INFO     Processing document incra_ptd_docdiretivo__assinado-1_assinado_assinado-copia_tarjada.pdf
14:54:21 INFO     command: tesseract --psm 0 -l osd /tmp/tmp2r46s9xw.png stdout
14:54:21 INFO     command: tesseract -l por /tmp/tmp2r46s9xw.png stdout tsv
14:54:23 INFO     command: tesseract --psm 0 -l osd /tmp/tmpnysvbt72.png stdout
14:54:25 INFO     command: tesseract -l por /tmp/tmpnysvbt72.png stdout tsv
14:54:31 INFO     command: tesseract --psm 0 -l osd /tmp/tmpijjpaiu2.png stdout
14:54:31 INFO     command: tesseract -l por /tmp/tmpijjpaiu2.png stdout tsv
14:54:33 INFO     command: tesseract --psm 0 -l osd /tmp/tmpj7fdt3oo.png stdout
14:54:34 INFO     command: tesseract -l por /tmp/tmpj7fdt3oo.png stdout tsv
14:54:36 INFO     command: tesseract --psm 0 -l osd /tmp/tmps1wa27qm.png stdout
14:54:37 INFO     command: tesseract -l por /tmp/tmps1wa27qm.png stdout tsv
14:54:39 INFO     command: tesseract --psm 0 -l osd /tmp/tmpi0q5ik_2.png stdout
14:54:40 INFO     command: tesseract -l por /tmp/tmpi0q5ik_2.png stdout tsv
14:54:55 INFO     command: tesseract --psm 0 -l osd /tmp/tmpgg7wg2tu.png stdout
14:54:56 INFO     command: tesseract -l por /tmp/tmpgg7wg2tu.png stdout tsv
14:54:58 INFO     command: tesseract --psm 0 -l osd /tmp/tmpgvl2bsjg.png stdout
14:54:58 INFO     command: tesseract -l por /tmp/tmpgvl2bsjg.png stdout tsv
14:55:00 INFO     command: tesseract --psm 0 -l osd /tmp/tmpn4ljg5ha.png stdout
14:55:01 INFO     command: tesseract -l por /tmp/tmpn4ljg5ha.png stdout tsv
14:55:03 INFO     command: tesseract --psm 0 -l osd /tmp/tmp66nz9d0s.png stdout
14:55:04 INFO     command: tesseract -l por /tmp/tmp66nz9d0s.png stdout tsv
14:55:10 INFO     command: tesseract --psm 0 -l osd /tmp/tmp4kbx8p47.png stdout
14:55:11 INFO     command: tesseract -l por /tmp/tmp4kbx8p47.png stdout tsv
14:55:14 INFO     command: tesseract --psm 0 -l osd /tmp/tmpt9_86qud.png stdout
14:55:15 INFO     command: tesseract -l por /tmp/tmpt9_86qud.png stdout tsv
14:55:18 INFO     command: tesseract --psm 0 -l osd /tmp/tmpr8tv914g.png stdout
14:55:19 INFO     command: tesseract -l por /tmp/tmpr8tv914g.png stdout tsv
14:55:29 INFO     Finished converting document incra_ptd_docdiretivo__assinado-1_assinado_assinado-copia_tarjada.pdf in 68.83 sec.
14:55:29 INFO     [5/7] ✓ INCRA     :  15 riscos | 68.8s | ETA ~1min
14:55:29 INFO     [6/7] → iti_doc_diretivo_assinado-1_tarjado.pdf
14:55:29 INFO     detected formats: [<InputFormat.PDF: 'pdf'>]
14:55:29 INFO     Going to convert document batch...
14:55:29 INFO     Processing document iti_doc_diretivo_assinado-1_tarjado.pdf
14:55:29 INFO     command: tesseract --psm 0 -l osd /tmp/tmparvkymys.png stdout
14:55:30 INFO     command: tesseract -l por /tmp/tmparvkymys.png stdout tsv
14:55:32 INFO     command: tesseract --psm 0 -l osd /tmp/tmpkv75qarx.png stdout
14:55:33 INFO     command: tesseract -l por /tmp/tmpkv75qarx.png stdout tsv
14:55:37 INFO     command: tesseract --psm 0 -l osd /tmp/tmpsiy1a6ih.png stdout
14:55:38 INFO     command: tesseract -l por /tmp/tmpsiy1a6ih.png stdout tsv
14:55:40 INFO     command: tesseract --psm 0 -l osd /tmp/tmpg1ro0z45.png stdout
14:55:41 INFO     command: tesseract -l por /tmp/tmpg1ro0z45.png stdout tsv
14:55:43 INFO     command: tesseract --psm 0 -l osd /tmp/tmpw52flif5.png stdout
14:55:43 INFO     command: tesseract -l por /tmp/tmpw52flif5.png stdout tsv
14:55:46 INFO     command: tesseract --psm 0 -l osd /tmp/tmp4dmciy2k.png stdout
14:55:47 INFO     command: tesseract -l por /tmp/tmp4dmciy2k.png stdout tsv
14:56:03 INFO     command: tesseract --psm 0 -l osd /tmp/tmp8r_zz5nx.png stdout
14:56:04 INFO     command: tesseract -l por /tmp/tmp8r_zz5nx.png stdout tsv
14:56:06 INFO     command: tesseract --psm 0 -l osd /tmp/tmphedlqgb4.png stdout
14:56:07 INFO     command: tesseract -l por /tmp/tmphedlqgb4.png stdout tsv
14:56:09 INFO     command: tesseract --psm 0 -l osd /tmp/tmpxxuloekr.png stdout
14:56:10 INFO     command: tesseract -l por /tmp/tmpxxuloekr.png stdout tsv
14:56:12 INFO     command: tesseract --psm 0 -l osd /tmp/tmpnbwsc9hr.png stdout
14:56:13 INFO     command: tesseract -l por /tmp/tmpnbwsc9hr.png stdout tsv
14:56:22 INFO     command: tesseract --psm 0 -l osd /tmp/tmp3p560bsq.png stdout
14:56:23 INFO     command: tesseract -l por /tmp/tmp3p560bsq.png stdout tsv
14:56:30 INFO     Finished converting document iti_doc_diretivo_assinado-1_tarjado.pdf in 61.55 sec.
14:56:30 INFO     [6/7] ✓ ITI       :  14 riscos | 61.6s | ETA ~58s
14:56:30 INFO     [7/7] → sgpr_ptd_2026_2027_docdiretivo_assinado-copia_tarjada.pdf
14:56:30 INFO     detected formats: [<InputFormat.PDF: 'pdf'>]
14:56:30 INFO     Going to convert document batch...
14:56:30 INFO     Processing document sgpr_ptd_2026_2027_docdiretivo_assinado-copia_tarjada.pdf
14:56:50 INFO     Finished converting document sgpr_ptd_2026_2027_docdiretivo_assinado-copia_tarjada.pdf in 20.22 sec.
14:56:50 INFO     [7/7] ✓ SGPR      :  10 riscos | 20.2s | ETA ~0s
14:56:50 INFO     ╔══════════════════════════════════════════════════════════════╗
14:56:50 INFO     ║                   RISCOS — fase concluída                    ║
14:56:50 INFO     ║  Processados: 7     |  ✓ 7  ⚠ 0                              ║
14:56:50 INFO     ║  Duração: 6.1 min                                            ║
14:56:50 INFO     ║  81 riscos | 7 órgãos                                        ║
14:56:50 INFO     ╚══════════════════════════════════════════════════════════════╝
14:56:50 INFO     81 riscos | 0 ações | 135 relações
14:56:50 INFO     ptd_corpus_raw                     : 255 linhas
14:56:50 INFO     ptd_pivot_eixos                    : 7 linhas
14:56:54 INFO     ptd_datas_assinatura               : 132 linhas
14:56:54 INFO     ptd_riscos                         : 81 linhas
14:56:54 INFO     ptd_riscos_acoes                   : 135 linhas
14:56:54 INFO     Manifesto salvo: pipeline_manifest.json | SHA-256 de 132 PDFs
14:56:54 INFO     ==================================================
14:56:54 INFO     PTD-BR v3.0-melhorado — PIPELINE CONCLUÍDO
14:56:54 INFO     ==================================================
14:56:54 INFO     ptd_corpus_raw.csv                        157 KB
14:56:54 INFO     ptd_pivot_eixos.csv                         0 KB
14:56:54 INFO     ptd_datas_assinatura.csv                    9 KB
14:56:54 INFO     ptd_riscos.csv                             23 KB
14:56:54 INFO     ptd_riscos_acoes.csv                        2 KB
14:56:54 INFO     proveniencia.json                           0 KB
14:56:54 INFO     pipeline_manifest.json                     20 KB
14:56:54 INFO     📦 Artefatos: https://github.com/freirelucas/teste/actions/runs/24035829881
14:56:54 INFO     ==================================================
