07:01:42 INFO     Docling disponível
07:01:42 WARNING  OCR fallback indisponível (IndentationError: unexpected indent (ptd_ocr_fallback.py, line 45))
07:01:43 INFO     Ignorado (guia/template/norma): ABNT-NBR-17225-Acessibilidade-Digital.pdf
07:01:43 INFO     Ignorado (guia/template/norma): cgrep-guia10passos-ptd-orgao.pdf
07:01:43 INFO     Ignorado (guia/template/norma): ABNT-NBR-17225-Acessibilidade-Digital.pdf
07:01:43 INFO     Scraping: 132 PDFs únicos | entregas: 68 | diretivos: 61
07:01:43 INFO     Baixando 132 PDFs únicos...
07:01:45 INFO     ✓ [  1/132] abin_ptd_anexo_de_entregas_assinado_pelo_orgao_ass   293.3KB
07:01:50 INFO     ✓ [  2/132] aeb_ptd_2025_2027_docdiretivo_aprovado_assinado-1_  1033.7KB
07:01:52 INFO     ✓ [  3/132] aeb_ptd_2025_2027_anexo_de_entregas_aprovado_assin   154.5KB
07:01:59 INFO     ✓ [  4/132] agu_ptd_2025_2027_docdiretivo_assinado_assinado_as  2860.3KB
07:02:02 INFO     ✓ [  5/132] agu_ptd_2025_2027_anexo_de_entregas_assinado_assin   525.5KB
07:02:05 INFO     ✓ [  6/132] ana_ptd_2025_2027_docdiretivo_assinado_assinado_as   477.2KB
07:02:07 INFO     ✓ [  7/132] ana_ptd_2025_2027_anexoentregas_assinado_assinado_   170.9KB
07:02:11 INFO     ✓ [  8/132] anac_ptd_2025_2026_docdiretivo_se_assinado_tarjado  1036.3KB
07:02:13 INFO     ✓ [  9/132] anac_ptd_2025_2026_anexo_de_entregas_se_assinado.p   215.2KB
07:02:17 INFO     ✓ [ 10/132] anatel_ptd_docdiretivo_assinado_2025_2026_assinado  1006.0KB
07:02:19 INFO     ✓ [ 11/132] anatel_ptd_2025_2026_anexo_de_entregas_do_ptd_publ    71.9KB
07:02:22 INFO     ✓ [ 12/132] ancine_ptd_2024_2026_docdiretivo_assinado-2_assina   961.8KB
07:02:25 INFO     ✓ [ 13/132] ancine_ptd_2024_2026_-_anexo_de_entregas_aprovado_   613.2KB
07:02:29 INFO     ✓ [ 14/132] ptd_aneel_2025-2027_docdiretivo_assinado_tarjado.p   779.6KB
07:02:31 INFO     ✓ [ 15/132] ptd_aneel_2025-2027_anexo_de_entregas_assinado.pdf   111.9KB
07:02:36 INFO     ✓ [ 16/132] anm_ptd_2025_2027_docdiretivo_assinadopeloorgao_ta  1092.5KB
07:02:40 INFO     ✓ [ 17/132] anm_ptd_2025_2027_anexo_entregas_assinadopeloorgao  1140.4KB
07:02:43 INFO     ✓ [ 18/132] anpd_ptd_2025_2027_docdiretivo_assinado_assinado_a  1044.3KB
07:02:46 INFO     ✓ [ 19/132] anpd_ptd_2025_2027_anexo_de_entregas_assinado_assi   166.5KB
07:02:49 INFO     ✓ [ 20/132] ans-plano_de_transformacao_digital_assinado-copia_  1023.4KB
07:02:52 INFO     ✓ [ 21/132] ans_ptd_2025_2026_anexo_de_entregas_assinado_assin   124.1KB
07:02:55 INFO     ✓ [ 22/132] antaq_ptd_2025_2027_docdiretivo_assinado_assinado_  1039.8KB
07:02:57 INFO     ✓ [ 23/132] antaq_ptd_2025_2027_anexoentregas_assinado_assinad   145.1KB
07:03:00 INFO     ✓ [ 24/132] mt_anexo_de_entregas_-_assinado_assinado_assinado_   143.6KB
07:03:10 INFO     ✓ [ 25/132] anvisa_ptd_docdiretivo_2025-2026_assinado_assinado  5771.2KB
07:03:13 INFO     ✓ [ 26/132] anvisa_ptd_anexo_de_entregas_2025_2026_assinado_as   239.0KB
07:03:16 INFO     ✓ [ 27/132] bcb_documento_diretivo_assinado_assinado_assinado-   713.7KB
07:03:18 INFO     ✓ [ 28/132] bcb_anexo_de_entregas_ptd_25_26-1_assinado_assinad   134.8KB
07:03:22 INFO     ✓ [ 29/132] cade_ptd_docdiretivo_2025_2026_assinado-2_assinado   810.4KB
07:03:25 INFO     ✓ [ 30/132] cade_ptd_anexo_de_entregas_2025_2026_assinado_copi   504.0KB
07:03:28 INFO     ✓ [ 31/132] mec_ptd_docdiretivo_2025-2026_sei_mec-5566673_copi   863.1KB
07:03:31 INFO     ✓ [ 32/132] mec_ptd_anexo-de-entregas_sei_mec-5576401_copia_ta   495.7KB
07:03:36 INFO     ✓ [ 33/132] mec_ptd_docdiretivo-versao-comunicacao_copia_tarja  1616.5KB
07:03:39 INFO     ✓ [ 34/132] md_ptd_2026_2027_anexo_de_entregas_assinado_assina   579.4KB
07:03:41 INFO     ✓ [ 35/132] md_ptd_2026_2027_anexo_de_entregas_assinado_assina   186.8KB
07:03:45 INFO     ✓ [ 36/132] md_ptd_temp_copia_tarjada.pdf                        741.9KB
07:03:49 INFO     ✓ [ 37/132] cgu_ptd_docdiretivo_assinado_assinado_assinado-cop  1085.4KB
07:03:52 INFO     ✓ [ 38/132] cgu_ptd_anexo_de_entregas_pactuadas_assinado_assin   514.1KB
07:03:54 INFO     ✓ [ 39/132] cnpq_ptd_2025_2027_docdiretivo_assinado_assinado_a   342.9KB
07:03:57 INFO     ✓ [ 40/132] cnpq_ptd_2025_2027_anexo_de_entregas_assinado_assi   136.1KB
07:04:01 INFO     ✓ [ 41/132] coaf_ptd_2025_2026_documento_diretivo_assinado_ass  1068.0KB
07:04:07 INFO     ✓ [ 42/132] coaf_ptd_2025_2026_anexo_de_entregas-2_assinado_as  3184.5KB
07:04:15 INFO     ✓ [ 43/132] ptd_midr-docdiretivo_aprovado_assinado_tarjado.pdf  3864.1KB
07:04:19 INFO     ✓ [ 44/132] ptd_midr_-_anexo_de_entregas_-_aprovado_assinado.p  1122.0KB
07:04:22 INFO     ✓ [ 45/132] mda-documento-diretivo-assinado_ptd-2025-207-copia   955.8KB
07:04:24 INFO     ✓ [ 46/132] cvm_ptd_2025_2027_docdiretivo_assinado_assinado_as   270.5KB
07:04:27 INFO     ✓ [ 47/132] cvm_ptd_2025_2027_anexoentregas_assinado_assinado_   409.0KB
07:04:31 INFO     ✓ [ 48/132] dnocs_ptd_doc_diretivo_2025_2026_assinado_orgao-2_   891.1KB
07:04:33 INFO     ✓ [ 49/132] dnocs_anexo_de_entregas_repactuado_2025_2026_assin   272.3KB
07:04:40 INFO     ✓ [ 50/132] fbn_ptd_2025_2027_docdiretivo_assinado-1_tarjado.p  2921.6KB
07:04:42 INFO     ✓ [ 51/132] fbn_ptd_2025_2027_anexo_de_entregas_assinado-1.pdf   162.3KB
07:04:46 INFO     ✓ [ 52/132] fcp_ptd_2025_2027_docdiretivo_assinado-1_tarjado.p  1612.0KB
07:04:49 INFO     ✓ [ 53/132] fcp_ptd_2025_2027_anexo_de_entregas_assinado-1.pdf   118.8KB
07:04:52 INFO     ✓ [ 54/132] fcrb_ptd_2025_2026_docdiretivo_aprovado_assinado-1   998.2KB
07:04:55 INFO     ✓ [ 55/132] fcrb_ptd_2025_2026_anexo_de_entregas_aprovado_assi   313.5KB
07:04:59 INFO     ✓ [ 56/132] fiocruz_novo-ptd_2-1_docdiretivo_repactuacao_2024-  1318.1KB
07:05:01 INFO     ✓ [ 57/132] fiocruz_ptd_anexo_de_entregas_assinado_v1_assinado   257.1KB
07:05:06 INFO     ✓ [ 58/132] fiocruz-ptd-06_2024-copia_tarjada.pdf               1693.8KB
07:05:11 INFO     ✓ [ 59/132] funai_ptd_2025_2027_docdiretivo_assinado-1_tarjado  1842.1KB
07:05:14 INFO     ✓ [ 60/132] funai_anexo_de_entregas_repactuado_2026_2027_assin   435.7KB
07:05:17 INFO     ✓ [ 61/132] funarte_ptd_docdiretivo_assinado_21_01_2025_assina   965.7KB
07:05:20 INFO     ✓ [ 62/132] funarte_ptd_anexo_de_entregas_assinado_v1_assinado   683.6KB
07:05:24 INFO     ✓ [ 63/132] fundacentro_ptd_2025_2027_docdiretivo_assinado_ass   826.6KB
07:05:27 INFO     ✓ [ 64/132] fundacentro_ptd_2025_2027_anexo_de_entregas_assina   635.5KB
07:05:30 INFO     ✓ [ 65/132] mma_ptd_docdiretivo_assinado_2025_2026-1_assinado_   949.3KB
07:05:33 INFO     ✓ [ 66/132] mma_ptd_anexo_de_entregas_aprovado_final_assinado_   174.8KB
07:05:37 INFO     ✓ [ 67/132] ibge_docdiretivo_2025_assinado_assinado_assinado-c  1167.3KB
07:05:39 INFO     ✓ [ 68/132] ibge_ptd_25_26_anexo_de_entregas_modelo_v2-1_assin   143.7KB
07:05:51 INFO     ✓ [ 69/132] incra_ptd_docdiretivo__assinado-1_assinado_assinad  7182.0KB
07:05:56 INFO     ✓ [ 70/132] incra_anexo_de_entregas_assinado-1_assinado_assina  1818.6KB
07:06:03 INFO     ✓ [ 71/132] inpi_ptd_docdiretivo_assinado_2025_2026_assinado_a  3322.4KB
07:06:09 INFO     ✓ [ 72/132] inpi_ptd_anexo_de_entregas_assinado_v1_assinado_as  3078.1KB
07:06:13 INFO     ✓ [ 73/132] inss_ptd_2025_2027_docdiretivo-assinado-copia_tarj  1173.3KB
07:06:15 INFO     ✓ [ 74/132] inss_ptd_2025_2027_anexo_de_entregas-assinado-copi   110.8KB
07:06:18 INFO     ✓ [ 75/132] iphan_ptd_docdiretivo_assinado_2025_2026_assinado_   885.7KB
07:06:21 INFO     ✓ [ 76/132] iphan_ptd_anexo_de_entregas_assinado_v1_assinado_a   310.9KB
07:06:30 INFO     ✓ [ 77/132] iti_doc_diretivo_assinado-1_tarjado.pdf             4905.1KB
07:06:33 INFO     ✓ [ 78/132] iti_anexo_de_entregas_assinado.pdf                   556.4KB
07:06:38 INFO     ✓ [ 79/132] mapa_ptd_2025_2027_docdiretivo_assinado-1_tarjado.  1740.9KB
07:06:40 INFO     ✓ [ 80/132] mapa_ptd_2025_2027_anexo_de_entregas_assinado-1.pd   261.9KB
07:06:49 INFO     ✓ [ 81/132] documento-diretivo-mcom-_-ptd-25_27-copia_tarjada.  4451.9KB
07:06:52 INFO     ✓ [ 82/132] anexo-de-entregas-mcom_ptd-25_27-copia_tarjada.pdf  1213.8KB
07:06:59 INFO     ✓ [ 83/132] ptd_21_24_mcom-copia_tarjada.pdf                    3040.7KB
07:07:02 INFO     ✓ [ 84/132] mcti_ptd_2025-2027_docdiretivo_assinado-copia_tarj  1030.7KB
07:07:05 INFO     ✓ [ 85/132] mcti_ptd_2025-2027_anexo-de-entregas_assinado-copi   145.8KB
07:07:07 INFO     ✓ [ 86/132] mda-anexo-entregas-assinado_ptd-2025-2027-copia-ta   284.6KB
07:07:10 INFO     ✓ [ 87/132] mdhc_ptd_2025_2027_docdiretivo_assinado_assinado_a   753.4KB
07:07:13 INFO     ✓ [ 88/132] mdhc_ptd_2025_2027_anexoentregas_assinado_assinado   186.8KB
07:07:15 INFO     ✓ [ 89/132] mdic_ptd_anexo_de_entregas_assinado_v1_assinado_as   176.6KB
07:07:19 INFO     ✓ [ 90/132] memp_ptd_2025_2026_docdiretivo_assinado_assinado_a  1030.1KB
07:07:22 INFO     ✓ [ 91/132] memp_ptd_2025_2026_anexo_de_entregas_assinado_assi   161.5KB
07:07:26 INFO     ✓ [ 92/132] mesp_ptd_2025_2027_docdiretivo_assinado_assinado_2  1147.7KB
07:07:29 INFO     ✓ [ 93/132] mesp_ptd_2025_2027_anexo_de_entregas_assinado_assi   226.6KB
07:07:32 INFO     ✓ [ 94/132] mf_ptd_2026_2027_documentodiretivo_assinado_assina   955.1KB
07:07:35 INFO     ✓ [ 95/132] mf_ptd_2026_2027_anexo_de_entregas_1_mf_se_assinad   241.2KB
07:07:38 INFO     ✓ [ 96/132] mgi_ptd_2025_2027_docdiretivo_assinado_assinado_as   375.2KB
07:07:40 INFO     ✓ [ 97/132] mgi_ptd_2025_2027_anexo_de_entregas_assinado_assin   256.1KB
07:07:44 INFO     ✓ [ 98/132] minc_ptd_2025_2027_docdiretivo_assinado-1_assinado   863.6KB
07:07:46 INFO     ✓ [ 99/132] minc_ptd_2025_2027_anexo_de_entregas_assinado-1_as   276.7KB
07:07:50 INFO     ✓ [100/132] mjsp_ptd_docdiretivo_assinado_2025_2026_assinado_a   954.0KB
07:07:52 INFO     ✓ [101/132] mjsp_ptd_anexo_de_entregas_assinado_v1_assinado_as   253.9KB
07:07:56 INFO     ✓ [102/132] mme_ptd_2025_2027_docdiretivo_assinado-copia_tarja   664.5KB
07:07:58 INFO     ✓ [103/132] mme_ptd_2025_2027_anexo_de_entregas_assinado__1_-c   111.1KB
07:08:02 INFO     ✓ [104/132] mmulheres_ptd_2025_2027_docdiretivo_assinado_assin  1078.3KB
07:08:04 INFO     ✓ [105/132] mmulheres_ptd_2025_2027_anexo_de_entregas_assinado   216.9KB
07:08:08 INFO     ✓ [106/132] mpi_ptd_2025_2027_docdiretivo_ministerio_dos_povos   947.9KB
07:08:10 INFO     ✓ [107/132] mpi_ptd_anexo_de_entregas_do_plano_de_tranformacao   191.9KB
07:08:14 INFO     ✓ [108/132] mpo_ptd_docdiretivo_assinado_2025_2026_assinado_as   806.3KB
07:08:17 INFO     ✓ [109/132] mpo_ptd_anexo_de_entregas_assinado_v1_assinado_ass   323.2KB
07:08:20 INFO     ✓ [110/132] mpor_ptd_2025_2027_docdiretivo_assinado_assinado_a   876.5KB
07:08:23 INFO     ✓ [111/132] mpor_ptd_2025_2027_anexo_de_entregas_assinado_assi   175.1KB
07:08:26 INFO     ✓ [112/132] mps_ptd_2025-2026_docdiretivo_final_assinado-1_ass  1024.4KB
07:08:29 INFO     ✓ [113/132] mps_ptd_2025-2026_anexo_de_entregas_final_assinado   165.0KB
07:08:33 INFO     ✓ [114/132] mre_ptd_docdiretivo_assinado_2025_2026_assinado_as   760.9KB
07:08:35 INFO     ✓ [115/132] mre_ptd_anexo_de_entregas_assinado_v1_assinado_ass   233.2KB
07:08:39 INFO     ✓ [116/132] mte_ptd_2025_2026_docdiretivo_assinado_assinado_as   729.6KB
07:08:41 INFO     ✓ [117/132] mte_ptd_anexo_de_entregas_assinado_v1__281_29_assi   459.5KB
07:08:45 INFO     ✓ [118/132] mtur_ptd_docdiretiv_assinado_30_01_2025_assinado_a  1050.4KB
07:08:48 INFO     ✓ [119/132] mtur_ptd_anexo_de_entregas_assinado_30_01_2025_ass   118.8KB
07:08:51 INFO     ✓ [120/132] pf_ptd_docdiretivo_2025_2027_assinado-copia_tarjad   964.3KB
07:08:53 INFO     ✓ [121/132] pf_ptd_anexo_de_entregas_2025_2027_assinado-copia_    62.5KB
07:08:56 INFO     ✓ [122/132] mf_ptd_2026_2027_anexo_de_entregas_4_mf_pgfn_assin   466.8KB
07:09:08 INFO     ✓ [123/132] previc_plano_de_transformacao_digital_2025_2026_29  6652.7KB
07:09:10 INFO     ✓ [124/132] previc_ptd_repactuacao_2025-2026_assinado_assinado   182.9KB
07:09:13 INFO     ✓ [125/132] prf_documentodiretivo_ptd_2026-2027_assinado_tarja   535.9KB
07:09:16 INFO     ✓ [126/132] prf_anexo_de_entregas_do_ptd__2026_2027___ptd___en   157.7KB
07:09:18 INFO     ✓ [127/132] mf_ptd_2026_2027_anexo_de_entregas_2_mf_rfb_assina   253.7KB
07:09:22 INFO     ✓ [128/132] sgpr_ptd_2026_2027_docdiretivo_assinado-copia_tarj   791.2KB
07:09:25 INFO     ✓ [129/132] sgpr_ptd_2025_2027_anexo_de_entregas_assinado-copi   897.9KB
07:09:28 INFO     ✓ [130/132] mf_ptd_2026_2027_anexo_de_entregas_3_mf_stn_assina   467.8KB
07:09:31 INFO     ✓ [131/132] susep_ptd_2025_2027_docdiretivo-assinado-copia_tar  1030.1KB
07:09:34 INFO     ✓ [132/132] susep_ptd_2025-2026_anexo_de_entregas_final_assina   221.9KB
07:09:35 INFO     132 OK | 0 erros | 123.3 MB total
07:09:41 INFO     Sanity: 132 PDFs | 113 texto | 19 imagem/OCR | 0 duplicatas
07:09:41 INFO     --siglas (debug): 15 PDFs de ['AGU', 'FIOCRUZ', 'FUNAI', 'FUNDACENTRO', 'INCRA', 'ITI', 'MCOM', 'SGPR']
07:09:41 INFO     DocumentConverter instanciado (singleton × 2: plain + OCR)
07:09:41 INFO     [1/15] → agu_ptd_2025_2027_anexo_de_entregas_assinado_assinado_assinado-copia_tarjada.pdf
07:09:41 INFO     detected formats: [<InputFormat.PDF: 'pdf'>]
07:09:41 INFO     Going to convert document batch...
07:09:41 INFO     Initializing pipeline for StandardPdfPipeline with options hash bc6794697da537796efc497178f9263f
07:09:41 INFO     Loading plugin 'docling_defaults'
07:09:41 INFO     Registered picture descriptions: ['picture_description_vlm_engine', 'vlm', 'api']
07:09:41 INFO     Loading plugin 'docling_defaults'
07:09:41 INFO     Registered ocr engines: ['auto', 'easyocr', 'kserve_v2_ocr', 'ocrmac', 'rapidocr', 'tesserocr', 'tesseract']
07:09:41 INFO     command: tesseract --list-langs
07:09:41 INFO     Loading plugin 'docling_defaults'
07:09:41 INFO     Registered layout engines: ['layout_object_detection', 'docling_layout_default', 'docling_experimental_table_crops_layout']
07:09:41 INFO     Accelerator device: 'cpu'
07:09:41 INFO     HTTP Request: GET https://huggingface.co/api/models/docling-project/docling-layout-heron/revision/main "HTTP/1.1 200 OK"
07:09:41 INFO     HTTP Request: HEAD https://huggingface.co/docling-project/docling-layout-heron/resolve/8f39ad3c0b4c58e9c2d2c84a38465abf757272d8/README.md "HTTP/1.1 307 Temporary Redirect"
07:09:41 WARNING  Warning: You are sending unauthenticated requests to the HF Hub. Please set a HF_TOKEN to enable higher rate limits and faster downloads.
07:09:41 INFO     HTTP Request: HEAD https://huggingface.co/api/resolve-cache/models/docling-project/docling-layout-heron/8f39ad3c0b4c58e9c2d2c84a38465abf757272d8/README.md "HTTP/1.1 200 OK"
07:09:41 INFO     HTTP Request: HEAD https://huggingface.co/docling-project/docling-layout-heron/resolve/8f39ad3c0b4c58e9c2d2c84a38465abf757272d8/.gitattributes "HTTP/1.1 307 Temporary Redirect"
07:09:41 INFO     HTTP Request: HEAD https://huggingface.co/docling-project/docling-layout-heron/resolve/8f39ad3c0b4c58e9c2d2c84a38465abf757272d8/config.json "HTTP/1.1 307 Temporary Redirect"
07:09:41 INFO     HTTP Request: HEAD https://huggingface.co/docling-project/docling-layout-heron/resolve/8f39ad3c0b4c58e9c2d2c84a38465abf757272d8/preprocessor_config.json "HTTP/1.1 307 Temporary Redirect"
07:09:41 INFO     HTTP Request: HEAD https://huggingface.co/docling-project/docling-layout-heron/resolve/8f39ad3c0b4c58e9c2d2c84a38465abf757272d8/model.safetensors "HTTP/1.1 302 Found"
07:09:41 INFO     HTTP Request: HEAD https://huggingface.co/docling-project/docling-layout-heron/resolve/8f39ad3c0b4c58e9c2d2c84a38465abf757272d8/docling_heron_400.png "HTTP/1.1 307 Temporary Redirect"
07:09:41 INFO     HTTP Request: GET https://huggingface.co/api/resolve-cache/models/docling-project/docling-layout-heron/8f39ad3c0b4c58e9c2d2c84a38465abf757272d8/README.md "HTTP/1.1 200 OK"
07:09:41 INFO     HTTP Request: HEAD https://huggingface.co/api/resolve-cache/models/docling-project/docling-layout-heron/8f39ad3c0b4c58e9c2d2c84a38465abf757272d8/.gitattributes "HTTP/1.1 200 OK"
07:09:41 INFO     HTTP Request: HEAD https://huggingface.co/api/resolve-cache/models/docling-project/docling-layout-heron/8f39ad3c0b4c58e9c2d2c84a38465abf757272d8/config.json "HTTP/1.1 200 OK"
07:09:41 INFO     HTTP Request: HEAD https://huggingface.co/api/resolve-cache/models/docling-project/docling-layout-heron/8f39ad3c0b4c58e9c2d2c84a38465abf757272d8/preprocessor_config.json "HTTP/1.1 200 OK"
07:09:41 INFO     HTTP Request: HEAD https://huggingface.co/api/resolve-cache/models/docling-project/docling-layout-heron/8f39ad3c0b4c58e9c2d2c84a38465abf757272d8/docling_heron_400.png "HTTP/1.1 200 OK"
07:09:41 INFO     HTTP Request: GET https://huggingface.co/api/resolve-cache/models/docling-project/docling-layout-heron/8f39ad3c0b4c58e9c2d2c84a38465abf757272d8/.gitattributes "HTTP/1.1 200 OK"
07:09:41 INFO     HTTP Request: GET https://huggingface.co/api/resolve-cache/models/docling-project/docling-layout-heron/8f39ad3c0b4c58e9c2d2c84a38465abf757272d8/config.json "HTTP/1.1 200 OK"
07:09:41 INFO     HTTP Request: GET https://huggingface.co/api/resolve-cache/models/docling-project/docling-layout-heron/8f39ad3c0b4c58e9c2d2c84a38465abf757272d8/preprocessor_config.json "HTTP/1.1 200 OK"
07:09:41 INFO     HTTP Request: GET https://huggingface.co/api/resolve-cache/models/docling-project/docling-layout-heron/8f39ad3c0b4c58e9c2d2c84a38465abf757272d8/docling_heron_400.png "HTTP/1.1 200 OK"
07:09:41 INFO     HTTP Request: GET https://huggingface.co/api/models/docling-project/docling-layout-heron/xet-read-token/8f39ad3c0b4c58e9c2d2c84a38465abf757272d8 "HTTP/1.1 200 OK"
07:09:43 INFO     Loading plugin 'docling_defaults'
07:09:43 INFO     Registered table structure engines: ['docling_tableformer', 'docling_tableformer_v2']
07:09:43 INFO     HTTP Request: GET https://huggingface.co/api/models/docling-project/docling-models/revision/v2.3.0 "HTTP/1.1 200 OK"
07:09:43 INFO     HTTP Request: HEAD https://huggingface.co/docling-project/docling-models/resolve/fc0f2d45e2218ea24bce5045f58a389aed16dc23/.gitignore "HTTP/1.1 307 Temporary Redirect"
07:09:43 INFO     HTTP Request: HEAD https://huggingface.co/docling-project/docling-models/resolve/fc0f2d45e2218ea24bce5045f58a389aed16dc23/README.md "HTTP/1.1 307 Temporary Redirect"
07:09:43 INFO     HTTP Request: HEAD https://huggingface.co/docling-project/docling-models/resolve/fc0f2d45e2218ea24bce5045f58a389aed16dc23/model_artifacts/tableformer/accurate/tableformer_accurate.safetensors "HTTP/1.1 302 Found"
07:09:43 INFO     HTTP Request: HEAD https://huggingface.co/docling-project/docling-models/resolve/fc0f2d45e2218ea24bce5045f58a389aed16dc23/.gitattributes "HTTP/1.1 307 Temporary Redirect"
07:09:43 INFO     HTTP Request: HEAD https://huggingface.co/docling-project/docling-models/resolve/fc0f2d45e2218ea24bce5045f58a389aed16dc23/config.json "HTTP/1.1 307 Temporary Redirect"
07:09:43 INFO     HTTP Request: HEAD https://huggingface.co/docling-project/docling-models/resolve/fc0f2d45e2218ea24bce5045f58a389aed16dc23/model_artifacts/tableformer/accurate/tm_config.json "HTTP/1.1 307 Temporary Redirect"
07:09:43 INFO     HTTP Request: HEAD https://huggingface.co/api/resolve-cache/models/docling-project/docling-models/fc0f2d45e2218ea24bce5045f58a389aed16dc23/.gitignore "HTTP/1.1 200 OK"
07:09:43 INFO     HTTP Request: HEAD https://huggingface.co/api/resolve-cache/models/docling-project/docling-models/fc0f2d45e2218ea24bce5045f58a389aed16dc23/README.md "HTTP/1.1 200 OK"
07:09:43 INFO     HTTP Request: HEAD https://huggingface.co/api/resolve-cache/models/docling-project/docling-models/fc0f2d45e2218ea24bce5045f58a389aed16dc23/.gitattributes "HTTP/1.1 200 OK"
07:09:43 INFO     HTTP Request: HEAD https://huggingface.co/api/resolve-cache/models/docling-project/docling-models/fc0f2d45e2218ea24bce5045f58a389aed16dc23/config.json "HTTP/1.1 200 OK"
07:09:43 INFO     HTTP Request: HEAD https://huggingface.co/api/resolve-cache/models/docling-project/docling-models/fc0f2d45e2218ea24bce5045f58a389aed16dc23/model_artifacts%2Ftableformer%2Faccurate%2Ftm_config.json "HTTP/1.1 200 OK"
07:09:43 INFO     HTTP Request: HEAD https://huggingface.co/docling-project/docling-models/resolve/fc0f2d45e2218ea24bce5045f58a389aed16dc23/model_artifacts/tableformer/fast/tableformer_fast.safetensors "HTTP/1.1 302 Found"
07:09:43 INFO     HTTP Request: HEAD https://huggingface.co/docling-project/docling-models/resolve/fc0f2d45e2218ea24bce5045f58a389aed16dc23/model_artifacts/tableformer/fast/tm_config.json "HTTP/1.1 307 Temporary Redirect"
07:09:43 INFO     HTTP Request: GET https://huggingface.co/api/resolve-cache/models/docling-project/docling-models/fc0f2d45e2218ea24bce5045f58a389aed16dc23/.gitignore "HTTP/1.1 200 OK"
07:09:43 INFO     HTTP Request: GET https://huggingface.co/api/resolve-cache/models/docling-project/docling-models/fc0f2d45e2218ea24bce5045f58a389aed16dc23/README.md "HTTP/1.1 200 OK"
07:09:43 INFO     HTTP Request: GET https://huggingface.co/api/resolve-cache/models/docling-project/docling-models/fc0f2d45e2218ea24bce5045f58a389aed16dc23/.gitattributes "HTTP/1.1 200 OK"
07:09:43 INFO     HTTP Request: GET https://huggingface.co/api/resolve-cache/models/docling-project/docling-models/fc0f2d45e2218ea24bce5045f58a389aed16dc23/config.json "HTTP/1.1 200 OK"
07:09:43 INFO     HTTP Request: GET https://huggingface.co/api/resolve-cache/models/docling-project/docling-models/fc0f2d45e2218ea24bce5045f58a389aed16dc23/model_artifacts%2Ftableformer%2Faccurate%2Ftm_config.json "HTTP/1.1 200 OK"
07:09:43 INFO     HTTP Request: HEAD https://huggingface.co/api/resolve-cache/models/docling-project/docling-models/fc0f2d45e2218ea24bce5045f58a389aed16dc23/model_artifacts%2Ftableformer%2Ffast%2Ftm_config.json "HTTP/1.1 200 OK"
07:09:43 INFO     HTTP Request: GET https://huggingface.co/api/models/docling-project/docling-models/xet-read-token/fc0f2d45e2218ea24bce5045f58a389aed16dc23 "HTTP/1.1 200 OK"
07:09:43 INFO     HTTP Request: GET https://huggingface.co/api/resolve-cache/models/docling-project/docling-models/fc0f2d45e2218ea24bce5045f58a389aed16dc23/model_artifacts%2Ftableformer%2Ffast%2Ftm_config.json "HTTP/1.1 200 OK"
07:09:43 INFO     HTTP Request: GET https://huggingface.co/api/models/docling-project/docling-models/xet-read-token/fc0f2d45e2218ea24bce5045f58a389aed16dc23 "HTTP/1.1 200 OK"
07:09:44 INFO     Accelerator device: 'cpu'
07:09:45 INFO     Processing document agu_ptd_2025_2027_anexo_de_entregas_assinado_assinado_assinado-copia_tarjada.pdf
07:09:45 INFO     command: tesseract --psm 0 -l osd /tmp/tmprfmkd0dk.png stdout
07:09:46 INFO     command: tesseract -l por /tmp/tmprfmkd0dk.png stdout tsv
07:09:49 INFO     command: tesseract --psm 0 -l osd /tmp/tmprvmyi0i8.png stdout
07:09:51 INFO     command: tesseract -l por /tmp/tmprvmyi0i8.png stdout tsv
07:10:06 INFO     Finished converting document agu_ptd_2025_2027_anexo_de_entregas_assinado_assinado_assinado-copia_tarjada.pdf in 25.83 sec.
07:10:06 INFO       pixel_budget (Docling) agu_ptd_2025_2027_anexo_de_entregas_assinado_assinado_assinado-copia_tarjada.pdf: 45.8% (área tabelas/1001817 px²)
07:10:06 INFO     [1/15] ✓ AGU       :   33 entregas | 25.8s | ETA ~6min
07:10:06 INFO     [2/15] → agu_ptd_2025_2027_docdiretivo_assinado_assinado_assinado-copia_tarjada.pdf
07:10:06 INFO     detected formats: [<InputFormat.PDF: 'pdf'>]
07:10:06 INFO     Going to convert document batch...
07:10:06 INFO     Processing document agu_ptd_2025_2027_docdiretivo_assinado_assinado_assinado-copia_tarjada.pdf
07:10:07 INFO     command: tesseract --psm 0 -l osd /tmp/tmpm40566iy.png stdout
07:10:07 INFO     command: tesseract -l por /tmp/tmpm40566iy.png stdout tsv
07:10:10 INFO     command: tesseract --psm 0 -l osd /tmp/tmpauw36k5t.png stdout
07:10:11 INFO     command: tesseract -l por /tmp/tmpauw36k5t.png stdout tsv
07:10:14 INFO     command: tesseract --psm 0 -l osd /tmp/tmp6helsc3d.png stdout
07:10:15 INFO     command: tesseract -l por /tmp/tmp6helsc3d.png stdout tsv
07:10:17 INFO     command: tesseract --psm 0 -l osd /tmp/tmps82e9jr3.png stdout
07:10:18 INFO     command: tesseract -l por /tmp/tmps82e9jr3.png stdout tsv
07:10:20 INFO     command: tesseract --psm 0 -l osd /tmp/tmpam34iixv.png stdout
07:10:21 INFO     command: tesseract -l por /tmp/tmpam34iixv.png stdout tsv
07:10:23 INFO     command: tesseract --psm 0 -l osd /tmp/tmp53bds5pb.png stdout
07:10:25 INFO     command: tesseract -l por /tmp/tmp53bds5pb.png stdout tsv
07:10:37 INFO     command: tesseract --psm 0 -l osd /tmp/tmp2etuxils.png stdout
07:10:37 INFO     command: tesseract -l por /tmp/tmp2etuxils.png stdout tsv
07:10:40 INFO     command: tesseract --psm 0 -l osd /tmp/tmpguo_e9bh.png stdout
07:10:41 INFO     command: tesseract -l por /tmp/tmpguo_e9bh.png stdout tsv
07:10:43 INFO     command: tesseract --psm 0 -l osd /tmp/tmp6yey8ese.png stdout
07:10:44 INFO     command: tesseract -l por /tmp/tmp6yey8ese.png stdout tsv
07:10:46 INFO     command: tesseract --psm 0 -l osd /tmp/tmpgvxg8m9k.png stdout
07:10:48 INFO     command: tesseract -l por /tmp/tmpgvxg8m9k.png stdout tsv
07:11:05 INFO     command: tesseract --psm 0 -l osd /tmp/tmpjjxexqnz.png stdout
07:11:06 INFO     command: tesseract -l por /tmp/tmpjjxexqnz.png stdout tsv
07:11:09 INFO     Finished converting document agu_ptd_2025_2027_docdiretivo_assinado_assinado_assinado-copia_tarjada.pdf in 62.72 sec.
07:11:09 INFO       pixel_budget (Docling) agu_ptd_2025_2027_docdiretivo_assinado_assinado_assinado-copia_tarjada.pdf: 2.1% (área tabelas/5513330 px²)
07:11:09 INFO     [2/15] ✓ AGU       :    6 entregas | 62.7s | ETA ~9min
07:11:09 INFO     [3/15] → anexo-de-entregas-mcom_ptd-25_27-copia_tarjada.pdf
07:11:09 INFO     detected formats: [<InputFormat.PDF: 'pdf'>]
07:11:09 INFO     Going to convert document batch...
07:11:09 INFO     Processing document anexo-de-entregas-mcom_ptd-25_27-copia_tarjada.pdf
07:11:10 INFO     command: tesseract --psm 0 -l osd /tmp/tmp8ozg9_cs.png stdout
07:11:11 INFO     command: tesseract -l por /tmp/tmp8ozg9_cs.png stdout tsv
07:11:14 INFO     command: tesseract --psm 0 -l osd /tmp/tmpqcp9mjfe.png stdout
07:11:16 INFO     command: tesseract -l por /tmp/tmpqcp9mjfe.png stdout tsv
07:11:22 INFO     command: tesseract --psm 0 -l osd /tmp/tmpkpgsvqs0.png stdout
07:11:24 INFO     command: tesseract -l por /tmp/tmpkpgsvqs0.png stdout tsv
07:11:39 INFO     Finished converting document anexo-de-entregas-mcom_ptd-25_27-copia_tarjada.pdf in 29.89 sec.
07:11:39 INFO       pixel_budget (Docling) anexo-de-entregas-mcom_ptd-25_27-copia_tarjada.pdf: 55.2% (área tabelas/1503636 px²)
07:11:39 INFO     [3/15] ✓ MCOM      :   55 entregas | 29.9s | ETA ~7min
07:11:39 INFO     [4/15] → documento-diretivo-mcom-_-ptd-25_27-copia_tarjada.pdf
07:11:39 INFO     detected formats: [<InputFormat.PDF: 'pdf'>]
07:11:39 INFO     Going to convert document batch...
07:11:39 INFO     Processing document documento-diretivo-mcom-_-ptd-25_27-copia_tarjada.pdf
07:11:40 INFO     command: tesseract --psm 0 -l osd /tmp/tmpvrrh_ewu.png stdout
07:11:40 INFO     command: tesseract -l por /tmp/tmpvrrh_ewu.png stdout tsv
07:11:43 INFO     command: tesseract --psm 0 -l osd /tmp/tmpkl_r9lfu.png stdout
07:11:44 INFO     command: tesseract -l por /tmp/tmpkl_r9lfu.png stdout tsv
07:11:48 INFO     command: tesseract --psm 0 -l osd /tmp/tmph2aw8luu.png stdout
07:11:49 INFO     command: tesseract -l por /tmp/tmph2aw8luu.png stdout tsv
07:11:50 INFO     command: tesseract --psm 0 -l osd /tmp/tmp96c3ursm.png stdout
07:11:51 INFO     command: tesseract -l por /tmp/tmp96c3ursm.png stdout tsv
07:11:53 INFO     command: tesseract --psm 0 -l osd /tmp/tmpch7csjw5.png stdout
07:11:54 INFO     command: tesseract -l por /tmp/tmpch7csjw5.png stdout tsv
07:11:56 INFO     command: tesseract --psm 0 -l osd /tmp/tmp1y6zkiu0.png stdout
07:11:58 INFO     command: tesseract -l por /tmp/tmp1y6zkiu0.png stdout tsv
07:12:11 INFO     command: tesseract --psm 0 -l osd /tmp/tmp7uiov1zf.png stdout
07:12:12 INFO     command: tesseract -l por /tmp/tmp7uiov1zf.png stdout tsv
07:12:14 INFO     command: tesseract --psm 0 -l osd /tmp/tmpi3_6bg18.png stdout
07:12:15 INFO     command: tesseract -l por /tmp/tmpi3_6bg18.png stdout tsv
07:12:17 INFO     command: tesseract --psm 0 -l osd /tmp/tmpekoh1fw3.png stdout
07:12:18 INFO     command: tesseract -l por /tmp/tmpekoh1fw3.png stdout tsv
07:12:20 INFO     command: tesseract --psm 0 -l osd /tmp/tmpxo85wyhi.png stdout
07:12:22 INFO     command: tesseract -l por /tmp/tmpxo85wyhi.png stdout tsv
07:12:28 INFO     command: tesseract --psm 0 -l osd /tmp/tmp4e3uv9dt.png stdout
07:12:29 INFO     command: tesseract -l por /tmp/tmp4e3uv9dt.png stdout tsv
07:12:33 INFO     command: tesseract --psm 0 -l osd /tmp/tmpv3walnj1.png stdout
07:12:33 INFO     command: tesseract -l por /tmp/tmpv3walnj1.png stdout tsv
07:12:35 INFO     command: tesseract --psm 0 -l osd /tmp/tmpkl__7oet.png stdout
07:12:36 INFO     command: tesseract -l por /tmp/tmpkl__7oet.png stdout tsv
07:12:38 INFO     command: tesseract --psm 0 -l osd /tmp/tmp_60cq_pn.png stdout
07:12:40 INFO     command: tesseract -l por /tmp/tmp_60cq_pn.png stdout tsv
07:12:45 INFO     Finished converting document documento-diretivo-mcom-_-ptd-25_27-copia_tarjada.pdf in 65.42 sec.
07:12:45 INFO       pixel_budget (Docling) documento-diretivo-mcom-_-ptd-25_27-copia_tarjada.pdf: 10.8% (área tabelas/7016966 px²)
07:12:45 WARNING  [4/15] ⚠ MCOM      :    0 entregas | 65.4s | ETA ~8min
07:12:45 INFO     [5/15] → fiocruz-ptd-06_2024-copia_tarjada.pdf
07:12:45 INFO     detected formats: [<InputFormat.PDF: 'pdf'>]
07:12:45 INFO     Going to convert document batch...
07:12:45 INFO     Initializing pipeline for StandardPdfPipeline with options hash d18651824ca6fe56cf3ccb20424ac2c8
07:12:45 INFO     Accelerator device: 'cpu'
07:12:45 INFO     HTTP Request: GET https://huggingface.co/api/models/docling-project/docling-layout-heron/revision/main "HTTP/1.1 200 OK"
07:12:45 INFO     HTTP Request: GET https://huggingface.co/api/models/docling-project/docling-models/revision/v2.3.0 "HTTP/1.1 200 OK"
07:12:45 INFO     Accelerator device: 'cpu'
07:12:46 INFO     Processing document fiocruz-ptd-06_2024-copia_tarjada.pdf
07:13:42 INFO     Finished converting document fiocruz-ptd-06_2024-copia_tarjada.pdf in 57.78 sec.
07:13:42 INFO       pixel_budget (Docling) fiocruz-ptd-06_2024-copia_tarjada.pdf: 36.4% (área tabelas/7518178 px²)
07:13:42 WARNING  [5/15] ⚠ FIOCRUZ   :    0 entregas | 57.8s | ETA ~8min
07:13:42 INFO     [6/15] → fiocruz_novo-ptd_2-1_docdiretivo_repactuacao_2024-2026_assinado_assinado-copia_tarjada.pdf
07:13:42 INFO     detected formats: [<InputFormat.PDF: 'pdf'>]
07:13:42 INFO     Going to convert document batch...
07:13:42 INFO     Processing document fiocruz_novo-ptd_2-1_docdiretivo_repactuacao_2024-2026_assinado_assinado-copia_tarjada.pdf
07:13:58 INFO     Finished converting document fiocruz_novo-ptd_2-1_docdiretivo_repactuacao_2024-2026_assinado_assinado-copia_tarjada.pdf in 15.34 sec.
07:13:58 INFO       pixel_budget (Docling) fiocruz_novo-ptd_2-1_docdiretivo_repactuacao_2024-2026_assinado_assinado-copia_tarjada.pdf: 11.3% (área tabelas/5012118 px²)
07:13:58 WARNING  [6/15] ⚠ FIOCRUZ   :    0 entregas | 15.3s | ETA ~6min
07:13:58 INFO     [7/15] → fiocruz_ptd_anexo_de_entregas_assinado_v1_assinado_assinado-1-copia_tarjada.pdf
07:13:58 INFO     detected formats: [<InputFormat.PDF: 'pdf'>]
07:13:58 INFO     Going to convert document batch...
07:13:58 INFO     Processing document fiocruz_ptd_anexo_de_entregas_assinado_v1_assinado_assinado-1-copia_tarjada.pdf
07:14:21 INFO     Finished converting document fiocruz_ptd_anexo_de_entregas_assinado_v1_assinado_assinado-1-copia_tarjada.pdf in 23.39 sec.
07:14:21 INFO       pixel_budget (Docling) fiocruz_ptd_anexo_de_entregas_assinado_v1_assinado_assinado-1-copia_tarjada.pdf: 54.7% (área tabelas/2004847 px²)
07:14:21 INFO     [7/15] ✓ FIOCRUZ   :   61 entregas | 23.4s | ETA ~5min
07:14:21 INFO     [8/15] → funai_anexo_de_entregas_repactuado_2026_2027_assinado_assinado_assinado.pdf
07:14:21 INFO     detected formats: [<InputFormat.PDF: 'pdf'>]
07:14:21 INFO     Going to convert document batch...
07:14:21 INFO     Processing document funai_anexo_de_entregas_repactuado_2026_2027_assinado_assinado_assinado.pdf
07:14:22 INFO     command: tesseract --psm 0 -l osd /tmp/tmpxykkcbb0.png stdout
07:14:23 INFO     command: tesseract -l por /tmp/tmpxykkcbb0.png stdout tsv
07:14:34 INFO     Finished converting document funai_anexo_de_entregas_repactuado_2026_2027_assinado_assinado_assinado.pdf in 12.58 sec.
07:14:34 INFO       pixel_budget (Docling) funai_anexo_de_entregas_repactuado_2026_2027_assinado_assinado_assinado.pdf: 49.8% (área tabelas/501212 px²)
07:14:34 INFO     [8/15] ✓ FUNAI     :   21 entregas | 12.6s | ETA ~4min
07:14:34 INFO     [9/15] → funai_ptd_2025_2027_docdiretivo_assinado-1_tarjado.pdf
07:14:34 INFO     detected formats: [<InputFormat.PDF: 'pdf'>]
07:14:34 INFO     Going to convert document batch...
07:14:34 INFO     Processing document funai_ptd_2025_2027_docdiretivo_assinado-1_tarjado.pdf
07:14:35 INFO     command: tesseract --psm 0 -l osd /tmp/tmps2ruzhkw.png stdout
07:14:36 INFO     command: tesseract -l por /tmp/tmps2ruzhkw.png stdout tsv
07:14:37 INFO     command: tesseract --psm 0 -l osd /tmp/tmpfh04lzlc.png stdout
07:14:39 INFO     command: tesseract -l por /tmp/tmpfh04lzlc.png stdout tsv
07:14:40 INFO     command: tesseract --psm 0 -l osd /tmp/tmpqdcje3wj.png stdout
07:14:41 INFO     command: tesseract -l por /tmp/tmpqdcje3wj.png stdout tsv
07:14:43 INFO     command: tesseract --psm 0 -l osd /tmp/tmp2vzace1s.png stdout
07:14:44 INFO     command: tesseract -l por /tmp/tmp2vzace1s.png stdout tsv
07:14:45 INFO     command: tesseract --psm 0 -l osd /tmp/tmptnc9nqtb.png stdout
07:14:46 INFO     command: tesseract -l por /tmp/tmptnc9nqtb.png stdout tsv
07:14:48 INFO     command: tesseract --psm 0 -l osd /tmp/tmpxa8vs_ft.png stdout
07:14:50 INFO     command: tesseract -l por /tmp/tmpxa8vs_ft.png stdout tsv
07:15:02 INFO     command: tesseract --psm 0 -l osd /tmp/tmpi2y7zpaq.png stdout
07:15:03 INFO     command: tesseract -l por /tmp/tmpi2y7zpaq.png stdout tsv
07:15:04 INFO     command: tesseract --psm 0 -l osd /tmp/tmppu9rr8v4.png stdout
07:15:05 INFO     command: tesseract -l por /tmp/tmppu9rr8v4.png stdout tsv
07:15:06 INFO     command: tesseract --psm 0 -l osd /tmp/tmppcdegynj.png stdout
07:15:07 INFO     command: tesseract -l por /tmp/tmppcdegynj.png stdout tsv
07:15:09 INFO     command: tesseract --psm 0 -l osd /tmp/tmpn_4c_lco.png stdout
07:15:11 INFO     command: tesseract -l por /tmp/tmpn_4c_lco.png stdout tsv
07:15:22 INFO     command: tesseract --psm 0 -l osd /tmp/tmp_j9_lg6r.png stdout
07:15:24 INFO     command: tesseract -l por /tmp/tmp_j9_lg6r.png stdout tsv
07:15:28 INFO     command: tesseract --psm 0 -l osd /tmp/tmp_9nrxjrn.png stdout
07:15:30 INFO     command: tesseract -l por /tmp/tmp_9nrxjrn.png stdout tsv
07:15:32 INFO     command: tesseract --psm 0 -l osd /tmp/tmptsrv91u1.png stdout
07:15:33 INFO     command: tesseract -l por /tmp/tmptsrv91u1.png stdout tsv
07:15:39 INFO     Finished converting document funai_ptd_2025_2027_docdiretivo_assinado-1_tarjado.pdf in 64.83 sec.
07:15:39 INFO       pixel_budget (Docling) funai_ptd_2025_2027_docdiretivo_assinado-1_tarjado.pdf: 16.4% (área tabelas/6515754 px²)
07:15:39 INFO     [9/15] ✓ FUNAI     :    8 entregas | 64.8s | ETA ~3min
07:15:39 INFO     [10/15] → incra_anexo_de_entregas_assinado-1_assinado_assinado-copia_tarjada.pdf
07:15:39 INFO     detected formats: [<InputFormat.PDF: 'pdf'>]
07:15:39 INFO     Going to convert document batch...
07:15:39 INFO     Processing document incra_anexo_de_entregas_assinado-1_assinado_assinado-copia_tarjada.pdf
07:15:40 INFO     command: tesseract --psm 0 -l osd /tmp/tmpac0wrax2.png stdout
07:15:41 INFO     command: tesseract -l por /tmp/tmpac0wrax2.png stdout tsv
07:15:43 INFO     command: tesseract --psm 0 -l osd /tmp/tmpw6qvzyaw.png stdout
07:15:45 INFO     command: tesseract -l por /tmp/tmpw6qvzyaw.png stdout tsv
07:15:50 INFO     command: tesseract --psm 0 -l osd /tmp/tmp_j727krd.png stdout
07:15:52 INFO     command: tesseract -l por /tmp/tmp_j727krd.png stdout tsv
07:15:55 INFO     command: tesseract --psm 0 -l osd /tmp/tmp26adek0p.png stdout
07:15:56 INFO     command: tesseract -l por /tmp/tmp26adek0p.png stdout tsv
07:15:58 INFO     command: tesseract --psm 0 -l osd /tmp/tmplyzhe7om.png stdout
07:15:59 INFO     command: tesseract -l por /tmp/tmplyzhe7om.png stdout tsv
07:16:58 INFO     Finished converting document incra_anexo_de_entregas_assinado-1_assinado_assinado-copia_tarjada.pdf in 79.23 sec.
07:16:58 INFO       pixel_budget (Docling) incra_anexo_de_entregas_assinado-1_assinado_assinado-copia_tarjada.pdf: 30.0% (área tabelas/2423520 px²)
07:16:58 INFO     [10/15] ✓ INCRA     :   10 entregas | 79.2s | ETA ~3min
07:16:58 INFO     [11/15] → incra_ptd_docdiretivo__assinado-1_assinado_assinado-copia_tarjada.pdf
07:16:58 INFO     detected formats: [<InputFormat.PDF: 'pdf'>]
07:16:58 INFO     Going to convert document batch...
07:16:58 INFO     Processing document incra_ptd_docdiretivo__assinado-1_assinado_assinado-copia_tarjada.pdf
07:16:59 INFO     command: tesseract --psm 0 -l osd /tmp/tmp_xicrx59.png stdout
07:17:00 INFO     command: tesseract -l por /tmp/tmp_xicrx59.png stdout tsv
07:17:01 INFO     command: tesseract --psm 0 -l osd /tmp/tmpzfk_9ev4.png stdout
07:17:03 INFO     command: tesseract -l por /tmp/tmpzfk_9ev4.png stdout tsv
07:17:08 INFO     command: tesseract --psm 0 -l osd /tmp/tmp0h605c71.png stdout
07:17:09 INFO     command: tesseract -l por /tmp/tmp0h605c71.png stdout tsv
07:17:11 INFO     command: tesseract --psm 0 -l osd /tmp/tmp3q93juap.png stdout
07:17:12 INFO     command: tesseract -l por /tmp/tmp3q93juap.png stdout tsv
07:17:14 INFO     command: tesseract --psm 0 -l osd /tmp/tmp027x_91m.png stdout
07:17:15 INFO     command: tesseract -l por /tmp/tmp027x_91m.png stdout tsv
07:17:17 INFO     command: tesseract --psm 0 -l osd /tmp/tmp6tayocvo.png stdout
07:17:18 INFO     command: tesseract -l por /tmp/tmp6tayocvo.png stdout tsv
07:17:30 INFO     command: tesseract --psm 0 -l osd /tmp/tmp9mfapifg.png stdout
07:17:32 INFO     command: tesseract -l por /tmp/tmp9mfapifg.png stdout tsv
07:17:34 INFO     command: tesseract --psm 0 -l osd /tmp/tmp465_8w5f.png stdout
07:17:35 INFO     command: tesseract -l por /tmp/tmp465_8w5f.png stdout tsv
07:17:36 INFO     command: tesseract --psm 0 -l osd /tmp/tmpo3be8caw.png stdout
07:17:37 INFO     command: tesseract -l por /tmp/tmpo3be8caw.png stdout tsv
07:17:39 INFO     command: tesseract --psm 0 -l osd /tmp/tmpo96kkcrl.png stdout
07:17:41 INFO     command: tesseract -l por /tmp/tmpo96kkcrl.png stdout tsv
07:17:46 INFO     command: tesseract --psm 0 -l osd /tmp/tmp80aj75sc.png stdout
07:17:47 INFO     command: tesseract -l por /tmp/tmp80aj75sc.png stdout tsv
07:17:53 INFO     command: tesseract --psm 0 -l osd /tmp/tmpjl7xwguu.png stdout
07:17:55 INFO     command: tesseract -l por /tmp/tmpjl7xwguu.png stdout tsv
07:17:58 INFO     command: tesseract --psm 0 -l osd /tmp/tmp0tfzqel0.png stdout
07:17:59 INFO     command: tesseract -l por /tmp/tmp0tfzqel0.png stdout tsv
07:18:06 INFO     Finished converting document incra_ptd_docdiretivo__assinado-1_assinado_assinado-copia_tarjada.pdf in 68.24 sec.
07:18:06 INFO       pixel_budget (Docling) incra_ptd_docdiretivo__assinado-1_assinado_assinado-copia_tarjada.pdf: 20.2% (área tabelas/6515754 px²)
07:18:06 INFO     [11/15] ✓ INCRA     :    9 entregas | 68.3s | ETA ~3min
07:18:06 INFO     [12/15] → iti_anexo_de_entregas_assinado.pdf
07:18:06 INFO     detected formats: [<InputFormat.PDF: 'pdf'>]
07:18:06 INFO     Going to convert document batch...
07:18:06 INFO     Processing document iti_anexo_de_entregas_assinado.pdf
07:18:07 INFO     command: tesseract --psm 0 -l osd /tmp/tmpvhfirzzo.png stdout
07:18:08 INFO     command: tesseract -l por /tmp/tmpvhfirzzo.png stdout tsv
07:18:20 INFO     Finished converting document iti_anexo_de_entregas_assinado.pdf in 13.73 sec.
07:18:20 INFO       pixel_budget (Docling) iti_anexo_de_entregas_assinado.pdf: 57.2% (área tabelas/501212 px²)
07:18:20 INFO     [12/15] ✓ ITI       :   31 entregas | 13.7s | ETA ~2min
07:18:20 INFO     [13/15] → iti_doc_diretivo_assinado-1_tarjado.pdf
07:18:20 INFO     detected formats: [<InputFormat.PDF: 'pdf'>]
07:18:20 INFO     Going to convert document batch...
07:18:20 INFO     Processing document iti_doc_diretivo_assinado-1_tarjado.pdf
07:18:20 INFO     command: tesseract --psm 0 -l osd /tmp/tmpwr_ytnk8.png stdout
07:18:21 INFO     command: tesseract -l por /tmp/tmpwr_ytnk8.png stdout tsv
07:18:23 INFO     command: tesseract --psm 0 -l osd /tmp/tmpv68lbkh7.png stdout
07:18:25 INFO     command: tesseract -l por /tmp/tmpv68lbkh7.png stdout tsv
07:18:27 INFO     command: tesseract --psm 0 -l osd /tmp/tmpnift3ppf.png stdout
07:18:28 INFO     command: tesseract -l por /tmp/tmpnift3ppf.png stdout tsv
07:18:30 INFO     command: tesseract --psm 0 -l osd /tmp/tmpkxpzkojz.png stdout
07:18:31 INFO     command: tesseract -l por /tmp/tmpkxpzkojz.png stdout tsv
07:18:32 INFO     command: tesseract --psm 0 -l osd /tmp/tmpltj254mw.png stdout
07:18:33 INFO     command: tesseract -l por /tmp/tmpltj254mw.png stdout tsv
07:18:36 INFO     command: tesseract --psm 0 -l osd /tmp/tmpznd4zcm7.png stdout
07:18:37 INFO     command: tesseract -l por /tmp/tmpznd4zcm7.png stdout tsv
07:18:53 INFO     command: tesseract --psm 0 -l osd /tmp/tmphpu9rrti.png stdout
07:18:54 INFO     command: tesseract -l por /tmp/tmphpu9rrti.png stdout tsv
07:18:56 INFO     command: tesseract --psm 0 -l osd /tmp/tmpq1tawhed.png stdout
07:18:57 INFO     command: tesseract -l por /tmp/tmpq1tawhed.png stdout tsv
07:19:00 INFO     command: tesseract --psm 0 -l osd /tmp/tmpjtnhy1mh.png stdout
07:19:01 INFO     command: tesseract -l por /tmp/tmpjtnhy1mh.png stdout tsv
07:19:03 INFO     command: tesseract --psm 0 -l osd /tmp/tmpb31udgyx.png stdout
07:19:05 INFO     command: tesseract -l por /tmp/tmpb31udgyx.png stdout tsv
07:19:13 INFO     command: tesseract --psm 0 -l osd /tmp/tmpv28wo8co.png stdout
07:19:15 INFO     command: tesseract -l por /tmp/tmpv28wo8co.png stdout tsv
07:19:20 INFO     Finished converting document iti_doc_diretivo_assinado-1_tarjado.pdf in 60.03 sec.
07:19:20 INFO       pixel_budget (Docling) iti_doc_diretivo_assinado-1_tarjado.pdf: 8.0% (área tabelas/5516339 px²)
07:19:20 INFO     [13/15] ✓ ITI       :    6 entregas | 60.0s | ETA ~89s
07:19:20 INFO     [14/15] → sgpr_ptd_2025_2027_anexo_de_entregas_assinado-copia_tarjada.pdf
07:19:20 INFO     detected formats: [<InputFormat.PDF: 'pdf'>]
07:19:20 INFO     Going to convert document batch...
07:19:20 INFO     Processing document sgpr_ptd_2025_2027_anexo_de_entregas_assinado-copia_tarjada.pdf
07:19:21 INFO     command: tesseract --psm 0 -l osd /tmp/tmp4g2eu090.png stdout
07:19:22 INFO     command: tesseract -l por /tmp/tmp4g2eu090.png stdout tsv
07:19:25 INFO     command: tesseract --psm 0 -l osd /tmp/tmpyk9fwsw5.png stdout
07:19:26 INFO     command: tesseract -l por /tmp/tmpyk9fwsw5.png stdout tsv
07:19:35 INFO     Finished converting document sgpr_ptd_2025_2027_anexo_de_entregas_assinado-copia_tarjada.pdf in 15.20 sec.
07:19:35 INFO       pixel_budget (Docling) sgpr_ptd_2025_2027_anexo_de_entregas_assinado-copia_tarjada.pdf: 29.5% (área tabelas/1002424 px²)
07:19:35 INFO     [14/15] ✓ SGPR      :   15 entregas | 15.2s | ETA ~42s
07:19:35 INFO     [15/15] → sgpr_ptd_2026_2027_docdiretivo_assinado-copia_tarjada.pdf
07:19:35 INFO     detected formats: [<InputFormat.PDF: 'pdf'>]
07:19:35 INFO     Going to convert document batch...
07:19:35 INFO     Processing document sgpr_ptd_2026_2027_docdiretivo_assinado-copia_tarjada.pdf
07:19:51 INFO     Finished converting document sgpr_ptd_2026_2027_docdiretivo_assinado-copia_tarjada.pdf in 16.35 sec.
07:19:51 INFO       pixel_budget (Docling) sgpr_ptd_2026_2027_docdiretivo_assinado-copia_tarjada.pdf: 8.2% (área tabelas/5513330 px²)
07:19:51 WARNING  [15/15] ⚠ SGPR      :    0 entregas | 16.4s | ETA ~0s
07:19:51 INFO     255 registros | 7 órgãos
07:19:51 INFO     ╔══════════════════════════════════════════════════════════════╗
07:19:51 INFO     ║                  ENTREGAS — fase concluída                   ║
07:19:51 INFO     ║  Processados: 15    |  ✓ 11  ⚠ 4                             ║
07:19:51 INFO     ║  Duração: 10.2 min                                           ║
07:19:51 INFO     ║  255 registros | 7 órgãos                                    ║
07:19:51 INFO     ╚══════════════════════════════════════════════════════════════╝
07:19:51 INFO     [1/7] → agu_ptd_2025_2027_docdiretivo_assinado_assinado_assinado-copia_tarjada.pdf
07:19:51 INFO     detected formats: [<InputFormat.PDF: 'pdf'>]
07:19:51 INFO     Going to convert document batch...
07:19:51 INFO     Processing document agu_ptd_2025_2027_docdiretivo_assinado_assinado_assinado-copia_tarjada.pdf
07:19:52 INFO     command: tesseract --psm 0 -l osd /tmp/tmp6ekv8b89.png stdout
07:19:52 INFO     command: tesseract -l por /tmp/tmp6ekv8b89.png stdout tsv
07:19:54 INFO     command: tesseract --psm 0 -l osd /tmp/tmp2ldqr5ys.png stdout
07:19:56 INFO     command: tesseract -l por /tmp/tmp2ldqr5ys.png stdout tsv
07:19:58 INFO     command: tesseract --psm 0 -l osd /tmp/tmp_fj1nu4_.png stdout
07:19:59 INFO     command: tesseract -l por /tmp/tmp_fj1nu4_.png stdout tsv
07:20:01 INFO     command: tesseract --psm 0 -l osd /tmp/tmp1ep2zt3q.png stdout
07:20:02 INFO     command: tesseract -l por /tmp/tmp1ep2zt3q.png stdout tsv
07:20:04 INFO     command: tesseract --psm 0 -l osd /tmp/tmp42ckuwi6.png stdout
07:20:05 INFO     command: tesseract -l por /tmp/tmp42ckuwi6.png stdout tsv
07:20:07 INFO     command: tesseract --psm 0 -l osd /tmp/tmpyf_84khp.png stdout
07:20:09 INFO     command: tesseract -l por /tmp/tmpyf_84khp.png stdout tsv
07:20:18 INFO     command: tesseract --psm 0 -l osd /tmp/tmphxkndxjm.png stdout
07:20:19 INFO     command: tesseract -l por /tmp/tmphxkndxjm.png stdout tsv
07:20:21 INFO     command: tesseract --psm 0 -l osd /tmp/tmpx_h6l13w.png stdout
07:20:22 INFO     command: tesseract -l por /tmp/tmpx_h6l13w.png stdout tsv
07:20:25 INFO     command: tesseract --psm 0 -l osd /tmp/tmp3aix4z8j.png stdout
07:20:26 INFO     command: tesseract -l por /tmp/tmp3aix4z8j.png stdout tsv
07:20:28 INFO     command: tesseract --psm 0 -l osd /tmp/tmp9inqwpyh.png stdout
07:20:30 INFO     command: tesseract -l por /tmp/tmp9inqwpyh.png stdout tsv
07:20:47 INFO     command: tesseract --psm 0 -l osd /tmp/tmpjbzbfuc5.png stdout
07:20:48 INFO     command: tesseract -l por /tmp/tmpjbzbfuc5.png stdout tsv
07:20:51 INFO     Finished converting document agu_ptd_2025_2027_docdiretivo_assinado_assinado_assinado-copia_tarjada.pdf in 59.16 sec.
07:20:51 INFO     [1/7] ✓ AGU       :   7 riscos | 59.2s | ETA ~5min
07:20:51 INFO     [2/7] → documento-diretivo-mcom-_-ptd-25_27-copia_tarjada.pdf
07:20:51 INFO     detected formats: [<InputFormat.PDF: 'pdf'>]
07:20:51 INFO     Going to convert document batch...
07:20:51 INFO     Processing document documento-diretivo-mcom-_-ptd-25_27-copia_tarjada.pdf
07:20:51 INFO     command: tesseract --psm 0 -l osd /tmp/tmpohrjquyn.png stdout
07:20:52 INFO     command: tesseract -l por /tmp/tmpohrjquyn.png stdout tsv
07:20:54 INFO     command: tesseract --psm 0 -l osd /tmp/tmpz07cniqb.png stdout
07:20:56 INFO     command: tesseract -l por /tmp/tmpz07cniqb.png stdout tsv
07:21:00 INFO     command: tesseract --psm 0 -l osd /tmp/tmpqkkskvkc.png stdout
07:21:01 INFO     command: tesseract -l por /tmp/tmpqkkskvkc.png stdout tsv
07:21:02 INFO     command: tesseract --psm 0 -l osd /tmp/tmpo2oo13kq.png stdout
07:21:03 INFO     command: tesseract -l por /tmp/tmpo2oo13kq.png stdout tsv
07:21:05 INFO     command: tesseract --psm 0 -l osd /tmp/tmpkdjyslss.png stdout
07:21:06 INFO     command: tesseract -l por /tmp/tmpkdjyslss.png stdout tsv
07:21:09 INFO     command: tesseract --psm 0 -l osd /tmp/tmpuk01x562.png stdout
07:21:10 INFO     command: tesseract -l por /tmp/tmpuk01x562.png stdout tsv
07:21:27 INFO     command: tesseract --psm 0 -l osd /tmp/tmp9lqol17y.png stdout
07:21:28 INFO     command: tesseract -l por /tmp/tmp9lqol17y.png stdout tsv
07:21:30 INFO     command: tesseract --psm 0 -l osd /tmp/tmpqozwf6op.png stdout
07:21:31 INFO     command: tesseract -l por /tmp/tmpqozwf6op.png stdout tsv
07:21:33 INFO     command: tesseract --psm 0 -l osd /tmp/tmp10iq515g.png stdout
07:21:34 INFO     command: tesseract -l por /tmp/tmp10iq515g.png stdout tsv
07:21:36 INFO     command: tesseract --psm 0 -l osd /tmp/tmpm4m6ab9s.png stdout
07:21:38 INFO     command: tesseract -l por /tmp/tmpm4m6ab9s.png stdout tsv
07:21:46 INFO     command: tesseract --psm 0 -l osd /tmp/tmp1l6govzr.png stdout
07:21:48 INFO     command: tesseract -l por /tmp/tmp1l6govzr.png stdout tsv
07:21:50 INFO     command: tesseract --psm 0 -l osd /tmp/tmpwvc_jznx.png stdout
07:21:50 INFO     command: tesseract -l por /tmp/tmpwvc_jznx.png stdout tsv
07:21:52 INFO     command: tesseract --psm 0 -l osd /tmp/tmpq4rz6fkw.png stdout
07:21:53 INFO     command: tesseract -l por /tmp/tmpq4rz6fkw.png stdout tsv
07:21:55 INFO     command: tesseract --psm 0 -l osd /tmp/tmpnqugpwjw.png stdout
07:21:56 INFO     command: tesseract -l por /tmp/tmpnqugpwjw.png stdout tsv
07:22:01 INFO     Finished converting document documento-diretivo-mcom-_-ptd-25_27-copia_tarjada.pdf in 70.93 sec.
07:22:02 INFO     [2/7] ✓ MCOM      :  14 riscos | 70.9s | ETA ~5min
07:22:02 INFO     [3/7] → fiocruz_novo-ptd_2-1_docdiretivo_repactuacao_2024-2026_assinado_assinado-copia_tarjada.pdf
07:22:02 INFO     detected formats: [<InputFormat.PDF: 'pdf'>]
07:22:02 INFO     Going to convert document batch...
07:22:02 INFO     Processing document fiocruz_novo-ptd_2-1_docdiretivo_repactuacao_2024-2026_assinado_assinado-copia_tarjada.pdf
07:22:17 INFO     Finished converting document fiocruz_novo-ptd_2-1_docdiretivo_repactuacao_2024-2026_assinado_assinado-copia_tarjada.pdf in 15.59 sec.
07:22:17 INFO     [3/7] ✓ FIOCRUZ   :   6 riscos | 15.6s | ETA ~3min
07:22:17 INFO     [4/7] → funai_ptd_2025_2027_docdiretivo_assinado-1_tarjado.pdf
07:22:17 INFO     detected formats: [<InputFormat.PDF: 'pdf'>]
07:22:17 INFO     Going to convert document batch...
07:22:17 INFO     Processing document funai_ptd_2025_2027_docdiretivo_assinado-1_tarjado.pdf
07:22:18 INFO     command: tesseract --psm 0 -l osd /tmp/tmpmpy14d61.png stdout
07:22:19 INFO     command: tesseract -l por /tmp/tmpmpy14d61.png stdout tsv
07:22:20 INFO     command: tesseract --psm 0 -l osd /tmp/tmpkfxu_yyj.png stdout
07:22:22 INFO     command: tesseract -l por /tmp/tmpkfxu_yyj.png stdout tsv
07:22:24 INFO     command: tesseract --psm 0 -l osd /tmp/tmpwxk1ane3.png stdout
07:22:25 INFO     command: tesseract -l por /tmp/tmpwxk1ane3.png stdout tsv
07:22:26 INFO     command: tesseract --psm 0 -l osd /tmp/tmpiul0t0vz.png stdout
07:22:27 INFO     command: tesseract -l por /tmp/tmpiul0t0vz.png stdout tsv
07:22:29 INFO     command: tesseract --psm 0 -l osd /tmp/tmparnlfhqt.png stdout
07:22:30 INFO     command: tesseract -l por /tmp/tmparnlfhqt.png stdout tsv
07:22:32 INFO     command: tesseract --psm 0 -l osd /tmp/tmpgc9vj6g5.png stdout
07:22:34 INFO     command: tesseract -l por /tmp/tmpgc9vj6g5.png stdout tsv
07:22:43 INFO     command: tesseract --psm 0 -l osd /tmp/tmppm3isf38.png stdout
07:22:44 INFO     command: tesseract -l por /tmp/tmppm3isf38.png stdout tsv
07:22:45 INFO     command: tesseract --psm 0 -l osd /tmp/tmp2jlyccdh.png stdout
07:22:46 INFO     command: tesseract -l por /tmp/tmp2jlyccdh.png stdout tsv
07:22:48 INFO     command: tesseract --psm 0 -l osd /tmp/tmpb9131j8l.png stdout
07:22:48 INFO     command: tesseract -l por /tmp/tmpb9131j8l.png stdout tsv
07:22:50 INFO     command: tesseract --psm 0 -l osd /tmp/tmp0z1nxsg4.png stdout
07:22:52 INFO     command: tesseract -l por /tmp/tmp0z1nxsg4.png stdout tsv
07:23:09 INFO     command: tesseract --psm 0 -l osd /tmp/tmp2a8rojhy.png stdout
07:23:11 INFO     command: tesseract -l por /tmp/tmp2a8rojhy.png stdout tsv
07:23:15 INFO     command: tesseract --psm 0 -l osd /tmp/tmpbhdr4ggw.png stdout
07:23:16 INFO     command: tesseract -l por /tmp/tmpbhdr4ggw.png stdout tsv
07:23:17 INFO     command: tesseract --psm 0 -l osd /tmp/tmpq8xw0uy_.png stdout
07:23:18 INFO     command: tesseract -l por /tmp/tmpq8xw0uy_.png stdout tsv
07:23:24 INFO     Finished converting document funai_ptd_2025_2027_docdiretivo_assinado-1_tarjado.pdf in 66.64 sec.
07:23:24 INFO     [4/7] ✓ FUNAI     :  15 riscos | 66.6s | ETA ~2min
07:23:24 INFO     [5/7] → incra_ptd_docdiretivo__assinado-1_assinado_assinado-copia_tarjada.pdf
07:23:24 INFO     detected formats: [<InputFormat.PDF: 'pdf'>]
07:23:24 INFO     Going to convert document batch...
07:23:24 INFO     Processing document incra_ptd_docdiretivo__assinado-1_assinado_assinado-copia_tarjada.pdf
07:23:25 INFO     command: tesseract --psm 0 -l osd /tmp/tmpikuxb0l3.png stdout
07:23:26 INFO     command: tesseract -l por /tmp/tmpikuxb0l3.png stdout tsv
07:23:27 INFO     command: tesseract --psm 0 -l osd /tmp/tmp6535ob9n.png stdout
07:23:29 INFO     command: tesseract -l por /tmp/tmp6535ob9n.png stdout tsv
07:23:35 INFO     command: tesseract --psm 0 -l osd /tmp/tmp599o023r.png stdout
07:23:36 INFO     command: tesseract -l por /tmp/tmp599o023r.png stdout tsv
07:23:38 INFO     command: tesseract --psm 0 -l osd /tmp/tmpohsfe9n3.png stdout
07:23:39 INFO     command: tesseract -l por /tmp/tmpohsfe9n3.png stdout tsv
07:23:40 INFO     command: tesseract --psm 0 -l osd /tmp/tmpdj8k9wnj.png stdout
07:23:41 INFO     command: tesseract -l por /tmp/tmpdj8k9wnj.png stdout tsv
07:23:43 INFO     command: tesseract --psm 0 -l osd /tmp/tmp804pou8n.png stdout
07:23:45 INFO     command: tesseract -l por /tmp/tmp804pou8n.png stdout tsv
07:24:00 INFO     command: tesseract --psm 0 -l osd /tmp/tmpuoji7x2p.png stdout
07:24:01 INFO     command: tesseract -l por /tmp/tmpuoji7x2p.png stdout tsv
07:24:03 INFO     command: tesseract --psm 0 -l osd /tmp/tmpbgeo4qsw.png stdout
07:24:04 INFO     command: tesseract -l por /tmp/tmpbgeo4qsw.png stdout tsv
07:24:05 INFO     command: tesseract --psm 0 -l osd /tmp/tmprfhy7tsx.png stdout
07:24:07 INFO     command: tesseract -l por /tmp/tmprfhy7tsx.png stdout tsv
07:24:09 INFO     command: tesseract --psm 0 -l osd /tmp/tmpv8jkx93a.png stdout
07:24:11 INFO     command: tesseract -l por /tmp/tmpv8jkx93a.png stdout tsv
07:24:17 INFO     command: tesseract --psm 0 -l osd /tmp/tmp4hi8nwi0.png stdout
07:24:19 INFO     command: tesseract -l por /tmp/tmp4hi8nwi0.png stdout tsv
07:24:24 INFO     command: tesseract --psm 0 -l osd /tmp/tmphlc082sw.png stdout
07:24:26 INFO     command: tesseract -l por /tmp/tmphlc082sw.png stdout tsv
07:24:28 INFO     command: tesseract --psm 0 -l osd /tmp/tmpi8uvwydg.png stdout
07:24:29 INFO     command: tesseract -l por /tmp/tmpi8uvwydg.png stdout tsv
07:24:35 INFO     Finished converting document incra_ptd_docdiretivo__assinado-1_assinado_assinado-copia_tarjada.pdf in 71.25 sec.
07:24:35 INFO     [5/7] ✓ INCRA     :  15 riscos | 71.3s | ETA ~1min
07:24:35 INFO     [6/7] → iti_doc_diretivo_assinado-1_tarjado.pdf
07:24:35 INFO     detected formats: [<InputFormat.PDF: 'pdf'>]
07:24:35 INFO     Going to convert document batch...
07:24:35 INFO     Processing document iti_doc_diretivo_assinado-1_tarjado.pdf
07:24:36 INFO     command: tesseract --psm 0 -l osd /tmp/tmptf6m6h9t.png stdout
07:24:36 INFO     command: tesseract -l por /tmp/tmptf6m6h9t.png stdout tsv
07:24:38 INFO     command: tesseract --psm 0 -l osd /tmp/tmpqyh11dy_.png stdout
07:24:40 INFO     command: tesseract -l por /tmp/tmpqyh11dy_.png stdout tsv
07:24:42 INFO     command: tesseract --psm 0 -l osd /tmp/tmp3a3rl07v.png stdout
07:24:43 INFO     command: tesseract -l por /tmp/tmp3a3rl07v.png stdout tsv
07:24:45 INFO     command: tesseract --psm 0 -l osd /tmp/tmpuxcfapfl.png stdout
07:24:45 INFO     command: tesseract -l por /tmp/tmpuxcfapfl.png stdout tsv
07:24:47 INFO     command: tesseract --psm 0 -l osd /tmp/tmp_vj0uka0.png stdout
07:24:48 INFO     command: tesseract -l por /tmp/tmp_vj0uka0.png stdout tsv
07:24:50 INFO     command: tesseract --psm 0 -l osd /tmp/tmpu9hfdgj2.png stdout
07:24:52 INFO     command: tesseract -l por /tmp/tmpu9hfdgj2.png stdout tsv
07:25:09 INFO     command: tesseract --psm 0 -l osd /tmp/tmp3871qvlu.png stdout
07:25:10 INFO     command: tesseract -l por /tmp/tmp3871qvlu.png stdout tsv
07:25:12 INFO     command: tesseract --psm 0 -l osd /tmp/tmp9pgludg_.png stdout
07:25:13 INFO     command: tesseract -l por /tmp/tmp9pgludg_.png stdout tsv
07:25:15 INFO     command: tesseract --psm 0 -l osd /tmp/tmp5geb81y0.png stdout
07:25:16 INFO     command: tesseract -l por /tmp/tmp5geb81y0.png stdout tsv
07:25:18 INFO     command: tesseract --psm 0 -l osd /tmp/tmp9epf3q86.png stdout
07:25:20 INFO     command: tesseract -l por /tmp/tmp9epf3q86.png stdout tsv
07:25:28 INFO     command: tesseract --psm 0 -l osd /tmp/tmp8ub4_hl8.png stdout
07:25:30 INFO     command: tesseract -l por /tmp/tmp8ub4_hl8.png stdout tsv
07:25:35 INFO     Finished converting document iti_doc_diretivo_assinado-1_tarjado.pdf in 59.96 sec.
07:25:35 INFO     [6/7] ✓ ITI       :  14 riscos | 60.0s | ETA ~57s
07:25:35 INFO     [7/7] → sgpr_ptd_2026_2027_docdiretivo_assinado-copia_tarjada.pdf
07:25:35 INFO     detected formats: [<InputFormat.PDF: 'pdf'>]
07:25:35 INFO     Going to convert document batch...
07:25:35 INFO     Processing document sgpr_ptd_2026_2027_docdiretivo_assinado-copia_tarjada.pdf
07:25:52 INFO     Finished converting document sgpr_ptd_2026_2027_docdiretivo_assinado-copia_tarjada.pdf in 17.19 sec.
07:25:52 INFO     [7/7] ✓ SGPR      :  10 riscos | 17.2s | ETA ~0s
07:25:52 INFO     ╔══════════════════════════════════════════════════════════════╗
07:25:52 INFO     ║                   RISCOS — fase concluída                    ║
07:25:52 INFO     ║  Processados: 7     |  ✓ 7  ⚠ 0                              ║
07:25:52 INFO     ║  Duração: 6.0 min                                            ║
07:25:52 INFO     ║  81 riscos | 7 órgãos                                        ║
07:25:52 INFO     ╚══════════════════════════════════════════════════════════════╝
07:25:52 INFO     81 riscos | 0 ações | 135 relações
07:25:52 INFO     ptd_corpus_raw                     : 255 linhas
07:25:52 INFO     ptd_pivot_eixos                    : 7 linhas
07:25:55 INFO     ptd_datas_assinatura               : 132 linhas
07:25:55 INFO     ptd_riscos                         : 81 linhas
07:25:55 INFO     ptd_riscos_acoes                   : 135 linhas
07:25:55 INFO     Manifesto salvo: pipeline_manifest.json | SHA-256 de 132 PDFs
07:25:55 INFO     ==================================================
07:25:55 INFO     PTD-BR v3.0-melhorado — PIPELINE CONCLUÍDO
07:25:55 INFO     ==================================================
07:25:55 INFO     ptd_corpus_raw.csv                        155 KB
07:25:55 INFO     ptd_pivot_eixos.csv                         0 KB
07:25:55 INFO     ptd_datas_assinatura.csv                    9 KB
07:25:55 INFO     ptd_riscos.csv                             23 KB
07:25:55 INFO     ptd_riscos_acoes.csv                        2 KB
07:25:55 INFO     proveniencia.json                           0 KB
07:25:55 INFO     pipeline_manifest.json                     20 KB
07:25:55 INFO     📦 Artefatos: https://github.com/freirelucas/teste/actions/runs/24022357634
07:25:55 INFO     ==================================================
