04:52:30 INFO     Docling disponível
04:52:30 WARNING  OCR fallback indisponível (IndentationError: unexpected indent (ptd_ocr_fallback.py, line 45))
04:52:32 INFO     Ignorado (guia/template/norma): ABNT-NBR-17225-Acessibilidade-Digital.pdf
04:52:32 INFO     Ignorado (guia/template/norma): cgrep-guia10passos-ptd-orgao.pdf
04:52:32 INFO     Ignorado (guia/template/norma): ABNT-NBR-17225-Acessibilidade-Digital.pdf
04:52:32 INFO     Scraping: 132 PDFs únicos | entregas: 68 | diretivos: 61
04:52:32 INFO     Baixando 132 PDFs únicos...
04:52:34 INFO     ✓ [  1/132] abin_ptd_anexo_de_entregas_assinado_pelo_orgao_ass   293.3KB
04:52:39 INFO     ✓ [  2/132] aeb_ptd_2025_2027_docdiretivo_aprovado_assinado-1_  1033.7KB
04:52:41 INFO     ✓ [  3/132] aeb_ptd_2025_2027_anexo_de_entregas_aprovado_assin   154.5KB
04:52:49 INFO     ✓ [  4/132] agu_ptd_2025_2027_docdiretivo_assinado_assinado_as  2860.3KB
04:52:52 INFO     ✓ [  5/132] agu_ptd_2025_2027_anexo_de_entregas_assinado_assin   525.5KB
04:52:55 INFO     ✓ [  6/132] ana_ptd_2025_2027_docdiretivo_assinado_assinado_as   477.2KB
04:52:58 INFO     ✓ [  7/132] ana_ptd_2025_2027_anexoentregas_assinado_assinado_   170.9KB
04:53:02 INFO     ✓ [  8/132] anac_ptd_2025_2026_docdiretivo_se_assinado_tarjado  1036.3KB
04:53:05 INFO     ✓ [  9/132] anac_ptd_2025_2026_anexo_de_entregas_se_assinado.p   215.2KB
04:53:09 INFO     ✓ [ 10/132] anatel_ptd_docdiretivo_assinado_2025_2026_assinado  1006.0KB
04:53:11 INFO     ✓ [ 11/132] anatel_ptd_2025_2026_anexo_de_entregas_do_ptd_publ    71.9KB
04:53:15 INFO     ✓ [ 12/132] ancine_ptd_2024_2026_docdiretivo_assinado-2_assina   961.8KB
04:53:19 INFO     ✓ [ 13/132] ancine_ptd_2024_2026_-_anexo_de_entregas_aprovado_   613.2KB
04:53:22 INFO     ✓ [ 14/132] ptd_aneel_2025-2027_docdiretivo_assinado_tarjado.p   779.6KB
04:53:25 INFO     ✓ [ 15/132] ptd_aneel_2025-2027_anexo_de_entregas_assinado.pdf   111.9KB
04:53:29 INFO     ✓ [ 16/132] anm_ptd_2025_2027_docdiretivo_assinadopeloorgao_ta  1092.5KB
04:53:33 INFO     ✓ [ 17/132] anm_ptd_2025_2027_anexo_entregas_assinadopeloorgao  1140.4KB
04:53:37 INFO     ✓ [ 18/132] anpd_ptd_2025_2027_docdiretivo_assinado_assinado_a  1044.3KB
04:53:40 INFO     ✓ [ 19/132] anpd_ptd_2025_2027_anexo_de_entregas_assinado_assi   166.5KB
04:53:44 INFO     ✓ [ 20/132] ans-plano_de_transformacao_digital_assinado-copia_  1023.4KB
04:53:46 INFO     ✓ [ 21/132] ans_ptd_2025_2026_anexo_de_entregas_assinado_assin   124.1KB
04:53:51 INFO     ✓ [ 22/132] antaq_ptd_2025_2027_docdiretivo_assinado_assinado_  1039.8KB
04:53:53 INFO     ✓ [ 23/132] antaq_ptd_2025_2027_anexoentregas_assinado_assinad   145.1KB
04:53:55 INFO     ✓ [ 24/132] mt_anexo_de_entregas_-_assinado_assinado_assinado_   143.6KB
04:54:07 INFO     ✓ [ 25/132] anvisa_ptd_docdiretivo_2025-2026_assinado_assinado  5771.2KB
04:54:10 INFO     ✓ [ 26/132] anvisa_ptd_anexo_de_entregas_2025_2026_assinado_as   239.0KB
04:54:13 INFO     ✓ [ 27/132] bcb_documento_diretivo_assinado_assinado_assinado-   713.7KB
04:54:16 INFO     ✓ [ 28/132] bcb_anexo_de_entregas_ptd_25_26-1_assinado_assinad   134.8KB
04:54:19 INFO     ✓ [ 29/132] cade_ptd_docdiretivo_2025_2026_assinado-2_assinado   810.4KB
04:54:23 INFO     ✓ [ 30/132] cade_ptd_anexo_de_entregas_2025_2026_assinado_copi   504.0KB
04:54:26 INFO     ✓ [ 31/132] mec_ptd_docdiretivo_2025-2026_sei_mec-5566673_copi   863.1KB
04:54:30 INFO     ✓ [ 32/132] mec_ptd_anexo-de-entregas_sei_mec-5576401_copia_ta   495.7KB
04:54:35 INFO     ✓ [ 33/132] mec_ptd_docdiretivo-versao-comunicacao_copia_tarja  1616.5KB
04:54:38 INFO     ✓ [ 34/132] md_ptd_2026_2027_anexo_de_entregas_assinado_assina   579.4KB
04:54:40 INFO     ✓ [ 35/132] md_ptd_2026_2027_anexo_de_entregas_assinado_assina   186.8KB
04:54:44 INFO     ✓ [ 36/132] md_ptd_temp_copia_tarjada.pdf                        741.9KB
04:54:48 INFO     ✓ [ 37/132] cgu_ptd_docdiretivo_assinado_assinado_assinado-cop  1085.4KB
04:54:51 INFO     ✓ [ 38/132] cgu_ptd_anexo_de_entregas_pactuadas_assinado_assin   514.1KB
04:54:54 INFO     ✓ [ 39/132] cnpq_ptd_2025_2027_docdiretivo_assinado_assinado_a   342.9KB
04:54:56 INFO     ✓ [ 40/132] cnpq_ptd_2025_2027_anexo_de_entregas_assinado_assi   136.1KB
04:55:01 INFO     ✓ [ 41/132] coaf_ptd_2025_2026_documento_diretivo_assinado_ass  1068.0KB
04:55:08 INFO     ✓ [ 42/132] coaf_ptd_2025_2026_anexo_de_entregas-2_assinado_as  3184.5KB
04:55:17 INFO     ✓ [ 43/132] ptd_midr-docdiretivo_aprovado_assinado_tarjado.pdf  3864.1KB
04:55:21 INFO     ✓ [ 44/132] ptd_midr_-_anexo_de_entregas_-_aprovado_assinado.p  1122.0KB
04:55:25 INFO     ✓ [ 45/132] mda-documento-diretivo-assinado_ptd-2025-207-copia   955.8KB
04:55:27 INFO     ✓ [ 46/132] cvm_ptd_2025_2027_docdiretivo_assinado_assinado_as   270.5KB
04:55:30 INFO     ✓ [ 47/132] cvm_ptd_2025_2027_anexoentregas_assinado_assinado_   409.0KB
04:55:34 INFO     ✓ [ 48/132] dnocs_ptd_doc_diretivo_2025_2026_assinado_orgao-2_   891.1KB
04:55:37 INFO     ✓ [ 49/132] dnocs_anexo_de_entregas_repactuado_2025_2026_assin   272.3KB
04:55:44 INFO     ✓ [ 50/132] fbn_ptd_2025_2027_docdiretivo_assinado-1_tarjado.p  2921.6KB
04:55:47 INFO     ✓ [ 51/132] fbn_ptd_2025_2027_anexo_de_entregas_assinado-1.pdf   162.3KB
04:55:52 INFO     ✓ [ 52/132] fcp_ptd_2025_2027_docdiretivo_assinado-1_tarjado.p  1612.0KB
04:55:54 INFO     ✓ [ 53/132] fcp_ptd_2025_2027_anexo_de_entregas_assinado-1.pdf   118.8KB
04:55:58 INFO     ✓ [ 54/132] fcrb_ptd_2025_2026_docdiretivo_aprovado_assinado-1   998.2KB
04:56:01 INFO     ✓ [ 55/132] fcrb_ptd_2025_2026_anexo_de_entregas_aprovado_assi   313.5KB
04:56:06 INFO     ✓ [ 56/132] fiocruz_novo-ptd_2-1_docdiretivo_repactuacao_2024-  1318.1KB
04:56:09 INFO     ✓ [ 57/132] fiocruz_ptd_anexo_de_entregas_assinado_v1_assinado   257.1KB
04:56:14 INFO     ✓ [ 58/132] fiocruz-ptd-06_2024-copia_tarjada.pdf               1693.8KB
04:56:19 INFO     ✓ [ 59/132] funai_ptd_2025_2027_docdiretivo_assinado-1_tarjado  1842.1KB
04:56:22 INFO     ✓ [ 60/132] funai_anexo_de_entregas_repactuado_2026_2027_assin   435.7KB
04:56:26 INFO     ✓ [ 61/132] funarte_ptd_docdiretivo_assinado_21_01_2025_assina   965.7KB
04:56:29 INFO     ✓ [ 62/132] funarte_ptd_anexo_de_entregas_assinado_v1_assinado   683.6KB
04:56:33 INFO     ✓ [ 63/132] fundacentro_ptd_2025_2027_docdiretivo_assinado_ass   826.6KB
04:56:36 INFO     ✓ [ 64/132] fundacentro_ptd_2025_2027_anexo_de_entregas_assina   635.5KB
04:56:40 INFO     ✓ [ 65/132] mma_ptd_docdiretivo_assinado_2025_2026-1_assinado_   949.3KB
04:56:43 INFO     ✓ [ 66/132] mma_ptd_anexo_de_entregas_aprovado_final_assinado_   174.8KB
04:56:47 INFO     ✓ [ 67/132] ibge_docdiretivo_2025_assinado_assinado_assinado-c  1167.3KB
04:56:49 INFO     ✓ [ 68/132] ibge_ptd_25_26_anexo_de_entregas_modelo_v2-1_assin   143.7KB
04:57:03 INFO     ✓ [ 69/132] incra_ptd_docdiretivo__assinado-1_assinado_assinad  7182.0KB
04:57:08 INFO     ✓ [ 70/132] incra_anexo_de_entregas_assinado-1_assinado_assina  1818.6KB
04:57:16 INFO     ✓ [ 71/132] inpi_ptd_docdiretivo_assinado_2025_2026_assinado_a  3322.4KB
04:57:23 INFO     ✓ [ 72/132] inpi_ptd_anexo_de_entregas_assinado_v1_assinado_as  3078.1KB
04:57:28 INFO     ✓ [ 73/132] inss_ptd_2025_2027_docdiretivo-assinado-copia_tarj  1173.3KB
04:57:30 INFO     ✓ [ 74/132] inss_ptd_2025_2027_anexo_de_entregas-assinado-copi   110.8KB
04:57:34 INFO     ✓ [ 75/132] iphan_ptd_docdiretivo_assinado_2025_2026_assinado_   885.7KB
04:57:36 INFO     ✓ [ 76/132] iphan_ptd_anexo_de_entregas_assinado_v1_assinado_a   310.9KB
04:57:46 INFO     ✓ [ 77/132] iti_doc_diretivo_assinado-1_tarjado.pdf             4905.1KB
04:57:50 INFO     ✓ [ 78/132] iti_anexo_de_entregas_assinado.pdf                   556.4KB
04:57:55 INFO     ✓ [ 79/132] mapa_ptd_2025_2027_docdiretivo_assinado-1_tarjado.  1740.9KB
04:57:58 INFO     ✓ [ 80/132] mapa_ptd_2025_2027_anexo_de_entregas_assinado-1.pd   261.9KB
04:58:07 INFO     ✓ [ 81/132] documento-diretivo-mcom-_-ptd-25_27-copia_tarjada.  4451.9KB
04:58:11 INFO     ✓ [ 82/132] anexo-de-entregas-mcom_ptd-25_27-copia_tarjada.pdf  1213.8KB
04:58:18 INFO     ✓ [ 83/132] ptd_21_24_mcom-copia_tarjada.pdf                    3040.7KB
04:58:22 INFO     ✓ [ 84/132] mcti_ptd_2025-2027_docdiretivo_assinado-copia_tarj  1030.7KB
04:58:25 INFO     ✓ [ 85/132] mcti_ptd_2025-2027_anexo-de-entregas_assinado-copi   145.8KB
04:58:27 INFO     ✓ [ 86/132] mda-anexo-entregas-assinado_ptd-2025-2027-copia-ta   284.6KB
04:58:31 INFO     ✓ [ 87/132] mdhc_ptd_2025_2027_docdiretivo_assinado_assinado_a   753.4KB
04:58:34 INFO     ✓ [ 88/132] mdhc_ptd_2025_2027_anexoentregas_assinado_assinado   186.8KB
04:58:36 INFO     ✓ [ 89/132] mdic_ptd_anexo_de_entregas_assinado_v1_assinado_as   176.6KB
04:58:41 INFO     ✓ [ 90/132] memp_ptd_2025_2026_docdiretivo_assinado_assinado_a  1030.1KB
04:58:43 INFO     ✓ [ 91/132] memp_ptd_2025_2026_anexo_de_entregas_assinado_assi   161.5KB
04:58:48 INFO     ✓ [ 92/132] mesp_ptd_2025_2027_docdiretivo_assinado_assinado_2  1147.7KB
04:58:50 INFO     ✓ [ 93/132] mesp_ptd_2025_2027_anexo_de_entregas_assinado_assi   226.6KB
04:58:54 INFO     ✓ [ 94/132] mf_ptd_2026_2027_documentodiretivo_assinado_assina   955.1KB
04:58:57 INFO     ✓ [ 95/132] mf_ptd_2026_2027_anexo_de_entregas_1_mf_se_assinad   241.2KB
04:59:00 INFO     ✓ [ 96/132] mgi_ptd_2025_2027_docdiretivo_assinado_assinado_as   375.2KB
04:59:03 INFO     ✓ [ 97/132] mgi_ptd_2025_2027_anexo_de_entregas_assinado_assin   256.1KB
04:59:07 INFO     ✓ [ 98/132] minc_ptd_2025_2027_docdiretivo_assinado-1_assinado   863.6KB
04:59:10 INFO     ✓ [ 99/132] minc_ptd_2025_2027_anexo_de_entregas_assinado-1_as   276.7KB
04:59:14 INFO     ✓ [100/132] mjsp_ptd_docdiretivo_assinado_2025_2026_assinado_a   954.0KB
04:59:17 INFO     ✓ [101/132] mjsp_ptd_anexo_de_entregas_assinado_v1_assinado_as   253.9KB
04:59:20 INFO     ✓ [102/132] mme_ptd_2025_2027_docdiretivo_assinado-copia_tarja   664.5KB
04:59:23 INFO     ✓ [103/132] mme_ptd_2025_2027_anexo_de_entregas_assinado__1_-c   111.1KB
04:59:27 INFO     ✓ [104/132] mmulheres_ptd_2025_2027_docdiretivo_assinado_assin  1078.3KB
04:59:30 INFO     ✓ [105/132] mmulheres_ptd_2025_2027_anexo_de_entregas_assinado   216.9KB
04:59:34 INFO     ✓ [106/132] mpi_ptd_2025_2027_docdiretivo_ministerio_dos_povos   947.9KB
04:59:36 INFO     ✓ [107/132] mpi_ptd_anexo_de_entregas_do_plano_de_tranformacao   191.9KB
04:59:40 INFO     ✓ [108/132] mpo_ptd_docdiretivo_assinado_2025_2026_assinado_as   806.3KB
04:59:43 INFO     ✓ [109/132] mpo_ptd_anexo_de_entregas_assinado_v1_assinado_ass   323.2KB
04:59:47 INFO     ✓ [110/132] mpor_ptd_2025_2027_docdiretivo_assinado_assinado_a   876.5KB
04:59:50 INFO     ✓ [111/132] mpor_ptd_2025_2027_anexo_de_entregas_assinado_assi   175.1KB
04:59:54 INFO     ✓ [112/132] mps_ptd_2025-2026_docdiretivo_final_assinado-1_ass  1024.4KB
04:59:57 INFO     ✓ [113/132] mps_ptd_2025-2026_anexo_de_entregas_final_assinado   165.0KB
05:00:00 INFO     ✓ [114/132] mre_ptd_docdiretivo_assinado_2025_2026_assinado_as   760.9KB
05:00:03 INFO     ✓ [115/132] mre_ptd_anexo_de_entregas_assinado_v1_assinado_ass   233.2KB
05:00:07 INFO     ✓ [116/132] mte_ptd_2025_2026_docdiretivo_assinado_assinado_as   729.6KB
05:00:10 INFO     ✓ [117/132] mte_ptd_anexo_de_entregas_assinado_v1__281_29_assi   459.5KB
05:00:14 INFO     ✓ [118/132] mtur_ptd_docdiretiv_assinado_30_01_2025_assinado_a  1050.4KB
05:00:16 INFO     ✓ [119/132] mtur_ptd_anexo_de_entregas_assinado_30_01_2025_ass   118.8KB
05:00:21 INFO     ✓ [120/132] pf_ptd_docdiretivo_2025_2027_assinado-copia_tarjad   964.3KB
05:00:23 INFO     ✓ [121/132] pf_ptd_anexo_de_entregas_2025_2027_assinado-copia_    62.5KB
05:00:26 INFO     ✓ [122/132] mf_ptd_2026_2027_anexo_de_entregas_4_mf_pgfn_assin   466.8KB
05:00:39 INFO     ✓ [123/132] previc_plano_de_transformacao_digital_2025_2026_29  6652.7KB
05:00:41 INFO     ✓ [124/132] previc_ptd_repactuacao_2025-2026_assinado_assinado   182.9KB
05:00:44 INFO     ✓ [125/132] prf_documentodiretivo_ptd_2026-2027_assinado_tarja   535.9KB
05:00:47 INFO     ✓ [126/132] prf_anexo_de_entregas_do_ptd__2026_2027___ptd___en   157.7KB
05:00:50 INFO     ✓ [127/132] mf_ptd_2026_2027_anexo_de_entregas_2_mf_rfb_assina   253.7KB
05:00:53 INFO     ✓ [128/132] sgpr_ptd_2026_2027_docdiretivo_assinado-copia_tarj   791.2KB
05:00:57 INFO     ✓ [129/132] sgpr_ptd_2025_2027_anexo_de_entregas_assinado-copi   897.9KB
05:01:01 INFO     ✓ [130/132] mf_ptd_2026_2027_anexo_de_entregas_3_mf_stn_assina   467.8KB
05:01:05 INFO     ✓ [131/132] susep_ptd_2025_2027_docdiretivo-assinado-copia_tar  1030.1KB
05:01:07 INFO     ✓ [132/132] susep_ptd_2025-2026_anexo_de_entregas_final_assina   221.9KB
05:01:09 INFO     132 OK | 0 erros | 123.3 MB total
05:01:14 INFO     Sanity: 132 PDFs | 113 texto | 19 imagem/OCR | 0 duplicatas
05:01:14 INFO     --siglas (debug): 15 PDFs de ['AGU', 'FIOCRUZ', 'FUNAI', 'FUNDACENTRO', 'INCRA', 'ITI', 'MCOM', 'SGPR']
05:01:14 INFO     DocumentConverter instanciado (singleton × 2: plain + OCR)
05:01:14 INFO     [1/15] → agu_ptd_2025_2027_anexo_de_entregas_assinado_assinado_assinado-copia_tarjada.pdf
05:01:14 INFO     detected formats: [<InputFormat.PDF: 'pdf'>]
05:01:14 INFO     Going to convert document batch...
05:01:14 INFO     Initializing pipeline for StandardPdfPipeline with options hash bc6794697da537796efc497178f9263f
05:01:14 INFO     Loading plugin 'docling_defaults'
05:01:14 INFO     Registered picture descriptions: ['picture_description_vlm_engine', 'vlm', 'api']
05:01:14 INFO     Loading plugin 'docling_defaults'
05:01:14 INFO     Registered ocr engines: ['auto', 'easyocr', 'kserve_v2_ocr', 'ocrmac', 'rapidocr', 'tesserocr', 'tesseract']
05:01:14 INFO     command: tesseract --list-langs
05:01:14 INFO     Loading plugin 'docling_defaults'
05:01:14 INFO     Registered layout engines: ['layout_object_detection', 'docling_layout_default', 'docling_experimental_table_crops_layout']
05:01:14 INFO     Accelerator device: 'cpu'
05:01:14 INFO     HTTP Request: GET https://huggingface.co/api/models/docling-project/docling-layout-heron/revision/main "HTTP/1.1 200 OK"
05:01:15 INFO     HTTP Request: HEAD https://huggingface.co/docling-project/docling-layout-heron/resolve/8f39ad3c0b4c58e9c2d2c84a38465abf757272d8/README.md "HTTP/1.1 307 Temporary Redirect"
05:01:15 INFO     HTTP Request: HEAD https://huggingface.co/api/resolve-cache/models/docling-project/docling-layout-heron/8f39ad3c0b4c58e9c2d2c84a38465abf757272d8/README.md "HTTP/1.1 200 OK"
05:01:15 INFO     HTTP Request: HEAD https://huggingface.co/docling-project/docling-layout-heron/resolve/8f39ad3c0b4c58e9c2d2c84a38465abf757272d8/.gitattributes "HTTP/1.1 307 Temporary Redirect"
05:01:15 INFO     HTTP Request: HEAD https://huggingface.co/docling-project/docling-layout-heron/resolve/8f39ad3c0b4c58e9c2d2c84a38465abf757272d8/docling_heron_400.png "HTTP/1.1 307 Temporary Redirect"
05:01:15 INFO     HTTP Request: HEAD https://huggingface.co/docling-project/docling-layout-heron/resolve/8f39ad3c0b4c58e9c2d2c84a38465abf757272d8/preprocessor_config.json "HTTP/1.1 307 Temporary Redirect"
05:01:15 INFO     HTTP Request: HEAD https://huggingface.co/docling-project/docling-layout-heron/resolve/8f39ad3c0b4c58e9c2d2c84a38465abf757272d8/config.json "HTTP/1.1 307 Temporary Redirect"
05:01:15 INFO     HTTP Request: GET https://huggingface.co/api/resolve-cache/models/docling-project/docling-layout-heron/8f39ad3c0b4c58e9c2d2c84a38465abf757272d8/README.md "HTTP/1.1 200 OK"
05:01:15 INFO     HTTP Request: HEAD https://huggingface.co/api/resolve-cache/models/docling-project/docling-layout-heron/8f39ad3c0b4c58e9c2d2c84a38465abf757272d8/.gitattributes "HTTP/1.1 200 OK"
05:01:15 INFO     HTTP Request: HEAD https://huggingface.co/api/resolve-cache/models/docling-project/docling-layout-heron/8f39ad3c0b4c58e9c2d2c84a38465abf757272d8/docling_heron_400.png "HTTP/1.1 200 OK"
05:01:15 INFO     HTTP Request: HEAD https://huggingface.co/docling-project/docling-layout-heron/resolve/8f39ad3c0b4c58e9c2d2c84a38465abf757272d8/model.safetensors "HTTP/1.1 302 Found"
05:01:15 INFO     HTTP Request: HEAD https://huggingface.co/api/resolve-cache/models/docling-project/docling-layout-heron/8f39ad3c0b4c58e9c2d2c84a38465abf757272d8/preprocessor_config.json "HTTP/1.1 200 OK"
05:01:15 INFO     HTTP Request: HEAD https://huggingface.co/api/resolve-cache/models/docling-project/docling-layout-heron/8f39ad3c0b4c58e9c2d2c84a38465abf757272d8/config.json "HTTP/1.1 200 OK"
05:01:15 INFO     HTTP Request: GET https://huggingface.co/api/resolve-cache/models/docling-project/docling-layout-heron/8f39ad3c0b4c58e9c2d2c84a38465abf757272d8/preprocessor_config.json "HTTP/1.1 200 OK"
05:01:15 INFO     HTTP Request: GET https://huggingface.co/api/resolve-cache/models/docling-project/docling-layout-heron/8f39ad3c0b4c58e9c2d2c84a38465abf757272d8/docling_heron_400.png "HTTP/1.1 200 OK"
05:01:15 INFO     HTTP Request: GET https://huggingface.co/api/resolve-cache/models/docling-project/docling-layout-heron/8f39ad3c0b4c58e9c2d2c84a38465abf757272d8/.gitattributes "HTTP/1.1 200 OK"
05:01:15 INFO     HTTP Request: GET https://huggingface.co/api/resolve-cache/models/docling-project/docling-layout-heron/8f39ad3c0b4c58e9c2d2c84a38465abf757272d8/config.json "HTTP/1.1 200 OK"
05:01:15 INFO     HTTP Request: GET https://huggingface.co/api/models/docling-project/docling-layout-heron/xet-read-token/8f39ad3c0b4c58e9c2d2c84a38465abf757272d8 "HTTP/1.1 200 OK"
05:01:16 INFO     Loading plugin 'docling_defaults'
05:01:16 INFO     Registered table structure engines: ['docling_tableformer', 'docling_tableformer_v2']
05:01:16 INFO     HTTP Request: GET https://huggingface.co/api/models/docling-project/docling-models/revision/v2.3.0 "HTTP/1.1 200 OK"
05:01:16 INFO     HTTP Request: HEAD https://huggingface.co/docling-project/docling-models/resolve/fc0f2d45e2218ea24bce5045f58a389aed16dc23/.gitattributes "HTTP/1.1 307 Temporary Redirect"
05:01:16 INFO     HTTP Request: HEAD https://huggingface.co/docling-project/docling-models/resolve/fc0f2d45e2218ea24bce5045f58a389aed16dc23/model_artifacts/tableformer/accurate/tableformer_accurate.safetensors "HTTP/1.1 302 Found"
05:01:16 INFO     HTTP Request: HEAD https://huggingface.co/docling-project/docling-models/resolve/fc0f2d45e2218ea24bce5045f58a389aed16dc23/config.json "HTTP/1.1 307 Temporary Redirect"
05:01:16 WARNING  Warning: You are sending unauthenticated requests to the HF Hub. Please set a HF_TOKEN to enable higher rate limits and faster downloads.
05:01:16 INFO     HTTP Request: HEAD https://huggingface.co/docling-project/docling-models/resolve/fc0f2d45e2218ea24bce5045f58a389aed16dc23/.gitignore "HTTP/1.1 307 Temporary Redirect"
05:01:16 INFO     HTTP Request: HEAD https://huggingface.co/docling-project/docling-models/resolve/fc0f2d45e2218ea24bce5045f58a389aed16dc23/README.md "HTTP/1.1 307 Temporary Redirect"
05:01:16 INFO     HTTP Request: HEAD https://huggingface.co/docling-project/docling-models/resolve/fc0f2d45e2218ea24bce5045f58a389aed16dc23/model_artifacts/tableformer/accurate/tm_config.json "HTTP/1.1 307 Temporary Redirect"
05:01:16 INFO     HTTP Request: HEAD https://huggingface.co/api/resolve-cache/models/docling-project/docling-models/fc0f2d45e2218ea24bce5045f58a389aed16dc23/.gitattributes "HTTP/1.1 200 OK"
05:01:16 INFO     HTTP Request: HEAD https://huggingface.co/api/resolve-cache/models/docling-project/docling-models/fc0f2d45e2218ea24bce5045f58a389aed16dc23/config.json "HTTP/1.1 200 OK"
05:01:16 INFO     HTTP Request: HEAD https://huggingface.co/api/resolve-cache/models/docling-project/docling-models/fc0f2d45e2218ea24bce5045f58a389aed16dc23/README.md "HTTP/1.1 200 OK"
05:01:16 INFO     HTTP Request: HEAD https://huggingface.co/docling-project/docling-models/resolve/fc0f2d45e2218ea24bce5045f58a389aed16dc23/model_artifacts/tableformer/fast/tableformer_fast.safetensors "HTTP/1.1 302 Found"
05:01:16 INFO     HTTP Request: HEAD https://huggingface.co/api/resolve-cache/models/docling-project/docling-models/fc0f2d45e2218ea24bce5045f58a389aed16dc23/.gitignore "HTTP/1.1 200 OK"
05:01:16 INFO     HTTP Request: HEAD https://huggingface.co/api/resolve-cache/models/docling-project/docling-models/fc0f2d45e2218ea24bce5045f58a389aed16dc23/model_artifacts%2Ftableformer%2Faccurate%2Ftm_config.json "HTTP/1.1 200 OK"
05:01:16 INFO     HTTP Request: GET https://huggingface.co/api/resolve-cache/models/docling-project/docling-models/fc0f2d45e2218ea24bce5045f58a389aed16dc23/config.json "HTTP/1.1 200 OK"
05:01:16 INFO     HTTP Request: GET https://huggingface.co/api/resolve-cache/models/docling-project/docling-models/fc0f2d45e2218ea24bce5045f58a389aed16dc23/model_artifacts%2Ftableformer%2Faccurate%2Ftm_config.json "HTTP/1.1 200 OK"
05:01:16 INFO     HTTP Request: GET https://huggingface.co/api/resolve-cache/models/docling-project/docling-models/fc0f2d45e2218ea24bce5045f58a389aed16dc23/.gitattributes "HTTP/1.1 200 OK"
05:01:16 INFO     HTTP Request: GET https://huggingface.co/api/resolve-cache/models/docling-project/docling-models/fc0f2d45e2218ea24bce5045f58a389aed16dc23/.gitignore "HTTP/1.1 200 OK"
05:01:16 INFO     HTTP Request: GET https://huggingface.co/api/resolve-cache/models/docling-project/docling-models/fc0f2d45e2218ea24bce5045f58a389aed16dc23/README.md "HTTP/1.1 200 OK"
05:01:16 INFO     HTTP Request: HEAD https://huggingface.co/docling-project/docling-models/resolve/fc0f2d45e2218ea24bce5045f58a389aed16dc23/model_artifacts/tableformer/fast/tm_config.json "HTTP/1.1 307 Temporary Redirect"
05:01:16 INFO     HTTP Request: HEAD https://huggingface.co/api/resolve-cache/models/docling-project/docling-models/fc0f2d45e2218ea24bce5045f58a389aed16dc23/model_artifacts%2Ftableformer%2Ffast%2Ftm_config.json "HTTP/1.1 200 OK"
05:01:16 INFO     HTTP Request: GET https://huggingface.co/api/resolve-cache/models/docling-project/docling-models/fc0f2d45e2218ea24bce5045f58a389aed16dc23/model_artifacts%2Ftableformer%2Ffast%2Ftm_config.json "HTTP/1.1 200 OK"
05:01:16 INFO     HTTP Request: GET https://huggingface.co/api/models/docling-project/docling-models/xet-read-token/fc0f2d45e2218ea24bce5045f58a389aed16dc23 "HTTP/1.1 200 OK"
05:01:16 INFO     HTTP Request: GET https://huggingface.co/api/models/docling-project/docling-models/xet-read-token/fc0f2d45e2218ea24bce5045f58a389aed16dc23 "HTTP/1.1 200 OK"
05:01:18 INFO     Accelerator device: 'cpu'
05:01:18 INFO     Processing document agu_ptd_2025_2027_anexo_de_entregas_assinado_assinado_assinado-copia_tarjada.pdf
05:01:19 INFO     command: tesseract --psm 0 -l osd /tmp/tmppuehftkq.png stdout
05:01:20 INFO     command: tesseract -l por /tmp/tmppuehftkq.png stdout tsv
05:01:23 INFO     command: tesseract --psm 0 -l osd /tmp/tmpcslbyc4n.png stdout
05:01:24 INFO     command: tesseract -l por /tmp/tmpcslbyc4n.png stdout tsv
05:01:41 INFO     Finished converting document agu_ptd_2025_2027_anexo_de_entregas_assinado_assinado_assinado-copia_tarjada.pdf in 26.32 sec.
05:01:41 INFO       pixel_budget (Docling) agu_ptd_2025_2027_anexo_de_entregas_assinado_assinado_assinado-copia_tarjada.pdf: 45.8% (área tabelas/1001817 px²)
05:01:41 INFO     [1/15] ✓ AGU       :   33 entregas | 26.3s | ETA ~6min
05:01:41 INFO     [2/15] → agu_ptd_2025_2027_docdiretivo_assinado_assinado_assinado-copia_tarjada.pdf
05:01:41 INFO     detected formats: [<InputFormat.PDF: 'pdf'>]
05:01:41 INFO     Going to convert document batch...
05:01:41 INFO     Processing document agu_ptd_2025_2027_docdiretivo_assinado_assinado_assinado-copia_tarjada.pdf
05:01:41 INFO     command: tesseract --psm 0 -l osd /tmp/tmpigkr0h26.png stdout
05:01:42 INFO     command: tesseract -l por /tmp/tmpigkr0h26.png stdout tsv
05:01:44 INFO     command: tesseract --psm 0 -l osd /tmp/tmp9jr9adcq.png stdout
05:01:46 INFO     command: tesseract -l por /tmp/tmp9jr9adcq.png stdout tsv
05:01:49 INFO     command: tesseract --psm 0 -l osd /tmp/tmpyx5i4wex.png stdout
05:01:50 INFO     command: tesseract -l por /tmp/tmpyx5i4wex.png stdout tsv
05:01:52 INFO     command: tesseract --psm 0 -l osd /tmp/tmpebkvzf1c.png stdout
05:01:53 INFO     command: tesseract -l por /tmp/tmpebkvzf1c.png stdout tsv
05:01:55 INFO     command: tesseract --psm 0 -l osd /tmp/tmp_q0ag737.png stdout
05:01:56 INFO     command: tesseract -l por /tmp/tmp_q0ag737.png stdout tsv
05:01:58 INFO     command: tesseract --psm 0 -l osd /tmp/tmp95ong80d.png stdout
05:01:59 INFO     command: tesseract -l por /tmp/tmp95ong80d.png stdout tsv
05:02:10 INFO     command: tesseract --psm 0 -l osd /tmp/tmpa2esejwm.png stdout
05:02:11 INFO     command: tesseract -l por /tmp/tmpa2esejwm.png stdout tsv
05:02:13 INFO     command: tesseract --psm 0 -l osd /tmp/tmpf6s863p9.png stdout
05:02:14 INFO     command: tesseract -l por /tmp/tmpf6s863p9.png stdout tsv
05:02:16 INFO     command: tesseract --psm 0 -l osd /tmp/tmpv4j88izb.png stdout
05:02:17 INFO     command: tesseract -l por /tmp/tmpv4j88izb.png stdout tsv
05:02:19 INFO     command: tesseract --psm 0 -l osd /tmp/tmpa3ma_00h.png stdout
05:02:21 INFO     command: tesseract -l por /tmp/tmpa3ma_00h.png stdout tsv
05:02:34 INFO     command: tesseract --psm 0 -l osd /tmp/tmp9neajcce.png stdout
05:02:35 INFO     command: tesseract -l por /tmp/tmp9neajcce.png stdout tsv
05:02:38 INFO     Finished converting document agu_ptd_2025_2027_docdiretivo_assinado_assinado_assinado-copia_tarjada.pdf in 57.62 sec.
05:02:38 INFO       pixel_budget (Docling) agu_ptd_2025_2027_docdiretivo_assinado_assinado_assinado-copia_tarjada.pdf: 2.1% (área tabelas/5513330 px²)
05:02:38 INFO     [2/15] ✓ AGU       :    6 entregas | 57.6s | ETA ~9min
05:02:38 INFO     [3/15] → anexo-de-entregas-mcom_ptd-25_27-copia_tarjada.pdf
05:02:38 INFO     detected formats: [<InputFormat.PDF: 'pdf'>]
05:02:38 INFO     Going to convert document batch...
05:02:38 INFO     Processing document anexo-de-entregas-mcom_ptd-25_27-copia_tarjada.pdf
05:02:39 INFO     command: tesseract --psm 0 -l osd /tmp/tmpzkifg9ar.png stdout
05:02:40 INFO     command: tesseract -l por /tmp/tmpzkifg9ar.png stdout tsv
05:02:43 INFO     command: tesseract --psm 0 -l osd /tmp/tmpfsrw2cvl.png stdout
05:02:44 INFO     command: tesseract -l por /tmp/tmpfsrw2cvl.png stdout tsv
05:02:56 INFO     command: tesseract --psm 0 -l osd /tmp/tmp8zhytm9s.png stdout
05:02:57 INFO     command: tesseract -l por /tmp/tmp8zhytm9s.png stdout tsv
05:03:17 INFO     Finished converting document anexo-de-entregas-mcom_ptd-25_27-copia_tarjada.pdf in 38.34 sec.
05:03:17 INFO       pixel_budget (Docling) anexo-de-entregas-mcom_ptd-25_27-copia_tarjada.pdf: 55.2% (área tabelas/1503636 px²)
05:03:17 INFO     [3/15] ✓ MCOM      :   55 entregas | 38.4s | ETA ~8min
05:03:17 INFO     [4/15] → documento-diretivo-mcom-_-ptd-25_27-copia_tarjada.pdf
05:03:17 INFO     detected formats: [<InputFormat.PDF: 'pdf'>]
05:03:17 INFO     Going to convert document batch...
05:03:17 INFO     Processing document documento-diretivo-mcom-_-ptd-25_27-copia_tarjada.pdf
05:03:17 INFO     command: tesseract --psm 0 -l osd /tmp/tmpcsszdz55.png stdout
05:03:18 INFO     command: tesseract -l por /tmp/tmpcsszdz55.png stdout tsv
05:03:20 INFO     command: tesseract --psm 0 -l osd /tmp/tmpl2n__5_x.png stdout
05:03:21 INFO     command: tesseract -l por /tmp/tmpl2n__5_x.png stdout tsv
05:03:27 INFO     command: tesseract --psm 0 -l osd /tmp/tmp_pcde9ng.png stdout
05:03:28 INFO     command: tesseract -l por /tmp/tmp_pcde9ng.png stdout tsv
05:03:29 INFO     command: tesseract --psm 0 -l osd /tmp/tmp3ctwmp8x.png stdout
05:03:30 INFO     command: tesseract -l por /tmp/tmp3ctwmp8x.png stdout tsv
05:03:32 INFO     command: tesseract --psm 0 -l osd /tmp/tmpk7pho_bo.png stdout
05:03:33 INFO     command: tesseract -l por /tmp/tmpk7pho_bo.png stdout tsv
05:03:35 INFO     command: tesseract --psm 0 -l osd /tmp/tmpfjduqggj.png stdout
05:03:36 INFO     command: tesseract -l por /tmp/tmpfjduqggj.png stdout tsv
05:03:54 INFO     command: tesseract --psm 0 -l osd /tmp/tmp2dw1khvy.png stdout
05:03:55 INFO     command: tesseract -l por /tmp/tmp2dw1khvy.png stdout tsv
05:03:56 INFO     command: tesseract --psm 0 -l osd /tmp/tmp0paqdrzx.png stdout
05:03:57 INFO     command: tesseract -l por /tmp/tmp0paqdrzx.png stdout tsv
05:04:00 INFO     command: tesseract --psm 0 -l osd /tmp/tmp3h0mctqp.png stdout
05:04:00 INFO     command: tesseract -l por /tmp/tmp3h0mctqp.png stdout tsv
05:04:02 INFO     command: tesseract --psm 0 -l osd /tmp/tmp0wm70vpb.png stdout
05:04:03 INFO     command: tesseract -l por /tmp/tmp0wm70vpb.png stdout tsv
05:04:10 INFO     command: tesseract --psm 0 -l osd /tmp/tmpcrd2g5mw.png stdout
05:04:11 INFO     command: tesseract -l por /tmp/tmpcrd2g5mw.png stdout tsv
05:04:16 INFO     command: tesseract --psm 0 -l osd /tmp/tmpauf_ey72.png stdout
05:04:16 INFO     command: tesseract -l por /tmp/tmpauf_ey72.png stdout tsv
05:04:18 INFO     command: tesseract --psm 0 -l osd /tmp/tmpjncoqwgl.png stdout
05:04:19 INFO     command: tesseract -l por /tmp/tmpjncoqwgl.png stdout tsv
05:04:21 INFO     command: tesseract --psm 0 -l osd /tmp/tmpw9rx58wq.png stdout
05:04:22 INFO     command: tesseract -l por /tmp/tmpw9rx58wq.png stdout tsv
05:04:28 INFO     Finished converting document documento-diretivo-mcom-_-ptd-25_27-copia_tarjada.pdf in 71.02 sec.
05:04:28 INFO       pixel_budget (Docling) documento-diretivo-mcom-_-ptd-25_27-copia_tarjada.pdf: 10.8% (área tabelas/7016966 px²)
05:04:28 WARNING  [4/15] ⚠ MCOM      :    0 entregas | 71.0s | ETA ~8min
05:04:28 INFO     [5/15] → fiocruz-ptd-06_2024-copia_tarjada.pdf
05:04:28 INFO     detected formats: [<InputFormat.PDF: 'pdf'>]
05:04:28 INFO     Going to convert document batch...
05:04:28 INFO     Initializing pipeline for StandardPdfPipeline with options hash d18651824ca6fe56cf3ccb20424ac2c8
05:04:28 INFO     Accelerator device: 'cpu'
05:04:28 INFO     HTTP Request: GET https://huggingface.co/api/models/docling-project/docling-layout-heron/revision/main "HTTP/1.1 200 OK"
05:04:28 INFO     HTTP Request: GET https://huggingface.co/api/models/docling-project/docling-models/revision/v2.3.0 "HTTP/1.1 200 OK"
05:04:28 INFO     Accelerator device: 'cpu'
05:04:29 INFO     Processing document fiocruz-ptd-06_2024-copia_tarjada.pdf
05:05:36 INFO     Finished converting document fiocruz-ptd-06_2024-copia_tarjada.pdf in 68.68 sec.
05:05:36 INFO       pixel_budget (Docling) fiocruz-ptd-06_2024-copia_tarjada.pdf: 36.4% (área tabelas/7518178 px²)
05:05:36 WARNING  [5/15] ⚠ FIOCRUZ   :    0 entregas | 68.7s | ETA ~8min
05:05:36 INFO     [6/15] → fiocruz_novo-ptd_2-1_docdiretivo_repactuacao_2024-2026_assinado_assinado-copia_tarjada.pdf
05:05:36 INFO     detected formats: [<InputFormat.PDF: 'pdf'>]
05:05:36 INFO     Going to convert document batch...
05:05:36 INFO     Processing document fiocruz_novo-ptd_2-1_docdiretivo_repactuacao_2024-2026_assinado_assinado-copia_tarjada.pdf
05:05:54 INFO     Finished converting document fiocruz_novo-ptd_2-1_docdiretivo_repactuacao_2024-2026_assinado_assinado-copia_tarjada.pdf in 17.92 sec.
05:05:54 INFO       pixel_budget (Docling) fiocruz_novo-ptd_2-1_docdiretivo_repactuacao_2024-2026_assinado_assinado-copia_tarjada.pdf: 11.3% (área tabelas/5012118 px²)
05:05:54 WARNING  [6/15] ⚠ FIOCRUZ   :    0 entregas | 17.9s | ETA ~7min
05:05:54 INFO     [7/15] → fiocruz_ptd_anexo_de_entregas_assinado_v1_assinado_assinado-1-copia_tarjada.pdf
05:05:54 INFO     detected formats: [<InputFormat.PDF: 'pdf'>]
05:05:54 INFO     Going to convert document batch...
05:05:54 INFO     Processing document fiocruz_ptd_anexo_de_entregas_assinado_v1_assinado_assinado-1-copia_tarjada.pdf
05:06:26 INFO     Finished converting document fiocruz_ptd_anexo_de_entregas_assinado_v1_assinado_assinado-1-copia_tarjada.pdf in 31.68 sec.
05:06:26 INFO       pixel_budget (Docling) fiocruz_ptd_anexo_de_entregas_assinado_v1_assinado_assinado-1-copia_tarjada.pdf: 54.7% (área tabelas/2004847 px²)
05:06:26 INFO     [7/15] ✓ FIOCRUZ   :   62 entregas | 31.7s | ETA ~5min
05:06:26 INFO     [8/15] → funai_anexo_de_entregas_repactuado_2026_2027_assinado_assinado_assinado.pdf
05:06:26 INFO     detected formats: [<InputFormat.PDF: 'pdf'>]
05:06:26 INFO     Going to convert document batch...
05:06:26 INFO     Processing document funai_anexo_de_entregas_repactuado_2026_2027_assinado_assinado_assinado.pdf
05:06:27 INFO     command: tesseract --psm 0 -l osd /tmp/tmpzsvhh9cv.png stdout
05:06:28 INFO     command: tesseract -l por /tmp/tmpzsvhh9cv.png stdout tsv
05:06:41 INFO     Finished converting document funai_anexo_de_entregas_repactuado_2026_2027_assinado_assinado_assinado.pdf in 14.96 sec.
05:06:41 INFO       pixel_budget (Docling) funai_anexo_de_entregas_repactuado_2026_2027_assinado_assinado_assinado.pdf: 49.8% (área tabelas/501212 px²)
05:06:41 INFO     [8/15] ✓ FUNAI     :   22 entregas | 15.0s | ETA ~4min
05:06:41 INFO     [9/15] → funai_ptd_2025_2027_docdiretivo_assinado-1_tarjado.pdf
05:06:41 INFO     detected formats: [<InputFormat.PDF: 'pdf'>]
05:06:41 INFO     Going to convert document batch...
05:06:41 INFO     Processing document funai_ptd_2025_2027_docdiretivo_assinado-1_tarjado.pdf
05:06:42 INFO     command: tesseract --psm 0 -l osd /tmp/tmpy962jiz6.png stdout
05:06:43 INFO     command: tesseract -l por /tmp/tmpy962jiz6.png stdout tsv
05:06:44 INFO     command: tesseract --psm 0 -l osd /tmp/tmpc97qt5vh.png stdout
05:06:46 INFO     command: tesseract -l por /tmp/tmpc97qt5vh.png stdout tsv
05:06:47 INFO     command: tesseract --psm 0 -l osd /tmp/tmppup8233f.png stdout
05:06:48 INFO     command: tesseract -l por /tmp/tmppup8233f.png stdout tsv
05:06:50 INFO     command: tesseract --psm 0 -l osd /tmp/tmpaa5owbh1.png stdout
05:06:51 INFO     command: tesseract -l por /tmp/tmpaa5owbh1.png stdout tsv
05:06:52 INFO     command: tesseract --psm 0 -l osd /tmp/tmpllv1m1x0.png stdout
05:06:53 INFO     command: tesseract -l por /tmp/tmpllv1m1x0.png stdout tsv
05:06:55 INFO     command: tesseract --psm 0 -l osd /tmp/tmp5q4kl433.png stdout
05:06:57 INFO     command: tesseract -l por /tmp/tmp5q4kl433.png stdout tsv
05:07:07 INFO     command: tesseract --psm 0 -l osd /tmp/tmpclpdhilh.png stdout
05:07:08 INFO     command: tesseract -l por /tmp/tmpclpdhilh.png stdout tsv
05:07:09 INFO     command: tesseract --psm 0 -l osd /tmp/tmppwgnd8x_.png stdout
05:07:10 INFO     command: tesseract -l por /tmp/tmppwgnd8x_.png stdout tsv
05:07:12 INFO     command: tesseract --psm 0 -l osd /tmp/tmpp9e69er5.png stdout
05:07:12 INFO     command: tesseract -l por /tmp/tmpp9e69er5.png stdout tsv
05:07:14 INFO     command: tesseract --psm 0 -l osd /tmp/tmp5xrvmsp3.png stdout
05:07:16 INFO     command: tesseract -l por /tmp/tmp5xrvmsp3.png stdout tsv
05:07:31 INFO     command: tesseract --psm 0 -l osd /tmp/tmprcuk04xt.png stdout
05:07:32 INFO     command: tesseract -l por /tmp/tmprcuk04xt.png stdout tsv
05:07:39 INFO     command: tesseract --psm 0 -l osd /tmp/tmpkxhmzawf.png stdout
05:07:39 INFO     command: tesseract -l por /tmp/tmpkxhmzawf.png stdout tsv
05:07:41 INFO     command: tesseract --psm 0 -l osd /tmp/tmp1of0ayr2.png stdout
05:07:42 INFO     command: tesseract -l por /tmp/tmp1of0ayr2.png stdout tsv
05:07:49 INFO     Finished converting document funai_ptd_2025_2027_docdiretivo_assinado-1_tarjado.pdf in 67.71 sec.
05:07:49 INFO       pixel_budget (Docling) funai_ptd_2025_2027_docdiretivo_assinado-1_tarjado.pdf: 16.4% (área tabelas/6515754 px²)
05:07:49 INFO     [9/15] ✓ FUNAI     :    8 entregas | 67.7s | ETA ~4min
05:07:49 INFO     [10/15] → incra_anexo_de_entregas_assinado-1_assinado_assinado-copia_tarjada.pdf
05:07:49 INFO     detected formats: [<InputFormat.PDF: 'pdf'>]
05:07:49 INFO     Going to convert document batch...
05:07:49 INFO     Processing document incra_anexo_de_entregas_assinado-1_assinado_assinado-copia_tarjada.pdf
05:07:50 INFO     command: tesseract --psm 0 -l osd /tmp/tmp117lm0nf.png stdout
05:07:51 INFO     command: tesseract -l por /tmp/tmp117lm0nf.png stdout tsv
05:07:54 INFO     command: tesseract --psm 0 -l osd /tmp/tmp4wihjq4y.png stdout
05:07:55 INFO     command: tesseract -l por /tmp/tmp4wihjq4y.png stdout tsv
05:08:01 INFO     command: tesseract --psm 0 -l osd /tmp/tmpusx52rqp.png stdout
05:08:02 INFO     command: tesseract -l por /tmp/tmpusx52rqp.png stdout tsv
05:08:04 INFO     command: tesseract --psm 0 -l osd /tmp/tmpnuoy3vhd.png stdout
05:08:05 INFO     command: tesseract -l por /tmp/tmpnuoy3vhd.png stdout tsv
05:08:07 INFO     command: tesseract --psm 0 -l osd /tmp/tmpz7h402ej.png stdout
05:08:07 INFO     command: tesseract -l por /tmp/tmpz7h402ej.png stdout tsv
05:09:37 INFO     Finished converting document incra_anexo_de_entregas_assinado-1_assinado_assinado-copia_tarjada.pdf in 108.23 sec.
05:09:37 INFO       pixel_budget (Docling) incra_anexo_de_entregas_assinado-1_assinado_assinado-copia_tarjada.pdf: 30.0% (área tabelas/2423520 px²)
05:09:37 INFO     [10/15] ✓ INCRA     :   11 entregas | 108.2s | ETA ~4min
05:09:37 INFO     [11/15] → incra_ptd_docdiretivo__assinado-1_assinado_assinado-copia_tarjada.pdf
05:09:37 INFO     detected formats: [<InputFormat.PDF: 'pdf'>]
05:09:37 INFO     Going to convert document batch...
05:09:37 INFO     Processing document incra_ptd_docdiretivo__assinado-1_assinado_assinado-copia_tarjada.pdf
05:09:38 INFO     command: tesseract --psm 0 -l osd /tmp/tmp4m6au2qs.png stdout
05:09:39 INFO     command: tesseract -l por /tmp/tmp4m6au2qs.png stdout tsv
05:09:41 INFO     command: tesseract --psm 0 -l osd /tmp/tmpua5dn_s9.png stdout
05:09:43 INFO     command: tesseract -l por /tmp/tmpua5dn_s9.png stdout tsv
05:09:48 INFO     command: tesseract --psm 0 -l osd /tmp/tmpgi8yzuvd.png stdout
05:09:49 INFO     command: tesseract -l por /tmp/tmpgi8yzuvd.png stdout tsv
05:09:51 INFO     command: tesseract --psm 0 -l osd /tmp/tmpmmo90vxe.png stdout
05:09:52 INFO     command: tesseract -l por /tmp/tmpmmo90vxe.png stdout tsv
05:09:53 INFO     command: tesseract --psm 0 -l osd /tmp/tmpralg4awb.png stdout
05:09:54 INFO     command: tesseract -l por /tmp/tmpralg4awb.png stdout tsv
05:09:56 INFO     command: tesseract --psm 0 -l osd /tmp/tmpagw2oaqn.png stdout
05:09:57 INFO     command: tesseract -l por /tmp/tmpagw2oaqn.png stdout tsv
05:10:11 INFO     command: tesseract --psm 0 -l osd /tmp/tmprzex7j1e.png stdout
05:10:12 INFO     command: tesseract -l por /tmp/tmprzex7j1e.png stdout tsv
05:10:14 INFO     command: tesseract --psm 0 -l osd /tmp/tmp9y1rz2y8.png stdout
05:10:15 INFO     command: tesseract -l por /tmp/tmp9y1rz2y8.png stdout tsv
05:10:16 INFO     command: tesseract --psm 0 -l osd /tmp/tmpitwvomj9.png stdout
05:10:17 INFO     command: tesseract -l por /tmp/tmpitwvomj9.png stdout tsv
05:10:19 INFO     command: tesseract --psm 0 -l osd /tmp/tmp1gt4h1gc.png stdout
05:10:20 INFO     command: tesseract -l por /tmp/tmp1gt4h1gc.png stdout tsv
05:10:27 INFO     command: tesseract --psm 0 -l osd /tmp/tmpykwvhg2v.png stdout
05:10:28 INFO     command: tesseract -l por /tmp/tmpykwvhg2v.png stdout tsv
05:10:38 INFO     command: tesseract --psm 0 -l osd /tmp/tmp8bd2dyf4.png stdout
05:10:39 INFO     command: tesseract -l por /tmp/tmp8bd2dyf4.png stdout tsv
05:10:41 INFO     command: tesseract --psm 0 -l osd /tmp/tmpxw_7rf1h.png stdout
05:10:42 INFO     command: tesseract -l por /tmp/tmpxw_7rf1h.png stdout tsv
05:10:49 INFO     Finished converting document incra_ptd_docdiretivo__assinado-1_assinado_assinado-copia_tarjada.pdf in 72.34 sec.
05:10:49 INFO       pixel_budget (Docling) incra_ptd_docdiretivo__assinado-1_assinado_assinado-copia_tarjada.pdf: 20.2% (área tabelas/6515754 px²)
05:10:49 INFO     [11/15] ✓ INCRA     :    9 entregas | 72.4s | ETA ~3min
05:10:49 INFO     [12/15] → iti_anexo_de_entregas_assinado.pdf
05:10:49 INFO     detected formats: [<InputFormat.PDF: 'pdf'>]
05:10:49 INFO     Going to convert document batch...
05:10:49 INFO     Processing document iti_anexo_de_entregas_assinado.pdf
05:10:50 INFO     command: tesseract --psm 0 -l osd /tmp/tmporfl9te5.png stdout
05:10:51 INFO     command: tesseract -l por /tmp/tmporfl9te5.png stdout tsv
05:11:07 INFO     Finished converting document iti_anexo_de_entregas_assinado.pdf in 17.41 sec.
05:11:07 INFO       pixel_budget (Docling) iti_anexo_de_entregas_assinado.pdf: 57.2% (área tabelas/501212 px²)
05:11:07 INFO     [12/15] ✓ ITI       :   31 entregas | 17.4s | ETA ~2min
05:11:07 INFO     [13/15] → iti_doc_diretivo_assinado-1_tarjado.pdf
05:11:07 INFO     detected formats: [<InputFormat.PDF: 'pdf'>]
05:11:07 INFO     Going to convert document batch...
05:11:07 INFO     Processing document iti_doc_diretivo_assinado-1_tarjado.pdf
05:11:08 INFO     command: tesseract --psm 0 -l osd /tmp/tmp1g1bxfvq.png stdout
05:11:08 INFO     command: tesseract -l por /tmp/tmp1g1bxfvq.png stdout tsv
05:11:11 INFO     command: tesseract --psm 0 -l osd /tmp/tmp4vmdqhkt.png stdout
05:11:12 INFO     command: tesseract -l por /tmp/tmp4vmdqhkt.png stdout tsv
05:11:15 INFO     command: tesseract --psm 0 -l osd /tmp/tmpi1u8ielh.png stdout
05:11:15 INFO     command: tesseract -l por /tmp/tmpi1u8ielh.png stdout tsv
05:11:17 INFO     command: tesseract --psm 0 -l osd /tmp/tmp3ykxz0j_.png stdout
05:11:18 INFO     command: tesseract -l por /tmp/tmp3ykxz0j_.png stdout tsv
05:11:20 INFO     command: tesseract --psm 0 -l osd /tmp/tmpf8i05vkk.png stdout
05:11:20 INFO     command: tesseract -l por /tmp/tmpf8i05vkk.png stdout tsv
05:11:23 INFO     command: tesseract --psm 0 -l osd /tmp/tmpxoazfhrj.png stdout
05:11:24 INFO     command: tesseract -l por /tmp/tmpxoazfhrj.png stdout tsv
05:11:39 INFO     command: tesseract --psm 0 -l osd /tmp/tmpg6x7x3ue.png stdout
05:11:39 INFO     command: tesseract -l por /tmp/tmpg6x7x3ue.png stdout tsv
05:11:42 INFO     command: tesseract --psm 0 -l osd /tmp/tmp8voayk2l.png stdout
05:11:42 INFO     command: tesseract -l por /tmp/tmp8voayk2l.png stdout tsv
05:11:45 INFO     command: tesseract --psm 0 -l osd /tmp/tmpe45zyz65.png stdout
05:11:45 INFO     command: tesseract -l por /tmp/tmpe45zyz65.png stdout tsv
05:11:47 INFO     command: tesseract --psm 0 -l osd /tmp/tmplf62e3ym.png stdout
05:11:49 INFO     command: tesseract -l por /tmp/tmplf62e3ym.png stdout tsv
05:11:55 INFO     command: tesseract --psm 0 -l osd /tmp/tmpph29kj5u.png stdout
05:11:55 INFO     command: tesseract -l por /tmp/tmpph29kj5u.png stdout tsv
05:12:03 INFO     Finished converting document iti_doc_diretivo_assinado-1_tarjado.pdf in 56.18 sec.
05:12:03 INFO       pixel_budget (Docling) iti_doc_diretivo_assinado-1_tarjado.pdf: 8.0% (área tabelas/5516339 px²)
05:12:03 INFO     [13/15] ✓ ITI       :    6 entregas | 56.2s | ETA ~1min
05:12:03 INFO     [14/15] → sgpr_ptd_2025_2027_anexo_de_entregas_assinado-copia_tarjada.pdf
05:12:03 INFO     detected formats: [<InputFormat.PDF: 'pdf'>]
05:12:03 INFO     Going to convert document batch...
05:12:03 INFO     Processing document sgpr_ptd_2025_2027_anexo_de_entregas_assinado-copia_tarjada.pdf
05:12:04 INFO     command: tesseract --psm 0 -l osd /tmp/tmp1jfs7j46.png stdout
05:12:05 INFO     command: tesseract -l por /tmp/tmp1jfs7j46.png stdout tsv
05:12:08 INFO     command: tesseract --psm 0 -l osd /tmp/tmpixhsyx08.png stdout
05:12:09 INFO     command: tesseract -l por /tmp/tmpixhsyx08.png stdout tsv
05:12:22 INFO     Finished converting document sgpr_ptd_2025_2027_anexo_de_entregas_assinado-copia_tarjada.pdf in 18.70 sec.
05:12:22 INFO       pixel_budget (Docling) sgpr_ptd_2025_2027_anexo_de_entregas_assinado-copia_tarjada.pdf: 29.5% (área tabelas/1002424 px²)
05:12:22 INFO     [14/15] ✓ SGPR      :   18 entregas | 18.7s | ETA ~48s
05:12:22 INFO     [15/15] → sgpr_ptd_2026_2027_docdiretivo_assinado-copia_tarjada.pdf
05:12:22 INFO     detected formats: [<InputFormat.PDF: 'pdf'>]
05:12:22 INFO     Going to convert document batch...
05:12:22 INFO     Processing document sgpr_ptd_2026_2027_docdiretivo_assinado-copia_tarjada.pdf
05:12:41 INFO     Finished converting document sgpr_ptd_2026_2027_docdiretivo_assinado-copia_tarjada.pdf in 19.62 sec.
05:12:41 INFO       pixel_budget (Docling) sgpr_ptd_2026_2027_docdiretivo_assinado-copia_tarjada.pdf: 8.2% (área tabelas/5513330 px²)
05:12:41 WARNING  [15/15] ⚠ SGPR      :    0 entregas | 19.6s | ETA ~0s
05:12:41 INFO     261 registros | 7 órgãos
05:12:41 INFO     ╔══════════════════════════════════════════════════════════════╗
05:12:41 INFO     ║                  ENTREGAS — fase concluída                   ║
05:12:41 INFO     ║  Processados: 15    |  ✓ 11  ⚠ 4                             ║
05:12:41 INFO     ║  Duração: 11.5 min                                           ║
05:12:41 INFO     ║  261 registros | 7 órgãos                                    ║
05:12:41 INFO     ╚══════════════════════════════════════════════════════════════╝
05:12:41 INFO     [1/7] → agu_ptd_2025_2027_docdiretivo_assinado_assinado_assinado-copia_tarjada.pdf
05:12:41 INFO     detected formats: [<InputFormat.PDF: 'pdf'>]
05:12:41 INFO     Going to convert document batch...
05:12:41 INFO     Processing document agu_ptd_2025_2027_docdiretivo_assinado_assinado_assinado-copia_tarjada.pdf
05:12:42 INFO     command: tesseract --psm 0 -l osd /tmp/tmpelo8hlfi.png stdout
05:12:42 INFO     command: tesseract -l por /tmp/tmpelo8hlfi.png stdout tsv
05:12:44 INFO     command: tesseract --psm 0 -l osd /tmp/tmp4uetljid.png stdout
05:12:46 INFO     command: tesseract -l por /tmp/tmp4uetljid.png stdout tsv
05:12:50 INFO     command: tesseract --psm 0 -l osd /tmp/tmpmvcefnrx.png stdout
05:12:51 INFO     command: tesseract -l por /tmp/tmpmvcefnrx.png stdout tsv
05:12:53 INFO     command: tesseract --psm 0 -l osd /tmp/tmp5qyd_lx1.png stdout
05:12:54 INFO     command: tesseract -l por /tmp/tmp5qyd_lx1.png stdout tsv
05:12:56 INFO     command: tesseract --psm 0 -l osd /tmp/tmpvjyt_wva.png stdout
05:12:57 INFO     command: tesseract -l por /tmp/tmpvjyt_wva.png stdout tsv
05:12:59 INFO     command: tesseract --psm 0 -l osd /tmp/tmpdf67jwgd.png stdout
05:13:00 INFO     command: tesseract -l por /tmp/tmpdf67jwgd.png stdout tsv
05:13:11 INFO     command: tesseract --psm 0 -l osd /tmp/tmp_58ruvj9.png stdout
05:13:12 INFO     command: tesseract -l por /tmp/tmp_58ruvj9.png stdout tsv
05:13:14 INFO     command: tesseract --psm 0 -l osd /tmp/tmppagm801h.png stdout
05:13:15 INFO     command: tesseract -l por /tmp/tmppagm801h.png stdout tsv
05:13:17 INFO     command: tesseract --psm 0 -l osd /tmp/tmpxzgbacwx.png stdout
05:13:18 INFO     command: tesseract -l por /tmp/tmpxzgbacwx.png stdout tsv
05:13:20 INFO     command: tesseract --psm 0 -l osd /tmp/tmptrw9echp.png stdout
05:13:21 INFO     command: tesseract -l por /tmp/tmptrw9echp.png stdout tsv
05:13:37 INFO     command: tesseract --psm 0 -l osd /tmp/tmp22zn3wvk.png stdout
05:13:38 INFO     command: tesseract -l por /tmp/tmp22zn3wvk.png stdout tsv
05:13:41 INFO     Finished converting document agu_ptd_2025_2027_docdiretivo_assinado_assinado_assinado-copia_tarjada.pdf in 60.12 sec.
05:13:41 INFO     [1/7] ✓ AGU       :   7 riscos | 60.1s | ETA ~6min
05:13:41 INFO     [2/7] → documento-diretivo-mcom-_-ptd-25_27-copia_tarjada.pdf
05:13:41 INFO     detected formats: [<InputFormat.PDF: 'pdf'>]
05:13:41 INFO     Going to convert document batch...
05:13:41 INFO     Processing document documento-diretivo-mcom-_-ptd-25_27-copia_tarjada.pdf
05:13:42 INFO     command: tesseract --psm 0 -l osd /tmp/tmpdvoek5wx.png stdout
05:13:42 INFO     command: tesseract -l por /tmp/tmpdvoek5wx.png stdout tsv
05:13:45 INFO     command: tesseract --psm 0 -l osd /tmp/tmp6t80ejjz.png stdout
05:13:46 INFO     command: tesseract -l por /tmp/tmp6t80ejjz.png stdout tsv
05:13:53 INFO     command: tesseract --psm 0 -l osd /tmp/tmpi4subqms.png stdout
05:13:53 INFO     command: tesseract -l por /tmp/tmpi4subqms.png stdout tsv
05:13:54 INFO     command: tesseract --psm 0 -l osd /tmp/tmp_bwtjgab.png stdout
05:13:55 INFO     command: tesseract -l por /tmp/tmp_bwtjgab.png stdout tsv
05:13:57 INFO     command: tesseract --psm 0 -l osd /tmp/tmpbrt1qr4g.png stdout
05:13:58 INFO     command: tesseract -l por /tmp/tmpbrt1qr4g.png stdout tsv
05:14:00 INFO     command: tesseract --psm 0 -l osd /tmp/tmphdgnqklg.png stdout
05:14:02 INFO     command: tesseract -l por /tmp/tmphdgnqklg.png stdout tsv
05:14:16 INFO     command: tesseract --psm 0 -l osd /tmp/tmps5yzybk_.png stdout
05:14:17 INFO     command: tesseract -l por /tmp/tmps5yzybk_.png stdout tsv
05:14:19 INFO     command: tesseract --psm 0 -l osd /tmp/tmpekgq6h4z.png stdout
05:14:20 INFO     command: tesseract -l por /tmp/tmpekgq6h4z.png stdout tsv
05:14:22 INFO     command: tesseract --psm 0 -l osd /tmp/tmprpk5nxx6.png stdout
05:14:23 INFO     command: tesseract -l por /tmp/tmprpk5nxx6.png stdout tsv
05:14:25 INFO     command: tesseract --psm 0 -l osd /tmp/tmpyvm92f76.png stdout
05:14:26 INFO     command: tesseract -l por /tmp/tmpyvm92f76.png stdout tsv
05:14:32 INFO     command: tesseract --psm 0 -l osd /tmp/tmpeebc4ss8.png stdout
05:14:33 INFO     command: tesseract -l por /tmp/tmpeebc4ss8.png stdout tsv
05:14:38 INFO     command: tesseract --psm 0 -l osd /tmp/tmp6snsptb0.png stdout
05:14:39 INFO     command: tesseract -l por /tmp/tmp6snsptb0.png stdout tsv
05:14:41 INFO     command: tesseract --psm 0 -l osd /tmp/tmpifnnzlqo.png stdout
05:14:41 INFO     command: tesseract -l por /tmp/tmpifnnzlqo.png stdout tsv
05:14:43 INFO     command: tesseract --psm 0 -l osd /tmp/tmpdi0msx0i.png stdout
05:14:44 INFO     command: tesseract -l por /tmp/tmpdi0msx0i.png stdout tsv
05:14:50 INFO     Finished converting document documento-diretivo-mcom-_-ptd-25_27-copia_tarjada.pdf in 68.70 sec.
05:14:50 INFO     [2/7] ✓ MCOM      :  14 riscos | 68.7s | ETA ~5min
05:14:50 INFO     [3/7] → fiocruz_novo-ptd_2-1_docdiretivo_repactuacao_2024-2026_assinado_assinado-copia_tarjada.pdf
05:14:50 INFO     detected formats: [<InputFormat.PDF: 'pdf'>]
05:14:50 INFO     Going to convert document batch...
05:14:50 INFO     Processing document fiocruz_novo-ptd_2-1_docdiretivo_repactuacao_2024-2026_assinado_assinado-copia_tarjada.pdf
05:15:08 INFO     Finished converting document fiocruz_novo-ptd_2-1_docdiretivo_repactuacao_2024-2026_assinado_assinado-copia_tarjada.pdf in 17.63 sec.
05:15:08 INFO     [3/7] ✓ FIOCRUZ   :   6 riscos | 17.6s | ETA ~3min
05:15:08 INFO     [4/7] → funai_ptd_2025_2027_docdiretivo_assinado-1_tarjado.pdf
05:15:08 INFO     detected formats: [<InputFormat.PDF: 'pdf'>]
05:15:08 INFO     Going to convert document batch...
05:15:08 INFO     Processing document funai_ptd_2025_2027_docdiretivo_assinado-1_tarjado.pdf
05:15:09 INFO     command: tesseract --psm 0 -l osd /tmp/tmpw4unrp6x.png stdout
05:15:10 INFO     command: tesseract -l por /tmp/tmpw4unrp6x.png stdout tsv
05:15:11 INFO     command: tesseract --psm 0 -l osd /tmp/tmprd4pn_r7.png stdout
05:15:12 INFO     command: tesseract -l por /tmp/tmprd4pn_r7.png stdout tsv
05:15:15 INFO     command: tesseract --psm 0 -l osd /tmp/tmpfi05v2a2.png stdout
05:15:15 INFO     command: tesseract -l por /tmp/tmpfi05v2a2.png stdout tsv
05:15:17 INFO     command: tesseract --psm 0 -l osd /tmp/tmpb3hmzj_z.png stdout
05:15:18 INFO     command: tesseract -l por /tmp/tmpb3hmzj_z.png stdout tsv
05:15:20 INFO     command: tesseract --psm 0 -l osd /tmp/tmp42b55392.png stdout
05:15:20 INFO     command: tesseract -l por /tmp/tmp42b55392.png stdout tsv
05:15:23 INFO     command: tesseract --psm 0 -l osd /tmp/tmph57lnhu4.png stdout
05:15:24 INFO     command: tesseract -l por /tmp/tmph57lnhu4.png stdout tsv
05:15:35 INFO     command: tesseract --psm 0 -l osd /tmp/tmpvhuqc6vc.png stdout
05:15:35 INFO     command: tesseract -l por /tmp/tmpvhuqc6vc.png stdout tsv
05:15:37 INFO     command: tesseract --psm 0 -l osd /tmp/tmpc33hx39m.png stdout
05:15:38 INFO     command: tesseract -l por /tmp/tmpc33hx39m.png stdout tsv
05:15:39 INFO     command: tesseract --psm 0 -l osd /tmp/tmpxi9f7ufq.png stdout
05:15:40 INFO     command: tesseract -l por /tmp/tmpxi9f7ufq.png stdout tsv
05:15:41 INFO     command: tesseract --psm 0 -l osd /tmp/tmpd113250c.png stdout
05:15:43 INFO     command: tesseract -l por /tmp/tmpd113250c.png stdout tsv
05:15:58 INFO     command: tesseract --psm 0 -l osd /tmp/tmpl734ry1e.png stdout
05:15:59 INFO     command: tesseract -l por /tmp/tmpl734ry1e.png stdout tsv
05:16:04 INFO     command: tesseract --psm 0 -l osd /tmp/tmpuyv_m2ak.png stdout
05:16:05 INFO     command: tesseract -l por /tmp/tmpuyv_m2ak.png stdout tsv
05:16:07 INFO     command: tesseract --psm 0 -l osd /tmp/tmpclts0177.png stdout
05:16:08 INFO     command: tesseract -l por /tmp/tmpclts0177.png stdout tsv
05:16:14 INFO     Finished converting document funai_ptd_2025_2027_docdiretivo_assinado-1_tarjado.pdf in 66.32 sec.
05:16:14 INFO     [4/7] ✓ FUNAI     :  15 riscos | 66.3s | ETA ~2min
05:16:14 INFO     [5/7] → incra_ptd_docdiretivo__assinado-1_assinado_assinado-copia_tarjada.pdf
05:16:14 INFO     detected formats: [<InputFormat.PDF: 'pdf'>]
05:16:14 INFO     Going to convert document batch...
05:16:14 INFO     Processing document incra_ptd_docdiretivo__assinado-1_assinado_assinado-copia_tarjada.pdf
05:16:15 INFO     command: tesseract --psm 0 -l osd /tmp/tmpx97d0rji.png stdout
05:16:16 INFO     command: tesseract -l por /tmp/tmpx97d0rji.png stdout tsv
05:16:18 INFO     command: tesseract --psm 0 -l osd /tmp/tmpfjinyma_.png stdout
05:16:19 INFO     command: tesseract -l por /tmp/tmpfjinyma_.png stdout tsv
05:16:26 INFO     command: tesseract --psm 0 -l osd /tmp/tmp03m6itvf.png stdout
05:16:26 INFO     command: tesseract -l por /tmp/tmp03m6itvf.png stdout tsv
05:16:28 INFO     command: tesseract --psm 0 -l osd /tmp/tmplh6ikpam.png stdout
05:16:29 INFO     command: tesseract -l por /tmp/tmplh6ikpam.png stdout tsv
05:16:31 INFO     command: tesseract --psm 0 -l osd /tmp/tmpzuz3r_m0.png stdout
05:16:31 INFO     command: tesseract -l por /tmp/tmpzuz3r_m0.png stdout tsv
05:16:33 INFO     command: tesseract --psm 0 -l osd /tmp/tmpy9iqbh46.png stdout
05:16:35 INFO     command: tesseract -l por /tmp/tmpy9iqbh46.png stdout tsv
05:16:52 INFO     command: tesseract --psm 0 -l osd /tmp/tmpe0vdx768.png stdout
05:16:53 INFO     command: tesseract -l por /tmp/tmpe0vdx768.png stdout tsv
05:16:54 INFO     command: tesseract --psm 0 -l osd /tmp/tmplaaqf0zi.png stdout
05:16:55 INFO     command: tesseract -l por /tmp/tmplaaqf0zi.png stdout tsv
05:16:57 INFO     command: tesseract --psm 0 -l osd /tmp/tmpggj2fq47.png stdout
05:16:57 INFO     command: tesseract -l por /tmp/tmpggj2fq47.png stdout tsv
05:16:59 INFO     command: tesseract --psm 0 -l osd /tmp/tmpfe2rhunu.png stdout
05:17:01 INFO     command: tesseract -l por /tmp/tmpfe2rhunu.png stdout tsv
05:17:05 INFO     command: tesseract --psm 0 -l osd /tmp/tmppi469l8m.png stdout
05:17:06 INFO     command: tesseract -l por /tmp/tmppi469l8m.png stdout tsv
05:17:15 INFO     command: tesseract --psm 0 -l osd /tmp/tmpubcqhkan.png stdout
05:17:16 INFO     command: tesseract -l por /tmp/tmpubcqhkan.png stdout tsv
05:17:18 INFO     command: tesseract --psm 0 -l osd /tmp/tmpvvz119u6.png stdout
05:17:19 INFO     command: tesseract -l por /tmp/tmpvvz119u6.png stdout tsv
05:17:27 INFO     Finished converting document incra_ptd_docdiretivo__assinado-1_assinado_assinado-copia_tarjada.pdf in 72.52 sec.
05:17:27 INFO     [5/7] ✓ INCRA     :  15 riscos | 72.5s | ETA ~1min
05:17:27 INFO     [6/7] → iti_doc_diretivo_assinado-1_tarjado.pdf
05:17:27 INFO     detected formats: [<InputFormat.PDF: 'pdf'>]
05:17:27 INFO     Going to convert document batch...
05:17:27 INFO     Processing document iti_doc_diretivo_assinado-1_tarjado.pdf
05:17:27 INFO     command: tesseract --psm 0 -l osd /tmp/tmpbysfms_r.png stdout
05:17:28 INFO     command: tesseract -l por /tmp/tmpbysfms_r.png stdout tsv
05:17:30 INFO     command: tesseract --psm 0 -l osd /tmp/tmpinucxotm.png stdout
05:17:31 INFO     command: tesseract -l por /tmp/tmpinucxotm.png stdout tsv
05:17:34 INFO     command: tesseract --psm 0 -l osd /tmp/tmpu90vraly.png stdout
05:17:35 INFO     command: tesseract -l por /tmp/tmpu90vraly.png stdout tsv
05:17:37 INFO     command: tesseract --psm 0 -l osd /tmp/tmpg9bd2bsl.png stdout
05:17:38 INFO     command: tesseract -l por /tmp/tmpg9bd2bsl.png stdout tsv
05:17:39 INFO     command: tesseract --psm 0 -l osd /tmp/tmpf50me4pl.png stdout
05:17:40 INFO     command: tesseract -l por /tmp/tmpf50me4pl.png stdout tsv
05:17:42 INFO     command: tesseract --psm 0 -l osd /tmp/tmpz0e5hf6c.png stdout
05:17:44 INFO     command: tesseract -l por /tmp/tmpz0e5hf6c.png stdout tsv
05:17:54 INFO     command: tesseract --psm 0 -l osd /tmp/tmpldual5xc.png stdout
05:17:55 INFO     command: tesseract -l por /tmp/tmpldual5xc.png stdout tsv
05:17:58 INFO     command: tesseract --psm 0 -l osd /tmp/tmpegbag_w1.png stdout
05:17:59 INFO     command: tesseract -l por /tmp/tmpegbag_w1.png stdout tsv
05:18:01 INFO     command: tesseract --psm 0 -l osd /tmp/tmpjg710mcc.png stdout
05:18:02 INFO     command: tesseract -l por /tmp/tmpjg710mcc.png stdout tsv
05:18:04 INFO     command: tesseract --psm 0 -l osd /tmp/tmpfyxz3770.png stdout
05:18:05 INFO     command: tesseract -l por /tmp/tmpfyxz3770.png stdout tsv
05:18:10 INFO     command: tesseract --psm 0 -l osd /tmp/tmp_ems71tm.png stdout
05:18:11 INFO     command: tesseract -l por /tmp/tmp_ems71tm.png stdout tsv
05:18:20 INFO     Finished converting document iti_doc_diretivo_assinado-1_tarjado.pdf in 53.08 sec.
05:18:20 INFO     [6/7] ✓ ITI       :  14 riscos | 53.1s | ETA ~56s
05:18:20 INFO     [7/7] → sgpr_ptd_2026_2027_docdiretivo_assinado-copia_tarjada.pdf
05:18:20 INFO     detected formats: [<InputFormat.PDF: 'pdf'>]
05:18:20 INFO     Going to convert document batch...
05:18:20 INFO     Processing document sgpr_ptd_2026_2027_docdiretivo_assinado-copia_tarjada.pdf
05:18:39 INFO     Finished converting document sgpr_ptd_2026_2027_docdiretivo_assinado-copia_tarjada.pdf in 19.69 sec.
05:18:39 INFO     [7/7] ✓ SGPR      :  10 riscos | 19.7s | ETA ~0s
05:18:39 INFO     ╔══════════════════════════════════════════════════════════════╗
05:18:39 INFO     ║                   RISCOS — fase concluída                    ║
05:18:39 INFO     ║  Processados: 7     |  ✓ 7  ⚠ 0                              ║
05:18:39 INFO     ║  Duração: 6.0 min                                            ║
05:18:39 INFO     ║  81 riscos | 7 órgãos                                        ║
05:18:39 INFO     ╚══════════════════════════════════════════════════════════════╝
05:18:39 INFO     81 riscos | 0 ações | 135 relações
05:18:39 INFO     ptd_corpus_raw                     : 261 linhas
05:18:39 INFO     ptd_pivot_eixos                    : 7 linhas
05:18:43 INFO     ptd_datas_assinatura               : 132 linhas
05:18:43 INFO     ptd_riscos                         : 81 linhas
05:18:43 INFO     ptd_riscos_acoes                   : 135 linhas
05:18:43 INFO     Manifesto salvo: pipeline_manifest.json | SHA-256 de 132 PDFs
05:18:43 INFO     ==================================================
05:18:43 INFO     PTD-BR v3.0-melhorado — PIPELINE CONCLUÍDO
05:18:43 INFO     ==================================================
05:18:43 INFO     ptd_corpus_raw.csv                        160 KB
05:18:43 INFO     ptd_pivot_eixos.csv                         0 KB
05:18:43 INFO     ptd_datas_assinatura.csv                    9 KB
05:18:43 INFO     ptd_riscos.csv                             23 KB
05:18:43 INFO     ptd_riscos_acoes.csv                        2 KB
05:18:43 INFO     proveniencia.json                           0 KB
05:18:43 INFO     pipeline_manifest.json                     20 KB
05:18:43 INFO     📦 Artefatos: https://github.com/freirelucas/teste/actions/runs/24019145605
05:18:43 INFO     ==================================================
