14:01:03 INFO     Docling disponível
14:01:03 WARNING  OCR fallback indisponível (IndentationError: unexpected indent (ptd_ocr_fallback.py, line 45))
14:01:04 INFO     Ignorado (guia/template/norma): ABNT-NBR-17225-Acessibilidade-Digital.pdf
14:01:04 INFO     Ignorado (guia/template/norma): cgrep-guia10passos-ptd-orgao.pdf
14:01:04 INFO     Ignorado (guia/template/norma): ABNT-NBR-17225-Acessibilidade-Digital.pdf
14:01:04 INFO     Scraping: 132 PDFs únicos | entregas: 68 | diretivos: 61
14:01:04 INFO     Baixando 132 PDFs únicos...
14:01:06 INFO     ✓ [  1/132] abin_ptd_anexo_de_entregas_assinado_pelo_orgao_ass   293.3KB
14:01:10 INFO     ✓ [  2/132] aeb_ptd_2025_2027_docdiretivo_aprovado_assinado-1_  1033.7KB
14:01:12 INFO     ✓ [  3/132] aeb_ptd_2025_2027_anexo_de_entregas_aprovado_assin   154.5KB
14:01:18 INFO     ✓ [  4/132] agu_ptd_2025_2027_docdiretivo_assinado_assinado_as  2860.3KB
14:01:21 INFO     ✓ [  5/132] agu_ptd_2025_2027_anexo_de_entregas_assinado_assin   525.5KB
14:01:23 INFO     ✓ [  6/132] ana_ptd_2025_2027_docdiretivo_assinado_assinado_as   477.2KB
14:01:26 INFO     ✓ [  7/132] ana_ptd_2025_2027_anexoentregas_assinado_assinado_   170.9KB
14:01:29 INFO     ✓ [  8/132] anac_ptd_2025_2026_docdiretivo_se_assinado_tarjado  1036.3KB
14:01:31 INFO     ✓ [  9/132] anac_ptd_2025_2026_anexo_de_entregas_se_assinado.p   215.2KB
14:01:35 INFO     ✓ [ 10/132] anatel_ptd_docdiretivo_assinado_2025_2026_assinado  1006.0KB
14:01:37 INFO     ✓ [ 11/132] anatel_ptd_2025_2026_anexo_de_entregas_do_ptd_publ    71.9KB
14:01:40 INFO     ✓ [ 12/132] ancine_ptd_2024_2026_docdiretivo_assinado-2_assina   961.8KB
14:01:43 INFO     ✓ [ 13/132] ancine_ptd_2024_2026_-_anexo_de_entregas_aprovado_   613.2KB
14:01:46 INFO     ✓ [ 14/132] ptd_aneel_2025-2027_docdiretivo_assinado_tarjado.p   779.6KB
14:01:48 INFO     ✓ [ 15/132] ptd_aneel_2025-2027_anexo_de_entregas_assinado.pdf   111.9KB
14:01:52 INFO     ✓ [ 16/132] anm_ptd_2025_2027_docdiretivo_assinadopeloorgao_ta  1092.5KB
14:01:55 INFO     ✓ [ 17/132] anm_ptd_2025_2027_anexo_entregas_assinadopeloorgao  1140.4KB
14:01:58 INFO     ✓ [ 18/132] anpd_ptd_2025_2027_docdiretivo_assinado_assinado_a  1044.3KB
14:02:01 INFO     ✓ [ 19/132] anpd_ptd_2025_2027_anexo_de_entregas_assinado_assi   166.5KB
14:02:04 INFO     ✓ [ 20/132] ans-plano_de_transformacao_digital_assinado-copia_  1023.4KB
14:02:06 INFO     ✓ [ 21/132] ans_ptd_2025_2026_anexo_de_entregas_assinado_assin   124.1KB
14:02:10 INFO     ✓ [ 22/132] antaq_ptd_2025_2027_docdiretivo_assinado_assinado_  1039.8KB
14:02:12 INFO     ✓ [ 23/132] antaq_ptd_2025_2027_anexoentregas_assinado_assinad   145.1KB
14:02:14 INFO     ✓ [ 24/132] mt_anexo_de_entregas_-_assinado_assinado_assinado_   143.6KB
14:02:23 INFO     ✓ [ 25/132] anvisa_ptd_docdiretivo_2025-2026_assinado_assinado  5771.2KB
14:02:25 INFO     ✓ [ 26/132] anvisa_ptd_anexo_de_entregas_2025_2026_assinado_as   239.0KB
14:02:29 INFO     ✓ [ 27/132] bcb_documento_diretivo_assinado_assinado_assinado-   713.7KB
14:02:31 INFO     ✓ [ 28/132] bcb_anexo_de_entregas_ptd_25_26-1_assinado_assinad   134.8KB
14:02:34 INFO     ✓ [ 29/132] cade_ptd_docdiretivo_2025_2026_assinado-2_assinado   810.4KB
14:02:37 INFO     ✓ [ 30/132] cade_ptd_anexo_de_entregas_2025_2026_assinado_copi   504.0KB
14:02:40 INFO     ✓ [ 31/132] mec_ptd_docdiretivo_2025-2026_sei_mec-5566673_copi   863.1KB
14:02:43 INFO     ✓ [ 32/132] mec_ptd_anexo-de-entregas_sei_mec-5576401_copia_ta   495.7KB
14:02:47 INFO     ✓ [ 33/132] mec_ptd_docdiretivo-versao-comunicacao_copia_tarja  1616.5KB
14:02:49 INFO     ✓ [ 34/132] md_ptd_2026_2027_anexo_de_entregas_assinado_assina   579.4KB
14:02:52 INFO     ✓ [ 35/132] md_ptd_2026_2027_anexo_de_entregas_assinado_assina   186.8KB
14:02:55 INFO     ✓ [ 36/132] md_ptd_temp_copia_tarjada.pdf                        741.9KB
14:02:58 INFO     ✓ [ 37/132] cgu_ptd_docdiretivo_assinado_assinado_assinado-cop  1085.4KB
14:03:01 INFO     ✓ [ 38/132] cgu_ptd_anexo_de_entregas_pactuadas_assinado_assin   514.1KB
14:03:03 INFO     ✓ [ 39/132] cnpq_ptd_2025_2027_docdiretivo_assinado_assinado_a   342.9KB
14:03:05 INFO     ✓ [ 40/132] cnpq_ptd_2025_2027_anexo_de_entregas_assinado_assi   136.1KB
14:03:09 INFO     ✓ [ 41/132] coaf_ptd_2025_2026_documento_diretivo_assinado_ass  1068.0KB
14:03:15 INFO     ✓ [ 42/132] coaf_ptd_2025_2026_anexo_de_entregas-2_assinado_as  3184.5KB
14:03:22 INFO     ✓ [ 43/132] ptd_midr-docdiretivo_aprovado_assinado_tarjado.pdf  3864.1KB
14:03:25 INFO     ✓ [ 44/132] ptd_midr_-_anexo_de_entregas_-_aprovado_assinado.p  1122.0KB
14:03:28 INFO     ✓ [ 45/132] mda-documento-diretivo-assinado_ptd-2025-207-copia   955.8KB
14:03:31 INFO     ✓ [ 46/132] cvm_ptd_2025_2027_docdiretivo_assinado_assinado_as   270.5KB
14:03:33 INFO     ✓ [ 47/132] cvm_ptd_2025_2027_anexoentregas_assinado_assinado_   409.0KB
14:03:36 INFO     ✓ [ 48/132] dnocs_ptd_doc_diretivo_2025_2026_assinado_orgao-2_   891.1KB
14:03:39 INFO     ✓ [ 49/132] dnocs_anexo_de_entregas_repactuado_2025_2026_assin   272.3KB
14:03:44 INFO     ✓ [ 50/132] fbn_ptd_2025_2027_docdiretivo_assinado-1_tarjado.p  2921.6KB
14:03:47 INFO     ✓ [ 51/132] fbn_ptd_2025_2027_anexo_de_entregas_assinado-1.pdf   162.3KB
14:03:51 INFO     ✓ [ 52/132] fcp_ptd_2025_2027_docdiretivo_assinado-1_tarjado.p  1612.0KB
14:03:53 INFO     ✓ [ 53/132] fcp_ptd_2025_2027_anexo_de_entregas_assinado-1.pdf   118.8KB
14:03:56 INFO     ✓ [ 54/132] fcrb_ptd_2025_2026_docdiretivo_aprovado_assinado-1   998.2KB
14:03:59 INFO     ✓ [ 55/132] fcrb_ptd_2025_2026_anexo_de_entregas_aprovado_assi   313.5KB
14:04:02 INFO     ✓ [ 56/132] fiocruz_novo-ptd_2-1_docdiretivo_repactuacao_2024-  1318.1KB
14:04:05 INFO     ✓ [ 57/132] fiocruz_ptd_anexo_de_entregas_assinado_v1_assinado   257.1KB
14:04:09 INFO     ✓ [ 58/132] fiocruz-ptd-06_2024-copia_tarjada.pdf               1693.8KB
14:04:14 INFO     ✓ [ 59/132] funai_ptd_2025_2027_docdiretivo_assinado-1_tarjado  1842.1KB
14:04:16 INFO     ✓ [ 60/132] funai_anexo_de_entregas_repactuado_2026_2027_assin   435.7KB
14:04:19 INFO     ✓ [ 61/132] funarte_ptd_docdiretivo_assinado_21_01_2025_assina   965.7KB
14:04:22 INFO     ✓ [ 62/132] funarte_ptd_anexo_de_entregas_assinado_v1_assinado   683.6KB
14:04:26 INFO     ✓ [ 63/132] fundacentro_ptd_2025_2027_docdiretivo_assinado_ass   826.6KB
14:04:28 INFO     ✓ [ 64/132] fundacentro_ptd_2025_2027_anexo_de_entregas_assina   635.5KB
14:04:32 INFO     ✓ [ 65/132] mma_ptd_docdiretivo_assinado_2025_2026-1_assinado_   949.3KB
14:04:34 INFO     ✓ [ 66/132] mma_ptd_anexo_de_entregas_aprovado_final_assinado_   174.8KB
14:04:38 INFO     ✓ [ 67/132] ibge_docdiretivo_2025_assinado_assinado_assinado-c  1167.3KB
14:04:40 INFO     ✓ [ 68/132] ibge_ptd_25_26_anexo_de_entregas_modelo_v2-1_assin   143.7KB
14:04:51 INFO     ✓ [ 69/132] incra_ptd_docdiretivo__assinado-1_assinado_assinad  7182.0KB
14:04:55 INFO     ✓ [ 70/132] incra_anexo_de_entregas_assinado-1_assinado_assina  1818.6KB
14:05:01 INFO     ✓ [ 71/132] inpi_ptd_docdiretivo_assinado_2025_2026_assinado_a  3322.4KB
14:05:07 INFO     ✓ [ 72/132] inpi_ptd_anexo_de_entregas_assinado_v1_assinado_as  3078.1KB
14:05:10 INFO     ✓ [ 73/132] inss_ptd_2025_2027_docdiretivo-assinado-copia_tarj  1173.3KB
14:05:12 INFO     ✓ [ 74/132] inss_ptd_2025_2027_anexo_de_entregas-assinado-copi   110.8KB
14:05:16 INFO     ✓ [ 75/132] iphan_ptd_docdiretivo_assinado_2025_2026_assinado_   885.7KB
14:05:18 INFO     ✓ [ 76/132] iphan_ptd_anexo_de_entregas_assinado_v1_assinado_a   310.9KB
14:05:26 INFO     ✓ [ 77/132] iti_doc_diretivo_assinado-1_tarjado.pdf             4905.1KB
14:05:29 INFO     ✓ [ 78/132] iti_anexo_de_entregas_assinado.pdf                   556.4KB
14:05:33 INFO     ✓ [ 79/132] mapa_ptd_2025_2027_docdiretivo_assinado-1_tarjado.  1740.9KB
14:05:36 INFO     ✓ [ 80/132] mapa_ptd_2025_2027_anexo_de_entregas_assinado-1.pd   261.9KB
14:05:43 INFO     ✓ [ 81/132] documento-diretivo-mcom-_-ptd-25_27-copia_tarjada.  4451.9KB
14:05:47 INFO     ✓ [ 82/132] anexo-de-entregas-mcom_ptd-25_27-copia_tarjada.pdf  1213.8KB
14:05:52 INFO     ✓ [ 83/132] ptd_21_24_mcom-copia_tarjada.pdf                    3040.7KB
14:05:56 INFO     ✓ [ 84/132] mcti_ptd_2025-2027_docdiretivo_assinado-copia_tarj  1030.7KB
14:05:58 INFO     ✓ [ 85/132] mcti_ptd_2025-2027_anexo-de-entregas_assinado-copi   145.8KB
14:06:00 INFO     ✓ [ 86/132] mda-anexo-entregas-assinado_ptd-2025-2027-copia-ta   284.6KB
14:06:03 INFO     ✓ [ 87/132] mdhc_ptd_2025_2027_docdiretivo_assinado_assinado_a   753.4KB
14:06:06 INFO     ✓ [ 88/132] mdhc_ptd_2025_2027_anexoentregas_assinado_assinado   186.8KB
14:06:08 INFO     ✓ [ 89/132] mdic_ptd_anexo_de_entregas_assinado_v1_assinado_as   176.6KB
14:06:12 INFO     ✓ [ 90/132] memp_ptd_2025_2026_docdiretivo_assinado_assinado_a  1030.1KB
14:06:14 INFO     ✓ [ 91/132] memp_ptd_2025_2026_anexo_de_entregas_assinado_assi   161.5KB
14:06:18 INFO     ✓ [ 92/132] mesp_ptd_2025_2027_docdiretivo_assinado_assinado_2  1147.7KB
14:06:20 INFO     ✓ [ 93/132] mesp_ptd_2025_2027_anexo_de_entregas_assinado_assi   226.6KB
14:06:23 INFO     ✓ [ 94/132] mf_ptd_2026_2027_documentodiretivo_assinado_assina   955.1KB
14:06:26 INFO     ✓ [ 95/132] mf_ptd_2026_2027_anexo_de_entregas_1_mf_se_assinad   241.2KB
14:06:28 INFO     ✓ [ 96/132] mgi_ptd_2025_2027_docdiretivo_assinado_assinado_as   375.2KB
14:06:31 INFO     ✓ [ 97/132] mgi_ptd_2025_2027_anexo_de_entregas_assinado_assin   256.1KB
14:06:34 INFO     ✓ [ 98/132] minc_ptd_2025_2027_docdiretivo_assinado-1_assinado   863.6KB
14:06:36 INFO     ✓ [ 99/132] minc_ptd_2025_2027_anexo_de_entregas_assinado-1_as   276.7KB
14:06:40 INFO     ✓ [100/132] mjsp_ptd_docdiretivo_assinado_2025_2026_assinado_a   954.0KB
14:06:42 INFO     ✓ [101/132] mjsp_ptd_anexo_de_entregas_assinado_v1_assinado_as   253.9KB
14:06:45 INFO     ✓ [102/132] mme_ptd_2025_2027_docdiretivo_assinado-copia_tarja   664.5KB
14:06:47 INFO     ✓ [103/132] mme_ptd_2025_2027_anexo_de_entregas_assinado__1_-c   111.1KB
14:06:51 INFO     ✓ [104/132] mmulheres_ptd_2025_2027_docdiretivo_assinado_assin  1078.3KB
14:06:53 INFO     ✓ [105/132] mmulheres_ptd_2025_2027_anexo_de_entregas_assinado   216.9KB
14:06:56 INFO     ✓ [106/132] mpi_ptd_2025_2027_docdiretivo_ministerio_dos_povos   947.9KB
14:06:59 INFO     ✓ [107/132] mpi_ptd_anexo_de_entregas_do_plano_de_tranformacao   191.9KB
14:07:02 INFO     ✓ [108/132] mpo_ptd_docdiretivo_assinado_2025_2026_assinado_as   806.3KB
14:07:04 INFO     ✓ [109/132] mpo_ptd_anexo_de_entregas_assinado_v1_assinado_ass   323.2KB
14:07:07 INFO     ✓ [110/132] mpor_ptd_2025_2027_docdiretivo_assinado_assinado_a   876.5KB
14:07:10 INFO     ✓ [111/132] mpor_ptd_2025_2027_anexo_de_entregas_assinado_assi   175.1KB
14:07:13 INFO     ✓ [112/132] mps_ptd_2025-2026_docdiretivo_final_assinado-1_ass  1024.4KB
14:07:15 INFO     ✓ [113/132] mps_ptd_2025-2026_anexo_de_entregas_final_assinado   165.0KB
14:07:18 INFO     ✓ [114/132] mre_ptd_docdiretivo_assinado_2025_2026_assinado_as   760.9KB
14:07:21 INFO     ✓ [115/132] mre_ptd_anexo_de_entregas_assinado_v1_assinado_ass   233.2KB
14:07:24 INFO     ✓ [116/132] mte_ptd_2025_2026_docdiretivo_assinado_assinado_as   729.6KB
14:07:27 INFO     ✓ [117/132] mte_ptd_anexo_de_entregas_assinado_v1__281_29_assi   459.5KB
14:07:30 INFO     ✓ [118/132] mtur_ptd_docdiretiv_assinado_30_01_2025_assinado_a  1050.4KB
14:07:32 INFO     ✓ [119/132] mtur_ptd_anexo_de_entregas_assinado_30_01_2025_ass   118.8KB
14:07:36 INFO     ✓ [120/132] pf_ptd_docdiretivo_2025_2027_assinado-copia_tarjad   964.3KB
14:07:38 INFO     ✓ [121/132] pf_ptd_anexo_de_entregas_2025_2027_assinado-copia_    62.5KB
14:07:40 INFO     ✓ [122/132] mf_ptd_2026_2027_anexo_de_entregas_4_mf_pgfn_assin   466.8KB
14:07:51 INFO     ✓ [123/132] previc_plano_de_transformacao_digital_2025_2026_29  6652.7KB
14:07:53 INFO     ✓ [124/132] previc_ptd_repactuacao_2025-2026_assinado_assinado   182.9KB
14:07:56 INFO     ✓ [125/132] prf_documentodiretivo_ptd_2026-2027_assinado_tarja   535.9KB
14:07:58 INFO     ✓ [126/132] prf_anexo_de_entregas_do_ptd__2026_2027___ptd___en   157.7KB
14:08:01 INFO     ✓ [127/132] mf_ptd_2026_2027_anexo_de_entregas_2_mf_rfb_assina   253.7KB
14:08:04 INFO     ✓ [128/132] sgpr_ptd_2026_2027_docdiretivo_assinado-copia_tarj   791.2KB
14:08:07 INFO     ✓ [129/132] sgpr_ptd_2025_2027_anexo_de_entregas_assinado-copi   897.9KB
14:08:10 INFO     ✓ [130/132] mf_ptd_2026_2027_anexo_de_entregas_3_mf_stn_assina   467.8KB
14:08:13 INFO     ✓ [131/132] susep_ptd_2025_2027_docdiretivo-assinado-copia_tar  1030.1KB
14:08:15 INFO     ✓ [132/132] susep_ptd_2025-2026_anexo_de_entregas_final_assina   221.9KB
14:08:17 INFO     132 OK | 0 erros | 123.3 MB total
14:08:22 INFO     Sanity: 132 PDFs | 113 texto | 19 imagem/OCR | 0 duplicatas
14:08:22 INFO     --siglas (debug): 15 PDFs de ['AGU', 'FIOCRUZ', 'FUNAI', 'FUNDACENTRO', 'INCRA', 'ITI', 'MCOM', 'SGPR']
14:08:23 INFO     DocumentConverter instanciado (singleton × 2: plain + OCR)
14:08:23 INFO     [1/15] → agu_ptd_2025_2027_anexo_de_entregas_assinado_assinado_assinado-copia_tarjada.pdf
14:08:23 INFO     detected formats: [<InputFormat.PDF: 'pdf'>]
14:08:23 INFO     Going to convert document batch...
14:08:23 INFO     Initializing pipeline for StandardPdfPipeline with options hash bc6794697da537796efc497178f9263f
14:08:23 INFO     Loading plugin 'docling_defaults'
14:08:23 INFO     Registered picture descriptions: ['picture_description_vlm_engine', 'vlm', 'api']
14:08:23 INFO     Loading plugin 'docling_defaults'
14:08:23 INFO     Registered ocr engines: ['auto', 'easyocr', 'kserve_v2_ocr', 'ocrmac', 'rapidocr', 'tesserocr', 'tesseract']
14:08:23 INFO     command: tesseract --list-langs
14:08:23 INFO     Loading plugin 'docling_defaults'
14:08:23 INFO     Registered layout engines: ['layout_object_detection', 'docling_layout_default', 'docling_experimental_table_crops_layout']
14:08:23 INFO     Accelerator device: 'cpu'
14:08:23 INFO     HTTP Request: GET https://huggingface.co/api/models/docling-project/docling-layout-heron/revision/main "HTTP/1.1 200 OK"
14:08:23 INFO     HTTP Request: HEAD https://huggingface.co/docling-project/docling-layout-heron/resolve/8f39ad3c0b4c58e9c2d2c84a38465abf757272d8/.gitattributes "HTTP/1.1 307 Temporary Redirect"
14:08:23 WARNING  Warning: You are sending unauthenticated requests to the HF Hub. Please set a HF_TOKEN to enable higher rate limits and faster downloads.
14:08:23 INFO     HTTP Request: HEAD https://huggingface.co/api/resolve-cache/models/docling-project/docling-layout-heron/8f39ad3c0b4c58e9c2d2c84a38465abf757272d8/.gitattributes "HTTP/1.1 200 OK"
14:08:23 INFO     HTTP Request: HEAD https://huggingface.co/docling-project/docling-layout-heron/resolve/8f39ad3c0b4c58e9c2d2c84a38465abf757272d8/model.safetensors "HTTP/1.1 302 Found"
14:08:23 INFO     HTTP Request: HEAD https://huggingface.co/docling-project/docling-layout-heron/resolve/8f39ad3c0b4c58e9c2d2c84a38465abf757272d8/README.md "HTTP/1.1 307 Temporary Redirect"
14:08:23 INFO     HTTP Request: GET https://huggingface.co/api/resolve-cache/models/docling-project/docling-layout-heron/8f39ad3c0b4c58e9c2d2c84a38465abf757272d8/.gitattributes "HTTP/1.1 200 OK"
14:08:23 INFO     HTTP Request: HEAD https://huggingface.co/api/resolve-cache/models/docling-project/docling-layout-heron/8f39ad3c0b4c58e9c2d2c84a38465abf757272d8/README.md "HTTP/1.1 200 OK"
14:08:23 INFO     HTTP Request: GET https://huggingface.co/api/resolve-cache/models/docling-project/docling-layout-heron/8f39ad3c0b4c58e9c2d2c84a38465abf757272d8/README.md "HTTP/1.1 200 OK"
14:08:23 INFO     HTTP Request: HEAD https://huggingface.co/docling-project/docling-layout-heron/resolve/8f39ad3c0b4c58e9c2d2c84a38465abf757272d8/config.json "HTTP/1.1 307 Temporary Redirect"
14:08:23 INFO     HTTP Request: GET https://huggingface.co/api/models/docling-project/docling-layout-heron/xet-read-token/8f39ad3c0b4c58e9c2d2c84a38465abf757272d8 "HTTP/1.1 200 OK"
14:08:23 INFO     HTTP Request: HEAD https://huggingface.co/api/resolve-cache/models/docling-project/docling-layout-heron/8f39ad3c0b4c58e9c2d2c84a38465abf757272d8/config.json "HTTP/1.1 200 OK"
14:08:23 INFO     HTTP Request: HEAD https://huggingface.co/docling-project/docling-layout-heron/resolve/8f39ad3c0b4c58e9c2d2c84a38465abf757272d8/preprocessor_config.json "HTTP/1.1 307 Temporary Redirect"
14:08:23 INFO     HTTP Request: GET https://huggingface.co/api/resolve-cache/models/docling-project/docling-layout-heron/8f39ad3c0b4c58e9c2d2c84a38465abf757272d8/config.json "HTTP/1.1 200 OK"
14:08:23 INFO     HTTP Request: HEAD https://huggingface.co/api/resolve-cache/models/docling-project/docling-layout-heron/8f39ad3c0b4c58e9c2d2c84a38465abf757272d8/preprocessor_config.json "HTTP/1.1 200 OK"
14:08:23 INFO     HTTP Request: GET https://huggingface.co/api/resolve-cache/models/docling-project/docling-layout-heron/8f39ad3c0b4c58e9c2d2c84a38465abf757272d8/preprocessor_config.json "HTTP/1.1 200 OK"
14:08:23 INFO     HTTP Request: HEAD https://huggingface.co/docling-project/docling-layout-heron/resolve/8f39ad3c0b4c58e9c2d2c84a38465abf757272d8/docling_heron_400.png "HTTP/1.1 307 Temporary Redirect"
14:08:23 INFO     HTTP Request: HEAD https://huggingface.co/api/resolve-cache/models/docling-project/docling-layout-heron/8f39ad3c0b4c58e9c2d2c84a38465abf757272d8/docling_heron_400.png "HTTP/1.1 200 OK"
14:08:23 INFO     HTTP Request: GET https://huggingface.co/api/resolve-cache/models/docling-project/docling-layout-heron/8f39ad3c0b4c58e9c2d2c84a38465abf757272d8/docling_heron_400.png "HTTP/1.1 200 OK"
14:08:24 INFO     Loading plugin 'docling_defaults'
14:08:24 INFO     Registered table structure engines: ['docling_tableformer', 'docling_tableformer_v2']
14:08:25 INFO     HTTP Request: GET https://huggingface.co/api/models/docling-project/docling-models/revision/v2.3.0 "HTTP/1.1 200 OK"
14:08:25 INFO     HTTP Request: HEAD https://huggingface.co/docling-project/docling-models/resolve/fc0f2d45e2218ea24bce5045f58a389aed16dc23/README.md "HTTP/1.1 307 Temporary Redirect"
14:08:25 INFO     HTTP Request: HEAD https://huggingface.co/docling-project/docling-models/resolve/fc0f2d45e2218ea24bce5045f58a389aed16dc23/.gitattributes "HTTP/1.1 307 Temporary Redirect"
14:08:25 INFO     HTTP Request: HEAD https://huggingface.co/docling-project/docling-models/resolve/fc0f2d45e2218ea24bce5045f58a389aed16dc23/.gitignore "HTTP/1.1 307 Temporary Redirect"
14:08:25 INFO     HTTP Request: HEAD https://huggingface.co/docling-project/docling-models/resolve/fc0f2d45e2218ea24bce5045f58a389aed16dc23/model_artifacts/tableformer/accurate/tableformer_accurate.safetensors "HTTP/1.1 302 Found"
14:08:25 INFO     HTTP Request: HEAD https://huggingface.co/api/resolve-cache/models/docling-project/docling-models/fc0f2d45e2218ea24bce5045f58a389aed16dc23/README.md "HTTP/1.1 200 OK"
14:08:25 INFO     HTTP Request: HEAD https://huggingface.co/api/resolve-cache/models/docling-project/docling-models/fc0f2d45e2218ea24bce5045f58a389aed16dc23/.gitattributes "HTTP/1.1 200 OK"
14:08:25 INFO     HTTP Request: HEAD https://huggingface.co/docling-project/docling-models/resolve/fc0f2d45e2218ea24bce5045f58a389aed16dc23/config.json "HTTP/1.1 307 Temporary Redirect"
14:08:25 INFO     HTTP Request: HEAD https://huggingface.co/api/resolve-cache/models/docling-project/docling-models/fc0f2d45e2218ea24bce5045f58a389aed16dc23/.gitignore "HTTP/1.1 200 OK"
14:08:25 INFO     HTTP Request: HEAD https://huggingface.co/docling-project/docling-models/resolve/fc0f2d45e2218ea24bce5045f58a389aed16dc23/model_artifacts/tableformer/accurate/tm_config.json "HTTP/1.1 307 Temporary Redirect"
14:08:25 INFO     HTTP Request: HEAD https://huggingface.co/docling-project/docling-models/resolve/fc0f2d45e2218ea24bce5045f58a389aed16dc23/model_artifacts/tableformer/fast/tm_config.json "HTTP/1.1 307 Temporary Redirect"
14:08:25 INFO     HTTP Request: GET https://huggingface.co/api/resolve-cache/models/docling-project/docling-models/fc0f2d45e2218ea24bce5045f58a389aed16dc23/.gitattributes "HTTP/1.1 200 OK"
14:08:25 INFO     HTTP Request: GET https://huggingface.co/api/resolve-cache/models/docling-project/docling-models/fc0f2d45e2218ea24bce5045f58a389aed16dc23/README.md "HTTP/1.1 200 OK"
14:08:25 INFO     HTTP Request: HEAD https://huggingface.co/api/resolve-cache/models/docling-project/docling-models/fc0f2d45e2218ea24bce5045f58a389aed16dc23/config.json "HTTP/1.1 200 OK"
14:08:25 INFO     HTTP Request: HEAD https://huggingface.co/docling-project/docling-models/resolve/fc0f2d45e2218ea24bce5045f58a389aed16dc23/model_artifacts/tableformer/fast/tableformer_fast.safetensors "HTTP/1.1 302 Found"
14:08:25 INFO     HTTP Request: HEAD https://huggingface.co/api/resolve-cache/models/docling-project/docling-models/fc0f2d45e2218ea24bce5045f58a389aed16dc23/model_artifacts%2Ftableformer%2Faccurate%2Ftm_config.json "HTTP/1.1 200 OK"
14:08:25 INFO     HTTP Request: HEAD https://huggingface.co/api/resolve-cache/models/docling-project/docling-models/fc0f2d45e2218ea24bce5045f58a389aed16dc23/model_artifacts%2Ftableformer%2Ffast%2Ftm_config.json "HTTP/1.1 200 OK"
14:08:25 INFO     HTTP Request: GET https://huggingface.co/api/resolve-cache/models/docling-project/docling-models/fc0f2d45e2218ea24bce5045f58a389aed16dc23/.gitignore "HTTP/1.1 200 OK"
14:08:25 INFO     HTTP Request: GET https://huggingface.co/api/resolve-cache/models/docling-project/docling-models/fc0f2d45e2218ea24bce5045f58a389aed16dc23/model_artifacts%2Ftableformer%2Faccurate%2Ftm_config.json "HTTP/1.1 200 OK"
14:08:25 INFO     HTTP Request: GET https://huggingface.co/api/resolve-cache/models/docling-project/docling-models/fc0f2d45e2218ea24bce5045f58a389aed16dc23/model_artifacts%2Ftableformer%2Ffast%2Ftm_config.json "HTTP/1.1 200 OK"
14:08:25 INFO     HTTP Request: GET https://huggingface.co/api/resolve-cache/models/docling-project/docling-models/fc0f2d45e2218ea24bce5045f58a389aed16dc23/config.json "HTTP/1.1 200 OK"
14:08:25 INFO     HTTP Request: GET https://huggingface.co/api/models/docling-project/docling-models/xet-read-token/fc0f2d45e2218ea24bce5045f58a389aed16dc23 "HTTP/1.1 200 OK"
14:08:25 INFO     HTTP Request: GET https://huggingface.co/api/models/docling-project/docling-models/xet-read-token/fc0f2d45e2218ea24bce5045f58a389aed16dc23 "HTTP/1.1 200 OK"
14:08:26 INFO     Accelerator device: 'cpu'
14:08:26 INFO     Processing document agu_ptd_2025_2027_anexo_de_entregas_assinado_assinado_assinado-copia_tarjada.pdf
14:08:27 INFO     command: tesseract --psm 0 -l osd /tmp/tmp2p62dpa2.png stdout
14:08:28 INFO     command: tesseract -l por /tmp/tmp2p62dpa2.png stdout tsv
14:08:31 INFO     command: tesseract --psm 0 -l osd /tmp/tmp4yf6m2hx.png stdout
14:08:32 INFO     command: tesseract -l por /tmp/tmp4yf6m2hx.png stdout tsv
14:08:50 INFO     Finished converting document agu_ptd_2025_2027_anexo_de_entregas_assinado_assinado_assinado-copia_tarjada.pdf in 27.10 sec.
14:08:50 INFO       pixel_budget (Docling) agu_ptd_2025_2027_anexo_de_entregas_assinado_assinado_assinado-copia_tarjada.pdf: 45.8% (área tabelas/1001817 px²)
14:08:50 INFO     [1/15] ✓ AGU       :   33 entregas | 27.1s | ETA ~6min
14:08:50 INFO     [2/15] → agu_ptd_2025_2027_docdiretivo_assinado_assinado_assinado-copia_tarjada.pdf
14:08:50 INFO     detected formats: [<InputFormat.PDF: 'pdf'>]
14:08:50 INFO     Going to convert document batch...
14:08:50 INFO     Processing document agu_ptd_2025_2027_docdiretivo_assinado_assinado_assinado-copia_tarjada.pdf
14:08:50 INFO     command: tesseract --psm 0 -l osd /tmp/tmpbwqzd49t.png stdout
14:08:51 INFO     command: tesseract -l por /tmp/tmpbwqzd49t.png stdout tsv
14:08:53 INFO     command: tesseract --psm 0 -l osd /tmp/tmpi23j5qxe.png stdout
14:08:54 INFO     command: tesseract -l por /tmp/tmpi23j5qxe.png stdout tsv
14:08:56 INFO     command: tesseract --psm 0 -l osd /tmp/tmp7c8auwra.png stdout
14:08:57 INFO     command: tesseract -l por /tmp/tmp7c8auwra.png stdout tsv
14:08:59 INFO     command: tesseract --psm 0 -l osd /tmp/tmpen24rzq1.png stdout
14:09:00 INFO     command: tesseract -l por /tmp/tmpen24rzq1.png stdout tsv
14:09:03 INFO     command: tesseract --psm 0 -l osd /tmp/tmpr_j15tgl.png stdout
14:09:03 INFO     command: tesseract -l por /tmp/tmpr_j15tgl.png stdout tsv
14:09:05 INFO     command: tesseract --psm 0 -l osd /tmp/tmpqhwore8i.png stdout
14:09:07 INFO     command: tesseract -l por /tmp/tmpqhwore8i.png stdout tsv
14:09:17 INFO     command: tesseract --psm 0 -l osd /tmp/tmp80mbregz.png stdout
14:09:18 INFO     command: tesseract -l por /tmp/tmp80mbregz.png stdout tsv
14:09:20 INFO     command: tesseract --psm 0 -l osd /tmp/tmp7y4flt47.png stdout
14:09:21 INFO     command: tesseract -l por /tmp/tmp7y4flt47.png stdout tsv
14:09:23 INFO     command: tesseract --psm 0 -l osd /tmp/tmptzvp_cb8.png stdout
14:09:24 INFO     command: tesseract -l por /tmp/tmptzvp_cb8.png stdout tsv
14:09:26 INFO     command: tesseract --psm 0 -l osd /tmp/tmpidhwd347.png stdout
14:09:28 INFO     command: tesseract -l por /tmp/tmpidhwd347.png stdout tsv
14:09:43 INFO     command: tesseract --psm 0 -l osd /tmp/tmp2wmim72g.png stdout
14:09:43 INFO     command: tesseract -l por /tmp/tmp2wmim72g.png stdout tsv
14:09:47 INFO     Finished converting document agu_ptd_2025_2027_docdiretivo_assinado_assinado_assinado-copia_tarjada.pdf in 56.93 sec.
14:09:47 INFO       pixel_budget (Docling) agu_ptd_2025_2027_docdiretivo_assinado_assinado_assinado-copia_tarjada.pdf: 2.1% (área tabelas/5513330 px²)
14:09:47 INFO     [2/15] ✓ AGU       :    6 entregas | 56.9s | ETA ~9min
14:09:47 INFO     [3/15] → anexo-de-entregas-mcom_ptd-25_27-copia_tarjada.pdf
14:09:47 INFO     detected formats: [<InputFormat.PDF: 'pdf'>]
14:09:47 INFO     Going to convert document batch...
14:09:47 INFO     Processing document anexo-de-entregas-mcom_ptd-25_27-copia_tarjada.pdf
14:09:48 INFO     command: tesseract --psm 0 -l osd /tmp/tmpiudkvepv.png stdout
14:09:48 INFO     command: tesseract -l por /tmp/tmpiudkvepv.png stdout tsv
14:09:51 INFO     command: tesseract --psm 0 -l osd /tmp/tmpqaqg8q28.png stdout
14:09:53 INFO     command: tesseract -l por /tmp/tmpqaqg8q28.png stdout tsv
14:10:07 INFO     command: tesseract --psm 0 -l osd /tmp/tmp7vwkef5o.png stdout
14:10:07 INFO     command: tesseract -l por /tmp/tmp7vwkef5o.png stdout tsv
14:10:27 INFO     Finished converting document anexo-de-entregas-mcom_ptd-25_27-copia_tarjada.pdf in 40.70 sec.
14:10:27 INFO       pixel_budget (Docling) anexo-de-entregas-mcom_ptd-25_27-copia_tarjada.pdf: 55.2% (área tabelas/1503636 px²)
14:10:27 INFO     [3/15] ✓ MCOM      :   55 entregas | 40.7s | ETA ~8min
14:10:27 INFO     [4/15] → documento-diretivo-mcom-_-ptd-25_27-copia_tarjada.pdf
14:10:27 INFO     detected formats: [<InputFormat.PDF: 'pdf'>]
14:10:27 INFO     Going to convert document batch...
14:10:27 INFO     Processing document documento-diretivo-mcom-_-ptd-25_27-copia_tarjada.pdf
14:10:28 INFO     command: tesseract --psm 0 -l osd /tmp/tmpxmppnrh1.png stdout
14:10:28 INFO     command: tesseract -l por /tmp/tmpxmppnrh1.png stdout tsv
14:10:31 INFO     command: tesseract --psm 0 -l osd /tmp/tmpw04gmi10.png stdout
14:10:32 INFO     command: tesseract -l por /tmp/tmpw04gmi10.png stdout tsv
14:10:37 INFO     command: tesseract --psm 0 -l osd /tmp/tmpcovmgc91.png stdout
14:10:38 INFO     command: tesseract -l por /tmp/tmpcovmgc91.png stdout tsv
14:10:39 INFO     command: tesseract --psm 0 -l osd /tmp/tmpeolpsxyc.png stdout
14:10:40 INFO     command: tesseract -l por /tmp/tmpeolpsxyc.png stdout tsv
14:10:42 INFO     command: tesseract --psm 0 -l osd /tmp/tmpi29l8vyy.png stdout
14:10:42 INFO     command: tesseract -l por /tmp/tmpi29l8vyy.png stdout tsv
14:10:45 INFO     command: tesseract --psm 0 -l osd /tmp/tmpqe8aw9qd.png stdout
14:10:46 INFO     command: tesseract -l por /tmp/tmpqe8aw9qd.png stdout tsv
14:11:03 INFO     command: tesseract --psm 0 -l osd /tmp/tmpnp17sj_0.png stdout
14:11:04 INFO     command: tesseract -l por /tmp/tmpnp17sj_0.png stdout tsv
14:11:05 INFO     command: tesseract --psm 0 -l osd /tmp/tmpu7cbnwgf.png stdout
14:11:06 INFO     command: tesseract -l por /tmp/tmpu7cbnwgf.png stdout tsv
14:11:09 INFO     command: tesseract --psm 0 -l osd /tmp/tmp9vx_czsu.png stdout
14:11:09 INFO     command: tesseract -l por /tmp/tmp9vx_czsu.png stdout tsv
14:11:11 INFO     command: tesseract --psm 0 -l osd /tmp/tmpw_7qi9w4.png stdout
14:11:13 INFO     command: tesseract -l por /tmp/tmpw_7qi9w4.png stdout tsv
14:11:17 INFO     command: tesseract --psm 0 -l osd /tmp/tmp6ha81po7.png stdout
14:11:18 INFO     command: tesseract -l por /tmp/tmp6ha81po7.png stdout tsv
14:11:24 INFO     command: tesseract --psm 0 -l osd /tmp/tmpsi4dx68q.png stdout
14:11:25 INFO     command: tesseract -l por /tmp/tmpsi4dx68q.png stdout tsv
14:11:27 INFO     command: tesseract --psm 0 -l osd /tmp/tmps9q96x0u.png stdout
14:11:27 INFO     command: tesseract -l por /tmp/tmps9q96x0u.png stdout tsv
14:11:30 INFO     command: tesseract --psm 0 -l osd /tmp/tmpj8m_4pp2.png stdout
14:11:30 INFO     command: tesseract -l por /tmp/tmpj8m_4pp2.png stdout tsv
14:11:36 INFO     Finished converting document documento-diretivo-mcom-_-ptd-25_27-copia_tarjada.pdf in 69.15 sec.
14:11:36 INFO       pixel_budget (Docling) documento-diretivo-mcom-_-ptd-25_27-copia_tarjada.pdf: 10.8% (área tabelas/7016966 px²)
14:11:36 WARNING  [4/15] ⚠ MCOM      :    0 entregas | 69.2s | ETA ~8min
14:11:36 INFO     [5/15] → fiocruz-ptd-06_2024-copia_tarjada.pdf
14:11:36 INFO     detected formats: [<InputFormat.PDF: 'pdf'>]
14:11:36 INFO     Going to convert document batch...
14:11:36 INFO     Initializing pipeline for StandardPdfPipeline with options hash d18651824ca6fe56cf3ccb20424ac2c8
14:11:36 INFO     Accelerator device: 'cpu'
14:11:37 INFO     HTTP Request: GET https://huggingface.co/api/models/docling-project/docling-layout-heron/revision/main "HTTP/1.1 200 OK"
14:11:37 INFO     HTTP Request: GET https://huggingface.co/api/models/docling-project/docling-models/revision/v2.3.0 "HTTP/1.1 200 OK"
14:11:37 INFO     Accelerator device: 'cpu'
14:11:37 INFO     Processing document fiocruz-ptd-06_2024-copia_tarjada.pdf
14:12:45 INFO     Finished converting document fiocruz-ptd-06_2024-copia_tarjada.pdf in 68.91 sec.
14:12:45 INFO       pixel_budget (Docling) fiocruz-ptd-06_2024-copia_tarjada.pdf: 36.4% (área tabelas/7518178 px²)
14:12:45 WARNING  [5/15] ⚠ FIOCRUZ   :    0 entregas | 69.0s | ETA ~8min
14:12:45 INFO     [6/15] → fiocruz_novo-ptd_2-1_docdiretivo_repactuacao_2024-2026_assinado_assinado-copia_tarjada.pdf
14:12:45 INFO     detected formats: [<InputFormat.PDF: 'pdf'>]
14:12:45 INFO     Going to convert document batch...
14:12:45 INFO     Processing document fiocruz_novo-ptd_2-1_docdiretivo_repactuacao_2024-2026_assinado_assinado-copia_tarjada.pdf
14:13:03 INFO     Finished converting document fiocruz_novo-ptd_2-1_docdiretivo_repactuacao_2024-2026_assinado_assinado-copia_tarjada.pdf in 17.91 sec.
14:13:03 INFO       pixel_budget (Docling) fiocruz_novo-ptd_2-1_docdiretivo_repactuacao_2024-2026_assinado_assinado-copia_tarjada.pdf: 11.3% (área tabelas/5012118 px²)
14:13:03 WARNING  [6/15] ⚠ FIOCRUZ   :    0 entregas | 17.9s | ETA ~7min
14:13:03 INFO     [7/15] → fiocruz_ptd_anexo_de_entregas_assinado_v1_assinado_assinado-1-copia_tarjada.pdf
14:13:03 INFO     detected formats: [<InputFormat.PDF: 'pdf'>]
14:13:03 INFO     Going to convert document batch...
14:13:03 INFO     Processing document fiocruz_ptd_anexo_de_entregas_assinado_v1_assinado_assinado-1-copia_tarjada.pdf
14:13:35 INFO     Finished converting document fiocruz_ptd_anexo_de_entregas_assinado_v1_assinado_assinado-1-copia_tarjada.pdf in 32.03 sec.
14:13:35 INFO       pixel_budget (Docling) fiocruz_ptd_anexo_de_entregas_assinado_v1_assinado_assinado-1-copia_tarjada.pdf: 54.7% (área tabelas/2004847 px²)
14:13:35 INFO     [7/15] ✓ FIOCRUZ   :   62 entregas | 32.1s | ETA ~5min
14:13:35 INFO     [8/15] → funai_anexo_de_entregas_repactuado_2026_2027_assinado_assinado_assinado.pdf
14:13:35 INFO     detected formats: [<InputFormat.PDF: 'pdf'>]
14:13:35 INFO     Going to convert document batch...
14:13:35 INFO     Processing document funai_anexo_de_entregas_repactuado_2026_2027_assinado_assinado_assinado.pdf
14:13:36 INFO     command: tesseract --psm 0 -l osd /tmp/tmpm88rp8yt.png stdout
14:13:37 INFO     command: tesseract -l por /tmp/tmpm88rp8yt.png stdout tsv
14:13:50 INFO     Finished converting document funai_anexo_de_entregas_repactuado_2026_2027_assinado_assinado_assinado.pdf in 14.88 sec.
14:13:50 INFO       pixel_budget (Docling) funai_anexo_de_entregas_repactuado_2026_2027_assinado_assinado_assinado.pdf: 49.8% (área tabelas/501212 px²)
14:13:50 INFO     [8/15] ✓ FUNAI     :   22 entregas | 14.9s | ETA ~4min
14:13:50 INFO     [9/15] → funai_ptd_2025_2027_docdiretivo_assinado-1_tarjado.pdf
14:13:50 INFO     detected formats: [<InputFormat.PDF: 'pdf'>]
14:13:50 INFO     Going to convert document batch...
14:13:50 INFO     Processing document funai_ptd_2025_2027_docdiretivo_assinado-1_tarjado.pdf
14:13:52 INFO     command: tesseract --psm 0 -l osd /tmp/tmpnmlhgblr.png stdout
14:13:52 INFO     command: tesseract -l por /tmp/tmpnmlhgblr.png stdout tsv
14:13:53 INFO     command: tesseract --psm 0 -l osd /tmp/tmp7su1wmwz.png stdout
14:13:55 INFO     command: tesseract -l por /tmp/tmp7su1wmwz.png stdout tsv
14:13:57 INFO     command: tesseract --psm 0 -l osd /tmp/tmpwps3x3nq.png stdout
14:13:58 INFO     command: tesseract -l por /tmp/tmpwps3x3nq.png stdout tsv
14:14:00 INFO     command: tesseract --psm 0 -l osd /tmp/tmp64qqcpj8.png stdout
14:14:01 INFO     command: tesseract -l por /tmp/tmp64qqcpj8.png stdout tsv
14:14:02 INFO     command: tesseract --psm 0 -l osd /tmp/tmpr1mgpnpu.png stdout
14:14:03 INFO     command: tesseract -l por /tmp/tmpr1mgpnpu.png stdout tsv
14:14:05 INFO     command: tesseract --psm 0 -l osd /tmp/tmpo8p46ne0.png stdout
14:14:07 INFO     command: tesseract -l por /tmp/tmpo8p46ne0.png stdout tsv
14:14:17 INFO     command: tesseract --psm 0 -l osd /tmp/tmpf0fohrs8.png stdout
14:14:18 INFO     command: tesseract -l por /tmp/tmpf0fohrs8.png stdout tsv
14:14:19 INFO     command: tesseract --psm 0 -l osd /tmp/tmpqxadbti7.png stdout
14:14:20 INFO     command: tesseract -l por /tmp/tmpqxadbti7.png stdout tsv
14:14:21 INFO     command: tesseract --psm 0 -l osd /tmp/tmpw9_mykwc.png stdout
14:14:22 INFO     command: tesseract -l por /tmp/tmpw9_mykwc.png stdout tsv
14:14:23 INFO     command: tesseract --psm 0 -l osd /tmp/tmp2ulbgsow.png stdout
14:14:25 INFO     command: tesseract -l por /tmp/tmp2ulbgsow.png stdout tsv
14:14:38 INFO     command: tesseract --psm 0 -l osd /tmp/tmp0fgnes2i.png stdout
14:14:39 INFO     command: tesseract -l por /tmp/tmp0fgnes2i.png stdout tsv
14:14:44 INFO     command: tesseract --psm 0 -l osd /tmp/tmp8y5lr6xo.png stdout
14:14:45 INFO     command: tesseract -l por /tmp/tmp8y5lr6xo.png stdout tsv
14:14:47 INFO     command: tesseract --psm 0 -l osd /tmp/tmp9f6pptot.png stdout
14:14:47 INFO     command: tesseract -l por /tmp/tmp9f6pptot.png stdout tsv
14:14:54 INFO     Finished converting document funai_ptd_2025_2027_docdiretivo_assinado-1_tarjado.pdf in 63.46 sec.
14:14:54 INFO       pixel_budget (Docling) funai_ptd_2025_2027_docdiretivo_assinado-1_tarjado.pdf: 16.4% (área tabelas/6515754 px²)
14:14:54 INFO     [9/15] ✓ FUNAI     :    8 entregas | 63.5s | ETA ~4min
14:14:54 INFO     [10/15] → incra_anexo_de_entregas_assinado-1_assinado_assinado-copia_tarjada.pdf
14:14:54 INFO     detected formats: [<InputFormat.PDF: 'pdf'>]
14:14:54 INFO     Going to convert document batch...
14:14:54 INFO     Processing document incra_anexo_de_entregas_assinado-1_assinado_assinado-copia_tarjada.pdf
14:14:55 INFO     command: tesseract --psm 0 -l osd /tmp/tmp_rx5bwsu.png stdout
14:14:56 INFO     command: tesseract -l por /tmp/tmp_rx5bwsu.png stdout tsv
14:14:58 INFO     command: tesseract --psm 0 -l osd /tmp/tmpscdnd7pn.png stdout
14:15:00 INFO     command: tesseract -l por /tmp/tmpscdnd7pn.png stdout tsv
14:15:06 INFO     command: tesseract --psm 0 -l osd /tmp/tmphcezgr6c.png stdout
14:15:07 INFO     command: tesseract -l por /tmp/tmphcezgr6c.png stdout tsv
14:15:10 INFO     command: tesseract --psm 0 -l osd /tmp/tmprbfbc3f2.png stdout
14:15:11 INFO     command: tesseract -l por /tmp/tmprbfbc3f2.png stdout tsv
14:15:13 INFO     command: tesseract --psm 0 -l osd /tmp/tmpryw7kz9r.png stdout
14:15:14 INFO     command: tesseract -l por /tmp/tmpryw7kz9r.png stdout tsv
14:16:43 INFO     Finished converting document incra_anexo_de_entregas_assinado-1_assinado_assinado-copia_tarjada.pdf in 109.29 sec.
14:16:43 INFO       pixel_budget (Docling) incra_anexo_de_entregas_assinado-1_assinado_assinado-copia_tarjada.pdf: 30.0% (área tabelas/2423520 px²)
14:16:43 INFO     [10/15] ✓ INCRA     :   11 entregas | 109.3s | ETA ~4min
14:16:43 INFO     [11/15] → incra_ptd_docdiretivo__assinado-1_assinado_assinado-copia_tarjada.pdf
14:16:43 INFO     detected formats: [<InputFormat.PDF: 'pdf'>]
14:16:43 INFO     Going to convert document batch...
14:16:43 INFO     Processing document incra_ptd_docdiretivo__assinado-1_assinado_assinado-copia_tarjada.pdf
14:16:44 INFO     command: tesseract --psm 0 -l osd /tmp/tmpwg9ub1fb.png stdout
14:16:45 INFO     command: tesseract -l por /tmp/tmpwg9ub1fb.png stdout tsv
14:16:47 INFO     command: tesseract --psm 0 -l osd /tmp/tmp4y6ma5iv.png stdout
14:16:49 INFO     command: tesseract -l por /tmp/tmp4y6ma5iv.png stdout tsv
14:16:55 INFO     command: tesseract --psm 0 -l osd /tmp/tmpd527_st3.png stdout
14:16:55 INFO     command: tesseract -l por /tmp/tmpd527_st3.png stdout tsv
14:16:57 INFO     command: tesseract --psm 0 -l osd /tmp/tmpu2e_k96p.png stdout
14:16:58 INFO     command: tesseract -l por /tmp/tmpu2e_k96p.png stdout tsv
14:17:00 INFO     command: tesseract --psm 0 -l osd /tmp/tmpqlxokzy9.png stdout
14:17:00 INFO     command: tesseract -l por /tmp/tmpqlxokzy9.png stdout tsv
14:17:03 INFO     command: tesseract --psm 0 -l osd /tmp/tmpyg5k4akv.png stdout
14:17:04 INFO     command: tesseract -l por /tmp/tmpyg5k4akv.png stdout tsv
14:17:16 INFO     command: tesseract --psm 0 -l osd /tmp/tmp7w0x9hzd.png stdout
14:17:17 INFO     command: tesseract -l por /tmp/tmp7w0x9hzd.png stdout tsv
14:17:19 INFO     command: tesseract --psm 0 -l osd /tmp/tmpobfcdzcc.png stdout
14:17:20 INFO     command: tesseract -l por /tmp/tmpobfcdzcc.png stdout tsv
14:17:22 INFO     command: tesseract --psm 0 -l osd /tmp/tmpbk3nvmvm.png stdout
14:17:22 INFO     command: tesseract -l por /tmp/tmpbk3nvmvm.png stdout tsv
14:17:24 INFO     command: tesseract --psm 0 -l osd /tmp/tmpz_ba_34j.png stdout
14:17:26 INFO     command: tesseract -l por /tmp/tmpz_ba_34j.png stdout tsv
14:17:30 INFO     command: tesseract --psm 0 -l osd /tmp/tmpch0cfqk_.png stdout
14:17:31 INFO     command: tesseract -l por /tmp/tmpch0cfqk_.png stdout tsv
14:17:35 INFO     command: tesseract --psm 0 -l osd /tmp/tmpf1c8m8p0.png stdout
14:17:36 INFO     command: tesseract -l por /tmp/tmpf1c8m8p0.png stdout tsv
14:17:39 INFO     command: tesseract --psm 0 -l osd /tmp/tmpoms1t4bu.png stdout
14:17:40 INFO     command: tesseract -l por /tmp/tmpoms1t4bu.png stdout tsv
14:17:48 INFO     Finished converting document incra_ptd_docdiretivo__assinado-1_assinado_assinado-copia_tarjada.pdf in 65.12 sec.
14:17:48 INFO       pixel_budget (Docling) incra_ptd_docdiretivo__assinado-1_assinado_assinado-copia_tarjada.pdf: 20.2% (área tabelas/6515754 px²)
14:17:48 INFO     [11/15] ✓ INCRA     :    9 entregas | 65.1s | ETA ~3min
14:17:48 INFO     [12/15] → iti_anexo_de_entregas_assinado.pdf
14:17:48 INFO     detected formats: [<InputFormat.PDF: 'pdf'>]
14:17:48 INFO     Going to convert document batch...
14:17:48 INFO     Processing document iti_anexo_de_entregas_assinado.pdf
14:17:49 INFO     command: tesseract --psm 0 -l osd /tmp/tmphdpnso2u.png stdout
14:17:50 INFO     command: tesseract -l por /tmp/tmphdpnso2u.png stdout tsv
14:18:06 INFO     Finished converting document iti_anexo_de_entregas_assinado.pdf in 17.78 sec.
14:18:06 INFO       pixel_budget (Docling) iti_anexo_de_entregas_assinado.pdf: 57.2% (área tabelas/501212 px²)
14:18:06 INFO     [12/15] ✓ ITI       :   31 entregas | 17.8s | ETA ~2min
14:18:06 INFO     [13/15] → iti_doc_diretivo_assinado-1_tarjado.pdf
14:18:06 INFO     detected formats: [<InputFormat.PDF: 'pdf'>]
14:18:06 INFO     Going to convert document batch...
14:18:06 INFO     Processing document iti_doc_diretivo_assinado-1_tarjado.pdf
14:18:07 INFO     command: tesseract --psm 0 -l osd /tmp/tmpe4_jv6_b.png stdout
14:18:07 INFO     command: tesseract -l por /tmp/tmpe4_jv6_b.png stdout tsv
14:18:09 INFO     command: tesseract --psm 0 -l osd /tmp/tmpx3_rxsxf.png stdout
14:18:11 INFO     command: tesseract -l por /tmp/tmpx3_rxsxf.png stdout tsv
14:18:14 INFO     command: tesseract --psm 0 -l osd /tmp/tmpmjoh62ib.png stdout
14:18:15 INFO     command: tesseract -l por /tmp/tmpmjoh62ib.png stdout tsv
14:18:16 INFO     command: tesseract --psm 0 -l osd /tmp/tmpzvxd14x9.png stdout
14:18:17 INFO     command: tesseract -l por /tmp/tmpzvxd14x9.png stdout tsv
14:18:19 INFO     command: tesseract --psm 0 -l osd /tmp/tmpw56y8oi6.png stdout
14:18:20 INFO     command: tesseract -l por /tmp/tmpw56y8oi6.png stdout tsv
14:18:22 INFO     command: tesseract --psm 0 -l osd /tmp/tmphe0zlinm.png stdout
14:18:23 INFO     command: tesseract -l por /tmp/tmphe0zlinm.png stdout tsv
14:18:37 INFO     command: tesseract --psm 0 -l osd /tmp/tmprfjvvrf7.png stdout
14:18:38 INFO     command: tesseract -l por /tmp/tmprfjvvrf7.png stdout tsv
14:18:40 INFO     command: tesseract --psm 0 -l osd /tmp/tmpo_hho6qa.png stdout
14:18:41 INFO     command: tesseract -l por /tmp/tmpo_hho6qa.png stdout tsv
14:18:43 INFO     command: tesseract --psm 0 -l osd /tmp/tmpmszhntfd.png stdout
14:18:44 INFO     command: tesseract -l por /tmp/tmpmszhntfd.png stdout tsv
14:18:46 INFO     command: tesseract --psm 0 -l osd /tmp/tmp2wjfq4mc.png stdout
14:18:47 INFO     command: tesseract -l por /tmp/tmp2wjfq4mc.png stdout tsv
14:18:53 INFO     command: tesseract --psm 0 -l osd /tmp/tmpf827vq57.png stdout
14:18:54 INFO     command: tesseract -l por /tmp/tmpf827vq57.png stdout tsv
14:19:01 INFO     Finished converting document iti_doc_diretivo_assinado-1_tarjado.pdf in 55.44 sec.
14:19:01 INFO       pixel_budget (Docling) iti_doc_diretivo_assinado-1_tarjado.pdf: 8.0% (área tabelas/5516339 px²)
14:19:01 INFO     [13/15] ✓ ITI       :    6 entregas | 55.5s | ETA ~1min
14:19:01 INFO     [14/15] → sgpr_ptd_2025_2027_anexo_de_entregas_assinado-copia_tarjada.pdf
14:19:01 INFO     detected formats: [<InputFormat.PDF: 'pdf'>]
14:19:01 INFO     Going to convert document batch...
14:19:01 INFO     Processing document sgpr_ptd_2025_2027_anexo_de_entregas_assinado-copia_tarjada.pdf
14:19:02 INFO     command: tesseract --psm 0 -l osd /tmp/tmpnjkkw_x6.png stdout
14:19:03 INFO     command: tesseract -l por /tmp/tmpnjkkw_x6.png stdout tsv
14:19:06 INFO     command: tesseract --psm 0 -l osd /tmp/tmpshh3472j.png stdout
14:19:07 INFO     command: tesseract -l por /tmp/tmpshh3472j.png stdout tsv
14:19:19 INFO     Finished converting document sgpr_ptd_2025_2027_anexo_de_entregas_assinado-copia_tarjada.pdf in 17.18 sec.
14:19:19 INFO       pixel_budget (Docling) sgpr_ptd_2025_2027_anexo_de_entregas_assinado-copia_tarjada.pdf: 29.5% (área tabelas/1002424 px²)
14:19:19 INFO     [14/15] ✓ SGPR      :   18 entregas | 17.2s | ETA ~47s
14:19:19 INFO     [15/15] → sgpr_ptd_2026_2027_docdiretivo_assinado-copia_tarjada.pdf
14:19:19 INFO     detected formats: [<InputFormat.PDF: 'pdf'>]
14:19:19 INFO     Going to convert document batch...
14:19:19 INFO     Processing document sgpr_ptd_2026_2027_docdiretivo_assinado-copia_tarjada.pdf
14:19:39 INFO     Finished converting document sgpr_ptd_2026_2027_docdiretivo_assinado-copia_tarjada.pdf in 20.08 sec.
14:19:39 INFO       pixel_budget (Docling) sgpr_ptd_2026_2027_docdiretivo_assinado-copia_tarjada.pdf: 8.2% (área tabelas/5513330 px²)
14:19:39 WARNING  [15/15] ⚠ SGPR      :    0 entregas | 20.1s | ETA ~0s
14:19:39 INFO     261 registros | 7 órgãos
14:19:39 INFO     ╔══════════════════════════════════════════════════════════════╗
14:19:39 INFO     ║                  ENTREGAS — fase concluída                   ║
14:19:39 INFO     ║  Processados: 15    |  ✓ 11  ⚠ 4                             ║
14:19:39 INFO     ║  Duração: 11.3 min                                           ║
14:19:39 INFO     ║  261 registros | 7 órgãos                                    ║
14:19:39 INFO     ╚══════════════════════════════════════════════════════════════╝
14:19:39 INFO     [1/7] → agu_ptd_2025_2027_docdiretivo_assinado_assinado_assinado-copia_tarjada.pdf
14:19:39 INFO     detected formats: [<InputFormat.PDF: 'pdf'>]
14:19:39 INFO     Going to convert document batch...
14:19:39 INFO     Processing document agu_ptd_2025_2027_docdiretivo_assinado_assinado_assinado-copia_tarjada.pdf
14:19:39 INFO     command: tesseract --psm 0 -l osd /tmp/tmpitjde8rn.png stdout
14:19:40 INFO     command: tesseract -l por /tmp/tmpitjde8rn.png stdout tsv
14:19:42 INFO     command: tesseract --psm 0 -l osd /tmp/tmpji83wili.png stdout
14:19:44 INFO     command: tesseract -l por /tmp/tmpji83wili.png stdout tsv
14:19:45 INFO     command: tesseract --psm 0 -l osd /tmp/tmpymyi4w90.png stdout
14:19:46 INFO     command: tesseract -l por /tmp/tmpymyi4w90.png stdout tsv
14:19:48 INFO     command: tesseract --psm 0 -l osd /tmp/tmphc75_fit.png stdout
14:19:49 INFO     command: tesseract -l por /tmp/tmphc75_fit.png stdout tsv
14:19:51 INFO     command: tesseract --psm 0 -l osd /tmp/tmpghnyuoz3.png stdout
14:19:52 INFO     command: tesseract -l por /tmp/tmpghnyuoz3.png stdout tsv
14:19:54 INFO     command: tesseract --psm 0 -l osd /tmp/tmpxy68lxhf.png stdout
14:19:55 INFO     command: tesseract -l por /tmp/tmpxy68lxhf.png stdout tsv
14:20:07 INFO     command: tesseract --psm 0 -l osd /tmp/tmpc6r97zjc.png stdout
14:20:08 INFO     command: tesseract -l por /tmp/tmpc6r97zjc.png stdout tsv
14:20:10 INFO     command: tesseract --psm 0 -l osd /tmp/tmp1g65zn6f.png stdout
14:20:11 INFO     command: tesseract -l por /tmp/tmp1g65zn6f.png stdout tsv
14:20:13 INFO     command: tesseract --psm 0 -l osd /tmp/tmp8i6lgezi.png stdout
14:20:14 INFO     command: tesseract -l por /tmp/tmp8i6lgezi.png stdout tsv
14:20:16 INFO     command: tesseract --psm 0 -l osd /tmp/tmp4o6b9vf7.png stdout
14:20:18 INFO     command: tesseract -l por /tmp/tmp4o6b9vf7.png stdout tsv
14:20:32 INFO     command: tesseract --psm 0 -l osd /tmp/tmpu3f00b59.png stdout
14:20:33 INFO     command: tesseract -l por /tmp/tmpu3f00b59.png stdout tsv
14:20:36 INFO     Finished converting document agu_ptd_2025_2027_docdiretivo_assinado_assinado_assinado-copia_tarjada.pdf in 57.08 sec.
14:20:36 INFO     [1/7] ✓ AGU       :   7 riscos | 57.1s | ETA ~5min
14:20:36 INFO     [2/7] → documento-diretivo-mcom-_-ptd-25_27-copia_tarjada.pdf
14:20:36 INFO     detected formats: [<InputFormat.PDF: 'pdf'>]
14:20:36 INFO     Going to convert document batch...
14:20:36 INFO     Processing document documento-diretivo-mcom-_-ptd-25_27-copia_tarjada.pdf
14:20:36 INFO     command: tesseract --psm 0 -l osd /tmp/tmp6bhgklaa.png stdout
14:20:37 INFO     command: tesseract -l por /tmp/tmp6bhgklaa.png stdout tsv
14:20:39 INFO     command: tesseract --psm 0 -l osd /tmp/tmpau4so81k.png stdout
14:20:41 INFO     command: tesseract -l por /tmp/tmpau4so81k.png stdout tsv
14:20:45 INFO     command: tesseract --psm 0 -l osd /tmp/tmp820k5hr7.png stdout
14:20:46 INFO     command: tesseract -l por /tmp/tmp820k5hr7.png stdout tsv
14:20:47 INFO     command: tesseract --psm 0 -l osd /tmp/tmp6h59luiy.png stdout
14:20:48 INFO     command: tesseract -l por /tmp/tmp6h59luiy.png stdout tsv
14:20:50 INFO     command: tesseract --psm 0 -l osd /tmp/tmpf9eouzjv.png stdout
14:20:50 INFO     command: tesseract -l por /tmp/tmpf9eouzjv.png stdout tsv
14:20:53 INFO     command: tesseract --psm 0 -l osd /tmp/tmpd5o7rb1h.png stdout
14:20:55 INFO     command: tesseract -l por /tmp/tmpd5o7rb1h.png stdout tsv
14:21:04 INFO     command: tesseract --psm 0 -l osd /tmp/tmp7666ns1f.png stdout
14:21:05 INFO     command: tesseract -l por /tmp/tmp7666ns1f.png stdout tsv
14:21:10 INFO     command: tesseract --psm 0 -l osd /tmp/tmpb8810wdf.png stdout
14:21:11 INFO     command: tesseract -l por /tmp/tmpb8810wdf.png stdout tsv
14:21:13 INFO     command: tesseract --psm 0 -l osd /tmp/tmp7ffcgmma.png stdout
14:21:14 INFO     command: tesseract -l por /tmp/tmp7ffcgmma.png stdout tsv
14:21:16 INFO     command: tesseract --psm 0 -l osd /tmp/tmp31qgzfyf.png stdout
14:21:17 INFO     command: tesseract -l por /tmp/tmp31qgzfyf.png stdout tsv
14:21:26 INFO     command: tesseract --psm 0 -l osd /tmp/tmpdywhj8f1.png stdout
14:21:27 INFO     command: tesseract -l por /tmp/tmpdywhj8f1.png stdout tsv
14:21:29 INFO     command: tesseract --psm 0 -l osd /tmp/tmpuzatqw1h.png stdout
14:21:30 INFO     command: tesseract -l por /tmp/tmpuzatqw1h.png stdout tsv
14:21:32 INFO     command: tesseract --psm 0 -l osd /tmp/tmpmrb9_g9b.png stdout
14:21:33 INFO     command: tesseract -l por /tmp/tmpmrb9_g9b.png stdout tsv
14:21:35 INFO     command: tesseract --psm 0 -l osd /tmp/tmpp7vnjnpn.png stdout
14:21:35 INFO     command: tesseract -l por /tmp/tmpp7vnjnpn.png stdout tsv
14:21:41 INFO     Finished converting document documento-diretivo-mcom-_-ptd-25_27-copia_tarjada.pdf in 65.63 sec.
14:21:41 INFO     [2/7] ✓ MCOM      :  14 riscos | 65.6s | ETA ~5min
14:21:41 INFO     [3/7] → fiocruz_novo-ptd_2-1_docdiretivo_repactuacao_2024-2026_assinado_assinado-copia_tarjada.pdf
14:21:41 INFO     detected formats: [<InputFormat.PDF: 'pdf'>]
14:21:41 INFO     Going to convert document batch...
14:21:41 INFO     Processing document fiocruz_novo-ptd_2-1_docdiretivo_repactuacao_2024-2026_assinado_assinado-copia_tarjada.pdf
14:22:00 INFO     Finished converting document fiocruz_novo-ptd_2-1_docdiretivo_repactuacao_2024-2026_assinado_assinado-copia_tarjada.pdf in 18.07 sec.
14:22:00 INFO     [3/7] ✓ FIOCRUZ   :   6 riscos | 18.1s | ETA ~3min
14:22:00 INFO     [4/7] → funai_ptd_2025_2027_docdiretivo_assinado-1_tarjado.pdf
14:22:00 INFO     detected formats: [<InputFormat.PDF: 'pdf'>]
14:22:00 INFO     Going to convert document batch...
14:22:00 INFO     Processing document funai_ptd_2025_2027_docdiretivo_assinado-1_tarjado.pdf
14:22:01 INFO     command: tesseract --psm 0 -l osd /tmp/tmpi8j2f7z3.png stdout
14:22:02 INFO     command: tesseract -l por /tmp/tmpi8j2f7z3.png stdout tsv
14:22:03 INFO     command: tesseract --psm 0 -l osd /tmp/tmpflmy1ndy.png stdout
14:22:04 INFO     command: tesseract -l por /tmp/tmpflmy1ndy.png stdout tsv
14:22:09 INFO     command: tesseract --psm 0 -l osd /tmp/tmptsts0kz6.png stdout
14:22:10 INFO     command: tesseract -l por /tmp/tmptsts0kz6.png stdout tsv
14:22:12 INFO     command: tesseract --psm 0 -l osd /tmp/tmp3ji6a82v.png stdout
14:22:12 INFO     command: tesseract -l por /tmp/tmp3ji6a82v.png stdout tsv
14:22:14 INFO     command: tesseract --psm 0 -l osd /tmp/tmppmj3brvb.png stdout
14:22:15 INFO     command: tesseract -l por /tmp/tmppmj3brvb.png stdout tsv
14:22:17 INFO     command: tesseract --psm 0 -l osd /tmp/tmp3o08tnm4.png stdout
14:22:18 INFO     command: tesseract -l por /tmp/tmp3o08tnm4.png stdout tsv
14:22:29 INFO     command: tesseract --psm 0 -l osd /tmp/tmpxw3vdqea.png stdout
14:22:30 INFO     command: tesseract -l por /tmp/tmpxw3vdqea.png stdout tsv
14:22:31 INFO     command: tesseract --psm 0 -l osd /tmp/tmp9vh8siso.png stdout
14:22:32 INFO     command: tesseract -l por /tmp/tmp9vh8siso.png stdout tsv
14:22:33 INFO     command: tesseract --psm 0 -l osd /tmp/tmpyl8qdi9p.png stdout
14:22:34 INFO     command: tesseract -l por /tmp/tmpyl8qdi9p.png stdout tsv
14:22:36 INFO     command: tesseract --psm 0 -l osd /tmp/tmp19rvx5ld.png stdout
14:22:37 INFO     command: tesseract -l por /tmp/tmp19rvx5ld.png stdout tsv
14:22:54 INFO     command: tesseract --psm 0 -l osd /tmp/tmp4o20qr3u.png stdout
14:22:55 INFO     command: tesseract -l por /tmp/tmp4o20qr3u.png stdout tsv
14:22:59 INFO     command: tesseract --psm 0 -l osd /tmp/tmp2tqtw_6p.png stdout
14:23:00 INFO     command: tesseract -l por /tmp/tmp2tqtw_6p.png stdout tsv
14:23:01 INFO     command: tesseract --psm 0 -l osd /tmp/tmpf16pv0za.png stdout
14:23:02 INFO     command: tesseract -l por /tmp/tmpf16pv0za.png stdout tsv
14:23:09 INFO     Finished converting document funai_ptd_2025_2027_docdiretivo_assinado-1_tarjado.pdf in 69.36 sec.
14:23:09 INFO     [4/7] ✓ FUNAI     :  15 riscos | 69.4s | ETA ~2min
14:23:09 INFO     [5/7] → incra_ptd_docdiretivo__assinado-1_assinado_assinado-copia_tarjada.pdf
14:23:09 INFO     detected formats: [<InputFormat.PDF: 'pdf'>]
14:23:09 INFO     Going to convert document batch...
14:23:09 INFO     Processing document incra_ptd_docdiretivo__assinado-1_assinado_assinado-copia_tarjada.pdf
14:23:10 INFO     command: tesseract --psm 0 -l osd /tmp/tmpvs3pbtl8.png stdout
14:23:11 INFO     command: tesseract -l por /tmp/tmpvs3pbtl8.png stdout tsv
14:23:13 INFO     command: tesseract --psm 0 -l osd /tmp/tmp_0o5q483.png stdout
14:23:14 INFO     command: tesseract -l por /tmp/tmp_0o5q483.png stdout tsv
14:23:21 INFO     command: tesseract --psm 0 -l osd /tmp/tmp8csrn7hb.png stdout
14:23:21 INFO     command: tesseract -l por /tmp/tmp8csrn7hb.png stdout tsv
14:23:23 INFO     command: tesseract --psm 0 -l osd /tmp/tmp1vm458u2.png stdout
14:23:24 INFO     command: tesseract -l por /tmp/tmp1vm458u2.png stdout tsv
14:23:26 INFO     command: tesseract --psm 0 -l osd /tmp/tmpy1hagxsu.png stdout
14:23:27 INFO     command: tesseract -l por /tmp/tmpy1hagxsu.png stdout tsv
14:23:29 INFO     command: tesseract --psm 0 -l osd /tmp/tmp44zussln.png stdout
14:23:31 INFO     command: tesseract -l por /tmp/tmp44zussln.png stdout tsv
14:23:47 INFO     command: tesseract --psm 0 -l osd /tmp/tmp0u2za5d_.png stdout
14:23:48 INFO     command: tesseract -l por /tmp/tmp0u2za5d_.png stdout tsv
14:23:49 INFO     command: tesseract --psm 0 -l osd /tmp/tmpnsb_lfk1.png stdout
14:23:50 INFO     command: tesseract -l por /tmp/tmpnsb_lfk1.png stdout tsv
14:23:52 INFO     command: tesseract --psm 0 -l osd /tmp/tmpncc4s705.png stdout
14:23:53 INFO     command: tesseract -l por /tmp/tmpncc4s705.png stdout tsv
14:23:55 INFO     command: tesseract --psm 0 -l osd /tmp/tmpw4__uouz.png stdout
14:23:56 INFO     command: tesseract -l por /tmp/tmpw4__uouz.png stdout tsv
14:24:01 INFO     command: tesseract --psm 0 -l osd /tmp/tmpnsg3ndlz.png stdout
14:24:02 INFO     command: tesseract -l por /tmp/tmpnsg3ndlz.png stdout tsv
14:24:15 INFO     command: tesseract --psm 0 -l osd /tmp/tmpx8m3_yrk.png stdout
14:24:16 INFO     command: tesseract -l por /tmp/tmpx8m3_yrk.png stdout tsv
14:24:17 INFO     command: tesseract --psm 0 -l osd /tmp/tmp4h4nfs47.png stdout
14:24:18 INFO     command: tesseract -l por /tmp/tmp4h4nfs47.png stdout tsv
14:24:26 INFO     Finished converting document incra_ptd_docdiretivo__assinado-1_assinado_assinado-copia_tarjada.pdf in 77.12 sec.
14:24:26 INFO     [5/7] ✓ INCRA     :  15 riscos | 77.1s | ETA ~1min
14:24:26 INFO     [6/7] → iti_doc_diretivo_assinado-1_tarjado.pdf
14:24:26 INFO     detected formats: [<InputFormat.PDF: 'pdf'>]
14:24:26 INFO     Going to convert document batch...
14:24:26 INFO     Processing document iti_doc_diretivo_assinado-1_tarjado.pdf
14:24:27 INFO     command: tesseract --psm 0 -l osd /tmp/tmp1ttrg881.png stdout
14:24:27 INFO     command: tesseract -l por /tmp/tmp1ttrg881.png stdout tsv
14:24:29 INFO     command: tesseract --psm 0 -l osd /tmp/tmpsqxct184.png stdout
14:24:31 INFO     command: tesseract -l por /tmp/tmpsqxct184.png stdout tsv
14:24:35 INFO     command: tesseract --psm 0 -l osd /tmp/tmpn1y5waip.png stdout
14:24:36 INFO     command: tesseract -l por /tmp/tmpn1y5waip.png stdout tsv
14:24:38 INFO     command: tesseract --psm 0 -l osd /tmp/tmpfz3slyqy.png stdout
14:24:38 INFO     command: tesseract -l por /tmp/tmpfz3slyqy.png stdout tsv
14:24:40 INFO     command: tesseract --psm 0 -l osd /tmp/tmpycec0tor.png stdout
14:24:41 INFO     command: tesseract -l por /tmp/tmpycec0tor.png stdout tsv
14:24:43 INFO     command: tesseract --psm 0 -l osd /tmp/tmphlb19iri.png stdout
14:24:44 INFO     command: tesseract -l por /tmp/tmphlb19iri.png stdout tsv
14:25:01 INFO     command: tesseract --psm 0 -l osd /tmp/tmp9ixzdhpd.png stdout
14:25:02 INFO     command: tesseract -l por /tmp/tmp9ixzdhpd.png stdout tsv
14:25:04 INFO     command: tesseract --psm 0 -l osd /tmp/tmp9lm2rwwx.png stdout
14:25:05 INFO     command: tesseract -l por /tmp/tmp9lm2rwwx.png stdout tsv
14:25:07 INFO     command: tesseract --psm 0 -l osd /tmp/tmpbsv0tn9z.png stdout
14:25:08 INFO     command: tesseract -l por /tmp/tmpbsv0tn9z.png stdout tsv
14:25:10 INFO     command: tesseract --psm 0 -l osd /tmp/tmp5pl1dvfu.png stdout
14:25:11 INFO     command: tesseract -l por /tmp/tmp5pl1dvfu.png stdout tsv
14:25:18 INFO     command: tesseract --psm 0 -l osd /tmp/tmpnrt200ai.png stdout
14:25:19 INFO     command: tesseract -l por /tmp/tmpnrt200ai.png stdout tsv
14:25:28 INFO     Finished converting document iti_doc_diretivo_assinado-1_tarjado.pdf in 62.12 sec.
14:25:28 INFO     [6/7] ✓ ITI       :  14 riscos | 62.1s | ETA ~58s
14:25:28 INFO     [7/7] → sgpr_ptd_2026_2027_docdiretivo_assinado-copia_tarjada.pdf
14:25:28 INFO     detected formats: [<InputFormat.PDF: 'pdf'>]
14:25:28 INFO     Going to convert document batch...
14:25:28 INFO     Processing document sgpr_ptd_2026_2027_docdiretivo_assinado-copia_tarjada.pdf
14:25:48 INFO     Finished converting document sgpr_ptd_2026_2027_docdiretivo_assinado-copia_tarjada.pdf in 20.23 sec.
14:25:48 INFO     [7/7] ✓ SGPR      :  10 riscos | 20.2s | ETA ~0s
14:25:48 INFO     ╔══════════════════════════════════════════════════════════════╗
14:25:48 INFO     ║                   RISCOS — fase concluída                    ║
14:25:48 INFO     ║  Processados: 7     |  ✓ 7  ⚠ 0                              ║
14:25:48 INFO     ║  Duração: 6.2 min                                            ║
14:25:48 INFO     ║  81 riscos | 7 órgãos                                        ║
14:25:48 INFO     ╚══════════════════════════════════════════════════════════════╝
14:25:48 INFO     81 riscos | 0 ações | 135 relações
14:25:48 INFO     ptd_corpus_raw                     : 261 linhas
14:25:48 INFO     ptd_pivot_eixos                    : 7 linhas
14:25:52 INFO     ptd_datas_assinatura               : 132 linhas
14:25:52 INFO     ptd_riscos                         : 81 linhas
14:25:52 INFO     ptd_riscos_acoes                   : 135 linhas
14:25:52 INFO     Manifesto salvo: pipeline_manifest.json | SHA-256 de 132 PDFs
14:25:52 INFO     ==================================================
14:25:52 INFO     PTD-BR v3.0-melhorado — PIPELINE CONCLUÍDO
14:25:52 INFO     ==================================================
14:25:52 INFO     ptd_corpus_raw.csv                        160 KB
14:25:52 INFO     ptd_pivot_eixos.csv                         0 KB
14:25:52 INFO     ptd_datas_assinatura.csv                    9 KB
14:25:52 INFO     ptd_riscos.csv                             23 KB
14:25:52 INFO     ptd_riscos_acoes.csv                        2 KB
14:25:52 INFO     proveniencia.json                           0 KB
14:25:52 INFO     pipeline_manifest.json                     20 KB
14:25:52 INFO     📦 Artefatos: https://github.com/freirelucas/teste/actions/runs/24003028982
14:25:52 INFO     ==================================================
