19:57:37 INFO     Docling disponível
19:57:37 WARNING  OCR fallback indisponível (IndentationError: unexpected indent (ptd_ocr_fallback.py, line 45))
19:57:38 INFO     Ignorado (guia/template/norma): ABNT-NBR-17225-Acessibilidade-Digital.pdf
19:57:38 INFO     Ignorado (guia/template/norma): cgrep-guia10passos-ptd-orgao.pdf
19:57:38 INFO     Ignorado (guia/template/norma): ABNT-NBR-17225-Acessibilidade-Digital.pdf
19:57:38 INFO     Scraping: 132 PDFs únicos | entregas: 68 | diretivos: 61
19:57:38 INFO     Baixando 132 PDFs únicos...
19:57:39 INFO     ✓ [  1/132] abin_ptd_anexo_de_entregas_assinado_pelo_orgao_ass   293.3KB
19:57:43 INFO     ✓ [  2/132] aeb_ptd_2025_2027_docdiretivo_aprovado_assinado-1_  1033.7KB
19:57:45 INFO     ✓ [  3/132] aeb_ptd_2025_2027_anexo_de_entregas_aprovado_assin   154.5KB
19:57:51 INFO     ✓ [  4/132] agu_ptd_2025_2027_docdiretivo_assinado_assinado_as  2860.3KB
19:57:53 INFO     ✓ [  5/132] agu_ptd_2025_2027_anexo_de_entregas_assinado_assin   525.5KB
19:57:56 INFO     ✓ [  6/132] ana_ptd_2025_2027_docdiretivo_assinado_assinado_as   477.2KB
19:57:58 INFO     ✓ [  7/132] ana_ptd_2025_2027_anexoentregas_assinado_assinado_   170.9KB
19:58:02 INFO     ✓ [  8/132] anac_ptd_2025_2026_docdiretivo_se_assinado_tarjado  1036.3KB
19:58:04 INFO     ✓ [  9/132] anac_ptd_2025_2026_anexo_de_entregas_se_assinado.p   215.2KB
19:58:07 INFO     ✓ [ 10/132] anatel_ptd_docdiretivo_assinado_2025_2026_assinado  1006.0KB
19:58:09 INFO     ✓ [ 11/132] anatel_ptd_2025_2026_anexo_de_entregas_do_ptd_publ    71.9KB
19:58:12 INFO     ✓ [ 12/132] ancine_ptd_2024_2026_docdiretivo_assinado-2_assina   961.8KB
19:58:15 INFO     ✓ [ 13/132] ancine_ptd_2024_2026_-_anexo_de_entregas_aprovado_   613.2KB
19:58:18 INFO     ✓ [ 14/132] ptd_aneel_2025-2027_docdiretivo_assinado_tarjado.p   779.6KB
19:58:20 INFO     ✓ [ 15/132] ptd_aneel_2025-2027_anexo_de_entregas_assinado.pdf   111.9KB
19:58:23 INFO     ✓ [ 16/132] anm_ptd_2025_2027_docdiretivo_assinadopeloorgao_ta  1092.5KB
19:58:27 INFO     ✓ [ 17/132] anm_ptd_2025_2027_anexo_entregas_assinadopeloorgao  1140.4KB
19:58:30 INFO     ✓ [ 18/132] anpd_ptd_2025_2027_docdiretivo_assinado_assinado_a  1044.3KB
19:58:32 INFO     ✓ [ 19/132] anpd_ptd_2025_2027_anexo_de_entregas_assinado_assi   166.5KB
19:58:35 INFO     ✓ [ 20/132] ans-plano_de_transformacao_digital_assinado-copia_  1023.4KB
19:58:38 INFO     ✓ [ 21/132] ans_ptd_2025_2026_anexo_de_entregas_assinado_assin   124.1KB
19:58:41 INFO     ✓ [ 22/132] antaq_ptd_2025_2027_docdiretivo_assinado_assinado_  1039.8KB
19:58:43 INFO     ✓ [ 23/132] antaq_ptd_2025_2027_anexoentregas_assinado_assinad   145.1KB
19:58:45 INFO     ✓ [ 24/132] mt_anexo_de_entregas_-_assinado_assinado_assinado_   143.6KB
19:58:54 INFO     ✓ [ 25/132] anvisa_ptd_docdiretivo_2025-2026_assinado_assinado  5771.2KB
19:58:56 INFO     ✓ [ 26/132] anvisa_ptd_anexo_de_entregas_2025_2026_assinado_as   239.0KB
19:58:59 INFO     ✓ [ 27/132] bcb_documento_diretivo_assinado_assinado_assinado-   713.7KB
19:59:01 INFO     ✓ [ 28/132] bcb_anexo_de_entregas_ptd_25_26-1_assinado_assinad   134.8KB
19:59:05 INFO     ✓ [ 29/132] cade_ptd_docdiretivo_2025_2026_assinado-2_assinado   810.4KB
19:59:07 INFO     ✓ [ 30/132] cade_ptd_anexo_de_entregas_2025_2026_assinado_copi   504.0KB
19:59:11 INFO     ✓ [ 31/132] mec_ptd_docdiretivo_2025-2026_sei_mec-5566673_copi   863.1KB
19:59:13 INFO     ✓ [ 32/132] mec_ptd_anexo-de-entregas_sei_mec-5576401_copia_ta   495.7KB
19:59:17 INFO     ✓ [ 33/132] mec_ptd_docdiretivo-versao-comunicacao_copia_tarja  1616.5KB
19:59:20 INFO     ✓ [ 34/132] md_ptd_2026_2027_anexo_de_entregas_assinado_assina   579.4KB
19:59:22 INFO     ✓ [ 35/132] md_ptd_2026_2027_anexo_de_entregas_assinado_assina   186.8KB
19:59:25 INFO     ✓ [ 36/132] md_ptd_temp_copia_tarjada.pdf                        741.9KB
19:59:29 INFO     ✓ [ 37/132] cgu_ptd_docdiretivo_assinado_assinado_assinado-cop  1085.4KB
19:59:31 INFO     ✓ [ 38/132] cgu_ptd_anexo_de_entregas_pactuadas_assinado_assin   514.1KB
19:59:34 INFO     ✓ [ 39/132] cnpq_ptd_2025_2027_docdiretivo_assinado_assinado_a   342.9KB
19:59:36 INFO     ✓ [ 40/132] cnpq_ptd_2025_2027_anexo_de_entregas_assinado_assi   136.1KB
19:59:39 INFO     ✓ [ 41/132] coaf_ptd_2025_2026_documento_diretivo_assinado_ass  1068.0KB
19:59:45 INFO     ✓ [ 42/132] coaf_ptd_2025_2026_anexo_de_entregas-2_assinado_as  3184.5KB
19:59:51 INFO     ✓ [ 43/132] ptd_midr-docdiretivo_aprovado_assinado_tarjado.pdf  3864.1KB
19:59:54 INFO     ✓ [ 44/132] ptd_midr_-_anexo_de_entregas_-_aprovado_assinado.p  1122.0KB
19:59:57 INFO     ✓ [ 45/132] mda-documento-diretivo-assinado_ptd-2025-207-copia   955.8KB
19:59:59 INFO     ✓ [ 46/132] cvm_ptd_2025_2027_docdiretivo_assinado_assinado_as   270.5KB
20:00:02 INFO     ✓ [ 47/132] cvm_ptd_2025_2027_anexoentregas_assinado_assinado_   409.0KB
20:00:05 INFO     ✓ [ 48/132] dnocs_ptd_doc_diretivo_2025_2026_assinado_orgao-2_   891.1KB
20:00:07 INFO     ✓ [ 49/132] dnocs_anexo_de_entregas_repactuado_2025_2026_assin   272.3KB
20:00:13 INFO     ✓ [ 50/132] fbn_ptd_2025_2027_docdiretivo_assinado-1_tarjado.p  2921.6KB
20:00:15 INFO     ✓ [ 51/132] fbn_ptd_2025_2027_anexo_de_entregas_assinado-1.pdf   162.3KB
20:00:19 INFO     ✓ [ 52/132] fcp_ptd_2025_2027_docdiretivo_assinado-1_tarjado.p  1612.0KB
20:00:21 INFO     ✓ [ 53/132] fcp_ptd_2025_2027_anexo_de_entregas_assinado-1.pdf   118.8KB
20:00:25 INFO     ✓ [ 54/132] fcrb_ptd_2025_2026_docdiretivo_aprovado_assinado-1   998.2KB
20:00:27 INFO     ✓ [ 55/132] fcrb_ptd_2025_2026_anexo_de_entregas_aprovado_assi   313.5KB
20:00:31 INFO     ✓ [ 56/132] fiocruz_novo-ptd_2-1_docdiretivo_repactuacao_2024-  1318.1KB
20:00:33 INFO     ✓ [ 57/132] fiocruz_ptd_anexo_de_entregas_assinado_v1_assinado   257.1KB
20:00:37 INFO     ✓ [ 58/132] fiocruz-ptd-06_2024-copia_tarjada.pdf               1693.8KB
20:00:41 INFO     ✓ [ 59/132] funai_ptd_2025_2027_docdiretivo_assinado-1_tarjado  1842.1KB
20:00:44 INFO     ✓ [ 60/132] funai_anexo_de_entregas_repactuado_2026_2027_assin   435.7KB
20:00:47 INFO     ✓ [ 61/132] funarte_ptd_docdiretivo_assinado_21_01_2025_assina   965.7KB
20:00:50 INFO     ✓ [ 62/132] funarte_ptd_anexo_de_entregas_assinado_v1_assinado   683.6KB
20:00:53 INFO     ✓ [ 63/132] fundacentro_ptd_2025_2027_docdiretivo_assinado_ass   826.6KB
20:00:55 INFO     ✓ [ 64/132] fundacentro_ptd_2025_2027_anexo_de_entregas_assina   635.5KB
20:00:59 INFO     ✓ [ 65/132] mma_ptd_docdiretivo_assinado_2025_2026-1_assinado_   949.3KB
20:01:01 INFO     ✓ [ 66/132] mma_ptd_anexo_de_entregas_aprovado_final_assinado_   174.8KB
20:01:05 INFO     ✓ [ 67/132] ibge_docdiretivo_2025_assinado_assinado_assinado-c  1167.3KB
20:01:07 INFO     ✓ [ 68/132] ibge_ptd_25_26_anexo_de_entregas_modelo_v2-1_assin   143.7KB
20:01:17 INFO     ✓ [ 69/132] incra_ptd_docdiretivo__assinado-1_assinado_assinad  7182.0KB
20:01:21 INFO     ✓ [ 70/132] incra_anexo_de_entregas_assinado-1_assinado_assina  1818.6KB
20:01:26 INFO     ✓ [ 71/132] inpi_ptd_docdiretivo_assinado_2025_2026_assinado_a  3322.4KB
20:01:31 INFO     ✓ [ 72/132] inpi_ptd_anexo_de_entregas_assinado_v1_assinado_as  3078.1KB
20:01:35 INFO     ✓ [ 73/132] inss_ptd_2025_2027_docdiretivo-assinado-copia_tarj  1173.3KB
20:01:37 INFO     ✓ [ 74/132] inss_ptd_2025_2027_anexo_de_entregas-assinado-copi   110.8KB
20:01:40 INFO     ✓ [ 75/132] iphan_ptd_docdiretivo_assinado_2025_2026_assinado_   885.7KB
20:01:42 INFO     ✓ [ 76/132] iphan_ptd_anexo_de_entregas_assinado_v1_assinado_a   310.9KB
20:01:49 INFO     ✓ [ 77/132] iti_doc_diretivo_assinado-1_tarjado.pdf             4905.1KB
20:01:52 INFO     ✓ [ 78/132] iti_anexo_de_entregas_assinado.pdf                   556.4KB
20:01:56 INFO     ✓ [ 79/132] mapa_ptd_2025_2027_docdiretivo_assinado-1_tarjado.  1740.9KB
20:01:58 INFO     ✓ [ 80/132] mapa_ptd_2025_2027_anexo_de_entregas_assinado-1.pd   261.9KB
20:02:05 INFO     ✓ [ 81/132] documento-diretivo-mcom-_-ptd-25_27-copia_tarjada.  4451.9KB
20:02:09 INFO     ✓ [ 82/132] anexo-de-entregas-mcom_ptd-25_27-copia_tarjada.pdf  1213.8KB
20:02:14 INFO     ✓ [ 83/132] ptd_21_24_mcom-copia_tarjada.pdf                    3040.7KB
20:02:17 INFO     ✓ [ 84/132] mcti_ptd_2025-2027_docdiretivo_assinado-copia_tarj  1030.7KB
20:02:19 INFO     ✓ [ 85/132] mcti_ptd_2025-2027_anexo-de-entregas_assinado-copi   145.8KB
20:02:22 INFO     ✓ [ 86/132] mda-anexo-entregas-assinado_ptd-2025-2027-copia-ta   284.6KB
20:02:24 INFO     ✓ [ 87/132] mdhc_ptd_2025_2027_docdiretivo_assinado_assinado_a   753.4KB
20:02:27 INFO     ✓ [ 88/132] mdhc_ptd_2025_2027_anexoentregas_assinado_assinado   186.8KB
20:02:29 INFO     ✓ [ 89/132] mdic_ptd_anexo_de_entregas_assinado_v1_assinado_as   176.6KB
20:02:32 INFO     ✓ [ 90/132] memp_ptd_2025_2026_docdiretivo_assinado_assinado_a  1030.1KB
20:02:34 INFO     ✓ [ 91/132] memp_ptd_2025_2026_anexo_de_entregas_assinado_assi   161.5KB
20:02:38 INFO     ✓ [ 92/132] mesp_ptd_2025_2027_docdiretivo_assinado_assinado_2  1147.7KB
20:02:40 INFO     ✓ [ 93/132] mesp_ptd_2025_2027_anexo_de_entregas_assinado_assi   226.6KB
20:02:43 INFO     ✓ [ 94/132] mf_ptd_2026_2027_documentodiretivo_assinado_assina   955.1KB
20:02:46 INFO     ✓ [ 95/132] mf_ptd_2026_2027_anexo_de_entregas_1_mf_se_assinad   241.2KB
20:02:48 INFO     ✓ [ 96/132] mgi_ptd_2025_2027_docdiretivo_assinado_assinado_as   375.2KB
20:02:50 INFO     ✓ [ 97/132] mgi_ptd_2025_2027_anexo_de_entregas_assinado_assin   256.1KB
20:02:53 INFO     ✓ [ 98/132] minc_ptd_2025_2027_docdiretivo_assinado-1_assinado   863.6KB
20:02:56 INFO     ✓ [ 99/132] minc_ptd_2025_2027_anexo_de_entregas_assinado-1_as   276.7KB
20:02:59 INFO     ✓ [100/132] mjsp_ptd_docdiretivo_assinado_2025_2026_assinado_a   954.0KB
20:03:01 INFO     ✓ [101/132] mjsp_ptd_anexo_de_entregas_assinado_v1_assinado_as   253.9KB
20:03:04 INFO     ✓ [102/132] mme_ptd_2025_2027_docdiretivo_assinado-copia_tarja   664.5KB
20:03:06 INFO     ✓ [103/132] mme_ptd_2025_2027_anexo_de_entregas_assinado__1_-c   111.1KB
20:03:10 INFO     ✓ [104/132] mmulheres_ptd_2025_2027_docdiretivo_assinado_assin  1078.3KB
20:03:12 INFO     ✓ [105/132] mmulheres_ptd_2025_2027_anexo_de_entregas_assinado   216.9KB
20:03:15 INFO     ✓ [106/132] mpi_ptd_2025_2027_docdiretivo_ministerio_dos_povos   947.9KB
20:03:17 INFO     ✓ [107/132] mpi_ptd_anexo_de_entregas_do_plano_de_tranformacao   191.9KB
20:03:20 INFO     ✓ [108/132] mpo_ptd_docdiretivo_assinado_2025_2026_assinado_as   806.3KB
20:03:23 INFO     ✓ [109/132] mpo_ptd_anexo_de_entregas_assinado_v1_assinado_ass   323.2KB
20:03:26 INFO     ✓ [110/132] mpor_ptd_2025_2027_docdiretivo_assinado_assinado_a   876.5KB
20:03:28 INFO     ✓ [111/132] mpor_ptd_2025_2027_anexo_de_entregas_assinado_assi   175.1KB
20:03:31 INFO     ✓ [112/132] mps_ptd_2025-2026_docdiretivo_final_assinado-1_ass  1024.4KB
20:03:33 INFO     ✓ [113/132] mps_ptd_2025-2026_anexo_de_entregas_final_assinado   165.0KB
20:03:36 INFO     ✓ [114/132] mre_ptd_docdiretivo_assinado_2025_2026_assinado_as   760.9KB
20:03:39 INFO     ✓ [115/132] mre_ptd_anexo_de_entregas_assinado_v1_assinado_ass   233.2KB
20:03:42 INFO     ✓ [116/132] mte_ptd_2025_2026_docdiretivo_assinado_assinado_as   729.6KB
20:03:44 INFO     ✓ [117/132] mte_ptd_anexo_de_entregas_assinado_v1__281_29_assi   459.5KB
20:03:48 INFO     ✓ [118/132] mtur_ptd_docdiretiv_assinado_30_01_2025_assinado_a  1050.4KB
20:03:50 INFO     ✓ [119/132] mtur_ptd_anexo_de_entregas_assinado_30_01_2025_ass   118.8KB
20:03:53 INFO     ✓ [120/132] pf_ptd_docdiretivo_2025_2027_assinado-copia_tarjad   964.3KB
20:03:55 INFO     ✓ [121/132] pf_ptd_anexo_de_entregas_2025_2027_assinado-copia_    62.5KB
20:03:58 INFO     ✓ [122/132] mf_ptd_2026_2027_anexo_de_entregas_4_mf_pgfn_assin   466.8KB
20:04:07 INFO     ✓ [123/132] previc_plano_de_transformacao_digital_2025_2026_29  6652.7KB
20:04:09 INFO     ✓ [124/132] previc_ptd_repactuacao_2025-2026_assinado_assinado   182.9KB
20:04:12 INFO     ✓ [125/132] prf_documentodiretivo_ptd_2026-2027_assinado_tarja   535.9KB
20:04:14 INFO     ✓ [126/132] prf_anexo_de_entregas_do_ptd__2026_2027___ptd___en   157.7KB
20:04:16 INFO     ✓ [127/132] mf_ptd_2026_2027_anexo_de_entregas_2_mf_rfb_assina   253.7KB
20:04:19 INFO     ✓ [128/132] sgpr_ptd_2026_2027_docdiretivo_assinado-copia_tarj   791.2KB
20:04:22 INFO     ✓ [129/132] sgpr_ptd_2025_2027_anexo_de_entregas_assinado-copi   897.9KB
20:04:25 INFO     ✓ [130/132] mf_ptd_2026_2027_anexo_de_entregas_3_mf_stn_assina   467.8KB
20:04:28 INFO     ✓ [131/132] susep_ptd_2025_2027_docdiretivo-assinado-copia_tar  1030.1KB
20:04:31 INFO     ✓ [132/132] susep_ptd_2025-2026_anexo_de_entregas_final_assina   221.9KB
20:04:32 INFO     132 OK | 0 erros | 123.3 MB total
20:04:38 INFO     Sanity: 132 PDFs | 113 texto | 19 imagem/OCR | 0 duplicatas
20:04:38 INFO     --siglas (debug): 15 PDFs de ['AGU', 'FIOCRUZ', 'FUNAI', 'FUNDACENTRO', 'INCRA', 'ITI', 'MCOM', 'SGPR']
20:04:38 INFO     DocumentConverter instanciado (singleton × 2: plain + OCR)
20:04:38 INFO     [1/15] → agu_ptd_2025_2027_anexo_de_entregas_assinado_assinado_assinado-copia_tarjada.pdf
20:04:38 INFO     detected formats: [<InputFormat.PDF: 'pdf'>]
20:04:38 INFO     Going to convert document batch...
20:04:38 INFO     Initializing pipeline for StandardPdfPipeline with options hash bc6794697da537796efc497178f9263f
20:04:38 INFO     Loading plugin 'docling_defaults'
20:04:38 INFO     Registered picture descriptions: ['picture_description_vlm_engine', 'vlm', 'api']
20:04:38 INFO     Loading plugin 'docling_defaults'
20:04:38 INFO     Registered ocr engines: ['auto', 'easyocr', 'kserve_v2_ocr', 'ocrmac', 'rapidocr', 'tesserocr', 'tesseract']
20:04:38 INFO     command: tesseract --list-langs
20:04:38 INFO     Loading plugin 'docling_defaults'
20:04:38 INFO     Registered layout engines: ['layout_object_detection', 'docling_layout_default', 'docling_experimental_table_crops_layout']
20:04:38 INFO     Accelerator device: 'cpu'
20:04:38 INFO     HTTP Request: GET https://huggingface.co/api/models/docling-project/docling-layout-heron/revision/main "HTTP/1.1 200 OK"
20:04:38 INFO     HTTP Request: HEAD https://huggingface.co/docling-project/docling-layout-heron/resolve/8f39ad3c0b4c58e9c2d2c84a38465abf757272d8/README.md "HTTP/1.1 307 Temporary Redirect"
20:04:38 WARNING  Warning: You are sending unauthenticated requests to the HF Hub. Please set a HF_TOKEN to enable higher rate limits and faster downloads.
20:04:38 INFO     HTTP Request: HEAD https://huggingface.co/api/resolve-cache/models/docling-project/docling-layout-heron/8f39ad3c0b4c58e9c2d2c84a38465abf757272d8/README.md "HTTP/1.1 200 OK"
20:04:38 INFO     HTTP Request: HEAD https://huggingface.co/docling-project/docling-layout-heron/resolve/8f39ad3c0b4c58e9c2d2c84a38465abf757272d8/preprocessor_config.json "HTTP/1.1 307 Temporary Redirect"
20:04:38 INFO     HTTP Request: HEAD https://huggingface.co/docling-project/docling-layout-heron/resolve/8f39ad3c0b4c58e9c2d2c84a38465abf757272d8/.gitattributes "HTTP/1.1 307 Temporary Redirect"
20:04:38 INFO     HTTP Request: HEAD https://huggingface.co/docling-project/docling-layout-heron/resolve/8f39ad3c0b4c58e9c2d2c84a38465abf757272d8/model.safetensors "HTTP/1.1 302 Found"
20:04:38 INFO     HTTP Request: GET https://huggingface.co/api/resolve-cache/models/docling-project/docling-layout-heron/8f39ad3c0b4c58e9c2d2c84a38465abf757272d8/README.md "HTTP/1.1 200 OK"
20:04:38 INFO     HTTP Request: HEAD https://huggingface.co/docling-project/docling-layout-heron/resolve/8f39ad3c0b4c58e9c2d2c84a38465abf757272d8/docling_heron_400.png "HTTP/1.1 307 Temporary Redirect"
20:04:38 INFO     HTTP Request: HEAD https://huggingface.co/docling-project/docling-layout-heron/resolve/8f39ad3c0b4c58e9c2d2c84a38465abf757272d8/config.json "HTTP/1.1 307 Temporary Redirect"
20:04:38 INFO     HTTP Request: HEAD https://huggingface.co/api/resolve-cache/models/docling-project/docling-layout-heron/8f39ad3c0b4c58e9c2d2c84a38465abf757272d8/preprocessor_config.json "HTTP/1.1 200 OK"
20:04:38 INFO     HTTP Request: HEAD https://huggingface.co/api/resolve-cache/models/docling-project/docling-layout-heron/8f39ad3c0b4c58e9c2d2c84a38465abf757272d8/docling_heron_400.png "HTTP/1.1 200 OK"
20:04:38 INFO     HTTP Request: HEAD https://huggingface.co/api/resolve-cache/models/docling-project/docling-layout-heron/8f39ad3c0b4c58e9c2d2c84a38465abf757272d8/.gitattributes "HTTP/1.1 200 OK"
20:04:38 INFO     HTTP Request: HEAD https://huggingface.co/api/resolve-cache/models/docling-project/docling-layout-heron/8f39ad3c0b4c58e9c2d2c84a38465abf757272d8/config.json "HTTP/1.1 200 OK"
20:04:38 INFO     HTTP Request: GET https://huggingface.co/api/resolve-cache/models/docling-project/docling-layout-heron/8f39ad3c0b4c58e9c2d2c84a38465abf757272d8/preprocessor_config.json "HTTP/1.1 200 OK"
20:04:38 INFO     HTTP Request: GET https://huggingface.co/api/resolve-cache/models/docling-project/docling-layout-heron/8f39ad3c0b4c58e9c2d2c84a38465abf757272d8/.gitattributes "HTTP/1.1 200 OK"
20:04:38 INFO     HTTP Request: GET https://huggingface.co/api/resolve-cache/models/docling-project/docling-layout-heron/8f39ad3c0b4c58e9c2d2c84a38465abf757272d8/docling_heron_400.png "HTTP/1.1 200 OK"
20:04:38 INFO     HTTP Request: GET https://huggingface.co/api/resolve-cache/models/docling-project/docling-layout-heron/8f39ad3c0b4c58e9c2d2c84a38465abf757272d8/config.json "HTTP/1.1 200 OK"
20:04:38 INFO     HTTP Request: GET https://huggingface.co/api/models/docling-project/docling-layout-heron/xet-read-token/8f39ad3c0b4c58e9c2d2c84a38465abf757272d8 "HTTP/1.1 200 OK"
20:04:40 INFO     Loading plugin 'docling_defaults'
20:04:40 INFO     Registered table structure engines: ['docling_tableformer', 'docling_tableformer_v2']
20:04:40 INFO     HTTP Request: GET https://huggingface.co/api/models/docling-project/docling-models/revision/v2.3.0 "HTTP/1.1 200 OK"
20:04:40 INFO     HTTP Request: HEAD https://huggingface.co/docling-project/docling-models/resolve/fc0f2d45e2218ea24bce5045f58a389aed16dc23/.gitignore "HTTP/1.1 307 Temporary Redirect"
20:04:40 INFO     HTTP Request: HEAD https://huggingface.co/docling-project/docling-models/resolve/fc0f2d45e2218ea24bce5045f58a389aed16dc23/README.md "HTTP/1.1 307 Temporary Redirect"
20:04:40 INFO     HTTP Request: HEAD https://huggingface.co/docling-project/docling-models/resolve/fc0f2d45e2218ea24bce5045f58a389aed16dc23/.gitattributes "HTTP/1.1 307 Temporary Redirect"
20:04:40 INFO     HTTP Request: HEAD https://huggingface.co/docling-project/docling-models/resolve/fc0f2d45e2218ea24bce5045f58a389aed16dc23/config.json "HTTP/1.1 307 Temporary Redirect"
20:04:40 INFO     HTTP Request: HEAD https://huggingface.co/docling-project/docling-models/resolve/fc0f2d45e2218ea24bce5045f58a389aed16dc23/model_artifacts/tableformer/accurate/tableformer_accurate.safetensors "HTTP/1.1 302 Found"
20:04:40 INFO     HTTP Request: HEAD https://huggingface.co/api/resolve-cache/models/docling-project/docling-models/fc0f2d45e2218ea24bce5045f58a389aed16dc23/.gitignore "HTTP/1.1 200 OK"
20:04:40 INFO     HTTP Request: HEAD https://huggingface.co/docling-project/docling-models/resolve/fc0f2d45e2218ea24bce5045f58a389aed16dc23/model_artifacts/tableformer/accurate/tm_config.json "HTTP/1.1 307 Temporary Redirect"
20:04:40 INFO     HTTP Request: HEAD https://huggingface.co/api/resolve-cache/models/docling-project/docling-models/fc0f2d45e2218ea24bce5045f58a389aed16dc23/README.md "HTTP/1.1 200 OK"
20:04:40 INFO     HTTP Request: HEAD https://huggingface.co/api/resolve-cache/models/docling-project/docling-models/fc0f2d45e2218ea24bce5045f58a389aed16dc23/.gitattributes "HTTP/1.1 200 OK"
20:04:40 INFO     HTTP Request: HEAD https://huggingface.co/api/resolve-cache/models/docling-project/docling-models/fc0f2d45e2218ea24bce5045f58a389aed16dc23/config.json "HTTP/1.1 200 OK"
20:04:40 INFO     HTTP Request: HEAD https://huggingface.co/api/resolve-cache/models/docling-project/docling-models/fc0f2d45e2218ea24bce5045f58a389aed16dc23/model_artifacts%2Ftableformer%2Faccurate%2Ftm_config.json "HTTP/1.1 200 OK"
20:04:40 INFO     HTTP Request: HEAD https://huggingface.co/docling-project/docling-models/resolve/fc0f2d45e2218ea24bce5045f58a389aed16dc23/model_artifacts/tableformer/fast/tableformer_fast.safetensors "HTTP/1.1 302 Found"
20:04:40 INFO     HTTP Request: HEAD https://huggingface.co/docling-project/docling-models/resolve/fc0f2d45e2218ea24bce5045f58a389aed16dc23/model_artifacts/tableformer/fast/tm_config.json "HTTP/1.1 307 Temporary Redirect"
20:04:40 INFO     HTTP Request: GET https://huggingface.co/api/resolve-cache/models/docling-project/docling-models/fc0f2d45e2218ea24bce5045f58a389aed16dc23/.gitignore "HTTP/1.1 200 OK"
20:04:40 INFO     HTTP Request: GET https://huggingface.co/api/resolve-cache/models/docling-project/docling-models/fc0f2d45e2218ea24bce5045f58a389aed16dc23/README.md "HTTP/1.1 200 OK"
20:04:40 INFO     HTTP Request: GET https://huggingface.co/api/resolve-cache/models/docling-project/docling-models/fc0f2d45e2218ea24bce5045f58a389aed16dc23/config.json "HTTP/1.1 200 OK"
20:04:40 INFO     HTTP Request: GET https://huggingface.co/api/resolve-cache/models/docling-project/docling-models/fc0f2d45e2218ea24bce5045f58a389aed16dc23/.gitattributes "HTTP/1.1 200 OK"
20:04:40 INFO     HTTP Request: HEAD https://huggingface.co/api/resolve-cache/models/docling-project/docling-models/fc0f2d45e2218ea24bce5045f58a389aed16dc23/model_artifacts%2Ftableformer%2Ffast%2Ftm_config.json "HTTP/1.1 200 OK"
20:04:40 INFO     HTTP Request: GET https://huggingface.co/api/resolve-cache/models/docling-project/docling-models/fc0f2d45e2218ea24bce5045f58a389aed16dc23/model_artifacts%2Ftableformer%2Faccurate%2Ftm_config.json "HTTP/1.1 200 OK"
20:04:40 INFO     HTTP Request: GET https://huggingface.co/api/resolve-cache/models/docling-project/docling-models/fc0f2d45e2218ea24bce5045f58a389aed16dc23/model_artifacts%2Ftableformer%2Ffast%2Ftm_config.json "HTTP/1.1 200 OK"
20:04:40 INFO     HTTP Request: GET https://huggingface.co/api/models/docling-project/docling-models/xet-read-token/fc0f2d45e2218ea24bce5045f58a389aed16dc23 "HTTP/1.1 200 OK"
20:04:40 INFO     HTTP Request: GET https://huggingface.co/api/models/docling-project/docling-models/xet-read-token/fc0f2d45e2218ea24bce5045f58a389aed16dc23 "HTTP/1.1 200 OK"
20:04:41 INFO     Accelerator device: 'cpu'
20:04:41 INFO     Processing document agu_ptd_2025_2027_anexo_de_entregas_assinado_assinado_assinado-copia_tarjada.pdf
20:04:42 INFO     command: tesseract --psm 0 -l osd /tmp/tmp77d2e66g.png stdout
20:04:43 INFO     command: tesseract -l por /tmp/tmp77d2e66g.png stdout tsv
20:04:46 INFO     command: tesseract --psm 0 -l osd /tmp/tmpbguligg1.png stdout
20:04:47 INFO     command: tesseract -l por /tmp/tmpbguligg1.png stdout tsv
20:05:06 INFO     Finished converting document agu_ptd_2025_2027_anexo_de_entregas_assinado_assinado_assinado-copia_tarjada.pdf in 28.49 sec.
20:05:06 INFO       pixel_budget (Docling) agu_ptd_2025_2027_anexo_de_entregas_assinado_assinado_assinado-copia_tarjada.pdf: 45.8% (área tabelas/1001817 px²)
20:05:06 INFO     [1/15] ✓ AGU       :   33 entregas | 28.5s | ETA ~6min
20:05:06 INFO     [2/15] → agu_ptd_2025_2027_docdiretivo_assinado_assinado_assinado-copia_tarjada.pdf
20:05:06 INFO     detected formats: [<InputFormat.PDF: 'pdf'>]
20:05:06 INFO     Going to convert document batch...
20:05:06 INFO     Processing document agu_ptd_2025_2027_docdiretivo_assinado_assinado_assinado-copia_tarjada.pdf
20:05:07 INFO     command: tesseract --psm 0 -l osd /tmp/tmpuz69m2t0.png stdout
20:05:07 INFO     command: tesseract -l por /tmp/tmpuz69m2t0.png stdout tsv
20:05:10 INFO     command: tesseract --psm 0 -l osd /tmp/tmpcs6l20qt.png stdout
20:05:11 INFO     command: tesseract -l por /tmp/tmpcs6l20qt.png stdout tsv
20:05:14 INFO     command: tesseract --psm 0 -l osd /tmp/tmpusuh5nse.png stdout
20:05:15 INFO     command: tesseract -l por /tmp/tmpusuh5nse.png stdout tsv
20:05:17 INFO     command: tesseract --psm 0 -l osd /tmp/tmpgp1csf2i.png stdout
20:05:18 INFO     command: tesseract -l por /tmp/tmpgp1csf2i.png stdout tsv
20:05:20 INFO     command: tesseract --psm 0 -l osd /tmp/tmpqlvt_3g0.png stdout
20:05:21 INFO     command: tesseract -l por /tmp/tmpqlvt_3g0.png stdout tsv
20:05:23 INFO     command: tesseract --psm 0 -l osd /tmp/tmpvxio_3g9.png stdout
20:05:25 INFO     command: tesseract -l por /tmp/tmpvxio_3g9.png stdout tsv
20:05:35 INFO     command: tesseract --psm 0 -l osd /tmp/tmpbyaoz1cn.png stdout
20:05:35 INFO     command: tesseract -l por /tmp/tmpbyaoz1cn.png stdout tsv
20:05:38 INFO     command: tesseract --psm 0 -l osd /tmp/tmpk7jb8pes.png stdout
20:05:38 INFO     command: tesseract -l por /tmp/tmpk7jb8pes.png stdout tsv
20:05:41 INFO     command: tesseract --psm 0 -l osd /tmp/tmpbd1nyc13.png stdout
20:05:41 INFO     command: tesseract -l por /tmp/tmpbd1nyc13.png stdout tsv
20:05:44 INFO     command: tesseract --psm 0 -l osd /tmp/tmpp3j4xop7.png stdout
20:05:45 INFO     command: tesseract -l por /tmp/tmpp3j4xop7.png stdout tsv
20:05:54 INFO     command: tesseract --psm 0 -l osd /tmp/tmpp8gqh7ml.png stdout
20:05:55 INFO     command: tesseract -l por /tmp/tmpp8gqh7ml.png stdout tsv
20:06:00 INFO     Finished converting document agu_ptd_2025_2027_docdiretivo_assinado_assinado_assinado-copia_tarjada.pdf in 53.41 sec.
20:06:00 INFO       pixel_budget (Docling) agu_ptd_2025_2027_docdiretivo_assinado_assinado_assinado-copia_tarjada.pdf: 2.1% (área tabelas/5513330 px²)
20:06:00 INFO     [2/15] ✓ AGU       :    6 entregas | 53.4s | ETA ~8min
20:06:00 INFO     [3/15] → anexo-de-entregas-mcom_ptd-25_27-copia_tarjada.pdf
20:06:00 INFO     detected formats: [<InputFormat.PDF: 'pdf'>]
20:06:00 INFO     Going to convert document batch...
20:06:00 INFO     Processing document anexo-de-entregas-mcom_ptd-25_27-copia_tarjada.pdf
20:06:01 INFO     command: tesseract --psm 0 -l osd /tmp/tmphszsc80v.png stdout
20:06:02 INFO     command: tesseract -l por /tmp/tmphszsc80v.png stdout tsv
20:06:04 INFO     command: tesseract --psm 0 -l osd /tmp/tmp1wmthnnf.png stdout
20:06:05 INFO     command: tesseract -l por /tmp/tmp1wmthnnf.png stdout tsv
20:06:18 INFO     command: tesseract --psm 0 -l osd /tmp/tmp4xi_pqme.png stdout
20:06:19 INFO     command: tesseract -l por /tmp/tmp4xi_pqme.png stdout tsv
20:06:40 INFO     Finished converting document anexo-de-entregas-mcom_ptd-25_27-copia_tarjada.pdf in 39.92 sec.
20:06:40 INFO       pixel_budget (Docling) anexo-de-entregas-mcom_ptd-25_27-copia_tarjada.pdf: 55.2% (área tabelas/1503636 px²)
20:06:40 INFO     [3/15] ✓ MCOM      :   55 entregas | 39.9s | ETA ~8min
20:06:40 INFO     [4/15] → documento-diretivo-mcom-_-ptd-25_27-copia_tarjada.pdf
20:06:40 INFO     detected formats: [<InputFormat.PDF: 'pdf'>]
20:06:40 INFO     Going to convert document batch...
20:06:40 INFO     Processing document documento-diretivo-mcom-_-ptd-25_27-copia_tarjada.pdf
20:06:40 INFO     command: tesseract --psm 0 -l osd /tmp/tmp40d4y1wt.png stdout
20:06:41 INFO     command: tesseract -l por /tmp/tmp40d4y1wt.png stdout tsv
20:06:43 INFO     command: tesseract --psm 0 -l osd /tmp/tmpk80qw8rx.png stdout
20:06:45 INFO     command: tesseract -l por /tmp/tmpk80qw8rx.png stdout tsv
20:06:50 INFO     command: tesseract --psm 0 -l osd /tmp/tmpsm4kc62j.png stdout
20:06:51 INFO     command: tesseract -l por /tmp/tmpsm4kc62j.png stdout tsv
20:06:52 INFO     command: tesseract --psm 0 -l osd /tmp/tmpt9ivena2.png stdout
20:06:53 INFO     command: tesseract -l por /tmp/tmpt9ivena2.png stdout tsv
20:06:55 INFO     command: tesseract --psm 0 -l osd /tmp/tmpywzjb43z.png stdout
20:06:56 INFO     command: tesseract -l por /tmp/tmpywzjb43z.png stdout tsv
20:06:58 INFO     command: tesseract --psm 0 -l osd /tmp/tmpkwp2cfhh.png stdout
20:06:59 INFO     command: tesseract -l por /tmp/tmpkwp2cfhh.png stdout tsv
20:07:17 INFO     command: tesseract --psm 0 -l osd /tmp/tmp7c52ar2o.png stdout
20:07:18 INFO     command: tesseract -l por /tmp/tmp7c52ar2o.png stdout tsv
20:07:20 INFO     command: tesseract --psm 0 -l osd /tmp/tmpzfs8y2kb.png stdout
20:07:21 INFO     command: tesseract -l por /tmp/tmpzfs8y2kb.png stdout tsv
20:07:23 INFO     command: tesseract --psm 0 -l osd /tmp/tmpua0qv1am.png stdout
20:07:24 INFO     command: tesseract -l por /tmp/tmpua0qv1am.png stdout tsv
20:07:26 INFO     command: tesseract --psm 0 -l osd /tmp/tmpcsmbmivt.png stdout
20:07:27 INFO     command: tesseract -l por /tmp/tmpcsmbmivt.png stdout tsv
20:07:35 INFO     command: tesseract --psm 0 -l osd /tmp/tmp6c9vny09.png stdout
20:07:36 INFO     command: tesseract -l por /tmp/tmp6c9vny09.png stdout tsv
20:07:40 INFO     command: tesseract --psm 0 -l osd /tmp/tmp4asur4vi.png stdout
20:07:40 INFO     command: tesseract -l por /tmp/tmp4asur4vi.png stdout tsv
20:07:42 INFO     command: tesseract --psm 0 -l osd /tmp/tmp_so_hsw7.png stdout
20:07:43 INFO     command: tesseract -l por /tmp/tmp_so_hsw7.png stdout tsv
20:07:45 INFO     command: tesseract --psm 0 -l osd /tmp/tmpxst2l8lq.png stdout
20:07:46 INFO     command: tesseract -l por /tmp/tmpxst2l8lq.png stdout tsv
20:07:52 INFO     Finished converting document documento-diretivo-mcom-_-ptd-25_27-copia_tarjada.pdf in 72.12 sec.
20:07:52 INFO       pixel_budget (Docling) documento-diretivo-mcom-_-ptd-25_27-copia_tarjada.pdf: 10.8% (área tabelas/7016966 px²)
20:07:52 INFO     [4/15] ✓ MCOM      :    3 entregas | 72.1s | ETA ~8min
20:07:52 INFO     [5/15] → fiocruz-ptd-06_2024-copia_tarjada.pdf
20:07:52 INFO     detected formats: [<InputFormat.PDF: 'pdf'>]
20:07:52 INFO     Going to convert document batch...
20:07:52 INFO     Initializing pipeline for StandardPdfPipeline with options hash d18651824ca6fe56cf3ccb20424ac2c8
20:07:52 INFO     Accelerator device: 'cpu'
20:07:52 INFO     HTTP Request: GET https://huggingface.co/api/models/docling-project/docling-layout-heron/revision/main "HTTP/1.1 200 OK"
20:07:53 INFO     HTTP Request: GET https://huggingface.co/api/models/docling-project/docling-models/revision/v2.3.0 "HTTP/1.1 200 OK"
20:07:53 INFO     Accelerator device: 'cpu'
20:07:53 INFO     Processing document fiocruz-ptd-06_2024-copia_tarjada.pdf
20:09:02 INFO     Finished converting document fiocruz-ptd-06_2024-copia_tarjada.pdf in 69.89 sec.
20:09:02 INFO       pixel_budget (Docling) fiocruz-ptd-06_2024-copia_tarjada.pdf: 36.4% (área tabelas/7518178 px²)
20:09:02 INFO     [5/15] ✓ FIOCRUZ   :    1 entregas | 69.9s | ETA ~8min
20:09:02 INFO     [6/15] → fiocruz_novo-ptd_2-1_docdiretivo_repactuacao_2024-2026_assinado_assinado-copia_tarjada.pdf
20:09:02 INFO     detected formats: [<InputFormat.PDF: 'pdf'>]
20:09:02 INFO     Going to convert document batch...
20:09:02 INFO     Processing document fiocruz_novo-ptd_2-1_docdiretivo_repactuacao_2024-2026_assinado_assinado-copia_tarjada.pdf
20:09:20 INFO     Finished converting document fiocruz_novo-ptd_2-1_docdiretivo_repactuacao_2024-2026_assinado_assinado-copia_tarjada.pdf in 18.27 sec.
20:09:20 INFO       pixel_budget (Docling) fiocruz_novo-ptd_2-1_docdiretivo_repactuacao_2024-2026_assinado_assinado-copia_tarjada.pdf: 11.3% (área tabelas/5012118 px²)
20:09:20 INFO     [6/15] ✓ FIOCRUZ   :    5 entregas | 18.3s | ETA ~7min
20:09:20 INFO     [7/15] → fiocruz_ptd_anexo_de_entregas_assinado_v1_assinado_assinado-1-copia_tarjada.pdf
20:09:20 INFO     detected formats: [<InputFormat.PDF: 'pdf'>]
20:09:20 INFO     Going to convert document batch...
20:09:20 INFO     Processing document fiocruz_ptd_anexo_de_entregas_assinado_v1_assinado_assinado-1-copia_tarjada.pdf
20:09:53 INFO     Finished converting document fiocruz_ptd_anexo_de_entregas_assinado_v1_assinado_assinado-1-copia_tarjada.pdf in 32.58 sec.
20:09:53 INFO       pixel_budget (Docling) fiocruz_ptd_anexo_de_entregas_assinado_v1_assinado_assinado-1-copia_tarjada.pdf: 54.7% (área tabelas/2004847 px²)
20:09:53 INFO     [7/15] ✓ FIOCRUZ   :   61 entregas | 32.6s | ETA ~5min
20:09:53 INFO     [8/15] → funai_anexo_de_entregas_repactuado_2026_2027_assinado_assinado_assinado.pdf
20:09:53 INFO     detected formats: [<InputFormat.PDF: 'pdf'>]
20:09:53 INFO     Going to convert document batch...
20:09:53 INFO     Processing document funai_anexo_de_entregas_repactuado_2026_2027_assinado_assinado_assinado.pdf
20:09:53 INFO     command: tesseract --psm 0 -l osd /tmp/tmp1pcyglef.png stdout
20:09:54 INFO     command: tesseract -l por /tmp/tmp1pcyglef.png stdout tsv
20:10:08 INFO     Finished converting document funai_anexo_de_entregas_repactuado_2026_2027_assinado_assinado_assinado.pdf in 15.19 sec.
20:10:08 INFO       pixel_budget (Docling) funai_anexo_de_entregas_repactuado_2026_2027_assinado_assinado_assinado.pdf: 49.8% (área tabelas/501212 px²)
20:10:08 INFO     [8/15] ✓ FUNAI     :   21 entregas | 15.2s | ETA ~4min
20:10:08 INFO     [9/15] → funai_ptd_2025_2027_docdiretivo_assinado-1_tarjado.pdf
20:10:08 INFO     detected formats: [<InputFormat.PDF: 'pdf'>]
20:10:08 INFO     Going to convert document batch...
20:10:08 INFO     Processing document funai_ptd_2025_2027_docdiretivo_assinado-1_tarjado.pdf
20:10:09 INFO     command: tesseract --psm 0 -l osd /tmp/tmp8j46gxqy.png stdout
20:10:10 INFO     command: tesseract -l por /tmp/tmp8j46gxqy.png stdout tsv
20:10:11 INFO     command: tesseract --psm 0 -l osd /tmp/tmp5dimxg3e.png stdout
20:10:12 INFO     command: tesseract -l por /tmp/tmp5dimxg3e.png stdout tsv
20:10:16 INFO     command: tesseract --psm 0 -l osd /tmp/tmpy_i93ux4.png stdout
20:10:17 INFO     command: tesseract -l por /tmp/tmpy_i93ux4.png stdout tsv
20:10:19 INFO     command: tesseract --psm 0 -l osd /tmp/tmp22wywbqz.png stdout
20:10:19 INFO     command: tesseract -l por /tmp/tmp22wywbqz.png stdout tsv
20:10:21 INFO     command: tesseract --psm 0 -l osd /tmp/tmp16shprb7.png stdout
20:10:22 INFO     command: tesseract -l por /tmp/tmp16shprb7.png stdout tsv
20:10:24 INFO     command: tesseract --psm 0 -l osd /tmp/tmpv3dq7e7c.png stdout
20:10:25 INFO     command: tesseract -l por /tmp/tmpv3dq7e7c.png stdout tsv
20:10:35 INFO     command: tesseract --psm 0 -l osd /tmp/tmprrl2p7i2.png stdout
20:10:35 INFO     command: tesseract -l por /tmp/tmprrl2p7i2.png stdout tsv
20:10:37 INFO     command: tesseract --psm 0 -l osd /tmp/tmp7nbr_iq2.png stdout
20:10:38 INFO     command: tesseract -l por /tmp/tmp7nbr_iq2.png stdout tsv
20:10:39 INFO     command: tesseract --psm 0 -l osd /tmp/tmpigt79ahu.png stdout
20:10:40 INFO     command: tesseract -l por /tmp/tmpigt79ahu.png stdout tsv
20:10:42 INFO     command: tesseract --psm 0 -l osd /tmp/tmp48k913p0.png stdout
20:10:43 INFO     command: tesseract -l por /tmp/tmp48k913p0.png stdout tsv
20:10:53 INFO     command: tesseract --psm 0 -l osd /tmp/tmpyvgpw8t_.png stdout
20:10:54 INFO     command: tesseract -l por /tmp/tmpyvgpw8t_.png stdout tsv
20:11:01 INFO     command: tesseract --psm 0 -l osd /tmp/tmpo1pzvpev.png stdout
20:11:02 INFO     command: tesseract -l por /tmp/tmpo1pzvpev.png stdout tsv
20:11:04 INFO     command: tesseract --psm 0 -l osd /tmp/tmpxwn3kmcm.png stdout
20:11:05 INFO     command: tesseract -l por /tmp/tmpxwn3kmcm.png stdout tsv
20:11:11 INFO     Finished converting document funai_ptd_2025_2027_docdiretivo_assinado-1_tarjado.pdf in 63.45 sec.
20:11:11 INFO       pixel_budget (Docling) funai_ptd_2025_2027_docdiretivo_assinado-1_tarjado.pdf: 16.4% (área tabelas/6515754 px²)
20:11:11 INFO     [9/15] ✓ FUNAI     :    8 entregas | 63.5s | ETA ~4min
20:11:11 INFO     [10/15] → incra_anexo_de_entregas_assinado-1_assinado_assinado-copia_tarjada.pdf
20:11:11 INFO     detected formats: [<InputFormat.PDF: 'pdf'>]
20:11:11 INFO     Going to convert document batch...
20:11:11 INFO     Processing document incra_anexo_de_entregas_assinado-1_assinado_assinado-copia_tarjada.pdf
20:11:12 INFO     command: tesseract --psm 0 -l osd /tmp/tmputcn0bdi.png stdout
20:11:13 INFO     command: tesseract -l por /tmp/tmputcn0bdi.png stdout tsv
20:11:16 INFO     command: tesseract --psm 0 -l osd /tmp/tmpj8bv_ctw.png stdout
20:11:17 INFO     command: tesseract -l por /tmp/tmpj8bv_ctw.png stdout tsv
20:11:24 INFO     command: tesseract --psm 0 -l osd /tmp/tmp1b7yrnus.png stdout
20:11:25 INFO     command: tesseract -l por /tmp/tmp1b7yrnus.png stdout tsv
20:11:28 INFO     command: tesseract --psm 0 -l osd /tmp/tmp9vgygjy5.png stdout
20:11:28 INFO     command: tesseract -l por /tmp/tmp9vgygjy5.png stdout tsv
20:11:31 INFO     command: tesseract --psm 0 -l osd /tmp/tmpr0cxa1xo.png stdout
20:11:31 INFO     command: tesseract -l por /tmp/tmpr0cxa1xo.png stdout tsv
20:13:02 INFO     Finished converting document incra_anexo_de_entregas_assinado-1_assinado_assinado-copia_tarjada.pdf in 110.52 sec.
20:13:02 INFO       pixel_budget (Docling) incra_anexo_de_entregas_assinado-1_assinado_assinado-copia_tarjada.pdf: 30.0% (área tabelas/2423520 px²)
20:13:02 INFO     [10/15] ✓ INCRA     :   10 entregas | 110.5s | ETA ~4min
20:13:02 INFO     [11/15] → incra_ptd_docdiretivo__assinado-1_assinado_assinado-copia_tarjada.pdf
20:13:02 INFO     detected formats: [<InputFormat.PDF: 'pdf'>]
20:13:02 INFO     Going to convert document batch...
20:13:02 INFO     Processing document incra_ptd_docdiretivo__assinado-1_assinado_assinado-copia_tarjada.pdf
20:13:03 INFO     command: tesseract --psm 0 -l osd /tmp/tmp3akh3dtv.png stdout
20:13:04 INFO     command: tesseract -l por /tmp/tmp3akh3dtv.png stdout tsv
20:13:06 INFO     command: tesseract --psm 0 -l osd /tmp/tmpyhya3spm.png stdout
20:13:07 INFO     command: tesseract -l por /tmp/tmpyhya3spm.png stdout tsv
20:13:13 INFO     command: tesseract --psm 0 -l osd /tmp/tmppq7ultzr.png stdout
20:13:14 INFO     command: tesseract -l por /tmp/tmppq7ultzr.png stdout tsv
20:13:16 INFO     command: tesseract --psm 0 -l osd /tmp/tmpux6l45ph.png stdout
20:13:17 INFO     command: tesseract -l por /tmp/tmpux6l45ph.png stdout tsv
20:13:18 INFO     command: tesseract --psm 0 -l osd /tmp/tmp4je6iohw.png stdout
20:13:19 INFO     command: tesseract -l por /tmp/tmp4je6iohw.png stdout tsv
20:13:21 INFO     command: tesseract --psm 0 -l osd /tmp/tmpmw5tdfrw.png stdout
20:13:22 INFO     command: tesseract -l por /tmp/tmpmw5tdfrw.png stdout tsv
20:13:37 INFO     command: tesseract --psm 0 -l osd /tmp/tmpth4pp4w7.png stdout
20:13:38 INFO     command: tesseract -l por /tmp/tmpth4pp4w7.png stdout tsv
20:13:40 INFO     command: tesseract --psm 0 -l osd /tmp/tmpn2_sndzd.png stdout
20:13:40 INFO     command: tesseract -l por /tmp/tmpn2_sndzd.png stdout tsv
20:13:42 INFO     command: tesseract --psm 0 -l osd /tmp/tmp9s8omq_4.png stdout
20:13:43 INFO     command: tesseract -l por /tmp/tmp9s8omq_4.png stdout tsv
20:13:45 INFO     command: tesseract --psm 0 -l osd /tmp/tmpomcu31vo.png stdout
20:13:46 INFO     command: tesseract -l por /tmp/tmpomcu31vo.png stdout tsv
20:13:57 INFO     command: tesseract --psm 0 -l osd /tmp/tmpbyrbyfqn.png stdout
20:13:58 INFO     command: tesseract -l por /tmp/tmpbyrbyfqn.png stdout tsv
20:14:04 INFO     command: tesseract --psm 0 -l osd /tmp/tmp6pwdoqub.png stdout
20:14:05 INFO     command: tesseract -l por /tmp/tmp6pwdoqub.png stdout tsv
20:14:07 INFO     command: tesseract --psm 0 -l osd /tmp/tmpld2onqws.png stdout
20:14:08 INFO     command: tesseract -l por /tmp/tmpld2onqws.png stdout tsv
20:14:15 INFO     Finished converting document incra_ptd_docdiretivo__assinado-1_assinado_assinado-copia_tarjada.pdf in 73.53 sec.
20:14:15 INFO       pixel_budget (Docling) incra_ptd_docdiretivo__assinado-1_assinado_assinado-copia_tarjada.pdf: 20.2% (área tabelas/6515754 px²)
20:14:15 INFO     [11/15] ✓ INCRA     :   11 entregas | 73.5s | ETA ~3min
20:14:15 INFO     [12/15] → iti_anexo_de_entregas_assinado.pdf
20:14:15 INFO     detected formats: [<InputFormat.PDF: 'pdf'>]
20:14:15 INFO     Going to convert document batch...
20:14:15 INFO     Processing document iti_anexo_de_entregas_assinado.pdf
20:14:16 INFO     command: tesseract --psm 0 -l osd /tmp/tmpb289_mf4.png stdout
20:14:17 INFO     command: tesseract -l por /tmp/tmpb289_mf4.png stdout tsv
20:14:33 INFO     Finished converting document iti_anexo_de_entregas_assinado.pdf in 17.43 sec.
20:14:33 INFO       pixel_budget (Docling) iti_anexo_de_entregas_assinado.pdf: 57.2% (área tabelas/501212 px²)
20:14:33 INFO     [12/15] ✓ ITI       :   31 entregas | 17.4s | ETA ~2min
20:14:33 INFO     [13/15] → iti_doc_diretivo_assinado-1_tarjado.pdf
20:14:33 INFO     detected formats: [<InputFormat.PDF: 'pdf'>]
20:14:33 INFO     Going to convert document batch...
20:14:33 INFO     Processing document iti_doc_diretivo_assinado-1_tarjado.pdf
20:14:34 INFO     command: tesseract --psm 0 -l osd /tmp/tmppnbo14g7.png stdout
20:14:34 INFO     command: tesseract -l por /tmp/tmppnbo14g7.png stdout tsv
20:14:37 INFO     command: tesseract --psm 0 -l osd /tmp/tmpcf2gi014.png stdout
20:14:38 INFO     command: tesseract -l por /tmp/tmpcf2gi014.png stdout tsv
20:14:42 INFO     command: tesseract --psm 0 -l osd /tmp/tmpqh7ulff6.png stdout
20:14:43 INFO     command: tesseract -l por /tmp/tmpqh7ulff6.png stdout tsv
20:14:45 INFO     command: tesseract --psm 0 -l osd /tmp/tmp3ytoiphy.png stdout
20:14:45 INFO     command: tesseract -l por /tmp/tmp3ytoiphy.png stdout tsv
20:14:47 INFO     command: tesseract --psm 0 -l osd /tmp/tmpex2a95rx.png stdout
20:14:48 INFO     command: tesseract -l por /tmp/tmpex2a95rx.png stdout tsv
20:14:50 INFO     command: tesseract --psm 0 -l osd /tmp/tmpptozmcu1.png stdout
20:14:51 INFO     command: tesseract -l por /tmp/tmpptozmcu1.png stdout tsv
20:15:05 INFO     command: tesseract --psm 0 -l osd /tmp/tmpe0otfu80.png stdout
20:15:06 INFO     command: tesseract -l por /tmp/tmpe0otfu80.png stdout tsv
20:15:08 INFO     command: tesseract --psm 0 -l osd /tmp/tmp7ey47jev.png stdout
20:15:08 INFO     command: tesseract -l por /tmp/tmp7ey47jev.png stdout tsv
20:15:11 INFO     command: tesseract --psm 0 -l osd /tmp/tmpo9a4nido.png stdout
20:15:11 INFO     command: tesseract -l por /tmp/tmpo9a4nido.png stdout tsv
20:15:13 INFO     command: tesseract --psm 0 -l osd /tmp/tmpujfb77ck.png stdout
20:15:15 INFO     command: tesseract -l por /tmp/tmpujfb77ck.png stdout tsv
20:15:20 INFO     command: tesseract --psm 0 -l osd /tmp/tmptx943ssy.png stdout
20:15:21 INFO     command: tesseract -l por /tmp/tmptx943ssy.png stdout tsv
20:15:29 INFO     Finished converting document iti_doc_diretivo_assinado-1_tarjado.pdf in 55.88 sec.
20:15:29 INFO       pixel_budget (Docling) iti_doc_diretivo_assinado-1_tarjado.pdf: 8.0% (área tabelas/5516339 px²)
20:15:29 INFO     [13/15] ✓ ITI       :    9 entregas | 55.9s | ETA ~1min
20:15:29 INFO     [14/15] → sgpr_ptd_2025_2027_anexo_de_entregas_assinado-copia_tarjada.pdf
20:15:29 INFO     detected formats: [<InputFormat.PDF: 'pdf'>]
20:15:29 INFO     Going to convert document batch...
20:15:29 INFO     Processing document sgpr_ptd_2025_2027_anexo_de_entregas_assinado-copia_tarjada.pdf
20:15:30 INFO     command: tesseract --psm 0 -l osd /tmp/tmptek1xah9.png stdout
20:15:30 INFO     command: tesseract -l por /tmp/tmptek1xah9.png stdout tsv
20:15:33 INFO     command: tesseract --psm 0 -l osd /tmp/tmpifw8pwb0.png stdout
20:15:35 INFO     command: tesseract -l por /tmp/tmpifw8pwb0.png stdout tsv
20:15:47 INFO     Finished converting document sgpr_ptd_2025_2027_anexo_de_entregas_assinado-copia_tarjada.pdf in 18.37 sec.
20:15:47 INFO       pixel_budget (Docling) sgpr_ptd_2025_2027_anexo_de_entregas_assinado-copia_tarjada.pdf: 29.5% (área tabelas/1002424 px²)
20:15:47 INFO     [14/15] ✓ SGPR      :   15 entregas | 18.4s | ETA ~48s
20:15:47 INFO     [15/15] → sgpr_ptd_2026_2027_docdiretivo_assinado-copia_tarjada.pdf
20:15:47 INFO     detected formats: [<InputFormat.PDF: 'pdf'>]
20:15:47 INFO     Going to convert document batch...
20:15:47 INFO     Processing document sgpr_ptd_2026_2027_docdiretivo_assinado-copia_tarjada.pdf
20:16:07 INFO     Finished converting document sgpr_ptd_2026_2027_docdiretivo_assinado-copia_tarjada.pdf in 19.74 sec.
20:16:07 INFO       pixel_budget (Docling) sgpr_ptd_2026_2027_docdiretivo_assinado-copia_tarjada.pdf: 8.2% (área tabelas/5513330 px²)
20:16:07 INFO     [15/15] ✓ SGPR      :    4 entregas | 19.7s | ETA ~0s
20:16:07 INFO     273 registros | 7 órgãos
20:16:07 INFO     ╔══════════════════════════════════════════════════════════════╗
20:16:07 INFO     ║                  ENTREGAS — fase concluída                   ║
20:16:07 INFO     ║  Processados: 15    |  ✓ 15  ⚠ 0                             ║
20:16:07 INFO     ║  Duração: 11.5 min                                           ║
20:16:07 INFO     ║  273 registros | 7 órgãos                                    ║
20:16:07 INFO     ╚══════════════════════════════════════════════════════════════╝
20:16:07 INFO     [1/7] → agu_ptd_2025_2027_docdiretivo_assinado_assinado_assinado-copia_tarjada.pdf
20:16:07 INFO     detected formats: [<InputFormat.PDF: 'pdf'>]
20:16:07 INFO     Going to convert document batch...
20:16:07 INFO     Processing document agu_ptd_2025_2027_docdiretivo_assinado_assinado_assinado-copia_tarjada.pdf
20:16:07 INFO     command: tesseract --psm 0 -l osd /tmp/tmpjo1o0flr.png stdout
20:16:08 INFO     command: tesseract -l por /tmp/tmpjo1o0flr.png stdout tsv
20:16:10 INFO     command: tesseract --psm 0 -l osd /tmp/tmpe4_ftfeq.png stdout
20:16:11 INFO     command: tesseract -l por /tmp/tmpe4_ftfeq.png stdout tsv
20:16:14 INFO     command: tesseract --psm 0 -l osd /tmp/tmpe4ij2h04.png stdout
20:16:15 INFO     command: tesseract -l por /tmp/tmpe4ij2h04.png stdout tsv
20:16:17 INFO     command: tesseract --psm 0 -l osd /tmp/tmpcky8iwn0.png stdout
20:16:18 INFO     command: tesseract -l por /tmp/tmpcky8iwn0.png stdout tsv
20:16:20 INFO     command: tesseract --psm 0 -l osd /tmp/tmpjc6n2z8o.png stdout
20:16:21 INFO     command: tesseract -l por /tmp/tmpjc6n2z8o.png stdout tsv
20:16:23 INFO     command: tesseract --psm 0 -l osd /tmp/tmp7ks9k65t.png stdout
20:16:24 INFO     command: tesseract -l por /tmp/tmp7ks9k65t.png stdout tsv
20:16:36 INFO     command: tesseract --psm 0 -l osd /tmp/tmpictlf0qe.png stdout
20:16:36 INFO     command: tesseract -l por /tmp/tmpictlf0qe.png stdout tsv
20:16:39 INFO     command: tesseract --psm 0 -l osd /tmp/tmpm_3sgyna.png stdout
20:16:39 INFO     command: tesseract -l por /tmp/tmpm_3sgyna.png stdout tsv
20:16:42 INFO     command: tesseract --psm 0 -l osd /tmp/tmp35lpes3y.png stdout
20:16:42 INFO     command: tesseract -l por /tmp/tmp35lpes3y.png stdout tsv
20:16:45 INFO     command: tesseract --psm 0 -l osd /tmp/tmp3ghxogcm.png stdout
20:16:46 INFO     command: tesseract -l por /tmp/tmp3ghxogcm.png stdout tsv
20:17:01 INFO     command: tesseract --psm 0 -l osd /tmp/tmp1_8e437r.png stdout
20:17:02 INFO     command: tesseract -l por /tmp/tmp1_8e437r.png stdout tsv
20:17:06 INFO     Finished converting document agu_ptd_2025_2027_docdiretivo_assinado_assinado_assinado-copia_tarjada.pdf in 58.80 sec.
20:17:06 INFO     [1/7] ✓ AGU       :   7 riscos | 58.8s | ETA ~5min
20:17:06 INFO     [2/7] → documento-diretivo-mcom-_-ptd-25_27-copia_tarjada.pdf
20:17:06 INFO     detected formats: [<InputFormat.PDF: 'pdf'>]
20:17:06 INFO     Going to convert document batch...
20:17:06 INFO     Processing document documento-diretivo-mcom-_-ptd-25_27-copia_tarjada.pdf
20:17:06 INFO     command: tesseract --psm 0 -l osd /tmp/tmp6o2q8uu7.png stdout
20:17:07 INFO     command: tesseract -l por /tmp/tmp6o2q8uu7.png stdout tsv
20:17:09 INFO     command: tesseract --psm 0 -l osd /tmp/tmpt7xpon5_.png stdout
20:17:11 INFO     command: tesseract -l por /tmp/tmpt7xpon5_.png stdout tsv
20:17:17 INFO     command: tesseract --psm 0 -l osd /tmp/tmp8ygclecz.png stdout
20:17:18 INFO     command: tesseract -l por /tmp/tmp8ygclecz.png stdout tsv
20:17:19 INFO     command: tesseract --psm 0 -l osd /tmp/tmpdto8y6b6.png stdout
20:17:20 INFO     command: tesseract -l por /tmp/tmpdto8y6b6.png stdout tsv
20:17:22 INFO     command: tesseract --psm 0 -l osd /tmp/tmpor09c52t.png stdout
20:17:22 INFO     command: tesseract -l por /tmp/tmpor09c52t.png stdout tsv
20:17:25 INFO     command: tesseract --psm 0 -l osd /tmp/tmpjvpvj4ql.png stdout
20:17:26 INFO     command: tesseract -l por /tmp/tmpjvpvj4ql.png stdout tsv
20:17:44 INFO     command: tesseract --psm 0 -l osd /tmp/tmpn8judubh.png stdout
20:17:45 INFO     command: tesseract -l por /tmp/tmpn8judubh.png stdout tsv
20:17:47 INFO     command: tesseract --psm 0 -l osd /tmp/tmpccxoxri6.png stdout
20:17:47 INFO     command: tesseract -l por /tmp/tmpccxoxri6.png stdout tsv
20:17:50 INFO     command: tesseract --psm 0 -l osd /tmp/tmpt7tyj36a.png stdout
20:17:51 INFO     command: tesseract -l por /tmp/tmpt7tyj36a.png stdout tsv
20:17:52 INFO     command: tesseract --psm 0 -l osd /tmp/tmp_c7olgix.png stdout
20:17:54 INFO     command: tesseract -l por /tmp/tmp_c7olgix.png stdout tsv
20:17:59 INFO     command: tesseract --psm 0 -l osd /tmp/tmpb0rvw85i.png stdout
20:18:00 INFO     command: tesseract -l por /tmp/tmpb0rvw85i.png stdout tsv
20:18:05 INFO     command: tesseract --psm 0 -l osd /tmp/tmp79tawk37.png stdout
20:18:06 INFO     command: tesseract -l por /tmp/tmp79tawk37.png stdout tsv
20:18:07 INFO     command: tesseract --psm 0 -l osd /tmp/tmp8ie30onp.png stdout
20:18:08 INFO     command: tesseract -l por /tmp/tmp8ie30onp.png stdout tsv
20:18:10 INFO     command: tesseract --psm 0 -l osd /tmp/tmpsmmcnqfq.png stdout
20:18:11 INFO     command: tesseract -l por /tmp/tmpsmmcnqfq.png stdout tsv
20:18:17 INFO     Finished converting document documento-diretivo-mcom-_-ptd-25_27-copia_tarjada.pdf in 71.21 sec.
20:18:17 INFO     [2/7] ✓ MCOM      :  14 riscos | 71.2s | ETA ~5min
20:18:17 INFO     [3/7] → fiocruz_novo-ptd_2-1_docdiretivo_repactuacao_2024-2026_assinado_assinado-copia_tarjada.pdf
20:18:17 INFO     detected formats: [<InputFormat.PDF: 'pdf'>]
20:18:17 INFO     Going to convert document batch...
20:18:17 INFO     Processing document fiocruz_novo-ptd_2-1_docdiretivo_repactuacao_2024-2026_assinado_assinado-copia_tarjada.pdf
20:18:35 INFO     Finished converting document fiocruz_novo-ptd_2-1_docdiretivo_repactuacao_2024-2026_assinado_assinado-copia_tarjada.pdf in 17.86 sec.
20:18:35 INFO     [3/7] ✓ FIOCRUZ   :   6 riscos | 17.9s | ETA ~3min
20:18:35 INFO     [4/7] → funai_ptd_2025_2027_docdiretivo_assinado-1_tarjado.pdf
20:18:35 INFO     detected formats: [<InputFormat.PDF: 'pdf'>]
20:18:35 INFO     Going to convert document batch...
20:18:35 INFO     Processing document funai_ptd_2025_2027_docdiretivo_assinado-1_tarjado.pdf
20:18:36 INFO     command: tesseract --psm 0 -l osd /tmp/tmpvsacb8y_.png stdout
20:18:37 INFO     command: tesseract -l por /tmp/tmpvsacb8y_.png stdout tsv
20:18:38 INFO     command: tesseract --psm 0 -l osd /tmp/tmp83l8r47q.png stdout
20:18:39 INFO     command: tesseract -l por /tmp/tmp83l8r47q.png stdout tsv
20:18:44 INFO     command: tesseract --psm 0 -l osd /tmp/tmpek4c28pl.png stdout
20:18:45 INFO     command: tesseract -l por /tmp/tmpek4c28pl.png stdout tsv
20:18:46 INFO     command: tesseract --psm 0 -l osd /tmp/tmpnxxx8qjo.png stdout
20:18:47 INFO     command: tesseract -l por /tmp/tmpnxxx8qjo.png stdout tsv
20:18:49 INFO     command: tesseract --psm 0 -l osd /tmp/tmp7pzov3ts.png stdout
20:18:50 INFO     command: tesseract -l por /tmp/tmp7pzov3ts.png stdout tsv
20:18:52 INFO     command: tesseract --psm 0 -l osd /tmp/tmpmnyzbvbl.png stdout
20:18:53 INFO     command: tesseract -l por /tmp/tmpmnyzbvbl.png stdout tsv
20:19:04 INFO     command: tesseract --psm 0 -l osd /tmp/tmpejc69_77.png stdout
20:19:05 INFO     command: tesseract -l por /tmp/tmpejc69_77.png stdout tsv
20:19:06 INFO     command: tesseract --psm 0 -l osd /tmp/tmp_4x6_rpe.png stdout
20:19:07 INFO     command: tesseract -l por /tmp/tmp_4x6_rpe.png stdout tsv
20:19:08 INFO     command: tesseract --psm 0 -l osd /tmp/tmp75fc4z7n.png stdout
20:19:09 INFO     command: tesseract -l por /tmp/tmp75fc4z7n.png stdout tsv
20:19:10 INFO     command: tesseract --psm 0 -l osd /tmp/tmpnb0vsy6f.png stdout
20:19:12 INFO     command: tesseract -l por /tmp/tmpnb0vsy6f.png stdout tsv
20:19:25 INFO     command: tesseract --psm 0 -l osd /tmp/tmpa175s2ud.png stdout
20:19:25 INFO     command: tesseract -l por /tmp/tmpa175s2ud.png stdout tsv
20:19:32 INFO     command: tesseract --psm 0 -l osd /tmp/tmp761hevs8.png stdout
20:19:32 INFO     command: tesseract -l por /tmp/tmp761hevs8.png stdout tsv
20:19:34 INFO     command: tesseract --psm 0 -l osd /tmp/tmp6a5zlk66.png stdout
20:19:35 INFO     command: tesseract -l por /tmp/tmp6a5zlk66.png stdout tsv
20:19:41 INFO     Finished converting document funai_ptd_2025_2027_docdiretivo_assinado-1_tarjado.pdf in 66.69 sec.
20:19:41 INFO     [4/7] ✓ FUNAI     :  15 riscos | 66.7s | ETA ~2min
20:19:41 INFO     [5/7] → incra_ptd_docdiretivo__assinado-1_assinado_assinado-copia_tarjada.pdf
20:19:41 INFO     detected formats: [<InputFormat.PDF: 'pdf'>]
20:19:41 INFO     Going to convert document batch...
20:19:41 INFO     Processing document incra_ptd_docdiretivo__assinado-1_assinado_assinado-copia_tarjada.pdf
20:19:43 INFO     command: tesseract --psm 0 -l osd /tmp/tmpl0cqp232.png stdout
20:19:43 INFO     command: tesseract -l por /tmp/tmpl0cqp232.png stdout tsv
20:19:45 INFO     command: tesseract --psm 0 -l osd /tmp/tmpjb41gtfy.png stdout
20:19:47 INFO     command: tesseract -l por /tmp/tmpjb41gtfy.png stdout tsv
20:19:53 INFO     command: tesseract --psm 0 -l osd /tmp/tmpt9abjik8.png stdout
20:19:54 INFO     command: tesseract -l por /tmp/tmpt9abjik8.png stdout tsv
20:19:56 INFO     command: tesseract --psm 0 -l osd /tmp/tmpac351_4r.png stdout
20:19:56 INFO     command: tesseract -l por /tmp/tmpac351_4r.png stdout tsv
20:19:58 INFO     command: tesseract --psm 0 -l osd /tmp/tmp5lijkk7g.png stdout
20:19:59 INFO     command: tesseract -l por /tmp/tmp5lijkk7g.png stdout tsv
20:20:01 INFO     command: tesseract --psm 0 -l osd /tmp/tmpx8iabzfu.png stdout
20:20:02 INFO     command: tesseract -l por /tmp/tmpx8iabzfu.png stdout tsv
20:20:14 INFO     command: tesseract --psm 0 -l osd /tmp/tmp71s3u00b.png stdout
20:20:15 INFO     command: tesseract -l por /tmp/tmp71s3u00b.png stdout tsv
20:20:16 INFO     command: tesseract --psm 0 -l osd /tmp/tmpvkxjkkb6.png stdout
20:20:17 INFO     command: tesseract -l por /tmp/tmpvkxjkkb6.png stdout tsv
20:20:19 INFO     command: tesseract --psm 0 -l osd /tmp/tmp_87s3v5a.png stdout
20:20:19 INFO     command: tesseract -l por /tmp/tmp_87s3v5a.png stdout tsv
20:20:21 INFO     command: tesseract --psm 0 -l osd /tmp/tmp7oniiumd.png stdout
20:20:23 INFO     command: tesseract -l por /tmp/tmp7oniiumd.png stdout tsv
20:20:27 INFO     command: tesseract --psm 0 -l osd /tmp/tmpy5clycb3.png stdout
20:20:28 INFO     command: tesseract -l por /tmp/tmpy5clycb3.png stdout tsv
20:20:35 INFO     command: tesseract --psm 0 -l osd /tmp/tmpvjlopgeg.png stdout
20:20:36 INFO     command: tesseract -l por /tmp/tmpvjlopgeg.png stdout tsv
20:20:40 INFO     command: tesseract --psm 0 -l osd /tmp/tmpxqau1tzj.png stdout
20:20:41 INFO     command: tesseract -l por /tmp/tmpxqau1tzj.png stdout tsv
20:20:48 INFO     Finished converting document incra_ptd_docdiretivo__assinado-1_assinado_assinado-copia_tarjada.pdf in 66.68 sec.
20:20:48 INFO     [5/7] ✓ INCRA     :  15 riscos | 66.7s | ETA ~1min
20:20:48 INFO     [6/7] → iti_doc_diretivo_assinado-1_tarjado.pdf
20:20:48 INFO     detected formats: [<InputFormat.PDF: 'pdf'>]
20:20:48 INFO     Going to convert document batch...
20:20:48 INFO     Processing document iti_doc_diretivo_assinado-1_tarjado.pdf
20:20:49 INFO     command: tesseract --psm 0 -l osd /tmp/tmpspdquhmu.png stdout
20:20:49 INFO     command: tesseract -l por /tmp/tmpspdquhmu.png stdout tsv
20:20:52 INFO     command: tesseract --psm 0 -l osd /tmp/tmp_kz1lip3.png stdout
20:20:53 INFO     command: tesseract -l por /tmp/tmp_kz1lip3.png stdout tsv
20:20:57 INFO     command: tesseract --psm 0 -l osd /tmp/tmpw60mwgsb.png stdout
20:20:58 INFO     command: tesseract -l por /tmp/tmpw60mwgsb.png stdout tsv
20:21:00 INFO     command: tesseract --psm 0 -l osd /tmp/tmp44i4fxmw.png stdout
20:21:00 INFO     command: tesseract -l por /tmp/tmp44i4fxmw.png stdout tsv
20:21:02 INFO     command: tesseract --psm 0 -l osd /tmp/tmpptix22uh.png stdout
20:21:03 INFO     command: tesseract -l por /tmp/tmpptix22uh.png stdout tsv
20:21:05 INFO     command: tesseract --psm 0 -l osd /tmp/tmpi2z4_2pc.png stdout
20:21:06 INFO     command: tesseract -l por /tmp/tmpi2z4_2pc.png stdout tsv
20:21:22 INFO     command: tesseract --psm 0 -l osd /tmp/tmpq1uu0gfb.png stdout
20:21:23 INFO     command: tesseract -l por /tmp/tmpq1uu0gfb.png stdout tsv
20:21:25 INFO     command: tesseract --psm 0 -l osd /tmp/tmpgat40skj.png stdout
20:21:26 INFO     command: tesseract -l por /tmp/tmpgat40skj.png stdout tsv
20:21:28 INFO     command: tesseract --psm 0 -l osd /tmp/tmp_apd94l2.png stdout
20:21:29 INFO     command: tesseract -l por /tmp/tmp_apd94l2.png stdout tsv
20:21:31 INFO     command: tesseract --psm 0 -l osd /tmp/tmpjwfc151d.png stdout
20:21:32 INFO     command: tesseract -l por /tmp/tmpjwfc151d.png stdout tsv
20:21:47 INFO     command: tesseract --psm 0 -l osd /tmp/tmpsyrc058k.png stdout
20:21:48 INFO     command: tesseract -l por /tmp/tmpsyrc058k.png stdout tsv
20:21:51 INFO     Finished converting document iti_doc_diretivo_assinado-1_tarjado.pdf in 62.74 sec.
20:21:51 INFO     [6/7] ✓ ITI       :  14 riscos | 62.8s | ETA ~57s
20:21:51 INFO     [7/7] → sgpr_ptd_2026_2027_docdiretivo_assinado-copia_tarjada.pdf
20:21:51 INFO     detected formats: [<InputFormat.PDF: 'pdf'>]
20:21:51 INFO     Going to convert document batch...
20:21:51 INFO     Processing document sgpr_ptd_2026_2027_docdiretivo_assinado-copia_tarjada.pdf
20:22:11 INFO     Finished converting document sgpr_ptd_2026_2027_docdiretivo_assinado-copia_tarjada.pdf in 19.72 sec.
20:22:11 INFO     [7/7] ✓ SGPR      :  10 riscos | 19.7s | ETA ~0s
20:22:11 INFO     ╔══════════════════════════════════════════════════════════════╗
20:22:11 INFO     ║                   RISCOS — fase concluída                    ║
20:22:11 INFO     ║  Processados: 7     |  ✓ 7  ⚠ 0                              ║
20:22:11 INFO     ║  Duração: 6.1 min                                            ║
20:22:11 INFO     ║  81 riscos | 7 órgãos                                        ║
20:22:11 INFO     ╚══════════════════════════════════════════════════════════════╝
20:22:11 INFO     81 riscos | 0 ações | 135 relações
20:22:11 INFO     ptd_corpus_raw                     : 273 linhas
20:22:11 INFO     ptd_pivot_eixos                    : 7 linhas
20:22:14 INFO     ptd_datas_assinatura               : 132 linhas
20:22:14 INFO     ptd_riscos                         : 81 linhas
20:22:14 INFO     ptd_riscos_acoes                   : 135 linhas
20:22:14 INFO     Manifesto salvo: pipeline_manifest.json | SHA-256 de 132 PDFs
20:22:14 INFO     ==================================================
20:22:14 INFO     PTD-BR v3.0-melhorado — PIPELINE CONCLUÍDO
20:22:14 INFO     ==================================================
20:22:14 INFO     ptd_corpus_raw.csv                        167 KB
20:22:14 INFO     ptd_pivot_eixos.csv                         0 KB
20:22:14 INFO     ptd_datas_assinatura.csv                    9 KB
20:22:14 INFO     ptd_riscos.csv                             23 KB
20:22:14 INFO     ptd_riscos_acoes.csv                        2 KB
20:22:14 INFO     proveniencia.json                           0 KB
20:22:14 INFO     pipeline_manifest.json                     21 KB
20:22:14 INFO     📦 Artefatos: https://github.com/freirelucas/teste/actions/runs/24048358702
20:22:14 INFO     ==================================================
