21:49:49 INFO     Docling disponível
21:49:49 WARNING  OCR fallback indisponível (IndentationError: unexpected indent (ptd_ocr_fallback.py, line 45))
21:49:50 INFO     Ignorado (guia/template/norma): ABNT-NBR-17225-Acessibilidade-Digital.pdf
21:49:50 INFO     Ignorado (guia/template/norma): cgrep-guia10passos-ptd-orgao.pdf
21:49:50 INFO     Ignorado (guia/template/norma): ABNT-NBR-17225-Acessibilidade-Digital.pdf
21:49:50 INFO     Scraping: 132 PDFs únicos | entregas: 68 | diretivos: 61
21:49:50 INFO     Baixando 132 PDFs únicos...
21:49:51 INFO     ✓ [  1/132] abin_ptd_anexo_de_entregas_assinado_pelo_orgao_ass   293.3KB
21:49:55 INFO     ✓ [  2/132] aeb_ptd_2025_2027_docdiretivo_aprovado_assinado-1_  1033.7KB
21:49:57 INFO     ✓ [  3/132] aeb_ptd_2025_2027_anexo_de_entregas_aprovado_assin   154.5KB
21:50:02 INFO     ✓ [  4/132] agu_ptd_2025_2027_docdiretivo_assinado_assinado_as  2860.3KB
21:50:05 INFO     ✓ [  5/132] agu_ptd_2025_2027_anexo_de_entregas_assinado_assin   525.5KB
21:50:07 INFO     ✓ [  6/132] ana_ptd_2025_2027_docdiretivo_assinado_assinado_as   477.2KB
21:50:10 INFO     ✓ [  7/132] ana_ptd_2025_2027_anexoentregas_assinado_assinado_   170.9KB
21:50:13 INFO     ✓ [  8/132] anac_ptd_2025_2026_docdiretivo_se_assinado_tarjado  1036.3KB
21:50:15 INFO     ✓ [  9/132] anac_ptd_2025_2026_anexo_de_entregas_se_assinado.p   215.2KB
21:50:18 INFO     ✓ [ 10/132] anatel_ptd_docdiretivo_assinado_2025_2026_assinado  1006.0KB
21:50:20 INFO     ✓ [ 11/132] anatel_ptd_2025_2026_anexo_de_entregas_do_ptd_publ    71.9KB
21:50:23 INFO     ✓ [ 12/132] ancine_ptd_2024_2026_docdiretivo_assinado-2_assina   961.8KB
21:50:26 INFO     ✓ [ 13/132] ancine_ptd_2024_2026_-_anexo_de_entregas_aprovado_   613.2KB
21:50:29 INFO     ✓ [ 14/132] ptd_aneel_2025-2027_docdiretivo_assinado_tarjado.p   779.6KB
21:50:31 INFO     ✓ [ 15/132] ptd_aneel_2025-2027_anexo_de_entregas_assinado.pdf   111.9KB
21:50:34 INFO     ✓ [ 16/132] anm_ptd_2025_2027_docdiretivo_assinadopeloorgao_ta  1092.5KB
21:50:38 INFO     ✓ [ 17/132] anm_ptd_2025_2027_anexo_entregas_assinadopeloorgao  1140.4KB
21:50:41 INFO     ✓ [ 18/132] anpd_ptd_2025_2027_docdiretivo_assinado_assinado_a  1044.3KB
21:50:43 INFO     ✓ [ 19/132] anpd_ptd_2025_2027_anexo_de_entregas_assinado_assi   166.5KB
21:50:46 INFO     ✓ [ 20/132] ans-plano_de_transformacao_digital_assinado-copia_  1023.4KB
21:50:49 INFO     ✓ [ 21/132] ans_ptd_2025_2026_anexo_de_entregas_assinado_assin   124.1KB
21:50:52 INFO     ✓ [ 22/132] antaq_ptd_2025_2027_docdiretivo_assinado_assinado_  1039.8KB
21:50:54 INFO     ✓ [ 23/132] antaq_ptd_2025_2027_anexoentregas_assinado_assinad   145.1KB
21:50:56 INFO     ✓ [ 24/132] mt_anexo_de_entregas_-_assinado_assinado_assinado_   143.6KB
21:51:05 INFO     ✓ [ 25/132] anvisa_ptd_docdiretivo_2025-2026_assinado_assinado  5771.2KB
21:51:07 INFO     ✓ [ 26/132] anvisa_ptd_anexo_de_entregas_2025_2026_assinado_as   239.0KB
21:51:10 INFO     ✓ [ 27/132] bcb_documento_diretivo_assinado_assinado_assinado-   713.7KB
21:51:12 INFO     ✓ [ 28/132] bcb_anexo_de_entregas_ptd_25_26-1_assinado_assinad   134.8KB
21:51:15 INFO     ✓ [ 29/132] cade_ptd_docdiretivo_2025_2026_assinado-2_assinado   810.4KB
21:51:18 INFO     ✓ [ 30/132] cade_ptd_anexo_de_entregas_2025_2026_assinado_copi   504.0KB
21:51:21 INFO     ✓ [ 31/132] mec_ptd_docdiretivo_2025-2026_sei_mec-5566673_copi   863.1KB
21:51:23 INFO     ✓ [ 32/132] mec_ptd_anexo-de-entregas_sei_mec-5576401_copia_ta   495.7KB
21:51:27 INFO     ✓ [ 33/132] mec_ptd_docdiretivo-versao-comunicacao_copia_tarja  1616.5KB
21:51:30 INFO     ✓ [ 34/132] md_ptd_2026_2027_anexo_de_entregas_assinado_assina   579.4KB
21:51:32 INFO     ✓ [ 35/132] md_ptd_2026_2027_anexo_de_entregas_assinado_assina   186.8KB
21:51:35 INFO     ✓ [ 36/132] md_ptd_temp_copia_tarjada.pdf                        741.9KB
21:51:38 INFO     ✓ [ 37/132] cgu_ptd_docdiretivo_assinado_assinado_assinado-cop  1085.4KB
21:51:41 INFO     ✓ [ 38/132] cgu_ptd_anexo_de_entregas_pactuadas_assinado_assin   514.1KB
21:51:44 INFO     ✓ [ 39/132] cnpq_ptd_2025_2027_docdiretivo_assinado_assinado_a   342.9KB
21:51:46 INFO     ✓ [ 40/132] cnpq_ptd_2025_2027_anexo_de_entregas_assinado_assi   136.1KB
21:51:49 INFO     ✓ [ 41/132] coaf_ptd_2025_2026_documento_diretivo_assinado_ass  1068.0KB
21:51:54 INFO     ✓ [ 42/132] coaf_ptd_2025_2026_anexo_de_entregas-2_assinado_as  3184.5KB
21:52:00 INFO     ✓ [ 43/132] ptd_midr-docdiretivo_aprovado_assinado_tarjado.pdf  3864.1KB
21:52:04 INFO     ✓ [ 44/132] ptd_midr_-_anexo_de_entregas_-_aprovado_assinado.p  1122.0KB
21:52:07 INFO     ✓ [ 45/132] mda-documento-diretivo-assinado_ptd-2025-207-copia   955.8KB
21:52:09 INFO     ✓ [ 46/132] cvm_ptd_2025_2027_docdiretivo_assinado_assinado_as   270.5KB
21:52:11 INFO     ✓ [ 47/132] cvm_ptd_2025_2027_anexoentregas_assinado_assinado_   409.0KB
21:52:15 INFO     ✓ [ 48/132] dnocs_ptd_doc_diretivo_2025_2026_assinado_orgao-2_   891.1KB
21:52:17 INFO     ✓ [ 49/132] dnocs_anexo_de_entregas_repactuado_2025_2026_assin   272.3KB
21:52:22 INFO     ✓ [ 50/132] fbn_ptd_2025_2027_docdiretivo_assinado-1_tarjado.p  2921.6KB
21:52:24 INFO     ✓ [ 51/132] fbn_ptd_2025_2027_anexo_de_entregas_assinado-1.pdf   162.3KB
21:52:28 INFO     ✓ [ 52/132] fcp_ptd_2025_2027_docdiretivo_assinado-1_tarjado.p  1612.0KB
21:52:30 INFO     ✓ [ 53/132] fcp_ptd_2025_2027_anexo_de_entregas_assinado-1.pdf   118.8KB
21:52:33 INFO     ✓ [ 54/132] fcrb_ptd_2025_2026_docdiretivo_aprovado_assinado-1   998.2KB
21:52:36 INFO     ✓ [ 55/132] fcrb_ptd_2025_2026_anexo_de_entregas_aprovado_assi   313.5KB
21:52:39 INFO     ✓ [ 56/132] fiocruz_novo-ptd_2-1_docdiretivo_repactuacao_2024-  1318.1KB
21:52:42 INFO     ✓ [ 57/132] fiocruz_ptd_anexo_de_entregas_assinado_v1_assinado   257.1KB
21:52:45 INFO     ✓ [ 58/132] fiocruz-ptd-06_2024-copia_tarjada.pdf               1693.8KB
21:52:49 INFO     ✓ [ 59/132] funai_ptd_2025_2027_docdiretivo_assinado-1_tarjado  1842.1KB
21:52:52 INFO     ✓ [ 60/132] funai_anexo_de_entregas_repactuado_2026_2027_assin   435.7KB
21:52:55 INFO     ✓ [ 61/132] funarte_ptd_docdiretivo_assinado_21_01_2025_assina   965.7KB
21:52:57 INFO     ✓ [ 62/132] funarte_ptd_anexo_de_entregas_assinado_v1_assinado   683.6KB
21:53:00 INFO     ✓ [ 63/132] fundacentro_ptd_2025_2027_docdiretivo_assinado_ass   826.6KB
21:53:03 INFO     ✓ [ 64/132] fundacentro_ptd_2025_2027_anexo_de_entregas_assina   635.5KB
21:53:06 INFO     ✓ [ 65/132] mma_ptd_docdiretivo_assinado_2025_2026-1_assinado_   949.3KB
21:53:09 INFO     ✓ [ 66/132] mma_ptd_anexo_de_entregas_aprovado_final_assinado_   174.8KB
21:53:12 INFO     ✓ [ 67/132] ibge_docdiretivo_2025_assinado_assinado_assinado-c  1167.3KB
21:53:14 INFO     ✓ [ 68/132] ibge_ptd_25_26_anexo_de_entregas_modelo_v2-1_assin   143.7KB
21:53:24 INFO     ✓ [ 69/132] incra_ptd_docdiretivo__assinado-1_assinado_assinad  7182.0KB
21:53:28 INFO     ✓ [ 70/132] incra_anexo_de_entregas_assinado-1_assinado_assina  1818.6KB
21:53:33 INFO     ✓ [ 71/132] inpi_ptd_docdiretivo_assinado_2025_2026_assinado_a  3322.4KB
21:53:39 INFO     ✓ [ 72/132] inpi_ptd_anexo_de_entregas_assinado_v1_assinado_as  3078.1KB
21:53:42 INFO     ✓ [ 73/132] inss_ptd_2025_2027_docdiretivo-assinado-copia_tarj  1173.3KB
21:53:44 INFO     ✓ [ 74/132] inss_ptd_2025_2027_anexo_de_entregas-assinado-copi   110.8KB
21:53:47 INFO     ✓ [ 75/132] iphan_ptd_docdiretivo_assinado_2025_2026_assinado_   885.7KB
21:53:49 INFO     ✓ [ 76/132] iphan_ptd_anexo_de_entregas_assinado_v1_assinado_a   310.9KB
21:53:57 INFO     ✓ [ 77/132] iti_doc_diretivo_assinado-1_tarjado.pdf             4905.1KB
21:53:59 INFO     ✓ [ 78/132] iti_anexo_de_entregas_assinado.pdf                   556.4KB
21:54:03 INFO     ✓ [ 79/132] mapa_ptd_2025_2027_docdiretivo_assinado-1_tarjado.  1740.9KB
21:54:06 INFO     ✓ [ 80/132] mapa_ptd_2025_2027_anexo_de_entregas_assinado-1.pd   261.9KB
21:54:12 INFO     ✓ [ 81/132] documento-diretivo-mcom-_-ptd-25_27-copia_tarjada.  4451.9KB
21:54:16 INFO     ✓ [ 82/132] anexo-de-entregas-mcom_ptd-25_27-copia_tarjada.pdf  1213.8KB
21:54:21 INFO     ✓ [ 83/132] ptd_21_24_mcom-copia_tarjada.pdf                    3040.7KB
21:54:24 INFO     ✓ [ 84/132] mcti_ptd_2025-2027_docdiretivo_assinado-copia_tarj  1030.7KB
21:54:26 INFO     ✓ [ 85/132] mcti_ptd_2025-2027_anexo-de-entregas_assinado-copi   145.8KB
21:54:29 INFO     ✓ [ 86/132] mda-anexo-entregas-assinado_ptd-2025-2027-copia-ta   284.6KB
21:54:32 INFO     ✓ [ 87/132] mdhc_ptd_2025_2027_docdiretivo_assinado_assinado_a   753.4KB
21:54:34 INFO     ✓ [ 88/132] mdhc_ptd_2025_2027_anexoentregas_assinado_assinado   186.8KB
21:54:36 INFO     ✓ [ 89/132] mdic_ptd_anexo_de_entregas_assinado_v1_assinado_as   176.6KB
21:54:40 INFO     ✓ [ 90/132] memp_ptd_2025_2026_docdiretivo_assinado_assinado_a  1030.1KB
21:54:42 INFO     ✓ [ 91/132] memp_ptd_2025_2026_anexo_de_entregas_assinado_assi   161.5KB
21:54:45 INFO     ✓ [ 92/132] mesp_ptd_2025_2027_docdiretivo_assinado_assinado_2  1147.7KB
21:54:48 INFO     ✓ [ 93/132] mesp_ptd_2025_2027_anexo_de_entregas_assinado_assi   226.6KB
21:54:51 INFO     ✓ [ 94/132] mf_ptd_2026_2027_documentodiretivo_assinado_assina   955.1KB
21:54:53 INFO     ✓ [ 95/132] mf_ptd_2026_2027_anexo_de_entregas_1_mf_se_assinad   241.2KB
21:54:56 INFO     ✓ [ 96/132] mgi_ptd_2025_2027_docdiretivo_assinado_assinado_as   375.2KB
21:54:58 INFO     ✓ [ 97/132] mgi_ptd_2025_2027_anexo_de_entregas_assinado_assin   256.1KB
21:55:01 INFO     ✓ [ 98/132] minc_ptd_2025_2027_docdiretivo_assinado-1_assinado   863.6KB
21:55:04 INFO     ✓ [ 99/132] minc_ptd_2025_2027_anexo_de_entregas_assinado-1_as   276.7KB
21:55:07 INFO     ✓ [100/132] mjsp_ptd_docdiretivo_assinado_2025_2026_assinado_a   954.0KB
21:55:09 INFO     ✓ [101/132] mjsp_ptd_anexo_de_entregas_assinado_v1_assinado_as   253.9KB
21:55:12 INFO     ✓ [102/132] mme_ptd_2025_2027_docdiretivo_assinado-copia_tarja   664.5KB
21:55:14 INFO     ✓ [103/132] mme_ptd_2025_2027_anexo_de_entregas_assinado__1_-c   111.1KB
21:55:17 INFO     ✓ [104/132] mmulheres_ptd_2025_2027_docdiretivo_assinado_assin  1078.3KB
21:55:20 INFO     ✓ [105/132] mmulheres_ptd_2025_2027_anexo_de_entregas_assinado   216.9KB
21:55:23 INFO     ✓ [106/132] mpi_ptd_2025_2027_docdiretivo_ministerio_dos_povos   947.9KB
21:55:25 INFO     ✓ [107/132] mpi_ptd_anexo_de_entregas_do_plano_de_tranformacao   191.9KB
21:55:28 INFO     ✓ [108/132] mpo_ptd_docdiretivo_assinado_2025_2026_assinado_as   806.3KB
21:55:30 INFO     ✓ [109/132] mpo_ptd_anexo_de_entregas_assinado_v1_assinado_ass   323.2KB
21:55:33 INFO     ✓ [110/132] mpor_ptd_2025_2027_docdiretivo_assinado_assinado_a   876.5KB
21:55:35 INFO     ✓ [111/132] mpor_ptd_2025_2027_anexo_de_entregas_assinado_assi   175.1KB
21:55:39 INFO     ✓ [112/132] mps_ptd_2025-2026_docdiretivo_final_assinado-1_ass  1024.4KB
21:55:41 INFO     ✓ [113/132] mps_ptd_2025-2026_anexo_de_entregas_final_assinado   165.0KB
21:55:44 INFO     ✓ [114/132] mre_ptd_docdiretivo_assinado_2025_2026_assinado_as   760.9KB
21:55:46 INFO     ✓ [115/132] mre_ptd_anexo_de_entregas_assinado_v1_assinado_ass   233.2KB
21:55:49 INFO     ✓ [116/132] mte_ptd_2025_2026_docdiretivo_assinado_assinado_as   729.6KB
21:55:52 INFO     ✓ [117/132] mte_ptd_anexo_de_entregas_assinado_v1__281_29_assi   459.5KB
21:55:55 INFO     ✓ [118/132] mtur_ptd_docdiretiv_assinado_30_01_2025_assinado_a  1050.4KB
21:55:57 INFO     ✓ [119/132] mtur_ptd_anexo_de_entregas_assinado_30_01_2025_ass   118.8KB
21:56:00 INFO     ✓ [120/132] pf_ptd_docdiretivo_2025_2027_assinado-copia_tarjad   964.3KB
21:56:02 INFO     ✓ [121/132] pf_ptd_anexo_de_entregas_2025_2027_assinado-copia_    62.5KB
21:56:05 INFO     ✓ [122/132] mf_ptd_2026_2027_anexo_de_entregas_4_mf_pgfn_assin   466.8KB
21:56:14 INFO     ✓ [123/132] previc_plano_de_transformacao_digital_2025_2026_29  6652.7KB
21:56:16 INFO     ✓ [124/132] previc_ptd_repactuacao_2025-2026_assinado_assinado   182.9KB
21:56:19 INFO     ✓ [125/132] prf_documentodiretivo_ptd_2026-2027_assinado_tarja   535.9KB
21:56:21 INFO     ✓ [126/132] prf_anexo_de_entregas_do_ptd__2026_2027___ptd___en   157.7KB
21:56:23 INFO     ✓ [127/132] mf_ptd_2026_2027_anexo_de_entregas_2_mf_rfb_assina   253.7KB
21:56:26 INFO     ✓ [128/132] sgpr_ptd_2026_2027_docdiretivo_assinado-copia_tarj   791.2KB
21:56:30 INFO     ✓ [129/132] sgpr_ptd_2025_2027_anexo_de_entregas_assinado-copi   897.9KB
21:56:32 INFO     ✓ [130/132] mf_ptd_2026_2027_anexo_de_entregas_3_mf_stn_assina   467.8KB
21:56:35 INFO     ✓ [131/132] susep_ptd_2025_2027_docdiretivo-assinado-copia_tar  1030.1KB
21:56:38 INFO     ✓ [132/132] susep_ptd_2025-2026_anexo_de_entregas_final_assina   221.9KB
21:56:39 INFO     132 OK | 0 erros | 123.3 MB total
21:56:45 INFO     Sanity: 132 PDFs | 113 texto | 19 imagem/OCR | 0 duplicatas
21:56:45 INFO     --siglas (debug): 15 PDFs de ['AGU', 'FIOCRUZ', 'FUNAI', 'FUNDACENTRO', 'INCRA', 'ITI', 'MCOM', 'SGPR']
21:56:45 INFO     DocumentConverter instanciado (singleton × 2: plain + OCR)
21:56:45 INFO     [1/15] → agu_ptd_2025_2027_anexo_de_entregas_assinado_assinado_assinado-copia_tarjada.pdf
21:56:45 INFO     detected formats: [<InputFormat.PDF: 'pdf'>]
21:56:45 INFO     Going to convert document batch...
21:56:45 INFO     Initializing pipeline for StandardPdfPipeline with options hash bc6794697da537796efc497178f9263f
21:56:45 INFO     Loading plugin 'docling_defaults'
21:56:45 INFO     Registered picture descriptions: ['picture_description_vlm_engine', 'vlm', 'api']
21:56:45 INFO     Loading plugin 'docling_defaults'
21:56:45 INFO     Registered ocr engines: ['auto', 'easyocr', 'kserve_v2_ocr', 'ocrmac', 'rapidocr', 'tesserocr', 'tesseract']
21:56:45 INFO     command: tesseract --list-langs
21:56:45 INFO     Loading plugin 'docling_defaults'
21:56:45 INFO     Registered layout engines: ['layout_object_detection', 'docling_layout_default', 'docling_experimental_table_crops_layout']
21:56:45 INFO     Accelerator device: 'cpu'
21:56:45 INFO     HTTP Request: GET https://huggingface.co/api/models/docling-project/docling-layout-heron/revision/main "HTTP/1.1 200 OK"
21:56:45 INFO     HTTP Request: HEAD https://huggingface.co/docling-project/docling-layout-heron/resolve/8f39ad3c0b4c58e9c2d2c84a38465abf757272d8/model.safetensors "HTTP/1.1 302 Found"
21:56:45 INFO     HTTP Request: HEAD https://huggingface.co/docling-project/docling-layout-heron/resolve/8f39ad3c0b4c58e9c2d2c84a38465abf757272d8/preprocessor_config.json "HTTP/1.1 307 Temporary Redirect"
21:56:45 WARNING  Warning: You are sending unauthenticated requests to the HF Hub. Please set a HF_TOKEN to enable higher rate limits and faster downloads.
21:56:45 INFO     HTTP Request: HEAD https://huggingface.co/api/resolve-cache/models/docling-project/docling-layout-heron/8f39ad3c0b4c58e9c2d2c84a38465abf757272d8/preprocessor_config.json "HTTP/1.1 200 OK"
21:56:45 INFO     HTTP Request: HEAD https://huggingface.co/docling-project/docling-layout-heron/resolve/8f39ad3c0b4c58e9c2d2c84a38465abf757272d8/config.json "HTTP/1.1 307 Temporary Redirect"
21:56:45 INFO     HTTP Request: HEAD https://huggingface.co/docling-project/docling-layout-heron/resolve/8f39ad3c0b4c58e9c2d2c84a38465abf757272d8/README.md "HTTP/1.1 307 Temporary Redirect"
21:56:45 INFO     HTTP Request: GET https://huggingface.co/api/resolve-cache/models/docling-project/docling-layout-heron/8f39ad3c0b4c58e9c2d2c84a38465abf757272d8/preprocessor_config.json "HTTP/1.1 200 OK"
21:56:45 INFO     HTTP Request: HEAD https://huggingface.co/api/resolve-cache/models/docling-project/docling-layout-heron/8f39ad3c0b4c58e9c2d2c84a38465abf757272d8/config.json "HTTP/1.1 200 OK"
21:56:45 INFO     HTTP Request: HEAD https://huggingface.co/api/resolve-cache/models/docling-project/docling-layout-heron/8f39ad3c0b4c58e9c2d2c84a38465abf757272d8/README.md "HTTP/1.1 200 OK"
21:56:45 INFO     HTTP Request: HEAD https://huggingface.co/docling-project/docling-layout-heron/resolve/8f39ad3c0b4c58e9c2d2c84a38465abf757272d8/.gitattributes "HTTP/1.1 307 Temporary Redirect"
21:56:45 INFO     HTTP Request: GET https://huggingface.co/api/models/docling-project/docling-layout-heron/xet-read-token/8f39ad3c0b4c58e9c2d2c84a38465abf757272d8 "HTTP/1.1 200 OK"
21:56:45 INFO     HTTP Request: GET https://huggingface.co/api/resolve-cache/models/docling-project/docling-layout-heron/8f39ad3c0b4c58e9c2d2c84a38465abf757272d8/config.json "HTTP/1.1 200 OK"
21:56:45 INFO     HTTP Request: HEAD https://huggingface.co/api/resolve-cache/models/docling-project/docling-layout-heron/8f39ad3c0b4c58e9c2d2c84a38465abf757272d8/.gitattributes "HTTP/1.1 200 OK"
21:56:45 INFO     HTTP Request: GET https://huggingface.co/api/resolve-cache/models/docling-project/docling-layout-heron/8f39ad3c0b4c58e9c2d2c84a38465abf757272d8/README.md "HTTP/1.1 200 OK"
21:56:45 INFO     HTTP Request: GET https://huggingface.co/api/resolve-cache/models/docling-project/docling-layout-heron/8f39ad3c0b4c58e9c2d2c84a38465abf757272d8/.gitattributes "HTTP/1.1 200 OK"
21:56:45 INFO     HTTP Request: HEAD https://huggingface.co/docling-project/docling-layout-heron/resolve/8f39ad3c0b4c58e9c2d2c84a38465abf757272d8/docling_heron_400.png "HTTP/1.1 307 Temporary Redirect"
21:56:45 INFO     HTTP Request: HEAD https://huggingface.co/api/resolve-cache/models/docling-project/docling-layout-heron/8f39ad3c0b4c58e9c2d2c84a38465abf757272d8/docling_heron_400.png "HTTP/1.1 200 OK"
21:56:45 INFO     HTTP Request: GET https://huggingface.co/api/resolve-cache/models/docling-project/docling-layout-heron/8f39ad3c0b4c58e9c2d2c84a38465abf757272d8/docling_heron_400.png "HTTP/1.1 200 OK"
21:56:47 INFO     Loading plugin 'docling_defaults'
21:56:47 INFO     Registered table structure engines: ['docling_tableformer', 'docling_tableformer_v2']
21:56:47 INFO     HTTP Request: GET https://huggingface.co/api/models/docling-project/docling-models/revision/v2.3.0 "HTTP/1.1 200 OK"
21:56:47 INFO     HTTP Request: HEAD https://huggingface.co/docling-project/docling-models/resolve/fc0f2d45e2218ea24bce5045f58a389aed16dc23/.gitattributes "HTTP/1.1 307 Temporary Redirect"
21:56:47 INFO     HTTP Request: HEAD https://huggingface.co/docling-project/docling-models/resolve/fc0f2d45e2218ea24bce5045f58a389aed16dc23/model_artifacts/tableformer/accurate/tm_config.json "HTTP/1.1 307 Temporary Redirect"
21:56:47 INFO     HTTP Request: HEAD https://huggingface.co/docling-project/docling-models/resolve/fc0f2d45e2218ea24bce5045f58a389aed16dc23/README.md "HTTP/1.1 307 Temporary Redirect"
21:56:47 INFO     HTTP Request: HEAD https://huggingface.co/api/resolve-cache/models/docling-project/docling-models/fc0f2d45e2218ea24bce5045f58a389aed16dc23/.gitattributes "HTTP/1.1 200 OK"
21:56:47 INFO     HTTP Request: HEAD https://huggingface.co/docling-project/docling-models/resolve/fc0f2d45e2218ea24bce5045f58a389aed16dc23/model_artifacts/tableformer/accurate/tableformer_accurate.safetensors "HTTP/1.1 302 Found"
21:56:47 INFO     HTTP Request: HEAD https://huggingface.co/docling-project/docling-models/resolve/fc0f2d45e2218ea24bce5045f58a389aed16dc23/config.json "HTTP/1.1 307 Temporary Redirect"
21:56:47 INFO     HTTP Request: HEAD https://huggingface.co/api/resolve-cache/models/docling-project/docling-models/fc0f2d45e2218ea24bce5045f58a389aed16dc23/model_artifacts%2Ftableformer%2Faccurate%2Ftm_config.json "HTTP/1.1 200 OK"
21:56:47 INFO     HTTP Request: HEAD https://huggingface.co/api/resolve-cache/models/docling-project/docling-models/fc0f2d45e2218ea24bce5045f58a389aed16dc23/README.md "HTTP/1.1 200 OK"
21:56:47 INFO     HTTP Request: GET https://huggingface.co/api/resolve-cache/models/docling-project/docling-models/fc0f2d45e2218ea24bce5045f58a389aed16dc23/.gitattributes "HTTP/1.1 200 OK"
21:56:47 INFO     HTTP Request: HEAD https://huggingface.co/api/resolve-cache/models/docling-project/docling-models/fc0f2d45e2218ea24bce5045f58a389aed16dc23/config.json "HTTP/1.1 200 OK"
21:56:47 INFO     HTTP Request: HEAD https://huggingface.co/docling-project/docling-models/resolve/fc0f2d45e2218ea24bce5045f58a389aed16dc23/model_artifacts/tableformer/fast/tm_config.json "HTTP/1.1 307 Temporary Redirect"
21:56:47 INFO     HTTP Request: GET https://huggingface.co/api/resolve-cache/models/docling-project/docling-models/fc0f2d45e2218ea24bce5045f58a389aed16dc23/README.md "HTTP/1.1 200 OK"
21:56:47 INFO     HTTP Request: HEAD https://huggingface.co/docling-project/docling-models/resolve/fc0f2d45e2218ea24bce5045f58a389aed16dc23/model_artifacts/tableformer/fast/tableformer_fast.safetensors "HTTP/1.1 302 Found"
21:56:47 INFO     HTTP Request: HEAD https://huggingface.co/docling-project/docling-models/resolve/fc0f2d45e2218ea24bce5045f58a389aed16dc23/.gitignore "HTTP/1.1 307 Temporary Redirect"
21:56:47 INFO     HTTP Request: GET https://huggingface.co/api/resolve-cache/models/docling-project/docling-models/fc0f2d45e2218ea24bce5045f58a389aed16dc23/model_artifacts%2Ftableformer%2Faccurate%2Ftm_config.json "HTTP/1.1 200 OK"
21:56:47 INFO     HTTP Request: GET https://huggingface.co/api/models/docling-project/docling-models/xet-read-token/fc0f2d45e2218ea24bce5045f58a389aed16dc23 "HTTP/1.1 200 OK"
21:56:47 INFO     HTTP Request: HEAD https://huggingface.co/api/resolve-cache/models/docling-project/docling-models/fc0f2d45e2218ea24bce5045f58a389aed16dc23/model_artifacts%2Ftableformer%2Ffast%2Ftm_config.json "HTTP/1.1 200 OK"
21:56:47 INFO     HTTP Request: HEAD https://huggingface.co/api/resolve-cache/models/docling-project/docling-models/fc0f2d45e2218ea24bce5045f58a389aed16dc23/.gitignore "HTTP/1.1 200 OK"
21:56:47 INFO     HTTP Request: GET https://huggingface.co/api/resolve-cache/models/docling-project/docling-models/fc0f2d45e2218ea24bce5045f58a389aed16dc23/config.json "HTTP/1.1 200 OK"
21:56:47 INFO     HTTP Request: GET https://huggingface.co/api/resolve-cache/models/docling-project/docling-models/fc0f2d45e2218ea24bce5045f58a389aed16dc23/.gitignore "HTTP/1.1 200 OK"
21:56:47 INFO     HTTP Request: GET https://huggingface.co/api/resolve-cache/models/docling-project/docling-models/fc0f2d45e2218ea24bce5045f58a389aed16dc23/model_artifacts%2Ftableformer%2Ffast%2Ftm_config.json "HTTP/1.1 200 OK"
21:56:48 INFO     Accelerator device: 'cpu'
21:56:49 INFO     Processing document agu_ptd_2025_2027_anexo_de_entregas_assinado_assinado_assinado-copia_tarjada.pdf
21:56:49 INFO     command: tesseract --psm 0 -l osd /tmp/tmpq5hk8ufa.png stdout
21:56:50 INFO     command: tesseract -l por /tmp/tmpq5hk8ufa.png stdout tsv
21:56:53 INFO     command: tesseract --psm 0 -l osd /tmp/tmpjg0ea0w5.png stdout
21:56:54 INFO     command: tesseract -l por /tmp/tmpjg0ea0w5.png stdout tsv
21:57:13 INFO     Finished converting document agu_ptd_2025_2027_anexo_de_entregas_assinado_assinado_assinado-copia_tarjada.pdf in 28.54 sec.
21:57:13 INFO       pixel_budget (Docling) agu_ptd_2025_2027_anexo_de_entregas_assinado_assinado_assinado-copia_tarjada.pdf: 45.8% (área tabelas/1001817 px²)
21:57:13 INFO     [1/15] ✓ AGU       :   33 entregas | 28.6s | ETA ~6min
21:57:13 INFO     [2/15] → agu_ptd_2025_2027_docdiretivo_assinado_assinado_assinado-copia_tarjada.pdf
21:57:13 INFO     detected formats: [<InputFormat.PDF: 'pdf'>]
21:57:13 INFO     Going to convert document batch...
21:57:13 INFO     Processing document agu_ptd_2025_2027_docdiretivo_assinado_assinado_assinado-copia_tarjada.pdf
21:57:14 INFO     command: tesseract --psm 0 -l osd /tmp/tmp2nyqm_98.png stdout
21:57:14 INFO     command: tesseract -l por /tmp/tmp2nyqm_98.png stdout tsv
21:57:16 INFO     command: tesseract --psm 0 -l osd /tmp/tmpyfqfm2ja.png stdout
21:57:18 INFO     command: tesseract -l por /tmp/tmpyfqfm2ja.png stdout tsv
21:57:22 INFO     command: tesseract --psm 0 -l osd /tmp/tmp6c806uu3.png stdout
21:57:22 INFO     command: tesseract -l por /tmp/tmp6c806uu3.png stdout tsv
21:57:25 INFO     command: tesseract --psm 0 -l osd /tmp/tmpllqm_m5z.png stdout
21:57:25 INFO     command: tesseract -l por /tmp/tmpllqm_m5z.png stdout tsv
21:57:28 INFO     command: tesseract --psm 0 -l osd /tmp/tmpxp48y2cg.png stdout
21:57:28 INFO     command: tesseract -l por /tmp/tmpxp48y2cg.png stdout tsv
21:57:30 INFO     command: tesseract --psm 0 -l osd /tmp/tmpnnmtrw53.png stdout
21:57:32 INFO     command: tesseract -l por /tmp/tmpnnmtrw53.png stdout tsv
21:57:43 INFO     command: tesseract --psm 0 -l osd /tmp/tmp67weuyw0.png stdout
21:57:43 INFO     command: tesseract -l por /tmp/tmp67weuyw0.png stdout tsv
21:57:46 INFO     command: tesseract --psm 0 -l osd /tmp/tmp0o5xfco6.png stdout
21:57:46 INFO     command: tesseract -l por /tmp/tmp0o5xfco6.png stdout tsv
21:57:49 INFO     command: tesseract --psm 0 -l osd /tmp/tmp498ym1e3.png stdout
21:57:49 INFO     command: tesseract -l por /tmp/tmp498ym1e3.png stdout tsv
21:57:52 INFO     command: tesseract --psm 0 -l osd /tmp/tmp9m6xrh3d.png stdout
21:57:53 INFO     command: tesseract -l por /tmp/tmp9m6xrh3d.png stdout tsv
21:58:05 INFO     command: tesseract --psm 0 -l osd /tmp/tmpokrqfmit.png stdout
21:58:06 INFO     command: tesseract -l por /tmp/tmpokrqfmit.png stdout tsv
21:58:09 INFO     Finished converting document agu_ptd_2025_2027_docdiretivo_assinado_assinado_assinado-copia_tarjada.pdf in 55.94 sec.
21:58:09 INFO       pixel_budget (Docling) agu_ptd_2025_2027_docdiretivo_assinado_assinado_assinado-copia_tarjada.pdf: 2.1% (área tabelas/5513330 px²)
21:58:09 INFO     [2/15] ✓ AGU       :    6 entregas | 55.9s | ETA ~9min
21:58:09 INFO     [3/15] → anexo-de-entregas-mcom_ptd-25_27-copia_tarjada.pdf
21:58:09 INFO     detected formats: [<InputFormat.PDF: 'pdf'>]
21:58:09 INFO     Going to convert document batch...
21:58:09 INFO     Processing document anexo-de-entregas-mcom_ptd-25_27-copia_tarjada.pdf
21:58:10 INFO     command: tesseract --psm 0 -l osd /tmp/tmp1k3u3647.png stdout
21:58:11 INFO     command: tesseract -l por /tmp/tmp1k3u3647.png stdout tsv
21:58:14 INFO     command: tesseract --psm 0 -l osd /tmp/tmpz75wtqkb.png stdout
21:58:15 INFO     command: tesseract -l por /tmp/tmpz75wtqkb.png stdout tsv
21:58:28 INFO     command: tesseract --psm 0 -l osd /tmp/tmp0w4f2dbx.png stdout
21:58:29 INFO     command: tesseract -l por /tmp/tmp0w4f2dbx.png stdout tsv
21:58:49 INFO     Finished converting document anexo-de-entregas-mcom_ptd-25_27-copia_tarjada.pdf in 39.35 sec.
21:58:49 INFO       pixel_budget (Docling) anexo-de-entregas-mcom_ptd-25_27-copia_tarjada.pdf: 55.2% (área tabelas/1503636 px²)
21:58:49 INFO     [3/15] ✓ MCOM      :   55 entregas | 39.4s | ETA ~8min
21:58:49 INFO     [4/15] → documento-diretivo-mcom-_-ptd-25_27-copia_tarjada.pdf
21:58:49 INFO     detected formats: [<InputFormat.PDF: 'pdf'>]
21:58:49 INFO     Going to convert document batch...
21:58:49 INFO     Processing document documento-diretivo-mcom-_-ptd-25_27-copia_tarjada.pdf
21:58:49 INFO     command: tesseract --psm 0 -l osd /tmp/tmp9w0h1fa1.png stdout
21:58:50 INFO     command: tesseract -l por /tmp/tmp9w0h1fa1.png stdout tsv
21:58:52 INFO     command: tesseract --psm 0 -l osd /tmp/tmp2rym1sld.png stdout
21:58:54 INFO     command: tesseract -l por /tmp/tmp2rym1sld.png stdout tsv
21:59:00 INFO     command: tesseract --psm 0 -l osd /tmp/tmp5vwz068m.png stdout
21:59:01 INFO     command: tesseract -l por /tmp/tmp5vwz068m.png stdout tsv
21:59:02 INFO     command: tesseract --psm 0 -l osd /tmp/tmprfbn_9c2.png stdout
21:59:03 INFO     command: tesseract -l por /tmp/tmprfbn_9c2.png stdout tsv
21:59:05 INFO     command: tesseract --psm 0 -l osd /tmp/tmpn2eke5kr.png stdout
21:59:05 INFO     command: tesseract -l por /tmp/tmpn2eke5kr.png stdout tsv
21:59:08 INFO     command: tesseract --psm 0 -l osd /tmp/tmppykiyjvq.png stdout
21:59:09 INFO     command: tesseract -l por /tmp/tmppykiyjvq.png stdout tsv
21:59:26 INFO     command: tesseract --psm 0 -l osd /tmp/tmp45ultsv5.png stdout
21:59:27 INFO     command: tesseract -l por /tmp/tmp45ultsv5.png stdout tsv
21:59:29 INFO     command: tesseract --psm 0 -l osd /tmp/tmppjhiz5kh.png stdout
21:59:30 INFO     command: tesseract -l por /tmp/tmppjhiz5kh.png stdout tsv
21:59:32 INFO     command: tesseract --psm 0 -l osd /tmp/tmpqrq8ml9d.png stdout
21:59:33 INFO     command: tesseract -l por /tmp/tmpqrq8ml9d.png stdout tsv
21:59:35 INFO     command: tesseract --psm 0 -l osd /tmp/tmpdnxcgfme.png stdout
21:59:36 INFO     command: tesseract -l por /tmp/tmpdnxcgfme.png stdout tsv
21:59:42 INFO     command: tesseract --psm 0 -l osd /tmp/tmpdn8rv35a.png stdout
21:59:43 INFO     command: tesseract -l por /tmp/tmpdn8rv35a.png stdout tsv
21:59:48 INFO     command: tesseract --psm 0 -l osd /tmp/tmpe86dyma2.png stdout
21:59:49 INFO     command: tesseract -l por /tmp/tmpe86dyma2.png stdout tsv
21:59:51 INFO     command: tesseract --psm 0 -l osd /tmp/tmpl3q8j30b.png stdout
21:59:51 INFO     command: tesseract -l por /tmp/tmpl3q8j30b.png stdout tsv
21:59:53 INFO     command: tesseract --psm 0 -l osd /tmp/tmpnto5468w.png stdout
21:59:54 INFO     command: tesseract -l por /tmp/tmpnto5468w.png stdout tsv
22:00:00 INFO     Finished converting document documento-diretivo-mcom-_-ptd-25_27-copia_tarjada.pdf in 71.67 sec.
22:00:00 INFO       pixel_budget (Docling) documento-diretivo-mcom-_-ptd-25_27-copia_tarjada.pdf: 10.8% (área tabelas/7016966 px²)
22:00:00 WARNING  [4/15] ⚠ MCOM      :    0 entregas | 71.7s | ETA ~8min
22:00:00 INFO     [5/15] → fiocruz-ptd-06_2024-copia_tarjada.pdf
22:00:00 INFO     detected formats: [<InputFormat.PDF: 'pdf'>]
22:00:00 INFO     Going to convert document batch...
22:00:00 INFO     Initializing pipeline for StandardPdfPipeline with options hash d18651824ca6fe56cf3ccb20424ac2c8
22:00:00 INFO     Accelerator device: 'cpu'
22:00:01 INFO     HTTP Request: GET https://huggingface.co/api/models/docling-project/docling-layout-heron/revision/main "HTTP/1.1 200 OK"
22:00:01 INFO     HTTP Request: GET https://huggingface.co/api/models/docling-project/docling-models/revision/v2.3.0 "HTTP/1.1 200 OK"
22:00:01 INFO     Accelerator device: 'cpu'
22:00:02 INFO     Processing document fiocruz-ptd-06_2024-copia_tarjada.pdf
22:01:10 INFO     Finished converting document fiocruz-ptd-06_2024-copia_tarjada.pdf in 69.71 sec.
22:01:10 INFO       pixel_budget (Docling) fiocruz-ptd-06_2024-copia_tarjada.pdf: 36.4% (área tabelas/7518178 px²)
22:01:10 WARNING  [5/15] ⚠ FIOCRUZ   :    0 entregas | 69.8s | ETA ~8min
22:01:10 INFO     [6/15] → fiocruz_novo-ptd_2-1_docdiretivo_repactuacao_2024-2026_assinado_assinado-copia_tarjada.pdf
22:01:10 INFO     detected formats: [<InputFormat.PDF: 'pdf'>]
22:01:10 INFO     Going to convert document batch...
22:01:10 INFO     Processing document fiocruz_novo-ptd_2-1_docdiretivo_repactuacao_2024-2026_assinado_assinado-copia_tarjada.pdf
22:01:28 INFO     Finished converting document fiocruz_novo-ptd_2-1_docdiretivo_repactuacao_2024-2026_assinado_assinado-copia_tarjada.pdf in 18.04 sec.
22:01:28 INFO       pixel_budget (Docling) fiocruz_novo-ptd_2-1_docdiretivo_repactuacao_2024-2026_assinado_assinado-copia_tarjada.pdf: 11.3% (área tabelas/5012118 px²)
22:01:28 WARNING  [6/15] ⚠ FIOCRUZ   :    0 entregas | 18.0s | ETA ~7min
22:01:28 INFO     [7/15] → fiocruz_ptd_anexo_de_entregas_assinado_v1_assinado_assinado-1-copia_tarjada.pdf
22:01:28 INFO     detected formats: [<InputFormat.PDF: 'pdf'>]
22:01:28 INFO     Going to convert document batch...
22:01:28 INFO     Processing document fiocruz_ptd_anexo_de_entregas_assinado_v1_assinado_assinado-1-copia_tarjada.pdf
22:02:01 INFO     Finished converting document fiocruz_ptd_anexo_de_entregas_assinado_v1_assinado_assinado-1-copia_tarjada.pdf in 33.11 sec.
22:02:01 INFO       pixel_budget (Docling) fiocruz_ptd_anexo_de_entregas_assinado_v1_assinado_assinado-1-copia_tarjada.pdf: 54.7% (área tabelas/2004847 px²)
22:02:01 INFO     [7/15] ✓ FIOCRUZ   :   62 entregas | 33.1s | ETA ~6min
22:02:01 INFO     [8/15] → funai_anexo_de_entregas_repactuado_2026_2027_assinado_assinado_assinado.pdf
22:02:01 INFO     detected formats: [<InputFormat.PDF: 'pdf'>]
22:02:01 INFO     Going to convert document batch...
22:02:01 INFO     Processing document funai_anexo_de_entregas_repactuado_2026_2027_assinado_assinado_assinado.pdf
22:02:02 INFO     command: tesseract --psm 0 -l osd /tmp/tmpyzo3wckl.png stdout
22:02:03 INFO     command: tesseract -l por /tmp/tmpyzo3wckl.png stdout tsv
22:02:16 INFO     Finished converting document funai_anexo_de_entregas_repactuado_2026_2027_assinado_assinado_assinado.pdf in 15.00 sec.
22:02:16 INFO       pixel_budget (Docling) funai_anexo_de_entregas_repactuado_2026_2027_assinado_assinado_assinado.pdf: 49.8% (área tabelas/501212 px²)
22:02:16 INFO     [8/15] ✓ FUNAI     :   22 entregas | 15.0s | ETA ~4min
22:02:16 INFO     [9/15] → funai_ptd_2025_2027_docdiretivo_assinado-1_tarjado.pdf
22:02:16 INFO     detected formats: [<InputFormat.PDF: 'pdf'>]
22:02:16 INFO     Going to convert document batch...
22:02:16 INFO     Processing document funai_ptd_2025_2027_docdiretivo_assinado-1_tarjado.pdf
22:02:18 INFO     command: tesseract --psm 0 -l osd /tmp/tmpdf3fjbg3.png stdout
22:02:18 INFO     command: tesseract -l por /tmp/tmpdf3fjbg3.png stdout tsv
22:02:20 INFO     command: tesseract --psm 0 -l osd /tmp/tmpb6j6skwv.png stdout
22:02:21 INFO     command: tesseract -l por /tmp/tmpb6j6skwv.png stdout tsv
22:02:25 INFO     command: tesseract --psm 0 -l osd /tmp/tmp42uxmra3.png stdout
22:02:26 INFO     command: tesseract -l por /tmp/tmp42uxmra3.png stdout tsv
22:02:27 INFO     command: tesseract --psm 0 -l osd /tmp/tmpbnl688z7.png stdout
22:02:28 INFO     command: tesseract -l por /tmp/tmpbnl688z7.png stdout tsv
22:02:30 INFO     command: tesseract --psm 0 -l osd /tmp/tmpcuqw1i8i.png stdout
22:02:31 INFO     command: tesseract -l por /tmp/tmpcuqw1i8i.png stdout tsv
22:02:33 INFO     command: tesseract --psm 0 -l osd /tmp/tmp52ygf478.png stdout
22:02:34 INFO     command: tesseract -l por /tmp/tmp52ygf478.png stdout tsv
22:02:45 INFO     command: tesseract --psm 0 -l osd /tmp/tmp0s3ezyz3.png stdout
22:02:46 INFO     command: tesseract -l por /tmp/tmp0s3ezyz3.png stdout tsv
22:02:47 INFO     command: tesseract --psm 0 -l osd /tmp/tmpyggj_69u.png stdout
22:02:48 INFO     command: tesseract -l por /tmp/tmpyggj_69u.png stdout tsv
22:02:49 INFO     command: tesseract --psm 0 -l osd /tmp/tmpr_6g10g3.png stdout
22:02:50 INFO     command: tesseract -l por /tmp/tmpr_6g10g3.png stdout tsv
22:02:52 INFO     command: tesseract --psm 0 -l osd /tmp/tmpbj06bb8h.png stdout
22:02:53 INFO     command: tesseract -l por /tmp/tmpbj06bb8h.png stdout tsv
22:03:09 INFO     command: tesseract --psm 0 -l osd /tmp/tmpaek2qw87.png stdout
22:03:10 INFO     command: tesseract -l por /tmp/tmpaek2qw87.png stdout tsv
22:03:15 INFO     command: tesseract --psm 0 -l osd /tmp/tmpsvpf_37k.png stdout
22:03:16 INFO     command: tesseract -l por /tmp/tmpsvpf_37k.png stdout tsv
22:03:18 INFO     command: tesseract --psm 0 -l osd /tmp/tmpv_ns1fhx.png stdout
22:03:18 INFO     command: tesseract -l por /tmp/tmpv_ns1fhx.png stdout tsv
22:03:25 INFO     Finished converting document funai_ptd_2025_2027_docdiretivo_assinado-1_tarjado.pdf in 68.30 sec.
22:03:25 INFO       pixel_budget (Docling) funai_ptd_2025_2027_docdiretivo_assinado-1_tarjado.pdf: 16.4% (área tabelas/6515754 px²)
22:03:25 INFO     [9/15] ✓ FUNAI     :    8 entregas | 68.3s | ETA ~4min
22:03:25 INFO     [10/15] → incra_anexo_de_entregas_assinado-1_assinado_assinado-copia_tarjada.pdf
22:03:25 INFO     detected formats: [<InputFormat.PDF: 'pdf'>]
22:03:25 INFO     Going to convert document batch...
22:03:25 INFO     Processing document incra_anexo_de_entregas_assinado-1_assinado_assinado-copia_tarjada.pdf
22:03:26 INFO     command: tesseract --psm 0 -l osd /tmp/tmph2vwpth0.png stdout
22:03:27 INFO     command: tesseract -l por /tmp/tmph2vwpth0.png stdout tsv
22:03:29 INFO     command: tesseract --psm 0 -l osd /tmp/tmp0rrssr8e.png stdout
22:03:31 INFO     command: tesseract -l por /tmp/tmp0rrssr8e.png stdout tsv
22:03:41 INFO     command: tesseract --psm 0 -l osd /tmp/tmp0wdcas41.png stdout
22:03:42 INFO     command: tesseract -l por /tmp/tmp0wdcas41.png stdout tsv
22:03:43 INFO     command: tesseract --psm 0 -l osd /tmp/tmp03me27ns.png stdout
22:03:44 INFO     command: tesseract -l por /tmp/tmp03me27ns.png stdout tsv
22:03:46 INFO     command: tesseract --psm 0 -l osd /tmp/tmpmzzp2yvd.png stdout
22:03:47 INFO     command: tesseract -l por /tmp/tmpmzzp2yvd.png stdout tsv
22:05:17 INFO     Finished converting document incra_anexo_de_entregas_assinado-1_assinado_assinado-copia_tarjada.pdf in 112.26 sec.
22:05:17 INFO       pixel_budget (Docling) incra_anexo_de_entregas_assinado-1_assinado_assinado-copia_tarjada.pdf: 30.0% (área tabelas/2423520 px²)
22:05:17 INFO     [10/15] ✓ INCRA     :   11 entregas | 112.3s | ETA ~4min
22:05:17 INFO     [11/15] → incra_ptd_docdiretivo__assinado-1_assinado_assinado-copia_tarjada.pdf
22:05:17 INFO     detected formats: [<InputFormat.PDF: 'pdf'>]
22:05:17 INFO     Going to convert document batch...
22:05:17 INFO     Processing document incra_ptd_docdiretivo__assinado-1_assinado_assinado-copia_tarjada.pdf
22:05:18 INFO     command: tesseract --psm 0 -l osd /tmp/tmpbgba2b7d.png stdout
22:05:19 INFO     command: tesseract -l por /tmp/tmpbgba2b7d.png stdout tsv
22:05:21 INFO     command: tesseract --psm 0 -l osd /tmp/tmpny4algbm.png stdout
22:05:22 INFO     command: tesseract -l por /tmp/tmpny4algbm.png stdout tsv
22:05:28 INFO     command: tesseract --psm 0 -l osd /tmp/tmpm7ux6szy.png stdout
22:05:28 INFO     command: tesseract -l por /tmp/tmpm7ux6szy.png stdout tsv
22:05:30 INFO     command: tesseract --psm 0 -l osd /tmp/tmpoi7uku5f.png stdout
22:05:31 INFO     command: tesseract -l por /tmp/tmpoi7uku5f.png stdout tsv
22:05:33 INFO     command: tesseract --psm 0 -l osd /tmp/tmplem5nhqq.png stdout
22:05:33 INFO     command: tesseract -l por /tmp/tmplem5nhqq.png stdout tsv
22:05:36 INFO     command: tesseract --psm 0 -l osd /tmp/tmpzzn3h0dn.png stdout
22:05:37 INFO     command: tesseract -l por /tmp/tmpzzn3h0dn.png stdout tsv
22:05:53 INFO     command: tesseract --psm 0 -l osd /tmp/tmptuolub_y.png stdout
22:05:54 INFO     command: tesseract -l por /tmp/tmptuolub_y.png stdout tsv
22:05:56 INFO     command: tesseract --psm 0 -l osd /tmp/tmpgwi_oif3.png stdout
22:05:56 INFO     command: tesseract -l por /tmp/tmpgwi_oif3.png stdout tsv
22:05:58 INFO     command: tesseract --psm 0 -l osd /tmp/tmpant_9h0v.png stdout
22:05:59 INFO     command: tesseract -l por /tmp/tmpant_9h0v.png stdout tsv
22:06:01 INFO     command: tesseract --psm 0 -l osd /tmp/tmpl4nxql_h.png stdout
22:06:02 INFO     command: tesseract -l por /tmp/tmpl4nxql_h.png stdout tsv
22:06:06 INFO     command: tesseract --psm 0 -l osd /tmp/tmpomh5uv42.png stdout
22:06:07 INFO     command: tesseract -l por /tmp/tmpomh5uv42.png stdout tsv
22:06:17 INFO     command: tesseract --psm 0 -l osd /tmp/tmpopmntbnp.png stdout
22:06:17 INFO     command: tesseract -l por /tmp/tmpopmntbnp.png stdout tsv
22:06:20 INFO     command: tesseract --psm 0 -l osd /tmp/tmp64_04q61.png stdout
22:06:21 INFO     command: tesseract -l por /tmp/tmp64_04q61.png stdout tsv
22:06:28 INFO     Finished converting document incra_ptd_docdiretivo__assinado-1_assinado_assinado-copia_tarjada.pdf in 71.15 sec.
22:06:28 INFO       pixel_budget (Docling) incra_ptd_docdiretivo__assinado-1_assinado_assinado-copia_tarjada.pdf: 20.2% (área tabelas/6515754 px²)
22:06:28 INFO     [11/15] ✓ INCRA     :    9 entregas | 71.2s | ETA ~3min
22:06:28 INFO     [12/15] → iti_anexo_de_entregas_assinado.pdf
22:06:28 INFO     detected formats: [<InputFormat.PDF: 'pdf'>]
22:06:28 INFO     Going to convert document batch...
22:06:28 INFO     Processing document iti_anexo_de_entregas_assinado.pdf
22:06:29 INFO     command: tesseract --psm 0 -l osd /tmp/tmpetncuzs2.png stdout
22:06:30 INFO     command: tesseract -l por /tmp/tmpetncuzs2.png stdout tsv
22:06:46 INFO     Finished converting document iti_anexo_de_entregas_assinado.pdf in 17.69 sec.
22:06:46 INFO       pixel_budget (Docling) iti_anexo_de_entregas_assinado.pdf: 57.2% (área tabelas/501212 px²)
22:06:46 INFO     [12/15] ✓ ITI       :   31 entregas | 17.7s | ETA ~2min
22:06:46 INFO     [13/15] → iti_doc_diretivo_assinado-1_tarjado.pdf
22:06:46 INFO     detected formats: [<InputFormat.PDF: 'pdf'>]
22:06:46 INFO     Going to convert document batch...
22:06:46 INFO     Processing document iti_doc_diretivo_assinado-1_tarjado.pdf
22:06:47 INFO     command: tesseract --psm 0 -l osd /tmp/tmpzse2dy57.png stdout
22:06:47 INFO     command: tesseract -l por /tmp/tmpzse2dy57.png stdout tsv
22:06:49 INFO     command: tesseract --psm 0 -l osd /tmp/tmpw6uiia17.png stdout
22:06:51 INFO     command: tesseract -l por /tmp/tmpw6uiia17.png stdout tsv
22:06:54 INFO     command: tesseract --psm 0 -l osd /tmp/tmpfst24hqr.png stdout
22:06:55 INFO     command: tesseract -l por /tmp/tmpfst24hqr.png stdout tsv
22:06:57 INFO     command: tesseract --psm 0 -l osd /tmp/tmpfq5gkksw.png stdout
22:06:57 INFO     command: tesseract -l por /tmp/tmpfq5gkksw.png stdout tsv
22:06:59 INFO     command: tesseract --psm 0 -l osd /tmp/tmptx2v332d.png stdout
22:07:00 INFO     command: tesseract -l por /tmp/tmptx2v332d.png stdout tsv
22:07:02 INFO     command: tesseract --psm 0 -l osd /tmp/tmpt8hk_8t4.png stdout
22:07:03 INFO     command: tesseract -l por /tmp/tmpt8hk_8t4.png stdout tsv
22:07:19 INFO     command: tesseract --psm 0 -l osd /tmp/tmproz0tpna.png stdout
22:07:20 INFO     command: tesseract -l por /tmp/tmproz0tpna.png stdout tsv
22:07:22 INFO     command: tesseract --psm 0 -l osd /tmp/tmpy6s5zurz.png stdout
22:07:22 INFO     command: tesseract -l por /tmp/tmpy6s5zurz.png stdout tsv
22:07:25 INFO     command: tesseract --psm 0 -l osd /tmp/tmpwmmg151_.png stdout
22:07:25 INFO     command: tesseract -l por /tmp/tmpwmmg151_.png stdout tsv
22:07:27 INFO     command: tesseract --psm 0 -l osd /tmp/tmpp_1yf90s.png stdout
22:07:29 INFO     command: tesseract -l por /tmp/tmpp_1yf90s.png stdout tsv
22:07:38 INFO     command: tesseract --psm 0 -l osd /tmp/tmpusf6_rly.png stdout
22:07:39 INFO     command: tesseract -l por /tmp/tmpusf6_rly.png stdout tsv
22:07:45 INFO     Finished converting document iti_doc_diretivo_assinado-1_tarjado.pdf in 58.89 sec.
22:07:45 INFO       pixel_budget (Docling) iti_doc_diretivo_assinado-1_tarjado.pdf: 8.0% (área tabelas/5516339 px²)
22:07:45 INFO     [13/15] ✓ ITI       :    6 entregas | 58.9s | ETA ~1min
22:07:45 INFO     [14/15] → sgpr_ptd_2025_2027_anexo_de_entregas_assinado-copia_tarjada.pdf
22:07:45 INFO     detected formats: [<InputFormat.PDF: 'pdf'>]
22:07:45 INFO     Going to convert document batch...
22:07:45 INFO     Processing document sgpr_ptd_2025_2027_anexo_de_entregas_assinado-copia_tarjada.pdf
22:07:46 INFO     command: tesseract --psm 0 -l osd /tmp/tmpcjnq6ztq.png stdout
22:07:46 INFO     command: tesseract -l por /tmp/tmpcjnq6ztq.png stdout tsv
22:07:49 INFO     command: tesseract --psm 0 -l osd /tmp/tmpdqmabyfq.png stdout
22:07:50 INFO     command: tesseract -l por /tmp/tmpdqmabyfq.png stdout tsv
22:08:04 INFO     Finished converting document sgpr_ptd_2025_2027_anexo_de_entregas_assinado-copia_tarjada.pdf in 19.16 sec.
22:08:04 INFO       pixel_budget (Docling) sgpr_ptd_2025_2027_anexo_de_entregas_assinado-copia_tarjada.pdf: 29.5% (área tabelas/1002424 px²)
22:08:04 INFO     [14/15] ✓ SGPR      :   18 entregas | 19.2s | ETA ~49s
22:08:04 INFO     [15/15] → sgpr_ptd_2026_2027_docdiretivo_assinado-copia_tarjada.pdf
22:08:04 INFO     detected formats: [<InputFormat.PDF: 'pdf'>]
22:08:04 INFO     Going to convert document batch...
22:08:04 INFO     Processing document sgpr_ptd_2026_2027_docdiretivo_assinado-copia_tarjada.pdf
22:08:24 INFO     Finished converting document sgpr_ptd_2026_2027_docdiretivo_assinado-copia_tarjada.pdf in 19.77 sec.
22:08:24 INFO       pixel_budget (Docling) sgpr_ptd_2026_2027_docdiretivo_assinado-copia_tarjada.pdf: 8.2% (área tabelas/5513330 px²)
22:08:24 WARNING  [15/15] ⚠ SGPR      :    0 entregas | 19.8s | ETA ~0s
22:08:24 INFO     261 registros | 7 órgãos
22:08:24 INFO     ╔══════════════════════════════════════════════════════════════╗
22:08:24 INFO     ║                  ENTREGAS — fase concluída                   ║
22:08:24 INFO     ║  Processados: 15    |  ✓ 11  ⚠ 4                             ║
22:08:24 INFO     ║  Duração: 11.6 min                                           ║
22:08:24 INFO     ║  261 registros | 7 órgãos                                    ║
22:08:24 INFO     ╚══════════════════════════════════════════════════════════════╝
22:08:24 INFO     [1/7] → agu_ptd_2025_2027_docdiretivo_assinado_assinado_assinado-copia_tarjada.pdf
22:08:24 INFO     detected formats: [<InputFormat.PDF: 'pdf'>]
22:08:24 INFO     Going to convert document batch...
22:08:24 INFO     Processing document agu_ptd_2025_2027_docdiretivo_assinado_assinado_assinado-copia_tarjada.pdf
22:08:24 INFO     command: tesseract --psm 0 -l osd /tmp/tmpkrvjbrhp.png stdout
22:08:25 INFO     command: tesseract -l por /tmp/tmpkrvjbrhp.png stdout tsv
22:08:27 INFO     command: tesseract --psm 0 -l osd /tmp/tmpw0xza8w1.png stdout
22:08:28 INFO     command: tesseract -l por /tmp/tmpw0xza8w1.png stdout tsv
22:08:31 INFO     command: tesseract --psm 0 -l osd /tmp/tmp3y8gjqi7.png stdout
22:08:32 INFO     command: tesseract -l por /tmp/tmp3y8gjqi7.png stdout tsv
22:08:34 INFO     command: tesseract --psm 0 -l osd /tmp/tmpo183t7ff.png stdout
22:08:35 INFO     command: tesseract -l por /tmp/tmpo183t7ff.png stdout tsv
22:08:37 INFO     command: tesseract --psm 0 -l osd /tmp/tmpm296cyzq.png stdout
22:08:38 INFO     command: tesseract -l por /tmp/tmpm296cyzq.png stdout tsv
22:08:40 INFO     command: tesseract --psm 0 -l osd /tmp/tmpkkz_k60j.png stdout
22:08:41 INFO     command: tesseract -l por /tmp/tmpkkz_k60j.png stdout tsv
22:08:52 INFO     command: tesseract --psm 0 -l osd /tmp/tmpgfdmiyfk.png stdout
22:08:53 INFO     command: tesseract -l por /tmp/tmpgfdmiyfk.png stdout tsv
22:08:55 INFO     command: tesseract --psm 0 -l osd /tmp/tmphritbhfh.png stdout
22:08:56 INFO     command: tesseract -l por /tmp/tmphritbhfh.png stdout tsv
22:08:58 INFO     command: tesseract --psm 0 -l osd /tmp/tmp9qo0w35e.png stdout
22:08:59 INFO     command: tesseract -l por /tmp/tmp9qo0w35e.png stdout tsv
22:09:01 INFO     command: tesseract --psm 0 -l osd /tmp/tmp_u63n4s5.png stdout
22:09:02 INFO     command: tesseract -l por /tmp/tmp_u63n4s5.png stdout tsv
22:09:18 INFO     command: tesseract --psm 0 -l osd /tmp/tmpe42r9dcp.png stdout
22:09:19 INFO     command: tesseract -l por /tmp/tmpe42r9dcp.png stdout tsv
22:09:22 INFO     Finished converting document agu_ptd_2025_2027_docdiretivo_assinado_assinado_assinado-copia_tarjada.pdf in 58.56 sec.
22:09:22 INFO     [1/7] ✓ AGU       :   7 riscos | 58.6s | ETA ~5min
22:09:22 INFO     [2/7] → documento-diretivo-mcom-_-ptd-25_27-copia_tarjada.pdf
22:09:22 INFO     detected formats: [<InputFormat.PDF: 'pdf'>]
22:09:22 INFO     Going to convert document batch...
22:09:22 INFO     Processing document documento-diretivo-mcom-_-ptd-25_27-copia_tarjada.pdf
22:09:23 INFO     command: tesseract --psm 0 -l osd /tmp/tmp4iukt3ud.png stdout
22:09:23 INFO     command: tesseract -l por /tmp/tmp4iukt3ud.png stdout tsv
22:09:26 INFO     command: tesseract --psm 0 -l osd /tmp/tmp1w2romuy.png stdout
22:09:27 INFO     command: tesseract -l por /tmp/tmp1w2romuy.png stdout tsv
22:09:33 INFO     command: tesseract --psm 0 -l osd /tmp/tmphbg5_rcc.png stdout
22:09:34 INFO     command: tesseract -l por /tmp/tmphbg5_rcc.png stdout tsv
22:09:35 INFO     command: tesseract --psm 0 -l osd /tmp/tmp597j8o_r.png stdout
22:09:35 INFO     command: tesseract -l por /tmp/tmp597j8o_r.png stdout tsv
22:09:37 INFO     command: tesseract --psm 0 -l osd /tmp/tmpjyo_o0rq.png stdout
22:09:38 INFO     command: tesseract -l por /tmp/tmpjyo_o0rq.png stdout tsv
22:09:41 INFO     command: tesseract --psm 0 -l osd /tmp/tmphmtensoq.png stdout
22:09:42 INFO     command: tesseract -l por /tmp/tmphmtensoq.png stdout tsv
22:09:54 INFO     command: tesseract --psm 0 -l osd /tmp/tmp8duzwh01.png stdout
22:09:55 INFO     command: tesseract -l por /tmp/tmp8duzwh01.png stdout tsv
22:09:59 INFO     command: tesseract --psm 0 -l osd /tmp/tmpslkelmnb.png stdout
22:09:59 INFO     command: tesseract -l por /tmp/tmpslkelmnb.png stdout tsv
22:10:02 INFO     command: tesseract --psm 0 -l osd /tmp/tmpzjczdiqq.png stdout
22:10:03 INFO     command: tesseract -l por /tmp/tmpzjczdiqq.png stdout tsv
22:10:05 INFO     command: tesseract --psm 0 -l osd /tmp/tmphkrdmp6a.png stdout
22:10:06 INFO     command: tesseract -l por /tmp/tmphkrdmp6a.png stdout tsv
22:10:13 INFO     command: tesseract --psm 0 -l osd /tmp/tmpnku9irvd.png stdout
22:10:14 INFO     command: tesseract -l por /tmp/tmpnku9irvd.png stdout tsv
22:10:18 INFO     command: tesseract --psm 0 -l osd /tmp/tmpwf4k7o7i.png stdout
22:10:19 INFO     command: tesseract -l por /tmp/tmpwf4k7o7i.png stdout tsv
22:10:21 INFO     command: tesseract --psm 0 -l osd /tmp/tmpqb35t4jo.png stdout
22:10:21 INFO     command: tesseract -l por /tmp/tmpqb35t4jo.png stdout tsv
22:10:23 INFO     command: tesseract --psm 0 -l osd /tmp/tmph2h1tqpq.png stdout
22:10:24 INFO     command: tesseract -l por /tmp/tmph2h1tqpq.png stdout tsv
22:10:31 INFO     Finished converting document documento-diretivo-mcom-_-ptd-25_27-copia_tarjada.pdf in 68.45 sec.
22:10:31 INFO     [2/7] ✓ MCOM      :  14 riscos | 68.5s | ETA ~5min
22:10:31 INFO     [3/7] → fiocruz_novo-ptd_2-1_docdiretivo_repactuacao_2024-2026_assinado_assinado-copia_tarjada.pdf
22:10:31 INFO     detected formats: [<InputFormat.PDF: 'pdf'>]
22:10:31 INFO     Going to convert document batch...
22:10:31 INFO     Processing document fiocruz_novo-ptd_2-1_docdiretivo_repactuacao_2024-2026_assinado_assinado-copia_tarjada.pdf
22:10:48 INFO     Finished converting document fiocruz_novo-ptd_2-1_docdiretivo_repactuacao_2024-2026_assinado_assinado-copia_tarjada.pdf in 17.65 sec.
22:10:48 INFO     [3/7] ✓ FIOCRUZ   :   6 riscos | 17.7s | ETA ~3min
22:10:48 INFO     [4/7] → funai_ptd_2025_2027_docdiretivo_assinado-1_tarjado.pdf
22:10:48 INFO     detected formats: [<InputFormat.PDF: 'pdf'>]
22:10:48 INFO     Going to convert document batch...
22:10:48 INFO     Processing document funai_ptd_2025_2027_docdiretivo_assinado-1_tarjado.pdf
22:10:50 INFO     command: tesseract --psm 0 -l osd /tmp/tmplumqess6.png stdout
22:10:50 INFO     command: tesseract -l por /tmp/tmplumqess6.png stdout tsv
22:10:52 INFO     command: tesseract --psm 0 -l osd /tmp/tmpttruemx5.png stdout
22:10:53 INFO     command: tesseract -l por /tmp/tmpttruemx5.png stdout tsv
22:10:56 INFO     command: tesseract --psm 0 -l osd /tmp/tmp4557in1a.png stdout
22:10:57 INFO     command: tesseract -l por /tmp/tmp4557in1a.png stdout tsv
22:10:59 INFO     command: tesseract --psm 0 -l osd /tmp/tmp3i4m2wnd.png stdout
22:11:00 INFO     command: tesseract -l por /tmp/tmp3i4m2wnd.png stdout tsv
22:11:02 INFO     command: tesseract --psm 0 -l osd /tmp/tmplvgtczx9.png stdout
22:11:02 INFO     command: tesseract -l por /tmp/tmplvgtczx9.png stdout tsv
22:11:05 INFO     command: tesseract --psm 0 -l osd /tmp/tmpzxcew165.png stdout
22:11:06 INFO     command: tesseract -l por /tmp/tmpzxcew165.png stdout tsv
22:11:17 INFO     command: tesseract --psm 0 -l osd /tmp/tmpz38hwflv.png stdout
22:11:17 INFO     command: tesseract -l por /tmp/tmpz38hwflv.png stdout tsv
22:11:19 INFO     command: tesseract --psm 0 -l osd /tmp/tmpdsai7ls_.png stdout
22:11:19 INFO     command: tesseract -l por /tmp/tmpdsai7ls_.png stdout tsv
22:11:21 INFO     command: tesseract --psm 0 -l osd /tmp/tmpb9x8i19c.png stdout
22:11:21 INFO     command: tesseract -l por /tmp/tmpb9x8i19c.png stdout tsv
22:11:23 INFO     command: tesseract --psm 0 -l osd /tmp/tmpiy2wvd8d.png stdout
22:11:24 INFO     command: tesseract -l por /tmp/tmpiy2wvd8d.png stdout tsv
22:11:38 INFO     command: tesseract --psm 0 -l osd /tmp/tmpa15hbryq.png stdout
22:11:39 INFO     command: tesseract -l por /tmp/tmpa15hbryq.png stdout tsv
22:11:46 INFO     command: tesseract --psm 0 -l osd /tmp/tmpdh18qe78.png stdout
22:11:47 INFO     command: tesseract -l por /tmp/tmpdh18qe78.png stdout tsv
22:11:48 INFO     command: tesseract --psm 0 -l osd /tmp/tmp0j7rqxhm.png stdout
22:11:49 INFO     command: tesseract -l por /tmp/tmp0j7rqxhm.png stdout tsv
22:11:56 INFO     Finished converting document funai_ptd_2025_2027_docdiretivo_assinado-1_tarjado.pdf in 67.22 sec.
22:11:56 INFO     [4/7] ✓ FUNAI     :  15 riscos | 67.2s | ETA ~2min
22:11:56 INFO     [5/7] → incra_ptd_docdiretivo__assinado-1_assinado_assinado-copia_tarjada.pdf
22:11:56 INFO     detected formats: [<InputFormat.PDF: 'pdf'>]
22:11:56 INFO     Going to convert document batch...
22:11:56 INFO     Processing document incra_ptd_docdiretivo__assinado-1_assinado_assinado-copia_tarjada.pdf
22:11:57 INFO     command: tesseract --psm 0 -l osd /tmp/tmpj1pa93eq.png stdout
22:11:57 INFO     command: tesseract -l por /tmp/tmpj1pa93eq.png stdout tsv
22:12:00 INFO     command: tesseract --psm 0 -l osd /tmp/tmpvft4jpf5.png stdout
22:12:01 INFO     command: tesseract -l por /tmp/tmpvft4jpf5.png stdout tsv
22:12:07 INFO     command: tesseract --psm 0 -l osd /tmp/tmpt_aydeu1.png stdout
22:12:07 INFO     command: tesseract -l por /tmp/tmpt_aydeu1.png stdout tsv
22:12:09 INFO     command: tesseract --psm 0 -l osd /tmp/tmpo9gbdfrj.png stdout
22:12:10 INFO     command: tesseract -l por /tmp/tmpo9gbdfrj.png stdout tsv
22:12:12 INFO     command: tesseract --psm 0 -l osd /tmp/tmpv2i88dye.png stdout
22:12:12 INFO     command: tesseract -l por /tmp/tmpv2i88dye.png stdout tsv
22:12:14 INFO     command: tesseract --psm 0 -l osd /tmp/tmpkgeh0sm7.png stdout
22:12:16 INFO     command: tesseract -l por /tmp/tmpkgeh0sm7.png stdout tsv
22:12:27 INFO     command: tesseract --psm 0 -l osd /tmp/tmph4kibmkt.png stdout
22:12:29 INFO     command: tesseract -l por /tmp/tmph4kibmkt.png stdout tsv
22:12:30 INFO     command: tesseract --psm 0 -l osd /tmp/tmp31cxxjox.png stdout
22:12:31 INFO     command: tesseract -l por /tmp/tmp31cxxjox.png stdout tsv
22:12:33 INFO     command: tesseract --psm 0 -l osd /tmp/tmpvyf0y7uo.png stdout
22:12:33 INFO     command: tesseract -l por /tmp/tmpvyf0y7uo.png stdout tsv
22:12:35 INFO     command: tesseract --psm 0 -l osd /tmp/tmphvhgz6q3.png stdout
22:12:36 INFO     command: tesseract -l por /tmp/tmphvhgz6q3.png stdout tsv
22:12:40 INFO     command: tesseract --psm 0 -l osd /tmp/tmp6impypp2.png stdout
22:12:41 INFO     command: tesseract -l por /tmp/tmp6impypp2.png stdout tsv
22:12:47 INFO     command: tesseract --psm 0 -l osd /tmp/tmp08d_13c6.png stdout
22:12:48 INFO     command: tesseract -l por /tmp/tmp08d_13c6.png stdout tsv
22:12:54 INFO     command: tesseract --psm 0 -l osd /tmp/tmp5nn0qiuk.png stdout
22:12:55 INFO     command: tesseract -l por /tmp/tmp5nn0qiuk.png stdout tsv
22:13:02 INFO     Finished converting document incra_ptd_docdiretivo__assinado-1_assinado_assinado-copia_tarjada.pdf in 66.69 sec.
22:13:02 INFO     [5/7] ✓ INCRA     :  15 riscos | 66.7s | ETA ~1min
22:13:02 INFO     [6/7] → iti_doc_diretivo_assinado-1_tarjado.pdf
22:13:02 INFO     detected formats: [<InputFormat.PDF: 'pdf'>]
22:13:02 INFO     Going to convert document batch...
22:13:02 INFO     Processing document iti_doc_diretivo_assinado-1_tarjado.pdf
22:13:03 INFO     command: tesseract --psm 0 -l osd /tmp/tmpxuqz73lf.png stdout
22:13:03 INFO     command: tesseract -l por /tmp/tmpxuqz73lf.png stdout tsv
22:13:06 INFO     command: tesseract --psm 0 -l osd /tmp/tmpevfqenw6.png stdout
22:13:07 INFO     command: tesseract -l por /tmp/tmpevfqenw6.png stdout tsv
22:13:10 INFO     command: tesseract --psm 0 -l osd /tmp/tmptsbblwkm.png stdout
22:13:11 INFO     command: tesseract -l por /tmp/tmptsbblwkm.png stdout tsv
22:13:12 INFO     command: tesseract --psm 0 -l osd /tmp/tmpljzpdtyo.png stdout
22:13:13 INFO     command: tesseract -l por /tmp/tmpljzpdtyo.png stdout tsv
22:13:15 INFO     command: tesseract --psm 0 -l osd /tmp/tmpzt480c_1.png stdout
22:13:16 INFO     command: tesseract -l por /tmp/tmpzt480c_1.png stdout tsv
22:13:18 INFO     command: tesseract --psm 0 -l osd /tmp/tmpk6ent2d6.png stdout
22:13:19 INFO     command: tesseract -l por /tmp/tmpk6ent2d6.png stdout tsv
22:13:35 INFO     command: tesseract --psm 0 -l osd /tmp/tmpg8hv5iii.png stdout
22:13:36 INFO     command: tesseract -l por /tmp/tmpg8hv5iii.png stdout tsv
22:13:38 INFO     command: tesseract --psm 0 -l osd /tmp/tmp8f8t7fuk.png stdout
22:13:39 INFO     command: tesseract -l por /tmp/tmp8f8t7fuk.png stdout tsv
22:13:41 INFO     command: tesseract --psm 0 -l osd /tmp/tmp5nb4_w60.png stdout
22:13:42 INFO     command: tesseract -l por /tmp/tmp5nb4_w60.png stdout tsv
22:13:44 INFO     command: tesseract --psm 0 -l osd /tmp/tmpj_wnkgnt.png stdout
22:13:45 INFO     command: tesseract -l por /tmp/tmpj_wnkgnt.png stdout tsv
22:13:53 INFO     command: tesseract --psm 0 -l osd /tmp/tmp_1hsxl_8.png stdout
22:13:54 INFO     command: tesseract -l por /tmp/tmp_1hsxl_8.png stdout tsv
22:14:01 INFO     Finished converting document iti_doc_diretivo_assinado-1_tarjado.pdf in 58.84 sec.
22:14:01 INFO     [6/7] ✓ ITI       :  14 riscos | 58.8s | ETA ~56s
22:14:01 INFO     [7/7] → sgpr_ptd_2026_2027_docdiretivo_assinado-copia_tarjada.pdf
22:14:01 INFO     detected formats: [<InputFormat.PDF: 'pdf'>]
22:14:01 INFO     Going to convert document batch...
22:14:01 INFO     Processing document sgpr_ptd_2026_2027_docdiretivo_assinado-copia_tarjada.pdf
22:14:21 INFO     Finished converting document sgpr_ptd_2026_2027_docdiretivo_assinado-copia_tarjada.pdf in 20.28 sec.
22:14:21 INFO     [7/7] ✓ SGPR      :  10 riscos | 20.3s | ETA ~0s
22:14:21 INFO     ╔══════════════════════════════════════════════════════════════╗
22:14:21 INFO     ║                   RISCOS — fase concluída                    ║
22:14:21 INFO     ║  Processados: 7     |  ✓ 7  ⚠ 0                              ║
22:14:21 INFO     ║  Duração: 6.0 min                                            ║
22:14:21 INFO     ║  81 riscos | 7 órgãos                                        ║
22:14:21 INFO     ╚══════════════════════════════════════════════════════════════╝
22:14:21 INFO     81 riscos | 0 ações | 135 relações
22:14:22 INFO     ptd_corpus_raw                     : 261 linhas
22:14:22 INFO     ptd_pivot_eixos                    : 7 linhas
22:14:25 INFO     ptd_datas_assinatura               : 132 linhas
22:14:25 INFO     ptd_riscos                         : 81 linhas
22:14:25 INFO     ptd_riscos_acoes                   : 135 linhas
22:14:25 INFO     Manifesto salvo: pipeline_manifest.json | SHA-256 de 132 PDFs
22:14:25 INFO     ==================================================
22:14:25 INFO     PTD-BR v3.0-melhorado — PIPELINE CONCLUÍDO
22:14:25 INFO     ==================================================
22:14:25 INFO     ptd_corpus_raw.csv                        160 KB
22:14:25 INFO     ptd_pivot_eixos.csv                         0 KB
22:14:25 INFO     ptd_datas_assinatura.csv                    9 KB
22:14:25 INFO     ptd_riscos.csv                             23 KB
22:14:25 INFO     ptd_riscos_acoes.csv                        2 KB
22:14:25 INFO     proveniencia.json                           0 KB
22:14:25 INFO     pipeline_manifest.json                     20 KB
22:14:25 INFO     📦 Artefatos: https://github.com/freirelucas/teste/actions/runs/24011191869
22:14:25 INFO     ==================================================
