10:38:04 INFO     Docling disponível
10:38:04 WARNING  OCR fallback indisponível (IndentationError: unexpected indent (ptd_ocr_fallback.py, line 45))
10:38:05 INFO     Ignorado (guia/template/norma): ABNT-NBR-17225-Acessibilidade-Digital.pdf
10:38:05 INFO     Ignorado (guia/template/norma): cgrep-guia10passos-ptd-orgao.pdf
10:38:05 INFO     Ignorado (guia/template/norma): ABNT-NBR-17225-Acessibilidade-Digital.pdf
10:38:05 INFO     Scraping: 132 PDFs únicos | entregas: 68 | diretivos: 61
10:38:05 INFO     Baixando 132 PDFs únicos...
10:38:07 INFO     ✓ [  1/132] abin_ptd_anexo_de_entregas_assinado_pelo_orgao_ass   293.3KB
10:38:12 INFO     ✓ [  2/132] aeb_ptd_2025_2027_docdiretivo_aprovado_assinado-1_  1033.7KB
10:38:14 INFO     ✓ [  3/132] aeb_ptd_2025_2027_anexo_de_entregas_aprovado_assin   154.5KB
10:38:21 INFO     ✓ [  4/132] agu_ptd_2025_2027_docdiretivo_assinado_assinado_as  2860.3KB
10:38:24 INFO     ✓ [  5/132] agu_ptd_2025_2027_anexo_de_entregas_assinado_assin   525.5KB
10:38:27 INFO     ✓ [  6/132] ana_ptd_2025_2027_docdiretivo_assinado_assinado_as   477.2KB
10:38:29 INFO     ✓ [  7/132] ana_ptd_2025_2027_anexoentregas_assinado_assinado_   170.9KB
10:38:33 INFO     ✓ [  8/132] anac_ptd_2025_2026_docdiretivo_se_assinado_tarjado  1036.3KB
10:38:36 INFO     ✓ [  9/132] anac_ptd_2025_2026_anexo_de_entregas_se_assinado.p   215.2KB
10:38:40 INFO     ✓ [ 10/132] anatel_ptd_docdiretivo_assinado_2025_2026_assinado  1006.0KB
10:38:42 INFO     ✓ [ 11/132] anatel_ptd_2025_2026_anexo_de_entregas_do_ptd_publ    71.9KB
10:38:46 INFO     ✓ [ 12/132] ancine_ptd_2024_2026_docdiretivo_assinado-2_assina   961.8KB
10:38:49 INFO     ✓ [ 13/132] ancine_ptd_2024_2026_-_anexo_de_entregas_aprovado_   613.2KB
10:38:53 INFO     ✓ [ 14/132] ptd_aneel_2025-2027_docdiretivo_assinado_tarjado.p   779.6KB
10:38:55 INFO     ✓ [ 15/132] ptd_aneel_2025-2027_anexo_de_entregas_assinado.pdf   111.9KB
10:38:59 INFO     ✓ [ 16/132] anm_ptd_2025_2027_docdiretivo_assinadopeloorgao_ta  1092.5KB
10:39:03 INFO     ✓ [ 17/132] anm_ptd_2025_2027_anexo_entregas_assinadopeloorgao  1140.4KB
10:39:07 INFO     ✓ [ 18/132] anpd_ptd_2025_2027_docdiretivo_assinado_assinado_a  1044.3KB
10:39:10 INFO     ✓ [ 19/132] anpd_ptd_2025_2027_anexo_de_entregas_assinado_assi   166.5KB
10:39:13 INFO     ✓ [ 20/132] ans-plano_de_transformacao_digital_assinado-copia_  1023.4KB
10:39:16 INFO     ✓ [ 21/132] ans_ptd_2025_2026_anexo_de_entregas_assinado_assin   124.1KB
10:39:20 INFO     ✓ [ 22/132] antaq_ptd_2025_2027_docdiretivo_assinado_assinado_  1039.8KB
10:39:22 INFO     ✓ [ 23/132] antaq_ptd_2025_2027_anexoentregas_assinado_assinad   145.1KB
10:39:25 INFO     ✓ [ 24/132] mt_anexo_de_entregas_-_assinado_assinado_assinado_   143.6KB
10:39:36 INFO     ✓ [ 25/132] anvisa_ptd_docdiretivo_2025-2026_assinado_assinado  5771.2KB
10:39:39 INFO     ✓ [ 26/132] anvisa_ptd_anexo_de_entregas_2025_2026_assinado_as   239.0KB
10:39:42 INFO     ✓ [ 27/132] bcb_documento_diretivo_assinado_assinado_assinado-   713.7KB
10:39:44 INFO     ✓ [ 28/132] bcb_anexo_de_entregas_ptd_25_26-1_assinado_assinad   134.8KB
10:39:48 INFO     ✓ [ 29/132] cade_ptd_docdiretivo_2025_2026_assinado-2_assinado   810.4KB
10:39:51 INFO     ✓ [ 30/132] cade_ptd_anexo_de_entregas_2025_2026_assinado_copi   504.0KB
10:39:55 INFO     ✓ [ 31/132] mec_ptd_docdiretivo_2025-2026_sei_mec-5566673_copi   863.1KB
10:39:58 INFO     ✓ [ 32/132] mec_ptd_anexo-de-entregas_sei_mec-5576401_copia_ta   495.7KB
10:40:03 INFO     ✓ [ 33/132] mec_ptd_docdiretivo-versao-comunicacao_copia_tarja  1616.5KB
10:40:06 INFO     ✓ [ 34/132] md_ptd_2026_2027_anexo_de_entregas_assinado_assina   579.4KB
10:40:08 INFO     ✓ [ 35/132] md_ptd_2026_2027_anexo_de_entregas_assinado_assina   186.8KB
10:40:12 INFO     ✓ [ 36/132] md_ptd_temp_copia_tarjada.pdf                        741.9KB
10:40:16 INFO     ✓ [ 37/132] cgu_ptd_docdiretivo_assinado_assinado_assinado-cop  1085.4KB
10:40:19 INFO     ✓ [ 38/132] cgu_ptd_anexo_de_entregas_pactuadas_assinado_assin   514.1KB
10:40:22 INFO     ✓ [ 39/132] cnpq_ptd_2025_2027_docdiretivo_assinado_assinado_a   342.9KB
10:40:24 INFO     ✓ [ 40/132] cnpq_ptd_2025_2027_anexo_de_entregas_assinado_assi   136.1KB
10:40:28 INFO     ✓ [ 41/132] coaf_ptd_2025_2026_documento_diretivo_assinado_ass  1068.0KB
10:40:35 INFO     ✓ [ 42/132] coaf_ptd_2025_2026_anexo_de_entregas-2_assinado_as  3184.5KB
10:40:43 INFO     ✓ [ 43/132] ptd_midr-docdiretivo_aprovado_assinado_tarjado.pdf  3864.1KB
10:40:47 INFO     ✓ [ 44/132] ptd_midr_-_anexo_de_entregas_-_aprovado_assinado.p  1122.0KB
10:40:51 INFO     ✓ [ 45/132] mda-documento-diretivo-assinado_ptd-2025-207-copia   955.8KB
10:40:54 INFO     ✓ [ 46/132] cvm_ptd_2025_2027_docdiretivo_assinado_assinado_as   270.5KB
10:40:56 INFO     ✓ [ 47/132] cvm_ptd_2025_2027_anexoentregas_assinado_assinado_   409.0KB
10:41:00 INFO     ✓ [ 48/132] dnocs_ptd_doc_diretivo_2025_2026_assinado_orgao-2_   891.1KB
10:41:03 INFO     ✓ [ 49/132] dnocs_anexo_de_entregas_repactuado_2025_2026_assin   272.3KB
10:41:10 INFO     ✓ [ 50/132] fbn_ptd_2025_2027_docdiretivo_assinado-1_tarjado.p  2921.6KB
10:41:12 INFO     ✓ [ 51/132] fbn_ptd_2025_2027_anexo_de_entregas_assinado-1.pdf   162.3KB
10:41:17 INFO     ✓ [ 52/132] fcp_ptd_2025_2027_docdiretivo_assinado-1_tarjado.p  1612.0KB
10:41:19 INFO     ✓ [ 53/132] fcp_ptd_2025_2027_anexo_de_entregas_assinado-1.pdf   118.8KB
10:41:23 INFO     ✓ [ 54/132] fcrb_ptd_2025_2026_docdiretivo_aprovado_assinado-1   998.2KB
10:41:26 INFO     ✓ [ 55/132] fcrb_ptd_2025_2026_anexo_de_entregas_aprovado_assi   313.5KB
10:41:30 INFO     ✓ [ 56/132] fiocruz_novo-ptd_2-1_docdiretivo_repactuacao_2024-  1318.1KB
10:41:33 INFO     ✓ [ 57/132] fiocruz_ptd_anexo_de_entregas_assinado_v1_assinado   257.1KB
10:41:38 INFO     ✓ [ 58/132] fiocruz-ptd-06_2024-copia_tarjada.pdf               1693.8KB
10:41:43 INFO     ✓ [ 59/132] funai_ptd_2025_2027_docdiretivo_assinado-1_tarjado  1842.1KB
10:41:46 INFO     ✓ [ 60/132] funai_anexo_de_entregas_repactuado_2026_2027_assin   435.7KB
10:41:50 INFO     ✓ [ 61/132] funarte_ptd_docdiretivo_assinado_21_01_2025_assina   965.7KB
10:41:53 INFO     ✓ [ 62/132] funarte_ptd_anexo_de_entregas_assinado_v1_assinado   683.6KB
10:41:57 INFO     ✓ [ 63/132] fundacentro_ptd_2025_2027_docdiretivo_assinado_ass   826.6KB
10:42:00 INFO     ✓ [ 64/132] fundacentro_ptd_2025_2027_anexo_de_entregas_assina   635.5KB
10:42:03 INFO     ✓ [ 65/132] mma_ptd_docdiretivo_assinado_2025_2026-1_assinado_   949.3KB
10:42:06 INFO     ✓ [ 66/132] mma_ptd_anexo_de_entregas_aprovado_final_assinado_   174.8KB
10:42:10 INFO     ✓ [ 67/132] ibge_docdiretivo_2025_assinado_assinado_assinado-c  1167.3KB
10:42:12 INFO     ✓ [ 68/132] ibge_ptd_25_26_anexo_de_entregas_modelo_v2-1_assin   143.7KB
10:42:25 INFO     ✓ [ 69/132] incra_ptd_docdiretivo__assinado-1_assinado_assinad  7182.0KB
10:42:30 INFO     ✓ [ 70/132] incra_anexo_de_entregas_assinado-1_assinado_assina  1818.6KB
10:42:38 INFO     ✓ [ 71/132] inpi_ptd_docdiretivo_assinado_2025_2026_assinado_a  3322.4KB
10:42:45 INFO     ✓ [ 72/132] inpi_ptd_anexo_de_entregas_assinado_v1_assinado_as  3078.1KB
10:42:49 INFO     ✓ [ 73/132] inss_ptd_2025_2027_docdiretivo-assinado-copia_tarj  1173.3KB
10:42:51 INFO     ✓ [ 74/132] inss_ptd_2025_2027_anexo_de_entregas-assinado-copi   110.8KB
10:42:55 INFO     ✓ [ 75/132] iphan_ptd_docdiretivo_assinado_2025_2026_assinado_   885.7KB
10:42:57 INFO     ✓ [ 76/132] iphan_ptd_anexo_de_entregas_assinado_v1_assinado_a   310.9KB
10:43:07 INFO     ✓ [ 77/132] iti_doc_diretivo_assinado-1_tarjado.pdf             4905.1KB
10:43:10 INFO     ✓ [ 78/132] iti_anexo_de_entregas_assinado.pdf                   556.4KB
10:43:15 INFO     ✓ [ 79/132] mapa_ptd_2025_2027_docdiretivo_assinado-1_tarjado.  1740.9KB
10:43:18 INFO     ✓ [ 80/132] mapa_ptd_2025_2027_anexo_de_entregas_assinado-1.pd   261.9KB
10:43:27 INFO     ✓ [ 81/132] documento-diretivo-mcom-_-ptd-25_27-copia_tarjada.  4451.9KB
10:43:31 INFO     ✓ [ 82/132] anexo-de-entregas-mcom_ptd-25_27-copia_tarjada.pdf  1213.8KB
10:43:38 INFO     ✓ [ 83/132] ptd_21_24_mcom-copia_tarjada.pdf                    3040.7KB
10:43:42 INFO     ✓ [ 84/132] mcti_ptd_2025-2027_docdiretivo_assinado-copia_tarj  1030.7KB
10:43:44 INFO     ✓ [ 85/132] mcti_ptd_2025-2027_anexo-de-entregas_assinado-copi   145.8KB
10:43:47 INFO     ✓ [ 86/132] mda-anexo-entregas-assinado_ptd-2025-2027-copia-ta   284.6KB
10:43:50 INFO     ✓ [ 87/132] mdhc_ptd_2025_2027_docdiretivo_assinado_assinado_a   753.4KB
10:43:53 INFO     ✓ [ 88/132] mdhc_ptd_2025_2027_anexoentregas_assinado_assinado   186.8KB
10:43:55 INFO     ✓ [ 89/132] mdic_ptd_anexo_de_entregas_assinado_v1_assinado_as   176.6KB
10:43:59 INFO     ✓ [ 90/132] memp_ptd_2025_2026_docdiretivo_assinado_assinado_a  1030.1KB
10:44:02 INFO     ✓ [ 91/132] memp_ptd_2025_2026_anexo_de_entregas_assinado_assi   161.5KB
10:44:06 INFO     ✓ [ 92/132] mesp_ptd_2025_2027_docdiretivo_assinado_assinado_2  1147.7KB
10:44:09 INFO     ✓ [ 93/132] mesp_ptd_2025_2027_anexo_de_entregas_assinado_assi   226.6KB
10:44:12 INFO     ✓ [ 94/132] mf_ptd_2026_2027_documentodiretivo_assinado_assina   955.1KB
10:44:15 INFO     ✓ [ 95/132] mf_ptd_2026_2027_anexo_de_entregas_1_mf_se_assinad   241.2KB
10:44:18 INFO     ✓ [ 96/132] mgi_ptd_2025_2027_docdiretivo_assinado_assinado_as   375.2KB
10:44:21 INFO     ✓ [ 97/132] mgi_ptd_2025_2027_anexo_de_entregas_assinado_assin   256.1KB
10:44:25 INFO     ✓ [ 98/132] minc_ptd_2025_2027_docdiretivo_assinado-1_assinado   863.6KB
10:44:27 INFO     ✓ [ 99/132] minc_ptd_2025_2027_anexo_de_entregas_assinado-1_as   276.7KB
10:44:31 INFO     ✓ [100/132] mjsp_ptd_docdiretivo_assinado_2025_2026_assinado_a   954.0KB
10:44:34 INFO     ✓ [101/132] mjsp_ptd_anexo_de_entregas_assinado_v1_assinado_as   253.9KB
10:44:38 INFO     ✓ [102/132] mme_ptd_2025_2027_docdiretivo_assinado-copia_tarja   664.5KB
10:44:40 INFO     ✓ [103/132] mme_ptd_2025_2027_anexo_de_entregas_assinado__1_-c   111.1KB
10:44:44 INFO     ✓ [104/132] mmulheres_ptd_2025_2027_docdiretivo_assinado_assin  1078.3KB
10:44:47 INFO     ✓ [105/132] mmulheres_ptd_2025_2027_anexo_de_entregas_assinado   216.9KB
10:44:50 INFO     ✓ [106/132] mpi_ptd_2025_2027_docdiretivo_ministerio_dos_povos   947.9KB
10:44:53 INFO     ✓ [107/132] mpi_ptd_anexo_de_entregas_do_plano_de_tranformacao   191.9KB
10:44:57 INFO     ✓ [108/132] mpo_ptd_docdiretivo_assinado_2025_2026_assinado_as   806.3KB
10:45:00 INFO     ✓ [109/132] mpo_ptd_anexo_de_entregas_assinado_v1_assinado_ass   323.2KB
10:45:03 INFO     ✓ [110/132] mpor_ptd_2025_2027_docdiretivo_assinado_assinado_a   876.5KB
10:45:06 INFO     ✓ [111/132] mpor_ptd_2025_2027_anexo_de_entregas_assinado_assi   175.1KB
10:45:10 INFO     ✓ [112/132] mps_ptd_2025-2026_docdiretivo_final_assinado-1_ass  1024.4KB
10:45:12 INFO     ✓ [113/132] mps_ptd_2025-2026_anexo_de_entregas_final_assinado   165.0KB
10:45:16 INFO     ✓ [114/132] mre_ptd_docdiretivo_assinado_2025_2026_assinado_as   760.9KB
10:45:18 INFO     ✓ [115/132] mre_ptd_anexo_de_entregas_assinado_v1_assinado_ass   233.2KB
10:45:22 INFO     ✓ [116/132] mte_ptd_2025_2026_docdiretivo_assinado_assinado_as   729.6KB
10:45:25 INFO     ✓ [117/132] mte_ptd_anexo_de_entregas_assinado_v1__281_29_assi   459.5KB
10:45:29 INFO     ✓ [118/132] mtur_ptd_docdiretiv_assinado_30_01_2025_assinado_a  1050.4KB
10:45:31 INFO     ✓ [119/132] mtur_ptd_anexo_de_entregas_assinado_30_01_2025_ass   118.8KB
10:45:35 INFO     ✓ [120/132] pf_ptd_docdiretivo_2025_2027_assinado-copia_tarjad   964.3KB
10:45:37 INFO     ✓ [121/132] pf_ptd_anexo_de_entregas_2025_2027_assinado-copia_    62.5KB
10:45:40 INFO     ✓ [122/132] mf_ptd_2026_2027_anexo_de_entregas_4_mf_pgfn_assin   466.8KB
10:45:53 INFO     ✓ [123/132] previc_plano_de_transformacao_digital_2025_2026_29  6652.7KB
10:45:55 INFO     ✓ [124/132] previc_ptd_repactuacao_2025-2026_assinado_assinado   182.9KB
10:45:59 INFO     ✓ [125/132] prf_documentodiretivo_ptd_2026-2027_assinado_tarja   535.9KB
10:46:01 INFO     ✓ [126/132] prf_anexo_de_entregas_do_ptd__2026_2027___ptd___en   157.7KB
10:46:04 INFO     ✓ [127/132] mf_ptd_2026_2027_anexo_de_entregas_2_mf_rfb_assina   253.7KB
10:46:08 INFO     ✓ [128/132] sgpr_ptd_2026_2027_docdiretivo_assinado-copia_tarj   791.2KB
10:46:11 INFO     ✓ [129/132] sgpr_ptd_2025_2027_anexo_de_entregas_assinado-copi   897.9KB
10:46:14 INFO     ✓ [130/132] mf_ptd_2026_2027_anexo_de_entregas_3_mf_stn_assina   467.8KB
10:46:18 INFO     ✓ [131/132] susep_ptd_2025_2027_docdiretivo-assinado-copia_tar  1030.1KB
10:46:21 INFO     ✓ [132/132] susep_ptd_2025-2026_anexo_de_entregas_final_assina   221.9KB
10:46:22 INFO     132 OK | 0 erros | 123.3 MB total
10:46:28 INFO     Sanity: 132 PDFs | 113 texto | 19 imagem/OCR | 0 duplicatas
10:46:28 INFO     --siglas (debug): 15 PDFs de ['AGU', 'FIOCRUZ', 'FUNAI', 'FUNDACENTRO', 'INCRA', 'ITI', 'MCOM', 'SGPR']
10:46:28 INFO     DocumentConverter instanciado (singleton × 2: plain + OCR)
10:46:28 INFO     [1/15] → agu_ptd_2025_2027_anexo_de_entregas_assinado_assinado_assinado-copia_tarjada.pdf
10:46:28 INFO     detected formats: [<InputFormat.PDF: 'pdf'>]
10:46:28 INFO     Going to convert document batch...
10:46:28 INFO     Initializing pipeline for StandardPdfPipeline with options hash bc6794697da537796efc497178f9263f
10:46:28 INFO     Loading plugin 'docling_defaults'
10:46:28 INFO     Registered picture descriptions: ['picture_description_vlm_engine', 'vlm', 'api']
10:46:28 INFO     Loading plugin 'docling_defaults'
10:46:28 INFO     Registered ocr engines: ['auto', 'easyocr', 'kserve_v2_ocr', 'ocrmac', 'rapidocr', 'tesserocr', 'tesseract']
10:46:28 INFO     command: tesseract --list-langs
10:46:28 INFO     Loading plugin 'docling_defaults'
10:46:28 INFO     Registered layout engines: ['layout_object_detection', 'docling_layout_default', 'docling_experimental_table_crops_layout']
10:46:28 INFO     Accelerator device: 'cpu'
10:46:28 INFO     HTTP Request: GET https://huggingface.co/api/models/docling-project/docling-layout-heron/revision/main "HTTP/1.1 200 OK"
10:46:28 INFO     HTTP Request: HEAD https://huggingface.co/docling-project/docling-layout-heron/resolve/8f39ad3c0b4c58e9c2d2c84a38465abf757272d8/README.md "HTTP/1.1 307 Temporary Redirect"
10:46:28 WARNING  Warning: You are sending unauthenticated requests to the HF Hub. Please set a HF_TOKEN to enable higher rate limits and faster downloads.
10:46:28 INFO     HTTP Request: HEAD https://huggingface.co/api/resolve-cache/models/docling-project/docling-layout-heron/8f39ad3c0b4c58e9c2d2c84a38465abf757272d8/README.md "HTTP/1.1 200 OK"
10:46:28 INFO     HTTP Request: HEAD https://huggingface.co/docling-project/docling-layout-heron/resolve/8f39ad3c0b4c58e9c2d2c84a38465abf757272d8/.gitattributes "HTTP/1.1 307 Temporary Redirect"
10:46:28 INFO     HTTP Request: HEAD https://huggingface.co/docling-project/docling-layout-heron/resolve/8f39ad3c0b4c58e9c2d2c84a38465abf757272d8/config.json "HTTP/1.1 307 Temporary Redirect"
10:46:28 INFO     HTTP Request: HEAD https://huggingface.co/docling-project/docling-layout-heron/resolve/8f39ad3c0b4c58e9c2d2c84a38465abf757272d8/docling_heron_400.png "HTTP/1.1 307 Temporary Redirect"
10:46:28 INFO     HTTP Request: HEAD https://huggingface.co/docling-project/docling-layout-heron/resolve/8f39ad3c0b4c58e9c2d2c84a38465abf757272d8/preprocessor_config.json "HTTP/1.1 307 Temporary Redirect"
10:46:28 INFO     HTTP Request: GET https://huggingface.co/api/resolve-cache/models/docling-project/docling-layout-heron/8f39ad3c0b4c58e9c2d2c84a38465abf757272d8/README.md "HTTP/1.1 200 OK"
10:46:28 INFO     HTTP Request: HEAD https://huggingface.co/docling-project/docling-layout-heron/resolve/8f39ad3c0b4c58e9c2d2c84a38465abf757272d8/model.safetensors "HTTP/1.1 302 Found"
10:46:28 INFO     HTTP Request: HEAD https://huggingface.co/api/resolve-cache/models/docling-project/docling-layout-heron/8f39ad3c0b4c58e9c2d2c84a38465abf757272d8/.gitattributes "HTTP/1.1 200 OK"
10:46:28 INFO     HTTP Request: HEAD https://huggingface.co/api/resolve-cache/models/docling-project/docling-layout-heron/8f39ad3c0b4c58e9c2d2c84a38465abf757272d8/config.json "HTTP/1.1 200 OK"
10:46:28 INFO     HTTP Request: HEAD https://huggingface.co/api/resolve-cache/models/docling-project/docling-layout-heron/8f39ad3c0b4c58e9c2d2c84a38465abf757272d8/preprocessor_config.json "HTTP/1.1 200 OK"
10:46:28 INFO     HTTP Request: HEAD https://huggingface.co/api/resolve-cache/models/docling-project/docling-layout-heron/8f39ad3c0b4c58e9c2d2c84a38465abf757272d8/docling_heron_400.png "HTTP/1.1 200 OK"
10:46:28 INFO     HTTP Request: GET https://huggingface.co/api/resolve-cache/models/docling-project/docling-layout-heron/8f39ad3c0b4c58e9c2d2c84a38465abf757272d8/.gitattributes "HTTP/1.1 200 OK"
10:46:28 INFO     HTTP Request: GET https://huggingface.co/api/resolve-cache/models/docling-project/docling-layout-heron/8f39ad3c0b4c58e9c2d2c84a38465abf757272d8/config.json "HTTP/1.1 200 OK"
10:46:28 INFO     HTTP Request: GET https://huggingface.co/api/resolve-cache/models/docling-project/docling-layout-heron/8f39ad3c0b4c58e9c2d2c84a38465abf757272d8/preprocessor_config.json "HTTP/1.1 200 OK"
10:46:28 INFO     HTTP Request: GET https://huggingface.co/api/resolve-cache/models/docling-project/docling-layout-heron/8f39ad3c0b4c58e9c2d2c84a38465abf757272d8/docling_heron_400.png "HTTP/1.1 200 OK"
10:46:28 INFO     HTTP Request: GET https://huggingface.co/api/models/docling-project/docling-layout-heron/xet-read-token/8f39ad3c0b4c58e9c2d2c84a38465abf757272d8 "HTTP/1.1 200 OK"
10:46:30 INFO     Loading plugin 'docling_defaults'
10:46:30 INFO     Registered table structure engines: ['docling_tableformer', 'docling_tableformer_v2']
10:46:30 INFO     HTTP Request: GET https://huggingface.co/api/models/docling-project/docling-models/revision/v2.3.0 "HTTP/1.1 200 OK"
10:46:30 INFO     HTTP Request: HEAD https://huggingface.co/docling-project/docling-models/resolve/fc0f2d45e2218ea24bce5045f58a389aed16dc23/README.md "HTTP/1.1 307 Temporary Redirect"
10:46:30 INFO     HTTP Request: HEAD https://huggingface.co/docling-project/docling-models/resolve/fc0f2d45e2218ea24bce5045f58a389aed16dc23/.gitignore "HTTP/1.1 307 Temporary Redirect"
10:46:30 INFO     HTTP Request: HEAD https://huggingface.co/docling-project/docling-models/resolve/fc0f2d45e2218ea24bce5045f58a389aed16dc23/config.json "HTTP/1.1 307 Temporary Redirect"
10:46:30 INFO     HTTP Request: HEAD https://huggingface.co/docling-project/docling-models/resolve/fc0f2d45e2218ea24bce5045f58a389aed16dc23/.gitattributes "HTTP/1.1 307 Temporary Redirect"
10:46:30 INFO     HTTP Request: HEAD https://huggingface.co/docling-project/docling-models/resolve/fc0f2d45e2218ea24bce5045f58a389aed16dc23/model_artifacts/tableformer/accurate/tm_config.json "HTTP/1.1 307 Temporary Redirect"
10:46:30 INFO     HTTP Request: HEAD https://huggingface.co/docling-project/docling-models/resolve/fc0f2d45e2218ea24bce5045f58a389aed16dc23/model_artifacts/tableformer/accurate/tableformer_accurate.safetensors "HTTP/1.1 302 Found"
10:46:30 INFO     HTTP Request: HEAD https://huggingface.co/api/resolve-cache/models/docling-project/docling-models/fc0f2d45e2218ea24bce5045f58a389aed16dc23/README.md "HTTP/1.1 200 OK"
10:46:30 INFO     HTTP Request: HEAD https://huggingface.co/api/resolve-cache/models/docling-project/docling-models/fc0f2d45e2218ea24bce5045f58a389aed16dc23/.gitignore "HTTP/1.1 200 OK"
10:46:30 INFO     HTTP Request: HEAD https://huggingface.co/api/resolve-cache/models/docling-project/docling-models/fc0f2d45e2218ea24bce5045f58a389aed16dc23/.gitattributes "HTTP/1.1 200 OK"
10:46:30 INFO     HTTP Request: HEAD https://huggingface.co/api/resolve-cache/models/docling-project/docling-models/fc0f2d45e2218ea24bce5045f58a389aed16dc23/config.json "HTTP/1.1 200 OK"
10:46:30 INFO     HTTP Request: HEAD https://huggingface.co/api/resolve-cache/models/docling-project/docling-models/fc0f2d45e2218ea24bce5045f58a389aed16dc23/model_artifacts%2Ftableformer%2Faccurate%2Ftm_config.json "HTTP/1.1 200 OK"
10:46:30 INFO     HTTP Request: GET https://huggingface.co/api/resolve-cache/models/docling-project/docling-models/fc0f2d45e2218ea24bce5045f58a389aed16dc23/README.md "HTTP/1.1 200 OK"
10:46:30 INFO     HTTP Request: HEAD https://huggingface.co/docling-project/docling-models/resolve/fc0f2d45e2218ea24bce5045f58a389aed16dc23/model_artifacts/tableformer/fast/tm_config.json "HTTP/1.1 307 Temporary Redirect"
10:46:30 INFO     HTTP Request: GET https://huggingface.co/api/resolve-cache/models/docling-project/docling-models/fc0f2d45e2218ea24bce5045f58a389aed16dc23/.gitignore "HTTP/1.1 200 OK"
10:46:30 INFO     HTTP Request: HEAD https://huggingface.co/docling-project/docling-models/resolve/fc0f2d45e2218ea24bce5045f58a389aed16dc23/model_artifacts/tableformer/fast/tableformer_fast.safetensors "HTTP/1.1 302 Found"
10:46:30 INFO     HTTP Request: GET https://huggingface.co/api/resolve-cache/models/docling-project/docling-models/fc0f2d45e2218ea24bce5045f58a389aed16dc23/config.json "HTTP/1.1 200 OK"
10:46:30 INFO     HTTP Request: GET https://huggingface.co/api/resolve-cache/models/docling-project/docling-models/fc0f2d45e2218ea24bce5045f58a389aed16dc23/model_artifacts%2Ftableformer%2Faccurate%2Ftm_config.json "HTTP/1.1 200 OK"
10:46:30 INFO     HTTP Request: GET https://huggingface.co/api/resolve-cache/models/docling-project/docling-models/fc0f2d45e2218ea24bce5045f58a389aed16dc23/.gitattributes "HTTP/1.1 200 OK"
10:46:30 INFO     HTTP Request: HEAD https://huggingface.co/api/resolve-cache/models/docling-project/docling-models/fc0f2d45e2218ea24bce5045f58a389aed16dc23/model_artifacts%2Ftableformer%2Ffast%2Ftm_config.json "HTTP/1.1 200 OK"
10:46:30 INFO     HTTP Request: GET https://huggingface.co/api/resolve-cache/models/docling-project/docling-models/fc0f2d45e2218ea24bce5045f58a389aed16dc23/model_artifacts%2Ftableformer%2Ffast%2Ftm_config.json "HTTP/1.1 200 OK"
10:46:30 INFO     HTTP Request: GET https://huggingface.co/api/models/docling-project/docling-models/xet-read-token/fc0f2d45e2218ea24bce5045f58a389aed16dc23 "HTTP/1.1 200 OK"
10:46:30 INFO     HTTP Request: GET https://huggingface.co/api/models/docling-project/docling-models/xet-read-token/fc0f2d45e2218ea24bce5045f58a389aed16dc23 "HTTP/1.1 200 OK"
10:46:32 INFO     Accelerator device: 'cpu'
10:46:32 INFO     Processing document agu_ptd_2025_2027_anexo_de_entregas_assinado_assinado_assinado-copia_tarjada.pdf
10:46:32 INFO     command: tesseract --psm 0 -l osd /tmp/tmpw6284lvl.png stdout
10:46:33 INFO     command: tesseract -l por /tmp/tmpw6284lvl.png stdout tsv
10:46:36 INFO     command: tesseract --psm 0 -l osd /tmp/tmpl0svggdz.png stdout
10:46:37 INFO     command: tesseract -l por /tmp/tmpl0svggdz.png stdout tsv
10:46:56 INFO     Finished converting document agu_ptd_2025_2027_anexo_de_entregas_assinado_assinado_assinado-copia_tarjada.pdf in 28.52 sec.
10:46:56 INFO       pixel_budget (Docling) agu_ptd_2025_2027_anexo_de_entregas_assinado_assinado_assinado-copia_tarjada.pdf: 45.8% (área tabelas/1001817 px²)
10:46:56 INFO     [1/15] ✓ AGU       :   33 entregas | 28.5s | ETA ~6min
10:46:56 INFO     [2/15] → agu_ptd_2025_2027_docdiretivo_assinado_assinado_assinado-copia_tarjada.pdf
10:46:56 INFO     detected formats: [<InputFormat.PDF: 'pdf'>]
10:46:56 INFO     Going to convert document batch...
10:46:56 INFO     Processing document agu_ptd_2025_2027_docdiretivo_assinado_assinado_assinado-copia_tarjada.pdf
10:46:57 INFO     command: tesseract --psm 0 -l osd /tmp/tmp0hxe27m0.png stdout
10:46:57 INFO     command: tesseract -l por /tmp/tmp0hxe27m0.png stdout tsv
10:47:00 INFO     command: tesseract --psm 0 -l osd /tmp/tmp5e_yhj01.png stdout
10:47:01 INFO     command: tesseract -l por /tmp/tmp5e_yhj01.png stdout tsv
10:47:05 INFO     command: tesseract --psm 0 -l osd /tmp/tmpxv_5x1ib.png stdout
10:47:05 INFO     command: tesseract -l por /tmp/tmpxv_5x1ib.png stdout tsv
10:47:08 INFO     command: tesseract --psm 0 -l osd /tmp/tmp4_c4nmzc.png stdout
10:47:08 INFO     command: tesseract -l por /tmp/tmp4_c4nmzc.png stdout tsv
10:47:11 INFO     command: tesseract --psm 0 -l osd /tmp/tmpz0nphgpk.png stdout
10:47:11 INFO     command: tesseract -l por /tmp/tmpz0nphgpk.png stdout tsv
10:47:13 INFO     command: tesseract --psm 0 -l osd /tmp/tmpcko6w_pn.png stdout
10:47:15 INFO     command: tesseract -l por /tmp/tmpcko6w_pn.png stdout tsv
10:47:26 INFO     command: tesseract --psm 0 -l osd /tmp/tmpnhi0jfhl.png stdout
10:47:26 INFO     command: tesseract -l por /tmp/tmpnhi0jfhl.png stdout tsv
10:47:29 INFO     command: tesseract --psm 0 -l osd /tmp/tmp6jp6pp5s.png stdout
10:47:29 INFO     command: tesseract -l por /tmp/tmp6jp6pp5s.png stdout tsv
10:47:32 INFO     command: tesseract --psm 0 -l osd /tmp/tmp4gtks6hp.png stdout
10:47:33 INFO     command: tesseract -l por /tmp/tmp4gtks6hp.png stdout tsv
10:47:35 INFO     command: tesseract --psm 0 -l osd /tmp/tmptxnvdeps.png stdout
10:47:36 INFO     command: tesseract -l por /tmp/tmptxnvdeps.png stdout tsv
10:47:52 INFO     command: tesseract --psm 0 -l osd /tmp/tmpcgv8vut4.png stdout
10:47:53 INFO     command: tesseract -l por /tmp/tmpcgv8vut4.png stdout tsv
10:47:56 INFO     Finished converting document agu_ptd_2025_2027_docdiretivo_assinado_assinado_assinado-copia_tarjada.pdf in 59.92 sec.
10:47:56 INFO       pixel_budget (Docling) agu_ptd_2025_2027_docdiretivo_assinado_assinado_assinado-copia_tarjada.pdf: 2.1% (área tabelas/5513330 px²)
10:47:56 INFO     [2/15] ✓ AGU       :    6 entregas | 59.9s | ETA ~9min
10:47:56 INFO     [3/15] → anexo-de-entregas-mcom_ptd-25_27-copia_tarjada.pdf
10:47:56 INFO     detected formats: [<InputFormat.PDF: 'pdf'>]
10:47:56 INFO     Going to convert document batch...
10:47:56 INFO     Processing document anexo-de-entregas-mcom_ptd-25_27-copia_tarjada.pdf
10:47:57 INFO     command: tesseract --psm 0 -l osd /tmp/tmp5ek_4vh5.png stdout
10:47:58 INFO     command: tesseract -l por /tmp/tmp5ek_4vh5.png stdout tsv
10:48:01 INFO     command: tesseract --psm 0 -l osd /tmp/tmpvfc0p38b.png stdout
10:48:02 INFO     command: tesseract -l por /tmp/tmpvfc0p38b.png stdout tsv
10:48:12 INFO     command: tesseract --psm 0 -l osd /tmp/tmpoe3sde0q.png stdout
10:48:13 INFO     command: tesseract -l por /tmp/tmpoe3sde0q.png stdout tsv
10:48:33 INFO     Finished converting document anexo-de-entregas-mcom_ptd-25_27-copia_tarjada.pdf in 36.94 sec.
10:48:33 INFO       pixel_budget (Docling) anexo-de-entregas-mcom_ptd-25_27-copia_tarjada.pdf: 55.2% (área tabelas/1503636 px²)
10:48:33 INFO     [3/15] ✓ MCOM      :   55 entregas | 37.0s | ETA ~8min
10:48:33 INFO     [4/15] → documento-diretivo-mcom-_-ptd-25_27-copia_tarjada.pdf
10:48:33 INFO     detected formats: [<InputFormat.PDF: 'pdf'>]
10:48:33 INFO     Going to convert document batch...
10:48:33 INFO     Processing document documento-diretivo-mcom-_-ptd-25_27-copia_tarjada.pdf
10:48:34 INFO     command: tesseract --psm 0 -l osd /tmp/tmpgsmm48ot.png stdout
10:48:34 INFO     command: tesseract -l por /tmp/tmpgsmm48ot.png stdout tsv
10:48:37 INFO     command: tesseract --psm 0 -l osd /tmp/tmpysxel_pu.png stdout
10:48:38 INFO     command: tesseract -l por /tmp/tmpysxel_pu.png stdout tsv
10:48:44 INFO     command: tesseract --psm 0 -l osd /tmp/tmp5uif3g5s.png stdout
10:48:45 INFO     command: tesseract -l por /tmp/tmp5uif3g5s.png stdout tsv
10:48:46 INFO     command: tesseract --psm 0 -l osd /tmp/tmpfk3x2fx9.png stdout
10:48:46 INFO     command: tesseract -l por /tmp/tmpfk3x2fx9.png stdout tsv
10:48:48 INFO     command: tesseract --psm 0 -l osd /tmp/tmp7ctz2v0y.png stdout
10:48:49 INFO     command: tesseract -l por /tmp/tmp7ctz2v0y.png stdout tsv
10:48:52 INFO     command: tesseract --psm 0 -l osd /tmp/tmptlavb3td.png stdout
10:48:53 INFO     command: tesseract -l por /tmp/tmptlavb3td.png stdout tsv
10:49:11 INFO     command: tesseract --psm 0 -l osd /tmp/tmpwr1ywoo9.png stdout
10:49:11 INFO     command: tesseract -l por /tmp/tmpwr1ywoo9.png stdout tsv
10:49:13 INFO     command: tesseract --psm 0 -l osd /tmp/tmph8poqxxx.png stdout
10:49:14 INFO     command: tesseract -l por /tmp/tmph8poqxxx.png stdout tsv
10:49:16 INFO     command: tesseract --psm 0 -l osd /tmp/tmp9ojjkvdc.png stdout
10:49:17 INFO     command: tesseract -l por /tmp/tmp9ojjkvdc.png stdout tsv
10:49:19 INFO     command: tesseract --psm 0 -l osd /tmp/tmpt26t52e8.png stdout
10:49:20 INFO     command: tesseract -l por /tmp/tmpt26t52e8.png stdout tsv
10:49:27 INFO     command: tesseract --psm 0 -l osd /tmp/tmpl7uzvfvb.png stdout
10:49:28 INFO     command: tesseract -l por /tmp/tmpl7uzvfvb.png stdout tsv
10:49:32 INFO     command: tesseract --psm 0 -l osd /tmp/tmpbkp5lbi3.png stdout
10:49:33 INFO     command: tesseract -l por /tmp/tmpbkp5lbi3.png stdout tsv
10:49:35 INFO     command: tesseract --psm 0 -l osd /tmp/tmp4f1qn6t9.png stdout
10:49:36 INFO     command: tesseract -l por /tmp/tmp4f1qn6t9.png stdout tsv
10:49:38 INFO     command: tesseract --psm 0 -l osd /tmp/tmpudqz9twe.png stdout
10:49:39 INFO     command: tesseract -l por /tmp/tmpudqz9twe.png stdout tsv
10:49:45 INFO     Finished converting document documento-diretivo-mcom-_-ptd-25_27-copia_tarjada.pdf in 72.03 sec.
10:49:45 INFO       pixel_budget (Docling) documento-diretivo-mcom-_-ptd-25_27-copia_tarjada.pdf: 10.8% (área tabelas/7016966 px²)
10:49:45 WARNING  [4/15] ⚠ MCOM      :    0 entregas | 72.0s | ETA ~9min
10:49:45 INFO     [5/15] → fiocruz-ptd-06_2024-copia_tarjada.pdf
10:49:45 INFO     detected formats: [<InputFormat.PDF: 'pdf'>]
10:49:45 INFO     Going to convert document batch...
10:49:45 INFO     Initializing pipeline for StandardPdfPipeline with options hash d18651824ca6fe56cf3ccb20424ac2c8
10:49:45 INFO     Accelerator device: 'cpu'
10:49:45 INFO     HTTP Request: GET https://huggingface.co/api/models/docling-project/docling-layout-heron/revision/main "HTTP/1.1 200 OK"
10:49:46 INFO     HTTP Request: GET https://huggingface.co/api/models/docling-project/docling-models/revision/v2.3.0 "HTTP/1.1 200 OK"
10:49:46 INFO     Accelerator device: 'cpu'
10:49:46 INFO     Processing document fiocruz-ptd-06_2024-copia_tarjada.pdf
10:50:54 INFO     Finished converting document fiocruz-ptd-06_2024-copia_tarjada.pdf in 68.75 sec.
10:50:54 INFO       pixel_budget (Docling) fiocruz-ptd-06_2024-copia_tarjada.pdf: 36.4% (área tabelas/7518178 px²)
10:50:54 WARNING  [5/15] ⚠ FIOCRUZ   :    0 entregas | 68.8s | ETA ~8min
10:50:54 INFO     [6/15] → fiocruz_novo-ptd_2-1_docdiretivo_repactuacao_2024-2026_assinado_assinado-copia_tarjada.pdf
10:50:54 INFO     detected formats: [<InputFormat.PDF: 'pdf'>]
10:50:54 INFO     Going to convert document batch...
10:50:54 INFO     Processing document fiocruz_novo-ptd_2-1_docdiretivo_repactuacao_2024-2026_assinado_assinado-copia_tarjada.pdf
10:51:12 INFO     Finished converting document fiocruz_novo-ptd_2-1_docdiretivo_repactuacao_2024-2026_assinado_assinado-copia_tarjada.pdf in 17.88 sec.
10:51:12 INFO       pixel_budget (Docling) fiocruz_novo-ptd_2-1_docdiretivo_repactuacao_2024-2026_assinado_assinado-copia_tarjada.pdf: 11.3% (área tabelas/5012118 px²)
10:51:12 WARNING  [6/15] ⚠ FIOCRUZ   :    0 entregas | 17.9s | ETA ~7min
10:51:12 INFO     [7/15] → fiocruz_ptd_anexo_de_entregas_assinado_v1_assinado_assinado-1-copia_tarjada.pdf
10:51:12 INFO     detected formats: [<InputFormat.PDF: 'pdf'>]
10:51:12 INFO     Going to convert document batch...
10:51:12 INFO     Processing document fiocruz_ptd_anexo_de_entregas_assinado_v1_assinado_assinado-1-copia_tarjada.pdf
10:51:44 INFO     Finished converting document fiocruz_ptd_anexo_de_entregas_assinado_v1_assinado_assinado-1-copia_tarjada.pdf in 31.90 sec.
10:51:44 INFO       pixel_budget (Docling) fiocruz_ptd_anexo_de_entregas_assinado_v1_assinado_assinado-1-copia_tarjada.pdf: 54.7% (área tabelas/2004847 px²)
10:51:44 INFO     [7/15] ✓ FIOCRUZ   :   62 entregas | 31.9s | ETA ~6min
10:51:44 INFO     [8/15] → funai_anexo_de_entregas_repactuado_2026_2027_assinado_assinado_assinado.pdf
10:51:44 INFO     detected formats: [<InputFormat.PDF: 'pdf'>]
10:51:44 INFO     Going to convert document batch...
10:51:44 INFO     Processing document funai_anexo_de_entregas_repactuado_2026_2027_assinado_assinado_assinado.pdf
10:51:45 INFO     command: tesseract --psm 0 -l osd /tmp/tmpz18byo2x.png stdout
10:51:46 INFO     command: tesseract -l por /tmp/tmpz18byo2x.png stdout tsv
10:51:59 INFO     Finished converting document funai_anexo_de_entregas_repactuado_2026_2027_assinado_assinado_assinado.pdf in 14.92 sec.
10:51:59 INFO       pixel_budget (Docling) funai_anexo_de_entregas_repactuado_2026_2027_assinado_assinado_assinado.pdf: 49.8% (área tabelas/501212 px²)
10:51:59 INFO     [8/15] ✓ FUNAI     :   22 entregas | 14.9s | ETA ~4min
10:51:59 INFO     [9/15] → funai_ptd_2025_2027_docdiretivo_assinado-1_tarjado.pdf
10:51:59 INFO     detected formats: [<InputFormat.PDF: 'pdf'>]
10:51:59 INFO     Going to convert document batch...
10:51:59 INFO     Processing document funai_ptd_2025_2027_docdiretivo_assinado-1_tarjado.pdf
10:52:00 INFO     command: tesseract --psm 0 -l osd /tmp/tmpma82vum_.png stdout
10:52:01 INFO     command: tesseract -l por /tmp/tmpma82vum_.png stdout tsv
10:52:02 INFO     command: tesseract --psm 0 -l osd /tmp/tmp53glyo4j.png stdout
10:52:03 INFO     command: tesseract -l por /tmp/tmp53glyo4j.png stdout tsv
10:52:07 INFO     command: tesseract --psm 0 -l osd /tmp/tmpho96inx6.png stdout
10:52:08 INFO     command: tesseract -l por /tmp/tmpho96inx6.png stdout tsv
10:52:10 INFO     command: tesseract --psm 0 -l osd /tmp/tmp35666gf8.png stdout
10:52:11 INFO     command: tesseract -l por /tmp/tmp35666gf8.png stdout tsv
10:52:12 INFO     command: tesseract --psm 0 -l osd /tmp/tmpcz1ev6rp.png stdout
10:52:13 INFO     command: tesseract -l por /tmp/tmpcz1ev6rp.png stdout tsv
10:52:15 INFO     command: tesseract --psm 0 -l osd /tmp/tmprhx_zw8r.png stdout
10:52:17 INFO     command: tesseract -l por /tmp/tmprhx_zw8r.png stdout tsv
10:52:27 INFO     command: tesseract --psm 0 -l osd /tmp/tmpo2rs2zmy.png stdout
10:52:28 INFO     command: tesseract -l por /tmp/tmpo2rs2zmy.png stdout tsv
10:52:30 INFO     command: tesseract --psm 0 -l osd /tmp/tmpvwd_yb89.png stdout
10:52:30 INFO     command: tesseract -l por /tmp/tmpvwd_yb89.png stdout tsv
10:52:32 INFO     command: tesseract --psm 0 -l osd /tmp/tmp8e_7ylmx.png stdout
10:52:32 INFO     command: tesseract -l por /tmp/tmp8e_7ylmx.png stdout tsv
10:52:34 INFO     command: tesseract --psm 0 -l osd /tmp/tmp1wobfw4f.png stdout
10:52:36 INFO     command: tesseract -l por /tmp/tmp1wobfw4f.png stdout tsv
10:52:51 INFO     command: tesseract --psm 0 -l osd /tmp/tmpmreorkps.png stdout
10:52:52 INFO     command: tesseract -l por /tmp/tmpmreorkps.png stdout tsv
10:52:57 INFO     command: tesseract --psm 0 -l osd /tmp/tmp01oyur1f.png stdout
10:52:58 INFO     command: tesseract -l por /tmp/tmp01oyur1f.png stdout tsv
10:53:00 INFO     command: tesseract --psm 0 -l osd /tmp/tmpqtxmcxmy.png stdout
10:53:00 INFO     command: tesseract -l por /tmp/tmpqtxmcxmy.png stdout tsv
10:53:07 INFO     Finished converting document funai_ptd_2025_2027_docdiretivo_assinado-1_tarjado.pdf in 67.95 sec.
10:53:07 INFO       pixel_budget (Docling) funai_ptd_2025_2027_docdiretivo_assinado-1_tarjado.pdf: 16.4% (área tabelas/6515754 px²)
10:53:07 INFO     [9/15] ✓ FUNAI     :    8 entregas | 68.0s | ETA ~4min
10:53:07 INFO     [10/15] → incra_anexo_de_entregas_assinado-1_assinado_assinado-copia_tarjada.pdf
10:53:07 INFO     detected formats: [<InputFormat.PDF: 'pdf'>]
10:53:07 INFO     Going to convert document batch...
10:53:07 INFO     Processing document incra_anexo_de_entregas_assinado-1_assinado_assinado-copia_tarjada.pdf
10:53:08 INFO     command: tesseract --psm 0 -l osd /tmp/tmp654f18bj.png stdout
10:53:09 INFO     command: tesseract -l por /tmp/tmp654f18bj.png stdout tsv
10:53:12 INFO     command: tesseract --psm 0 -l osd /tmp/tmp0njj6xj7.png stdout
10:53:13 INFO     command: tesseract -l por /tmp/tmp0njj6xj7.png stdout tsv
10:53:22 INFO     command: tesseract --psm 0 -l osd /tmp/tmp9i3zdsqy.png stdout
10:53:23 INFO     command: tesseract -l por /tmp/tmp9i3zdsqy.png stdout tsv
10:53:24 INFO     command: tesseract --psm 0 -l osd /tmp/tmpigngd5z5.png stdout
10:53:25 INFO     command: tesseract -l por /tmp/tmpigngd5z5.png stdout tsv
10:53:27 INFO     command: tesseract --psm 0 -l osd /tmp/tmpg2r2l88c.png stdout
10:53:28 INFO     command: tesseract -l por /tmp/tmpg2r2l88c.png stdout tsv
10:54:57 INFO     Finished converting document incra_anexo_de_entregas_assinado-1_assinado_assinado-copia_tarjada.pdf in 110.61 sec.
10:54:57 INFO       pixel_budget (Docling) incra_anexo_de_entregas_assinado-1_assinado_assinado-copia_tarjada.pdf: 30.0% (área tabelas/2423520 px²)
10:54:57 INFO     [10/15] ✓ INCRA     :   11 entregas | 110.6s | ETA ~4min
10:54:57 INFO     [11/15] → incra_ptd_docdiretivo__assinado-1_assinado_assinado-copia_tarjada.pdf
10:54:57 INFO     detected formats: [<InputFormat.PDF: 'pdf'>]
10:54:57 INFO     Going to convert document batch...
10:54:57 INFO     Processing document incra_ptd_docdiretivo__assinado-1_assinado_assinado-copia_tarjada.pdf
10:54:59 INFO     command: tesseract --psm 0 -l osd /tmp/tmpzqkv2qgw.png stdout
10:54:59 INFO     command: tesseract -l por /tmp/tmpzqkv2qgw.png stdout tsv
10:55:01 INFO     command: tesseract --psm 0 -l osd /tmp/tmpmf7ln68b.png stdout
10:55:03 INFO     command: tesseract -l por /tmp/tmpmf7ln68b.png stdout tsv
10:55:09 INFO     command: tesseract --psm 0 -l osd /tmp/tmpnv8wpb71.png stdout
10:55:09 INFO     command: tesseract -l por /tmp/tmpnv8wpb71.png stdout tsv
10:55:11 INFO     command: tesseract --psm 0 -l osd /tmp/tmpue245y4a.png stdout
10:55:12 INFO     command: tesseract -l por /tmp/tmpue245y4a.png stdout tsv
10:55:14 INFO     command: tesseract --psm 0 -l osd /tmp/tmp193bnndq.png stdout
10:55:15 INFO     command: tesseract -l por /tmp/tmp193bnndq.png stdout tsv
10:55:17 INFO     command: tesseract --psm 0 -l osd /tmp/tmpy247mn79.png stdout
10:55:18 INFO     command: tesseract -l por /tmp/tmpy247mn79.png stdout tsv
10:55:31 INFO     command: tesseract --psm 0 -l osd /tmp/tmpuwxkzuhs.png stdout
10:55:32 INFO     command: tesseract -l por /tmp/tmpuwxkzuhs.png stdout tsv
10:55:34 INFO     command: tesseract --psm 0 -l osd /tmp/tmpn7cga937.png stdout
10:55:34 INFO     command: tesseract -l por /tmp/tmpn7cga937.png stdout tsv
10:55:36 INFO     command: tesseract --psm 0 -l osd /tmp/tmp69bv3uun.png stdout
10:55:37 INFO     command: tesseract -l por /tmp/tmp69bv3uun.png stdout tsv
10:55:39 INFO     command: tesseract --psm 0 -l osd /tmp/tmpq0abce31.png stdout
10:55:40 INFO     command: tesseract -l por /tmp/tmpq0abce31.png stdout tsv
10:55:44 INFO     command: tesseract --psm 0 -l osd /tmp/tmpbq0yupsp.png stdout
10:55:45 INFO     command: tesseract -l por /tmp/tmpbq0yupsp.png stdout tsv
10:55:54 INFO     command: tesseract --psm 0 -l osd /tmp/tmpmmnsw863.png stdout
10:55:55 INFO     command: tesseract -l por /tmp/tmpmmnsw863.png stdout tsv
10:55:57 INFO     command: tesseract --psm 0 -l osd /tmp/tmp7c0mlq52.png stdout
10:55:58 INFO     command: tesseract -l por /tmp/tmp7c0mlq52.png stdout tsv
10:56:06 INFO     Finished converting document incra_ptd_docdiretivo__assinado-1_assinado_assinado-copia_tarjada.pdf in 68.30 sec.
10:56:06 INFO       pixel_budget (Docling) incra_ptd_docdiretivo__assinado-1_assinado_assinado-copia_tarjada.pdf: 20.2% (área tabelas/6515754 px²)
10:56:06 INFO     [11/15] ✓ INCRA     :    9 entregas | 68.3s | ETA ~3min
10:56:06 INFO     [12/15] → iti_anexo_de_entregas_assinado.pdf
10:56:06 INFO     detected formats: [<InputFormat.PDF: 'pdf'>]
10:56:06 INFO     Going to convert document batch...
10:56:06 INFO     Processing document iti_anexo_de_entregas_assinado.pdf
10:56:07 INFO     command: tesseract --psm 0 -l osd /tmp/tmpxop73gp4.png stdout
10:56:07 INFO     command: tesseract -l por /tmp/tmpxop73gp4.png stdout tsv
10:56:23 INFO     Finished converting document iti_anexo_de_entregas_assinado.pdf in 17.30 sec.
10:56:23 INFO       pixel_budget (Docling) iti_anexo_de_entregas_assinado.pdf: 57.2% (área tabelas/501212 px²)
10:56:23 INFO     [12/15] ✓ ITI       :   31 entregas | 17.3s | ETA ~2min
10:56:23 INFO     [13/15] → iti_doc_diretivo_assinado-1_tarjado.pdf
10:56:23 INFO     detected formats: [<InputFormat.PDF: 'pdf'>]
10:56:23 INFO     Going to convert document batch...
10:56:23 INFO     Processing document iti_doc_diretivo_assinado-1_tarjado.pdf
10:56:24 INFO     command: tesseract --psm 0 -l osd /tmp/tmpke23xe2l.png stdout
10:56:24 INFO     command: tesseract -l por /tmp/tmpke23xe2l.png stdout tsv
10:56:26 INFO     command: tesseract --psm 0 -l osd /tmp/tmpcz3jpt66.png stdout
10:56:28 INFO     command: tesseract -l por /tmp/tmpcz3jpt66.png stdout tsv
10:56:32 INFO     command: tesseract --psm 0 -l osd /tmp/tmpoer5hzv8.png stdout
10:56:32 INFO     command: tesseract -l por /tmp/tmpoer5hzv8.png stdout tsv
10:56:34 INFO     command: tesseract --psm 0 -l osd /tmp/tmpfs32dmnn.png stdout
10:56:35 INFO     command: tesseract -l por /tmp/tmpfs32dmnn.png stdout tsv
10:56:37 INFO     command: tesseract --psm 0 -l osd /tmp/tmp_zhd9hgy.png stdout
10:56:38 INFO     command: tesseract -l por /tmp/tmp_zhd9hgy.png stdout tsv
10:56:40 INFO     command: tesseract --psm 0 -l osd /tmp/tmpnzlbu3nd.png stdout
10:56:41 INFO     command: tesseract -l por /tmp/tmpnzlbu3nd.png stdout tsv
10:56:53 INFO     command: tesseract --psm 0 -l osd /tmp/tmpioxhvxop.png stdout
10:56:54 INFO     command: tesseract -l por /tmp/tmpioxhvxop.png stdout tsv
10:56:57 INFO     command: tesseract --psm 0 -l osd /tmp/tmpdd2goxyr.png stdout
10:56:58 INFO     command: tesseract -l por /tmp/tmpdd2goxyr.png stdout tsv
10:57:00 INFO     command: tesseract --psm 0 -l osd /tmp/tmpg0nl7oo0.png stdout
10:57:01 INFO     command: tesseract -l por /tmp/tmpg0nl7oo0.png stdout tsv
10:57:03 INFO     command: tesseract --psm 0 -l osd /tmp/tmp3a26awcb.png stdout
10:57:04 INFO     command: tesseract -l por /tmp/tmp3a26awcb.png stdout tsv
10:57:12 INFO     command: tesseract --psm 0 -l osd /tmp/tmpamyh7wzd.png stdout
10:57:13 INFO     command: tesseract -l por /tmp/tmpamyh7wzd.png stdout tsv
10:57:21 INFO     Finished converting document iti_doc_diretivo_assinado-1_tarjado.pdf in 57.81 sec.
10:57:21 INFO       pixel_budget (Docling) iti_doc_diretivo_assinado-1_tarjado.pdf: 8.0% (área tabelas/5516339 px²)
10:57:21 INFO     [13/15] ✓ ITI       :    6 entregas | 57.8s | ETA ~1min
10:57:21 INFO     [14/15] → sgpr_ptd_2025_2027_anexo_de_entregas_assinado-copia_tarjada.pdf
10:57:21 INFO     detected formats: [<InputFormat.PDF: 'pdf'>]
10:57:21 INFO     Going to convert document batch...
10:57:21 INFO     Processing document sgpr_ptd_2025_2027_anexo_de_entregas_assinado-copia_tarjada.pdf
10:57:22 INFO     command: tesseract --psm 0 -l osd /tmp/tmps8koxi_y.png stdout
10:57:23 INFO     command: tesseract -l por /tmp/tmps8koxi_y.png stdout tsv
10:57:26 INFO     command: tesseract --psm 0 -l osd /tmp/tmpot2zdbkc.png stdout
10:57:27 INFO     command: tesseract -l por /tmp/tmpot2zdbkc.png stdout tsv
10:57:39 INFO     Finished converting document sgpr_ptd_2025_2027_anexo_de_entregas_assinado-copia_tarjada.pdf in 18.43 sec.
10:57:39 INFO       pixel_budget (Docling) sgpr_ptd_2025_2027_anexo_de_entregas_assinado-copia_tarjada.pdf: 29.5% (área tabelas/1002424 px²)
10:57:39 INFO     [14/15] ✓ SGPR      :   18 entregas | 18.4s | ETA ~48s
10:57:39 INFO     [15/15] → sgpr_ptd_2026_2027_docdiretivo_assinado-copia_tarjada.pdf
10:57:39 INFO     detected formats: [<InputFormat.PDF: 'pdf'>]
10:57:39 INFO     Going to convert document batch...
10:57:39 INFO     Processing document sgpr_ptd_2026_2027_docdiretivo_assinado-copia_tarjada.pdf
10:57:59 INFO     Finished converting document sgpr_ptd_2026_2027_docdiretivo_assinado-copia_tarjada.pdf in 19.92 sec.
10:57:59 INFO       pixel_budget (Docling) sgpr_ptd_2026_2027_docdiretivo_assinado-copia_tarjada.pdf: 8.2% (área tabelas/5513330 px²)
10:57:59 WARNING  [15/15] ⚠ SGPR      :    0 entregas | 19.9s | ETA ~0s
10:57:59 INFO     261 registros | 7 órgãos
10:57:59 INFO     ╔══════════════════════════════════════════════════════════════╗
10:57:59 INFO     ║                  ENTREGAS — fase concluída                   ║
10:57:59 INFO     ║  Processados: 15    |  ✓ 11  ⚠ 4                             ║
10:57:59 INFO     ║  Duração: 11.5 min                                           ║
10:57:59 INFO     ║  261 registros | 7 órgãos                                    ║
10:57:59 INFO     ╚══════════════════════════════════════════════════════════════╝
10:57:59 INFO     [1/7] → agu_ptd_2025_2027_docdiretivo_assinado_assinado_assinado-copia_tarjada.pdf
10:57:59 INFO     detected formats: [<InputFormat.PDF: 'pdf'>]
10:57:59 INFO     Going to convert document batch...
10:57:59 INFO     Processing document agu_ptd_2025_2027_docdiretivo_assinado_assinado_assinado-copia_tarjada.pdf
10:58:00 INFO     command: tesseract --psm 0 -l osd /tmp/tmpgnit82wf.png stdout
10:58:00 INFO     command: tesseract -l por /tmp/tmpgnit82wf.png stdout tsv
10:58:03 INFO     command: tesseract --psm 0 -l osd /tmp/tmp292x8n9b.png stdout
10:58:04 INFO     command: tesseract -l por /tmp/tmp292x8n9b.png stdout tsv
10:58:07 INFO     command: tesseract --psm 0 -l osd /tmp/tmpr6rj81of.png stdout
10:58:08 INFO     command: tesseract -l por /tmp/tmpr6rj81of.png stdout tsv
10:58:10 INFO     command: tesseract --psm 0 -l osd /tmp/tmpf4cxckb5.png stdout
10:58:11 INFO     command: tesseract -l por /tmp/tmpf4cxckb5.png stdout tsv
10:58:13 INFO     command: tesseract --psm 0 -l osd /tmp/tmpepzph50q.png stdout
10:58:14 INFO     command: tesseract -l por /tmp/tmpepzph50q.png stdout tsv
10:58:16 INFO     command: tesseract --psm 0 -l osd /tmp/tmp5p7l6awh.png stdout
10:58:18 INFO     command: tesseract -l por /tmp/tmp5p7l6awh.png stdout tsv
10:58:28 INFO     command: tesseract --psm 0 -l osd /tmp/tmpora4733_.png stdout
10:58:29 INFO     command: tesseract -l por /tmp/tmpora4733_.png stdout tsv
10:58:31 INFO     command: tesseract --psm 0 -l osd /tmp/tmpkf30k1ek.png stdout
10:58:32 INFO     command: tesseract -l por /tmp/tmpkf30k1ek.png stdout tsv
10:58:34 INFO     command: tesseract --psm 0 -l osd /tmp/tmptkzzbd1w.png stdout
10:58:35 INFO     command: tesseract -l por /tmp/tmptkzzbd1w.png stdout tsv
10:58:37 INFO     command: tesseract --psm 0 -l osd /tmp/tmpdzv_vs0o.png stdout
10:58:38 INFO     command: tesseract -l por /tmp/tmpdzv_vs0o.png stdout tsv
10:58:49 INFO     command: tesseract --psm 0 -l osd /tmp/tmpnu1d4h6f.png stdout
10:58:50 INFO     command: tesseract -l por /tmp/tmpnu1d4h6f.png stdout tsv
10:58:54 INFO     Finished converting document agu_ptd_2025_2027_docdiretivo_assinado_assinado_assinado-copia_tarjada.pdf in 55.15 sec.
10:58:54 INFO     [1/7] ✓ AGU       :   7 riscos | 55.2s | ETA ~5min
10:58:54 INFO     [2/7] → documento-diretivo-mcom-_-ptd-25_27-copia_tarjada.pdf
10:58:54 INFO     detected formats: [<InputFormat.PDF: 'pdf'>]
10:58:54 INFO     Going to convert document batch...
10:58:54 INFO     Processing document documento-diretivo-mcom-_-ptd-25_27-copia_tarjada.pdf
10:58:55 INFO     command: tesseract --psm 0 -l osd /tmp/tmp0rmmmi3o.png stdout
10:58:55 INFO     command: tesseract -l por /tmp/tmp0rmmmi3o.png stdout tsv
10:58:58 INFO     command: tesseract --psm 0 -l osd /tmp/tmpjurviecp.png stdout
10:59:00 INFO     command: tesseract -l por /tmp/tmpjurviecp.png stdout tsv
10:59:06 INFO     command: tesseract --psm 0 -l osd /tmp/tmpho4y4m9v.png stdout
10:59:07 INFO     command: tesseract -l por /tmp/tmpho4y4m9v.png stdout tsv
10:59:08 INFO     command: tesseract --psm 0 -l osd /tmp/tmpug8t3wt5.png stdout
10:59:09 INFO     command: tesseract -l por /tmp/tmpug8t3wt5.png stdout tsv
10:59:10 INFO     command: tesseract --psm 0 -l osd /tmp/tmpp8aqi39u.png stdout
10:59:11 INFO     command: tesseract -l por /tmp/tmpp8aqi39u.png stdout tsv
10:59:14 INFO     command: tesseract --psm 0 -l osd /tmp/tmpse8j6g52.png stdout
10:59:15 INFO     command: tesseract -l por /tmp/tmpse8j6g52.png stdout tsv
10:59:32 INFO     command: tesseract --psm 0 -l osd /tmp/tmptw42vhiy.png stdout
10:59:33 INFO     command: tesseract -l por /tmp/tmptw42vhiy.png stdout tsv
10:59:35 INFO     command: tesseract --psm 0 -l osd /tmp/tmpeocx3t33.png stdout
10:59:36 INFO     command: tesseract -l por /tmp/tmpeocx3t33.png stdout tsv
10:59:38 INFO     command: tesseract --psm 0 -l osd /tmp/tmpyw7ikh6f.png stdout
10:59:39 INFO     command: tesseract -l por /tmp/tmpyw7ikh6f.png stdout tsv
10:59:41 INFO     command: tesseract --psm 0 -l osd /tmp/tmp6rluvq_g.png stdout
10:59:42 INFO     command: tesseract -l por /tmp/tmp6rluvq_g.png stdout tsv
10:59:48 INFO     command: tesseract --psm 0 -l osd /tmp/tmptji8wplt.png stdout
10:59:49 INFO     command: tesseract -l por /tmp/tmptji8wplt.png stdout tsv
10:59:54 INFO     command: tesseract --psm 0 -l osd /tmp/tmptsr7g1rx.png stdout
10:59:54 INFO     command: tesseract -l por /tmp/tmptsr7g1rx.png stdout tsv
10:59:56 INFO     command: tesseract --psm 0 -l osd /tmp/tmpl7d1c95f.png stdout
10:59:57 INFO     command: tesseract -l por /tmp/tmpl7d1c95f.png stdout tsv
10:59:59 INFO     command: tesseract --psm 0 -l osd /tmp/tmpyswqcji6.png stdout
11:00:00 INFO     command: tesseract -l por /tmp/tmpyswqcji6.png stdout tsv
11:00:06 INFO     Finished converting document documento-diretivo-mcom-_-ptd-25_27-copia_tarjada.pdf in 71.33 sec.
11:00:06 INFO     [2/7] ✓ MCOM      :  14 riscos | 71.3s | ETA ~5min
11:00:06 INFO     [3/7] → fiocruz_novo-ptd_2-1_docdiretivo_repactuacao_2024-2026_assinado_assinado-copia_tarjada.pdf
11:00:06 INFO     detected formats: [<InputFormat.PDF: 'pdf'>]
11:00:06 INFO     Going to convert document batch...
11:00:06 INFO     Processing document fiocruz_novo-ptd_2-1_docdiretivo_repactuacao_2024-2026_assinado_assinado-copia_tarjada.pdf
11:00:23 INFO     Finished converting document fiocruz_novo-ptd_2-1_docdiretivo_repactuacao_2024-2026_assinado_assinado-copia_tarjada.pdf in 17.63 sec.
11:00:23 INFO     [3/7] ✓ FIOCRUZ   :   6 riscos | 17.6s | ETA ~3min
11:00:23 INFO     [4/7] → funai_ptd_2025_2027_docdiretivo_assinado-1_tarjado.pdf
11:00:23 INFO     detected formats: [<InputFormat.PDF: 'pdf'>]
11:00:23 INFO     Going to convert document batch...
11:00:23 INFO     Processing document funai_ptd_2025_2027_docdiretivo_assinado-1_tarjado.pdf
11:00:25 INFO     command: tesseract --psm 0 -l osd /tmp/tmp7g2nw6fv.png stdout
11:00:25 INFO     command: tesseract -l por /tmp/tmp7g2nw6fv.png stdout tsv
11:00:27 INFO     command: tesseract --psm 0 -l osd /tmp/tmpldvkfwb8.png stdout
11:00:28 INFO     command: tesseract -l por /tmp/tmpldvkfwb8.png stdout tsv
11:00:32 INFO     command: tesseract --psm 0 -l osd /tmp/tmp69nqbo66.png stdout
11:00:33 INFO     command: tesseract -l por /tmp/tmp69nqbo66.png stdout tsv
11:00:35 INFO     command: tesseract --psm 0 -l osd /tmp/tmpeynqpmf1.png stdout
11:00:36 INFO     command: tesseract -l por /tmp/tmpeynqpmf1.png stdout tsv
11:00:37 INFO     command: tesseract --psm 0 -l osd /tmp/tmp1e3fk9u_.png stdout
11:00:38 INFO     command: tesseract -l por /tmp/tmp1e3fk9u_.png stdout tsv
11:00:40 INFO     command: tesseract --psm 0 -l osd /tmp/tmpm31r0w8p.png stdout
11:00:42 INFO     command: tesseract -l por /tmp/tmpm31r0w8p.png stdout tsv
11:00:52 INFO     command: tesseract --psm 0 -l osd /tmp/tmpc3x7gue2.png stdout
11:00:53 INFO     command: tesseract -l por /tmp/tmpc3x7gue2.png stdout tsv
11:00:54 INFO     command: tesseract --psm 0 -l osd /tmp/tmpvbpcry_0.png stdout
11:00:55 INFO     command: tesseract -l por /tmp/tmpvbpcry_0.png stdout tsv
11:00:56 INFO     command: tesseract --psm 0 -l osd /tmp/tmpk4rvqq1t.png stdout
11:00:57 INFO     command: tesseract -l por /tmp/tmpk4rvqq1t.png stdout tsv
11:00:59 INFO     command: tesseract --psm 0 -l osd /tmp/tmpg_jxto9x.png stdout
11:01:00 INFO     command: tesseract -l por /tmp/tmpg_jxto9x.png stdout tsv
11:01:17 INFO     command: tesseract --psm 0 -l osd /tmp/tmpxujvg5zh.png stdout
11:01:18 INFO     command: tesseract -l por /tmp/tmpxujvg5zh.png stdout tsv
11:01:22 INFO     command: tesseract --psm 0 -l osd /tmp/tmp08yok715.png stdout
11:01:22 INFO     command: tesseract -l por /tmp/tmp08yok715.png stdout tsv
11:01:24 INFO     command: tesseract --psm 0 -l osd /tmp/tmptohhvy3z.png stdout
11:01:25 INFO     command: tesseract -l por /tmp/tmptohhvy3z.png stdout tsv
11:01:31 INFO     Finished converting document funai_ptd_2025_2027_docdiretivo_assinado-1_tarjado.pdf in 67.78 sec.
11:01:31 INFO     [4/7] ✓ FUNAI     :  15 riscos | 67.8s | ETA ~2min
11:01:31 INFO     [5/7] → incra_ptd_docdiretivo__assinado-1_assinado_assinado-copia_tarjada.pdf
11:01:31 INFO     detected formats: [<InputFormat.PDF: 'pdf'>]
11:01:31 INFO     Going to convert document batch...
11:01:31 INFO     Processing document incra_ptd_docdiretivo__assinado-1_assinado_assinado-copia_tarjada.pdf
11:01:32 INFO     command: tesseract --psm 0 -l osd /tmp/tmppagj7pj1.png stdout
11:01:33 INFO     command: tesseract -l por /tmp/tmppagj7pj1.png stdout tsv
11:01:35 INFO     command: tesseract --psm 0 -l osd /tmp/tmpum_dy9b7.png stdout
11:01:37 INFO     command: tesseract -l por /tmp/tmpum_dy9b7.png stdout tsv
11:01:43 INFO     command: tesseract --psm 0 -l osd /tmp/tmpdnzvdoey.png stdout
11:01:44 INFO     command: tesseract -l por /tmp/tmpdnzvdoey.png stdout tsv
11:01:46 INFO     command: tesseract --psm 0 -l osd /tmp/tmp6zzx08as.png stdout
11:01:46 INFO     command: tesseract -l por /tmp/tmp6zzx08as.png stdout tsv
11:01:48 INFO     command: tesseract --psm 0 -l osd /tmp/tmpzdwnrrxn.png stdout
11:01:49 INFO     command: tesseract -l por /tmp/tmpzdwnrrxn.png stdout tsv
11:01:51 INFO     command: tesseract --psm 0 -l osd /tmp/tmp1x2h1m5r.png stdout
11:01:52 INFO     command: tesseract -l por /tmp/tmp1x2h1m5r.png stdout tsv
11:02:09 INFO     command: tesseract --psm 0 -l osd /tmp/tmpuwi_zn9g.png stdout
11:02:10 INFO     command: tesseract -l por /tmp/tmpuwi_zn9g.png stdout tsv
11:02:11 INFO     command: tesseract --psm 0 -l osd /tmp/tmpovde7_5g.png stdout
11:02:12 INFO     command: tesseract -l por /tmp/tmpovde7_5g.png stdout tsv
11:02:14 INFO     command: tesseract --psm 0 -l osd /tmp/tmp0dk55e8s.png stdout
11:02:14 INFO     command: tesseract -l por /tmp/tmp0dk55e8s.png stdout tsv
11:02:16 INFO     command: tesseract --psm 0 -l osd /tmp/tmpl3_k9ysp.png stdout
11:02:17 INFO     command: tesseract -l por /tmp/tmpl3_k9ysp.png stdout tsv
11:02:21 INFO     command: tesseract --psm 0 -l osd /tmp/tmp8r6al1i9.png stdout
11:02:22 INFO     command: tesseract -l por /tmp/tmp8r6al1i9.png stdout tsv
11:02:26 INFO     command: tesseract --psm 0 -l osd /tmp/tmp_z8auglj.png stdout
11:02:27 INFO     command: tesseract -l por /tmp/tmp_z8auglj.png stdout tsv
11:02:35 INFO     command: tesseract --psm 0 -l osd /tmp/tmpl9b8sagq.png stdout
11:02:36 INFO     command: tesseract -l por /tmp/tmpl9b8sagq.png stdout tsv
11:02:43 INFO     Finished converting document incra_ptd_docdiretivo__assinado-1_assinado_assinado-copia_tarjada.pdf in 72.10 sec.
11:02:43 INFO     [5/7] ✓ INCRA     :  15 riscos | 72.1s | ETA ~1min
11:02:43 INFO     [6/7] → iti_doc_diretivo_assinado-1_tarjado.pdf
11:02:43 INFO     detected formats: [<InputFormat.PDF: 'pdf'>]
11:02:43 INFO     Going to convert document batch...
11:02:43 INFO     Processing document iti_doc_diretivo_assinado-1_tarjado.pdf
11:02:44 INFO     command: tesseract --psm 0 -l osd /tmp/tmp95faz19n.png stdout
11:02:44 INFO     command: tesseract -l por /tmp/tmp95faz19n.png stdout tsv
11:02:47 INFO     command: tesseract --psm 0 -l osd /tmp/tmpq8x67u06.png stdout
11:02:48 INFO     command: tesseract -l por /tmp/tmpq8x67u06.png stdout tsv
11:02:51 INFO     command: tesseract --psm 0 -l osd /tmp/tmpfz_ohjss.png stdout
11:02:52 INFO     command: tesseract -l por /tmp/tmpfz_ohjss.png stdout tsv
11:02:54 INFO     command: tesseract --psm 0 -l osd /tmp/tmplsxnvkkg.png stdout
11:02:55 INFO     command: tesseract -l por /tmp/tmplsxnvkkg.png stdout tsv
11:02:56 INFO     command: tesseract --psm 0 -l osd /tmp/tmpy6p13rjj.png stdout
11:02:57 INFO     command: tesseract -l por /tmp/tmpy6p13rjj.png stdout tsv
11:02:59 INFO     command: tesseract --psm 0 -l osd /tmp/tmp32f6wod2.png stdout
11:03:00 INFO     command: tesseract -l por /tmp/tmp32f6wod2.png stdout tsv
11:03:16 INFO     command: tesseract --psm 0 -l osd /tmp/tmpaproc_5a.png stdout
11:03:17 INFO     command: tesseract -l por /tmp/tmpaproc_5a.png stdout tsv
11:03:19 INFO     command: tesseract --psm 0 -l osd /tmp/tmpqihnz_cu.png stdout
11:03:20 INFO     command: tesseract -l por /tmp/tmpqihnz_cu.png stdout tsv
11:03:22 INFO     command: tesseract --psm 0 -l osd /tmp/tmpgjhgw_wv.png stdout
11:03:23 INFO     command: tesseract -l por /tmp/tmpgjhgw_wv.png stdout tsv
11:03:25 INFO     command: tesseract --psm 0 -l osd /tmp/tmppca03r4w.png stdout
11:03:26 INFO     command: tesseract -l por /tmp/tmppca03r4w.png stdout tsv
11:03:36 INFO     command: tesseract --psm 0 -l osd /tmp/tmpl3a0d0ug.png stdout
11:03:37 INFO     command: tesseract -l por /tmp/tmpl3a0d0ug.png stdout tsv
11:03:42 INFO     Finished converting document iti_doc_diretivo_assinado-1_tarjado.pdf in 58.78 sec.
11:03:42 INFO     [6/7] ✓ ITI       :  14 riscos | 58.8s | ETA ~57s
11:03:42 INFO     [7/7] → sgpr_ptd_2026_2027_docdiretivo_assinado-copia_tarjada.pdf
11:03:42 INFO     detected formats: [<InputFormat.PDF: 'pdf'>]
11:03:42 INFO     Going to convert document batch...
11:03:42 INFO     Processing document sgpr_ptd_2026_2027_docdiretivo_assinado-copia_tarjada.pdf
11:04:02 INFO     Finished converting document sgpr_ptd_2026_2027_docdiretivo_assinado-copia_tarjada.pdf in 19.71 sec.
11:04:02 INFO     [7/7] ✓ SGPR      :  10 riscos | 19.7s | ETA ~0s
11:04:02 INFO     ╔══════════════════════════════════════════════════════════════╗
11:04:02 INFO     ║                   RISCOS — fase concluída                    ║
11:04:02 INFO     ║  Processados: 7     |  ✓ 7  ⚠ 0                              ║
11:04:02 INFO     ║  Duração: 6.0 min                                            ║
11:04:02 INFO     ║  81 riscos | 7 órgãos                                        ║
11:04:02 INFO     ╚══════════════════════════════════════════════════════════════╝
11:04:02 INFO     81 riscos | 0 ações | 135 relações
11:04:02 INFO     ptd_corpus_raw                     : 261 linhas
11:04:02 INFO     ptd_pivot_eixos                    : 7 linhas
11:04:05 INFO     ptd_datas_assinatura               : 132 linhas
11:04:05 INFO     ptd_riscos                         : 81 linhas
11:04:05 INFO     ptd_riscos_acoes                   : 135 linhas
11:04:05 INFO     Manifesto salvo: pipeline_manifest.json | SHA-256 de 132 PDFs
11:04:05 INFO     ==================================================
11:04:05 INFO     PTD-BR v3.0-melhorado — PIPELINE CONCLUÍDO
11:04:05 INFO     ==================================================
11:04:05 INFO     ptd_corpus_raw.csv                        160 KB
11:04:05 INFO     ptd_pivot_eixos.csv                         0 KB
11:04:05 INFO     ptd_datas_assinatura.csv                    9 KB
11:04:05 INFO     ptd_riscos.csv                             23 KB
11:04:05 INFO     ptd_riscos_acoes.csv                        2 KB
11:04:05 INFO     proveniencia.json                           0 KB
11:04:05 INFO     pipeline_manifest.json                     20 KB
11:04:05 INFO     📦 Artefatos: https://github.com/freirelucas/teste/actions/runs/23999755798
11:04:05 INFO     ==================================================
