17:57:49 INFO     Docling disponível
17:57:49 WARNING  OCR fallback indisponível (IndentationError: unexpected indent (ptd_ocr_fallback.py, line 45))
17:57:50 INFO     Ignorado (guia/template/norma): ABNT-NBR-17225-Acessibilidade-Digital.pdf
17:57:50 INFO     Ignorado (guia/template/norma): cgrep-guia10passos-ptd-orgao.pdf
17:57:50 INFO     Ignorado (guia/template/norma): ABNT-NBR-17225-Acessibilidade-Digital.pdf
17:57:50 INFO     Scraping: 132 PDFs únicos | entregas: 68 | diretivos: 61
17:57:50 INFO     Baixando 132 PDFs únicos...
17:57:51 INFO     ✓ [  1/132] abin_ptd_anexo_de_entregas_assinado_pelo_orgao_ass   293.3KB
17:57:55 INFO     ✓ [  2/132] aeb_ptd_2025_2027_docdiretivo_aprovado_assinado-1_  1033.7KB
17:57:57 INFO     ✓ [  3/132] aeb_ptd_2025_2027_anexo_de_entregas_aprovado_assin   154.5KB
17:58:02 INFO     ✓ [  4/132] agu_ptd_2025_2027_docdiretivo_assinado_assinado_as  2860.3KB
17:58:05 INFO     ✓ [  5/132] agu_ptd_2025_2027_anexo_de_entregas_assinado_assin   525.5KB
17:58:08 INFO     ✓ [  6/132] ana_ptd_2025_2027_docdiretivo_assinado_assinado_as   477.2KB
17:58:10 INFO     ✓ [  7/132] ana_ptd_2025_2027_anexoentregas_assinado_assinado_   170.9KB
17:58:13 INFO     ✓ [  8/132] anac_ptd_2025_2026_docdiretivo_se_assinado_tarjado  1036.3KB
17:58:15 INFO     ✓ [  9/132] anac_ptd_2025_2026_anexo_de_entregas_se_assinado.p   215.2KB
17:58:19 INFO     ✓ [ 10/132] anatel_ptd_docdiretivo_assinado_2025_2026_assinado  1006.0KB
17:58:21 INFO     ✓ [ 11/132] anatel_ptd_2025_2026_anexo_de_entregas_do_ptd_publ    71.9KB
17:58:24 INFO     ✓ [ 12/132] ancine_ptd_2024_2026_docdiretivo_assinado-2_assina   961.8KB
17:58:27 INFO     ✓ [ 13/132] ancine_ptd_2024_2026_-_anexo_de_entregas_aprovado_   613.2KB
17:58:30 INFO     ✓ [ 14/132] ptd_aneel_2025-2027_docdiretivo_assinado_tarjado.p   779.6KB
17:58:32 INFO     ✓ [ 15/132] ptd_aneel_2025-2027_anexo_de_entregas_assinado.pdf   111.9KB
17:58:35 INFO     ✓ [ 16/132] anm_ptd_2025_2027_docdiretivo_assinadopeloorgao_ta  1092.5KB
17:58:39 INFO     ✓ [ 17/132] anm_ptd_2025_2027_anexo_entregas_assinadopeloorgao  1140.4KB
17:58:42 INFO     ✓ [ 18/132] anpd_ptd_2025_2027_docdiretivo_assinado_assinado_a  1044.3KB
17:58:44 INFO     ✓ [ 19/132] anpd_ptd_2025_2027_anexo_de_entregas_assinado_assi   166.5KB
17:58:47 INFO     ✓ [ 20/132] ans-plano_de_transformacao_digital_assinado-copia_  1023.4KB
17:58:49 INFO     ✓ [ 21/132] ans_ptd_2025_2026_anexo_de_entregas_assinado_assin   124.1KB
17:58:52 INFO     ✓ [ 22/132] antaq_ptd_2025_2027_docdiretivo_assinado_assinado_  1039.8KB
17:58:55 INFO     ✓ [ 23/132] antaq_ptd_2025_2027_anexoentregas_assinado_assinad   145.1KB
17:58:57 INFO     ✓ [ 24/132] mt_anexo_de_entregas_-_assinado_assinado_assinado_   143.6KB
17:59:05 INFO     ✓ [ 25/132] anvisa_ptd_docdiretivo_2025-2026_assinado_assinado  5771.2KB
17:59:08 INFO     ✓ [ 26/132] anvisa_ptd_anexo_de_entregas_2025_2026_assinado_as   239.0KB
17:59:10 INFO     ✓ [ 27/132] bcb_documento_diretivo_assinado_assinado_assinado-   713.7KB
17:59:13 INFO     ✓ [ 28/132] bcb_anexo_de_entregas_ptd_25_26-1_assinado_assinad   134.8KB
17:59:16 INFO     ✓ [ 29/132] cade_ptd_docdiretivo_2025_2026_assinado-2_assinado   810.4KB
17:59:19 INFO     ✓ [ 30/132] cade_ptd_anexo_de_entregas_2025_2026_assinado_copi   504.0KB
17:59:22 INFO     ✓ [ 31/132] mec_ptd_docdiretivo_2025-2026_sei_mec-5566673_copi   863.1KB
17:59:25 INFO     ✓ [ 32/132] mec_ptd_anexo-de-entregas_sei_mec-5576401_copia_ta   495.7KB
17:59:29 INFO     ✓ [ 33/132] mec_ptd_docdiretivo-versao-comunicacao_copia_tarja  1616.5KB
17:59:32 INFO     ✓ [ 34/132] md_ptd_2026_2027_anexo_de_entregas_assinado_assina   579.4KB
17:59:35 INFO     ✓ [ 35/132] md_ptd_2026_2027_anexo_de_entregas_assinado_assina   186.8KB
17:59:39 INFO     ✓ [ 36/132] md_ptd_temp_copia_tarjada.pdf                        741.9KB
17:59:42 INFO     ✓ [ 37/132] cgu_ptd_docdiretivo_assinado_assinado_assinado-cop  1085.4KB
17:59:45 INFO     ✓ [ 38/132] cgu_ptd_anexo_de_entregas_pactuadas_assinado_assin   514.1KB
17:59:48 INFO     ✓ [ 39/132] cnpq_ptd_2025_2027_docdiretivo_assinado_assinado_a   342.9KB
17:59:50 INFO     ✓ [ 40/132] cnpq_ptd_2025_2027_anexo_de_entregas_assinado_assi   136.1KB
17:59:53 INFO     ✓ [ 41/132] coaf_ptd_2025_2026_documento_diretivo_assinado_ass  1068.0KB
17:59:59 INFO     ✓ [ 42/132] coaf_ptd_2025_2026_anexo_de_entregas-2_assinado_as  3184.5KB
18:00:05 INFO     ✓ [ 43/132] ptd_midr-docdiretivo_aprovado_assinado_tarjado.pdf  3864.1KB
18:00:09 INFO     ✓ [ 44/132] ptd_midr_-_anexo_de_entregas_-_aprovado_assinado.p  1122.0KB
18:00:12 INFO     ✓ [ 45/132] mda-documento-diretivo-assinado_ptd-2025-207-copia   955.8KB
18:00:14 INFO     ✓ [ 46/132] cvm_ptd_2025_2027_docdiretivo_assinado_assinado_as   270.5KB
18:00:17 INFO     ✓ [ 47/132] cvm_ptd_2025_2027_anexoentregas_assinado_assinado_   409.0KB
18:00:20 INFO     ✓ [ 48/132] dnocs_ptd_doc_diretivo_2025_2026_assinado_orgao-2_   891.1KB
18:00:23 INFO     ✓ [ 49/132] dnocs_anexo_de_entregas_repactuado_2025_2026_assin   272.3KB
18:00:28 INFO     ✓ [ 50/132] fbn_ptd_2025_2027_docdiretivo_assinado-1_tarjado.p  2921.6KB
18:00:30 INFO     ✓ [ 51/132] fbn_ptd_2025_2027_anexo_de_entregas_assinado-1.pdf   162.3KB
18:00:35 INFO     ✓ [ 52/132] fcp_ptd_2025_2027_docdiretivo_assinado-1_tarjado.p  1612.0KB
18:00:37 INFO     ✓ [ 53/132] fcp_ptd_2025_2027_anexo_de_entregas_assinado-1.pdf   118.8KB
18:00:40 INFO     ✓ [ 54/132] fcrb_ptd_2025_2026_docdiretivo_aprovado_assinado-1   998.2KB
18:00:43 INFO     ✓ [ 55/132] fcrb_ptd_2025_2026_anexo_de_entregas_aprovado_assi   313.5KB
18:00:47 INFO     ✓ [ 56/132] fiocruz_novo-ptd_2-1_docdiretivo_repactuacao_2024-  1318.1KB
18:00:49 INFO     ✓ [ 57/132] fiocruz_ptd_anexo_de_entregas_assinado_v1_assinado   257.1KB
18:00:53 INFO     ✓ [ 58/132] fiocruz-ptd-06_2024-copia_tarjada.pdf               1693.8KB
18:00:58 INFO     ✓ [ 59/132] funai_ptd_2025_2027_docdiretivo_assinado-1_tarjado  1842.1KB
18:01:00 INFO     ✓ [ 60/132] funai_anexo_de_entregas_repactuado_2026_2027_assin   435.7KB
18:01:03 INFO     ✓ [ 61/132] funarte_ptd_docdiretivo_assinado_21_01_2025_assina   965.7KB
18:01:06 INFO     ✓ [ 62/132] funarte_ptd_anexo_de_entregas_assinado_v1_assinado   683.6KB
18:01:09 INFO     ✓ [ 63/132] fundacentro_ptd_2025_2027_docdiretivo_assinado_ass   826.6KB
18:01:12 INFO     ✓ [ 64/132] fundacentro_ptd_2025_2027_anexo_de_entregas_assina   635.5KB
18:01:15 INFO     ✓ [ 65/132] mma_ptd_docdiretivo_assinado_2025_2026-1_assinado_   949.3KB
18:01:17 INFO     ✓ [ 66/132] mma_ptd_anexo_de_entregas_aprovado_final_assinado_   174.8KB
18:01:21 INFO     ✓ [ 67/132] ibge_docdiretivo_2025_assinado_assinado_assinado-c  1167.3KB
18:01:23 INFO     ✓ [ 68/132] ibge_ptd_25_26_anexo_de_entregas_modelo_v2-1_assin   143.7KB
18:01:33 INFO     ✓ [ 69/132] incra_ptd_docdiretivo__assinado-1_assinado_assinad  7182.0KB
18:01:37 INFO     ✓ [ 70/132] incra_anexo_de_entregas_assinado-1_assinado_assina  1818.6KB
18:01:42 INFO     ✓ [ 71/132] inpi_ptd_docdiretivo_assinado_2025_2026_assinado_a  3322.4KB
18:01:48 INFO     ✓ [ 72/132] inpi_ptd_anexo_de_entregas_assinado_v1_assinado_as  3078.1KB
18:01:51 INFO     ✓ [ 73/132] inss_ptd_2025_2027_docdiretivo-assinado-copia_tarj  1173.3KB
18:01:53 INFO     ✓ [ 74/132] inss_ptd_2025_2027_anexo_de_entregas-assinado-copi   110.8KB
18:01:56 INFO     ✓ [ 75/132] iphan_ptd_docdiretivo_assinado_2025_2026_assinado_   885.7KB
18:01:58 INFO     ✓ [ 76/132] iphan_ptd_anexo_de_entregas_assinado_v1_assinado_a   310.9KB
18:02:06 INFO     ✓ [ 77/132] iti_doc_diretivo_assinado-1_tarjado.pdf             4905.1KB
18:02:09 INFO     ✓ [ 78/132] iti_anexo_de_entregas_assinado.pdf                   556.4KB
18:02:13 INFO     ✓ [ 79/132] mapa_ptd_2025_2027_docdiretivo_assinado-1_tarjado.  1740.9KB
18:02:15 INFO     ✓ [ 80/132] mapa_ptd_2025_2027_anexo_de_entregas_assinado-1.pd   261.9KB
18:02:22 INFO     ✓ [ 81/132] documento-diretivo-mcom-_-ptd-25_27-copia_tarjada.  4451.9KB
18:02:25 INFO     ✓ [ 82/132] anexo-de-entregas-mcom_ptd-25_27-copia_tarjada.pdf  1213.8KB
18:02:31 INFO     ✓ [ 83/132] ptd_21_24_mcom-copia_tarjada.pdf                    3040.7KB
18:02:34 INFO     ✓ [ 84/132] mcti_ptd_2025-2027_docdiretivo_assinado-copia_tarj  1030.7KB
18:02:36 INFO     ✓ [ 85/132] mcti_ptd_2025-2027_anexo-de-entregas_assinado-copi   145.8KB
18:02:39 INFO     ✓ [ 86/132] mda-anexo-entregas-assinado_ptd-2025-2027-copia-ta   284.6KB
18:02:42 INFO     ✓ [ 87/132] mdhc_ptd_2025_2027_docdiretivo_assinado_assinado_a   753.4KB
18:02:44 INFO     ✓ [ 88/132] mdhc_ptd_2025_2027_anexoentregas_assinado_assinado   186.8KB
18:02:46 INFO     ✓ [ 89/132] mdic_ptd_anexo_de_entregas_assinado_v1_assinado_as   176.6KB
18:02:49 INFO     ✓ [ 90/132] memp_ptd_2025_2026_docdiretivo_assinado_assinado_a  1030.1KB
18:02:51 INFO     ✓ [ 91/132] memp_ptd_2025_2026_anexo_de_entregas_assinado_assi   161.5KB
18:02:55 INFO     ✓ [ 92/132] mesp_ptd_2025_2027_docdiretivo_assinado_assinado_2  1147.7KB
18:02:57 INFO     ✓ [ 93/132] mesp_ptd_2025_2027_anexo_de_entregas_assinado_assi   226.6KB
18:03:00 INFO     ✓ [ 94/132] mf_ptd_2026_2027_documentodiretivo_assinado_assina   955.1KB
18:03:03 INFO     ✓ [ 95/132] mf_ptd_2026_2027_anexo_de_entregas_1_mf_se_assinad   241.2KB
18:03:05 INFO     ✓ [ 96/132] mgi_ptd_2025_2027_docdiretivo_assinado_assinado_as   375.2KB
18:03:08 INFO     ✓ [ 97/132] mgi_ptd_2025_2027_anexo_de_entregas_assinado_assin   256.1KB
18:03:11 INFO     ✓ [ 98/132] minc_ptd_2025_2027_docdiretivo_assinado-1_assinado   863.6KB
18:03:13 INFO     ✓ [ 99/132] minc_ptd_2025_2027_anexo_de_entregas_assinado-1_as   276.7KB
18:03:17 INFO     ✓ [100/132] mjsp_ptd_docdiretivo_assinado_2025_2026_assinado_a   954.0KB
18:03:19 INFO     ✓ [101/132] mjsp_ptd_anexo_de_entregas_assinado_v1_assinado_as   253.9KB
18:03:22 INFO     ✓ [102/132] mme_ptd_2025_2027_docdiretivo_assinado-copia_tarja   664.5KB
18:03:24 INFO     ✓ [103/132] mme_ptd_2025_2027_anexo_de_entregas_assinado__1_-c   111.1KB
18:03:27 INFO     ✓ [104/132] mmulheres_ptd_2025_2027_docdiretivo_assinado_assin  1078.3KB
18:03:29 INFO     ✓ [105/132] mmulheres_ptd_2025_2027_anexo_de_entregas_assinado   216.9KB
18:03:32 INFO     ✓ [106/132] mpi_ptd_2025_2027_docdiretivo_ministerio_dos_povos   947.9KB
18:03:35 INFO     ✓ [107/132] mpi_ptd_anexo_de_entregas_do_plano_de_tranformacao   191.9KB
18:03:38 INFO     ✓ [108/132] mpo_ptd_docdiretivo_assinado_2025_2026_assinado_as   806.3KB
18:03:40 INFO     ✓ [109/132] mpo_ptd_anexo_de_entregas_assinado_v1_assinado_ass   323.2KB
18:03:43 INFO     ✓ [110/132] mpor_ptd_2025_2027_docdiretivo_assinado_assinado_a   876.5KB
18:03:46 INFO     ✓ [111/132] mpor_ptd_2025_2027_anexo_de_entregas_assinado_assi   175.1KB
18:03:49 INFO     ✓ [112/132] mps_ptd_2025-2026_docdiretivo_final_assinado-1_ass  1024.4KB
18:03:51 INFO     ✓ [113/132] mps_ptd_2025-2026_anexo_de_entregas_final_assinado   165.0KB
18:03:54 INFO     ✓ [114/132] mre_ptd_docdiretivo_assinado_2025_2026_assinado_as   760.9KB
18:03:56 INFO     ✓ [115/132] mre_ptd_anexo_de_entregas_assinado_v1_assinado_ass   233.2KB
18:03:59 INFO     ✓ [116/132] mte_ptd_2025_2026_docdiretivo_assinado_assinado_as   729.6KB
18:04:02 INFO     ✓ [117/132] mte_ptd_anexo_de_entregas_assinado_v1__281_29_assi   459.5KB
18:04:05 INFO     ✓ [118/132] mtur_ptd_docdiretiv_assinado_30_01_2025_assinado_a  1050.4KB
18:04:07 INFO     ✓ [119/132] mtur_ptd_anexo_de_entregas_assinado_30_01_2025_ass   118.8KB
18:04:11 INFO     ✓ [120/132] pf_ptd_docdiretivo_2025_2027_assinado-copia_tarjad   964.3KB
18:04:12 INFO     ✓ [121/132] pf_ptd_anexo_de_entregas_2025_2027_assinado-copia_    62.5KB
18:04:15 INFO     ✓ [122/132] mf_ptd_2026_2027_anexo_de_entregas_4_mf_pgfn_assin   466.8KB
18:04:24 INFO     ✓ [123/132] previc_plano_de_transformacao_digital_2025_2026_29  6652.7KB
18:04:27 INFO     ✓ [124/132] previc_ptd_repactuacao_2025-2026_assinado_assinado   182.9KB
18:04:30 INFO     ✓ [125/132] prf_documentodiretivo_ptd_2026-2027_assinado_tarja   535.9KB
18:04:32 INFO     ✓ [126/132] prf_anexo_de_entregas_do_ptd__2026_2027___ptd___en   157.7KB
18:04:34 INFO     ✓ [127/132] mf_ptd_2026_2027_anexo_de_entregas_2_mf_rfb_assina   253.7KB
18:04:37 INFO     ✓ [128/132] sgpr_ptd_2026_2027_docdiretivo_assinado-copia_tarj   791.2KB
18:04:41 INFO     ✓ [129/132] sgpr_ptd_2025_2027_anexo_de_entregas_assinado-copi   897.9KB
18:04:43 INFO     ✓ [130/132] mf_ptd_2026_2027_anexo_de_entregas_3_mf_stn_assina   467.8KB
18:04:46 INFO     ✓ [131/132] susep_ptd_2025_2027_docdiretivo-assinado-copia_tar  1030.1KB
18:04:48 INFO     ✓ [132/132] susep_ptd_2025-2026_anexo_de_entregas_final_assina   221.9KB
18:04:50 INFO     132 OK | 0 erros | 123.3 MB total
18:04:56 INFO     Sanity: 132 PDFs | 113 texto | 19 imagem/OCR | 0 duplicatas
18:04:56 INFO     --siglas (debug): 15 PDFs de ['AGU', 'FIOCRUZ', 'FUNAI', 'FUNDACENTRO', 'INCRA', 'ITI', 'MCOM', 'SGPR']
18:04:56 INFO     DocumentConverter instanciado (singleton × 2: plain + OCR)
18:04:56 INFO     [1/15] → agu_ptd_2025_2027_anexo_de_entregas_assinado_assinado_assinado-copia_tarjada.pdf
18:04:56 INFO     detected formats: [<InputFormat.PDF: 'pdf'>]
18:04:56 INFO     Going to convert document batch...
18:04:56 INFO     Initializing pipeline for StandardPdfPipeline with options hash bc6794697da537796efc497178f9263f
18:04:56 INFO     Loading plugin 'docling_defaults'
18:04:56 INFO     Registered picture descriptions: ['picture_description_vlm_engine', 'vlm', 'api']
18:04:56 INFO     Loading plugin 'docling_defaults'
18:04:56 INFO     Registered ocr engines: ['auto', 'easyocr', 'kserve_v2_ocr', 'ocrmac', 'rapidocr', 'tesserocr', 'tesseract']
18:04:56 INFO     command: tesseract --list-langs
18:04:56 INFO     Loading plugin 'docling_defaults'
18:04:56 INFO     Registered layout engines: ['layout_object_detection', 'docling_layout_default', 'docling_experimental_table_crops_layout']
18:04:56 INFO     Accelerator device: 'cpu'
18:04:56 INFO     HTTP Request: GET https://huggingface.co/api/models/docling-project/docling-layout-heron/revision/main "HTTP/1.1 200 OK"
18:04:56 INFO     HTTP Request: HEAD https://huggingface.co/docling-project/docling-layout-heron/resolve/8f39ad3c0b4c58e9c2d2c84a38465abf757272d8/README.md "HTTP/1.1 307 Temporary Redirect"
18:04:56 INFO     HTTP Request: HEAD https://huggingface.co/api/resolve-cache/models/docling-project/docling-layout-heron/8f39ad3c0b4c58e9c2d2c84a38465abf757272d8/README.md "HTTP/1.1 200 OK"
18:04:56 INFO     HTTP Request: HEAD https://huggingface.co/docling-project/docling-layout-heron/resolve/8f39ad3c0b4c58e9c2d2c84a38465abf757272d8/model.safetensors "HTTP/1.1 302 Found"
18:04:56 INFO     HTTP Request: HEAD https://huggingface.co/docling-project/docling-layout-heron/resolve/8f39ad3c0b4c58e9c2d2c84a38465abf757272d8/.gitattributes "HTTP/1.1 307 Temporary Redirect"
18:04:56 WARNING  Warning: You are sending unauthenticated requests to the HF Hub. Please set a HF_TOKEN to enable higher rate limits and faster downloads.
18:04:56 INFO     HTTP Request: GET https://huggingface.co/api/resolve-cache/models/docling-project/docling-layout-heron/8f39ad3c0b4c58e9c2d2c84a38465abf757272d8/README.md "HTTP/1.1 200 OK"
18:04:56 INFO     HTTP Request: HEAD https://huggingface.co/docling-project/docling-layout-heron/resolve/8f39ad3c0b4c58e9c2d2c84a38465abf757272d8/config.json "HTTP/1.1 307 Temporary Redirect"
18:04:56 INFO     HTTP Request: HEAD https://huggingface.co/docling-project/docling-layout-heron/resolve/8f39ad3c0b4c58e9c2d2c84a38465abf757272d8/preprocessor_config.json "HTTP/1.1 307 Temporary Redirect"
18:04:56 INFO     HTTP Request: HEAD https://huggingface.co/docling-project/docling-layout-heron/resolve/8f39ad3c0b4c58e9c2d2c84a38465abf757272d8/docling_heron_400.png "HTTP/1.1 307 Temporary Redirect"
18:04:56 INFO     HTTP Request: HEAD https://huggingface.co/api/resolve-cache/models/docling-project/docling-layout-heron/8f39ad3c0b4c58e9c2d2c84a38465abf757272d8/.gitattributes "HTTP/1.1 200 OK"
18:04:56 INFO     HTTP Request: HEAD https://huggingface.co/api/resolve-cache/models/docling-project/docling-layout-heron/8f39ad3c0b4c58e9c2d2c84a38465abf757272d8/config.json "HTTP/1.1 200 OK"
18:04:56 INFO     HTTP Request: HEAD https://huggingface.co/api/resolve-cache/models/docling-project/docling-layout-heron/8f39ad3c0b4c58e9c2d2c84a38465abf757272d8/preprocessor_config.json "HTTP/1.1 200 OK"
18:04:56 INFO     HTTP Request: HEAD https://huggingface.co/api/resolve-cache/models/docling-project/docling-layout-heron/8f39ad3c0b4c58e9c2d2c84a38465abf757272d8/docling_heron_400.png "HTTP/1.1 200 OK"
18:04:56 INFO     HTTP Request: GET https://huggingface.co/api/resolve-cache/models/docling-project/docling-layout-heron/8f39ad3c0b4c58e9c2d2c84a38465abf757272d8/.gitattributes "HTTP/1.1 200 OK"
18:04:56 INFO     HTTP Request: GET https://huggingface.co/api/resolve-cache/models/docling-project/docling-layout-heron/8f39ad3c0b4c58e9c2d2c84a38465abf757272d8/config.json "HTTP/1.1 200 OK"
18:04:56 INFO     HTTP Request: GET https://huggingface.co/api/resolve-cache/models/docling-project/docling-layout-heron/8f39ad3c0b4c58e9c2d2c84a38465abf757272d8/preprocessor_config.json "HTTP/1.1 200 OK"
18:04:56 INFO     HTTP Request: GET https://huggingface.co/api/resolve-cache/models/docling-project/docling-layout-heron/8f39ad3c0b4c58e9c2d2c84a38465abf757272d8/docling_heron_400.png "HTTP/1.1 200 OK"
18:04:56 INFO     HTTP Request: GET https://huggingface.co/api/models/docling-project/docling-layout-heron/xet-read-token/8f39ad3c0b4c58e9c2d2c84a38465abf757272d8 "HTTP/1.1 200 OK"
18:04:58 INFO     Loading plugin 'docling_defaults'
18:04:58 INFO     Registered table structure engines: ['docling_tableformer', 'docling_tableformer_v2']
18:04:58 INFO     HTTP Request: GET https://huggingface.co/api/models/docling-project/docling-models/revision/v2.3.0 "HTTP/1.1 200 OK"
18:04:58 INFO     HTTP Request: HEAD https://huggingface.co/docling-project/docling-models/resolve/fc0f2d45e2218ea24bce5045f58a389aed16dc23/.gitignore "HTTP/1.1 307 Temporary Redirect"
18:04:58 INFO     HTTP Request: HEAD https://huggingface.co/docling-project/docling-models/resolve/fc0f2d45e2218ea24bce5045f58a389aed16dc23/.gitattributes "HTTP/1.1 307 Temporary Redirect"
18:04:58 INFO     HTTP Request: HEAD https://huggingface.co/docling-project/docling-models/resolve/fc0f2d45e2218ea24bce5045f58a389aed16dc23/README.md "HTTP/1.1 307 Temporary Redirect"
18:04:58 INFO     HTTP Request: HEAD https://huggingface.co/docling-project/docling-models/resolve/fc0f2d45e2218ea24bce5045f58a389aed16dc23/model_artifacts/tableformer/accurate/tableformer_accurate.safetensors "HTTP/1.1 302 Found"
18:04:58 INFO     HTTP Request: HEAD https://huggingface.co/docling-project/docling-models/resolve/fc0f2d45e2218ea24bce5045f58a389aed16dc23/model_artifacts/tableformer/accurate/tm_config.json "HTTP/1.1 307 Temporary Redirect"
18:04:58 INFO     HTTP Request: HEAD https://huggingface.co/docling-project/docling-models/resolve/fc0f2d45e2218ea24bce5045f58a389aed16dc23/config.json "HTTP/1.1 307 Temporary Redirect"
18:04:58 INFO     HTTP Request: HEAD https://huggingface.co/api/resolve-cache/models/docling-project/docling-models/fc0f2d45e2218ea24bce5045f58a389aed16dc23/.gitignore "HTTP/1.1 200 OK"
18:04:58 INFO     HTTP Request: HEAD https://huggingface.co/api/resolve-cache/models/docling-project/docling-models/fc0f2d45e2218ea24bce5045f58a389aed16dc23/.gitattributes "HTTP/1.1 200 OK"
18:04:58 INFO     HTTP Request: HEAD https://huggingface.co/api/resolve-cache/models/docling-project/docling-models/fc0f2d45e2218ea24bce5045f58a389aed16dc23/README.md "HTTP/1.1 200 OK"
18:04:58 INFO     HTTP Request: HEAD https://huggingface.co/api/resolve-cache/models/docling-project/docling-models/fc0f2d45e2218ea24bce5045f58a389aed16dc23/model_artifacts%2Ftableformer%2Faccurate%2Ftm_config.json "HTTP/1.1 200 OK"
18:04:58 INFO     HTTP Request: HEAD https://huggingface.co/api/resolve-cache/models/docling-project/docling-models/fc0f2d45e2218ea24bce5045f58a389aed16dc23/config.json "HTTP/1.1 200 OK"
18:04:58 INFO     HTTP Request: GET https://huggingface.co/api/resolve-cache/models/docling-project/docling-models/fc0f2d45e2218ea24bce5045f58a389aed16dc23/.gitattributes "HTTP/1.1 200 OK"
18:04:58 INFO     HTTP Request: GET https://huggingface.co/api/resolve-cache/models/docling-project/docling-models/fc0f2d45e2218ea24bce5045f58a389aed16dc23/README.md "HTTP/1.1 200 OK"
18:04:58 INFO     HTTP Request: GET https://huggingface.co/api/resolve-cache/models/docling-project/docling-models/fc0f2d45e2218ea24bce5045f58a389aed16dc23/.gitignore "HTTP/1.1 200 OK"
18:04:58 INFO     HTTP Request: HEAD https://huggingface.co/docling-project/docling-models/resolve/fc0f2d45e2218ea24bce5045f58a389aed16dc23/model_artifacts/tableformer/fast/tm_config.json "HTTP/1.1 307 Temporary Redirect"
18:04:58 INFO     HTTP Request: GET https://huggingface.co/api/resolve-cache/models/docling-project/docling-models/fc0f2d45e2218ea24bce5045f58a389aed16dc23/model_artifacts%2Ftableformer%2Faccurate%2Ftm_config.json "HTTP/1.1 200 OK"
18:04:58 INFO     HTTP Request: GET https://huggingface.co/api/resolve-cache/models/docling-project/docling-models/fc0f2d45e2218ea24bce5045f58a389aed16dc23/config.json "HTTP/1.1 200 OK"
18:04:58 INFO     HTTP Request: HEAD https://huggingface.co/docling-project/docling-models/resolve/fc0f2d45e2218ea24bce5045f58a389aed16dc23/model_artifacts/tableformer/fast/tableformer_fast.safetensors "HTTP/1.1 302 Found"
18:04:58 INFO     HTTP Request: GET https://huggingface.co/api/models/docling-project/docling-models/xet-read-token/fc0f2d45e2218ea24bce5045f58a389aed16dc23 "HTTP/1.1 200 OK"
18:04:58 INFO     HTTP Request: HEAD https://huggingface.co/api/resolve-cache/models/docling-project/docling-models/fc0f2d45e2218ea24bce5045f58a389aed16dc23/model_artifacts%2Ftableformer%2Ffast%2Ftm_config.json "HTTP/1.1 200 OK"
18:04:58 INFO     HTTP Request: GET https://huggingface.co/api/resolve-cache/models/docling-project/docling-models/fc0f2d45e2218ea24bce5045f58a389aed16dc23/model_artifacts%2Ftableformer%2Ffast%2Ftm_config.json "HTTP/1.1 200 OK"
18:04:58 INFO     HTTP Request: GET https://huggingface.co/api/models/docling-project/docling-models/xet-read-token/fc0f2d45e2218ea24bce5045f58a389aed16dc23 "HTTP/1.1 200 OK"
18:04:59 INFO     Accelerator device: 'cpu'
18:04:59 INFO     Processing document agu_ptd_2025_2027_anexo_de_entregas_assinado_assinado_assinado-copia_tarjada.pdf
18:05:00 INFO     command: tesseract --psm 0 -l osd /tmp/tmppmzxmndq.png stdout
18:05:01 INFO     command: tesseract -l por /tmp/tmppmzxmndq.png stdout tsv
18:05:04 INFO     command: tesseract --psm 0 -l osd /tmp/tmp5ds13v0y.png stdout
18:05:05 INFO     command: tesseract -l por /tmp/tmp5ds13v0y.png stdout tsv
18:05:26 INFO     Finished converting document agu_ptd_2025_2027_anexo_de_entregas_assinado_assinado_assinado-copia_tarjada.pdf in 29.76 sec.
18:05:26 INFO       pixel_budget (Docling) agu_ptd_2025_2027_anexo_de_entregas_assinado_assinado_assinado-copia_tarjada.pdf: 45.8% (área tabelas/1001817 px²)
18:05:26 INFO     [1/15] ✓ AGU       :   33 entregas | 29.8s | ETA ~6min
18:05:26 INFO     [2/15] → agu_ptd_2025_2027_docdiretivo_assinado_assinado_assinado-copia_tarjada.pdf
18:05:26 INFO     detected formats: [<InputFormat.PDF: 'pdf'>]
18:05:26 INFO     Going to convert document batch...
18:05:26 INFO     Processing document agu_ptd_2025_2027_docdiretivo_assinado_assinado_assinado-copia_tarjada.pdf
18:05:26 INFO     command: tesseract --psm 0 -l osd /tmp/tmpblp0wawr.png stdout
18:05:27 INFO     command: tesseract -l por /tmp/tmpblp0wawr.png stdout tsv
18:05:29 INFO     command: tesseract --psm 0 -l osd /tmp/tmp8xbryp4q.png stdout
18:05:31 INFO     command: tesseract -l por /tmp/tmp8xbryp4q.png stdout tsv
18:05:34 INFO     command: tesseract --psm 0 -l osd /tmp/tmp7emb9uam.png stdout
18:05:35 INFO     command: tesseract -l por /tmp/tmp7emb9uam.png stdout tsv
18:05:37 INFO     command: tesseract --psm 0 -l osd /tmp/tmp_np2dlxw.png stdout
18:05:38 INFO     command: tesseract -l por /tmp/tmp_np2dlxw.png stdout tsv
18:05:40 INFO     command: tesseract --psm 0 -l osd /tmp/tmpnudafusx.png stdout
18:05:41 INFO     command: tesseract -l por /tmp/tmpnudafusx.png stdout tsv
18:05:43 INFO     command: tesseract --psm 0 -l osd /tmp/tmpex498vip.png stdout
18:05:45 INFO     command: tesseract -l por /tmp/tmpex498vip.png stdout tsv
18:05:56 INFO     command: tesseract --psm 0 -l osd /tmp/tmpccookpj7.png stdout
18:05:57 INFO     command: tesseract -l por /tmp/tmpccookpj7.png stdout tsv
18:05:59 INFO     command: tesseract --psm 0 -l osd /tmp/tmp3u5_g3sy.png stdout
18:06:00 INFO     command: tesseract -l por /tmp/tmp3u5_g3sy.png stdout tsv
18:06:02 INFO     command: tesseract --psm 0 -l osd /tmp/tmpr0h3ckfh.png stdout
18:06:03 INFO     command: tesseract -l por /tmp/tmpr0h3ckfh.png stdout tsv
18:06:05 INFO     command: tesseract --psm 0 -l osd /tmp/tmpcb907cx0.png stdout
18:06:07 INFO     command: tesseract -l por /tmp/tmpcb907cx0.png stdout tsv
18:06:21 INFO     command: tesseract --psm 0 -l osd /tmp/tmp0bjd8pug.png stdout
18:06:22 INFO     command: tesseract -l por /tmp/tmp0bjd8pug.png stdout tsv
18:06:25 INFO     Finished converting document agu_ptd_2025_2027_docdiretivo_assinado_assinado_assinado-copia_tarjada.pdf in 59.74 sec.
18:06:25 INFO       pixel_budget (Docling) agu_ptd_2025_2027_docdiretivo_assinado_assinado_assinado-copia_tarjada.pdf: 2.1% (área tabelas/5513330 px²)
18:06:25 INFO     [2/15] ✓ AGU       :    6 entregas | 59.7s | ETA ~9min
18:06:25 INFO     [3/15] → anexo-de-entregas-mcom_ptd-25_27-copia_tarjada.pdf
18:06:25 INFO     detected formats: [<InputFormat.PDF: 'pdf'>]
18:06:25 INFO     Going to convert document batch...
18:06:25 INFO     Processing document anexo-de-entregas-mcom_ptd-25_27-copia_tarjada.pdf
18:06:26 INFO     command: tesseract --psm 0 -l osd /tmp/tmpchavee8f.png stdout
18:06:27 INFO     command: tesseract -l por /tmp/tmpchavee8f.png stdout tsv
18:06:30 INFO     command: tesseract --psm 0 -l osd /tmp/tmphx3vki2g.png stdout
18:06:31 INFO     command: tesseract -l por /tmp/tmphx3vki2g.png stdout tsv
18:06:45 INFO     command: tesseract --psm 0 -l osd /tmp/tmpf8h6wa17.png stdout
18:06:46 INFO     command: tesseract -l por /tmp/tmpf8h6wa17.png stdout tsv
18:07:07 INFO     Finished converting document anexo-de-entregas-mcom_ptd-25_27-copia_tarjada.pdf in 41.96 sec.
18:07:07 INFO       pixel_budget (Docling) anexo-de-entregas-mcom_ptd-25_27-copia_tarjada.pdf: 55.2% (área tabelas/1503636 px²)
18:07:07 INFO     [3/15] ✓ MCOM      :   55 entregas | 42.0s | ETA ~8min
18:07:07 INFO     [4/15] → documento-diretivo-mcom-_-ptd-25_27-copia_tarjada.pdf
18:07:07 INFO     detected formats: [<InputFormat.PDF: 'pdf'>]
18:07:07 INFO     Going to convert document batch...
18:07:07 INFO     Processing document documento-diretivo-mcom-_-ptd-25_27-copia_tarjada.pdf
18:07:08 INFO     command: tesseract --psm 0 -l osd /tmp/tmpj2b7jldr.png stdout
18:07:08 INFO     command: tesseract -l por /tmp/tmpj2b7jldr.png stdout tsv
18:07:11 INFO     command: tesseract --psm 0 -l osd /tmp/tmpjtnxbpj2.png stdout
18:07:13 INFO     command: tesseract -l por /tmp/tmpjtnxbpj2.png stdout tsv
18:07:20 INFO     command: tesseract --psm 0 -l osd /tmp/tmp0h3ga5bu.png stdout
18:07:20 INFO     command: tesseract -l por /tmp/tmp0h3ga5bu.png stdout tsv
18:07:22 INFO     command: tesseract --psm 0 -l osd /tmp/tmpdajfbncl.png stdout
18:07:22 INFO     command: tesseract -l por /tmp/tmpdajfbncl.png stdout tsv
18:07:24 INFO     command: tesseract --psm 0 -l osd /tmp/tmpsmzxtuif.png stdout
18:07:25 INFO     command: tesseract -l por /tmp/tmpsmzxtuif.png stdout tsv
18:07:28 INFO     command: tesseract --psm 0 -l osd /tmp/tmplxlmjht1.png stdout
18:07:29 INFO     command: tesseract -l por /tmp/tmplxlmjht1.png stdout tsv
18:07:48 INFO     command: tesseract --psm 0 -l osd /tmp/tmpq15cho4x.png stdout
18:07:48 INFO     command: tesseract -l por /tmp/tmpq15cho4x.png stdout tsv
18:07:50 INFO     command: tesseract --psm 0 -l osd /tmp/tmp4jkriim2.png stdout
18:07:51 INFO     command: tesseract -l por /tmp/tmp4jkriim2.png stdout tsv
18:07:54 INFO     command: tesseract --psm 0 -l osd /tmp/tmpavda78p7.png stdout
18:07:54 INFO     command: tesseract -l por /tmp/tmpavda78p7.png stdout tsv
18:07:56 INFO     command: tesseract --psm 0 -l osd /tmp/tmpzmpb0q66.png stdout
18:07:58 INFO     command: tesseract -l por /tmp/tmpzmpb0q66.png stdout tsv
18:08:03 INFO     command: tesseract --psm 0 -l osd /tmp/tmph_vyw87k.png stdout
18:08:04 INFO     command: tesseract -l por /tmp/tmph_vyw87k.png stdout tsv
18:08:11 INFO     command: tesseract --psm 0 -l osd /tmp/tmpxkbjk7kv.png stdout
18:08:11 INFO     command: tesseract -l por /tmp/tmpxkbjk7kv.png stdout tsv
18:08:13 INFO     command: tesseract --psm 0 -l osd /tmp/tmpci9a_151.png stdout
18:08:14 INFO     command: tesseract -l por /tmp/tmpci9a_151.png stdout tsv
18:08:16 INFO     command: tesseract --psm 0 -l osd /tmp/tmpotoryon8.png stdout
18:08:17 INFO     command: tesseract -l por /tmp/tmpotoryon8.png stdout tsv
18:08:23 INFO     Finished converting document documento-diretivo-mcom-_-ptd-25_27-copia_tarjada.pdf in 75.71 sec.
18:08:23 INFO       pixel_budget (Docling) documento-diretivo-mcom-_-ptd-25_27-copia_tarjada.pdf: 10.8% (área tabelas/7016966 px²)
18:08:23 INFO     [4/15] ✓ MCOM      :    3 entregas | 75.7s | ETA ~9min
18:08:23 INFO     [5/15] → fiocruz-ptd-06_2024-copia_tarjada.pdf
18:08:23 INFO     detected formats: [<InputFormat.PDF: 'pdf'>]
18:08:23 INFO     Going to convert document batch...
18:08:23 INFO     Initializing pipeline for StandardPdfPipeline with options hash d18651824ca6fe56cf3ccb20424ac2c8
18:08:23 INFO     Accelerator device: 'cpu'
18:08:23 INFO     HTTP Request: GET https://huggingface.co/api/models/docling-project/docling-layout-heron/revision/main "HTTP/1.1 200 OK"
18:08:24 INFO     HTTP Request: GET https://huggingface.co/api/models/docling-project/docling-models/revision/v2.3.0 "HTTP/1.1 200 OK"
18:08:24 INFO     Accelerator device: 'cpu'
18:08:24 INFO     Processing document fiocruz-ptd-06_2024-copia_tarjada.pdf
18:09:37 INFO     Finished converting document fiocruz-ptd-06_2024-copia_tarjada.pdf in 73.75 sec.
18:09:37 INFO       pixel_budget (Docling) fiocruz-ptd-06_2024-copia_tarjada.pdf: 36.4% (área tabelas/7518178 px²)
18:09:37 INFO     [5/15] ✓ FIOCRUZ   :    1 entregas | 73.8s | ETA ~9min
18:09:37 INFO     [6/15] → fiocruz_novo-ptd_2-1_docdiretivo_repactuacao_2024-2026_assinado_assinado-copia_tarjada.pdf
18:09:37 INFO     detected formats: [<InputFormat.PDF: 'pdf'>]
18:09:37 INFO     Going to convert document batch...
18:09:37 INFO     Processing document fiocruz_novo-ptd_2-1_docdiretivo_repactuacao_2024-2026_assinado_assinado-copia_tarjada.pdf
18:09:56 INFO     Finished converting document fiocruz_novo-ptd_2-1_docdiretivo_repactuacao_2024-2026_assinado_assinado-copia_tarjada.pdf in 18.93 sec.
18:09:56 INFO       pixel_budget (Docling) fiocruz_novo-ptd_2-1_docdiretivo_repactuacao_2024-2026_assinado_assinado-copia_tarjada.pdf: 11.3% (área tabelas/5012118 px²)
18:09:56 INFO     [6/15] ✓ FIOCRUZ   :    5 entregas | 18.9s | ETA ~7min
18:09:56 INFO     [7/15] → fiocruz_ptd_anexo_de_entregas_assinado_v1_assinado_assinado-1-copia_tarjada.pdf
18:09:56 INFO     detected formats: [<InputFormat.PDF: 'pdf'>]
18:09:56 INFO     Going to convert document batch...
18:09:56 INFO     Processing document fiocruz_ptd_anexo_de_entregas_assinado_v1_assinado_assinado-1-copia_tarjada.pdf
18:10:31 INFO     Finished converting document fiocruz_ptd_anexo_de_entregas_assinado_v1_assinado_assinado-1-copia_tarjada.pdf in 34.93 sec.
18:10:31 INFO       pixel_budget (Docling) fiocruz_ptd_anexo_de_entregas_assinado_v1_assinado_assinado-1-copia_tarjada.pdf: 54.7% (área tabelas/2004847 px²)
18:10:31 INFO     [7/15] ✓ FIOCRUZ   :   61 entregas | 34.9s | ETA ~6min
18:10:31 INFO     [8/15] → funai_anexo_de_entregas_repactuado_2026_2027_assinado_assinado_assinado.pdf
18:10:31 INFO     detected formats: [<InputFormat.PDF: 'pdf'>]
18:10:31 INFO     Going to convert document batch...
18:10:31 INFO     Processing document funai_anexo_de_entregas_repactuado_2026_2027_assinado_assinado_assinado.pdf
18:10:32 INFO     command: tesseract --psm 0 -l osd /tmp/tmp8urx19q8.png stdout
18:10:33 INFO     command: tesseract -l por /tmp/tmp8urx19q8.png stdout tsv
18:10:47 INFO     Finished converting document funai_anexo_de_entregas_repactuado_2026_2027_assinado_assinado_assinado.pdf in 15.67 sec.
18:10:47 INFO       pixel_budget (Docling) funai_anexo_de_entregas_repactuado_2026_2027_assinado_assinado_assinado.pdf: 49.8% (área tabelas/501212 px²)
18:10:47 INFO     [8/15] ✓ FUNAI     :   21 entregas | 15.7s | ETA ~5min
18:10:47 INFO     [9/15] → funai_ptd_2025_2027_docdiretivo_assinado-1_tarjado.pdf
18:10:47 INFO     detected formats: [<InputFormat.PDF: 'pdf'>]
18:10:47 INFO     Going to convert document batch...
18:10:47 INFO     Processing document funai_ptd_2025_2027_docdiretivo_assinado-1_tarjado.pdf
18:10:48 INFO     command: tesseract --psm 0 -l osd /tmp/tmps4r4qpp2.png stdout
18:10:49 INFO     command: tesseract -l por /tmp/tmps4r4qpp2.png stdout tsv
18:10:50 INFO     command: tesseract --psm 0 -l osd /tmp/tmp475kizhv.png stdout
18:10:51 INFO     command: tesseract -l por /tmp/tmp475kizhv.png stdout tsv
18:10:55 INFO     command: tesseract --psm 0 -l osd /tmp/tmpgdmyk_2t.png stdout
18:10:55 INFO     command: tesseract -l por /tmp/tmpgdmyk_2t.png stdout tsv
18:10:57 INFO     command: tesseract --psm 0 -l osd /tmp/tmpy8h4wxr2.png stdout
18:10:58 INFO     command: tesseract -l por /tmp/tmpy8h4wxr2.png stdout tsv
18:11:00 INFO     command: tesseract --psm 0 -l osd /tmp/tmpkk3mgrn9.png stdout
18:11:01 INFO     command: tesseract -l por /tmp/tmpkk3mgrn9.png stdout tsv
18:11:03 INFO     command: tesseract --psm 0 -l osd /tmp/tmp9krg1h1s.png stdout
18:11:04 INFO     command: tesseract -l por /tmp/tmp9krg1h1s.png stdout tsv
18:11:15 INFO     command: tesseract --psm 0 -l osd /tmp/tmpsuout3gv.png stdout
18:11:15 INFO     command: tesseract -l por /tmp/tmpsuout3gv.png stdout tsv
18:11:17 INFO     command: tesseract --psm 0 -l osd /tmp/tmpet90b3bw.png stdout
18:11:18 INFO     command: tesseract -l por /tmp/tmpet90b3bw.png stdout tsv
18:11:19 INFO     command: tesseract --psm 0 -l osd /tmp/tmp3sfd5d6h.png stdout
18:11:20 INFO     command: tesseract -l por /tmp/tmp3sfd5d6h.png stdout tsv
18:11:22 INFO     command: tesseract --psm 0 -l osd /tmp/tmp7j5wbba1.png stdout
18:11:23 INFO     command: tesseract -l por /tmp/tmp7j5wbba1.png stdout tsv
18:11:37 INFO     command: tesseract --psm 0 -l osd /tmp/tmp2wr0w9v7.png stdout
18:11:38 INFO     command: tesseract -l por /tmp/tmp2wr0w9v7.png stdout tsv
18:11:45 INFO     command: tesseract --psm 0 -l osd /tmp/tmp04ex6p45.png stdout
18:11:46 INFO     command: tesseract -l por /tmp/tmp04ex6p45.png stdout tsv
18:11:47 INFO     command: tesseract --psm 0 -l osd /tmp/tmp309d8fn9.png stdout
18:11:48 INFO     command: tesseract -l por /tmp/tmp309d8fn9.png stdout tsv
18:11:55 INFO     Finished converting document funai_ptd_2025_2027_docdiretivo_assinado-1_tarjado.pdf in 68.43 sec.
18:11:55 INFO       pixel_budget (Docling) funai_ptd_2025_2027_docdiretivo_assinado-1_tarjado.pdf: 16.4% (área tabelas/6515754 px²)
18:11:55 INFO     [9/15] ✓ FUNAI     :    8 entregas | 68.4s | ETA ~4min
18:11:55 INFO     [10/15] → incra_anexo_de_entregas_assinado-1_assinado_assinado-copia_tarjada.pdf
18:11:55 INFO     detected formats: [<InputFormat.PDF: 'pdf'>]
18:11:55 INFO     Going to convert document batch...
18:11:55 INFO     Processing document incra_anexo_de_entregas_assinado-1_assinado_assinado-copia_tarjada.pdf
18:11:56 INFO     command: tesseract --psm 0 -l osd /tmp/tmpa25d98av.png stdout
18:11:57 INFO     command: tesseract -l por /tmp/tmpa25d98av.png stdout tsv
18:12:00 INFO     command: tesseract --psm 0 -l osd /tmp/tmptsguvnod.png stdout
18:12:01 INFO     command: tesseract -l por /tmp/tmptsguvnod.png stdout tsv
18:12:10 INFO     command: tesseract --psm 0 -l osd /tmp/tmpe6_wv8d3.png stdout
18:12:11 INFO     command: tesseract -l por /tmp/tmpe6_wv8d3.png stdout tsv
18:12:13 INFO     command: tesseract --psm 0 -l osd /tmp/tmpbjpaax52.png stdout
18:12:14 INFO     command: tesseract -l por /tmp/tmpbjpaax52.png stdout tsv
18:12:16 INFO     command: tesseract --psm 0 -l osd /tmp/tmp1g_bw4fz.png stdout
18:12:17 INFO     command: tesseract -l por /tmp/tmp1g_bw4fz.png stdout tsv
18:13:55 INFO     Finished converting document incra_anexo_de_entregas_assinado-1_assinado_assinado-copia_tarjada.pdf in 119.93 sec.
18:13:55 INFO       pixel_budget (Docling) incra_anexo_de_entregas_assinado-1_assinado_assinado-copia_tarjada.pdf: 30.0% (área tabelas/2423520 px²)
18:13:55 INFO     [10/15] ✓ INCRA     :   10 entregas | 119.9s | ETA ~4min
18:13:55 INFO     [11/15] → incra_ptd_docdiretivo__assinado-1_assinado_assinado-copia_tarjada.pdf
18:13:55 INFO     detected formats: [<InputFormat.PDF: 'pdf'>]
18:13:55 INFO     Going to convert document batch...
18:13:55 INFO     Processing document incra_ptd_docdiretivo__assinado-1_assinado_assinado-copia_tarjada.pdf
18:13:56 INFO     command: tesseract --psm 0 -l osd /tmp/tmpe9ktce0i.png stdout
18:13:57 INFO     command: tesseract -l por /tmp/tmpe9ktce0i.png stdout tsv
18:13:59 INFO     command: tesseract --psm 0 -l osd /tmp/tmpf4n9_30k.png stdout
18:14:01 INFO     command: tesseract -l por /tmp/tmpf4n9_30k.png stdout tsv
18:14:07 INFO     command: tesseract --psm 0 -l osd /tmp/tmpuujgwykh.png stdout
18:14:08 INFO     command: tesseract -l por /tmp/tmpuujgwykh.png stdout tsv
18:14:10 INFO     command: tesseract --psm 0 -l osd /tmp/tmp80j7f26p.png stdout
18:14:11 INFO     command: tesseract -l por /tmp/tmp80j7f26p.png stdout tsv
18:14:12 INFO     command: tesseract --psm 0 -l osd /tmp/tmp9sftt_q9.png stdout
18:14:13 INFO     command: tesseract -l por /tmp/tmp9sftt_q9.png stdout tsv
18:14:15 INFO     command: tesseract --psm 0 -l osd /tmp/tmpi9gumn1f.png stdout
18:14:17 INFO     command: tesseract -l por /tmp/tmpi9gumn1f.png stdout tsv
18:14:34 INFO     command: tesseract --psm 0 -l osd /tmp/tmppp_ppsoy.png stdout
18:14:35 INFO     command: tesseract -l por /tmp/tmppp_ppsoy.png stdout tsv
18:14:37 INFO     command: tesseract --psm 0 -l osd /tmp/tmplf36_3ox.png stdout
18:14:38 INFO     command: tesseract -l por /tmp/tmplf36_3ox.png stdout tsv
18:14:39 INFO     command: tesseract --psm 0 -l osd /tmp/tmp3s822tj0.png stdout
18:14:40 INFO     command: tesseract -l por /tmp/tmp3s822tj0.png stdout tsv
18:14:42 INFO     command: tesseract --psm 0 -l osd /tmp/tmp_3m2e9tt.png stdout
18:14:43 INFO     command: tesseract -l por /tmp/tmp_3m2e9tt.png stdout tsv
18:14:49 INFO     command: tesseract --psm 0 -l osd /tmp/tmp_emi0k6y.png stdout
18:14:50 INFO     command: tesseract -l por /tmp/tmp_emi0k6y.png stdout tsv
18:15:01 INFO     command: tesseract --psm 0 -l osd /tmp/tmp_9c32oe_.png stdout
18:15:02 INFO     command: tesseract -l por /tmp/tmp_9c32oe_.png stdout tsv
18:15:04 INFO     command: tesseract --psm 0 -l osd /tmp/tmp4ganw9_5.png stdout
18:15:04 INFO     command: tesseract -l por /tmp/tmp4ganw9_5.png stdout tsv
18:15:12 INFO     Finished converting document incra_ptd_docdiretivo__assinado-1_assinado_assinado-copia_tarjada.pdf in 77.37 sec.
18:15:12 INFO       pixel_budget (Docling) incra_ptd_docdiretivo__assinado-1_assinado_assinado-copia_tarjada.pdf: 20.2% (área tabelas/6515754 px²)
18:15:12 INFO     [11/15] ✓ INCRA     :   11 entregas | 77.4s | ETA ~3min
18:15:12 INFO     [12/15] → iti_anexo_de_entregas_assinado.pdf
18:15:12 INFO     detected formats: [<InputFormat.PDF: 'pdf'>]
18:15:12 INFO     Going to convert document batch...
18:15:12 INFO     Processing document iti_anexo_de_entregas_assinado.pdf
18:15:13 INFO     command: tesseract --psm 0 -l osd /tmp/tmpwmyat1bn.png stdout
18:15:14 INFO     command: tesseract -l por /tmp/tmpwmyat1bn.png stdout tsv
18:15:31 INFO     Finished converting document iti_anexo_de_entregas_assinado.pdf in 18.68 sec.
18:15:31 INFO       pixel_budget (Docling) iti_anexo_de_entregas_assinado.pdf: 57.2% (área tabelas/501212 px²)
18:15:31 INFO     [12/15] ✓ ITI       :   31 entregas | 18.7s | ETA ~2min
18:15:31 INFO     [13/15] → iti_doc_diretivo_assinado-1_tarjado.pdf
18:15:31 INFO     detected formats: [<InputFormat.PDF: 'pdf'>]
18:15:31 INFO     Going to convert document batch...
18:15:31 INFO     Processing document iti_doc_diretivo_assinado-1_tarjado.pdf
18:15:32 INFO     command: tesseract --psm 0 -l osd /tmp/tmpwpx9pyjr.png stdout
18:15:32 INFO     command: tesseract -l por /tmp/tmpwpx9pyjr.png stdout tsv
18:15:34 INFO     command: tesseract --psm 0 -l osd /tmp/tmph1rdwvp9.png stdout
18:15:36 INFO     command: tesseract -l por /tmp/tmph1rdwvp9.png stdout tsv
18:15:40 INFO     command: tesseract --psm 0 -l osd /tmp/tmpqury4mjd.png stdout
18:15:41 INFO     command: tesseract -l por /tmp/tmpqury4mjd.png stdout tsv
18:15:43 INFO     command: tesseract --psm 0 -l osd /tmp/tmpjkbc7otv.png stdout
18:15:43 INFO     command: tesseract -l por /tmp/tmpjkbc7otv.png stdout tsv
18:15:45 INFO     command: tesseract --psm 0 -l osd /tmp/tmp2sjf5jfj.png stdout
18:15:46 INFO     command: tesseract -l por /tmp/tmp2sjf5jfj.png stdout tsv
18:15:48 INFO     command: tesseract --psm 0 -l osd /tmp/tmpmo_gdcro.png stdout
18:15:49 INFO     command: tesseract -l por /tmp/tmpmo_gdcro.png stdout tsv
18:16:04 INFO     command: tesseract --psm 0 -l osd /tmp/tmphc7vm9zy.png stdout
18:16:05 INFO     command: tesseract -l por /tmp/tmphc7vm9zy.png stdout tsv
18:16:07 INFO     command: tesseract --psm 0 -l osd /tmp/tmp6udt44c0.png stdout
18:16:08 INFO     command: tesseract -l por /tmp/tmp6udt44c0.png stdout tsv
18:16:10 INFO     command: tesseract --psm 0 -l osd /tmp/tmpgi9uj96b.png stdout
18:16:11 INFO     command: tesseract -l por /tmp/tmpgi9uj96b.png stdout tsv
18:16:13 INFO     command: tesseract --psm 0 -l osd /tmp/tmp1d1daght.png stdout
18:16:15 INFO     command: tesseract -l por /tmp/tmp1d1daght.png stdout tsv
18:16:28 INFO     command: tesseract --psm 0 -l osd /tmp/tmpi6n0xh_2.png stdout
18:16:29 INFO     command: tesseract -l por /tmp/tmpi6n0xh_2.png stdout tsv
18:16:33 INFO     Finished converting document iti_doc_diretivo_assinado-1_tarjado.pdf in 61.71 sec.
18:16:33 INFO       pixel_budget (Docling) iti_doc_diretivo_assinado-1_tarjado.pdf: 8.0% (área tabelas/5516339 px²)
18:16:33 INFO     [13/15] ✓ ITI       :    9 entregas | 61.7s | ETA ~1min
18:16:33 INFO     [14/15] → sgpr_ptd_2025_2027_anexo_de_entregas_assinado-copia_tarjada.pdf
18:16:33 INFO     detected formats: [<InputFormat.PDF: 'pdf'>]
18:16:33 INFO     Going to convert document batch...
18:16:33 INFO     Processing document sgpr_ptd_2025_2027_anexo_de_entregas_assinado-copia_tarjada.pdf
18:16:34 INFO     command: tesseract --psm 0 -l osd /tmp/tmpkzixhyu9.png stdout
18:16:34 INFO     command: tesseract -l por /tmp/tmpkzixhyu9.png stdout tsv
18:16:38 INFO     command: tesseract --psm 0 -l osd /tmp/tmpcnjazgsl.png stdout
18:16:39 INFO     command: tesseract -l por /tmp/tmpcnjazgsl.png stdout tsv
18:16:50 INFO     Finished converting document sgpr_ptd_2025_2027_anexo_de_entregas_assinado-copia_tarjada.pdf in 17.34 sec.
18:16:50 INFO       pixel_budget (Docling) sgpr_ptd_2025_2027_anexo_de_entregas_assinado-copia_tarjada.pdf: 29.5% (área tabelas/1002424 px²)
18:16:50 INFO     [14/15] ✓ SGPR      :   15 entregas | 17.3s | ETA ~51s
18:16:50 INFO     [15/15] → sgpr_ptd_2026_2027_docdiretivo_assinado-copia_tarjada.pdf
18:16:50 INFO     detected formats: [<InputFormat.PDF: 'pdf'>]
18:16:50 INFO     Going to convert document batch...
18:16:50 INFO     Processing document sgpr_ptd_2026_2027_docdiretivo_assinado-copia_tarjada.pdf
18:17:11 INFO     Finished converting document sgpr_ptd_2026_2027_docdiretivo_assinado-copia_tarjada.pdf in 20.63 sec.
18:17:11 INFO       pixel_budget (Docling) sgpr_ptd_2026_2027_docdiretivo_assinado-copia_tarjada.pdf: 8.2% (área tabelas/5513330 px²)
18:17:11 INFO     [15/15] ✓ SGPR      :    4 entregas | 20.6s | ETA ~0s
18:17:11 INFO     273 registros | 7 órgãos
18:17:11 INFO     ╔══════════════════════════════════════════════════════════════╗
18:17:11 INFO     ║                  ENTREGAS — fase concluída                   ║
18:17:11 INFO     ║  Processados: 15    |  ✓ 15  ⚠ 0                             ║
18:17:11 INFO     ║  Duração: 12.2 min                                           ║
18:17:11 INFO     ║  273 registros | 7 órgãos                                    ║
18:17:11 INFO     ╚══════════════════════════════════════════════════════════════╝
18:17:11 INFO     [1/7] → agu_ptd_2025_2027_docdiretivo_assinado_assinado_assinado-copia_tarjada.pdf
18:17:11 INFO     detected formats: [<InputFormat.PDF: 'pdf'>]
18:17:11 INFO     Going to convert document batch...
18:17:11 INFO     Processing document agu_ptd_2025_2027_docdiretivo_assinado_assinado_assinado-copia_tarjada.pdf
18:17:11 INFO     command: tesseract --psm 0 -l osd /tmp/tmps4wcazjt.png stdout
18:17:12 INFO     command: tesseract -l por /tmp/tmps4wcazjt.png stdout tsv
18:17:14 INFO     command: tesseract --psm 0 -l osd /tmp/tmp8pdxhiu8.png stdout
18:17:15 INFO     command: tesseract -l por /tmp/tmp8pdxhiu8.png stdout tsv
18:17:19 INFO     command: tesseract --psm 0 -l osd /tmp/tmpjqer55nz.png stdout
18:17:20 INFO     command: tesseract -l por /tmp/tmpjqer55nz.png stdout tsv
18:17:23 INFO     command: tesseract --psm 0 -l osd /tmp/tmp_7ay1k_w.png stdout
18:17:23 INFO     command: tesseract -l por /tmp/tmp_7ay1k_w.png stdout tsv
18:17:26 INFO     command: tesseract --psm 0 -l osd /tmp/tmpv_7c3h60.png stdout
18:17:26 INFO     command: tesseract -l por /tmp/tmpv_7c3h60.png stdout tsv
18:17:29 INFO     command: tesseract --psm 0 -l osd /tmp/tmpi_ee2mm6.png stdout
18:17:30 INFO     command: tesseract -l por /tmp/tmpi_ee2mm6.png stdout tsv
18:17:41 INFO     command: tesseract --psm 0 -l osd /tmp/tmpgf64u1m5.png stdout
18:17:42 INFO     command: tesseract -l por /tmp/tmpgf64u1m5.png stdout tsv
18:17:44 INFO     command: tesseract --psm 0 -l osd /tmp/tmp9be656id.png stdout
18:17:45 INFO     command: tesseract -l por /tmp/tmp9be656id.png stdout tsv
18:17:47 INFO     command: tesseract --psm 0 -l osd /tmp/tmpq_j02zik.png stdout
18:17:48 INFO     command: tesseract -l por /tmp/tmpq_j02zik.png stdout tsv
18:17:51 INFO     command: tesseract --psm 0 -l osd /tmp/tmp6k5cfa72.png stdout
18:17:52 INFO     command: tesseract -l por /tmp/tmp6k5cfa72.png stdout tsv
18:18:08 INFO     command: tesseract --psm 0 -l osd /tmp/tmpit87nhqp.png stdout
18:18:09 INFO     command: tesseract -l por /tmp/tmpit87nhqp.png stdout tsv
18:18:12 INFO     Finished converting document agu_ptd_2025_2027_docdiretivo_assinado_assinado_assinado-copia_tarjada.pdf in 61.51 sec.
18:18:12 INFO     [1/7] ✓ AGU       :   7 riscos | 61.5s | ETA ~6min
18:18:12 INFO     [2/7] → documento-diretivo-mcom-_-ptd-25_27-copia_tarjada.pdf
18:18:12 INFO     detected formats: [<InputFormat.PDF: 'pdf'>]
18:18:12 INFO     Going to convert document batch...
18:18:12 INFO     Processing document documento-diretivo-mcom-_-ptd-25_27-copia_tarjada.pdf
18:18:13 INFO     command: tesseract --psm 0 -l osd /tmp/tmpatromn4k.png stdout
18:18:13 INFO     command: tesseract -l por /tmp/tmpatromn4k.png stdout tsv
18:18:16 INFO     command: tesseract --psm 0 -l osd /tmp/tmpo6jyib9_.png stdout
18:18:17 INFO     command: tesseract -l por /tmp/tmpo6jyib9_.png stdout tsv
18:18:23 INFO     command: tesseract --psm 0 -l osd /tmp/tmpe3jq14mp.png stdout
18:18:24 INFO     command: tesseract -l por /tmp/tmpe3jq14mp.png stdout tsv
18:18:25 INFO     command: tesseract --psm 0 -l osd /tmp/tmplg1nkpc_.png stdout
18:18:25 INFO     command: tesseract -l por /tmp/tmplg1nkpc_.png stdout tsv
18:18:27 INFO     command: tesseract --psm 0 -l osd /tmp/tmp7kdg2_j6.png stdout
18:18:28 INFO     command: tesseract -l por /tmp/tmp7kdg2_j6.png stdout tsv
18:18:31 INFO     command: tesseract --psm 0 -l osd /tmp/tmptgttntk0.png stdout
18:18:32 INFO     command: tesseract -l por /tmp/tmptgttntk0.png stdout tsv
18:18:45 INFO     command: tesseract --psm 0 -l osd /tmp/tmpx3x0i8oo.png stdout
18:18:46 INFO     command: tesseract -l por /tmp/tmpx3x0i8oo.png stdout tsv
18:18:50 INFO     command: tesseract --psm 0 -l osd /tmp/tmpirmzxwl6.png stdout
18:18:51 INFO     command: tesseract -l por /tmp/tmpirmzxwl6.png stdout tsv
18:18:53 INFO     command: tesseract --psm 0 -l osd /tmp/tmpc4k5zbzj.png stdout
18:18:54 INFO     command: tesseract -l por /tmp/tmpc4k5zbzj.png stdout tsv
18:18:56 INFO     command: tesseract --psm 0 -l osd /tmp/tmp6uj6700f.png stdout
18:18:57 INFO     command: tesseract -l por /tmp/tmp6uj6700f.png stdout tsv
18:19:07 INFO     command: tesseract --psm 0 -l osd /tmp/tmpk577039c.png stdout
18:19:08 INFO     command: tesseract -l por /tmp/tmpk577039c.png stdout tsv
18:19:10 INFO     command: tesseract --psm 0 -l osd /tmp/tmp5uywxy42.png stdout
18:19:11 INFO     command: tesseract -l por /tmp/tmp5uywxy42.png stdout tsv
18:19:13 INFO     command: tesseract --psm 0 -l osd /tmp/tmpgarqjk8w.png stdout
18:19:14 INFO     command: tesseract -l por /tmp/tmpgarqjk8w.png stdout tsv
18:19:16 INFO     command: tesseract --psm 0 -l osd /tmp/tmpkfesq2en.png stdout
18:19:17 INFO     command: tesseract -l por /tmp/tmpkfesq2en.png stdout tsv
18:19:23 INFO     Finished converting document documento-diretivo-mcom-_-ptd-25_27-copia_tarjada.pdf in 70.85 sec.
18:19:23 INFO     [2/7] ✓ MCOM      :  14 riscos | 70.9s | ETA ~5min
18:19:23 INFO     [3/7] → fiocruz_novo-ptd_2-1_docdiretivo_repactuacao_2024-2026_assinado_assinado-copia_tarjada.pdf
18:19:23 INFO     detected formats: [<InputFormat.PDF: 'pdf'>]
18:19:23 INFO     Going to convert document batch...
18:19:23 INFO     Processing document fiocruz_novo-ptd_2-1_docdiretivo_repactuacao_2024-2026_assinado_assinado-copia_tarjada.pdf
18:19:42 INFO     Finished converting document fiocruz_novo-ptd_2-1_docdiretivo_repactuacao_2024-2026_assinado_assinado-copia_tarjada.pdf in 18.68 sec.
18:19:42 INFO     [3/7] ✓ FIOCRUZ   :   6 riscos | 18.7s | ETA ~3min
18:19:42 INFO     [4/7] → funai_ptd_2025_2027_docdiretivo_assinado-1_tarjado.pdf
18:19:42 INFO     detected formats: [<InputFormat.PDF: 'pdf'>]
18:19:42 INFO     Going to convert document batch...
18:19:42 INFO     Processing document funai_ptd_2025_2027_docdiretivo_assinado-1_tarjado.pdf
18:19:43 INFO     command: tesseract --psm 0 -l osd /tmp/tmp80w23ti5.png stdout
18:19:44 INFO     command: tesseract -l por /tmp/tmp80w23ti5.png stdout tsv
18:19:45 INFO     command: tesseract --psm 0 -l osd /tmp/tmpt3o4tly4.png stdout
18:19:46 INFO     command: tesseract -l por /tmp/tmpt3o4tly4.png stdout tsv
18:19:49 INFO     command: tesseract --psm 0 -l osd /tmp/tmpd79m8cgc.png stdout
18:19:50 INFO     command: tesseract -l por /tmp/tmpd79m8cgc.png stdout tsv
18:19:52 INFO     command: tesseract --psm 0 -l osd /tmp/tmpcq6vv9o5.png stdout
18:19:53 INFO     command: tesseract -l por /tmp/tmpcq6vv9o5.png stdout tsv
18:19:54 INFO     command: tesseract --psm 0 -l osd /tmp/tmpq4kpko3x.png stdout
18:19:55 INFO     command: tesseract -l por /tmp/tmpq4kpko3x.png stdout tsv
18:19:57 INFO     command: tesseract --psm 0 -l osd /tmp/tmpz5wilya4.png stdout
18:19:59 INFO     command: tesseract -l por /tmp/tmpz5wilya4.png stdout tsv
18:20:10 INFO     command: tesseract --psm 0 -l osd /tmp/tmpq2126tg1.png stdout
18:20:10 INFO     command: tesseract -l por /tmp/tmpq2126tg1.png stdout tsv
18:20:12 INFO     command: tesseract --psm 0 -l osd /tmp/tmpkl4rarha.png stdout
18:20:13 INFO     command: tesseract -l por /tmp/tmpkl4rarha.png stdout tsv
18:20:14 INFO     command: tesseract --psm 0 -l osd /tmp/tmp9v794_75.png stdout
18:20:15 INFO     command: tesseract -l por /tmp/tmp9v794_75.png stdout tsv
18:20:16 INFO     command: tesseract --psm 0 -l osd /tmp/tmph29mja8d.png stdout
18:20:18 INFO     command: tesseract -l por /tmp/tmph29mja8d.png stdout tsv
18:20:28 INFO     command: tesseract --psm 0 -l osd /tmp/tmp8414w1xn.png stdout
18:20:29 INFO     command: tesseract -l por /tmp/tmp8414w1xn.png stdout tsv
18:20:39 INFO     command: tesseract --psm 0 -l osd /tmp/tmpzfqk5riz.png stdout
18:20:40 INFO     command: tesseract -l por /tmp/tmpzfqk5riz.png stdout tsv
18:20:42 INFO     command: tesseract --psm 0 -l osd /tmp/tmp_9irlx8v.png stdout
18:20:43 INFO     command: tesseract -l por /tmp/tmp_9irlx8v.png stdout tsv
18:20:50 INFO     Finished converting document funai_ptd_2025_2027_docdiretivo_assinado-1_tarjado.pdf in 67.73 sec.
18:20:50 INFO     [4/7] ✓ FUNAI     :  15 riscos | 67.7s | ETA ~2min
18:20:50 INFO     [5/7] → incra_ptd_docdiretivo__assinado-1_assinado_assinado-copia_tarjada.pdf
18:20:50 INFO     detected formats: [<InputFormat.PDF: 'pdf'>]
18:20:50 INFO     Going to convert document batch...
18:20:50 INFO     Processing document incra_ptd_docdiretivo__assinado-1_assinado_assinado-copia_tarjada.pdf
18:20:51 INFO     command: tesseract --psm 0 -l osd /tmp/tmpb9lj_b8c.png stdout
18:20:51 INFO     command: tesseract -l por /tmp/tmpb9lj_b8c.png stdout tsv
18:20:54 INFO     command: tesseract --psm 0 -l osd /tmp/tmpj2rbfh9m.png stdout
18:20:55 INFO     command: tesseract -l por /tmp/tmpj2rbfh9m.png stdout tsv
18:21:01 INFO     command: tesseract --psm 0 -l osd /tmp/tmpazebf0je.png stdout
18:21:02 INFO     command: tesseract -l por /tmp/tmpazebf0je.png stdout tsv
18:21:04 INFO     command: tesseract --psm 0 -l osd /tmp/tmp5jt0pjg0.png stdout
18:21:05 INFO     command: tesseract -l por /tmp/tmp5jt0pjg0.png stdout tsv
18:21:07 INFO     command: tesseract --psm 0 -l osd /tmp/tmpdj_nspui.png stdout
18:21:07 INFO     command: tesseract -l por /tmp/tmpdj_nspui.png stdout tsv
18:21:10 INFO     command: tesseract --psm 0 -l osd /tmp/tmp_mdi31ep.png stdout
18:21:11 INFO     command: tesseract -l por /tmp/tmp_mdi31ep.png stdout tsv
18:21:24 INFO     command: tesseract --psm 0 -l osd /tmp/tmpfbtn1a_0.png stdout
18:21:25 INFO     command: tesseract -l por /tmp/tmpfbtn1a_0.png stdout tsv
18:21:27 INFO     command: tesseract --psm 0 -l osd /tmp/tmpn6tu485p.png stdout
18:21:28 INFO     command: tesseract -l por /tmp/tmpn6tu485p.png stdout tsv
18:21:30 INFO     command: tesseract --psm 0 -l osd /tmp/tmp0xoopgkz.png stdout
18:21:31 INFO     command: tesseract -l por /tmp/tmp0xoopgkz.png stdout tsv
18:21:33 INFO     command: tesseract --psm 0 -l osd /tmp/tmpfyys9tap.png stdout
18:21:34 INFO     command: tesseract -l por /tmp/tmpfyys9tap.png stdout tsv
18:21:40 INFO     command: tesseract --psm 0 -l osd /tmp/tmp85s0c7jz.png stdout
18:21:41 INFO     command: tesseract -l por /tmp/tmp85s0c7jz.png stdout tsv
18:21:49 INFO     command: tesseract --psm 0 -l osd /tmp/tmpdul5gmi6.png stdout
18:21:50 INFO     command: tesseract -l por /tmp/tmpdul5gmi6.png stdout tsv
18:21:53 INFO     command: tesseract --psm 0 -l osd /tmp/tmp1df436iv.png stdout
18:21:54 INFO     command: tesseract -l por /tmp/tmp1df436iv.png stdout tsv
18:22:02 INFO     Finished converting document incra_ptd_docdiretivo__assinado-1_assinado_assinado-copia_tarjada.pdf in 72.05 sec.
18:22:02 INFO     [5/7] ✓ INCRA     :  15 riscos | 72.1s | ETA ~1min
18:22:02 INFO     [6/7] → iti_doc_diretivo_assinado-1_tarjado.pdf
18:22:02 INFO     detected formats: [<InputFormat.PDF: 'pdf'>]
18:22:02 INFO     Going to convert document batch...
18:22:02 INFO     Processing document iti_doc_diretivo_assinado-1_tarjado.pdf
18:22:02 INFO     command: tesseract --psm 0 -l osd /tmp/tmpidq7ushp.png stdout
18:22:03 INFO     command: tesseract -l por /tmp/tmpidq7ushp.png stdout tsv
18:22:05 INFO     command: tesseract --psm 0 -l osd /tmp/tmpujb3_8ao.png stdout
18:22:06 INFO     command: tesseract -l por /tmp/tmpujb3_8ao.png stdout tsv
18:22:11 INFO     command: tesseract --psm 0 -l osd /tmp/tmps9av3lsu.png stdout
18:22:12 INFO     command: tesseract -l por /tmp/tmps9av3lsu.png stdout tsv
18:22:14 INFO     command: tesseract --psm 0 -l osd /tmp/tmpucfb9tz9.png stdout
18:22:15 INFO     command: tesseract -l por /tmp/tmpucfb9tz9.png stdout tsv
18:22:16 INFO     command: tesseract --psm 0 -l osd /tmp/tmplkrlx_5u.png stdout
18:22:17 INFO     command: tesseract -l por /tmp/tmplkrlx_5u.png stdout tsv
18:22:19 INFO     command: tesseract --psm 0 -l osd /tmp/tmpn4jhs4x8.png stdout
18:22:20 INFO     command: tesseract -l por /tmp/tmpn4jhs4x8.png stdout tsv
18:22:36 INFO     command: tesseract --psm 0 -l osd /tmp/tmp_cy0f3_w.png stdout
18:22:37 INFO     command: tesseract -l por /tmp/tmp_cy0f3_w.png stdout tsv
18:22:39 INFO     command: tesseract --psm 0 -l osd /tmp/tmpqzgrsl3j.png stdout
18:22:40 INFO     command: tesseract -l por /tmp/tmpqzgrsl3j.png stdout tsv
18:22:42 INFO     command: tesseract --psm 0 -l osd /tmp/tmp9wb6nql7.png stdout
18:22:43 INFO     command: tesseract -l por /tmp/tmp9wb6nql7.png stdout tsv
18:22:45 INFO     command: tesseract --psm 0 -l osd /tmp/tmpoi6dkpfg.png stdout
18:22:47 INFO     command: tesseract -l por /tmp/tmpoi6dkpfg.png stdout tsv
18:22:55 INFO     command: tesseract --psm 0 -l osd /tmp/tmp8fty_hbo.png stdout
18:22:56 INFO     command: tesseract -l por /tmp/tmp8fty_hbo.png stdout tsv
18:23:02 INFO     Finished converting document iti_doc_diretivo_assinado-1_tarjado.pdf in 59.93 sec.
18:23:02 INFO     [6/7] ✓ ITI       :  14 riscos | 59.9s | ETA ~58s
18:23:02 INFO     [7/7] → sgpr_ptd_2026_2027_docdiretivo_assinado-copia_tarjada.pdf
18:23:02 INFO     detected formats: [<InputFormat.PDF: 'pdf'>]
18:23:02 INFO     Going to convert document batch...
18:23:02 INFO     Processing document sgpr_ptd_2026_2027_docdiretivo_assinado-copia_tarjada.pdf
18:23:22 INFO     Finished converting document sgpr_ptd_2026_2027_docdiretivo_assinado-copia_tarjada.pdf in 20.64 sec.
18:23:22 INFO     [7/7] ✓ SGPR      :  10 riscos | 20.6s | ETA ~0s
18:23:22 INFO     ╔══════════════════════════════════════════════════════════════╗
18:23:22 INFO     ║                   RISCOS — fase concluída                    ║
18:23:22 INFO     ║  Processados: 7     |  ✓ 7  ⚠ 0                              ║
18:23:22 INFO     ║  Duração: 6.2 min                                            ║
18:23:22 INFO     ║  81 riscos | 7 órgãos                                        ║
18:23:22 INFO     ╚══════════════════════════════════════════════════════════════╝
18:23:22 INFO     81 riscos | 0 ações | 135 relações
18:23:22 INFO     ptd_corpus_raw                     : 273 linhas
18:23:22 INFO     ptd_pivot_eixos                    : 7 linhas
18:23:26 INFO     ptd_datas_assinatura               : 132 linhas
18:23:26 INFO     ptd_riscos                         : 81 linhas
18:23:26 INFO     ptd_riscos_acoes                   : 135 linhas
18:23:26 INFO     Manifesto salvo: pipeline_manifest.json | SHA-256 de 132 PDFs
18:23:26 INFO     ==================================================
18:23:26 INFO     PTD-BR v3.0-melhorado — PIPELINE CONCLUÍDO
18:23:26 INFO     ==================================================
18:23:26 INFO     ptd_corpus_raw.csv                        167 KB
18:23:26 INFO     ptd_pivot_eixos.csv                         0 KB
18:23:26 INFO     ptd_datas_assinatura.csv                    9 KB
18:23:26 INFO     ptd_riscos.csv                             23 KB
18:23:26 INFO     ptd_riscos_acoes.csv                        2 KB
18:23:26 INFO     proveniencia.json                           0 KB
18:23:26 INFO     pipeline_manifest.json                     20 KB
18:23:26 INFO     📦 Artefatos: https://github.com/freirelucas/teste/actions/runs/24043497730
18:23:26 INFO     ==================================================
