14:37:14 INFO     Docling disponível
14:37:14 WARNING  OCR fallback indisponível (IndentationError: unexpected indent (ptd_ocr_fallback.py, line 45))
14:37:15 INFO     Ignorado (guia/template/norma): ABNT-NBR-17225-Acessibilidade-Digital.pdf
14:37:15 INFO     Ignorado (guia/template/norma): cgrep-guia10passos-ptd-orgao.pdf
14:37:15 INFO     Ignorado (guia/template/norma): ABNT-NBR-17225-Acessibilidade-Digital.pdf
14:37:15 INFO     Scraping: 132 PDFs únicos | entregas: 68 | diretivos: 61
14:37:15 INFO     Baixando 132 PDFs únicos...
14:37:16 INFO     ✓ [  1/132] abin_ptd_anexo_de_entregas_assinado_pelo_orgao_ass   293.3KB
14:37:20 INFO     ✓ [  2/132] aeb_ptd_2025_2027_docdiretivo_aprovado_assinado-1_  1033.7KB
14:37:22 INFO     ✓ [  3/132] aeb_ptd_2025_2027_anexo_de_entregas_aprovado_assin   154.5KB
14:37:28 INFO     ✓ [  4/132] agu_ptd_2025_2027_docdiretivo_assinado_assinado_as  2860.3KB
14:37:30 INFO     ✓ [  5/132] agu_ptd_2025_2027_anexo_de_entregas_assinado_assin   525.5KB
14:37:33 INFO     ✓ [  6/132] ana_ptd_2025_2027_docdiretivo_assinado_assinado_as   477.2KB
14:37:35 INFO     ✓ [  7/132] ana_ptd_2025_2027_anexoentregas_assinado_assinado_   170.9KB
14:37:39 INFO     ✓ [  8/132] anac_ptd_2025_2026_docdiretivo_se_assinado_tarjado  1036.3KB
14:37:41 INFO     ✓ [  9/132] anac_ptd_2025_2026_anexo_de_entregas_se_assinado.p   215.2KB
14:37:44 INFO     ✓ [ 10/132] anatel_ptd_docdiretivo_assinado_2025_2026_assinado  1006.0KB
14:37:46 INFO     ✓ [ 11/132] anatel_ptd_2025_2026_anexo_de_entregas_do_ptd_publ    71.9KB
14:37:49 INFO     ✓ [ 12/132] ancine_ptd_2024_2026_docdiretivo_assinado-2_assina   961.8KB
14:37:52 INFO     ✓ [ 13/132] ancine_ptd_2024_2026_-_anexo_de_entregas_aprovado_   613.2KB
14:37:55 INFO     ✓ [ 14/132] ptd_aneel_2025-2027_docdiretivo_assinado_tarjado.p   779.6KB
14:37:57 INFO     ✓ [ 15/132] ptd_aneel_2025-2027_anexo_de_entregas_assinado.pdf   111.9KB
14:38:00 INFO     ✓ [ 16/132] anm_ptd_2025_2027_docdiretivo_assinadopeloorgao_ta  1092.5KB
14:38:03 INFO     ✓ [ 17/132] anm_ptd_2025_2027_anexo_entregas_assinadopeloorgao  1140.4KB
14:38:06 INFO     ✓ [ 18/132] anpd_ptd_2025_2027_docdiretivo_assinado_assinado_a  1044.3KB
14:38:09 INFO     ✓ [ 19/132] anpd_ptd_2025_2027_anexo_de_entregas_assinado_assi   166.5KB
14:38:12 INFO     ✓ [ 20/132] ans-plano_de_transformacao_digital_assinado-copia_  1023.4KB
14:38:14 INFO     ✓ [ 21/132] ans_ptd_2025_2026_anexo_de_entregas_assinado_assin   124.1KB
14:38:17 INFO     ✓ [ 22/132] antaq_ptd_2025_2027_docdiretivo_assinado_assinado_  1039.8KB
14:38:19 INFO     ✓ [ 23/132] antaq_ptd_2025_2027_anexoentregas_assinado_assinad   145.1KB
14:38:21 INFO     ✓ [ 24/132] mt_anexo_de_entregas_-_assinado_assinado_assinado_   143.6KB
14:38:30 INFO     ✓ [ 25/132] anvisa_ptd_docdiretivo_2025-2026_assinado_assinado  5771.2KB
14:38:32 INFO     ✓ [ 26/132] anvisa_ptd_anexo_de_entregas_2025_2026_assinado_as   239.0KB
14:38:35 INFO     ✓ [ 27/132] bcb_documento_diretivo_assinado_assinado_assinado-   713.7KB
14:38:37 INFO     ✓ [ 28/132] bcb_anexo_de_entregas_ptd_25_26-1_assinado_assinad   134.8KB
14:38:40 INFO     ✓ [ 29/132] cade_ptd_docdiretivo_2025_2026_assinado-2_assinado   810.4KB
14:38:43 INFO     ✓ [ 30/132] cade_ptd_anexo_de_entregas_2025_2026_assinado_copi   504.0KB
14:38:46 INFO     ✓ [ 31/132] mec_ptd_docdiretivo_2025-2026_sei_mec-5566673_copi   863.1KB
14:38:48 INFO     ✓ [ 32/132] mec_ptd_anexo-de-entregas_sei_mec-5576401_copia_ta   495.7KB
14:38:52 INFO     ✓ [ 33/132] mec_ptd_docdiretivo-versao-comunicacao_copia_tarja  1616.5KB
14:38:55 INFO     ✓ [ 34/132] md_ptd_2026_2027_anexo_de_entregas_assinado_assina   579.4KB
14:38:57 INFO     ✓ [ 35/132] md_ptd_2026_2027_anexo_de_entregas_assinado_assina   186.8KB
14:39:00 INFO     ✓ [ 36/132] md_ptd_temp_copia_tarjada.pdf                        741.9KB
14:39:03 INFO     ✓ [ 37/132] cgu_ptd_docdiretivo_assinado_assinado_assinado-cop  1085.4KB
14:39:06 INFO     ✓ [ 38/132] cgu_ptd_anexo_de_entregas_pactuadas_assinado_assin   514.1KB
14:39:08 INFO     ✓ [ 39/132] cnpq_ptd_2025_2027_docdiretivo_assinado_assinado_a   342.9KB
14:39:11 INFO     ✓ [ 40/132] cnpq_ptd_2025_2027_anexo_de_entregas_assinado_assi   136.1KB
14:39:14 INFO     ✓ [ 41/132] coaf_ptd_2025_2026_documento_diretivo_assinado_ass  1068.0KB
14:39:19 INFO     ✓ [ 42/132] coaf_ptd_2025_2026_anexo_de_entregas-2_assinado_as  3184.5KB
14:39:25 INFO     ✓ [ 43/132] ptd_midr-docdiretivo_aprovado_assinado_tarjado.pdf  3864.1KB
14:39:29 INFO     ✓ [ 44/132] ptd_midr_-_anexo_de_entregas_-_aprovado_assinado.p  1122.0KB
14:39:32 INFO     ✓ [ 45/132] mda-documento-diretivo-assinado_ptd-2025-207-copia   955.8KB
14:39:34 INFO     ✓ [ 46/132] cvm_ptd_2025_2027_docdiretivo_assinado_assinado_as   270.5KB
14:39:37 INFO     ✓ [ 47/132] cvm_ptd_2025_2027_anexoentregas_assinado_assinado_   409.0KB
14:39:40 INFO     ✓ [ 48/132] dnocs_ptd_doc_diretivo_2025_2026_assinado_orgao-2_   891.1KB
14:39:42 INFO     ✓ [ 49/132] dnocs_anexo_de_entregas_repactuado_2025_2026_assin   272.3KB
14:39:47 INFO     ✓ [ 50/132] fbn_ptd_2025_2027_docdiretivo_assinado-1_tarjado.p  2921.6KB
14:39:49 INFO     ✓ [ 51/132] fbn_ptd_2025_2027_anexo_de_entregas_assinado-1.pdf   162.3KB
14:39:53 INFO     ✓ [ 52/132] fcp_ptd_2025_2027_docdiretivo_assinado-1_tarjado.p  1612.0KB
14:39:55 INFO     ✓ [ 53/132] fcp_ptd_2025_2027_anexo_de_entregas_assinado-1.pdf   118.8KB
14:39:58 INFO     ✓ [ 54/132] fcrb_ptd_2025_2026_docdiretivo_aprovado_assinado-1   998.2KB
14:40:01 INFO     ✓ [ 55/132] fcrb_ptd_2025_2026_anexo_de_entregas_aprovado_assi   313.5KB
14:40:04 INFO     ✓ [ 56/132] fiocruz_novo-ptd_2-1_docdiretivo_repactuacao_2024-  1318.1KB
14:40:07 INFO     ✓ [ 57/132] fiocruz_ptd_anexo_de_entregas_assinado_v1_assinado   257.1KB
14:40:10 INFO     ✓ [ 58/132] fiocruz-ptd-06_2024-copia_tarjada.pdf               1693.8KB
14:40:15 INFO     ✓ [ 59/132] funai_ptd_2025_2027_docdiretivo_assinado-1_tarjado  1842.1KB
14:40:17 INFO     ✓ [ 60/132] funai_anexo_de_entregas_repactuado_2026_2027_assin   435.7KB
14:40:20 INFO     ✓ [ 61/132] funarte_ptd_docdiretivo_assinado_21_01_2025_assina   965.7KB
14:40:23 INFO     ✓ [ 62/132] funarte_ptd_anexo_de_entregas_assinado_v1_assinado   683.6KB
14:40:26 INFO     ✓ [ 63/132] fundacentro_ptd_2025_2027_docdiretivo_assinado_ass   826.6KB
14:40:29 INFO     ✓ [ 64/132] fundacentro_ptd_2025_2027_anexo_de_entregas_assina   635.5KB
14:40:32 INFO     ✓ [ 65/132] mma_ptd_docdiretivo_assinado_2025_2026-1_assinado_   949.3KB
14:40:34 INFO     ✓ [ 66/132] mma_ptd_anexo_de_entregas_aprovado_final_assinado_   174.8KB
14:40:37 INFO     ✓ [ 67/132] ibge_docdiretivo_2025_assinado_assinado_assinado-c  1167.3KB
14:40:39 INFO     ✓ [ 68/132] ibge_ptd_25_26_anexo_de_entregas_modelo_v2-1_assin   143.7KB
14:40:49 INFO     ✓ [ 69/132] incra_ptd_docdiretivo__assinado-1_assinado_assinad  7182.0KB
14:40:53 INFO     ✓ [ 70/132] incra_anexo_de_entregas_assinado-1_assinado_assina  1818.6KB
14:40:59 INFO     ✓ [ 71/132] inpi_ptd_docdiretivo_assinado_2025_2026_assinado_a  3322.4KB
14:41:04 INFO     ✓ [ 72/132] inpi_ptd_anexo_de_entregas_assinado_v1_assinado_as  3078.1KB
14:41:07 INFO     ✓ [ 73/132] inss_ptd_2025_2027_docdiretivo-assinado-copia_tarj  1173.3KB
14:41:09 INFO     ✓ [ 74/132] inss_ptd_2025_2027_anexo_de_entregas-assinado-copi   110.8KB
14:41:12 INFO     ✓ [ 75/132] iphan_ptd_docdiretivo_assinado_2025_2026_assinado_   885.7KB
14:41:15 INFO     ✓ [ 76/132] iphan_ptd_anexo_de_entregas_assinado_v1_assinado_a   310.9KB
14:41:22 INFO     ✓ [ 77/132] iti_doc_diretivo_assinado-1_tarjado.pdf             4905.1KB
14:41:24 INFO     ✓ [ 78/132] iti_anexo_de_entregas_assinado.pdf                   556.4KB
14:41:28 INFO     ✓ [ 79/132] mapa_ptd_2025_2027_docdiretivo_assinado-1_tarjado.  1740.9KB
14:41:31 INFO     ✓ [ 80/132] mapa_ptd_2025_2027_anexo_de_entregas_assinado-1.pd   261.9KB
14:41:38 INFO     ✓ [ 81/132] documento-diretivo-mcom-_-ptd-25_27-copia_tarjada.  4451.9KB
14:41:41 INFO     ✓ [ 82/132] anexo-de-entregas-mcom_ptd-25_27-copia_tarjada.pdf  1213.8KB
14:41:46 INFO     ✓ [ 83/132] ptd_21_24_mcom-copia_tarjada.pdf                    3040.7KB
14:41:49 INFO     ✓ [ 84/132] mcti_ptd_2025-2027_docdiretivo_assinado-copia_tarj  1030.7KB
14:41:51 INFO     ✓ [ 85/132] mcti_ptd_2025-2027_anexo-de-entregas_assinado-copi   145.8KB
14:41:54 INFO     ✓ [ 86/132] mda-anexo-entregas-assinado_ptd-2025-2027-copia-ta   284.6KB
14:41:57 INFO     ✓ [ 87/132] mdhc_ptd_2025_2027_docdiretivo_assinado_assinado_a   753.4KB
14:41:59 INFO     ✓ [ 88/132] mdhc_ptd_2025_2027_anexoentregas_assinado_assinado   186.8KB
14:42:01 INFO     ✓ [ 89/132] mdic_ptd_anexo_de_entregas_assinado_v1_assinado_as   176.6KB
14:42:04 INFO     ✓ [ 90/132] memp_ptd_2025_2026_docdiretivo_assinado_assinado_a  1030.1KB
14:42:06 INFO     ✓ [ 91/132] memp_ptd_2025_2026_anexo_de_entregas_assinado_assi   161.5KB
14:42:10 INFO     ✓ [ 92/132] mesp_ptd_2025_2027_docdiretivo_assinado_assinado_2  1147.7KB
14:42:12 INFO     ✓ [ 93/132] mesp_ptd_2025_2027_anexo_de_entregas_assinado_assi   226.6KB
14:42:15 INFO     ✓ [ 94/132] mf_ptd_2026_2027_documentodiretivo_assinado_assina   955.1KB
14:42:18 INFO     ✓ [ 95/132] mf_ptd_2026_2027_anexo_de_entregas_1_mf_se_assinad   241.2KB
14:42:20 INFO     ✓ [ 96/132] mgi_ptd_2025_2027_docdiretivo_assinado_assinado_as   375.2KB
14:42:22 INFO     ✓ [ 97/132] mgi_ptd_2025_2027_anexo_de_entregas_assinado_assin   256.1KB
14:42:26 INFO     ✓ [ 98/132] minc_ptd_2025_2027_docdiretivo_assinado-1_assinado   863.6KB
14:42:28 INFO     ✓ [ 99/132] minc_ptd_2025_2027_anexo_de_entregas_assinado-1_as   276.7KB
14:42:31 INFO     ✓ [100/132] mjsp_ptd_docdiretivo_assinado_2025_2026_assinado_a   954.0KB
14:42:34 INFO     ✓ [101/132] mjsp_ptd_anexo_de_entregas_assinado_v1_assinado_as   253.9KB
14:42:36 INFO     ✓ [102/132] mme_ptd_2025_2027_docdiretivo_assinado-copia_tarja   664.5KB
14:42:38 INFO     ✓ [103/132] mme_ptd_2025_2027_anexo_de_entregas_assinado__1_-c   111.1KB
14:42:42 INFO     ✓ [104/132] mmulheres_ptd_2025_2027_docdiretivo_assinado_assin  1078.3KB
14:42:44 INFO     ✓ [105/132] mmulheres_ptd_2025_2027_anexo_de_entregas_assinado   216.9KB
14:42:47 INFO     ✓ [106/132] mpi_ptd_2025_2027_docdiretivo_ministerio_dos_povos   947.9KB
14:42:49 INFO     ✓ [107/132] mpi_ptd_anexo_de_entregas_do_plano_de_tranformacao   191.9KB
14:42:55 INFO     ✓ [108/132] mpo_ptd_docdiretivo_assinado_2025_2026_assinado_as   806.3KB
14:42:57 INFO     ✓ [109/132] mpo_ptd_anexo_de_entregas_assinado_v1_assinado_ass   323.2KB
14:43:00 INFO     ✓ [110/132] mpor_ptd_2025_2027_docdiretivo_assinado_assinado_a   876.5KB
14:43:02 INFO     ✓ [111/132] mpor_ptd_2025_2027_anexo_de_entregas_assinado_assi   175.1KB
14:43:05 INFO     ✓ [112/132] mps_ptd_2025-2026_docdiretivo_final_assinado-1_ass  1024.4KB
14:43:07 INFO     ✓ [113/132] mps_ptd_2025-2026_anexo_de_entregas_final_assinado   165.0KB
14:43:11 INFO     ✓ [114/132] mre_ptd_docdiretivo_assinado_2025_2026_assinado_as   760.9KB
14:43:14 INFO     ✓ [115/132] mre_ptd_anexo_de_entregas_assinado_v1_assinado_ass   233.2KB
14:43:17 INFO     ✓ [116/132] mte_ptd_2025_2026_docdiretivo_assinado_assinado_as   729.6KB
14:43:19 INFO     ✓ [117/132] mte_ptd_anexo_de_entregas_assinado_v1__281_29_assi   459.5KB
14:43:22 INFO     ✓ [118/132] mtur_ptd_docdiretiv_assinado_30_01_2025_assinado_a  1050.4KB
14:43:24 INFO     ✓ [119/132] mtur_ptd_anexo_de_entregas_assinado_30_01_2025_ass   118.8KB
14:43:28 INFO     ✓ [120/132] pf_ptd_docdiretivo_2025_2027_assinado-copia_tarjad   964.3KB
14:43:30 INFO     ✓ [121/132] pf_ptd_anexo_de_entregas_2025_2027_assinado-copia_    62.5KB
14:43:32 INFO     ✓ [122/132] mf_ptd_2026_2027_anexo_de_entregas_4_mf_pgfn_assin   466.8KB
14:43:42 INFO     ✓ [123/132] previc_plano_de_transformacao_digital_2025_2026_29  6652.7KB
14:43:44 INFO     ✓ [124/132] previc_ptd_repactuacao_2025-2026_assinado_assinado   182.9KB
14:43:49 INFO     ✓ [125/132] prf_documentodiretivo_ptd_2026-2027_assinado_tarja   535.9KB
14:43:52 INFO     ✓ [126/132] prf_anexo_de_entregas_do_ptd__2026_2027___ptd___en   157.7KB
14:43:54 INFO     ✓ [127/132] mf_ptd_2026_2027_anexo_de_entregas_2_mf_rfb_assina   253.7KB
14:43:59 INFO     ✓ [128/132] sgpr_ptd_2026_2027_docdiretivo_assinado-copia_tarj   791.2KB
14:44:02 INFO     ✓ [129/132] sgpr_ptd_2025_2027_anexo_de_entregas_assinado-copi   897.9KB
14:44:05 INFO     ✓ [130/132] mf_ptd_2026_2027_anexo_de_entregas_3_mf_stn_assina   467.8KB
14:44:09 INFO     ✓ [131/132] susep_ptd_2025_2027_docdiretivo-assinado-copia_tar  1030.1KB
14:44:11 INFO     ✓ [132/132] susep_ptd_2025-2026_anexo_de_entregas_final_assina   221.9KB
14:44:13 INFO     132 OK | 0 erros | 123.3 MB total
14:44:19 INFO     Sanity: 132 PDFs | 113 texto | 19 imagem/OCR | 0 duplicatas
14:44:19 INFO     --siglas (debug): 15 PDFs de ['AGU', 'FIOCRUZ', 'FUNAI', 'FUNDACENTRO', 'INCRA', 'ITI', 'MCOM', 'SGPR']
14:44:19 INFO     DocumentConverter instanciado (singleton × 2: plain + OCR)
14:44:19 INFO     [1/15] → agu_ptd_2025_2027_anexo_de_entregas_assinado_assinado_assinado-copia_tarjada.pdf
14:44:19 INFO     detected formats: [<InputFormat.PDF: 'pdf'>]
14:44:19 INFO     Going to convert document batch...
14:44:19 INFO     Initializing pipeline for StandardPdfPipeline with options hash bc6794697da537796efc497178f9263f
14:44:19 INFO     Loading plugin 'docling_defaults'
14:44:19 INFO     Registered picture descriptions: ['picture_description_vlm_engine', 'vlm', 'api']
14:44:19 INFO     Loading plugin 'docling_defaults'
14:44:19 INFO     Registered ocr engines: ['auto', 'easyocr', 'kserve_v2_ocr', 'ocrmac', 'rapidocr', 'tesserocr', 'tesseract']
14:44:19 INFO     command: tesseract --list-langs
14:44:19 INFO     Loading plugin 'docling_defaults'
14:44:19 INFO     Registered layout engines: ['layout_object_detection', 'docling_layout_default', 'docling_experimental_table_crops_layout']
14:44:19 INFO     Accelerator device: 'cpu'
14:44:19 INFO     HTTP Request: GET https://huggingface.co/api/models/docling-project/docling-layout-heron/revision/main "HTTP/1.1 200 OK"
14:44:19 INFO     HTTP Request: HEAD https://huggingface.co/docling-project/docling-layout-heron/resolve/8f39ad3c0b4c58e9c2d2c84a38465abf757272d8/.gitattributes "HTTP/1.1 307 Temporary Redirect"
14:44:19 WARNING  Warning: You are sending unauthenticated requests to the HF Hub. Please set a HF_TOKEN to enable higher rate limits and faster downloads.
14:44:19 INFO     HTTP Request: HEAD https://huggingface.co/api/resolve-cache/models/docling-project/docling-layout-heron/8f39ad3c0b4c58e9c2d2c84a38465abf757272d8/.gitattributes "HTTP/1.1 200 OK"
14:44:19 INFO     HTTP Request: HEAD https://huggingface.co/docling-project/docling-layout-heron/resolve/8f39ad3c0b4c58e9c2d2c84a38465abf757272d8/config.json "HTTP/1.1 307 Temporary Redirect"
14:44:19 INFO     HTTP Request: HEAD https://huggingface.co/docling-project/docling-layout-heron/resolve/8f39ad3c0b4c58e9c2d2c84a38465abf757272d8/README.md "HTTP/1.1 307 Temporary Redirect"
14:44:19 INFO     HTTP Request: HEAD https://huggingface.co/docling-project/docling-layout-heron/resolve/8f39ad3c0b4c58e9c2d2c84a38465abf757272d8/model.safetensors "HTTP/1.1 302 Found"
14:44:19 INFO     HTTP Request: HEAD https://huggingface.co/docling-project/docling-layout-heron/resolve/8f39ad3c0b4c58e9c2d2c84a38465abf757272d8/preprocessor_config.json "HTTP/1.1 307 Temporary Redirect"
14:44:19 INFO     HTTP Request: HEAD https://huggingface.co/docling-project/docling-layout-heron/resolve/8f39ad3c0b4c58e9c2d2c84a38465abf757272d8/docling_heron_400.png "HTTP/1.1 307 Temporary Redirect"
14:44:19 INFO     HTTP Request: GET https://huggingface.co/api/resolve-cache/models/docling-project/docling-layout-heron/8f39ad3c0b4c58e9c2d2c84a38465abf757272d8/.gitattributes "HTTP/1.1 200 OK"
14:44:19 INFO     HTTP Request: HEAD https://huggingface.co/api/resolve-cache/models/docling-project/docling-layout-heron/8f39ad3c0b4c58e9c2d2c84a38465abf757272d8/config.json "HTTP/1.1 200 OK"
14:44:19 INFO     HTTP Request: HEAD https://huggingface.co/api/resolve-cache/models/docling-project/docling-layout-heron/8f39ad3c0b4c58e9c2d2c84a38465abf757272d8/README.md "HTTP/1.1 200 OK"
14:44:19 INFO     HTTP Request: HEAD https://huggingface.co/api/resolve-cache/models/docling-project/docling-layout-heron/8f39ad3c0b4c58e9c2d2c84a38465abf757272d8/preprocessor_config.json "HTTP/1.1 200 OK"
14:44:19 INFO     HTTP Request: HEAD https://huggingface.co/api/resolve-cache/models/docling-project/docling-layout-heron/8f39ad3c0b4c58e9c2d2c84a38465abf757272d8/docling_heron_400.png "HTTP/1.1 200 OK"
14:44:19 INFO     HTTP Request: GET https://huggingface.co/api/resolve-cache/models/docling-project/docling-layout-heron/8f39ad3c0b4c58e9c2d2c84a38465abf757272d8/config.json "HTTP/1.1 200 OK"
14:44:19 INFO     HTTP Request: GET https://huggingface.co/api/resolve-cache/models/docling-project/docling-layout-heron/8f39ad3c0b4c58e9c2d2c84a38465abf757272d8/README.md "HTTP/1.1 200 OK"
14:44:19 INFO     HTTP Request: GET https://huggingface.co/api/resolve-cache/models/docling-project/docling-layout-heron/8f39ad3c0b4c58e9c2d2c84a38465abf757272d8/preprocessor_config.json "HTTP/1.1 200 OK"
14:44:19 INFO     HTTP Request: GET https://huggingface.co/api/resolve-cache/models/docling-project/docling-layout-heron/8f39ad3c0b4c58e9c2d2c84a38465abf757272d8/docling_heron_400.png "HTTP/1.1 200 OK"
14:44:19 INFO     HTTP Request: GET https://huggingface.co/api/models/docling-project/docling-layout-heron/xet-read-token/8f39ad3c0b4c58e9c2d2c84a38465abf757272d8 "HTTP/1.1 200 OK"
14:44:20 INFO     Loading plugin 'docling_defaults'
14:44:20 INFO     Registered table structure engines: ['docling_tableformer', 'docling_tableformer_v2']
14:44:20 INFO     HTTP Request: GET https://huggingface.co/api/models/docling-project/docling-models/revision/v2.3.0 "HTTP/1.1 200 OK"
14:44:20 INFO     HTTP Request: HEAD https://huggingface.co/docling-project/docling-models/resolve/fc0f2d45e2218ea24bce5045f58a389aed16dc23/README.md "HTTP/1.1 307 Temporary Redirect"
14:44:20 INFO     HTTP Request: HEAD https://huggingface.co/docling-project/docling-models/resolve/fc0f2d45e2218ea24bce5045f58a389aed16dc23/model_artifacts/tableformer/accurate/tableformer_accurate.safetensors "HTTP/1.1 302 Found"
14:44:20 INFO     HTTP Request: HEAD https://huggingface.co/docling-project/docling-models/resolve/fc0f2d45e2218ea24bce5045f58a389aed16dc23/.gitattributes "HTTP/1.1 307 Temporary Redirect"
14:44:20 INFO     HTTP Request: HEAD https://huggingface.co/docling-project/docling-models/resolve/fc0f2d45e2218ea24bce5045f58a389aed16dc23/config.json "HTTP/1.1 307 Temporary Redirect"
14:44:20 INFO     HTTP Request: HEAD https://huggingface.co/docling-project/docling-models/resolve/fc0f2d45e2218ea24bce5045f58a389aed16dc23/model_artifacts/tableformer/accurate/tm_config.json "HTTP/1.1 307 Temporary Redirect"
14:44:20 INFO     HTTP Request: HEAD https://huggingface.co/api/resolve-cache/models/docling-project/docling-models/fc0f2d45e2218ea24bce5045f58a389aed16dc23/README.md "HTTP/1.1 200 OK"
14:44:20 INFO     HTTP Request: HEAD https://huggingface.co/api/resolve-cache/models/docling-project/docling-models/fc0f2d45e2218ea24bce5045f58a389aed16dc23/.gitattributes "HTTP/1.1 200 OK"
14:44:20 INFO     HTTP Request: HEAD https://huggingface.co/api/resolve-cache/models/docling-project/docling-models/fc0f2d45e2218ea24bce5045f58a389aed16dc23/config.json "HTTP/1.1 200 OK"
14:44:20 INFO     HTTP Request: HEAD https://huggingface.co/api/resolve-cache/models/docling-project/docling-models/fc0f2d45e2218ea24bce5045f58a389aed16dc23/model_artifacts%2Ftableformer%2Faccurate%2Ftm_config.json "HTTP/1.1 200 OK"
14:44:20 INFO     HTTP Request: HEAD https://huggingface.co/docling-project/docling-models/resolve/fc0f2d45e2218ea24bce5045f58a389aed16dc23/.gitignore "HTTP/1.1 307 Temporary Redirect"
14:44:20 INFO     HTTP Request: GET https://huggingface.co/api/resolve-cache/models/docling-project/docling-models/fc0f2d45e2218ea24bce5045f58a389aed16dc23/README.md "HTTP/1.1 200 OK"
14:44:20 INFO     HTTP Request: HEAD https://huggingface.co/docling-project/docling-models/resolve/fc0f2d45e2218ea24bce5045f58a389aed16dc23/model_artifacts/tableformer/fast/tableformer_fast.safetensors "HTTP/1.1 302 Found"
14:44:20 INFO     HTTP Request: HEAD https://huggingface.co/docling-project/docling-models/resolve/fc0f2d45e2218ea24bce5045f58a389aed16dc23/model_artifacts/tableformer/fast/tm_config.json "HTTP/1.1 307 Temporary Redirect"
14:44:20 INFO     HTTP Request: GET https://huggingface.co/api/models/docling-project/docling-models/xet-read-token/fc0f2d45e2218ea24bce5045f58a389aed16dc23 "HTTP/1.1 200 OK"
14:44:20 INFO     HTTP Request: GET https://huggingface.co/api/resolve-cache/models/docling-project/docling-models/fc0f2d45e2218ea24bce5045f58a389aed16dc23/config.json "HTTP/1.1 200 OK"
14:44:20 INFO     HTTP Request: GET https://huggingface.co/api/resolve-cache/models/docling-project/docling-models/fc0f2d45e2218ea24bce5045f58a389aed16dc23/.gitattributes "HTTP/1.1 200 OK"
14:44:20 INFO     HTTP Request: HEAD https://huggingface.co/api/resolve-cache/models/docling-project/docling-models/fc0f2d45e2218ea24bce5045f58a389aed16dc23/.gitignore "HTTP/1.1 200 OK"
14:44:20 INFO     HTTP Request: HEAD https://huggingface.co/api/resolve-cache/models/docling-project/docling-models/fc0f2d45e2218ea24bce5045f58a389aed16dc23/model_artifacts%2Ftableformer%2Ffast%2Ftm_config.json "HTTP/1.1 200 OK"
14:44:20 INFO     HTTP Request: GET https://huggingface.co/api/resolve-cache/models/docling-project/docling-models/fc0f2d45e2218ea24bce5045f58a389aed16dc23/model_artifacts%2Ftableformer%2Faccurate%2Ftm_config.json "HTTP/1.1 200 OK"
14:44:21 INFO     HTTP Request: GET https://huggingface.co/api/resolve-cache/models/docling-project/docling-models/fc0f2d45e2218ea24bce5045f58a389aed16dc23/.gitignore "HTTP/1.1 200 OK"
14:44:21 INFO     HTTP Request: GET https://huggingface.co/api/resolve-cache/models/docling-project/docling-models/fc0f2d45e2218ea24bce5045f58a389aed16dc23/model_artifacts%2Ftableformer%2Ffast%2Ftm_config.json "HTTP/1.1 200 OK"
14:44:22 INFO     Accelerator device: 'cpu'
14:44:22 INFO     Processing document agu_ptd_2025_2027_anexo_de_entregas_assinado_assinado_assinado-copia_tarjada.pdf
14:44:23 INFO     command: tesseract --psm 0 -l osd /tmp/tmpgrl_3fqh.png stdout
14:44:24 INFO     command: tesseract -l por /tmp/tmpgrl_3fqh.png stdout tsv
14:44:27 INFO     command: tesseract --psm 0 -l osd /tmp/tmpsab7wft1.png stdout
14:44:28 INFO     command: tesseract -l por /tmp/tmpsab7wft1.png stdout tsv
14:44:44 INFO     Finished converting document agu_ptd_2025_2027_anexo_de_entregas_assinado_assinado_assinado-copia_tarjada.pdf in 25.50 sec.
14:44:44 INFO       pixel_budget (Docling) agu_ptd_2025_2027_anexo_de_entregas_assinado_assinado_assinado-copia_tarjada.pdf: 45.8% (área tabelas/1001817 px²)
14:44:44 INFO     [1/15] ✓ AGU       :   33 entregas | 25.5s | ETA ~5min
14:44:44 INFO     [2/15] → agu_ptd_2025_2027_docdiretivo_assinado_assinado_assinado-copia_tarjada.pdf
14:44:44 INFO     detected formats: [<InputFormat.PDF: 'pdf'>]
14:44:44 INFO     Going to convert document batch...
14:44:44 INFO     Processing document agu_ptd_2025_2027_docdiretivo_assinado_assinado_assinado-copia_tarjada.pdf
14:44:45 INFO     command: tesseract --psm 0 -l osd /tmp/tmp0p_pzod8.png stdout
14:44:45 INFO     command: tesseract -l por /tmp/tmp0p_pzod8.png stdout tsv
14:44:47 INFO     command: tesseract --psm 0 -l osd /tmp/tmpguvb1zva.png stdout
14:44:49 INFO     command: tesseract -l por /tmp/tmpguvb1zva.png stdout tsv
14:44:50 INFO     command: tesseract --psm 0 -l osd /tmp/tmpt8pmvh2y.png stdout
14:44:51 INFO     command: tesseract -l por /tmp/tmpt8pmvh2y.png stdout tsv
14:44:53 INFO     command: tesseract --psm 0 -l osd /tmp/tmphfsoh_34.png stdout
14:44:54 INFO     command: tesseract -l por /tmp/tmphfsoh_34.png stdout tsv
14:44:56 INFO     command: tesseract --psm 0 -l osd /tmp/tmp6k6cc66u.png stdout
14:44:57 INFO     command: tesseract -l por /tmp/tmp6k6cc66u.png stdout tsv
14:44:59 INFO     command: tesseract --psm 0 -l osd /tmp/tmph8tpgcmy.png stdout
14:45:01 INFO     command: tesseract -l por /tmp/tmph8tpgcmy.png stdout tsv
14:45:11 INFO     command: tesseract --psm 0 -l osd /tmp/tmp8r4nipza.png stdout
14:45:12 INFO     command: tesseract -l por /tmp/tmp8r4nipza.png stdout tsv
14:45:14 INFO     command: tesseract --psm 0 -l osd /tmp/tmprsiqh9li.png stdout
14:45:15 INFO     command: tesseract -l por /tmp/tmprsiqh9li.png stdout tsv
14:45:17 INFO     command: tesseract --psm 0 -l osd /tmp/tmp_9xh4mnu.png stdout
14:45:18 INFO     command: tesseract -l por /tmp/tmp_9xh4mnu.png stdout tsv
14:45:20 INFO     command: tesseract --psm 0 -l osd /tmp/tmp5kzwc4ta.png stdout
14:45:22 INFO     command: tesseract -l por /tmp/tmp5kzwc4ta.png stdout tsv
14:45:37 INFO     command: tesseract --psm 0 -l osd /tmp/tmpte_igber.png stdout
14:45:38 INFO     command: tesseract -l por /tmp/tmpte_igber.png stdout tsv
14:45:41 INFO     Finished converting document agu_ptd_2025_2027_docdiretivo_assinado_assinado_assinado-copia_tarjada.pdf in 56.94 sec.
14:45:41 INFO       pixel_budget (Docling) agu_ptd_2025_2027_docdiretivo_assinado_assinado_assinado-copia_tarjada.pdf: 2.1% (área tabelas/5513330 px²)
14:45:41 INFO     [2/15] ✓ AGU       :    6 entregas | 56.9s | ETA ~8min
14:45:41 INFO     [3/15] → anexo-de-entregas-mcom_ptd-25_27-copia_tarjada.pdf
14:45:41 INFO     detected formats: [<InputFormat.PDF: 'pdf'>]
14:45:41 INFO     Going to convert document batch...
14:45:41 INFO     Processing document anexo-de-entregas-mcom_ptd-25_27-copia_tarjada.pdf
14:45:42 INFO     command: tesseract --psm 0 -l osd /tmp/tmpurlkwj7o.png stdout
14:45:43 INFO     command: tesseract -l por /tmp/tmpurlkwj7o.png stdout tsv
14:45:46 INFO     command: tesseract --psm 0 -l osd /tmp/tmpsaulc_ig.png stdout
14:45:47 INFO     command: tesseract -l por /tmp/tmpsaulc_ig.png stdout tsv
14:46:00 INFO     command: tesseract --psm 0 -l osd /tmp/tmp24t2qr7j.png stdout
14:46:01 INFO     command: tesseract -l por /tmp/tmp24t2qr7j.png stdout tsv
14:46:21 INFO     Finished converting document anexo-de-entregas-mcom_ptd-25_27-copia_tarjada.pdf in 39.49 sec.
14:46:21 INFO       pixel_budget (Docling) anexo-de-entregas-mcom_ptd-25_27-copia_tarjada.pdf: 55.2% (área tabelas/1503636 px²)
14:46:21 INFO     [3/15] ✓ MCOM      :   55 entregas | 39.5s | ETA ~8min
14:46:21 INFO     [4/15] → documento-diretivo-mcom-_-ptd-25_27-copia_tarjada.pdf
14:46:21 INFO     detected formats: [<InputFormat.PDF: 'pdf'>]
14:46:21 INFO     Going to convert document batch...
14:46:21 INFO     Processing document documento-diretivo-mcom-_-ptd-25_27-copia_tarjada.pdf
14:46:21 INFO     command: tesseract --psm 0 -l osd /tmp/tmp_dkjrbdc.png stdout
14:46:22 INFO     command: tesseract -l por /tmp/tmp_dkjrbdc.png stdout tsv
14:46:24 INFO     command: tesseract --psm 0 -l osd /tmp/tmpwx1t0xcg.png stdout
14:46:25 INFO     command: tesseract -l por /tmp/tmpwx1t0xcg.png stdout tsv
14:46:30 INFO     command: tesseract --psm 0 -l osd /tmp/tmpk7mbsmmd.png stdout
14:46:31 INFO     command: tesseract -l por /tmp/tmpk7mbsmmd.png stdout tsv
14:46:32 INFO     command: tesseract --psm 0 -l osd /tmp/tmp_bdgeqwh.png stdout
14:46:33 INFO     command: tesseract -l por /tmp/tmp_bdgeqwh.png stdout tsv
14:46:35 INFO     command: tesseract --psm 0 -l osd /tmp/tmpj12du70y.png stdout
14:46:36 INFO     command: tesseract -l por /tmp/tmpj12du70y.png stdout tsv
14:46:38 INFO     command: tesseract --psm 0 -l osd /tmp/tmpwtuo04is.png stdout
14:46:40 INFO     command: tesseract -l por /tmp/tmpwtuo04is.png stdout tsv
14:46:52 INFO     command: tesseract --psm 0 -l osd /tmp/tmpkpipbpjq.png stdout
14:46:53 INFO     command: tesseract -l por /tmp/tmpkpipbpjq.png stdout tsv
14:46:56 INFO     command: tesseract --psm 0 -l osd /tmp/tmpu6o7htyf.png stdout
14:46:56 INFO     command: tesseract -l por /tmp/tmpu6o7htyf.png stdout tsv
14:46:59 INFO     command: tesseract --psm 0 -l osd /tmp/tmpv2vnq43t.png stdout
14:47:00 INFO     command: tesseract -l por /tmp/tmpv2vnq43t.png stdout tsv
14:47:01 INFO     command: tesseract --psm 0 -l osd /tmp/tmpaknic6rx.png stdout
14:47:03 INFO     command: tesseract -l por /tmp/tmpaknic6rx.png stdout tsv
14:47:08 INFO     command: tesseract --psm 0 -l osd /tmp/tmpii3r93bp.png stdout
14:47:09 INFO     command: tesseract -l por /tmp/tmpii3r93bp.png stdout tsv
14:47:14 INFO     command: tesseract --psm 0 -l osd /tmp/tmpr85mv6k8.png stdout
14:47:15 INFO     command: tesseract -l por /tmp/tmpr85mv6k8.png stdout tsv
14:47:17 INFO     command: tesseract --psm 0 -l osd /tmp/tmpcq5wjvah.png stdout
14:47:18 INFO     command: tesseract -l por /tmp/tmpcq5wjvah.png stdout tsv
14:47:20 INFO     command: tesseract --psm 0 -l osd /tmp/tmpnw2cq9d5.png stdout
14:47:20 INFO     command: tesseract -l por /tmp/tmpnw2cq9d5.png stdout tsv
14:47:26 INFO     Finished converting document documento-diretivo-mcom-_-ptd-25_27-copia_tarjada.pdf in 65.82 sec.
14:47:26 INFO       pixel_budget (Docling) documento-diretivo-mcom-_-ptd-25_27-copia_tarjada.pdf: 10.8% (área tabelas/7016966 px²)
14:47:26 WARNING  [4/15] ⚠ MCOM      :    0 entregas | 65.8s | ETA ~8min
14:47:26 INFO     [5/15] → fiocruz-ptd-06_2024-copia_tarjada.pdf
14:47:26 INFO     detected formats: [<InputFormat.PDF: 'pdf'>]
14:47:26 INFO     Going to convert document batch...
14:47:26 INFO     Initializing pipeline for StandardPdfPipeline with options hash d18651824ca6fe56cf3ccb20424ac2c8
14:47:26 INFO     Accelerator device: 'cpu'
14:47:27 INFO     HTTP Request: GET https://huggingface.co/api/models/docling-project/docling-layout-heron/revision/main "HTTP/1.1 200 OK"
14:47:27 INFO     HTTP Request: GET https://huggingface.co/api/models/docling-project/docling-models/revision/v2.3.0 "HTTP/1.1 200 OK"
14:47:27 INFO     Accelerator device: 'cpu'
14:47:27 INFO     Processing document fiocruz-ptd-06_2024-copia_tarjada.pdf
14:48:35 INFO     Finished converting document fiocruz-ptd-06_2024-copia_tarjada.pdf in 68.08 sec.
14:48:35 INFO       pixel_budget (Docling) fiocruz-ptd-06_2024-copia_tarjada.pdf: 36.4% (área tabelas/7518178 px²)
14:48:35 WARNING  [5/15] ⚠ FIOCRUZ   :    0 entregas | 68.1s | ETA ~8min
14:48:35 INFO     [6/15] → fiocruz_novo-ptd_2-1_docdiretivo_repactuacao_2024-2026_assinado_assinado-copia_tarjada.pdf
14:48:35 INFO     detected formats: [<InputFormat.PDF: 'pdf'>]
14:48:35 INFO     Going to convert document batch...
14:48:35 INFO     Processing document fiocruz_novo-ptd_2-1_docdiretivo_repactuacao_2024-2026_assinado_assinado-copia_tarjada.pdf
14:48:52 INFO     Finished converting document fiocruz_novo-ptd_2-1_docdiretivo_repactuacao_2024-2026_assinado_assinado-copia_tarjada.pdf in 17.78 sec.
14:48:52 INFO       pixel_budget (Docling) fiocruz_novo-ptd_2-1_docdiretivo_repactuacao_2024-2026_assinado_assinado-copia_tarjada.pdf: 11.3% (área tabelas/5012118 px²)
14:48:52 WARNING  [6/15] ⚠ FIOCRUZ   :    0 entregas | 17.8s | ETA ~6min
14:48:52 INFO     [7/15] → fiocruz_ptd_anexo_de_entregas_assinado_v1_assinado_assinado-1-copia_tarjada.pdf
14:48:52 INFO     detected formats: [<InputFormat.PDF: 'pdf'>]
14:48:52 INFO     Going to convert document batch...
14:48:52 INFO     Processing document fiocruz_ptd_anexo_de_entregas_assinado_v1_assinado_assinado-1-copia_tarjada.pdf
14:49:24 INFO     Finished converting document fiocruz_ptd_anexo_de_entregas_assinado_v1_assinado_assinado-1-copia_tarjada.pdf in 32.08 sec.
14:49:24 INFO       pixel_budget (Docling) fiocruz_ptd_anexo_de_entregas_assinado_v1_assinado_assinado-1-copia_tarjada.pdf: 54.7% (área tabelas/2004847 px²)
14:49:24 INFO     [7/15] ✓ FIOCRUZ   :   62 entregas | 32.1s | ETA ~5min
14:49:24 INFO     [8/15] → funai_anexo_de_entregas_repactuado_2026_2027_assinado_assinado_assinado.pdf
14:49:24 INFO     detected formats: [<InputFormat.PDF: 'pdf'>]
14:49:24 INFO     Going to convert document batch...
14:49:24 INFO     Processing document funai_anexo_de_entregas_repactuado_2026_2027_assinado_assinado_assinado.pdf
14:49:25 INFO     command: tesseract --psm 0 -l osd /tmp/tmp3y1bfzko.png stdout
14:49:26 INFO     command: tesseract -l por /tmp/tmp3y1bfzko.png stdout tsv
14:49:39 INFO     Finished converting document funai_anexo_de_entregas_repactuado_2026_2027_assinado_assinado_assinado.pdf in 14.82 sec.
14:49:39 INFO       pixel_budget (Docling) funai_anexo_de_entregas_repactuado_2026_2027_assinado_assinado_assinado.pdf: 49.8% (área tabelas/501212 px²)
14:49:39 INFO     [8/15] ✓ FUNAI     :   22 entregas | 14.8s | ETA ~4min
14:49:39 INFO     [9/15] → funai_ptd_2025_2027_docdiretivo_assinado-1_tarjado.pdf
14:49:39 INFO     detected formats: [<InputFormat.PDF: 'pdf'>]
14:49:39 INFO     Going to convert document batch...
14:49:39 INFO     Processing document funai_ptd_2025_2027_docdiretivo_assinado-1_tarjado.pdf
14:49:41 INFO     command: tesseract --psm 0 -l osd /tmp/tmprcf9ikj_.png stdout
14:49:41 INFO     command: tesseract -l por /tmp/tmprcf9ikj_.png stdout tsv
14:49:42 INFO     command: tesseract --psm 0 -l osd /tmp/tmpw1ecvtk0.png stdout
14:49:44 INFO     command: tesseract -l por /tmp/tmpw1ecvtk0.png stdout tsv
14:49:46 INFO     command: tesseract --psm 0 -l osd /tmp/tmpg33g7n3s.png stdout
14:49:47 INFO     command: tesseract -l por /tmp/tmpg33g7n3s.png stdout tsv
14:49:49 INFO     command: tesseract --psm 0 -l osd /tmp/tmpgj_d29ip.png stdout
14:49:50 INFO     command: tesseract -l por /tmp/tmpgj_d29ip.png stdout tsv
14:49:51 INFO     command: tesseract --psm 0 -l osd /tmp/tmpq143ahea.png stdout
14:49:52 INFO     command: tesseract -l por /tmp/tmpq143ahea.png stdout tsv
14:49:54 INFO     command: tesseract --psm 0 -l osd /tmp/tmpns8cnb6j.png stdout
14:49:55 INFO     command: tesseract -l por /tmp/tmpns8cnb6j.png stdout tsv
14:50:06 INFO     command: tesseract --psm 0 -l osd /tmp/tmpkn2k1h6p.png stdout
14:50:06 INFO     command: tesseract -l por /tmp/tmpkn2k1h6p.png stdout tsv
14:50:08 INFO     command: tesseract --psm 0 -l osd /tmp/tmpq4cxqtd3.png stdout
14:50:08 INFO     command: tesseract -l por /tmp/tmpq4cxqtd3.png stdout tsv
14:50:10 INFO     command: tesseract --psm 0 -l osd /tmp/tmpfdxyc_zw.png stdout
14:50:10 INFO     command: tesseract -l por /tmp/tmpfdxyc_zw.png stdout tsv
14:50:12 INFO     command: tesseract --psm 0 -l osd /tmp/tmpzamp0eyt.png stdout
14:50:13 INFO     command: tesseract -l por /tmp/tmpzamp0eyt.png stdout tsv
14:50:25 INFO     command: tesseract --psm 0 -l osd /tmp/tmp15qw3iug.png stdout
14:50:26 INFO     command: tesseract -l por /tmp/tmp15qw3iug.png stdout tsv
14:50:34 INFO     command: tesseract --psm 0 -l osd /tmp/tmp8rv23eju.png stdout
14:50:35 INFO     command: tesseract -l por /tmp/tmp8rv23eju.png stdout tsv
14:50:37 INFO     command: tesseract --psm 0 -l osd /tmp/tmpl4_it1_m.png stdout
14:50:38 INFO     command: tesseract -l por /tmp/tmpl4_it1_m.png stdout tsv
14:50:44 INFO     Finished converting document funai_ptd_2025_2027_docdiretivo_assinado-1_tarjado.pdf in 64.65 sec.
14:50:44 INFO       pixel_budget (Docling) funai_ptd_2025_2027_docdiretivo_assinado-1_tarjado.pdf: 16.4% (área tabelas/6515754 px²)
14:50:44 INFO     [9/15] ✓ FUNAI     :    8 entregas | 64.7s | ETA ~4min
14:50:44 INFO     [10/15] → incra_anexo_de_entregas_assinado-1_assinado_assinado-copia_tarjada.pdf
14:50:44 INFO     detected formats: [<InputFormat.PDF: 'pdf'>]
14:50:44 INFO     Going to convert document batch...
14:50:44 INFO     Processing document incra_anexo_de_entregas_assinado-1_assinado_assinado-copia_tarjada.pdf
14:50:45 INFO     command: tesseract --psm 0 -l osd /tmp/tmpg7t3me76.png stdout
14:50:46 INFO     command: tesseract -l por /tmp/tmpg7t3me76.png stdout tsv
14:50:49 INFO     command: tesseract --psm 0 -l osd /tmp/tmpz8yypjx9.png stdout
14:50:50 INFO     command: tesseract -l por /tmp/tmpz8yypjx9.png stdout tsv
14:50:58 INFO     command: tesseract --psm 0 -l osd /tmp/tmpwznf0acu.png stdout
14:50:59 INFO     command: tesseract -l por /tmp/tmpwznf0acu.png stdout tsv
14:51:00 INFO     command: tesseract --psm 0 -l osd /tmp/tmpqwfrx0av.png stdout
14:51:01 INFO     command: tesseract -l por /tmp/tmpqwfrx0av.png stdout tsv
14:51:03 INFO     command: tesseract --psm 0 -l osd /tmp/tmp0_hjg0eo.png stdout
14:51:04 INFO     command: tesseract -l por /tmp/tmp0_hjg0eo.png stdout tsv
14:52:32 INFO     Finished converting document incra_anexo_de_entregas_assinado-1_assinado_assinado-copia_tarjada.pdf in 108.10 sec.
14:52:32 INFO       pixel_budget (Docling) incra_anexo_de_entregas_assinado-1_assinado_assinado-copia_tarjada.pdf: 30.0% (área tabelas/2423520 px²)
14:52:32 INFO     [10/15] ✓ INCRA     :   11 entregas | 108.1s | ETA ~4min
14:52:32 INFO     [11/15] → incra_ptd_docdiretivo__assinado-1_assinado_assinado-copia_tarjada.pdf
14:52:32 INFO     detected formats: [<InputFormat.PDF: 'pdf'>]
14:52:32 INFO     Going to convert document batch...
14:52:32 INFO     Processing document incra_ptd_docdiretivo__assinado-1_assinado_assinado-copia_tarjada.pdf
14:52:33 INFO     command: tesseract --psm 0 -l osd /tmp/tmp2nehpji1.png stdout
14:52:34 INFO     command: tesseract -l por /tmp/tmp2nehpji1.png stdout tsv
14:52:36 INFO     command: tesseract --psm 0 -l osd /tmp/tmpp_wquskx.png stdout
14:52:37 INFO     command: tesseract -l por /tmp/tmpp_wquskx.png stdout tsv
14:52:43 INFO     command: tesseract --psm 0 -l osd /tmp/tmpuyugbbxu.png stdout
14:52:44 INFO     command: tesseract -l por /tmp/tmpuyugbbxu.png stdout tsv
14:52:46 INFO     command: tesseract --psm 0 -l osd /tmp/tmp2qyxm06o.png stdout
14:52:47 INFO     command: tesseract -l por /tmp/tmp2qyxm06o.png stdout tsv
14:52:48 INFO     command: tesseract --psm 0 -l osd /tmp/tmp6stz6cen.png stdout
14:52:49 INFO     command: tesseract -l por /tmp/tmp6stz6cen.png stdout tsv
14:52:51 INFO     command: tesseract --psm 0 -l osd /tmp/tmp1vh722ty.png stdout
14:52:52 INFO     command: tesseract -l por /tmp/tmp1vh722ty.png stdout tsv
14:53:05 INFO     command: tesseract --psm 0 -l osd /tmp/tmpqcwsagqm.png stdout
14:53:06 INFO     command: tesseract -l por /tmp/tmpqcwsagqm.png stdout tsv
14:53:08 INFO     command: tesseract --psm 0 -l osd /tmp/tmphvl_d2wf.png stdout
14:53:09 INFO     command: tesseract -l por /tmp/tmphvl_d2wf.png stdout tsv
14:53:11 INFO     command: tesseract --psm 0 -l osd /tmp/tmpjl_6xlxa.png stdout
14:53:11 INFO     command: tesseract -l por /tmp/tmpjl_6xlxa.png stdout tsv
14:53:13 INFO     command: tesseract --psm 0 -l osd /tmp/tmpbk462o9n.png stdout
14:53:14 INFO     command: tesseract -l por /tmp/tmpbk462o9n.png stdout tsv
14:53:18 INFO     command: tesseract --psm 0 -l osd /tmp/tmpbqjj1h3_.png stdout
14:53:19 INFO     command: tesseract -l por /tmp/tmpbqjj1h3_.png stdout tsv
14:53:32 INFO     command: tesseract --psm 0 -l osd /tmp/tmpeb7xmfxj.png stdout
14:53:33 INFO     command: tesseract -l por /tmp/tmpeb7xmfxj.png stdout tsv
14:53:35 INFO     command: tesseract --psm 0 -l osd /tmp/tmpeey4na0j.png stdout
14:53:35 INFO     command: tesseract -l por /tmp/tmpeey4na0j.png stdout tsv
14:53:43 INFO     Finished converting document incra_ptd_docdiretivo__assinado-1_assinado_assinado-copia_tarjada.pdf in 70.72 sec.
14:53:43 INFO       pixel_budget (Docling) incra_ptd_docdiretivo__assinado-1_assinado_assinado-copia_tarjada.pdf: 20.2% (área tabelas/6515754 px²)
14:53:43 INFO     [11/15] ✓ INCRA     :    9 entregas | 70.7s | ETA ~3min
14:53:43 INFO     [12/15] → iti_anexo_de_entregas_assinado.pdf
14:53:43 INFO     detected formats: [<InputFormat.PDF: 'pdf'>]
14:53:43 INFO     Going to convert document batch...
14:53:43 INFO     Processing document iti_anexo_de_entregas_assinado.pdf
14:53:44 INFO     command: tesseract --psm 0 -l osd /tmp/tmptyvz91t7.png stdout
14:53:44 INFO     command: tesseract -l por /tmp/tmptyvz91t7.png stdout tsv
14:54:00 INFO     Finished converting document iti_anexo_de_entregas_assinado.pdf in 17.24 sec.
14:54:00 INFO       pixel_budget (Docling) iti_anexo_de_entregas_assinado.pdf: 57.2% (área tabelas/501212 px²)
14:54:00 INFO     [12/15] ✓ ITI       :   31 entregas | 17.3s | ETA ~2min
14:54:00 INFO     [13/15] → iti_doc_diretivo_assinado-1_tarjado.pdf
14:54:00 INFO     detected formats: [<InputFormat.PDF: 'pdf'>]
14:54:00 INFO     Going to convert document batch...
14:54:00 INFO     Processing document iti_doc_diretivo_assinado-1_tarjado.pdf
14:54:01 INFO     command: tesseract --psm 0 -l osd /tmp/tmpwgzuq0zc.png stdout
14:54:01 INFO     command: tesseract -l por /tmp/tmpwgzuq0zc.png stdout tsv
14:54:03 INFO     command: tesseract --psm 0 -l osd /tmp/tmpkw3lpkeh.png stdout
14:54:05 INFO     command: tesseract -l por /tmp/tmpkw3lpkeh.png stdout tsv
14:54:09 INFO     command: tesseract --psm 0 -l osd /tmp/tmpkyqrkk3c.png stdout
14:54:09 INFO     command: tesseract -l por /tmp/tmpkyqrkk3c.png stdout tsv
14:54:11 INFO     command: tesseract --psm 0 -l osd /tmp/tmpzk9_3ozd.png stdout
14:54:12 INFO     command: tesseract -l por /tmp/tmpzk9_3ozd.png stdout tsv
14:54:14 INFO     command: tesseract --psm 0 -l osd /tmp/tmp345xx0vc.png stdout
14:54:14 INFO     command: tesseract -l por /tmp/tmp345xx0vc.png stdout tsv
14:54:17 INFO     command: tesseract --psm 0 -l osd /tmp/tmp_l2mqctb.png stdout
14:54:18 INFO     command: tesseract -l por /tmp/tmp_l2mqctb.png stdout tsv
14:54:34 INFO     command: tesseract --psm 0 -l osd /tmp/tmpa9f1lxo9.png stdout
14:54:35 INFO     command: tesseract -l por /tmp/tmpa9f1lxo9.png stdout tsv
14:54:37 INFO     command: tesseract --psm 0 -l osd /tmp/tmpct4rp2ou.png stdout
14:54:38 INFO     command: tesseract -l por /tmp/tmpct4rp2ou.png stdout tsv
14:54:40 INFO     command: tesseract --psm 0 -l osd /tmp/tmp9m38vq7r.png stdout
14:54:41 INFO     command: tesseract -l por /tmp/tmp9m38vq7r.png stdout tsv
14:54:43 INFO     command: tesseract --psm 0 -l osd /tmp/tmpqn_ml603.png stdout
14:54:44 INFO     command: tesseract -l por /tmp/tmpqn_ml603.png stdout tsv
14:54:50 INFO     command: tesseract --psm 0 -l osd /tmp/tmph60nwsfj.png stdout
14:54:51 INFO     command: tesseract -l por /tmp/tmph60nwsfj.png stdout tsv
14:55:00 INFO     Finished converting document iti_doc_diretivo_assinado-1_tarjado.pdf in 60.23 sec.
14:55:00 INFO       pixel_budget (Docling) iti_doc_diretivo_assinado-1_tarjado.pdf: 8.0% (área tabelas/5516339 px²)
14:55:00 INFO     [13/15] ✓ ITI       :    6 entregas | 60.2s | ETA ~1min
14:55:00 INFO     [14/15] → sgpr_ptd_2025_2027_anexo_de_entregas_assinado-copia_tarjada.pdf
14:55:00 INFO     detected formats: [<InputFormat.PDF: 'pdf'>]
14:55:00 INFO     Going to convert document batch...
14:55:00 INFO     Processing document sgpr_ptd_2025_2027_anexo_de_entregas_assinado-copia_tarjada.pdf
14:55:01 INFO     command: tesseract --psm 0 -l osd /tmp/tmp_x27oebf.png stdout
14:55:02 INFO     command: tesseract -l por /tmp/tmp_x27oebf.png stdout tsv
14:55:05 INFO     command: tesseract --psm 0 -l osd /tmp/tmp6ek2tt6q.png stdout
14:55:06 INFO     command: tesseract -l por /tmp/tmp6ek2tt6q.png stdout tsv
14:55:17 INFO     Finished converting document sgpr_ptd_2025_2027_anexo_de_entregas_assinado-copia_tarjada.pdf in 16.66 sec.
14:55:17 INFO       pixel_budget (Docling) sgpr_ptd_2025_2027_anexo_de_entregas_assinado-copia_tarjada.pdf: 29.5% (área tabelas/1002424 px²)
14:55:17 INFO     [14/15] ✓ SGPR      :   18 entregas | 16.7s | ETA ~47s
14:55:17 INFO     [15/15] → sgpr_ptd_2026_2027_docdiretivo_assinado-copia_tarjada.pdf
14:55:17 INFO     detected formats: [<InputFormat.PDF: 'pdf'>]
14:55:17 INFO     Going to convert document batch...
14:55:17 INFO     Processing document sgpr_ptd_2026_2027_docdiretivo_assinado-copia_tarjada.pdf
14:55:36 INFO     Finished converting document sgpr_ptd_2026_2027_docdiretivo_assinado-copia_tarjada.pdf in 19.50 sec.
14:55:36 INFO       pixel_budget (Docling) sgpr_ptd_2026_2027_docdiretivo_assinado-copia_tarjada.pdf: 8.2% (área tabelas/5513330 px²)
14:55:36 WARNING  [15/15] ⚠ SGPR      :    0 entregas | 19.5s | ETA ~0s
14:55:36 INFO     261 registros | 7 órgãos
14:55:36 INFO     ╔══════════════════════════════════════════════════════════════╗
14:55:36 INFO     ║                  ENTREGAS — fase concluída                   ║
14:55:36 INFO     ║  Processados: 15    |  ✓ 11  ⚠ 4                             ║
14:55:36 INFO     ║  Duração: 11.3 min                                           ║
14:55:36 INFO     ║  261 registros | 7 órgãos                                    ║
14:55:36 INFO     ╚══════════════════════════════════════════════════════════════╝
14:55:36 INFO     [1/7] → agu_ptd_2025_2027_docdiretivo_assinado_assinado_assinado-copia_tarjada.pdf
14:55:36 INFO     detected formats: [<InputFormat.PDF: 'pdf'>]
14:55:36 INFO     Going to convert document batch...
14:55:36 INFO     Processing document agu_ptd_2025_2027_docdiretivo_assinado_assinado_assinado-copia_tarjada.pdf
14:55:37 INFO     command: tesseract --psm 0 -l osd /tmp/tmpgoe850yf.png stdout
14:55:37 INFO     command: tesseract -l por /tmp/tmpgoe850yf.png stdout tsv
14:55:40 INFO     command: tesseract --psm 0 -l osd /tmp/tmptx7ia4vw.png stdout
14:55:41 INFO     command: tesseract -l por /tmp/tmptx7ia4vw.png stdout tsv
14:55:45 INFO     command: tesseract --psm 0 -l osd /tmp/tmptrs0obmw.png stdout
14:55:46 INFO     command: tesseract -l por /tmp/tmptrs0obmw.png stdout tsv
14:55:48 INFO     command: tesseract --psm 0 -l osd /tmp/tmplg9zcxjb.png stdout
14:55:49 INFO     command: tesseract -l por /tmp/tmplg9zcxjb.png stdout tsv
14:55:51 INFO     command: tesseract --psm 0 -l osd /tmp/tmpodtu905z.png stdout
14:55:52 INFO     command: tesseract -l por /tmp/tmpodtu905z.png stdout tsv
14:55:54 INFO     command: tesseract --psm 0 -l osd /tmp/tmproj1s_kt.png stdout
14:55:55 INFO     command: tesseract -l por /tmp/tmproj1s_kt.png stdout tsv
14:56:04 INFO     command: tesseract --psm 0 -l osd /tmp/tmppkbprv4d.png stdout
14:56:04 INFO     command: tesseract -l por /tmp/tmppkbprv4d.png stdout tsv
14:56:07 INFO     command: tesseract --psm 0 -l osd /tmp/tmpeakx1saw.png stdout
14:56:07 INFO     command: tesseract -l por /tmp/tmpeakx1saw.png stdout tsv
14:56:10 INFO     command: tesseract --psm 0 -l osd /tmp/tmpu3jgvyjg.png stdout
14:56:10 INFO     command: tesseract -l por /tmp/tmpu3jgvyjg.png stdout tsv
14:56:13 INFO     command: tesseract --psm 0 -l osd /tmp/tmp4f4vlbk3.png stdout
14:56:14 INFO     command: tesseract -l por /tmp/tmp4f4vlbk3.png stdout tsv
14:56:29 INFO     command: tesseract --psm 0 -l osd /tmp/tmpfujoq1j8.png stdout
14:56:29 INFO     command: tesseract -l por /tmp/tmpfujoq1j8.png stdout tsv
14:56:33 INFO     Finished converting document agu_ptd_2025_2027_docdiretivo_assinado_assinado_assinado-copia_tarjada.pdf in 56.43 sec.
14:56:33 INFO     [1/7] ✓ AGU       :   7 riscos | 56.4s | ETA ~5min
14:56:33 INFO     [2/7] → documento-diretivo-mcom-_-ptd-25_27-copia_tarjada.pdf
14:56:33 INFO     detected formats: [<InputFormat.PDF: 'pdf'>]
14:56:33 INFO     Going to convert document batch...
14:56:33 INFO     Processing document documento-diretivo-mcom-_-ptd-25_27-copia_tarjada.pdf
14:56:33 INFO     command: tesseract --psm 0 -l osd /tmp/tmp8ah2nv_p.png stdout
14:56:34 INFO     command: tesseract -l por /tmp/tmp8ah2nv_p.png stdout tsv
14:56:37 INFO     command: tesseract --psm 0 -l osd /tmp/tmpsnq4v1ro.png stdout
14:56:39 INFO     command: tesseract -l por /tmp/tmpsnq4v1ro.png stdout tsv
14:56:43 INFO     command: tesseract --psm 0 -l osd /tmp/tmpa082ayio.png stdout
14:56:44 INFO     command: tesseract -l por /tmp/tmpa082ayio.png stdout tsv
14:56:45 INFO     command: tesseract --psm 0 -l osd /tmp/tmpb8otttt8.png stdout
14:56:46 INFO     command: tesseract -l por /tmp/tmpb8otttt8.png stdout tsv
14:56:48 INFO     command: tesseract --psm 0 -l osd /tmp/tmpgzrdgg6a.png stdout
14:56:48 INFO     command: tesseract -l por /tmp/tmpgzrdgg6a.png stdout tsv
14:56:51 INFO     command: tesseract --psm 0 -l osd /tmp/tmpfwbhkdwi.png stdout
14:56:52 INFO     command: tesseract -l por /tmp/tmpfwbhkdwi.png stdout tsv
14:57:07 INFO     command: tesseract --psm 0 -l osd /tmp/tmp21r3hv99.png stdout
14:57:08 INFO     command: tesseract -l por /tmp/tmp21r3hv99.png stdout tsv
14:57:10 INFO     command: tesseract --psm 0 -l osd /tmp/tmpt3g4ow2i.png stdout
14:57:11 INFO     command: tesseract -l por /tmp/tmpt3g4ow2i.png stdout tsv
14:57:13 INFO     command: tesseract --psm 0 -l osd /tmp/tmpx2ibquxw.png stdout
14:57:14 INFO     command: tesseract -l por /tmp/tmpx2ibquxw.png stdout tsv
14:57:16 INFO     command: tesseract --psm 0 -l osd /tmp/tmppcr8lqhd.png stdout
14:57:17 INFO     command: tesseract -l por /tmp/tmppcr8lqhd.png stdout tsv
14:57:21 INFO     command: tesseract --psm 0 -l osd /tmp/tmp5a8ckhq0.png stdout
14:57:22 INFO     command: tesseract -l por /tmp/tmp5a8ckhq0.png stdout tsv
14:57:28 INFO     command: tesseract --psm 0 -l osd /tmp/tmpy58wy1bo.png stdout
14:57:28 INFO     command: tesseract -l por /tmp/tmpy58wy1bo.png stdout tsv
14:57:30 INFO     command: tesseract --psm 0 -l osd /tmp/tmpsf98puqh.png stdout
14:57:31 INFO     command: tesseract -l por /tmp/tmpsf98puqh.png stdout tsv
14:57:33 INFO     command: tesseract --psm 0 -l osd /tmp/tmpqd42l5u8.png stdout
14:57:34 INFO     command: tesseract -l por /tmp/tmpqd42l5u8.png stdout tsv
14:57:40 INFO     Finished converting document documento-diretivo-mcom-_-ptd-25_27-copia_tarjada.pdf in 66.78 sec.
14:57:40 INFO     [2/7] ✓ MCOM      :  14 riscos | 66.8s | ETA ~5min
14:57:40 INFO     [3/7] → fiocruz_novo-ptd_2-1_docdiretivo_repactuacao_2024-2026_assinado_assinado-copia_tarjada.pdf
14:57:40 INFO     detected formats: [<InputFormat.PDF: 'pdf'>]
14:57:40 INFO     Going to convert document batch...
14:57:40 INFO     Processing document fiocruz_novo-ptd_2-1_docdiretivo_repactuacao_2024-2026_assinado_assinado-copia_tarjada.pdf
14:57:57 INFO     Finished converting document fiocruz_novo-ptd_2-1_docdiretivo_repactuacao_2024-2026_assinado_assinado-copia_tarjada.pdf in 17.51 sec.
14:57:57 INFO     [3/7] ✓ FIOCRUZ   :   6 riscos | 17.5s | ETA ~3min
14:57:57 INFO     [4/7] → funai_ptd_2025_2027_docdiretivo_assinado-1_tarjado.pdf
14:57:57 INFO     detected formats: [<InputFormat.PDF: 'pdf'>]
14:57:57 INFO     Going to convert document batch...
14:57:57 INFO     Processing document funai_ptd_2025_2027_docdiretivo_assinado-1_tarjado.pdf
14:57:59 INFO     command: tesseract --psm 0 -l osd /tmp/tmpfnu1my6p.png stdout
14:57:59 INFO     command: tesseract -l por /tmp/tmpfnu1my6p.png stdout tsv
14:58:00 INFO     command: tesseract --psm 0 -l osd /tmp/tmp0x0fmvui.png stdout
14:58:02 INFO     command: tesseract -l por /tmp/tmp0x0fmvui.png stdout tsv
14:58:06 INFO     command: tesseract --psm 0 -l osd /tmp/tmpvvis5761.png stdout
14:58:06 INFO     command: tesseract -l por /tmp/tmpvvis5761.png stdout tsv
14:58:08 INFO     command: tesseract --psm 0 -l osd /tmp/tmp4w67tq29.png stdout
14:58:09 INFO     command: tesseract -l por /tmp/tmp4w67tq29.png stdout tsv
14:58:11 INFO     command: tesseract --psm 0 -l osd /tmp/tmpnwx9qj_y.png stdout
14:58:11 INFO     command: tesseract -l por /tmp/tmpnwx9qj_y.png stdout tsv
14:58:14 INFO     command: tesseract --psm 0 -l osd /tmp/tmpa52mnwrg.png stdout
14:58:15 INFO     command: tesseract -l por /tmp/tmpa52mnwrg.png stdout tsv
14:58:26 INFO     command: tesseract --psm 0 -l osd /tmp/tmp2n74hk1r.png stdout
14:58:26 INFO     command: tesseract -l por /tmp/tmp2n74hk1r.png stdout tsv
14:58:28 INFO     command: tesseract --psm 0 -l osd /tmp/tmpscgah4nr.png stdout
14:58:29 INFO     command: tesseract -l por /tmp/tmpscgah4nr.png stdout tsv
14:58:30 INFO     command: tesseract --psm 0 -l osd /tmp/tmpatw7ldpj.png stdout
14:58:31 INFO     command: tesseract -l por /tmp/tmpatw7ldpj.png stdout tsv
14:58:33 INFO     command: tesseract --psm 0 -l osd /tmp/tmpwhsme6k4.png stdout
14:58:34 INFO     command: tesseract -l por /tmp/tmpwhsme6k4.png stdout tsv
14:58:46 INFO     command: tesseract --psm 0 -l osd /tmp/tmp7dzdwxln.png stdout
14:58:47 INFO     command: tesseract -l por /tmp/tmp7dzdwxln.png stdout tsv
14:58:51 INFO     command: tesseract --psm 0 -l osd /tmp/tmpvjqnsj_e.png stdout
14:58:52 INFO     command: tesseract -l por /tmp/tmpvjqnsj_e.png stdout tsv
14:58:54 INFO     command: tesseract --psm 0 -l osd /tmp/tmpych9owce.png stdout
14:58:55 INFO     command: tesseract -l por /tmp/tmpych9owce.png stdout tsv
14:59:01 INFO     Finished converting document funai_ptd_2025_2027_docdiretivo_assinado-1_tarjado.pdf in 63.90 sec.
14:59:01 INFO     [4/7] ✓ FUNAI     :  15 riscos | 63.9s | ETA ~2min
14:59:01 INFO     [5/7] → incra_ptd_docdiretivo__assinado-1_assinado_assinado-copia_tarjada.pdf
14:59:01 INFO     detected formats: [<InputFormat.PDF: 'pdf'>]
14:59:01 INFO     Going to convert document batch...
14:59:01 INFO     Processing document incra_ptd_docdiretivo__assinado-1_assinado_assinado-copia_tarjada.pdf
14:59:02 INFO     command: tesseract --psm 0 -l osd /tmp/tmptqj_ebjl.png stdout
14:59:03 INFO     command: tesseract -l por /tmp/tmptqj_ebjl.png stdout tsv
14:59:05 INFO     command: tesseract --psm 0 -l osd /tmp/tmpjg3j_b3a.png stdout
14:59:07 INFO     command: tesseract -l por /tmp/tmpjg3j_b3a.png stdout tsv
14:59:11 INFO     command: tesseract --psm 0 -l osd /tmp/tmpirknz0wd.png stdout
14:59:12 INFO     command: tesseract -l por /tmp/tmpirknz0wd.png stdout tsv
14:59:14 INFO     command: tesseract --psm 0 -l osd /tmp/tmpsraxpy5s.png stdout
14:59:14 INFO     command: tesseract -l por /tmp/tmpsraxpy5s.png stdout tsv
14:59:16 INFO     command: tesseract --psm 0 -l osd /tmp/tmp3mp473u7.png stdout
14:59:17 INFO     command: tesseract -l por /tmp/tmp3mp473u7.png stdout tsv
14:59:19 INFO     command: tesseract --psm 0 -l osd /tmp/tmp1y28zm0c.png stdout
14:59:20 INFO     command: tesseract -l por /tmp/tmp1y28zm0c.png stdout tsv
14:59:34 INFO     command: tesseract --psm 0 -l osd /tmp/tmpf8puubag.png stdout
14:59:35 INFO     command: tesseract -l por /tmp/tmpf8puubag.png stdout tsv
14:59:37 INFO     command: tesseract --psm 0 -l osd /tmp/tmp065erc5g.png stdout
14:59:38 INFO     command: tesseract -l por /tmp/tmp065erc5g.png stdout tsv
14:59:39 INFO     command: tesseract --psm 0 -l osd /tmp/tmpv56uqfwg.png stdout
14:59:40 INFO     command: tesseract -l por /tmp/tmpv56uqfwg.png stdout tsv
14:59:42 INFO     command: tesseract --psm 0 -l osd /tmp/tmpr9fj1ljz.png stdout
14:59:43 INFO     command: tesseract -l por /tmp/tmpr9fj1ljz.png stdout tsv
14:59:48 INFO     command: tesseract --psm 0 -l osd /tmp/tmpxvsve_rp.png stdout
14:59:49 INFO     command: tesseract -l por /tmp/tmpxvsve_rp.png stdout tsv
14:59:52 INFO     command: tesseract --psm 0 -l osd /tmp/tmpad67ribf.png stdout
14:59:53 INFO     command: tesseract -l por /tmp/tmpad67ribf.png stdout tsv
14:59:59 INFO     command: tesseract --psm 0 -l osd /tmp/tmpw8894vyl.png stdout
15:00:00 INFO     command: tesseract -l por /tmp/tmpw8894vyl.png stdout tsv
15:00:07 INFO     Finished converting document incra_ptd_docdiretivo__assinado-1_assinado_assinado-copia_tarjada.pdf in 66.04 sec.
15:00:07 INFO     [5/7] ✓ INCRA     :  15 riscos | 66.1s | ETA ~1min
15:00:07 INFO     [6/7] → iti_doc_diretivo_assinado-1_tarjado.pdf
15:00:07 INFO     detected formats: [<InputFormat.PDF: 'pdf'>]
15:00:07 INFO     Going to convert document batch...
15:00:07 INFO     Processing document iti_doc_diretivo_assinado-1_tarjado.pdf
15:00:08 INFO     command: tesseract --psm 0 -l osd /tmp/tmpzyb5uiyr.png stdout
15:00:08 INFO     command: tesseract -l por /tmp/tmpzyb5uiyr.png stdout tsv
15:00:10 INFO     command: tesseract --psm 0 -l osd /tmp/tmp8d2uw5iv.png stdout
15:00:12 INFO     command: tesseract -l por /tmp/tmp8d2uw5iv.png stdout tsv
15:00:16 INFO     command: tesseract --psm 0 -l osd /tmp/tmpklfb3eym.png stdout
15:00:17 INFO     command: tesseract -l por /tmp/tmpklfb3eym.png stdout tsv
15:00:19 INFO     command: tesseract --psm 0 -l osd /tmp/tmpeshtleqi.png stdout
15:00:20 INFO     command: tesseract -l por /tmp/tmpeshtleqi.png stdout tsv
15:00:22 INFO     command: tesseract --psm 0 -l osd /tmp/tmpi28uz58d.png stdout
15:00:22 INFO     command: tesseract -l por /tmp/tmpi28uz58d.png stdout tsv
15:00:24 INFO     command: tesseract --psm 0 -l osd /tmp/tmp1pwd15r_.png stdout
15:00:26 INFO     command: tesseract -l por /tmp/tmp1pwd15r_.png stdout tsv
15:00:40 INFO     command: tesseract --psm 0 -l osd /tmp/tmp8zmt33ty.png stdout
15:00:41 INFO     command: tesseract -l por /tmp/tmp8zmt33ty.png stdout tsv
15:00:43 INFO     command: tesseract --psm 0 -l osd /tmp/tmpwkwj9l21.png stdout
15:00:43 INFO     command: tesseract -l por /tmp/tmpwkwj9l21.png stdout tsv
15:00:46 INFO     command: tesseract --psm 0 -l osd /tmp/tmpi51s0e_j.png stdout
15:00:46 INFO     command: tesseract -l por /tmp/tmpi51s0e_j.png stdout tsv
15:00:49 INFO     command: tesseract --psm 0 -l osd /tmp/tmp6w_gn7tx.png stdout
15:00:50 INFO     command: tesseract -l por /tmp/tmp6w_gn7tx.png stdout tsv
15:00:59 INFO     command: tesseract --psm 0 -l osd /tmp/tmp7yd6s8w1.png stdout
15:00:59 INFO     command: tesseract -l por /tmp/tmp7yd6s8w1.png stdout tsv
15:01:06 INFO     Finished converting document iti_doc_diretivo_assinado-1_tarjado.pdf in 58.68 sec.
15:01:06 INFO     [6/7] ✓ ITI       :  14 riscos | 58.7s | ETA ~55s
15:01:06 INFO     [7/7] → sgpr_ptd_2026_2027_docdiretivo_assinado-copia_tarjada.pdf
15:01:06 INFO     detected formats: [<InputFormat.PDF: 'pdf'>]
15:01:06 INFO     Going to convert document batch...
15:01:06 INFO     Processing document sgpr_ptd_2026_2027_docdiretivo_assinado-copia_tarjada.pdf
15:01:25 INFO     Finished converting document sgpr_ptd_2026_2027_docdiretivo_assinado-copia_tarjada.pdf in 19.43 sec.
15:01:25 INFO     [7/7] ✓ SGPR      :  10 riscos | 19.4s | ETA ~0s
15:01:25 INFO     ╔══════════════════════════════════════════════════════════════╗
15:01:25 INFO     ║                   RISCOS — fase concluída                    ║
15:01:25 INFO     ║  Processados: 7     |  ✓ 7  ⚠ 0                              ║
15:01:25 INFO     ║  Duração: 5.8 min                                            ║
15:01:25 INFO     ║  81 riscos | 7 órgãos                                        ║
15:01:25 INFO     ╚══════════════════════════════════════════════════════════════╝
15:01:25 INFO     81 riscos | 0 ações | 135 relações
15:01:25 INFO     ptd_corpus_raw                     : 261 linhas
15:01:25 INFO     ptd_pivot_eixos                    : 7 linhas
15:01:29 INFO     ptd_datas_assinatura               : 132 linhas
15:01:29 INFO     ptd_riscos                         : 81 linhas
15:01:29 INFO     ptd_riscos_acoes                   : 135 linhas
15:01:29 INFO     Manifesto salvo: pipeline_manifest.json | SHA-256 de 132 PDFs
15:01:29 INFO     ==================================================
15:01:29 INFO     PTD-BR v3.0-melhorado — PIPELINE CONCLUÍDO
15:01:29 INFO     ==================================================
15:01:29 INFO     ptd_corpus_raw.csv                        160 KB
15:01:29 INFO     ptd_pivot_eixos.csv                         0 KB
15:01:29 INFO     ptd_datas_assinatura.csv                    9 KB
15:01:29 INFO     ptd_riscos.csv                             23 KB
15:01:29 INFO     ptd_riscos_acoes.csv                        2 KB
15:01:29 INFO     proveniencia.json                           0 KB
15:01:29 INFO     pipeline_manifest.json                     20 KB
15:01:29 INFO     📦 Artefatos: https://github.com/freirelucas/teste/actions/runs/24003657310
15:01:29 INFO     ==================================================
