17:38:30 INFO     Docling disponível
17:38:30 WARNING  OCR fallback indisponível (IndentationError: unexpected indent (ptd_ocr_fallback.py, line 45))
17:38:31 INFO     Ignorado (guia/template/norma): ABNT-NBR-17225-Acessibilidade-Digital.pdf
17:38:31 INFO     Ignorado (guia/template/norma): cgrep-guia10passos-ptd-orgao.pdf
17:38:31 INFO     Ignorado (guia/template/norma): ABNT-NBR-17225-Acessibilidade-Digital.pdf
17:38:31 INFO     Scraping: 132 PDFs únicos | entregas: 68 | diretivos: 61
17:38:31 INFO     Baixando 132 PDFs únicos...
17:38:33 INFO     ✓ [  1/132] abin_ptd_anexo_de_entregas_assinado_pelo_orgao_ass   293.3KB
17:38:36 INFO     ✓ [  2/132] aeb_ptd_2025_2027_docdiretivo_aprovado_assinado-1_  1033.7KB
17:38:38 INFO     ✓ [  3/132] aeb_ptd_2025_2027_anexo_de_entregas_aprovado_assin   154.5KB
17:38:43 INFO     ✓ [  4/132] agu_ptd_2025_2027_docdiretivo_assinado_assinado_as  2860.3KB
17:38:46 INFO     ✓ [  5/132] agu_ptd_2025_2027_anexo_de_entregas_assinado_assin   525.5KB
17:38:49 INFO     ✓ [  6/132] ana_ptd_2025_2027_docdiretivo_assinado_assinado_as   477.2KB
17:38:51 INFO     ✓ [  7/132] ana_ptd_2025_2027_anexoentregas_assinado_assinado_   170.9KB
17:38:54 INFO     ✓ [  8/132] anac_ptd_2025_2026_docdiretivo_se_assinado_tarjado  1036.3KB
17:38:56 INFO     ✓ [  9/132] anac_ptd_2025_2026_anexo_de_entregas_se_assinado.p   215.2KB
17:38:59 INFO     ✓ [ 10/132] anatel_ptd_docdiretivo_assinado_2025_2026_assinado  1006.0KB
17:39:01 INFO     ✓ [ 11/132] anatel_ptd_2025_2026_anexo_de_entregas_do_ptd_publ    71.9KB
17:39:05 INFO     ✓ [ 12/132] ancine_ptd_2024_2026_docdiretivo_assinado-2_assina   961.8KB
17:39:07 INFO     ✓ [ 13/132] ancine_ptd_2024_2026_-_anexo_de_entregas_aprovado_   613.2KB
17:39:10 INFO     ✓ [ 14/132] ptd_aneel_2025-2027_docdiretivo_assinado_tarjado.p   779.6KB
17:39:12 INFO     ✓ [ 15/132] ptd_aneel_2025-2027_anexo_de_entregas_assinado.pdf   111.9KB
17:39:15 INFO     ✓ [ 16/132] anm_ptd_2025_2027_docdiretivo_assinadopeloorgao_ta  1092.5KB
17:39:19 INFO     ✓ [ 17/132] anm_ptd_2025_2027_anexo_entregas_assinadopeloorgao  1140.4KB
17:39:22 INFO     ✓ [ 18/132] anpd_ptd_2025_2027_docdiretivo_assinado_assinado_a  1044.3KB
17:39:24 INFO     ✓ [ 19/132] anpd_ptd_2025_2027_anexo_de_entregas_assinado_assi   166.5KB
17:39:27 INFO     ✓ [ 20/132] ans-plano_de_transformacao_digital_assinado-copia_  1023.4KB
17:39:29 INFO     ✓ [ 21/132] ans_ptd_2025_2026_anexo_de_entregas_assinado_assin   124.1KB
17:39:32 INFO     ✓ [ 22/132] antaq_ptd_2025_2027_docdiretivo_assinado_assinado_  1039.8KB
17:39:34 INFO     ✓ [ 23/132] antaq_ptd_2025_2027_anexoentregas_assinado_assinad   145.1KB
17:39:36 INFO     ✓ [ 24/132] mt_anexo_de_entregas_-_assinado_assinado_assinado_   143.6KB
17:39:45 INFO     ✓ [ 25/132] anvisa_ptd_docdiretivo_2025-2026_assinado_assinado  5771.2KB
17:39:47 INFO     ✓ [ 26/132] anvisa_ptd_anexo_de_entregas_2025_2026_assinado_as   239.0KB
17:39:49 INFO     ✓ [ 27/132] bcb_documento_diretivo_assinado_assinado_assinado-   713.7KB
17:39:52 INFO     ✓ [ 28/132] bcb_anexo_de_entregas_ptd_25_26-1_assinado_assinad   134.8KB
17:39:55 INFO     ✓ [ 29/132] cade_ptd_docdiretivo_2025_2026_assinado-2_assinado   810.4KB
17:39:57 INFO     ✓ [ 30/132] cade_ptd_anexo_de_entregas_2025_2026_assinado_copi   504.0KB
17:40:00 INFO     ✓ [ 31/132] mec_ptd_docdiretivo_2025-2026_sei_mec-5566673_copi   863.1KB
17:40:03 INFO     ✓ [ 32/132] mec_ptd_anexo-de-entregas_sei_mec-5576401_copia_ta   495.7KB
17:40:06 INFO     ✓ [ 33/132] mec_ptd_docdiretivo-versao-comunicacao_copia_tarja  1616.5KB
17:40:09 INFO     ✓ [ 34/132] md_ptd_2026_2027_anexo_de_entregas_assinado_assina   579.4KB
17:40:11 INFO     ✓ [ 35/132] md_ptd_2026_2027_anexo_de_entregas_assinado_assina   186.8KB
17:40:14 INFO     ✓ [ 36/132] md_ptd_temp_copia_tarjada.pdf                        741.9KB
17:40:17 INFO     ✓ [ 37/132] cgu_ptd_docdiretivo_assinado_assinado_assinado-cop  1085.4KB
17:40:20 INFO     ✓ [ 38/132] cgu_ptd_anexo_de_entregas_pactuadas_assinado_assin   514.1KB
17:40:22 INFO     ✓ [ 39/132] cnpq_ptd_2025_2027_docdiretivo_assinado_assinado_a   342.9KB
17:40:24 INFO     ✓ [ 40/132] cnpq_ptd_2025_2027_anexo_de_entregas_assinado_assi   136.1KB
17:40:28 INFO     ✓ [ 41/132] coaf_ptd_2025_2026_documento_diretivo_assinado_ass  1068.0KB
17:40:33 INFO     ✓ [ 42/132] coaf_ptd_2025_2026_anexo_de_entregas-2_assinado_as  3184.5KB
17:40:39 INFO     ✓ [ 43/132] ptd_midr-docdiretivo_aprovado_assinado_tarjado.pdf  3864.1KB
17:40:42 INFO     ✓ [ 44/132] ptd_midr_-_anexo_de_entregas_-_aprovado_assinado.p  1122.0KB
17:40:45 INFO     ✓ [ 45/132] mda-documento-diretivo-assinado_ptd-2025-207-copia   955.8KB
17:40:48 INFO     ✓ [ 46/132] cvm_ptd_2025_2027_docdiretivo_assinado_assinado_as   270.5KB
17:40:50 INFO     ✓ [ 47/132] cvm_ptd_2025_2027_anexoentregas_assinado_assinado_   409.0KB
17:40:53 INFO     ✓ [ 48/132] dnocs_ptd_doc_diretivo_2025_2026_assinado_orgao-2_   891.1KB
17:40:55 INFO     ✓ [ 49/132] dnocs_anexo_de_entregas_repactuado_2025_2026_assin   272.3KB
17:41:00 INFO     ✓ [ 50/132] fbn_ptd_2025_2027_docdiretivo_assinado-1_tarjado.p  2921.6KB
17:41:03 INFO     ✓ [ 51/132] fbn_ptd_2025_2027_anexo_de_entregas_assinado-1.pdf   162.3KB
17:41:06 INFO     ✓ [ 52/132] fcp_ptd_2025_2027_docdiretivo_assinado-1_tarjado.p  1612.0KB
17:41:08 INFO     ✓ [ 53/132] fcp_ptd_2025_2027_anexo_de_entregas_assinado-1.pdf   118.8KB
17:41:12 INFO     ✓ [ 54/132] fcrb_ptd_2025_2026_docdiretivo_aprovado_assinado-1   998.2KB
17:41:14 INFO     ✓ [ 55/132] fcrb_ptd_2025_2026_anexo_de_entregas_aprovado_assi   313.5KB
17:41:17 INFO     ✓ [ 56/132] fiocruz_novo-ptd_2-1_docdiretivo_repactuacao_2024-  1318.1KB
17:41:19 INFO     ✓ [ 57/132] fiocruz_ptd_anexo_de_entregas_assinado_v1_assinado   257.1KB
17:41:23 INFO     ✓ [ 58/132] fiocruz-ptd-06_2024-copia_tarjada.pdf               1693.8KB
17:41:27 INFO     ✓ [ 59/132] funai_ptd_2025_2027_docdiretivo_assinado-1_tarjado  1842.1KB
17:41:30 INFO     ✓ [ 60/132] funai_anexo_de_entregas_repactuado_2026_2027_assin   435.7KB
17:41:33 INFO     ✓ [ 61/132] funarte_ptd_docdiretivo_assinado_21_01_2025_assina   965.7KB
17:41:36 INFO     ✓ [ 62/132] funarte_ptd_anexo_de_entregas_assinado_v1_assinado   683.6KB
17:41:39 INFO     ✓ [ 63/132] fundacentro_ptd_2025_2027_docdiretivo_assinado_ass   826.6KB
17:41:41 INFO     ✓ [ 64/132] fundacentro_ptd_2025_2027_anexo_de_entregas_assina   635.5KB
17:41:44 INFO     ✓ [ 65/132] mma_ptd_docdiretivo_assinado_2025_2026-1_assinado_   949.3KB
17:41:47 INFO     ✓ [ 66/132] mma_ptd_anexo_de_entregas_aprovado_final_assinado_   174.8KB
17:41:50 INFO     ✓ [ 67/132] ibge_docdiretivo_2025_assinado_assinado_assinado-c  1167.3KB
17:41:52 INFO     ✓ [ 68/132] ibge_ptd_25_26_anexo_de_entregas_modelo_v2-1_assin   143.7KB
17:42:02 INFO     ✓ [ 69/132] incra_ptd_docdiretivo__assinado-1_assinado_assinad  7182.0KB
17:42:06 INFO     ✓ [ 70/132] incra_anexo_de_entregas_assinado-1_assinado_assina  1818.6KB
17:42:11 INFO     ✓ [ 71/132] inpi_ptd_docdiretivo_assinado_2025_2026_assinado_a  3322.4KB
17:42:17 INFO     ✓ [ 72/132] inpi_ptd_anexo_de_entregas_assinado_v1_assinado_as  3078.1KB
17:42:20 INFO     ✓ [ 73/132] inss_ptd_2025_2027_docdiretivo-assinado-copia_tarj  1173.3KB
17:42:22 INFO     ✓ [ 74/132] inss_ptd_2025_2027_anexo_de_entregas-assinado-copi   110.8KB
17:42:25 INFO     ✓ [ 75/132] iphan_ptd_docdiretivo_assinado_2025_2026_assinado_   885.7KB
17:42:27 INFO     ✓ [ 76/132] iphan_ptd_anexo_de_entregas_assinado_v1_assinado_a   310.9KB
17:42:34 INFO     ✓ [ 77/132] iti_doc_diretivo_assinado-1_tarjado.pdf             4905.1KB
17:42:37 INFO     ✓ [ 78/132] iti_anexo_de_entregas_assinado.pdf                   556.4KB
17:42:41 INFO     ✓ [ 79/132] mapa_ptd_2025_2027_docdiretivo_assinado-1_tarjado.  1740.9KB
17:42:43 INFO     ✓ [ 80/132] mapa_ptd_2025_2027_anexo_de_entregas_assinado-1.pd   261.9KB
17:42:50 INFO     ✓ [ 81/132] documento-diretivo-mcom-_-ptd-25_27-copia_tarjada.  4451.9KB
17:42:53 INFO     ✓ [ 82/132] anexo-de-entregas-mcom_ptd-25_27-copia_tarjada.pdf  1213.8KB
17:42:58 INFO     ✓ [ 83/132] ptd_21_24_mcom-copia_tarjada.pdf                    3040.7KB
17:43:01 INFO     ✓ [ 84/132] mcti_ptd_2025-2027_docdiretivo_assinado-copia_tarj  1030.7KB
17:43:04 INFO     ✓ [ 85/132] mcti_ptd_2025-2027_anexo-de-entregas_assinado-copi   145.8KB
17:43:06 INFO     ✓ [ 86/132] mda-anexo-entregas-assinado_ptd-2025-2027-copia-ta   284.6KB
17:43:09 INFO     ✓ [ 87/132] mdhc_ptd_2025_2027_docdiretivo_assinado_assinado_a   753.4KB
17:43:11 INFO     ✓ [ 88/132] mdhc_ptd_2025_2027_anexoentregas_assinado_assinado   186.8KB
17:43:13 INFO     ✓ [ 89/132] mdic_ptd_anexo_de_entregas_assinado_v1_assinado_as   176.6KB
17:43:16 INFO     ✓ [ 90/132] memp_ptd_2025_2026_docdiretivo_assinado_assinado_a  1030.1KB
17:43:18 INFO     ✓ [ 91/132] memp_ptd_2025_2026_anexo_de_entregas_assinado_assi   161.5KB
17:43:22 INFO     ✓ [ 92/132] mesp_ptd_2025_2027_docdiretivo_assinado_assinado_2  1147.7KB
17:43:24 INFO     ✓ [ 93/132] mesp_ptd_2025_2027_anexo_de_entregas_assinado_assi   226.6KB
17:43:27 INFO     ✓ [ 94/132] mf_ptd_2026_2027_documentodiretivo_assinado_assina   955.1KB
17:43:29 INFO     ✓ [ 95/132] mf_ptd_2026_2027_anexo_de_entregas_1_mf_se_assinad   241.2KB
17:43:32 INFO     ✓ [ 96/132] mgi_ptd_2025_2027_docdiretivo_assinado_assinado_as   375.2KB
17:43:34 INFO     ✓ [ 97/132] mgi_ptd_2025_2027_anexo_de_entregas_assinado_assin   256.1KB
17:43:37 INFO     ✓ [ 98/132] minc_ptd_2025_2027_docdiretivo_assinado-1_assinado   863.6KB
17:43:39 INFO     ✓ [ 99/132] minc_ptd_2025_2027_anexo_de_entregas_assinado-1_as   276.7KB
17:43:42 INFO     ✓ [100/132] mjsp_ptd_docdiretivo_assinado_2025_2026_assinado_a   954.0KB
17:43:45 INFO     ✓ [101/132] mjsp_ptd_anexo_de_entregas_assinado_v1_assinado_as   253.9KB
17:43:48 INFO     ✓ [102/132] mme_ptd_2025_2027_docdiretivo_assinado-copia_tarja   664.5KB
17:43:50 INFO     ✓ [103/132] mme_ptd_2025_2027_anexo_de_entregas_assinado__1_-c   111.1KB
17:43:53 INFO     ✓ [104/132] mmulheres_ptd_2025_2027_docdiretivo_assinado_assin  1078.3KB
17:43:55 INFO     ✓ [105/132] mmulheres_ptd_2025_2027_anexo_de_entregas_assinado   216.9KB
17:43:58 INFO     ✓ [106/132] mpi_ptd_2025_2027_docdiretivo_ministerio_dos_povos   947.9KB
17:44:00 INFO     ✓ [107/132] mpi_ptd_anexo_de_entregas_do_plano_de_tranformacao   191.9KB
17:44:03 INFO     ✓ [108/132] mpo_ptd_docdiretivo_assinado_2025_2026_assinado_as   806.3KB
17:44:06 INFO     ✓ [109/132] mpo_ptd_anexo_de_entregas_assinado_v1_assinado_ass   323.2KB
17:44:09 INFO     ✓ [110/132] mpor_ptd_2025_2027_docdiretivo_assinado_assinado_a   876.5KB
17:44:11 INFO     ✓ [111/132] mpor_ptd_2025_2027_anexo_de_entregas_assinado_assi   175.1KB
17:44:14 INFO     ✓ [112/132] mps_ptd_2025-2026_docdiretivo_final_assinado-1_ass  1024.4KB
17:44:16 INFO     ✓ [113/132] mps_ptd_2025-2026_anexo_de_entregas_final_assinado   165.0KB
17:44:19 INFO     ✓ [114/132] mre_ptd_docdiretivo_assinado_2025_2026_assinado_as   760.9KB
17:44:21 INFO     ✓ [115/132] mre_ptd_anexo_de_entregas_assinado_v1_assinado_ass   233.2KB
17:44:24 INFO     ✓ [116/132] mte_ptd_2025_2026_docdiretivo_assinado_assinado_as   729.6KB
17:44:27 INFO     ✓ [117/132] mte_ptd_anexo_de_entregas_assinado_v1__281_29_assi   459.5KB
17:44:30 INFO     ✓ [118/132] mtur_ptd_docdiretiv_assinado_30_01_2025_assinado_a  1050.4KB
17:44:32 INFO     ✓ [119/132] mtur_ptd_anexo_de_entregas_assinado_30_01_2025_ass   118.8KB
17:44:35 INFO     ✓ [120/132] pf_ptd_docdiretivo_2025_2027_assinado-copia_tarjad   964.3KB
17:44:37 INFO     ✓ [121/132] pf_ptd_anexo_de_entregas_2025_2027_assinado-copia_    62.5KB
17:44:40 INFO     ✓ [122/132] mf_ptd_2026_2027_anexo_de_entregas_4_mf_pgfn_assin   466.8KB
17:44:49 INFO     ✓ [123/132] previc_plano_de_transformacao_digital_2025_2026_29  6652.7KB
17:44:51 INFO     ✓ [124/132] previc_ptd_repactuacao_2025-2026_assinado_assinado   182.9KB
17:44:54 INFO     ✓ [125/132] prf_documentodiretivo_ptd_2026-2027_assinado_tarja   535.9KB
17:44:56 INFO     ✓ [126/132] prf_anexo_de_entregas_do_ptd__2026_2027___ptd___en   157.7KB
17:44:59 INFO     ✓ [127/132] mf_ptd_2026_2027_anexo_de_entregas_2_mf_rfb_assina   253.7KB
17:45:02 INFO     ✓ [128/132] sgpr_ptd_2026_2027_docdiretivo_assinado-copia_tarj   791.2KB
17:45:05 INFO     ✓ [129/132] sgpr_ptd_2025_2027_anexo_de_entregas_assinado-copi   897.9KB
17:45:07 INFO     ✓ [130/132] mf_ptd_2026_2027_anexo_de_entregas_3_mf_stn_assina   467.8KB
17:45:10 INFO     ✓ [131/132] susep_ptd_2025_2027_docdiretivo-assinado-copia_tar  1030.1KB
17:45:12 INFO     ✓ [132/132] susep_ptd_2025-2026_anexo_de_entregas_final_assina   221.9KB
17:45:14 INFO     132 OK | 0 erros | 123.3 MB total
17:45:20 INFO     Sanity: 132 PDFs | 113 texto | 19 imagem/OCR | 0 duplicatas
17:45:20 INFO     --siglas (debug): 15 PDFs de ['AGU', 'FIOCRUZ', 'FUNAI', 'FUNDACENTRO', 'INCRA', 'ITI', 'MCOM', 'SGPR']
17:45:20 INFO     DocumentConverter instanciado (singleton × 2: plain + OCR)
17:45:20 INFO     [1/15] → agu_ptd_2025_2027_anexo_de_entregas_assinado_assinado_assinado-copia_tarjada.pdf
17:45:20 INFO     detected formats: [<InputFormat.PDF: 'pdf'>]
17:45:20 INFO     Going to convert document batch...
17:45:20 INFO     Initializing pipeline for StandardPdfPipeline with options hash bc6794697da537796efc497178f9263f
17:45:20 INFO     Loading plugin 'docling_defaults'
17:45:20 INFO     Registered picture descriptions: ['picture_description_vlm_engine', 'vlm', 'api']
17:45:20 INFO     Loading plugin 'docling_defaults'
17:45:20 INFO     Registered ocr engines: ['auto', 'easyocr', 'kserve_v2_ocr', 'ocrmac', 'rapidocr', 'tesserocr', 'tesseract']
17:45:20 INFO     command: tesseract --list-langs
17:45:20 INFO     Loading plugin 'docling_defaults'
17:45:20 INFO     Registered layout engines: ['layout_object_detection', 'docling_layout_default', 'docling_experimental_table_crops_layout']
17:45:20 INFO     Accelerator device: 'cpu'
17:45:20 INFO     HTTP Request: GET https://huggingface.co/api/models/docling-project/docling-layout-heron/revision/main "HTTP/1.1 200 OK"
17:45:20 INFO     HTTP Request: HEAD https://huggingface.co/docling-project/docling-layout-heron/resolve/8f39ad3c0b4c58e9c2d2c84a38465abf757272d8/.gitattributes "HTTP/1.1 307 Temporary Redirect"
17:45:20 INFO     HTTP Request: HEAD https://huggingface.co/api/resolve-cache/models/docling-project/docling-layout-heron/8f39ad3c0b4c58e9c2d2c84a38465abf757272d8/.gitattributes "HTTP/1.1 200 OK"
17:45:20 INFO     HTTP Request: HEAD https://huggingface.co/docling-project/docling-layout-heron/resolve/8f39ad3c0b4c58e9c2d2c84a38465abf757272d8/config.json "HTTP/1.1 307 Temporary Redirect"
17:45:20 WARNING  Warning: You are sending unauthenticated requests to the HF Hub. Please set a HF_TOKEN to enable higher rate limits and faster downloads.
17:45:20 INFO     HTTP Request: HEAD https://huggingface.co/docling-project/docling-layout-heron/resolve/8f39ad3c0b4c58e9c2d2c84a38465abf757272d8/README.md "HTTP/1.1 307 Temporary Redirect"
17:45:20 INFO     HTTP Request: HEAD https://huggingface.co/docling-project/docling-layout-heron/resolve/8f39ad3c0b4c58e9c2d2c84a38465abf757272d8/docling_heron_400.png "HTTP/1.1 307 Temporary Redirect"
17:45:20 INFO     HTTP Request: HEAD https://huggingface.co/docling-project/docling-layout-heron/resolve/8f39ad3c0b4c58e9c2d2c84a38465abf757272d8/preprocessor_config.json "HTTP/1.1 307 Temporary Redirect"
17:45:20 INFO     HTTP Request: HEAD https://huggingface.co/docling-project/docling-layout-heron/resolve/8f39ad3c0b4c58e9c2d2c84a38465abf757272d8/model.safetensors "HTTP/1.1 302 Found"
17:45:20 INFO     HTTP Request: HEAD https://huggingface.co/api/resolve-cache/models/docling-project/docling-layout-heron/8f39ad3c0b4c58e9c2d2c84a38465abf757272d8/docling_heron_400.png "HTTP/1.1 200 OK"
17:45:20 INFO     HTTP Request: HEAD https://huggingface.co/api/resolve-cache/models/docling-project/docling-layout-heron/8f39ad3c0b4c58e9c2d2c84a38465abf757272d8/config.json "HTTP/1.1 200 OK"
17:45:20 INFO     HTTP Request: HEAD https://huggingface.co/api/resolve-cache/models/docling-project/docling-layout-heron/8f39ad3c0b4c58e9c2d2c84a38465abf757272d8/README.md "HTTP/1.1 200 OK"
17:45:20 INFO     HTTP Request: GET https://huggingface.co/api/resolve-cache/models/docling-project/docling-layout-heron/8f39ad3c0b4c58e9c2d2c84a38465abf757272d8/.gitattributes "HTTP/1.1 200 OK"
17:45:20 INFO     HTTP Request: HEAD https://huggingface.co/api/resolve-cache/models/docling-project/docling-layout-heron/8f39ad3c0b4c58e9c2d2c84a38465abf757272d8/preprocessor_config.json "HTTP/1.1 200 OK"
17:45:20 INFO     HTTP Request: GET https://huggingface.co/api/resolve-cache/models/docling-project/docling-layout-heron/8f39ad3c0b4c58e9c2d2c84a38465abf757272d8/config.json "HTTP/1.1 200 OK"
17:45:20 INFO     HTTP Request: GET https://huggingface.co/api/resolve-cache/models/docling-project/docling-layout-heron/8f39ad3c0b4c58e9c2d2c84a38465abf757272d8/README.md "HTTP/1.1 200 OK"
17:45:20 INFO     HTTP Request: GET https://huggingface.co/api/resolve-cache/models/docling-project/docling-layout-heron/8f39ad3c0b4c58e9c2d2c84a38465abf757272d8/preprocessor_config.json "HTTP/1.1 200 OK"
17:45:20 INFO     HTTP Request: GET https://huggingface.co/api/resolve-cache/models/docling-project/docling-layout-heron/8f39ad3c0b4c58e9c2d2c84a38465abf757272d8/docling_heron_400.png "HTTP/1.1 200 OK"
17:45:20 INFO     HTTP Request: GET https://huggingface.co/api/models/docling-project/docling-layout-heron/xet-read-token/8f39ad3c0b4c58e9c2d2c84a38465abf757272d8 "HTTP/1.1 200 OK"
17:45:21 INFO     Loading plugin 'docling_defaults'
17:45:21 INFO     Registered table structure engines: ['docling_tableformer', 'docling_tableformer_v2']
17:45:21 INFO     HTTP Request: GET https://huggingface.co/api/models/docling-project/docling-models/revision/v2.3.0 "HTTP/1.1 200 OK"
17:45:21 INFO     HTTP Request: HEAD https://huggingface.co/docling-project/docling-models/resolve/fc0f2d45e2218ea24bce5045f58a389aed16dc23/.gitattributes "HTTP/1.1 307 Temporary Redirect"
17:45:21 INFO     HTTP Request: HEAD https://huggingface.co/docling-project/docling-models/resolve/fc0f2d45e2218ea24bce5045f58a389aed16dc23/model_artifacts/tableformer/accurate/tableformer_accurate.safetensors "HTTP/1.1 302 Found"
17:45:21 INFO     HTTP Request: HEAD https://huggingface.co/docling-project/docling-models/resolve/fc0f2d45e2218ea24bce5045f58a389aed16dc23/README.md "HTTP/1.1 307 Temporary Redirect"
17:45:21 INFO     HTTP Request: HEAD https://huggingface.co/docling-project/docling-models/resolve/fc0f2d45e2218ea24bce5045f58a389aed16dc23/config.json "HTTP/1.1 307 Temporary Redirect"
17:45:21 INFO     HTTP Request: HEAD https://huggingface.co/docling-project/docling-models/resolve/fc0f2d45e2218ea24bce5045f58a389aed16dc23/.gitignore "HTTP/1.1 307 Temporary Redirect"
17:45:21 INFO     HTTP Request: HEAD https://huggingface.co/docling-project/docling-models/resolve/fc0f2d45e2218ea24bce5045f58a389aed16dc23/model_artifacts/tableformer/accurate/tm_config.json "HTTP/1.1 307 Temporary Redirect"
17:45:21 INFO     HTTP Request: HEAD https://huggingface.co/api/resolve-cache/models/docling-project/docling-models/fc0f2d45e2218ea24bce5045f58a389aed16dc23/.gitattributes "HTTP/1.1 200 OK"
17:45:21 INFO     HTTP Request: HEAD https://huggingface.co/api/resolve-cache/models/docling-project/docling-models/fc0f2d45e2218ea24bce5045f58a389aed16dc23/README.md "HTTP/1.1 200 OK"
17:45:21 INFO     HTTP Request: HEAD https://huggingface.co/api/resolve-cache/models/docling-project/docling-models/fc0f2d45e2218ea24bce5045f58a389aed16dc23/config.json "HTTP/1.1 200 OK"
17:45:21 INFO     HTTP Request: HEAD https://huggingface.co/api/resolve-cache/models/docling-project/docling-models/fc0f2d45e2218ea24bce5045f58a389aed16dc23/model_artifacts%2Ftableformer%2Faccurate%2Ftm_config.json "HTTP/1.1 200 OK"
17:45:21 INFO     HTTP Request: HEAD https://huggingface.co/api/resolve-cache/models/docling-project/docling-models/fc0f2d45e2218ea24bce5045f58a389aed16dc23/.gitignore "HTTP/1.1 200 OK"
17:45:21 INFO     HTTP Request: HEAD https://huggingface.co/docling-project/docling-models/resolve/fc0f2d45e2218ea24bce5045f58a389aed16dc23/model_artifacts/tableformer/fast/tableformer_fast.safetensors "HTTP/1.1 302 Found"
17:45:21 INFO     HTTP Request: GET https://huggingface.co/api/resolve-cache/models/docling-project/docling-models/fc0f2d45e2218ea24bce5045f58a389aed16dc23/README.md "HTTP/1.1 200 OK"
17:45:21 INFO     HTTP Request: GET https://huggingface.co/api/resolve-cache/models/docling-project/docling-models/fc0f2d45e2218ea24bce5045f58a389aed16dc23/.gitattributes "HTTP/1.1 200 OK"
17:45:21 INFO     HTTP Request: HEAD https://huggingface.co/docling-project/docling-models/resolve/fc0f2d45e2218ea24bce5045f58a389aed16dc23/model_artifacts/tableformer/fast/tm_config.json "HTTP/1.1 307 Temporary Redirect"
17:45:21 INFO     HTTP Request: GET https://huggingface.co/api/resolve-cache/models/docling-project/docling-models/fc0f2d45e2218ea24bce5045f58a389aed16dc23/config.json "HTTP/1.1 200 OK"
17:45:21 INFO     HTTP Request: GET https://huggingface.co/api/models/docling-project/docling-models/xet-read-token/fc0f2d45e2218ea24bce5045f58a389aed16dc23 "HTTP/1.1 200 OK"
17:45:21 INFO     HTTP Request: HEAD https://huggingface.co/api/resolve-cache/models/docling-project/docling-models/fc0f2d45e2218ea24bce5045f58a389aed16dc23/model_artifacts%2Ftableformer%2Ffast%2Ftm_config.json "HTTP/1.1 200 OK"
17:45:21 INFO     HTTP Request: GET https://huggingface.co/api/resolve-cache/models/docling-project/docling-models/fc0f2d45e2218ea24bce5045f58a389aed16dc23/model_artifacts%2Ftableformer%2Faccurate%2Ftm_config.json "HTTP/1.1 200 OK"
17:45:21 INFO     HTTP Request: GET https://huggingface.co/api/resolve-cache/models/docling-project/docling-models/fc0f2d45e2218ea24bce5045f58a389aed16dc23/.gitignore "HTTP/1.1 200 OK"
17:45:21 INFO     HTTP Request: GET https://huggingface.co/api/resolve-cache/models/docling-project/docling-models/fc0f2d45e2218ea24bce5045f58a389aed16dc23/model_artifacts%2Ftableformer%2Ffast%2Ftm_config.json "HTTP/1.1 200 OK"
17:45:21 INFO     HTTP Request: GET https://huggingface.co/api/models/docling-project/docling-models/xet-read-token/fc0f2d45e2218ea24bce5045f58a389aed16dc23 "HTTP/1.1 200 OK"
17:45:23 INFO     Accelerator device: 'cpu'
17:45:23 INFO     Processing document agu_ptd_2025_2027_anexo_de_entregas_assinado_assinado_assinado-copia_tarjada.pdf
17:45:24 INFO     command: tesseract --psm 0 -l osd /tmp/tmp5ypibrh0.png stdout
17:45:24 INFO     command: tesseract -l por /tmp/tmp5ypibrh0.png stdout tsv
17:45:28 INFO     command: tesseract --psm 0 -l osd /tmp/tmpflykz8w3.png stdout
17:45:29 INFO     command: tesseract -l por /tmp/tmpflykz8w3.png stdout tsv
17:45:46 INFO     Finished converting document agu_ptd_2025_2027_anexo_de_entregas_assinado_assinado_assinado-copia_tarjada.pdf in 26.79 sec.
17:45:46 INFO       pixel_budget (Docling) agu_ptd_2025_2027_anexo_de_entregas_assinado_assinado_assinado-copia_tarjada.pdf: 45.8% (área tabelas/1001817 px²)
17:45:46 INFO     [1/15] ✓ AGU       :   33 entregas | 26.8s | ETA ~6min
17:45:46 INFO     [2/15] → agu_ptd_2025_2027_docdiretivo_assinado_assinado_assinado-copia_tarjada.pdf
17:45:46 INFO     detected formats: [<InputFormat.PDF: 'pdf'>]
17:45:46 INFO     Going to convert document batch...
17:45:46 INFO     Processing document agu_ptd_2025_2027_docdiretivo_assinado_assinado_assinado-copia_tarjada.pdf
17:45:47 INFO     command: tesseract --psm 0 -l osd /tmp/tmpc8hh7azu.png stdout
17:45:47 INFO     command: tesseract -l por /tmp/tmpc8hh7azu.png stdout tsv
17:45:49 INFO     command: tesseract --psm 0 -l osd /tmp/tmp9634m4nx.png stdout
17:45:51 INFO     command: tesseract -l por /tmp/tmp9634m4nx.png stdout tsv
17:45:55 INFO     command: tesseract --psm 0 -l osd /tmp/tmp7sv5f8nt.png stdout
17:45:55 INFO     command: tesseract -l por /tmp/tmp7sv5f8nt.png stdout tsv
17:45:58 INFO     command: tesseract --psm 0 -l osd /tmp/tmp_47ymewn.png stdout
17:45:58 INFO     command: tesseract -l por /tmp/tmp_47ymewn.png stdout tsv
17:46:01 INFO     command: tesseract --psm 0 -l osd /tmp/tmp8vmcfepf.png stdout
17:46:01 INFO     command: tesseract -l por /tmp/tmp8vmcfepf.png stdout tsv
17:46:03 INFO     command: tesseract --psm 0 -l osd /tmp/tmpngtveohu.png stdout
17:46:05 INFO     command: tesseract -l por /tmp/tmpngtveohu.png stdout tsv
17:46:16 INFO     command: tesseract --psm 0 -l osd /tmp/tmpap1azqtt.png stdout
17:46:16 INFO     command: tesseract -l por /tmp/tmpap1azqtt.png stdout tsv
17:46:19 INFO     command: tesseract --psm 0 -l osd /tmp/tmp1txhh1t1.png stdout
17:46:19 INFO     command: tesseract -l por /tmp/tmp1txhh1t1.png stdout tsv
17:46:22 INFO     command: tesseract --psm 0 -l osd /tmp/tmpur_ouvyf.png stdout
17:46:22 INFO     command: tesseract -l por /tmp/tmpur_ouvyf.png stdout tsv
17:46:25 INFO     command: tesseract --psm 0 -l osd /tmp/tmp1xuxnmxv.png stdout
17:46:26 INFO     command: tesseract -l por /tmp/tmp1xuxnmxv.png stdout tsv
17:46:42 INFO     command: tesseract --psm 0 -l osd /tmp/tmpwo3uvz3p.png stdout
17:46:43 INFO     command: tesseract -l por /tmp/tmpwo3uvz3p.png stdout tsv
17:46:46 INFO     Finished converting document agu_ptd_2025_2027_docdiretivo_assinado_assinado_assinado-copia_tarjada.pdf in 59.71 sec.
17:46:46 INFO       pixel_budget (Docling) agu_ptd_2025_2027_docdiretivo_assinado_assinado_assinado-copia_tarjada.pdf: 2.1% (área tabelas/5513330 px²)
17:46:46 INFO     [2/15] ✓ AGU       :    6 entregas | 59.7s | ETA ~9min
17:46:46 INFO     [3/15] → anexo-de-entregas-mcom_ptd-25_27-copia_tarjada.pdf
17:46:46 INFO     detected formats: [<InputFormat.PDF: 'pdf'>]
17:46:46 INFO     Going to convert document batch...
17:46:46 INFO     Processing document anexo-de-entregas-mcom_ptd-25_27-copia_tarjada.pdf
17:46:47 INFO     command: tesseract --psm 0 -l osd /tmp/tmpipqyfjms.png stdout
17:46:48 INFO     command: tesseract -l por /tmp/tmpipqyfjms.png stdout tsv
17:46:51 INFO     command: tesseract --psm 0 -l osd /tmp/tmpcyrvqhqa.png stdout
17:46:52 INFO     command: tesseract -l por /tmp/tmpcyrvqhqa.png stdout tsv
17:47:04 INFO     command: tesseract --psm 0 -l osd /tmp/tmpn30epfx7.png stdout
17:47:05 INFO     command: tesseract -l por /tmp/tmpn30epfx7.png stdout tsv
17:47:25 INFO     Finished converting document anexo-de-entregas-mcom_ptd-25_27-copia_tarjada.pdf in 38.62 sec.
17:47:25 INFO       pixel_budget (Docling) anexo-de-entregas-mcom_ptd-25_27-copia_tarjada.pdf: 55.2% (área tabelas/1503636 px²)
17:47:25 INFO     [3/15] ✓ MCOM      :   55 entregas | 38.6s | ETA ~8min
17:47:25 INFO     [4/15] → documento-diretivo-mcom-_-ptd-25_27-copia_tarjada.pdf
17:47:25 INFO     detected formats: [<InputFormat.PDF: 'pdf'>]
17:47:25 INFO     Going to convert document batch...
17:47:25 INFO     Processing document documento-diretivo-mcom-_-ptd-25_27-copia_tarjada.pdf
17:47:25 INFO     command: tesseract --psm 0 -l osd /tmp/tmppujlrl4n.png stdout
17:47:26 INFO     command: tesseract -l por /tmp/tmppujlrl4n.png stdout tsv
17:47:28 INFO     command: tesseract --psm 0 -l osd /tmp/tmpmhf6vv2q.png stdout
17:47:29 INFO     command: tesseract -l por /tmp/tmpmhf6vv2q.png stdout tsv
17:47:35 INFO     command: tesseract --psm 0 -l osd /tmp/tmp29p0dv8w.png stdout
17:47:36 INFO     command: tesseract -l por /tmp/tmp29p0dv8w.png stdout tsv
17:47:37 INFO     command: tesseract --psm 0 -l osd /tmp/tmpxvqdmict.png stdout
17:47:38 INFO     command: tesseract -l por /tmp/tmpxvqdmict.png stdout tsv
17:47:40 INFO     command: tesseract --psm 0 -l osd /tmp/tmppe18l8su.png stdout
17:47:40 INFO     command: tesseract -l por /tmp/tmppe18l8su.png stdout tsv
17:47:43 INFO     command: tesseract --psm 0 -l osd /tmp/tmphwxv3h1u.png stdout
17:47:44 INFO     command: tesseract -l por /tmp/tmphwxv3h1u.png stdout tsv
17:48:01 INFO     command: tesseract --psm 0 -l osd /tmp/tmphdpuzviz.png stdout
17:48:01 INFO     command: tesseract -l por /tmp/tmphdpuzviz.png stdout tsv
17:48:03 INFO     command: tesseract --psm 0 -l osd /tmp/tmphus2o65_.png stdout
17:48:04 INFO     command: tesseract -l por /tmp/tmphus2o65_.png stdout tsv
17:48:06 INFO     command: tesseract --psm 0 -l osd /tmp/tmpkcf5uirv.png stdout
17:48:07 INFO     command: tesseract -l por /tmp/tmpkcf5uirv.png stdout tsv
17:48:09 INFO     command: tesseract --psm 0 -l osd /tmp/tmp7bokvq92.png stdout
17:48:10 INFO     command: tesseract -l por /tmp/tmp7bokvq92.png stdout tsv
17:48:14 INFO     command: tesseract --psm 0 -l osd /tmp/tmpc_v9ueim.png stdout
17:48:15 INFO     command: tesseract -l por /tmp/tmpc_v9ueim.png stdout tsv
17:48:21 INFO     command: tesseract --psm 0 -l osd /tmp/tmpt5sq33og.png stdout
17:48:21 INFO     command: tesseract -l por /tmp/tmpt5sq33og.png stdout tsv
17:48:23 INFO     command: tesseract --psm 0 -l osd /tmp/tmp_ubmh3cq.png stdout
17:48:24 INFO     command: tesseract -l por /tmp/tmp_ubmh3cq.png stdout tsv
17:48:26 INFO     command: tesseract --psm 0 -l osd /tmp/tmpcqblas7n.png stdout
17:48:27 INFO     command: tesseract -l por /tmp/tmpcqblas7n.png stdout tsv
17:48:34 INFO     Finished converting document documento-diretivo-mcom-_-ptd-25_27-copia_tarjada.pdf in 69.03 sec.
17:48:34 INFO       pixel_budget (Docling) documento-diretivo-mcom-_-ptd-25_27-copia_tarjada.pdf: 10.8% (área tabelas/7016966 px²)
17:48:34 WARNING  [4/15] ⚠ MCOM      :    0 entregas | 69.0s | ETA ~8min
17:48:34 INFO     [5/15] → fiocruz-ptd-06_2024-copia_tarjada.pdf
17:48:34 INFO     detected formats: [<InputFormat.PDF: 'pdf'>]
17:48:34 INFO     Going to convert document batch...
17:48:34 INFO     Initializing pipeline for StandardPdfPipeline with options hash d18651824ca6fe56cf3ccb20424ac2c8
17:48:34 INFO     Accelerator device: 'cpu'
17:48:34 INFO     HTTP Request: GET https://huggingface.co/api/models/docling-project/docling-layout-heron/revision/main "HTTP/1.1 200 OK"
17:48:35 INFO     HTTP Request: GET https://huggingface.co/api/models/docling-project/docling-models/revision/v2.3.0 "HTTP/1.1 200 OK"
17:48:35 INFO     Accelerator device: 'cpu'
17:48:35 INFO     Processing document fiocruz-ptd-06_2024-copia_tarjada.pdf
17:49:43 INFO     Finished converting document fiocruz-ptd-06_2024-copia_tarjada.pdf in 68.81 sec.
17:49:43 INFO       pixel_budget (Docling) fiocruz-ptd-06_2024-copia_tarjada.pdf: 36.4% (área tabelas/7518178 px²)
17:49:43 WARNING  [5/15] ⚠ FIOCRUZ   :    0 entregas | 68.9s | ETA ~8min
17:49:43 INFO     [6/15] → fiocruz_novo-ptd_2-1_docdiretivo_repactuacao_2024-2026_assinado_assinado-copia_tarjada.pdf
17:49:43 INFO     detected formats: [<InputFormat.PDF: 'pdf'>]
17:49:43 INFO     Going to convert document batch...
17:49:43 INFO     Processing document fiocruz_novo-ptd_2-1_docdiretivo_repactuacao_2024-2026_assinado_assinado-copia_tarjada.pdf
17:50:00 INFO     Finished converting document fiocruz_novo-ptd_2-1_docdiretivo_repactuacao_2024-2026_assinado_assinado-copia_tarjada.pdf in 17.78 sec.
17:50:01 INFO       pixel_budget (Docling) fiocruz_novo-ptd_2-1_docdiretivo_repactuacao_2024-2026_assinado_assinado-copia_tarjada.pdf: 11.3% (área tabelas/5012118 px²)
17:50:01 WARNING  [6/15] ⚠ FIOCRUZ   :    0 entregas | 17.8s | ETA ~7min
17:50:01 INFO     [7/15] → fiocruz_ptd_anexo_de_entregas_assinado_v1_assinado_assinado-1-copia_tarjada.pdf
17:50:01 INFO     detected formats: [<InputFormat.PDF: 'pdf'>]
17:50:01 INFO     Going to convert document batch...
17:50:01 INFO     Processing document fiocruz_ptd_anexo_de_entregas_assinado_v1_assinado_assinado-1-copia_tarjada.pdf
17:50:33 INFO     Finished converting document fiocruz_ptd_anexo_de_entregas_assinado_v1_assinado_assinado-1-copia_tarjada.pdf in 32.36 sec.
17:50:33 INFO       pixel_budget (Docling) fiocruz_ptd_anexo_de_entregas_assinado_v1_assinado_assinado-1-copia_tarjada.pdf: 54.7% (área tabelas/2004847 px²)
17:50:33 INFO     [7/15] ✓ FIOCRUZ   :   62 entregas | 32.4s | ETA ~5min
17:50:33 INFO     [8/15] → funai_anexo_de_entregas_repactuado_2026_2027_assinado_assinado_assinado.pdf
17:50:33 INFO     detected formats: [<InputFormat.PDF: 'pdf'>]
17:50:33 INFO     Going to convert document batch...
17:50:33 INFO     Processing document funai_anexo_de_entregas_repactuado_2026_2027_assinado_assinado_assinado.pdf
17:50:34 INFO     command: tesseract --psm 0 -l osd /tmp/tmpwjplhrd9.png stdout
17:50:35 INFO     command: tesseract -l por /tmp/tmpwjplhrd9.png stdout tsv
17:50:48 INFO     Finished converting document funai_anexo_de_entregas_repactuado_2026_2027_assinado_assinado_assinado.pdf in 14.91 sec.
17:50:48 INFO       pixel_budget (Docling) funai_anexo_de_entregas_repactuado_2026_2027_assinado_assinado_assinado.pdf: 49.8% (área tabelas/501212 px²)
17:50:48 INFO     [8/15] ✓ FUNAI     :   22 entregas | 14.9s | ETA ~4min
17:50:48 INFO     [9/15] → funai_ptd_2025_2027_docdiretivo_assinado-1_tarjado.pdf
17:50:48 INFO     detected formats: [<InputFormat.PDF: 'pdf'>]
17:50:48 INFO     Going to convert document batch...
17:50:48 INFO     Processing document funai_ptd_2025_2027_docdiretivo_assinado-1_tarjado.pdf
17:50:49 INFO     command: tesseract --psm 0 -l osd /tmp/tmpaiwqxbt4.png stdout
17:50:50 INFO     command: tesseract -l por /tmp/tmpaiwqxbt4.png stdout tsv
17:50:51 INFO     command: tesseract --psm 0 -l osd /tmp/tmpmvgxizfj.png stdout
17:50:52 INFO     command: tesseract -l por /tmp/tmpmvgxizfj.png stdout tsv
17:50:57 INFO     command: tesseract --psm 0 -l osd /tmp/tmp9t7vbrmw.png stdout
17:50:57 INFO     command: tesseract -l por /tmp/tmp9t7vbrmw.png stdout tsv
17:50:59 INFO     command: tesseract --psm 0 -l osd /tmp/tmp9fx_641m.png stdout
17:51:00 INFO     command: tesseract -l por /tmp/tmp9fx_641m.png stdout tsv
17:51:02 INFO     command: tesseract --psm 0 -l osd /tmp/tmprs5zpdur.png stdout
17:51:03 INFO     command: tesseract -l por /tmp/tmprs5zpdur.png stdout tsv
17:51:05 INFO     command: tesseract --psm 0 -l osd /tmp/tmp_nz4clzx.png stdout
17:51:06 INFO     command: tesseract -l por /tmp/tmp_nz4clzx.png stdout tsv
17:51:17 INFO     command: tesseract --psm 0 -l osd /tmp/tmpesfw4xm_.png stdout
17:51:18 INFO     command: tesseract -l por /tmp/tmpesfw4xm_.png stdout tsv
17:51:19 INFO     command: tesseract --psm 0 -l osd /tmp/tmpl9pcdays.png stdout
17:51:20 INFO     command: tesseract -l por /tmp/tmpl9pcdays.png stdout tsv
17:51:21 INFO     command: tesseract --psm 0 -l osd /tmp/tmpyieivrqo.png stdout
17:51:22 INFO     command: tesseract -l por /tmp/tmpyieivrqo.png stdout tsv
17:51:24 INFO     command: tesseract --psm 0 -l osd /tmp/tmp2dcai84b.png stdout
17:51:25 INFO     command: tesseract -l por /tmp/tmp2dcai84b.png stdout tsv
17:51:39 INFO     command: tesseract --psm 0 -l osd /tmp/tmp1lm9kx48.png stdout
17:51:40 INFO     command: tesseract -l por /tmp/tmp1lm9kx48.png stdout tsv
17:51:46 INFO     command: tesseract --psm 0 -l osd /tmp/tmpppd6z90_.png stdout
17:51:47 INFO     command: tesseract -l por /tmp/tmpppd6z90_.png stdout tsv
17:51:48 INFO     command: tesseract --psm 0 -l osd /tmp/tmpr4xgd1th.png stdout
17:51:49 INFO     command: tesseract -l por /tmp/tmpr4xgd1th.png stdout tsv
17:51:55 INFO     Finished converting document funai_ptd_2025_2027_docdiretivo_assinado-1_tarjado.pdf in 67.63 sec.
17:51:55 INFO       pixel_budget (Docling) funai_ptd_2025_2027_docdiretivo_assinado-1_tarjado.pdf: 16.4% (área tabelas/6515754 px²)
17:51:55 INFO     [9/15] ✓ FUNAI     :    8 entregas | 67.6s | ETA ~4min
17:51:55 INFO     [10/15] → incra_anexo_de_entregas_assinado-1_assinado_assinado-copia_tarjada.pdf
17:51:55 INFO     detected formats: [<InputFormat.PDF: 'pdf'>]
17:51:55 INFO     Going to convert document batch...
17:51:55 INFO     Processing document incra_anexo_de_entregas_assinado-1_assinado_assinado-copia_tarjada.pdf
17:51:57 INFO     command: tesseract --psm 0 -l osd /tmp/tmpsl3zn34d.png stdout
17:51:58 INFO     command: tesseract -l por /tmp/tmpsl3zn34d.png stdout tsv
17:52:00 INFO     command: tesseract --psm 0 -l osd /tmp/tmpbxng03w1.png stdout
17:52:02 INFO     command: tesseract -l por /tmp/tmpbxng03w1.png stdout tsv
17:52:10 INFO     command: tesseract --psm 0 -l osd /tmp/tmpdivvor0p.png stdout
17:52:11 INFO     command: tesseract -l por /tmp/tmpdivvor0p.png stdout tsv
17:52:12 INFO     command: tesseract --psm 0 -l osd /tmp/tmphapdeimc.png stdout
17:52:13 INFO     command: tesseract -l por /tmp/tmphapdeimc.png stdout tsv
17:52:16 INFO     command: tesseract --psm 0 -l osd /tmp/tmp8oorcq5o.png stdout
17:52:16 INFO     command: tesseract -l por /tmp/tmp8oorcq5o.png stdout tsv
17:53:45 INFO     Finished converting document incra_anexo_de_entregas_assinado-1_assinado_assinado-copia_tarjada.pdf in 109.72 sec.
17:53:45 INFO       pixel_budget (Docling) incra_anexo_de_entregas_assinado-1_assinado_assinado-copia_tarjada.pdf: 30.0% (área tabelas/2423520 px²)
17:53:45 INFO     [10/15] ✓ INCRA     :   11 entregas | 109.7s | ETA ~4min
17:53:45 INFO     [11/15] → incra_ptd_docdiretivo__assinado-1_assinado_assinado-copia_tarjada.pdf
17:53:45 INFO     detected formats: [<InputFormat.PDF: 'pdf'>]
17:53:45 INFO     Going to convert document batch...
17:53:45 INFO     Processing document incra_ptd_docdiretivo__assinado-1_assinado_assinado-copia_tarjada.pdf
17:53:46 INFO     command: tesseract --psm 0 -l osd /tmp/tmp_92c45u4.png stdout
17:53:47 INFO     command: tesseract -l por /tmp/tmp_92c45u4.png stdout tsv
17:53:49 INFO     command: tesseract --psm 0 -l osd /tmp/tmpamm6ou3_.png stdout
17:53:50 INFO     command: tesseract -l por /tmp/tmpamm6ou3_.png stdout tsv
17:53:57 INFO     command: tesseract --psm 0 -l osd /tmp/tmpkz1nalb6.png stdout
17:53:58 INFO     command: tesseract -l por /tmp/tmpkz1nalb6.png stdout tsv
17:54:00 INFO     command: tesseract --psm 0 -l osd /tmp/tmpc6fz5utm.png stdout
17:54:01 INFO     command: tesseract -l por /tmp/tmpc6fz5utm.png stdout tsv
17:54:02 INFO     command: tesseract --psm 0 -l osd /tmp/tmpkva420km.png stdout
17:54:03 INFO     command: tesseract -l por /tmp/tmpkva420km.png stdout tsv
17:54:05 INFO     command: tesseract --psm 0 -l osd /tmp/tmphpxnwlzb.png stdout
17:54:07 INFO     command: tesseract -l por /tmp/tmphpxnwlzb.png stdout tsv
17:54:22 INFO     command: tesseract --psm 0 -l osd /tmp/tmp08ulkbve.png stdout
17:54:23 INFO     command: tesseract -l por /tmp/tmp08ulkbve.png stdout tsv
17:54:25 INFO     command: tesseract --psm 0 -l osd /tmp/tmp33sf8s03.png stdout
17:54:25 INFO     command: tesseract -l por /tmp/tmp33sf8s03.png stdout tsv
17:54:27 INFO     command: tesseract --psm 0 -l osd /tmp/tmpt5nd3h2f.png stdout
17:54:28 INFO     command: tesseract -l por /tmp/tmpt5nd3h2f.png stdout tsv
17:54:30 INFO     command: tesseract --psm 0 -l osd /tmp/tmpn5h0vase.png stdout
17:54:31 INFO     command: tesseract -l por /tmp/tmpn5h0vase.png stdout tsv
17:54:35 INFO     command: tesseract --psm 0 -l osd /tmp/tmppnq3v_kn.png stdout
17:54:36 INFO     command: tesseract -l por /tmp/tmppnq3v_kn.png stdout tsv
17:54:42 INFO     command: tesseract --psm 0 -l osd /tmp/tmpu33fcjup.png stdout
17:54:43 INFO     command: tesseract -l por /tmp/tmpu33fcjup.png stdout tsv
17:54:48 INFO     command: tesseract --psm 0 -l osd /tmp/tmpylqhmw0d.png stdout
17:54:49 INFO     command: tesseract -l por /tmp/tmpylqhmw0d.png stdout tsv
17:54:56 INFO     Finished converting document incra_ptd_docdiretivo__assinado-1_assinado_assinado-copia_tarjada.pdf in 71.05 sec.
17:54:56 INFO       pixel_budget (Docling) incra_ptd_docdiretivo__assinado-1_assinado_assinado-copia_tarjada.pdf: 20.2% (área tabelas/6515754 px²)
17:54:56 INFO     [11/15] ✓ INCRA     :    9 entregas | 71.1s | ETA ~3min
17:54:56 INFO     [12/15] → iti_anexo_de_entregas_assinado.pdf
17:54:56 INFO     detected formats: [<InputFormat.PDF: 'pdf'>]
17:54:56 INFO     Going to convert document batch...
17:54:56 INFO     Processing document iti_anexo_de_entregas_assinado.pdf
17:54:57 INFO     command: tesseract --psm 0 -l osd /tmp/tmpyvtu0gsj.png stdout
17:54:58 INFO     command: tesseract -l por /tmp/tmpyvtu0gsj.png stdout tsv
17:55:14 INFO     Finished converting document iti_anexo_de_entregas_assinado.pdf in 17.39 sec.
17:55:14 INFO       pixel_budget (Docling) iti_anexo_de_entregas_assinado.pdf: 57.2% (área tabelas/501212 px²)
17:55:14 INFO     [12/15] ✓ ITI       :   31 entregas | 17.4s | ETA ~2min
17:55:14 INFO     [13/15] → iti_doc_diretivo_assinado-1_tarjado.pdf
17:55:14 INFO     detected formats: [<InputFormat.PDF: 'pdf'>]
17:55:14 INFO     Going to convert document batch...
17:55:14 INFO     Processing document iti_doc_diretivo_assinado-1_tarjado.pdf
17:55:14 INFO     command: tesseract --psm 0 -l osd /tmp/tmp7dup7w3u.png stdout
17:55:15 INFO     command: tesseract -l por /tmp/tmp7dup7w3u.png stdout tsv
17:55:17 INFO     command: tesseract --psm 0 -l osd /tmp/tmp6nbeod7g.png stdout
17:55:18 INFO     command: tesseract -l por /tmp/tmp6nbeod7g.png stdout tsv
17:55:23 INFO     command: tesseract --psm 0 -l osd /tmp/tmpilc5pfg0.png stdout
17:55:23 INFO     command: tesseract -l por /tmp/tmpilc5pfg0.png stdout tsv
17:55:25 INFO     command: tesseract --psm 0 -l osd /tmp/tmpq7d81tgv.png stdout
17:55:26 INFO     command: tesseract -l por /tmp/tmpq7d81tgv.png stdout tsv
17:55:28 INFO     command: tesseract --psm 0 -l osd /tmp/tmpgyzev9l_.png stdout
17:55:28 INFO     command: tesseract -l por /tmp/tmpgyzev9l_.png stdout tsv
17:55:30 INFO     command: tesseract --psm 0 -l osd /tmp/tmp5qzzlr6j.png stdout
17:55:32 INFO     command: tesseract -l por /tmp/tmp5qzzlr6j.png stdout tsv
17:55:49 INFO     command: tesseract --psm 0 -l osd /tmp/tmpmsfzmwz4.png stdout
17:55:50 INFO     command: tesseract -l por /tmp/tmpmsfzmwz4.png stdout tsv
17:55:52 INFO     command: tesseract --psm 0 -l osd /tmp/tmp6o2grc1p.png stdout
17:55:53 INFO     command: tesseract -l por /tmp/tmp6o2grc1p.png stdout tsv
17:55:55 INFO     command: tesseract --psm 0 -l osd /tmp/tmpoeqwypta.png stdout
17:55:56 INFO     command: tesseract -l por /tmp/tmpoeqwypta.png stdout tsv
17:55:58 INFO     command: tesseract --psm 0 -l osd /tmp/tmpau13sfks.png stdout
17:55:59 INFO     command: tesseract -l por /tmp/tmpau13sfks.png stdout tsv
17:56:05 INFO     command: tesseract --psm 0 -l osd /tmp/tmpab8dob9s.png stdout
17:56:06 INFO     command: tesseract -l por /tmp/tmpab8dob9s.png stdout tsv
17:56:13 INFO     Finished converting document iti_doc_diretivo_assinado-1_tarjado.pdf in 59.16 sec.
17:56:13 INFO       pixel_budget (Docling) iti_doc_diretivo_assinado-1_tarjado.pdf: 8.0% (área tabelas/5516339 px²)
17:56:13 INFO     [13/15] ✓ ITI       :    6 entregas | 59.2s | ETA ~1min
17:56:13 INFO     [14/15] → sgpr_ptd_2025_2027_anexo_de_entregas_assinado-copia_tarjada.pdf
17:56:13 INFO     detected formats: [<InputFormat.PDF: 'pdf'>]
17:56:13 INFO     Going to convert document batch...
17:56:13 INFO     Processing document sgpr_ptd_2025_2027_anexo_de_entregas_assinado-copia_tarjada.pdf
17:56:14 INFO     command: tesseract --psm 0 -l osd /tmp/tmp1fnt4lwz.png stdout
17:56:15 INFO     command: tesseract -l por /tmp/tmp1fnt4lwz.png stdout tsv
17:56:17 INFO     command: tesseract --psm 0 -l osd /tmp/tmperasq77d.png stdout
17:56:19 INFO     command: tesseract -l por /tmp/tmperasq77d.png stdout tsv
17:56:32 INFO     Finished converting document sgpr_ptd_2025_2027_anexo_de_entregas_assinado-copia_tarjada.pdf in 18.77 sec.
17:56:32 INFO       pixel_budget (Docling) sgpr_ptd_2025_2027_anexo_de_entregas_assinado-copia_tarjada.pdf: 29.5% (área tabelas/1002424 px²)
17:56:32 INFO     [14/15] ✓ SGPR      :   18 entregas | 18.8s | ETA ~48s
17:56:32 INFO     [15/15] → sgpr_ptd_2026_2027_docdiretivo_assinado-copia_tarjada.pdf
17:56:32 INFO     detected formats: [<InputFormat.PDF: 'pdf'>]
17:56:32 INFO     Going to convert document batch...
17:56:32 INFO     Processing document sgpr_ptd_2026_2027_docdiretivo_assinado-copia_tarjada.pdf
17:56:51 INFO     Finished converting document sgpr_ptd_2026_2027_docdiretivo_assinado-copia_tarjada.pdf in 19.71 sec.
17:56:51 INFO       pixel_budget (Docling) sgpr_ptd_2026_2027_docdiretivo_assinado-copia_tarjada.pdf: 8.2% (área tabelas/5513330 px²)
17:56:51 WARNING  [15/15] ⚠ SGPR      :    0 entregas | 19.7s | ETA ~0s
17:56:51 INFO     261 registros | 7 órgãos
17:56:51 INFO     ╔══════════════════════════════════════════════════════════════╗
17:56:51 INFO     ║                  ENTREGAS — fase concluída                   ║
17:56:51 INFO     ║  Processados: 15    |  ✓ 11  ⚠ 4                             ║
17:56:51 INFO     ║  Duração: 11.5 min                                           ║
17:56:51 INFO     ║  261 registros | 7 órgãos                                    ║
17:56:51 INFO     ╚══════════════════════════════════════════════════════════════╝
17:56:51 INFO     [1/7] → agu_ptd_2025_2027_docdiretivo_assinado_assinado_assinado-copia_tarjada.pdf
17:56:51 INFO     detected formats: [<InputFormat.PDF: 'pdf'>]
17:56:51 INFO     Going to convert document batch...
17:56:51 INFO     Processing document agu_ptd_2025_2027_docdiretivo_assinado_assinado_assinado-copia_tarjada.pdf
17:56:52 INFO     command: tesseract --psm 0 -l osd /tmp/tmpzy6yiq26.png stdout
17:56:52 INFO     command: tesseract -l por /tmp/tmpzy6yiq26.png stdout tsv
17:56:54 INFO     command: tesseract --psm 0 -l osd /tmp/tmpnpjl412w.png stdout
17:56:56 INFO     command: tesseract -l por /tmp/tmpnpjl412w.png stdout tsv
17:57:00 INFO     command: tesseract --psm 0 -l osd /tmp/tmp9c24viir.png stdout
17:57:01 INFO     command: tesseract -l por /tmp/tmp9c24viir.png stdout tsv
17:57:03 INFO     command: tesseract --psm 0 -l osd /tmp/tmp6lrxhcd4.png stdout
17:57:04 INFO     command: tesseract -l por /tmp/tmp6lrxhcd4.png stdout tsv
17:57:06 INFO     command: tesseract --psm 0 -l osd /tmp/tmp1dhtg2ws.png stdout
17:57:07 INFO     command: tesseract -l por /tmp/tmp1dhtg2ws.png stdout tsv
17:57:09 INFO     command: tesseract --psm 0 -l osd /tmp/tmpmduyi26z.png stdout
17:57:10 INFO     command: tesseract -l por /tmp/tmpmduyi26z.png stdout tsv
17:57:21 INFO     command: tesseract --psm 0 -l osd /tmp/tmp1z2peduq.png stdout
17:57:22 INFO     command: tesseract -l por /tmp/tmp1z2peduq.png stdout tsv
17:57:24 INFO     command: tesseract --psm 0 -l osd /tmp/tmpd6hz0p1a.png stdout
17:57:25 INFO     command: tesseract -l por /tmp/tmpd6hz0p1a.png stdout tsv
17:57:27 INFO     command: tesseract --psm 0 -l osd /tmp/tmpae0pq8l5.png stdout
17:57:28 INFO     command: tesseract -l por /tmp/tmpae0pq8l5.png stdout tsv
17:57:30 INFO     command: tesseract --psm 0 -l osd /tmp/tmp2oybzbtx.png stdout
17:57:31 INFO     command: tesseract -l por /tmp/tmp2oybzbtx.png stdout tsv
17:57:46 INFO     command: tesseract --psm 0 -l osd /tmp/tmpcy6xfeav.png stdout
17:57:47 INFO     command: tesseract -l por /tmp/tmpcy6xfeav.png stdout tsv
17:57:50 INFO     Finished converting document agu_ptd_2025_2027_docdiretivo_assinado_assinado_assinado-copia_tarjada.pdf in 58.96 sec.
17:57:50 INFO     [1/7] ✓ AGU       :   7 riscos | 59.0s | ETA ~5min
17:57:50 INFO     [2/7] → documento-diretivo-mcom-_-ptd-25_27-copia_tarjada.pdf
17:57:50 INFO     detected formats: [<InputFormat.PDF: 'pdf'>]
17:57:50 INFO     Going to convert document batch...
17:57:50 INFO     Processing document documento-diretivo-mcom-_-ptd-25_27-copia_tarjada.pdf
17:57:51 INFO     command: tesseract --psm 0 -l osd /tmp/tmp8mmkc2gk.png stdout
17:57:51 INFO     command: tesseract -l por /tmp/tmp8mmkc2gk.png stdout tsv
17:57:55 INFO     command: tesseract --psm 0 -l osd /tmp/tmph_xku4_f.png stdout
17:57:56 INFO     command: tesseract -l por /tmp/tmph_xku4_f.png stdout tsv
17:58:01 INFO     command: tesseract --psm 0 -l osd /tmp/tmpsj1q744c.png stdout
17:58:02 INFO     command: tesseract -l por /tmp/tmpsj1q744c.png stdout tsv
17:58:03 INFO     command: tesseract --psm 0 -l osd /tmp/tmpn2dv6bad.png stdout
17:58:04 INFO     command: tesseract -l por /tmp/tmpn2dv6bad.png stdout tsv
17:58:06 INFO     command: tesseract --psm 0 -l osd /tmp/tmpctv7tod_.png stdout
17:58:06 INFO     command: tesseract -l por /tmp/tmpctv7tod_.png stdout tsv
17:58:09 INFO     command: tesseract --psm 0 -l osd /tmp/tmpcv506g5y.png stdout
17:58:10 INFO     command: tesseract -l por /tmp/tmpcv506g5y.png stdout tsv
17:58:28 INFO     command: tesseract --psm 0 -l osd /tmp/tmpbv_9t5jj.png stdout
17:58:29 INFO     command: tesseract -l por /tmp/tmpbv_9t5jj.png stdout tsv
17:58:30 INFO     command: tesseract --psm 0 -l osd /tmp/tmpsr4x95if.png stdout
17:58:31 INFO     command: tesseract -l por /tmp/tmpsr4x95if.png stdout tsv
17:58:33 INFO     command: tesseract --psm 0 -l osd /tmp/tmpa4w9u5lz.png stdout
17:58:34 INFO     command: tesseract -l por /tmp/tmpa4w9u5lz.png stdout tsv
17:58:36 INFO     command: tesseract --psm 0 -l osd /tmp/tmp8yvepdje.png stdout
17:58:37 INFO     command: tesseract -l por /tmp/tmp8yvepdje.png stdout tsv
17:58:46 INFO     command: tesseract --psm 0 -l osd /tmp/tmpc9h835fl.png stdout
17:58:47 INFO     command: tesseract -l por /tmp/tmpc9h835fl.png stdout tsv
17:58:49 INFO     command: tesseract --psm 0 -l osd /tmp/tmpdngaqen1.png stdout
17:58:50 INFO     command: tesseract -l por /tmp/tmpdngaqen1.png stdout tsv
17:58:52 INFO     command: tesseract --psm 0 -l osd /tmp/tmpr7z2hqai.png stdout
17:58:53 INFO     command: tesseract -l por /tmp/tmpr7z2hqai.png stdout tsv
17:58:55 INFO     command: tesseract --psm 0 -l osd /tmp/tmp8sxvfma6.png stdout
17:58:56 INFO     command: tesseract -l por /tmp/tmp8sxvfma6.png stdout tsv
17:59:02 INFO     Finished converting document documento-diretivo-mcom-_-ptd-25_27-copia_tarjada.pdf in 71.62 sec.
17:59:02 INFO     [2/7] ✓ MCOM      :  14 riscos | 71.6s | ETA ~5min
17:59:02 INFO     [3/7] → fiocruz_novo-ptd_2-1_docdiretivo_repactuacao_2024-2026_assinado_assinado-copia_tarjada.pdf
17:59:02 INFO     detected formats: [<InputFormat.PDF: 'pdf'>]
17:59:02 INFO     Going to convert document batch...
17:59:02 INFO     Processing document fiocruz_novo-ptd_2-1_docdiretivo_repactuacao_2024-2026_assinado_assinado-copia_tarjada.pdf
17:59:20 INFO     Finished converting document fiocruz_novo-ptd_2-1_docdiretivo_repactuacao_2024-2026_assinado_assinado-copia_tarjada.pdf in 18.03 sec.
17:59:20 INFO     [3/7] ✓ FIOCRUZ   :   6 riscos | 18.0s | ETA ~3min
17:59:20 INFO     [4/7] → funai_ptd_2025_2027_docdiretivo_assinado-1_tarjado.pdf
17:59:20 INFO     detected formats: [<InputFormat.PDF: 'pdf'>]
17:59:20 INFO     Going to convert document batch...
17:59:20 INFO     Processing document funai_ptd_2025_2027_docdiretivo_assinado-1_tarjado.pdf
17:59:21 INFO     command: tesseract --psm 0 -l osd /tmp/tmpojn3fr8o.png stdout
17:59:22 INFO     command: tesseract -l por /tmp/tmpojn3fr8o.png stdout tsv
17:59:23 INFO     command: tesseract --psm 0 -l osd /tmp/tmp82hzlq9m.png stdout
17:59:24 INFO     command: tesseract -l por /tmp/tmp82hzlq9m.png stdout tsv
17:59:28 INFO     command: tesseract --psm 0 -l osd /tmp/tmp10_eodvo.png stdout
17:59:29 INFO     command: tesseract -l por /tmp/tmp10_eodvo.png stdout tsv
17:59:31 INFO     command: tesseract --psm 0 -l osd /tmp/tmpdijppqoh.png stdout
17:59:32 INFO     command: tesseract -l por /tmp/tmpdijppqoh.png stdout tsv
17:59:33 INFO     command: tesseract --psm 0 -l osd /tmp/tmppp9myuea.png stdout
17:59:34 INFO     command: tesseract -l por /tmp/tmppp9myuea.png stdout tsv
17:59:36 INFO     command: tesseract --psm 0 -l osd /tmp/tmpvqv44zia.png stdout
17:59:38 INFO     command: tesseract -l por /tmp/tmpvqv44zia.png stdout tsv
17:59:48 INFO     command: tesseract --psm 0 -l osd /tmp/tmp_rx093f1.png stdout
17:59:49 INFO     command: tesseract -l por /tmp/tmp_rx093f1.png stdout tsv
17:59:50 INFO     command: tesseract --psm 0 -l osd /tmp/tmp0izglveh.png stdout
17:59:51 INFO     command: tesseract -l por /tmp/tmp0izglveh.png stdout tsv
17:59:52 INFO     command: tesseract --psm 0 -l osd /tmp/tmp3oehfknm.png stdout
17:59:53 INFO     command: tesseract -l por /tmp/tmp3oehfknm.png stdout tsv
17:59:55 INFO     command: tesseract --psm 0 -l osd /tmp/tmp9yvf129g.png stdout
17:59:56 INFO     command: tesseract -l por /tmp/tmp9yvf129g.png stdout tsv
18:00:11 INFO     command: tesseract --psm 0 -l osd /tmp/tmpxv2my5cd.png stdout
18:00:12 INFO     command: tesseract -l por /tmp/tmpxv2my5cd.png stdout tsv
18:00:17 INFO     command: tesseract --psm 0 -l osd /tmp/tmpkkmr6dv5.png stdout
18:00:18 INFO     command: tesseract -l por /tmp/tmpkkmr6dv5.png stdout tsv
18:00:20 INFO     command: tesseract --psm 0 -l osd /tmp/tmpqqt95d_c.png stdout
18:00:20 INFO     command: tesseract -l por /tmp/tmpqqt95d_c.png stdout tsv
18:00:27 INFO     Finished converting document funai_ptd_2025_2027_docdiretivo_assinado-1_tarjado.pdf in 66.86 sec.
18:00:27 INFO     [4/7] ✓ FUNAI     :  15 riscos | 66.9s | ETA ~2min
18:00:27 INFO     [5/7] → incra_ptd_docdiretivo__assinado-1_assinado_assinado-copia_tarjada.pdf
18:00:27 INFO     detected formats: [<InputFormat.PDF: 'pdf'>]
18:00:27 INFO     Going to convert document batch...
18:00:27 INFO     Processing document incra_ptd_docdiretivo__assinado-1_assinado_assinado-copia_tarjada.pdf
18:00:28 INFO     command: tesseract --psm 0 -l osd /tmp/tmpdioo23ni.png stdout
18:00:29 INFO     command: tesseract -l por /tmp/tmpdioo23ni.png stdout tsv
18:00:31 INFO     command: tesseract --psm 0 -l osd /tmp/tmpfnb3jxq8.png stdout
18:00:32 INFO     command: tesseract -l por /tmp/tmpfnb3jxq8.png stdout tsv
18:00:38 INFO     command: tesseract --psm 0 -l osd /tmp/tmpzomt6ii4.png stdout
18:00:39 INFO     command: tesseract -l por /tmp/tmpzomt6ii4.png stdout tsv
18:00:41 INFO     command: tesseract --psm 0 -l osd /tmp/tmp4d5zosof.png stdout
18:00:42 INFO     command: tesseract -l por /tmp/tmp4d5zosof.png stdout tsv
18:00:43 INFO     command: tesseract --psm 0 -l osd /tmp/tmp74aew_go.png stdout
18:00:44 INFO     command: tesseract -l por /tmp/tmp74aew_go.png stdout tsv
18:00:46 INFO     command: tesseract --psm 0 -l osd /tmp/tmpr2yqmfh4.png stdout
18:00:48 INFO     command: tesseract -l por /tmp/tmpr2yqmfh4.png stdout tsv
18:01:02 INFO     command: tesseract --psm 0 -l osd /tmp/tmp3ji_mak6.png stdout
18:01:03 INFO     command: tesseract -l por /tmp/tmp3ji_mak6.png stdout tsv
18:01:05 INFO     command: tesseract --psm 0 -l osd /tmp/tmpncai9cme.png stdout
18:01:06 INFO     command: tesseract -l por /tmp/tmpncai9cme.png stdout tsv
18:01:07 INFO     command: tesseract --psm 0 -l osd /tmp/tmpty3x4y0x.png stdout
18:01:08 INFO     command: tesseract -l por /tmp/tmpty3x4y0x.png stdout tsv
18:01:10 INFO     command: tesseract --psm 0 -l osd /tmp/tmpq1_kqa9k.png stdout
18:01:11 INFO     command: tesseract -l por /tmp/tmpq1_kqa9k.png stdout tsv
18:01:16 INFO     command: tesseract --psm 0 -l osd /tmp/tmpya4awvtz.png stdout
18:01:17 INFO     command: tesseract -l por /tmp/tmpya4awvtz.png stdout tsv
18:01:22 INFO     command: tesseract --psm 0 -l osd /tmp/tmpi6p9v1rg.png stdout
18:01:23 INFO     command: tesseract -l por /tmp/tmpi6p9v1rg.png stdout tsv
18:01:28 INFO     command: tesseract --psm 0 -l osd /tmp/tmpq581p0x6.png stdout
18:01:29 INFO     command: tesseract -l por /tmp/tmpq581p0x6.png stdout tsv
18:01:36 INFO     Finished converting document incra_ptd_docdiretivo__assinado-1_assinado_assinado-copia_tarjada.pdf in 69.62 sec.
18:01:36 INFO     [5/7] ✓ INCRA     :  15 riscos | 69.6s | ETA ~1min
18:01:36 INFO     [6/7] → iti_doc_diretivo_assinado-1_tarjado.pdf
18:01:36 INFO     detected formats: [<InputFormat.PDF: 'pdf'>]
18:01:36 INFO     Going to convert document batch...
18:01:36 INFO     Processing document iti_doc_diretivo_assinado-1_tarjado.pdf
18:01:37 INFO     command: tesseract --psm 0 -l osd /tmp/tmpd9nr5fs5.png stdout
18:01:38 INFO     command: tesseract -l por /tmp/tmpd9nr5fs5.png stdout tsv
18:01:40 INFO     command: tesseract --psm 0 -l osd /tmp/tmpgtqpt9qr.png stdout
18:01:41 INFO     command: tesseract -l por /tmp/tmpgtqpt9qr.png stdout tsv
18:01:43 INFO     command: tesseract --psm 0 -l osd /tmp/tmpksqmlztm.png stdout
18:01:44 INFO     command: tesseract -l por /tmp/tmpksqmlztm.png stdout tsv
18:01:46 INFO     command: tesseract --psm 0 -l osd /tmp/tmpfmqcolwr.png stdout
18:01:46 INFO     command: tesseract -l por /tmp/tmpfmqcolwr.png stdout tsv
18:01:48 INFO     command: tesseract --psm 0 -l osd /tmp/tmpf8ppe7qj.png stdout
18:01:49 INFO     command: tesseract -l por /tmp/tmpf8ppe7qj.png stdout tsv
18:01:51 INFO     command: tesseract --psm 0 -l osd /tmp/tmpg0e1w46o.png stdout
18:01:52 INFO     command: tesseract -l por /tmp/tmpg0e1w46o.png stdout tsv
18:02:08 INFO     command: tesseract --psm 0 -l osd /tmp/tmp5zh61blj.png stdout
18:02:08 INFO     command: tesseract -l por /tmp/tmp5zh61blj.png stdout tsv
18:02:11 INFO     command: tesseract --psm 0 -l osd /tmp/tmp9eqxm5y3.png stdout
18:02:11 INFO     command: tesseract -l por /tmp/tmp9eqxm5y3.png stdout tsv
18:02:14 INFO     command: tesseract --psm 0 -l osd /tmp/tmph_nqpyis.png stdout
18:02:14 INFO     command: tesseract -l por /tmp/tmph_nqpyis.png stdout tsv
18:02:16 INFO     command: tesseract --psm 0 -l osd /tmp/tmpbwr6s6fv.png stdout
18:02:18 INFO     command: tesseract -l por /tmp/tmpbwr6s6fv.png stdout tsv
18:02:23 INFO     command: tesseract --psm 0 -l osd /tmp/tmpvcjbf8um.png stdout
18:02:24 INFO     command: tesseract -l por /tmp/tmpvcjbf8um.png stdout tsv
18:02:32 INFO     Finished converting document iti_doc_diretivo_assinado-1_tarjado.pdf in 55.66 sec.
18:02:32 INFO     [6/7] ✓ ITI       :  14 riscos | 55.7s | ETA ~57s
18:02:32 INFO     [7/7] → sgpr_ptd_2026_2027_docdiretivo_assinado-copia_tarjada.pdf
18:02:32 INFO     detected formats: [<InputFormat.PDF: 'pdf'>]
18:02:32 INFO     Going to convert document batch...
18:02:32 INFO     Processing document sgpr_ptd_2026_2027_docdiretivo_assinado-copia_tarjada.pdf
18:02:52 INFO     Finished converting document sgpr_ptd_2026_2027_docdiretivo_assinado-copia_tarjada.pdf in 19.90 sec.
18:02:52 INFO     [7/7] ✓ SGPR      :  10 riscos | 19.9s | ETA ~0s
18:02:52 INFO     ╔══════════════════════════════════════════════════════════════╗
18:02:52 INFO     ║                   RISCOS — fase concluída                    ║
18:02:52 INFO     ║  Processados: 7     |  ✓ 7  ⚠ 0                              ║
18:02:52 INFO     ║  Duração: 6.0 min                                            ║
18:02:52 INFO     ║  81 riscos | 7 órgãos                                        ║
18:02:52 INFO     ╚══════════════════════════════════════════════════════════════╝
18:02:52 INFO     81 riscos | 0 ações | 135 relações
18:02:52 INFO     ptd_corpus_raw                     : 261 linhas
18:02:52 INFO     ptd_pivot_eixos                    : 7 linhas
18:02:55 INFO     ptd_datas_assinatura               : 132 linhas
18:02:55 INFO     ptd_riscos                         : 81 linhas
18:02:55 INFO     ptd_riscos_acoes                   : 135 linhas
18:02:55 INFO     Manifesto salvo: pipeline_manifest.json | SHA-256 de 132 PDFs
18:02:55 INFO     ==================================================
18:02:55 INFO     PTD-BR v3.0-melhorado — PIPELINE CONCLUÍDO
18:02:55 INFO     ==================================================
18:02:55 INFO     ptd_corpus_raw.csv                        160 KB
18:02:55 INFO     ptd_pivot_eixos.csv                         0 KB
18:02:55 INFO     ptd_datas_assinatura.csv                    9 KB
18:02:55 INFO     ptd_riscos.csv                             23 KB
18:02:55 INFO     ptd_riscos_acoes.csv                        2 KB
18:02:55 INFO     proveniencia.json                           0 KB
18:02:55 INFO     pipeline_manifest.json                     20 KB
18:02:55 INFO     📦 Artefatos: https://github.com/freirelucas/teste/actions/runs/24006824549
18:02:55 INFO     ==================================================
