06:39:17 INFO     Docling disponível
06:39:17 WARNING  OCR fallback indisponível (IndentationError: unexpected indent (ptd_ocr_fallback.py, line 45))
06:39:18 INFO     Ignorado (guia/template/norma): ABNT-NBR-17225-Acessibilidade-Digital.pdf
06:39:18 INFO     Ignorado (guia/template/norma): cgrep-guia10passos-ptd-orgao.pdf
06:39:18 INFO     Ignorado (guia/template/norma): ABNT-NBR-17225-Acessibilidade-Digital.pdf
06:39:18 INFO     Scraping: 132 PDFs únicos | entregas: 68 | diretivos: 61
06:39:18 INFO     Baixando 132 PDFs únicos...
06:39:20 INFO     ✓ [  1/132] abin_ptd_anexo_de_entregas_assinado_pelo_orgao_ass   293.3KB
06:39:24 INFO     ✓ [  2/132] aeb_ptd_2025_2027_docdiretivo_aprovado_assinado-1_  1033.7KB
06:39:27 INFO     ✓ [  3/132] aeb_ptd_2025_2027_anexo_de_entregas_aprovado_assin   154.5KB
06:39:32 INFO     ✓ [  4/132] agu_ptd_2025_2027_docdiretivo_assinado_assinado_as  2860.3KB
06:39:35 INFO     ✓ [  5/132] agu_ptd_2025_2027_anexo_de_entregas_assinado_assin   525.5KB
06:39:38 INFO     ✓ [  6/132] ana_ptd_2025_2027_docdiretivo_assinado_assinado_as   477.2KB
06:39:40 INFO     ✓ [  7/132] ana_ptd_2025_2027_anexoentregas_assinado_assinado_   170.9KB
06:39:44 INFO     ✓ [  8/132] anac_ptd_2025_2026_docdiretivo_se_assinado_tarjado  1036.3KB
06:39:46 INFO     ✓ [  9/132] anac_ptd_2025_2026_anexo_de_entregas_se_assinado.p   215.2KB
06:39:49 INFO     ✓ [ 10/132] anatel_ptd_docdiretivo_assinado_2025_2026_assinado  1006.0KB
06:39:51 INFO     ✓ [ 11/132] anatel_ptd_2025_2026_anexo_de_entregas_do_ptd_publ    71.9KB
06:39:55 INFO     ✓ [ 12/132] ancine_ptd_2024_2026_docdiretivo_assinado-2_assina   961.8KB
06:39:58 INFO     ✓ [ 13/132] ancine_ptd_2024_2026_-_anexo_de_entregas_aprovado_   613.2KB
06:40:01 INFO     ✓ [ 14/132] ptd_aneel_2025-2027_docdiretivo_assinado_tarjado.p   779.6KB
06:40:03 INFO     ✓ [ 15/132] ptd_aneel_2025-2027_anexo_de_entregas_assinado.pdf   111.9KB
06:40:06 INFO     ✓ [ 16/132] anm_ptd_2025_2027_docdiretivo_assinadopeloorgao_ta  1092.5KB
06:40:10 INFO     ✓ [ 17/132] anm_ptd_2025_2027_anexo_entregas_assinadopeloorgao  1140.4KB
06:40:13 INFO     ✓ [ 18/132] anpd_ptd_2025_2027_docdiretivo_assinado_assinado_a  1044.3KB
06:40:15 INFO     ✓ [ 19/132] anpd_ptd_2025_2027_anexo_de_entregas_assinado_assi   166.5KB
06:40:19 INFO     ✓ [ 20/132] ans-plano_de_transformacao_digital_assinado-copia_  1023.4KB
06:40:21 INFO     ✓ [ 21/132] ans_ptd_2025_2026_anexo_de_entregas_assinado_assin   124.1KB
06:40:24 INFO     ✓ [ 22/132] antaq_ptd_2025_2027_docdiretivo_assinado_assinado_  1039.8KB
06:40:26 INFO     ✓ [ 23/132] antaq_ptd_2025_2027_anexoentregas_assinado_assinad   145.1KB
06:40:29 INFO     ✓ [ 24/132] mt_anexo_de_entregas_-_assinado_assinado_assinado_   143.6KB
06:40:38 INFO     ✓ [ 25/132] anvisa_ptd_docdiretivo_2025-2026_assinado_assinado  5771.2KB
06:40:40 INFO     ✓ [ 26/132] anvisa_ptd_anexo_de_entregas_2025_2026_assinado_as   239.0KB
06:40:43 INFO     ✓ [ 27/132] bcb_documento_diretivo_assinado_assinado_assinado-   713.7KB
06:40:45 INFO     ✓ [ 28/132] bcb_anexo_de_entregas_ptd_25_26-1_assinado_assinad   134.8KB
06:40:49 INFO     ✓ [ 29/132] cade_ptd_docdiretivo_2025_2026_assinado-2_assinado   810.4KB
06:40:51 INFO     ✓ [ 30/132] cade_ptd_anexo_de_entregas_2025_2026_assinado_copi   504.0KB
06:40:55 INFO     ✓ [ 31/132] mec_ptd_docdiretivo_2025-2026_sei_mec-5566673_copi   863.1KB
06:40:57 INFO     ✓ [ 32/132] mec_ptd_anexo-de-entregas_sei_mec-5576401_copia_ta   495.7KB
06:41:02 INFO     ✓ [ 33/132] mec_ptd_docdiretivo-versao-comunicacao_copia_tarja  1616.5KB
06:41:04 INFO     ✓ [ 34/132] md_ptd_2026_2027_anexo_de_entregas_assinado_assina   579.4KB
06:41:07 INFO     ✓ [ 35/132] md_ptd_2026_2027_anexo_de_entregas_assinado_assina   186.8KB
06:41:10 INFO     ✓ [ 36/132] md_ptd_temp_copia_tarjada.pdf                        741.9KB
06:41:13 INFO     ✓ [ 37/132] cgu_ptd_docdiretivo_assinado_assinado_assinado-cop  1085.4KB
06:41:16 INFO     ✓ [ 38/132] cgu_ptd_anexo_de_entregas_pactuadas_assinado_assin   514.1KB
06:41:18 INFO     ✓ [ 39/132] cnpq_ptd_2025_2027_docdiretivo_assinado_assinado_a   342.9KB
06:41:20 INFO     ✓ [ 40/132] cnpq_ptd_2025_2027_anexo_de_entregas_assinado_assi   136.1KB
06:41:24 INFO     ✓ [ 41/132] coaf_ptd_2025_2026_documento_diretivo_assinado_ass  1068.0KB
06:41:30 INFO     ✓ [ 42/132] coaf_ptd_2025_2026_anexo_de_entregas-2_assinado_as  3184.5KB
06:41:36 INFO     ✓ [ 43/132] ptd_midr-docdiretivo_aprovado_assinado_tarjado.pdf  3864.1KB
06:41:40 INFO     ✓ [ 44/132] ptd_midr_-_anexo_de_entregas_-_aprovado_assinado.p  1122.0KB
06:41:43 INFO     ✓ [ 45/132] mda-documento-diretivo-assinado_ptd-2025-207-copia   955.8KB
06:41:45 INFO     ✓ [ 46/132] cvm_ptd_2025_2027_docdiretivo_assinado_assinado_as   270.5KB
06:41:48 INFO     ✓ [ 47/132] cvm_ptd_2025_2027_anexoentregas_assinado_assinado_   409.0KB
06:41:51 INFO     ✓ [ 48/132] dnocs_ptd_doc_diretivo_2025_2026_assinado_orgao-2_   891.1KB
06:41:54 INFO     ✓ [ 49/132] dnocs_anexo_de_entregas_repactuado_2025_2026_assin   272.3KB
06:41:59 INFO     ✓ [ 50/132] fbn_ptd_2025_2027_docdiretivo_assinado-1_tarjado.p  2921.6KB
06:42:02 INFO     ✓ [ 51/132] fbn_ptd_2025_2027_anexo_de_entregas_assinado-1.pdf   162.3KB
06:42:06 INFO     ✓ [ 52/132] fcp_ptd_2025_2027_docdiretivo_assinado-1_tarjado.p  1612.0KB
06:42:08 INFO     ✓ [ 53/132] fcp_ptd_2025_2027_anexo_de_entregas_assinado-1.pdf   118.8KB
06:42:11 INFO     ✓ [ 54/132] fcrb_ptd_2025_2026_docdiretivo_aprovado_assinado-1   998.2KB
06:42:14 INFO     ✓ [ 55/132] fcrb_ptd_2025_2026_anexo_de_entregas_aprovado_assi   313.5KB
06:42:17 INFO     ✓ [ 56/132] fiocruz_novo-ptd_2-1_docdiretivo_repactuacao_2024-  1318.1KB
06:42:20 INFO     ✓ [ 57/132] fiocruz_ptd_anexo_de_entregas_assinado_v1_assinado   257.1KB
06:42:24 INFO     ✓ [ 58/132] fiocruz-ptd-06_2024-copia_tarjada.pdf               1693.8KB
06:42:28 INFO     ✓ [ 59/132] funai_ptd_2025_2027_docdiretivo_assinado-1_tarjado  1842.1KB
06:42:30 INFO     ✓ [ 60/132] funai_anexo_de_entregas_repactuado_2026_2027_assin   435.7KB
06:42:34 INFO     ✓ [ 61/132] funarte_ptd_docdiretivo_assinado_21_01_2025_assina   965.7KB
06:42:37 INFO     ✓ [ 62/132] funarte_ptd_anexo_de_entregas_assinado_v1_assinado   683.6KB
06:42:40 INFO     ✓ [ 63/132] fundacentro_ptd_2025_2027_docdiretivo_assinado_ass   826.6KB
06:42:42 INFO     ✓ [ 64/132] fundacentro_ptd_2025_2027_anexo_de_entregas_assina   635.5KB
06:42:46 INFO     ✓ [ 65/132] mma_ptd_docdiretivo_assinado_2025_2026-1_assinado_   949.3KB
06:42:48 INFO     ✓ [ 66/132] mma_ptd_anexo_de_entregas_aprovado_final_assinado_   174.8KB
06:42:52 INFO     ✓ [ 67/132] ibge_docdiretivo_2025_assinado_assinado_assinado-c  1167.3KB
06:42:54 INFO     ✓ [ 68/132] ibge_ptd_25_26_anexo_de_entregas_modelo_v2-1_assin   143.7KB
06:43:04 INFO     ✓ [ 69/132] incra_ptd_docdiretivo__assinado-1_assinado_assinad  7182.0KB
06:43:09 INFO     ✓ [ 70/132] incra_anexo_de_entregas_assinado-1_assinado_assina  1818.6KB
06:43:15 INFO     ✓ [ 71/132] inpi_ptd_docdiretivo_assinado_2025_2026_assinado_a  3322.4KB
06:43:20 INFO     ✓ [ 72/132] inpi_ptd_anexo_de_entregas_assinado_v1_assinado_as  3078.1KB
06:43:24 INFO     ✓ [ 73/132] inss_ptd_2025_2027_docdiretivo-assinado-copia_tarj  1173.3KB
06:43:26 INFO     ✓ [ 74/132] inss_ptd_2025_2027_anexo_de_entregas-assinado-copi   110.8KB
06:43:29 INFO     ✓ [ 75/132] iphan_ptd_docdiretivo_assinado_2025_2026_assinado_   885.7KB
06:43:32 INFO     ✓ [ 76/132] iphan_ptd_anexo_de_entregas_assinado_v1_assinado_a   310.9KB
06:43:40 INFO     ✓ [ 77/132] iti_doc_diretivo_assinado-1_tarjado.pdf             4905.1KB
06:43:42 INFO     ✓ [ 78/132] iti_anexo_de_entregas_assinado.pdf                   556.4KB
06:43:46 INFO     ✓ [ 79/132] mapa_ptd_2025_2027_docdiretivo_assinado-1_tarjado.  1740.9KB
06:43:49 INFO     ✓ [ 80/132] mapa_ptd_2025_2027_anexo_de_entregas_assinado-1.pd   261.9KB
06:43:56 INFO     ✓ [ 81/132] documento-diretivo-mcom-_-ptd-25_27-copia_tarjada.  4451.9KB
06:44:00 INFO     ✓ [ 82/132] anexo-de-entregas-mcom_ptd-25_27-copia_tarjada.pdf  1213.8KB
06:44:06 INFO     ✓ [ 83/132] ptd_21_24_mcom-copia_tarjada.pdf                    3040.7KB
06:44:09 INFO     ✓ [ 84/132] mcti_ptd_2025-2027_docdiretivo_assinado-copia_tarj  1030.7KB
06:44:11 INFO     ✓ [ 85/132] mcti_ptd_2025-2027_anexo-de-entregas_assinado-copi   145.8KB
06:44:13 INFO     ✓ [ 86/132] mda-anexo-entregas-assinado_ptd-2025-2027-copia-ta   284.6KB
06:44:17 INFO     ✓ [ 87/132] mdhc_ptd_2025_2027_docdiretivo_assinado_assinado_a   753.4KB
06:44:19 INFO     ✓ [ 88/132] mdhc_ptd_2025_2027_anexoentregas_assinado_assinado   186.8KB
06:44:21 INFO     ✓ [ 89/132] mdic_ptd_anexo_de_entregas_assinado_v1_assinado_as   176.6KB
06:44:25 INFO     ✓ [ 90/132] memp_ptd_2025_2026_docdiretivo_assinado_assinado_a  1030.1KB
06:44:27 INFO     ✓ [ 91/132] memp_ptd_2025_2026_anexo_de_entregas_assinado_assi   161.5KB
06:44:31 INFO     ✓ [ 92/132] mesp_ptd_2025_2027_docdiretivo_assinado_assinado_2  1147.7KB
06:44:33 INFO     ✓ [ 93/132] mesp_ptd_2025_2027_anexo_de_entregas_assinado_assi   226.6KB
06:44:37 INFO     ✓ [ 94/132] mf_ptd_2026_2027_documentodiretivo_assinado_assina   955.1KB
06:44:39 INFO     ✓ [ 95/132] mf_ptd_2026_2027_anexo_de_entregas_1_mf_se_assinad   241.2KB
06:44:42 INFO     ✓ [ 96/132] mgi_ptd_2025_2027_docdiretivo_assinado_assinado_as   375.2KB
06:44:44 INFO     ✓ [ 97/132] mgi_ptd_2025_2027_anexo_de_entregas_assinado_assin   256.1KB
06:44:48 INFO     ✓ [ 98/132] minc_ptd_2025_2027_docdiretivo_assinado-1_assinado   863.6KB
06:44:50 INFO     ✓ [ 99/132] minc_ptd_2025_2027_anexo_de_entregas_assinado-1_as   276.7KB
06:44:53 INFO     ✓ [100/132] mjsp_ptd_docdiretivo_assinado_2025_2026_assinado_a   954.0KB
06:44:56 INFO     ✓ [101/132] mjsp_ptd_anexo_de_entregas_assinado_v1_assinado_as   253.9KB
06:44:59 INFO     ✓ [102/132] mme_ptd_2025_2027_docdiretivo_assinado-copia_tarja   664.5KB
06:45:01 INFO     ✓ [103/132] mme_ptd_2025_2027_anexo_de_entregas_assinado__1_-c   111.1KB
06:45:05 INFO     ✓ [104/132] mmulheres_ptd_2025_2027_docdiretivo_assinado_assin  1078.3KB
06:45:07 INFO     ✓ [105/132] mmulheres_ptd_2025_2027_anexo_de_entregas_assinado   216.9KB
06:45:10 INFO     ✓ [106/132] mpi_ptd_2025_2027_docdiretivo_ministerio_dos_povos   947.9KB
06:45:13 INFO     ✓ [107/132] mpi_ptd_anexo_de_entregas_do_plano_de_tranformacao   191.9KB
06:45:16 INFO     ✓ [108/132] mpo_ptd_docdiretivo_assinado_2025_2026_assinado_as   806.3KB
06:45:18 INFO     ✓ [109/132] mpo_ptd_anexo_de_entregas_assinado_v1_assinado_ass   323.2KB
06:45:21 INFO     ✓ [110/132] mpor_ptd_2025_2027_docdiretivo_assinado_assinado_a   876.5KB
06:45:24 INFO     ✓ [111/132] mpor_ptd_2025_2027_anexo_de_entregas_assinado_assi   175.1KB
06:45:27 INFO     ✓ [112/132] mps_ptd_2025-2026_docdiretivo_final_assinado-1_ass  1024.4KB
06:45:29 INFO     ✓ [113/132] mps_ptd_2025-2026_anexo_de_entregas_final_assinado   165.0KB
06:45:32 INFO     ✓ [114/132] mre_ptd_docdiretivo_assinado_2025_2026_assinado_as   760.9KB
06:45:35 INFO     ✓ [115/132] mre_ptd_anexo_de_entregas_assinado_v1_assinado_ass   233.2KB
06:45:38 INFO     ✓ [116/132] mte_ptd_2025_2026_docdiretivo_assinado_assinado_as   729.6KB
06:45:40 INFO     ✓ [117/132] mte_ptd_anexo_de_entregas_assinado_v1__281_29_assi   459.5KB
06:45:44 INFO     ✓ [118/132] mtur_ptd_docdiretiv_assinado_30_01_2025_assinado_a  1050.4KB
06:45:46 INFO     ✓ [119/132] mtur_ptd_anexo_de_entregas_assinado_30_01_2025_ass   118.8KB
06:45:49 INFO     ✓ [120/132] pf_ptd_docdiretivo_2025_2027_assinado-copia_tarjad   964.3KB
06:45:51 INFO     ✓ [121/132] pf_ptd_anexo_de_entregas_2025_2027_assinado-copia_    62.5KB
06:45:54 INFO     ✓ [122/132] mf_ptd_2026_2027_anexo_de_entregas_4_mf_pgfn_assin   466.8KB
06:46:04 INFO     ✓ [123/132] previc_plano_de_transformacao_digital_2025_2026_29  6652.7KB
06:46:07 INFO     ✓ [124/132] previc_ptd_repactuacao_2025-2026_assinado_assinado   182.9KB
06:46:09 INFO     ✓ [125/132] prf_documentodiretivo_ptd_2026-2027_assinado_tarja   535.9KB
06:46:12 INFO     ✓ [126/132] prf_anexo_de_entregas_do_ptd__2026_2027___ptd___en   157.7KB
06:46:14 INFO     ✓ [127/132] mf_ptd_2026_2027_anexo_de_entregas_2_mf_rfb_assina   253.7KB
06:46:17 INFO     ✓ [128/132] sgpr_ptd_2026_2027_docdiretivo_assinado-copia_tarj   791.2KB
06:46:20 INFO     ✓ [129/132] sgpr_ptd_2025_2027_anexo_de_entregas_assinado-copi   897.9KB
06:46:23 INFO     ✓ [130/132] mf_ptd_2026_2027_anexo_de_entregas_3_mf_stn_assina   467.8KB
06:46:26 INFO     ✓ [131/132] susep_ptd_2025_2027_docdiretivo-assinado-copia_tar  1030.1KB
06:46:29 INFO     ✓ [132/132] susep_ptd_2025-2026_anexo_de_entregas_final_assina   221.9KB
06:46:30 INFO     132 OK | 0 erros | 123.3 MB total
06:46:36 INFO     Sanity: 132 PDFs | 113 texto | 19 imagem/OCR | 0 duplicatas
06:46:36 INFO     --siglas (debug): 15 PDFs de ['AGU', 'FIOCRUZ', 'FUNAI', 'FUNDACENTRO', 'INCRA', 'ITI', 'MCOM', 'SGPR']
06:46:36 INFO     DocumentConverter instanciado (singleton × 2: plain + OCR)
06:46:36 INFO     [1/15] → agu_ptd_2025_2027_anexo_de_entregas_assinado_assinado_assinado-copia_tarjada.pdf
06:46:36 INFO     detected formats: [<InputFormat.PDF: 'pdf'>]
06:46:36 INFO     Going to convert document batch...
06:46:36 INFO     Initializing pipeline for StandardPdfPipeline with options hash bc6794697da537796efc497178f9263f
06:46:36 INFO     Loading plugin 'docling_defaults'
06:46:36 INFO     Registered picture descriptions: ['picture_description_vlm_engine', 'vlm', 'api']
06:46:36 INFO     Loading plugin 'docling_defaults'
06:46:36 INFO     Registered ocr engines: ['auto', 'easyocr', 'kserve_v2_ocr', 'ocrmac', 'rapidocr', 'tesserocr', 'tesseract']
06:46:36 INFO     command: tesseract --list-langs
06:46:36 INFO     Loading plugin 'docling_defaults'
06:46:36 INFO     Registered layout engines: ['layout_object_detection', 'docling_layout_default', 'docling_experimental_table_crops_layout']
06:46:36 INFO     Accelerator device: 'cpu'
06:46:36 INFO     HTTP Request: GET https://huggingface.co/api/models/docling-project/docling-layout-heron/revision/main "HTTP/1.1 200 OK"
06:46:36 INFO     HTTP Request: HEAD https://huggingface.co/docling-project/docling-layout-heron/resolve/8f39ad3c0b4c58e9c2d2c84a38465abf757272d8/.gitattributes "HTTP/1.1 307 Temporary Redirect"
06:46:36 WARNING  Warning: You are sending unauthenticated requests to the HF Hub. Please set a HF_TOKEN to enable higher rate limits and faster downloads.
06:46:36 INFO     HTTP Request: HEAD https://huggingface.co/api/resolve-cache/models/docling-project/docling-layout-heron/8f39ad3c0b4c58e9c2d2c84a38465abf757272d8/.gitattributes "HTTP/1.1 200 OK"
06:46:36 INFO     HTTP Request: HEAD https://huggingface.co/docling-project/docling-layout-heron/resolve/8f39ad3c0b4c58e9c2d2c84a38465abf757272d8/config.json "HTTP/1.1 307 Temporary Redirect"
06:46:36 INFO     HTTP Request: GET https://huggingface.co/api/resolve-cache/models/docling-project/docling-layout-heron/8f39ad3c0b4c58e9c2d2c84a38465abf757272d8/.gitattributes "HTTP/1.1 200 OK"
06:46:36 INFO     HTTP Request: HEAD https://huggingface.co/docling-project/docling-layout-heron/resolve/8f39ad3c0b4c58e9c2d2c84a38465abf757272d8/README.md "HTTP/1.1 307 Temporary Redirect"
06:46:36 INFO     HTTP Request: HEAD https://huggingface.co/docling-project/docling-layout-heron/resolve/8f39ad3c0b4c58e9c2d2c84a38465abf757272d8/preprocessor_config.json "HTTP/1.1 307 Temporary Redirect"
06:46:36 INFO     HTTP Request: HEAD https://huggingface.co/docling-project/docling-layout-heron/resolve/8f39ad3c0b4c58e9c2d2c84a38465abf757272d8/docling_heron_400.png "HTTP/1.1 307 Temporary Redirect"
06:46:36 INFO     HTTP Request: HEAD https://huggingface.co/docling-project/docling-layout-heron/resolve/8f39ad3c0b4c58e9c2d2c84a38465abf757272d8/model.safetensors "HTTP/1.1 302 Found"
06:46:36 INFO     HTTP Request: HEAD https://huggingface.co/api/resolve-cache/models/docling-project/docling-layout-heron/8f39ad3c0b4c58e9c2d2c84a38465abf757272d8/config.json "HTTP/1.1 200 OK"
06:46:36 INFO     HTTP Request: HEAD https://huggingface.co/api/resolve-cache/models/docling-project/docling-layout-heron/8f39ad3c0b4c58e9c2d2c84a38465abf757272d8/README.md "HTTP/1.1 200 OK"
06:46:36 INFO     HTTP Request: HEAD https://huggingface.co/api/resolve-cache/models/docling-project/docling-layout-heron/8f39ad3c0b4c58e9c2d2c84a38465abf757272d8/preprocessor_config.json "HTTP/1.1 200 OK"
06:46:36 INFO     HTTP Request: HEAD https://huggingface.co/api/resolve-cache/models/docling-project/docling-layout-heron/8f39ad3c0b4c58e9c2d2c84a38465abf757272d8/docling_heron_400.png "HTTP/1.1 200 OK"
06:46:36 INFO     HTTP Request: GET https://huggingface.co/api/resolve-cache/models/docling-project/docling-layout-heron/8f39ad3c0b4c58e9c2d2c84a38465abf757272d8/config.json "HTTP/1.1 200 OK"
06:46:36 INFO     HTTP Request: GET https://huggingface.co/api/models/docling-project/docling-layout-heron/xet-read-token/8f39ad3c0b4c58e9c2d2c84a38465abf757272d8 "HTTP/1.1 200 OK"
06:46:36 INFO     HTTP Request: GET https://huggingface.co/api/resolve-cache/models/docling-project/docling-layout-heron/8f39ad3c0b4c58e9c2d2c84a38465abf757272d8/preprocessor_config.json "HTTP/1.1 200 OK"
06:46:36 INFO     HTTP Request: GET https://huggingface.co/api/resolve-cache/models/docling-project/docling-layout-heron/8f39ad3c0b4c58e9c2d2c84a38465abf757272d8/docling_heron_400.png "HTTP/1.1 200 OK"
06:46:36 INFO     HTTP Request: GET https://huggingface.co/api/resolve-cache/models/docling-project/docling-layout-heron/8f39ad3c0b4c58e9c2d2c84a38465abf757272d8/README.md "HTTP/1.1 200 OK"
06:46:38 INFO     Loading plugin 'docling_defaults'
06:46:38 INFO     Registered table structure engines: ['docling_tableformer', 'docling_tableformer_v2']
06:46:38 INFO     HTTP Request: GET https://huggingface.co/api/models/docling-project/docling-models/revision/v2.3.0 "HTTP/1.1 200 OK"
06:46:38 INFO     HTTP Request: HEAD https://huggingface.co/docling-project/docling-models/resolve/fc0f2d45e2218ea24bce5045f58a389aed16dc23/.gitattributes "HTTP/1.1 307 Temporary Redirect"
06:46:38 INFO     HTTP Request: HEAD https://huggingface.co/docling-project/docling-models/resolve/fc0f2d45e2218ea24bce5045f58a389aed16dc23/.gitignore "HTTP/1.1 307 Temporary Redirect"
06:46:38 INFO     HTTP Request: HEAD https://huggingface.co/docling-project/docling-models/resolve/fc0f2d45e2218ea24bce5045f58a389aed16dc23/config.json "HTTP/1.1 307 Temporary Redirect"
06:46:38 INFO     HTTP Request: HEAD https://huggingface.co/docling-project/docling-models/resolve/fc0f2d45e2218ea24bce5045f58a389aed16dc23/model_artifacts/tableformer/accurate/tableformer_accurate.safetensors "HTTP/1.1 302 Found"
06:46:38 INFO     HTTP Request: HEAD https://huggingface.co/docling-project/docling-models/resolve/fc0f2d45e2218ea24bce5045f58a389aed16dc23/model_artifacts/tableformer/accurate/tm_config.json "HTTP/1.1 307 Temporary Redirect"
06:46:38 INFO     HTTP Request: HEAD https://huggingface.co/api/resolve-cache/models/docling-project/docling-models/fc0f2d45e2218ea24bce5045f58a389aed16dc23/.gitattributes "HTTP/1.1 200 OK"
06:46:38 INFO     HTTP Request: HEAD https://huggingface.co/api/resolve-cache/models/docling-project/docling-models/fc0f2d45e2218ea24bce5045f58a389aed16dc23/.gitignore "HTTP/1.1 200 OK"
06:46:38 INFO     HTTP Request: HEAD https://huggingface.co/api/resolve-cache/models/docling-project/docling-models/fc0f2d45e2218ea24bce5045f58a389aed16dc23/config.json "HTTP/1.1 200 OK"
06:46:38 INFO     HTTP Request: HEAD https://huggingface.co/api/resolve-cache/models/docling-project/docling-models/fc0f2d45e2218ea24bce5045f58a389aed16dc23/model_artifacts%2Ftableformer%2Faccurate%2Ftm_config.json "HTTP/1.1 200 OK"
06:46:38 INFO     HTTP Request: HEAD https://huggingface.co/docling-project/docling-models/resolve/fc0f2d45e2218ea24bce5045f58a389aed16dc23/README.md "HTTP/1.1 307 Temporary Redirect"
06:46:38 INFO     HTTP Request: GET https://huggingface.co/api/resolve-cache/models/docling-project/docling-models/fc0f2d45e2218ea24bce5045f58a389aed16dc23/.gitattributes "HTTP/1.1 200 OK"
06:46:38 INFO     HTTP Request: HEAD https://huggingface.co/docling-project/docling-models/resolve/fc0f2d45e2218ea24bce5045f58a389aed16dc23/model_artifacts/tableformer/fast/tableformer_fast.safetensors "HTTP/1.1 302 Found"
06:46:38 INFO     HTTP Request: GET https://huggingface.co/api/resolve-cache/models/docling-project/docling-models/fc0f2d45e2218ea24bce5045f58a389aed16dc23/.gitignore "HTTP/1.1 200 OK"
06:46:38 INFO     HTTP Request: GET https://huggingface.co/api/models/docling-project/docling-models/xet-read-token/fc0f2d45e2218ea24bce5045f58a389aed16dc23 "HTTP/1.1 200 OK"
06:46:38 INFO     HTTP Request: GET https://huggingface.co/api/resolve-cache/models/docling-project/docling-models/fc0f2d45e2218ea24bce5045f58a389aed16dc23/config.json "HTTP/1.1 200 OK"
06:46:38 INFO     HTTP Request: GET https://huggingface.co/api/resolve-cache/models/docling-project/docling-models/fc0f2d45e2218ea24bce5045f58a389aed16dc23/model_artifacts%2Ftableformer%2Faccurate%2Ftm_config.json "HTTP/1.1 200 OK"
06:46:38 INFO     HTTP Request: HEAD https://huggingface.co/api/resolve-cache/models/docling-project/docling-models/fc0f2d45e2218ea24bce5045f58a389aed16dc23/README.md "HTTP/1.1 200 OK"
06:46:38 INFO     HTTP Request: HEAD https://huggingface.co/docling-project/docling-models/resolve/fc0f2d45e2218ea24bce5045f58a389aed16dc23/model_artifacts/tableformer/fast/tm_config.json "HTTP/1.1 307 Temporary Redirect"
06:46:38 INFO     HTTP Request: GET https://huggingface.co/api/models/docling-project/docling-models/xet-read-token/fc0f2d45e2218ea24bce5045f58a389aed16dc23 "HTTP/1.1 200 OK"
06:46:38 INFO     HTTP Request: GET https://huggingface.co/api/resolve-cache/models/docling-project/docling-models/fc0f2d45e2218ea24bce5045f58a389aed16dc23/README.md "HTTP/1.1 200 OK"
06:46:38 INFO     HTTP Request: HEAD https://huggingface.co/api/resolve-cache/models/docling-project/docling-models/fc0f2d45e2218ea24bce5045f58a389aed16dc23/model_artifacts%2Ftableformer%2Ffast%2Ftm_config.json "HTTP/1.1 200 OK"
06:46:38 INFO     HTTP Request: GET https://huggingface.co/api/resolve-cache/models/docling-project/docling-models/fc0f2d45e2218ea24bce5045f58a389aed16dc23/model_artifacts%2Ftableformer%2Ffast%2Ftm_config.json "HTTP/1.1 200 OK"
06:46:40 INFO     Accelerator device: 'cpu'
06:46:41 INFO     Processing document agu_ptd_2025_2027_anexo_de_entregas_assinado_assinado_assinado-copia_tarjada.pdf
06:46:41 INFO     command: tesseract --psm 0 -l osd /tmp/tmpmmyix0dg.png stdout
06:46:42 INFO     command: tesseract -l por /tmp/tmpmmyix0dg.png stdout tsv
06:46:45 INFO     command: tesseract --psm 0 -l osd /tmp/tmp3yf9o_h0.png stdout
06:46:46 INFO     command: tesseract -l por /tmp/tmp3yf9o_h0.png stdout tsv
06:47:03 INFO     Finished converting document agu_ptd_2025_2027_anexo_de_entregas_assinado_assinado_assinado-copia_tarjada.pdf in 27.06 sec.
06:47:03 INFO       pixel_budget (Docling) agu_ptd_2025_2027_anexo_de_entregas_assinado_assinado_assinado-copia_tarjada.pdf: 45.8% (área tabelas/1001817 px²)
06:47:03 INFO     [1/15] ✓ AGU       :   33 entregas | 27.1s | ETA ~6min
06:47:03 INFO     [2/15] → agu_ptd_2025_2027_docdiretivo_assinado_assinado_assinado-copia_tarjada.pdf
06:47:03 INFO     detected formats: [<InputFormat.PDF: 'pdf'>]
06:47:03 INFO     Going to convert document batch...
06:47:03 INFO     Processing document agu_ptd_2025_2027_docdiretivo_assinado_assinado_assinado-copia_tarjada.pdf
06:47:04 INFO     command: tesseract --psm 0 -l osd /tmp/tmp2bre6nbf.png stdout
06:47:04 INFO     command: tesseract -l por /tmp/tmp2bre6nbf.png stdout tsv
06:47:06 INFO     command: tesseract --psm 0 -l osd /tmp/tmpy5voc5l3.png stdout
06:47:07 INFO     command: tesseract -l por /tmp/tmpy5voc5l3.png stdout tsv
06:47:11 INFO     command: tesseract --psm 0 -l osd /tmp/tmp655wdwaa.png stdout
06:47:12 INFO     command: tesseract -l por /tmp/tmp655wdwaa.png stdout tsv
06:47:14 INFO     command: tesseract --psm 0 -l osd /tmp/tmp_p4zsxg9.png stdout
06:47:15 INFO     command: tesseract -l por /tmp/tmp_p4zsxg9.png stdout tsv
06:47:17 INFO     command: tesseract --psm 0 -l osd /tmp/tmpayhxxxvc.png stdout
06:47:18 INFO     command: tesseract -l por /tmp/tmpayhxxxvc.png stdout tsv
06:47:20 INFO     command: tesseract --psm 0 -l osd /tmp/tmpb74uujua.png stdout
06:47:21 INFO     command: tesseract -l por /tmp/tmpb74uujua.png stdout tsv
06:47:31 INFO     command: tesseract --psm 0 -l osd /tmp/tmp5pn_olr5.png stdout
06:47:32 INFO     command: tesseract -l por /tmp/tmp5pn_olr5.png stdout tsv
06:47:34 INFO     command: tesseract --psm 0 -l osd /tmp/tmp9g0q1gsx.png stdout
06:47:35 INFO     command: tesseract -l por /tmp/tmp9g0q1gsx.png stdout tsv
06:47:37 INFO     command: tesseract --psm 0 -l osd /tmp/tmph6374p8a.png stdout
06:47:38 INFO     command: tesseract -l por /tmp/tmph6374p8a.png stdout tsv
06:47:40 INFO     command: tesseract --psm 0 -l osd /tmp/tmp2a1gce7n.png stdout
06:47:41 INFO     command: tesseract -l por /tmp/tmp2a1gce7n.png stdout tsv
06:47:58 INFO     command: tesseract --psm 0 -l osd /tmp/tmpe77ki4av.png stdout
06:47:59 INFO     command: tesseract -l por /tmp/tmpe77ki4av.png stdout tsv
06:48:02 INFO     Finished converting document agu_ptd_2025_2027_docdiretivo_assinado_assinado_assinado-copia_tarjada.pdf in 58.80 sec.
06:48:02 INFO       pixel_budget (Docling) agu_ptd_2025_2027_docdiretivo_assinado_assinado_assinado-copia_tarjada.pdf: 2.1% (área tabelas/5513330 px²)
06:48:02 INFO     [2/15] ✓ AGU       :    6 entregas | 58.8s | ETA ~9min
06:48:02 INFO     [3/15] → anexo-de-entregas-mcom_ptd-25_27-copia_tarjada.pdf
06:48:02 INFO     detected formats: [<InputFormat.PDF: 'pdf'>]
06:48:02 INFO     Going to convert document batch...
06:48:02 INFO     Processing document anexo-de-entregas-mcom_ptd-25_27-copia_tarjada.pdf
06:48:03 INFO     command: tesseract --psm 0 -l osd /tmp/tmpjb45egkr.png stdout
06:48:04 INFO     command: tesseract -l por /tmp/tmpjb45egkr.png stdout tsv
06:48:06 INFO     command: tesseract --psm 0 -l osd /tmp/tmpwbp5qjdp.png stdout
06:48:08 INFO     command: tesseract -l por /tmp/tmpwbp5qjdp.png stdout tsv
06:48:20 INFO     command: tesseract --psm 0 -l osd /tmp/tmprqes4535.png stdout
06:48:21 INFO     command: tesseract -l por /tmp/tmprqes4535.png stdout tsv
06:48:41 INFO     Finished converting document anexo-de-entregas-mcom_ptd-25_27-copia_tarjada.pdf in 39.12 sec.
06:48:41 INFO       pixel_budget (Docling) anexo-de-entregas-mcom_ptd-25_27-copia_tarjada.pdf: 55.2% (área tabelas/1503636 px²)
06:48:41 INFO     [3/15] ✓ MCOM      :   55 entregas | 39.1s | ETA ~8min
06:48:41 INFO     [4/15] → documento-diretivo-mcom-_-ptd-25_27-copia_tarjada.pdf
06:48:41 INFO     detected formats: [<InputFormat.PDF: 'pdf'>]
06:48:41 INFO     Going to convert document batch...
06:48:41 INFO     Processing document documento-diretivo-mcom-_-ptd-25_27-copia_tarjada.pdf
06:48:42 INFO     command: tesseract --psm 0 -l osd /tmp/tmpx_94tjqs.png stdout
06:48:42 INFO     command: tesseract -l por /tmp/tmpx_94tjqs.png stdout tsv
06:48:44 INFO     command: tesseract --psm 0 -l osd /tmp/tmp_3qioz1f.png stdout
06:48:46 INFO     command: tesseract -l por /tmp/tmp_3qioz1f.png stdout tsv
06:48:52 INFO     command: tesseract --psm 0 -l osd /tmp/tmpipzkbtqg.png stdout
06:48:52 INFO     command: tesseract -l por /tmp/tmpipzkbtqg.png stdout tsv
06:48:53 INFO     command: tesseract --psm 0 -l osd /tmp/tmp61uiq0nh.png stdout
06:48:54 INFO     command: tesseract -l por /tmp/tmp61uiq0nh.png stdout tsv
06:48:56 INFO     command: tesseract --psm 0 -l osd /tmp/tmpipi3nmy3.png stdout
06:48:57 INFO     command: tesseract -l por /tmp/tmpipi3nmy3.png stdout tsv
06:48:59 INFO     command: tesseract --psm 0 -l osd /tmp/tmp3ahjwupa.png stdout
06:49:01 INFO     command: tesseract -l por /tmp/tmp3ahjwupa.png stdout tsv
06:49:14 INFO     command: tesseract --psm 0 -l osd /tmp/tmpgfxnx3wy.png stdout
06:49:15 INFO     command: tesseract -l por /tmp/tmpgfxnx3wy.png stdout tsv
06:49:18 INFO     command: tesseract --psm 0 -l osd /tmp/tmp122uwa5e.png stdout
06:49:18 INFO     command: tesseract -l por /tmp/tmp122uwa5e.png stdout tsv
06:49:21 INFO     command: tesseract --psm 0 -l osd /tmp/tmpfe574tww.png stdout
06:49:22 INFO     command: tesseract -l por /tmp/tmpfe574tww.png stdout tsv
06:49:23 INFO     command: tesseract --psm 0 -l osd /tmp/tmpcqueh9ru.png stdout
06:49:25 INFO     command: tesseract -l por /tmp/tmpcqueh9ru.png stdout tsv
06:49:29 INFO     command: tesseract --psm 0 -l osd /tmp/tmpqoij9m6r.png stdout
06:49:30 INFO     command: tesseract -l por /tmp/tmpqoij9m6r.png stdout tsv
06:49:37 INFO     command: tesseract --psm 0 -l osd /tmp/tmp3xjam0bq.png stdout
06:49:38 INFO     command: tesseract -l por /tmp/tmp3xjam0bq.png stdout tsv
06:49:40 INFO     command: tesseract --psm 0 -l osd /tmp/tmp0rh5cv12.png stdout
06:49:41 INFO     command: tesseract -l por /tmp/tmp0rh5cv12.png stdout tsv
06:49:43 INFO     command: tesseract --psm 0 -l osd /tmp/tmpetzhv3cf.png stdout
06:49:43 INFO     command: tesseract -l por /tmp/tmpetzhv3cf.png stdout tsv
06:49:49 INFO     Finished converting document documento-diretivo-mcom-_-ptd-25_27-copia_tarjada.pdf in 68.34 sec.
06:49:49 INFO       pixel_budget (Docling) documento-diretivo-mcom-_-ptd-25_27-copia_tarjada.pdf: 10.8% (área tabelas/7016966 px²)
06:49:49 WARNING  [4/15] ⚠ MCOM      :    0 entregas | 68.4s | ETA ~8min
06:49:49 INFO     [5/15] → fiocruz-ptd-06_2024-copia_tarjada.pdf
06:49:49 INFO     detected formats: [<InputFormat.PDF: 'pdf'>]
06:49:49 INFO     Going to convert document batch...
06:49:49 INFO     Initializing pipeline for StandardPdfPipeline with options hash d18651824ca6fe56cf3ccb20424ac2c8
06:49:49 INFO     Accelerator device: 'cpu'
06:49:50 INFO     HTTP Request: GET https://huggingface.co/api/models/docling-project/docling-layout-heron/revision/main "HTTP/1.1 200 OK"
06:49:51 INFO     HTTP Request: GET https://huggingface.co/api/models/docling-project/docling-models/revision/v2.3.0 "HTTP/1.1 200 OK"
06:49:51 INFO     Accelerator device: 'cpu'
06:49:51 INFO     Processing document fiocruz-ptd-06_2024-copia_tarjada.pdf
06:51:00 INFO     Finished converting document fiocruz-ptd-06_2024-copia_tarjada.pdf in 70.28 sec.
06:51:00 INFO       pixel_budget (Docling) fiocruz-ptd-06_2024-copia_tarjada.pdf: 36.4% (área tabelas/7518178 px²)
06:51:00 WARNING  [5/15] ⚠ FIOCRUZ   :    0 entregas | 70.3s | ETA ~8min
06:51:00 INFO     [6/15] → fiocruz_novo-ptd_2-1_docdiretivo_repactuacao_2024-2026_assinado_assinado-copia_tarjada.pdf
06:51:00 INFO     detected formats: [<InputFormat.PDF: 'pdf'>]
06:51:00 INFO     Going to convert document batch...
06:51:00 INFO     Processing document fiocruz_novo-ptd_2-1_docdiretivo_repactuacao_2024-2026_assinado_assinado-copia_tarjada.pdf
06:51:18 INFO     Finished converting document fiocruz_novo-ptd_2-1_docdiretivo_repactuacao_2024-2026_assinado_assinado-copia_tarjada.pdf in 18.22 sec.
06:51:18 INFO       pixel_budget (Docling) fiocruz_novo-ptd_2-1_docdiretivo_repactuacao_2024-2026_assinado_assinado-copia_tarjada.pdf: 11.3% (área tabelas/5012118 px²)
06:51:18 WARNING  [6/15] ⚠ FIOCRUZ   :    0 entregas | 18.2s | ETA ~7min
06:51:18 INFO     [7/15] → fiocruz_ptd_anexo_de_entregas_assinado_v1_assinado_assinado-1-copia_tarjada.pdf
06:51:18 INFO     detected formats: [<InputFormat.PDF: 'pdf'>]
06:51:18 INFO     Going to convert document batch...
06:51:18 INFO     Processing document fiocruz_ptd_anexo_de_entregas_assinado_v1_assinado_assinado-1-copia_tarjada.pdf
06:51:50 INFO     Finished converting document fiocruz_ptd_anexo_de_entregas_assinado_v1_assinado_assinado-1-copia_tarjada.pdf in 32.21 sec.
06:51:50 INFO       pixel_budget (Docling) fiocruz_ptd_anexo_de_entregas_assinado_v1_assinado_assinado-1-copia_tarjada.pdf: 54.7% (área tabelas/2004847 px²)
06:51:50 INFO     [7/15] ✓ FIOCRUZ   :   62 entregas | 32.2s | ETA ~5min
06:51:50 INFO     [8/15] → funai_anexo_de_entregas_repactuado_2026_2027_assinado_assinado_assinado.pdf
06:51:50 INFO     detected formats: [<InputFormat.PDF: 'pdf'>]
06:51:50 INFO     Going to convert document batch...
06:51:50 INFO     Processing document funai_anexo_de_entregas_repactuado_2026_2027_assinado_assinado_assinado.pdf
06:51:51 INFO     command: tesseract --psm 0 -l osd /tmp/tmpinn9fxun.png stdout
06:51:52 INFO     command: tesseract -l por /tmp/tmpinn9fxun.png stdout tsv
06:52:05 INFO     Finished converting document funai_anexo_de_entregas_repactuado_2026_2027_assinado_assinado_assinado.pdf in 15.12 sec.
06:52:05 INFO       pixel_budget (Docling) funai_anexo_de_entregas_repactuado_2026_2027_assinado_assinado_assinado.pdf: 49.8% (área tabelas/501212 px²)
06:52:05 INFO     [8/15] ✓ FUNAI     :   22 entregas | 15.1s | ETA ~4min
06:52:05 INFO     [9/15] → funai_ptd_2025_2027_docdiretivo_assinado-1_tarjado.pdf
06:52:05 INFO     detected formats: [<InputFormat.PDF: 'pdf'>]
06:52:05 INFO     Going to convert document batch...
06:52:05 INFO     Processing document funai_ptd_2025_2027_docdiretivo_assinado-1_tarjado.pdf
06:52:07 INFO     command: tesseract --psm 0 -l osd /tmp/tmpahjl2n81.png stdout
06:52:07 INFO     command: tesseract -l por /tmp/tmpahjl2n81.png stdout tsv
06:52:08 INFO     command: tesseract --psm 0 -l osd /tmp/tmpj3x7kqbe.png stdout
06:52:10 INFO     command: tesseract -l por /tmp/tmpj3x7kqbe.png stdout tsv
06:52:14 INFO     command: tesseract --psm 0 -l osd /tmp/tmpb7jhkz7x.png stdout
06:52:15 INFO     command: tesseract -l por /tmp/tmpb7jhkz7x.png stdout tsv
06:52:17 INFO     command: tesseract --psm 0 -l osd /tmp/tmpuxs9dk4g.png stdout
06:52:18 INFO     command: tesseract -l por /tmp/tmpuxs9dk4g.png stdout tsv
06:52:20 INFO     command: tesseract --psm 0 -l osd /tmp/tmpjwyftavf.png stdout
06:52:20 INFO     command: tesseract -l por /tmp/tmpjwyftavf.png stdout tsv
06:52:22 INFO     command: tesseract --psm 0 -l osd /tmp/tmpdgcu98rq.png stdout
06:52:24 INFO     command: tesseract -l por /tmp/tmpdgcu98rq.png stdout tsv
06:52:34 INFO     command: tesseract --psm 0 -l osd /tmp/tmplp5g8ead.png stdout
06:52:35 INFO     command: tesseract -l por /tmp/tmplp5g8ead.png stdout tsv
06:52:37 INFO     command: tesseract --psm 0 -l osd /tmp/tmp_u6x0rpz.png stdout
06:52:37 INFO     command: tesseract -l por /tmp/tmp_u6x0rpz.png stdout tsv
06:52:39 INFO     command: tesseract --psm 0 -l osd /tmp/tmpvxg_u48g.png stdout
06:52:39 INFO     command: tesseract -l por /tmp/tmpvxg_u48g.png stdout tsv
06:52:41 INFO     command: tesseract --psm 0 -l osd /tmp/tmpbhd2o025.png stdout
06:52:42 INFO     command: tesseract -l por /tmp/tmpbhd2o025.png stdout tsv
06:52:56 INFO     command: tesseract --psm 0 -l osd /tmp/tmpyobl_58r.png stdout
06:52:57 INFO     command: tesseract -l por /tmp/tmpyobl_58r.png stdout tsv
06:53:04 INFO     command: tesseract --psm 0 -l osd /tmp/tmpam29lgv7.png stdout
06:53:04 INFO     command: tesseract -l por /tmp/tmpam29lgv7.png stdout tsv
06:53:06 INFO     command: tesseract --psm 0 -l osd /tmp/tmpcmxipqgt.png stdout
06:53:07 INFO     command: tesseract -l por /tmp/tmpcmxipqgt.png stdout tsv
06:53:13 INFO     Finished converting document funai_ptd_2025_2027_docdiretivo_assinado-1_tarjado.pdf in 68.16 sec.
06:53:13 INFO       pixel_budget (Docling) funai_ptd_2025_2027_docdiretivo_assinado-1_tarjado.pdf: 16.4% (área tabelas/6515754 px²)
06:53:13 INFO     [9/15] ✓ FUNAI     :    8 entregas | 68.2s | ETA ~4min
06:53:13 INFO     [10/15] → incra_anexo_de_entregas_assinado-1_assinado_assinado-copia_tarjada.pdf
06:53:13 INFO     detected formats: [<InputFormat.PDF: 'pdf'>]
06:53:13 INFO     Going to convert document batch...
06:53:13 INFO     Processing document incra_anexo_de_entregas_assinado-1_assinado_assinado-copia_tarjada.pdf
06:53:14 INFO     command: tesseract --psm 0 -l osd /tmp/tmpmmyt09sn.png stdout
06:53:15 INFO     command: tesseract -l por /tmp/tmpmmyt09sn.png stdout tsv
06:53:18 INFO     command: tesseract --psm 0 -l osd /tmp/tmpsmonpeh0.png stdout
06:53:20 INFO     command: tesseract -l por /tmp/tmpsmonpeh0.png stdout tsv
06:53:29 INFO     command: tesseract --psm 0 -l osd /tmp/tmpremtu1y7.png stdout
06:53:30 INFO     command: tesseract -l por /tmp/tmpremtu1y7.png stdout tsv
06:53:31 INFO     command: tesseract --psm 0 -l osd /tmp/tmph7i3pf8v.png stdout
06:53:32 INFO     command: tesseract -l por /tmp/tmph7i3pf8v.png stdout tsv
06:53:35 INFO     command: tesseract --psm 0 -l osd /tmp/tmpd8mlf91b.png stdout
06:53:35 INFO     command: tesseract -l por /tmp/tmpd8mlf91b.png stdout tsv
06:55:11 INFO     Finished converting document incra_anexo_de_entregas_assinado-1_assinado_assinado-copia_tarjada.pdf in 117.51 sec.
06:55:11 INFO       pixel_budget (Docling) incra_anexo_de_entregas_assinado-1_assinado_assinado-copia_tarjada.pdf: 30.0% (área tabelas/2423520 px²)
06:55:11 INFO     [10/15] ✓ INCRA     :   11 entregas | 117.5s | ETA ~4min
06:55:11 INFO     [11/15] → incra_ptd_docdiretivo__assinado-1_assinado_assinado-copia_tarjada.pdf
06:55:11 INFO     detected formats: [<InputFormat.PDF: 'pdf'>]
06:55:11 INFO     Going to convert document batch...
06:55:11 INFO     Processing document incra_ptd_docdiretivo__assinado-1_assinado_assinado-copia_tarjada.pdf
06:55:12 INFO     command: tesseract --psm 0 -l osd /tmp/tmppv6h79vy.png stdout
06:55:13 INFO     command: tesseract -l por /tmp/tmppv6h79vy.png stdout tsv
06:55:15 INFO     command: tesseract --psm 0 -l osd /tmp/tmpfr96e4vj.png stdout
06:55:17 INFO     command: tesseract -l por /tmp/tmpfr96e4vj.png stdout tsv
06:55:22 INFO     command: tesseract --psm 0 -l osd /tmp/tmphv6or2w0.png stdout
06:55:23 INFO     command: tesseract -l por /tmp/tmphv6or2w0.png stdout tsv
06:55:25 INFO     command: tesseract --psm 0 -l osd /tmp/tmpgfze1hwa.png stdout
06:55:26 INFO     command: tesseract -l por /tmp/tmpgfze1hwa.png stdout tsv
06:55:27 INFO     command: tesseract --psm 0 -l osd /tmp/tmpqudviu4a.png stdout
06:55:28 INFO     command: tesseract -l por /tmp/tmpqudviu4a.png stdout tsv
06:55:30 INFO     command: tesseract --psm 0 -l osd /tmp/tmpduxfab21.png stdout
06:55:32 INFO     command: tesseract -l por /tmp/tmpduxfab21.png stdout tsv
06:55:47 INFO     command: tesseract --psm 0 -l osd /tmp/tmpubunrw0_.png stdout
06:55:48 INFO     command: tesseract -l por /tmp/tmpubunrw0_.png stdout tsv
06:55:49 INFO     command: tesseract --psm 0 -l osd /tmp/tmprwpiff4_.png stdout
06:55:50 INFO     command: tesseract -l por /tmp/tmprwpiff4_.png stdout tsv
06:55:51 INFO     command: tesseract --psm 0 -l osd /tmp/tmpf85twcv5.png stdout
06:55:52 INFO     command: tesseract -l por /tmp/tmpf85twcv5.png stdout tsv
06:55:54 INFO     command: tesseract --psm 0 -l osd /tmp/tmpo5cwsw2k.png stdout
06:55:55 INFO     command: tesseract -l por /tmp/tmpo5cwsw2k.png stdout tsv
06:55:59 INFO     command: tesseract --psm 0 -l osd /tmp/tmpflpxviz5.png stdout
06:56:00 INFO     command: tesseract -l por /tmp/tmpflpxviz5.png stdout tsv
06:56:10 INFO     command: tesseract --psm 0 -l osd /tmp/tmp7f0lygm1.png stdout
06:56:11 INFO     command: tesseract -l por /tmp/tmp7f0lygm1.png stdout tsv
06:56:14 INFO     command: tesseract --psm 0 -l osd /tmp/tmpt4hzztku.png stdout
06:56:14 INFO     command: tesseract -l por /tmp/tmpt4hzztku.png stdout tsv
06:56:22 INFO     Finished converting document incra_ptd_docdiretivo__assinado-1_assinado_assinado-copia_tarjada.pdf in 71.25 sec.
06:56:22 INFO       pixel_budget (Docling) incra_ptd_docdiretivo__assinado-1_assinado_assinado-copia_tarjada.pdf: 20.2% (área tabelas/6515754 px²)
06:56:22 INFO     [11/15] ✓ INCRA     :    9 entregas | 71.3s | ETA ~3min
06:56:22 INFO     [12/15] → iti_anexo_de_entregas_assinado.pdf
06:56:22 INFO     detected formats: [<InputFormat.PDF: 'pdf'>]
06:56:22 INFO     Going to convert document batch...
06:56:22 INFO     Processing document iti_anexo_de_entregas_assinado.pdf
06:56:23 INFO     command: tesseract --psm 0 -l osd /tmp/tmpnps8cxhn.png stdout
06:56:24 INFO     command: tesseract -l por /tmp/tmpnps8cxhn.png stdout tsv
06:56:40 INFO     Finished converting document iti_anexo_de_entregas_assinado.pdf in 17.55 sec.
06:56:40 INFO       pixel_budget (Docling) iti_anexo_de_entregas_assinado.pdf: 57.2% (área tabelas/501212 px²)
06:56:40 INFO     [12/15] ✓ ITI       :   31 entregas | 17.6s | ETA ~2min
06:56:40 INFO     [13/15] → iti_doc_diretivo_assinado-1_tarjado.pdf
06:56:40 INFO     detected formats: [<InputFormat.PDF: 'pdf'>]
06:56:40 INFO     Going to convert document batch...
06:56:40 INFO     Processing document iti_doc_diretivo_assinado-1_tarjado.pdf
06:56:41 INFO     command: tesseract --psm 0 -l osd /tmp/tmpfvsj5ok_.png stdout
06:56:41 INFO     command: tesseract -l por /tmp/tmpfvsj5ok_.png stdout tsv
06:56:44 INFO     command: tesseract --psm 0 -l osd /tmp/tmppy8xregf.png stdout
06:56:45 INFO     command: tesseract -l por /tmp/tmppy8xregf.png stdout tsv
06:56:49 INFO     command: tesseract --psm 0 -l osd /tmp/tmp90r42_kd.png stdout
06:56:50 INFO     command: tesseract -l por /tmp/tmp90r42_kd.png stdout tsv
06:56:52 INFO     command: tesseract --psm 0 -l osd /tmp/tmpw11z6upb.png stdout
06:56:52 INFO     command: tesseract -l por /tmp/tmpw11z6upb.png stdout tsv
06:56:54 INFO     command: tesseract --psm 0 -l osd /tmp/tmpgkntk0qn.png stdout
06:56:55 INFO     command: tesseract -l por /tmp/tmpgkntk0qn.png stdout tsv
06:56:57 INFO     command: tesseract --psm 0 -l osd /tmp/tmpi5hqa1lh.png stdout
06:56:58 INFO     command: tesseract -l por /tmp/tmpi5hqa1lh.png stdout tsv
06:57:08 INFO     command: tesseract --psm 0 -l osd /tmp/tmps2x6c_sc.png stdout
06:57:09 INFO     command: tesseract -l por /tmp/tmps2x6c_sc.png stdout tsv
06:57:12 INFO     command: tesseract --psm 0 -l osd /tmp/tmp_4zpy_dc.png stdout
06:57:13 INFO     command: tesseract -l por /tmp/tmp_4zpy_dc.png stdout tsv
06:57:15 INFO     command: tesseract --psm 0 -l osd /tmp/tmpb3g2xp5k.png stdout
06:57:16 INFO     command: tesseract -l por /tmp/tmpb3g2xp5k.png stdout tsv
06:57:18 INFO     command: tesseract --psm 0 -l osd /tmp/tmptfs6lec9.png stdout
06:57:19 INFO     command: tesseract -l por /tmp/tmptfs6lec9.png stdout tsv
06:57:27 INFO     command: tesseract --psm 0 -l osd /tmp/tmpg1_w0x70.png stdout
06:57:28 INFO     command: tesseract -l por /tmp/tmpg1_w0x70.png stdout tsv
06:57:35 INFO     Finished converting document iti_doc_diretivo_assinado-1_tarjado.pdf in 55.10 sec.
06:57:35 INFO       pixel_budget (Docling) iti_doc_diretivo_assinado-1_tarjado.pdf: 8.0% (área tabelas/5516339 px²)
06:57:35 INFO     [13/15] ✓ ITI       :    6 entregas | 55.1s | ETA ~1min
06:57:35 INFO     [14/15] → sgpr_ptd_2025_2027_anexo_de_entregas_assinado-copia_tarjada.pdf
06:57:35 INFO     detected formats: [<InputFormat.PDF: 'pdf'>]
06:57:35 INFO     Going to convert document batch...
06:57:35 INFO     Processing document sgpr_ptd_2025_2027_anexo_de_entregas_assinado-copia_tarjada.pdf
06:57:36 INFO     command: tesseract --psm 0 -l osd /tmp/tmpe7xu19hq.png stdout
06:57:37 INFO     command: tesseract -l por /tmp/tmpe7xu19hq.png stdout tsv
06:57:40 INFO     command: tesseract --psm 0 -l osd /tmp/tmphn67fcr8.png stdout
06:57:41 INFO     command: tesseract -l por /tmp/tmphn67fcr8.png stdout tsv
06:57:53 INFO     Finished converting document sgpr_ptd_2025_2027_anexo_de_entregas_assinado-copia_tarjada.pdf in 18.24 sec.
06:57:53 INFO       pixel_budget (Docling) sgpr_ptd_2025_2027_anexo_de_entregas_assinado-copia_tarjada.pdf: 29.5% (área tabelas/1002424 px²)
06:57:53 INFO     [14/15] ✓ SGPR      :   18 entregas | 18.2s | ETA ~48s
06:57:53 INFO     [15/15] → sgpr_ptd_2026_2027_docdiretivo_assinado-copia_tarjada.pdf
06:57:53 INFO     detected formats: [<InputFormat.PDF: 'pdf'>]
06:57:53 INFO     Going to convert document batch...
06:57:53 INFO     Processing document sgpr_ptd_2026_2027_docdiretivo_assinado-copia_tarjada.pdf
06:58:13 INFO     Finished converting document sgpr_ptd_2026_2027_docdiretivo_assinado-copia_tarjada.pdf in 20.00 sec.
06:58:13 INFO       pixel_budget (Docling) sgpr_ptd_2026_2027_docdiretivo_assinado-copia_tarjada.pdf: 8.2% (área tabelas/5513330 px²)
06:58:13 WARNING  [15/15] ⚠ SGPR      :    0 entregas | 20.0s | ETA ~0s
06:58:13 INFO     261 registros | 7 órgãos
06:58:13 INFO     ╔══════════════════════════════════════════════════════════════╗
06:58:13 INFO     ║                  ENTREGAS — fase concluída                   ║
06:58:13 INFO     ║  Processados: 15    |  ✓ 11  ⚠ 4                             ║
06:58:13 INFO     ║  Duração: 11.6 min                                           ║
06:58:13 INFO     ║  261 registros | 7 órgãos                                    ║
06:58:13 INFO     ╚══════════════════════════════════════════════════════════════╝
06:58:13 INFO     [1/7] → agu_ptd_2025_2027_docdiretivo_assinado_assinado_assinado-copia_tarjada.pdf
06:58:13 INFO     detected formats: [<InputFormat.PDF: 'pdf'>]
06:58:13 INFO     Going to convert document batch...
06:58:13 INFO     Processing document agu_ptd_2025_2027_docdiretivo_assinado_assinado_assinado-copia_tarjada.pdf
06:58:14 INFO     command: tesseract --psm 0 -l osd /tmp/tmphw27kxkw.png stdout
06:58:14 INFO     command: tesseract -l por /tmp/tmphw27kxkw.png stdout tsv
06:58:16 INFO     command: tesseract --psm 0 -l osd /tmp/tmpnyrfriuz.png stdout
06:58:17 INFO     command: tesseract -l por /tmp/tmpnyrfriuz.png stdout tsv
06:58:21 INFO     command: tesseract --psm 0 -l osd /tmp/tmpusejprsk.png stdout
06:58:22 INFO     command: tesseract -l por /tmp/tmpusejprsk.png stdout tsv
06:58:24 INFO     command: tesseract --psm 0 -l osd /tmp/tmph0i2bzyq.png stdout
06:58:25 INFO     command: tesseract -l por /tmp/tmph0i2bzyq.png stdout tsv
06:58:27 INFO     command: tesseract --psm 0 -l osd /tmp/tmp6e7wserj.png stdout
06:58:28 INFO     command: tesseract -l por /tmp/tmp6e7wserj.png stdout tsv
06:58:30 INFO     command: tesseract --psm 0 -l osd /tmp/tmp8d0h3nnl.png stdout
06:58:31 INFO     command: tesseract -l por /tmp/tmp8d0h3nnl.png stdout tsv
06:58:42 INFO     command: tesseract --psm 0 -l osd /tmp/tmp51i83oc2.png stdout
06:58:43 INFO     command: tesseract -l por /tmp/tmp51i83oc2.png stdout tsv
06:58:45 INFO     command: tesseract --psm 0 -l osd /tmp/tmpug_z4ja6.png stdout
06:58:46 INFO     command: tesseract -l por /tmp/tmpug_z4ja6.png stdout tsv
06:58:48 INFO     command: tesseract --psm 0 -l osd /tmp/tmpwgvb9102.png stdout
06:58:49 INFO     command: tesseract -l por /tmp/tmpwgvb9102.png stdout tsv
06:58:51 INFO     command: tesseract --psm 0 -l osd /tmp/tmpi1n7zk1w.png stdout
06:58:52 INFO     command: tesseract -l por /tmp/tmpi1n7zk1w.png stdout tsv
06:59:06 INFO     command: tesseract --psm 0 -l osd /tmp/tmpejt2nn1l.png stdout
06:59:07 INFO     command: tesseract -l por /tmp/tmpejt2nn1l.png stdout tsv
06:59:10 INFO     Finished converting document agu_ptd_2025_2027_docdiretivo_assinado_assinado_assinado-copia_tarjada.pdf in 57.06 sec.
06:59:10 INFO     [1/7] ✓ AGU       :   7 riscos | 57.1s | ETA ~5min
06:59:10 INFO     [2/7] → documento-diretivo-mcom-_-ptd-25_27-copia_tarjada.pdf
06:59:10 INFO     detected formats: [<InputFormat.PDF: 'pdf'>]
06:59:10 INFO     Going to convert document batch...
06:59:10 INFO     Processing document documento-diretivo-mcom-_-ptd-25_27-copia_tarjada.pdf
06:59:11 INFO     command: tesseract --psm 0 -l osd /tmp/tmppq979pmd.png stdout
06:59:11 INFO     command: tesseract -l por /tmp/tmppq979pmd.png stdout tsv
06:59:14 INFO     command: tesseract --psm 0 -l osd /tmp/tmpu9hs9rgo.png stdout
06:59:15 INFO     command: tesseract -l por /tmp/tmpu9hs9rgo.png stdout tsv
06:59:21 INFO     command: tesseract --psm 0 -l osd /tmp/tmpztqdadjo.png stdout
06:59:22 INFO     command: tesseract -l por /tmp/tmpztqdadjo.png stdout tsv
06:59:23 INFO     command: tesseract --psm 0 -l osd /tmp/tmptso1ua81.png stdout
06:59:24 INFO     command: tesseract -l por /tmp/tmptso1ua81.png stdout tsv
06:59:26 INFO     command: tesseract --psm 0 -l osd /tmp/tmpnyop5u4y.png stdout
06:59:27 INFO     command: tesseract -l por /tmp/tmpnyop5u4y.png stdout tsv
06:59:29 INFO     command: tesseract --psm 0 -l osd /tmp/tmpsra9u0iu.png stdout
06:59:31 INFO     command: tesseract -l por /tmp/tmpsra9u0iu.png stdout tsv
06:59:48 INFO     command: tesseract --psm 0 -l osd /tmp/tmpji3y4qh_.png stdout
06:59:48 INFO     command: tesseract -l por /tmp/tmpji3y4qh_.png stdout tsv
06:59:50 INFO     command: tesseract --psm 0 -l osd /tmp/tmpd8oylmda.png stdout
06:59:51 INFO     command: tesseract -l por /tmp/tmpd8oylmda.png stdout tsv
06:59:53 INFO     command: tesseract --psm 0 -l osd /tmp/tmpfyr5hbth.png stdout
06:59:54 INFO     command: tesseract -l por /tmp/tmpfyr5hbth.png stdout tsv
06:59:56 INFO     command: tesseract --psm 0 -l osd /tmp/tmpwlaarq54.png stdout
06:59:57 INFO     command: tesseract -l por /tmp/tmpwlaarq54.png stdout tsv
07:00:04 INFO     command: tesseract --psm 0 -l osd /tmp/tmpif1brgrp.png stdout
07:00:05 INFO     command: tesseract -l por /tmp/tmpif1brgrp.png stdout tsv
07:00:09 INFO     command: tesseract --psm 0 -l osd /tmp/tmpvg27m15e.png stdout
07:00:10 INFO     command: tesseract -l por /tmp/tmpvg27m15e.png stdout tsv
07:00:12 INFO     command: tesseract --psm 0 -l osd /tmp/tmpqi_tf93v.png stdout
07:00:13 INFO     command: tesseract -l por /tmp/tmpqi_tf93v.png stdout tsv
07:00:15 INFO     command: tesseract --psm 0 -l osd /tmp/tmpv84iuybp.png stdout
07:00:15 INFO     command: tesseract -l por /tmp/tmpv84iuybp.png stdout tsv
07:00:21 INFO     Finished converting document documento-diretivo-mcom-_-ptd-25_27-copia_tarjada.pdf in 71.27 sec.
07:00:21 INFO     [2/7] ✓ MCOM      :  14 riscos | 71.3s | ETA ~5min
07:00:21 INFO     [3/7] → fiocruz_novo-ptd_2-1_docdiretivo_repactuacao_2024-2026_assinado_assinado-copia_tarjada.pdf
07:00:21 INFO     detected formats: [<InputFormat.PDF: 'pdf'>]
07:00:21 INFO     Going to convert document batch...
07:00:21 INFO     Processing document fiocruz_novo-ptd_2-1_docdiretivo_repactuacao_2024-2026_assinado_assinado-copia_tarjada.pdf
07:00:40 INFO     Finished converting document fiocruz_novo-ptd_2-1_docdiretivo_repactuacao_2024-2026_assinado_assinado-copia_tarjada.pdf in 18.12 sec.
07:00:40 INFO     [3/7] ✓ FIOCRUZ   :   6 riscos | 18.1s | ETA ~3min
07:00:40 INFO     [4/7] → funai_ptd_2025_2027_docdiretivo_assinado-1_tarjado.pdf
07:00:40 INFO     detected formats: [<InputFormat.PDF: 'pdf'>]
07:00:40 INFO     Going to convert document batch...
07:00:40 INFO     Processing document funai_ptd_2025_2027_docdiretivo_assinado-1_tarjado.pdf
07:00:41 INFO     command: tesseract --psm 0 -l osd /tmp/tmp500cycn3.png stdout
07:00:42 INFO     command: tesseract -l por /tmp/tmp500cycn3.png stdout tsv
07:00:43 INFO     command: tesseract --psm 0 -l osd /tmp/tmplk97g65v.png stdout
07:00:44 INFO     command: tesseract -l por /tmp/tmplk97g65v.png stdout tsv
07:00:48 INFO     command: tesseract --psm 0 -l osd /tmp/tmpu6js5lkn.png stdout
07:00:49 INFO     command: tesseract -l por /tmp/tmpu6js5lkn.png stdout tsv
07:00:51 INFO     command: tesseract --psm 0 -l osd /tmp/tmplbv2j6ao.png stdout
07:00:51 INFO     command: tesseract -l por /tmp/tmplbv2j6ao.png stdout tsv
07:00:53 INFO     command: tesseract --psm 0 -l osd /tmp/tmp6ne9op7u.png stdout
07:00:54 INFO     command: tesseract -l por /tmp/tmp6ne9op7u.png stdout tsv
07:00:56 INFO     command: tesseract --psm 0 -l osd /tmp/tmp6k_vfl1e.png stdout
07:00:58 INFO     command: tesseract -l por /tmp/tmp6k_vfl1e.png stdout tsv
07:01:08 INFO     command: tesseract --psm 0 -l osd /tmp/tmpqj3wjidn.png stdout
07:01:09 INFO     command: tesseract -l por /tmp/tmpqj3wjidn.png stdout tsv
07:01:10 INFO     command: tesseract --psm 0 -l osd /tmp/tmp3bd5ekjo.png stdout
07:01:11 INFO     command: tesseract -l por /tmp/tmp3bd5ekjo.png stdout tsv
07:01:12 INFO     command: tesseract --psm 0 -l osd /tmp/tmpih4mqbs4.png stdout
07:01:13 INFO     command: tesseract -l por /tmp/tmpih4mqbs4.png stdout tsv
07:01:15 INFO     command: tesseract --psm 0 -l osd /tmp/tmprfnegbx_.png stdout
07:01:16 INFO     command: tesseract -l por /tmp/tmprfnegbx_.png stdout tsv
07:01:29 INFO     command: tesseract --psm 0 -l osd /tmp/tmpguujr28b.png stdout
07:01:30 INFO     command: tesseract -l por /tmp/tmpguujr28b.png stdout tsv
07:01:36 INFO     command: tesseract --psm 0 -l osd /tmp/tmpz8resbku.png stdout
07:01:37 INFO     command: tesseract -l por /tmp/tmpz8resbku.png stdout tsv
07:01:39 INFO     command: tesseract --psm 0 -l osd /tmp/tmpjb0wkxtb.png stdout
07:01:39 INFO     command: tesseract -l por /tmp/tmpjb0wkxtb.png stdout tsv
07:01:46 INFO     Finished converting document funai_ptd_2025_2027_docdiretivo_assinado-1_tarjado.pdf in 66.43 sec.
07:01:46 INFO     [4/7] ✓ FUNAI     :  15 riscos | 66.4s | ETA ~2min
07:01:46 INFO     [5/7] → incra_ptd_docdiretivo__assinado-1_assinado_assinado-copia_tarjada.pdf
07:01:46 INFO     detected formats: [<InputFormat.PDF: 'pdf'>]
07:01:46 INFO     Going to convert document batch...
07:01:46 INFO     Processing document incra_ptd_docdiretivo__assinado-1_assinado_assinado-copia_tarjada.pdf
07:01:47 INFO     command: tesseract --psm 0 -l osd /tmp/tmpfsx88o9o.png stdout
07:01:48 INFO     command: tesseract -l por /tmp/tmpfsx88o9o.png stdout tsv
07:01:50 INFO     command: tesseract --psm 0 -l osd /tmp/tmp68uuyzqj.png stdout
07:01:51 INFO     command: tesseract -l por /tmp/tmp68uuyzqj.png stdout tsv
07:01:57 INFO     command: tesseract --psm 0 -l osd /tmp/tmptp4m60dy.png stdout
07:01:57 INFO     command: tesseract -l por /tmp/tmptp4m60dy.png stdout tsv
07:01:59 INFO     command: tesseract --psm 0 -l osd /tmp/tmpjuz7uf3n.png stdout
07:02:00 INFO     command: tesseract -l por /tmp/tmpjuz7uf3n.png stdout tsv
07:02:02 INFO     command: tesseract --psm 0 -l osd /tmp/tmp8qz6andf.png stdout
07:02:03 INFO     command: tesseract -l por /tmp/tmp8qz6andf.png stdout tsv
07:02:05 INFO     command: tesseract --psm 0 -l osd /tmp/tmp31wara0y.png stdout
07:02:06 INFO     command: tesseract -l por /tmp/tmp31wara0y.png stdout tsv
07:02:18 INFO     command: tesseract --psm 0 -l osd /tmp/tmp0w08kyd_.png stdout
07:02:19 INFO     command: tesseract -l por /tmp/tmp0w08kyd_.png stdout tsv
07:02:21 INFO     command: tesseract --psm 0 -l osd /tmp/tmp0ex233is.png stdout
07:02:21 INFO     command: tesseract -l por /tmp/tmp0ex233is.png stdout tsv
07:02:23 INFO     command: tesseract --psm 0 -l osd /tmp/tmpd_7m23yq.png stdout
07:02:24 INFO     command: tesseract -l por /tmp/tmpd_7m23yq.png stdout tsv
07:02:26 INFO     command: tesseract --psm 0 -l osd /tmp/tmpqjmctzuh.png stdout
07:02:27 INFO     command: tesseract -l por /tmp/tmpqjmctzuh.png stdout tsv
07:02:32 INFO     command: tesseract --psm 0 -l osd /tmp/tmp6bijqf8b.png stdout
07:02:33 INFO     command: tesseract -l por /tmp/tmp6bijqf8b.png stdout tsv
07:02:36 INFO     command: tesseract --psm 0 -l osd /tmp/tmpwzig8sod.png stdout
07:02:37 INFO     command: tesseract -l por /tmp/tmpwzig8sod.png stdout tsv
07:02:45 INFO     command: tesseract --psm 0 -l osd /tmp/tmpbnxlaofe.png stdout
07:02:45 INFO     command: tesseract -l por /tmp/tmpbnxlaofe.png stdout tsv
07:02:53 INFO     Finished converting document incra_ptd_docdiretivo__assinado-1_assinado_assinado-copia_tarjada.pdf in 67.01 sec.
07:02:53 INFO     [5/7] ✓ INCRA     :  15 riscos | 67.0s | ETA ~1min
07:02:53 INFO     [6/7] → iti_doc_diretivo_assinado-1_tarjado.pdf
07:02:53 INFO     detected formats: [<InputFormat.PDF: 'pdf'>]
07:02:53 INFO     Going to convert document batch...
07:02:53 INFO     Processing document iti_doc_diretivo_assinado-1_tarjado.pdf
07:02:54 INFO     command: tesseract --psm 0 -l osd /tmp/tmp6y75qlv0.png stdout
07:02:54 INFO     command: tesseract -l por /tmp/tmp6y75qlv0.png stdout tsv
07:02:56 INFO     command: tesseract --psm 0 -l osd /tmp/tmpy08e07iz.png stdout
07:02:58 INFO     command: tesseract -l por /tmp/tmpy08e07iz.png stdout tsv
07:03:01 INFO     command: tesseract --psm 0 -l osd /tmp/tmpq6t6k57w.png stdout
07:03:01 INFO     command: tesseract -l por /tmp/tmpq6t6k57w.png stdout tsv
07:03:03 INFO     command: tesseract --psm 0 -l osd /tmp/tmphgif4me1.png stdout
07:03:04 INFO     command: tesseract -l por /tmp/tmphgif4me1.png stdout tsv
07:03:06 INFO     command: tesseract --psm 0 -l osd /tmp/tmp9sc6vlv6.png stdout
07:03:06 INFO     command: tesseract -l por /tmp/tmp9sc6vlv6.png stdout tsv
07:03:08 INFO     command: tesseract --psm 0 -l osd /tmp/tmpwtjirnz9.png stdout
07:03:10 INFO     command: tesseract -l por /tmp/tmpwtjirnz9.png stdout tsv
07:03:24 INFO     command: tesseract --psm 0 -l osd /tmp/tmp6lkqbjxj.png stdout
07:03:25 INFO     command: tesseract -l por /tmp/tmp6lkqbjxj.png stdout tsv
07:03:27 INFO     command: tesseract --psm 0 -l osd /tmp/tmp65s2h02w.png stdout
07:03:28 INFO     command: tesseract -l por /tmp/tmp65s2h02w.png stdout tsv
07:03:30 INFO     command: tesseract --psm 0 -l osd /tmp/tmpea_ybo0a.png stdout
07:03:31 INFO     command: tesseract -l por /tmp/tmpea_ybo0a.png stdout tsv
07:03:33 INFO     command: tesseract --psm 0 -l osd /tmp/tmpog1j99hv.png stdout
07:03:34 INFO     command: tesseract -l por /tmp/tmpog1j99hv.png stdout tsv
07:03:43 INFO     command: tesseract --psm 0 -l osd /tmp/tmp_fewpn6s.png stdout
07:03:43 INFO     command: tesseract -l por /tmp/tmp_fewpn6s.png stdout tsv
07:03:51 INFO     Finished converting document iti_doc_diretivo_assinado-1_tarjado.pdf in 58.20 sec.
07:03:51 INFO     [6/7] ✓ ITI       :  14 riscos | 58.2s | ETA ~56s
07:03:51 INFO     [7/7] → sgpr_ptd_2026_2027_docdiretivo_assinado-copia_tarjada.pdf
07:03:51 INFO     detected formats: [<InputFormat.PDF: 'pdf'>]
07:03:51 INFO     Going to convert document batch...
07:03:51 INFO     Processing document sgpr_ptd_2026_2027_docdiretivo_assinado-copia_tarjada.pdf
07:04:11 INFO     Finished converting document sgpr_ptd_2026_2027_docdiretivo_assinado-copia_tarjada.pdf in 20.17 sec.
07:04:11 INFO     [7/7] ✓ SGPR      :  10 riscos | 20.2s | ETA ~0s
07:04:11 INFO     ╔══════════════════════════════════════════════════════════════╗
07:04:11 INFO     ║                   RISCOS — fase concluída                    ║
07:04:11 INFO     ║  Processados: 7     |  ✓ 7  ⚠ 0                              ║
07:04:11 INFO     ║  Duração: 6.0 min                                            ║
07:04:11 INFO     ║  81 riscos | 7 órgãos                                        ║
07:04:11 INFO     ╚══════════════════════════════════════════════════════════════╝
07:04:11 INFO     81 riscos | 0 ações | 135 relações
07:04:11 INFO     ptd_corpus_raw                     : 261 linhas
07:04:12 INFO     ptd_pivot_eixos                    : 7 linhas
07:04:15 INFO     ptd_datas_assinatura               : 132 linhas
07:04:15 INFO     ptd_riscos                         : 81 linhas
07:04:15 INFO     ptd_riscos_acoes                   : 135 linhas
07:04:15 INFO     Manifesto salvo: pipeline_manifest.json | SHA-256 de 132 PDFs
07:04:15 INFO     ==================================================
07:04:15 INFO     PTD-BR v3.0-melhorado — PIPELINE CONCLUÍDO
07:04:15 INFO     ==================================================
07:04:15 INFO     ptd_corpus_raw.csv                        160 KB
07:04:15 INFO     ptd_pivot_eixos.csv                         0 KB
07:04:15 INFO     ptd_datas_assinatura.csv                    9 KB
07:04:15 INFO     ptd_riscos.csv                             23 KB
07:04:15 INFO     ptd_riscos_acoes.csv                        2 KB
07:04:15 INFO     proveniencia.json                           0 KB
07:04:15 INFO     pipeline_manifest.json                     20 KB
07:04:15 INFO     📦 Artefatos: https://github.com/freirelucas/teste/actions/runs/23996082954
07:04:15 INFO     ==================================================
