02:42:01 INFO     Docling disponível
02:42:01 WARNING  OCR fallback indisponível (IndentationError: unexpected indent (ptd_ocr_fallback.py, line 45))
02:42:02 INFO     Ignorado (guia/template/norma): ABNT-NBR-17225-Acessibilidade-Digital.pdf
02:42:02 INFO     Ignorado (guia/template/norma): cgrep-guia10passos-ptd-orgao.pdf
02:42:02 INFO     Ignorado (guia/template/norma): ABNT-NBR-17225-Acessibilidade-Digital.pdf
02:42:02 INFO     Scraping: 132 PDFs únicos | entregas: 68 | diretivos: 61
02:42:02 INFO     Baixando 132 PDFs únicos...
02:42:04 INFO     ✓ [  1/132] abin_ptd_anexo_de_entregas_assinado_pelo_orgao_ass   293.3KB
02:42:07 INFO     ✓ [  2/132] aeb_ptd_2025_2027_docdiretivo_aprovado_assinado-1_  1033.7KB
02:42:10 INFO     ✓ [  3/132] aeb_ptd_2025_2027_anexo_de_entregas_aprovado_assin   154.5KB
02:42:15 INFO     ✓ [  4/132] agu_ptd_2025_2027_docdiretivo_assinado_assinado_as  2860.3KB
02:42:18 INFO     ✓ [  5/132] agu_ptd_2025_2027_anexo_de_entregas_assinado_assin   525.5KB
02:42:20 INFO     ✓ [  6/132] ana_ptd_2025_2027_docdiretivo_assinado_assinado_as   477.2KB
02:42:23 INFO     ✓ [  7/132] ana_ptd_2025_2027_anexoentregas_assinado_assinado_   170.9KB
02:42:26 INFO     ✓ [  8/132] anac_ptd_2025_2026_docdiretivo_se_assinado_tarjado  1036.3KB
02:42:28 INFO     ✓ [  9/132] anac_ptd_2025_2026_anexo_de_entregas_se_assinado.p   215.2KB
02:42:31 INFO     ✓ [ 10/132] anatel_ptd_docdiretivo_assinado_2025_2026_assinado  1006.0KB
02:42:33 INFO     ✓ [ 11/132] anatel_ptd_2025_2026_anexo_de_entregas_do_ptd_publ    71.9KB
02:42:37 INFO     ✓ [ 12/132] ancine_ptd_2024_2026_docdiretivo_assinado-2_assina   961.8KB
02:42:39 INFO     ✓ [ 13/132] ancine_ptd_2024_2026_-_anexo_de_entregas_aprovado_   613.2KB
02:42:42 INFO     ✓ [ 14/132] ptd_aneel_2025-2027_docdiretivo_assinado_tarjado.p   779.6KB
02:42:45 INFO     ✓ [ 15/132] ptd_aneel_2025-2027_anexo_de_entregas_assinado.pdf   111.9KB
02:42:48 INFO     ✓ [ 16/132] anm_ptd_2025_2027_docdiretivo_assinadopeloorgao_ta  1092.5KB
02:42:51 INFO     ✓ [ 17/132] anm_ptd_2025_2027_anexo_entregas_assinadopeloorgao  1140.4KB
02:42:54 INFO     ✓ [ 18/132] anpd_ptd_2025_2027_docdiretivo_assinado_assinado_a  1044.3KB
02:42:57 INFO     ✓ [ 19/132] anpd_ptd_2025_2027_anexo_de_entregas_assinado_assi   166.5KB
02:43:00 INFO     ✓ [ 20/132] ans-plano_de_transformacao_digital_assinado-copia_  1023.4KB
02:43:02 INFO     ✓ [ 21/132] ans_ptd_2025_2026_anexo_de_entregas_assinado_assin   124.1KB
02:43:05 INFO     ✓ [ 22/132] antaq_ptd_2025_2027_docdiretivo_assinado_assinado_  1039.8KB
02:43:08 INFO     ✓ [ 23/132] antaq_ptd_2025_2027_anexoentregas_assinado_assinad   145.1KB
02:43:10 INFO     ✓ [ 24/132] mt_anexo_de_entregas_-_assinado_assinado_assinado_   143.6KB
02:43:18 INFO     ✓ [ 25/132] anvisa_ptd_docdiretivo_2025-2026_assinado_assinado  5771.2KB
02:43:20 INFO     ✓ [ 26/132] anvisa_ptd_anexo_de_entregas_2025_2026_assinado_as   239.0KB
02:43:23 INFO     ✓ [ 27/132] bcb_documento_diretivo_assinado_assinado_assinado-   713.7KB
02:43:26 INFO     ✓ [ 28/132] bcb_anexo_de_entregas_ptd_25_26-1_assinado_assinad   134.8KB
02:43:29 INFO     ✓ [ 29/132] cade_ptd_docdiretivo_2025_2026_assinado-2_assinado   810.4KB
02:43:31 INFO     ✓ [ 30/132] cade_ptd_anexo_de_entregas_2025_2026_assinado_copi   504.0KB
02:43:34 INFO     ✓ [ 31/132] mec_ptd_docdiretivo_2025-2026_sei_mec-5566673_copi   863.1KB
02:43:37 INFO     ✓ [ 32/132] mec_ptd_anexo-de-entregas_sei_mec-5576401_copia_ta   495.7KB
02:43:41 INFO     ✓ [ 33/132] mec_ptd_docdiretivo-versao-comunicacao_copia_tarja  1616.5KB
02:43:43 INFO     ✓ [ 34/132] md_ptd_2026_2027_anexo_de_entregas_assinado_assina   579.4KB
02:43:46 INFO     ✓ [ 35/132] md_ptd_2026_2027_anexo_de_entregas_assinado_assina   186.8KB
02:43:49 INFO     ✓ [ 36/132] md_ptd_temp_copia_tarjada.pdf                        741.9KB
02:43:52 INFO     ✓ [ 37/132] cgu_ptd_docdiretivo_assinado_assinado_assinado-cop  1085.4KB
02:43:54 INFO     ✓ [ 38/132] cgu_ptd_anexo_de_entregas_pactuadas_assinado_assin   514.1KB
02:43:57 INFO     ✓ [ 39/132] cnpq_ptd_2025_2027_docdiretivo_assinado_assinado_a   342.9KB
02:43:59 INFO     ✓ [ 40/132] cnpq_ptd_2025_2027_anexo_de_entregas_assinado_assi   136.1KB
02:44:02 INFO     ✓ [ 41/132] coaf_ptd_2025_2026_documento_diretivo_assinado_ass  1068.0KB
02:44:08 INFO     ✓ [ 42/132] coaf_ptd_2025_2026_anexo_de_entregas-2_assinado_as  3184.5KB
02:44:14 INFO     ✓ [ 43/132] ptd_midr-docdiretivo_aprovado_assinado_tarjado.pdf  3864.1KB
02:44:17 INFO     ✓ [ 44/132] ptd_midr_-_anexo_de_entregas_-_aprovado_assinado.p  1122.0KB
02:44:20 INFO     ✓ [ 45/132] mda-documento-diretivo-assinado_ptd-2025-207-copia   955.8KB
02:44:23 INFO     ✓ [ 46/132] cvm_ptd_2025_2027_docdiretivo_assinado_assinado_as   270.5KB
02:44:25 INFO     ✓ [ 47/132] cvm_ptd_2025_2027_anexoentregas_assinado_assinado_   409.0KB
02:44:29 INFO     ✓ [ 48/132] dnocs_ptd_doc_diretivo_2025_2026_assinado_orgao-2_   891.1KB
02:44:31 INFO     ✓ [ 49/132] dnocs_anexo_de_entregas_repactuado_2025_2026_assin   272.3KB
02:44:36 INFO     ✓ [ 50/132] fbn_ptd_2025_2027_docdiretivo_assinado-1_tarjado.p  2921.6KB
02:44:38 INFO     ✓ [ 51/132] fbn_ptd_2025_2027_anexo_de_entregas_assinado-1.pdf   162.3KB
02:44:42 INFO     ✓ [ 52/132] fcp_ptd_2025_2027_docdiretivo_assinado-1_tarjado.p  1612.0KB
02:44:44 INFO     ✓ [ 53/132] fcp_ptd_2025_2027_anexo_de_entregas_assinado-1.pdf   118.8KB
02:44:47 INFO     ✓ [ 54/132] fcrb_ptd_2025_2026_docdiretivo_aprovado_assinado-1   998.2KB
02:44:50 INFO     ✓ [ 55/132] fcrb_ptd_2025_2026_anexo_de_entregas_aprovado_assi   313.5KB
02:44:53 INFO     ✓ [ 56/132] fiocruz_novo-ptd_2-1_docdiretivo_repactuacao_2024-  1318.1KB
02:44:56 INFO     ✓ [ 57/132] fiocruz_ptd_anexo_de_entregas_assinado_v1_assinado   257.1KB
02:45:01 INFO     ✓ [ 58/132] fiocruz-ptd-06_2024-copia_tarjada.pdf               1693.8KB
02:45:05 INFO     ✓ [ 59/132] funai_ptd_2025_2027_docdiretivo_assinado-1_tarjado  1842.1KB
02:45:07 INFO     ✓ [ 60/132] funai_anexo_de_entregas_repactuado_2026_2027_assin   435.7KB
02:45:11 INFO     ✓ [ 61/132] funarte_ptd_docdiretivo_assinado_21_01_2025_assina   965.7KB
02:45:13 INFO     ✓ [ 62/132] funarte_ptd_anexo_de_entregas_assinado_v1_assinado   683.6KB
02:45:16 INFO     ✓ [ 63/132] fundacentro_ptd_2025_2027_docdiretivo_assinado_ass   826.6KB
02:45:19 INFO     ✓ [ 64/132] fundacentro_ptd_2025_2027_anexo_de_entregas_assina   635.5KB
02:45:22 INFO     ✓ [ 65/132] mma_ptd_docdiretivo_assinado_2025_2026-1_assinado_   949.3KB
02:45:24 INFO     ✓ [ 66/132] mma_ptd_anexo_de_entregas_aprovado_final_assinado_   174.8KB
02:45:28 INFO     ✓ [ 67/132] ibge_docdiretivo_2025_assinado_assinado_assinado-c  1167.3KB
02:45:30 INFO     ✓ [ 68/132] ibge_ptd_25_26_anexo_de_entregas_modelo_v2-1_assin   143.7KB
02:45:39 INFO     ✓ [ 69/132] incra_ptd_docdiretivo__assinado-1_assinado_assinad  7182.0KB
02:45:43 INFO     ✓ [ 70/132] incra_anexo_de_entregas_assinado-1_assinado_assina  1818.6KB
02:45:49 INFO     ✓ [ 71/132] inpi_ptd_docdiretivo_assinado_2025_2026_assinado_a  3322.4KB
02:45:54 INFO     ✓ [ 72/132] inpi_ptd_anexo_de_entregas_assinado_v1_assinado_as  3078.1KB
02:45:58 INFO     ✓ [ 73/132] inss_ptd_2025_2027_docdiretivo-assinado-copia_tarj  1173.3KB
02:46:00 INFO     ✓ [ 74/132] inss_ptd_2025_2027_anexo_de_entregas-assinado-copi   110.8KB
02:46:03 INFO     ✓ [ 75/132] iphan_ptd_docdiretivo_assinado_2025_2026_assinado_   885.7KB
02:46:05 INFO     ✓ [ 76/132] iphan_ptd_anexo_de_entregas_assinado_v1_assinado_a   310.9KB
02:46:12 INFO     ✓ [ 77/132] iti_doc_diretivo_assinado-1_tarjado.pdf             4905.1KB
02:46:15 INFO     ✓ [ 78/132] iti_anexo_de_entregas_assinado.pdf                   556.4KB
02:46:19 INFO     ✓ [ 79/132] mapa_ptd_2025_2027_docdiretivo_assinado-1_tarjado.  1740.9KB
02:46:21 INFO     ✓ [ 80/132] mapa_ptd_2025_2027_anexo_de_entregas_assinado-1.pd   261.9KB
02:46:28 INFO     ✓ [ 81/132] documento-diretivo-mcom-_-ptd-25_27-copia_tarjada.  4451.9KB
02:46:32 INFO     ✓ [ 82/132] anexo-de-entregas-mcom_ptd-25_27-copia_tarjada.pdf  1213.8KB
02:46:37 INFO     ✓ [ 83/132] ptd_21_24_mcom-copia_tarjada.pdf                    3040.7KB
02:46:40 INFO     ✓ [ 84/132] mcti_ptd_2025-2027_docdiretivo_assinado-copia_tarj  1030.7KB
02:46:42 INFO     ✓ [ 85/132] mcti_ptd_2025-2027_anexo-de-entregas_assinado-copi   145.8KB
02:46:45 INFO     ✓ [ 86/132] mda-anexo-entregas-assinado_ptd-2025-2027-copia-ta   284.6KB
02:46:48 INFO     ✓ [ 87/132] mdhc_ptd_2025_2027_docdiretivo_assinado_assinado_a   753.4KB
02:46:50 INFO     ✓ [ 88/132] mdhc_ptd_2025_2027_anexoentregas_assinado_assinado   186.8KB
02:46:52 INFO     ✓ [ 89/132] mdic_ptd_anexo_de_entregas_assinado_v1_assinado_as   176.6KB
02:46:55 INFO     ✓ [ 90/132] memp_ptd_2025_2026_docdiretivo_assinado_assinado_a  1030.1KB
02:46:57 INFO     ✓ [ 91/132] memp_ptd_2025_2026_anexo_de_entregas_assinado_assi   161.5KB
02:47:01 INFO     ✓ [ 92/132] mesp_ptd_2025_2027_docdiretivo_assinado_assinado_2  1147.7KB
02:47:03 INFO     ✓ [ 93/132] mesp_ptd_2025_2027_anexo_de_entregas_assinado_assi   226.6KB
02:47:06 INFO     ✓ [ 94/132] mf_ptd_2026_2027_documentodiretivo_assinado_assina   955.1KB
02:47:09 INFO     ✓ [ 95/132] mf_ptd_2026_2027_anexo_de_entregas_1_mf_se_assinad   241.2KB
02:47:11 INFO     ✓ [ 96/132] mgi_ptd_2025_2027_docdiretivo_assinado_assinado_as   375.2KB
02:47:14 INFO     ✓ [ 97/132] mgi_ptd_2025_2027_anexo_de_entregas_assinado_assin   256.1KB
02:47:17 INFO     ✓ [ 98/132] minc_ptd_2025_2027_docdiretivo_assinado-1_assinado   863.6KB
02:47:19 INFO     ✓ [ 99/132] minc_ptd_2025_2027_anexo_de_entregas_assinado-1_as   276.7KB
02:47:23 INFO     ✓ [100/132] mjsp_ptd_docdiretivo_assinado_2025_2026_assinado_a   954.0KB
02:47:25 INFO     ✓ [101/132] mjsp_ptd_anexo_de_entregas_assinado_v1_assinado_as   253.9KB
02:47:28 INFO     ✓ [102/132] mme_ptd_2025_2027_docdiretivo_assinado-copia_tarja   664.5KB
02:47:30 INFO     ✓ [103/132] mme_ptd_2025_2027_anexo_de_entregas_assinado__1_-c   111.1KB
02:47:33 INFO     ✓ [104/132] mmulheres_ptd_2025_2027_docdiretivo_assinado_assin  1078.3KB
02:47:36 INFO     ✓ [105/132] mmulheres_ptd_2025_2027_anexo_de_entregas_assinado   216.9KB
02:47:39 INFO     ✓ [106/132] mpi_ptd_2025_2027_docdiretivo_ministerio_dos_povos   947.9KB
02:47:41 INFO     ✓ [107/132] mpi_ptd_anexo_de_entregas_do_plano_de_tranformacao   191.9KB
02:47:44 INFO     ✓ [108/132] mpo_ptd_docdiretivo_assinado_2025_2026_assinado_as   806.3KB
02:47:47 INFO     ✓ [109/132] mpo_ptd_anexo_de_entregas_assinado_v1_assinado_ass   323.2KB
02:47:50 INFO     ✓ [110/132] mpor_ptd_2025_2027_docdiretivo_assinado_assinado_a   876.5KB
02:47:52 INFO     ✓ [111/132] mpor_ptd_2025_2027_anexo_de_entregas_assinado_assi   175.1KB
02:47:55 INFO     ✓ [112/132] mps_ptd_2025-2026_docdiretivo_final_assinado-1_ass  1024.4KB
02:47:58 INFO     ✓ [113/132] mps_ptd_2025-2026_anexo_de_entregas_final_assinado   165.0KB
02:48:01 INFO     ✓ [114/132] mre_ptd_docdiretivo_assinado_2025_2026_assinado_as   760.9KB
02:48:03 INFO     ✓ [115/132] mre_ptd_anexo_de_entregas_assinado_v1_assinado_ass   233.2KB
02:48:06 INFO     ✓ [116/132] mte_ptd_2025_2026_docdiretivo_assinado_assinado_as   729.6KB
02:48:09 INFO     ✓ [117/132] mte_ptd_anexo_de_entregas_assinado_v1__281_29_assi   459.5KB
02:48:12 INFO     ✓ [118/132] mtur_ptd_docdiretiv_assinado_30_01_2025_assinado_a  1050.4KB
02:48:14 INFO     ✓ [119/132] mtur_ptd_anexo_de_entregas_assinado_30_01_2025_ass   118.8KB
02:48:17 INFO     ✓ [120/132] pf_ptd_docdiretivo_2025_2027_assinado-copia_tarjad   964.3KB
02:48:19 INFO     ✓ [121/132] pf_ptd_anexo_de_entregas_2025_2027_assinado-copia_    62.5KB
02:48:22 INFO     ✓ [122/132] mf_ptd_2026_2027_anexo_de_entregas_4_mf_pgfn_assin   466.8KB
02:48:31 INFO     ✓ [123/132] previc_plano_de_transformacao_digital_2025_2026_29  6652.7KB
02:48:33 INFO     ✓ [124/132] previc_ptd_repactuacao_2025-2026_assinado_assinado   182.9KB
02:48:36 INFO     ✓ [125/132] prf_documentodiretivo_ptd_2026-2027_assinado_tarja   535.9KB
02:48:38 INFO     ✓ [126/132] prf_anexo_de_entregas_do_ptd__2026_2027___ptd___en   157.7KB
02:48:41 INFO     ✓ [127/132] mf_ptd_2026_2027_anexo_de_entregas_2_mf_rfb_assina   253.7KB
02:48:44 INFO     ✓ [128/132] sgpr_ptd_2026_2027_docdiretivo_assinado-copia_tarj   791.2KB
02:48:47 INFO     ✓ [129/132] sgpr_ptd_2025_2027_anexo_de_entregas_assinado-copi   897.9KB
02:48:50 INFO     ✓ [130/132] mf_ptd_2026_2027_anexo_de_entregas_3_mf_stn_assina   467.8KB
02:48:53 INFO     ✓ [131/132] susep_ptd_2025_2027_docdiretivo-assinado-copia_tar  1030.1KB
02:48:55 INFO     ✓ [132/132] susep_ptd_2025-2026_anexo_de_entregas_final_assina   221.9KB
02:48:56 INFO     132 OK | 0 erros | 123.3 MB total
02:49:02 INFO     Sanity: 132 PDFs | 113 texto | 19 imagem/OCR | 0 duplicatas
02:49:02 INFO     --siglas (debug): 15 PDFs de ['AGU', 'FIOCRUZ', 'FUNAI', 'FUNDACENTRO', 'INCRA', 'ITI', 'MCOM', 'SGPR']
02:49:02 INFO     DocumentConverter instanciado (singleton × 2: plain + OCR)
02:49:02 INFO     [1/15] → agu_ptd_2025_2027_anexo_de_entregas_assinado_assinado_assinado-copia_tarjada.pdf
02:49:02 INFO     detected formats: [<InputFormat.PDF: 'pdf'>]
02:49:02 INFO     Going to convert document batch...
02:49:02 INFO     Initializing pipeline for StandardPdfPipeline with options hash bc6794697da537796efc497178f9263f
02:49:02 INFO     Loading plugin 'docling_defaults'
02:49:02 INFO     Registered picture descriptions: ['picture_description_vlm_engine', 'vlm', 'api']
02:49:02 INFO     Loading plugin 'docling_defaults'
02:49:02 INFO     Registered ocr engines: ['auto', 'easyocr', 'kserve_v2_ocr', 'ocrmac', 'rapidocr', 'tesserocr', 'tesseract']
02:49:02 INFO     command: tesseract --list-langs
02:49:02 INFO     Loading plugin 'docling_defaults'
02:49:02 INFO     Registered layout engines: ['layout_object_detection', 'docling_layout_default', 'docling_experimental_table_crops_layout']
02:49:02 INFO     Accelerator device: 'cpu'
02:49:02 INFO     HTTP Request: GET https://huggingface.co/api/models/docling-project/docling-layout-heron/revision/main "HTTP/1.1 200 OK"
02:49:02 INFO     HTTP Request: HEAD https://huggingface.co/docling-project/docling-layout-heron/resolve/8f39ad3c0b4c58e9c2d2c84a38465abf757272d8/README.md "HTTP/1.1 307 Temporary Redirect"
02:49:02 WARNING  Warning: You are sending unauthenticated requests to the HF Hub. Please set a HF_TOKEN to enable higher rate limits and faster downloads.
02:49:02 INFO     HTTP Request: HEAD https://huggingface.co/api/resolve-cache/models/docling-project/docling-layout-heron/8f39ad3c0b4c58e9c2d2c84a38465abf757272d8/README.md "HTTP/1.1 200 OK"
02:49:02 INFO     HTTP Request: HEAD https://huggingface.co/docling-project/docling-layout-heron/resolve/8f39ad3c0b4c58e9c2d2c84a38465abf757272d8/.gitattributes "HTTP/1.1 307 Temporary Redirect"
02:49:02 INFO     HTTP Request: HEAD https://huggingface.co/docling-project/docling-layout-heron/resolve/8f39ad3c0b4c58e9c2d2c84a38465abf757272d8/docling_heron_400.png "HTTP/1.1 307 Temporary Redirect"
02:49:02 INFO     HTTP Request: HEAD https://huggingface.co/docling-project/docling-layout-heron/resolve/8f39ad3c0b4c58e9c2d2c84a38465abf757272d8/config.json "HTTP/1.1 307 Temporary Redirect"
02:49:02 INFO     HTTP Request: HEAD https://huggingface.co/docling-project/docling-layout-heron/resolve/8f39ad3c0b4c58e9c2d2c84a38465abf757272d8/model.safetensors "HTTP/1.1 302 Found"
02:49:02 INFO     HTTP Request: GET https://huggingface.co/api/resolve-cache/models/docling-project/docling-layout-heron/8f39ad3c0b4c58e9c2d2c84a38465abf757272d8/README.md "HTTP/1.1 200 OK"
02:49:02 INFO     HTTP Request: HEAD https://huggingface.co/docling-project/docling-layout-heron/resolve/8f39ad3c0b4c58e9c2d2c84a38465abf757272d8/preprocessor_config.json "HTTP/1.1 307 Temporary Redirect"
02:49:02 INFO     HTTP Request: HEAD https://huggingface.co/api/resolve-cache/models/docling-project/docling-layout-heron/8f39ad3c0b4c58e9c2d2c84a38465abf757272d8/docling_heron_400.png "HTTP/1.1 200 OK"
02:49:02 INFO     HTTP Request: HEAD https://huggingface.co/api/resolve-cache/models/docling-project/docling-layout-heron/8f39ad3c0b4c58e9c2d2c84a38465abf757272d8/.gitattributes "HTTP/1.1 200 OK"
02:49:02 INFO     HTTP Request: HEAD https://huggingface.co/api/resolve-cache/models/docling-project/docling-layout-heron/8f39ad3c0b4c58e9c2d2c84a38465abf757272d8/config.json "HTTP/1.1 200 OK"
02:49:03 INFO     HTTP Request: HEAD https://huggingface.co/api/resolve-cache/models/docling-project/docling-layout-heron/8f39ad3c0b4c58e9c2d2c84a38465abf757272d8/preprocessor_config.json "HTTP/1.1 200 OK"
02:49:03 INFO     HTTP Request: GET https://huggingface.co/api/resolve-cache/models/docling-project/docling-layout-heron/8f39ad3c0b4c58e9c2d2c84a38465abf757272d8/docling_heron_400.png "HTTP/1.1 200 OK"
02:49:03 INFO     HTTP Request: GET https://huggingface.co/api/resolve-cache/models/docling-project/docling-layout-heron/8f39ad3c0b4c58e9c2d2c84a38465abf757272d8/.gitattributes "HTTP/1.1 200 OK"
02:49:03 INFO     HTTP Request: GET https://huggingface.co/api/resolve-cache/models/docling-project/docling-layout-heron/8f39ad3c0b4c58e9c2d2c84a38465abf757272d8/config.json "HTTP/1.1 200 OK"
02:49:03 INFO     HTTP Request: GET https://huggingface.co/api/resolve-cache/models/docling-project/docling-layout-heron/8f39ad3c0b4c58e9c2d2c84a38465abf757272d8/preprocessor_config.json "HTTP/1.1 200 OK"
02:49:03 INFO     HTTP Request: GET https://huggingface.co/api/models/docling-project/docling-layout-heron/xet-read-token/8f39ad3c0b4c58e9c2d2c84a38465abf757272d8 "HTTP/1.1 200 OK"
02:49:04 INFO     Loading plugin 'docling_defaults'
02:49:04 INFO     Registered table structure engines: ['docling_tableformer', 'docling_tableformer_v2']
02:49:04 INFO     HTTP Request: GET https://huggingface.co/api/models/docling-project/docling-models/revision/v2.3.0 "HTTP/1.1 200 OK"
02:49:04 INFO     HTTP Request: HEAD https://huggingface.co/docling-project/docling-models/resolve/fc0f2d45e2218ea24bce5045f58a389aed16dc23/.gitignore "HTTP/1.1 307 Temporary Redirect"
02:49:04 INFO     HTTP Request: HEAD https://huggingface.co/docling-project/docling-models/resolve/fc0f2d45e2218ea24bce5045f58a389aed16dc23/README.md "HTTP/1.1 307 Temporary Redirect"
02:49:04 INFO     HTTP Request: HEAD https://huggingface.co/docling-project/docling-models/resolve/fc0f2d45e2218ea24bce5045f58a389aed16dc23/config.json "HTTP/1.1 307 Temporary Redirect"
02:49:04 INFO     HTTP Request: HEAD https://huggingface.co/docling-project/docling-models/resolve/fc0f2d45e2218ea24bce5045f58a389aed16dc23/model_artifacts/tableformer/accurate/tm_config.json "HTTP/1.1 307 Temporary Redirect"
02:49:04 INFO     HTTP Request: HEAD https://huggingface.co/docling-project/docling-models/resolve/fc0f2d45e2218ea24bce5045f58a389aed16dc23/model_artifacts/tableformer/accurate/tableformer_accurate.safetensors "HTTP/1.1 302 Found"
02:49:04 INFO     HTTP Request: HEAD https://huggingface.co/api/resolve-cache/models/docling-project/docling-models/fc0f2d45e2218ea24bce5045f58a389aed16dc23/.gitignore "HTTP/1.1 200 OK"
02:49:04 INFO     HTTP Request: HEAD https://huggingface.co/api/resolve-cache/models/docling-project/docling-models/fc0f2d45e2218ea24bce5045f58a389aed16dc23/README.md "HTTP/1.1 200 OK"
02:49:04 INFO     HTTP Request: HEAD https://huggingface.co/api/resolve-cache/models/docling-project/docling-models/fc0f2d45e2218ea24bce5045f58a389aed16dc23/config.json "HTTP/1.1 200 OK"
02:49:04 INFO     HTTP Request: HEAD https://huggingface.co/docling-project/docling-models/resolve/fc0f2d45e2218ea24bce5045f58a389aed16dc23/.gitattributes "HTTP/1.1 307 Temporary Redirect"
02:49:04 INFO     HTTP Request: HEAD https://huggingface.co/api/resolve-cache/models/docling-project/docling-models/fc0f2d45e2218ea24bce5045f58a389aed16dc23/model_artifacts%2Ftableformer%2Faccurate%2Ftm_config.json "HTTP/1.1 200 OK"
02:49:04 INFO     HTTP Request: GET https://huggingface.co/api/resolve-cache/models/docling-project/docling-models/fc0f2d45e2218ea24bce5045f58a389aed16dc23/.gitignore "HTTP/1.1 200 OK"
02:49:04 INFO     HTTP Request: GET https://huggingface.co/api/resolve-cache/models/docling-project/docling-models/fc0f2d45e2218ea24bce5045f58a389aed16dc23/README.md "HTTP/1.1 200 OK"
02:49:04 INFO     HTTP Request: HEAD https://huggingface.co/docling-project/docling-models/resolve/fc0f2d45e2218ea24bce5045f58a389aed16dc23/model_artifacts/tableformer/fast/tableformer_fast.safetensors "HTTP/1.1 302 Found"
02:49:04 INFO     HTTP Request: HEAD https://huggingface.co/api/resolve-cache/models/docling-project/docling-models/fc0f2d45e2218ea24bce5045f58a389aed16dc23/.gitattributes "HTTP/1.1 200 OK"
02:49:04 INFO     HTTP Request: GET https://huggingface.co/api/resolve-cache/models/docling-project/docling-models/fc0f2d45e2218ea24bce5045f58a389aed16dc23/model_artifacts%2Ftableformer%2Faccurate%2Ftm_config.json "HTTP/1.1 200 OK"
02:49:04 INFO     HTTP Request: GET https://huggingface.co/api/models/docling-project/docling-models/xet-read-token/fc0f2d45e2218ea24bce5045f58a389aed16dc23 "HTTP/1.1 200 OK"
02:49:04 INFO     HTTP Request: GET https://huggingface.co/api/resolve-cache/models/docling-project/docling-models/fc0f2d45e2218ea24bce5045f58a389aed16dc23/config.json "HTTP/1.1 200 OK"
02:49:04 INFO     HTTP Request: HEAD https://huggingface.co/docling-project/docling-models/resolve/fc0f2d45e2218ea24bce5045f58a389aed16dc23/model_artifacts/tableformer/fast/tm_config.json "HTTP/1.1 307 Temporary Redirect"
02:49:04 INFO     HTTP Request: GET https://huggingface.co/api/resolve-cache/models/docling-project/docling-models/fc0f2d45e2218ea24bce5045f58a389aed16dc23/.gitattributes "HTTP/1.1 200 OK"
02:49:04 INFO     HTTP Request: HEAD https://huggingface.co/api/resolve-cache/models/docling-project/docling-models/fc0f2d45e2218ea24bce5045f58a389aed16dc23/model_artifacts%2Ftableformer%2Ffast%2Ftm_config.json "HTTP/1.1 200 OK"
02:49:04 INFO     HTTP Request: GET https://huggingface.co/api/resolve-cache/models/docling-project/docling-models/fc0f2d45e2218ea24bce5045f58a389aed16dc23/model_artifacts%2Ftableformer%2Ffast%2Ftm_config.json "HTTP/1.1 200 OK"
02:49:06 INFO     Accelerator device: 'cpu'
02:49:06 INFO     Processing document agu_ptd_2025_2027_anexo_de_entregas_assinado_assinado_assinado-copia_tarjada.pdf
02:49:07 INFO     command: tesseract --psm 0 -l osd /tmp/tmpjemec1v7.png stdout
02:49:07 INFO     command: tesseract -l por /tmp/tmpjemec1v7.png stdout tsv
02:49:10 INFO     command: tesseract --psm 0 -l osd /tmp/tmpf8mhlxfq.png stdout
02:49:12 INFO     command: tesseract -l por /tmp/tmpf8mhlxfq.png stdout tsv
02:49:30 INFO     Finished converting document agu_ptd_2025_2027_anexo_de_entregas_assinado_assinado_assinado-copia_tarjada.pdf in 27.72 sec.
02:49:30 INFO       pixel_budget (Docling) agu_ptd_2025_2027_anexo_de_entregas_assinado_assinado_assinado-copia_tarjada.pdf: 45.8% (área tabelas/1001817 px²)
02:49:30 INFO     [1/15] ✓ AGU       :   33 entregas | 27.7s | ETA ~6min
02:49:30 INFO     [2/15] → agu_ptd_2025_2027_docdiretivo_assinado_assinado_assinado-copia_tarjada.pdf
02:49:30 INFO     detected formats: [<InputFormat.PDF: 'pdf'>]
02:49:30 INFO     Going to convert document batch...
02:49:30 INFO     Processing document agu_ptd_2025_2027_docdiretivo_assinado_assinado_assinado-copia_tarjada.pdf
02:49:31 INFO     command: tesseract --psm 0 -l osd /tmp/tmp5aert89x.png stdout
02:49:31 INFO     command: tesseract -l por /tmp/tmp5aert89x.png stdout tsv
02:49:33 INFO     command: tesseract --psm 0 -l osd /tmp/tmp8f3tla4_.png stdout
02:49:34 INFO     command: tesseract -l por /tmp/tmp8f3tla4_.png stdout tsv
02:49:39 INFO     command: tesseract --psm 0 -l osd /tmp/tmposjm3o36.png stdout
02:49:39 INFO     command: tesseract -l por /tmp/tmposjm3o36.png stdout tsv
02:49:42 INFO     command: tesseract --psm 0 -l osd /tmp/tmpx1f5wmck.png stdout
02:49:42 INFO     command: tesseract -l por /tmp/tmpx1f5wmck.png stdout tsv
02:49:45 INFO     command: tesseract --psm 0 -l osd /tmp/tmpu2tr7a9b.png stdout
02:49:45 INFO     command: tesseract -l por /tmp/tmpu2tr7a9b.png stdout tsv
02:49:48 INFO     command: tesseract --psm 0 -l osd /tmp/tmp_jrxhbxp.png stdout
02:49:49 INFO     command: tesseract -l por /tmp/tmp_jrxhbxp.png stdout tsv
02:49:59 INFO     command: tesseract --psm 0 -l osd /tmp/tmpy7kq2m5v.png stdout
02:50:00 INFO     command: tesseract -l por /tmp/tmpy7kq2m5v.png stdout tsv
02:50:02 INFO     command: tesseract --psm 0 -l osd /tmp/tmpdrfl3lcv.png stdout
02:50:03 INFO     command: tesseract -l por /tmp/tmpdrfl3lcv.png stdout tsv
02:50:05 INFO     command: tesseract --psm 0 -l osd /tmp/tmpe2ofs2rm.png stdout
02:50:06 INFO     command: tesseract -l por /tmp/tmpe2ofs2rm.png stdout tsv
02:50:08 INFO     command: tesseract --psm 0 -l osd /tmp/tmpwz7pkpc_.png stdout
02:50:09 INFO     command: tesseract -l por /tmp/tmpwz7pkpc_.png stdout tsv
02:50:21 INFO     command: tesseract --psm 0 -l osd /tmp/tmpxmss0lgk.png stdout
02:50:22 INFO     command: tesseract -l por /tmp/tmpxmss0lgk.png stdout tsv
02:50:26 INFO     Finished converting document agu_ptd_2025_2027_docdiretivo_assinado_assinado_assinado-copia_tarjada.pdf in 55.94 sec.
02:50:26 INFO       pixel_budget (Docling) agu_ptd_2025_2027_docdiretivo_assinado_assinado_assinado-copia_tarjada.pdf: 2.1% (área tabelas/5513330 px²)
02:50:26 INFO     [2/15] ✓ AGU       :    6 entregas | 56.0s | ETA ~9min
02:50:26 INFO     [3/15] → anexo-de-entregas-mcom_ptd-25_27-copia_tarjada.pdf
02:50:26 INFO     detected formats: [<InputFormat.PDF: 'pdf'>]
02:50:26 INFO     Going to convert document batch...
02:50:26 INFO     Processing document anexo-de-entregas-mcom_ptd-25_27-copia_tarjada.pdf
02:50:27 INFO     command: tesseract --psm 0 -l osd /tmp/tmpbe_0tvo6.png stdout
02:50:28 INFO     command: tesseract -l por /tmp/tmpbe_0tvo6.png stdout tsv
02:50:30 INFO     command: tesseract --psm 0 -l osd /tmp/tmp6rgndkas.png stdout
02:50:32 INFO     command: tesseract -l por /tmp/tmp6rgndkas.png stdout tsv
02:50:45 INFO     command: tesseract --psm 0 -l osd /tmp/tmpjy5e2xll.png stdout
02:50:46 INFO     command: tesseract -l por /tmp/tmpjy5e2xll.png stdout tsv
02:51:06 INFO     Finished converting document anexo-de-entregas-mcom_ptd-25_27-copia_tarjada.pdf in 39.65 sec.
02:51:06 INFO       pixel_budget (Docling) anexo-de-entregas-mcom_ptd-25_27-copia_tarjada.pdf: 55.2% (área tabelas/1503636 px²)
02:51:06 INFO     [3/15] ✓ MCOM      :   55 entregas | 39.7s | ETA ~8min
02:51:06 INFO     [4/15] → documento-diretivo-mcom-_-ptd-25_27-copia_tarjada.pdf
02:51:06 INFO     detected formats: [<InputFormat.PDF: 'pdf'>]
02:51:06 INFO     Going to convert document batch...
02:51:06 INFO     Processing document documento-diretivo-mcom-_-ptd-25_27-copia_tarjada.pdf
02:51:06 INFO     command: tesseract --psm 0 -l osd /tmp/tmpgw3aic5t.png stdout
02:51:07 INFO     command: tesseract -l por /tmp/tmpgw3aic5t.png stdout tsv
02:51:09 INFO     command: tesseract --psm 0 -l osd /tmp/tmp6cd8yu5l.png stdout
02:51:10 INFO     command: tesseract -l por /tmp/tmp6cd8yu5l.png stdout tsv
02:51:17 INFO     command: tesseract --psm 0 -l osd /tmp/tmp79me3cf4.png stdout
02:51:18 INFO     command: tesseract -l por /tmp/tmp79me3cf4.png stdout tsv
02:51:19 INFO     command: tesseract --psm 0 -l osd /tmp/tmpqtu0to05.png stdout
02:51:20 INFO     command: tesseract -l por /tmp/tmpqtu0to05.png stdout tsv
02:51:22 INFO     command: tesseract --psm 0 -l osd /tmp/tmpz2hud54g.png stdout
02:51:22 INFO     command: tesseract -l por /tmp/tmpz2hud54g.png stdout tsv
02:51:25 INFO     command: tesseract --psm 0 -l osd /tmp/tmpseq9u2_0.png stdout
02:51:26 INFO     command: tesseract -l por /tmp/tmpseq9u2_0.png stdout tsv
02:51:44 INFO     command: tesseract --psm 0 -l osd /tmp/tmpqs1941a8.png stdout
02:51:44 INFO     command: tesseract -l por /tmp/tmpqs1941a8.png stdout tsv
02:51:46 INFO     command: tesseract --psm 0 -l osd /tmp/tmp6btgnds5.png stdout
02:51:47 INFO     command: tesseract -l por /tmp/tmp6btgnds5.png stdout tsv
02:51:49 INFO     command: tesseract --psm 0 -l osd /tmp/tmpulfa4wy6.png stdout
02:51:50 INFO     command: tesseract -l por /tmp/tmpulfa4wy6.png stdout tsv
02:51:52 INFO     command: tesseract --psm 0 -l osd /tmp/tmp6u0e_7m7.png stdout
02:51:53 INFO     command: tesseract -l por /tmp/tmp6u0e_7m7.png stdout tsv
02:51:58 INFO     command: tesseract --psm 0 -l osd /tmp/tmptlrkbn1y.png stdout
02:51:59 INFO     command: tesseract -l por /tmp/tmptlrkbn1y.png stdout tsv
02:52:05 INFO     command: tesseract --psm 0 -l osd /tmp/tmp1vzhux4c.png stdout
02:52:06 INFO     command: tesseract -l por /tmp/tmp1vzhux4c.png stdout tsv
02:52:07 INFO     command: tesseract --psm 0 -l osd /tmp/tmp6snrv510.png stdout
02:52:08 INFO     command: tesseract -l por /tmp/tmp6snrv510.png stdout tsv
02:52:10 INFO     command: tesseract --psm 0 -l osd /tmp/tmpkk57g0ca.png stdout
02:52:11 INFO     command: tesseract -l por /tmp/tmpkk57g0ca.png stdout tsv
02:52:17 INFO     Finished converting document documento-diretivo-mcom-_-ptd-25_27-copia_tarjada.pdf in 71.30 sec.
02:52:17 INFO       pixel_budget (Docling) documento-diretivo-mcom-_-ptd-25_27-copia_tarjada.pdf: 10.8% (área tabelas/7016966 px²)
02:52:17 WARNING  [4/15] ⚠ MCOM      :    0 entregas | 71.3s | ETA ~8min
02:52:17 INFO     [5/15] → fiocruz-ptd-06_2024-copia_tarjada.pdf
02:52:17 INFO     detected formats: [<InputFormat.PDF: 'pdf'>]
02:52:17 INFO     Going to convert document batch...
02:52:17 INFO     Initializing pipeline for StandardPdfPipeline with options hash d18651824ca6fe56cf3ccb20424ac2c8
02:52:17 INFO     Accelerator device: 'cpu'
02:52:17 INFO     HTTP Request: GET https://huggingface.co/api/models/docling-project/docling-layout-heron/revision/main "HTTP/1.1 200 OK"
02:52:18 INFO     HTTP Request: GET https://huggingface.co/api/models/docling-project/docling-models/revision/v2.3.0 "HTTP/1.1 200 OK"
02:52:18 INFO     Accelerator device: 'cpu'
02:52:18 INFO     Processing document fiocruz-ptd-06_2024-copia_tarjada.pdf
02:53:26 INFO     Finished converting document fiocruz-ptd-06_2024-copia_tarjada.pdf in 69.28 sec.
02:53:26 INFO       pixel_budget (Docling) fiocruz-ptd-06_2024-copia_tarjada.pdf: 36.4% (área tabelas/7518178 px²)
02:53:26 WARNING  [5/15] ⚠ FIOCRUZ   :    0 entregas | 69.3s | ETA ~8min
02:53:26 INFO     [6/15] → fiocruz_novo-ptd_2-1_docdiretivo_repactuacao_2024-2026_assinado_assinado-copia_tarjada.pdf
02:53:26 INFO     detected formats: [<InputFormat.PDF: 'pdf'>]
02:53:26 INFO     Going to convert document batch...
02:53:26 INFO     Processing document fiocruz_novo-ptd_2-1_docdiretivo_repactuacao_2024-2026_assinado_assinado-copia_tarjada.pdf
02:53:44 INFO     Finished converting document fiocruz_novo-ptd_2-1_docdiretivo_repactuacao_2024-2026_assinado_assinado-copia_tarjada.pdf in 18.04 sec.
02:53:44 INFO       pixel_budget (Docling) fiocruz_novo-ptd_2-1_docdiretivo_repactuacao_2024-2026_assinado_assinado-copia_tarjada.pdf: 11.3% (área tabelas/5012118 px²)
02:53:44 WARNING  [6/15] ⚠ FIOCRUZ   :    0 entregas | 18.0s | ETA ~7min
02:53:44 INFO     [7/15] → fiocruz_ptd_anexo_de_entregas_assinado_v1_assinado_assinado-1-copia_tarjada.pdf
02:53:44 INFO     detected formats: [<InputFormat.PDF: 'pdf'>]
02:53:44 INFO     Going to convert document batch...
02:53:44 INFO     Processing document fiocruz_ptd_anexo_de_entregas_assinado_v1_assinado_assinado-1-copia_tarjada.pdf
02:54:16 INFO     Finished converting document fiocruz_ptd_anexo_de_entregas_assinado_v1_assinado_assinado-1-copia_tarjada.pdf in 32.03 sec.
02:54:16 INFO       pixel_budget (Docling) fiocruz_ptd_anexo_de_entregas_assinado_v1_assinado_assinado-1-copia_tarjada.pdf: 54.7% (área tabelas/2004847 px²)
02:54:16 INFO     [7/15] ✓ FIOCRUZ   :   62 entregas | 32.0s | ETA ~5min
02:54:16 INFO     [8/15] → funai_anexo_de_entregas_repactuado_2026_2027_assinado_assinado_assinado.pdf
02:54:16 INFO     detected formats: [<InputFormat.PDF: 'pdf'>]
02:54:16 INFO     Going to convert document batch...
02:54:16 INFO     Processing document funai_anexo_de_entregas_repactuado_2026_2027_assinado_assinado_assinado.pdf
02:54:17 INFO     command: tesseract --psm 0 -l osd /tmp/tmpjqpjg5cv.png stdout
02:54:18 INFO     command: tesseract -l por /tmp/tmpjqpjg5cv.png stdout tsv
02:54:31 INFO     Finished converting document funai_anexo_de_entregas_repactuado_2026_2027_assinado_assinado_assinado.pdf in 14.96 sec.
02:54:31 INFO       pixel_budget (Docling) funai_anexo_de_entregas_repactuado_2026_2027_assinado_assinado_assinado.pdf: 49.8% (área tabelas/501212 px²)
02:54:31 INFO     [8/15] ✓ FUNAI     :   22 entregas | 15.0s | ETA ~4min
02:54:31 INFO     [9/15] → funai_ptd_2025_2027_docdiretivo_assinado-1_tarjado.pdf
02:54:31 INFO     detected formats: [<InputFormat.PDF: 'pdf'>]
02:54:31 INFO     Going to convert document batch...
02:54:31 INFO     Processing document funai_ptd_2025_2027_docdiretivo_assinado-1_tarjado.pdf
02:54:33 INFO     command: tesseract --psm 0 -l osd /tmp/tmp986bt5l9.png stdout
02:54:33 INFO     command: tesseract -l por /tmp/tmp986bt5l9.png stdout tsv
02:54:35 INFO     command: tesseract --psm 0 -l osd /tmp/tmpjh9s3caj.png stdout
02:54:36 INFO     command: tesseract -l por /tmp/tmpjh9s3caj.png stdout tsv
02:54:39 INFO     command: tesseract --psm 0 -l osd /tmp/tmp17g9djf3.png stdout
02:54:39 INFO     command: tesseract -l por /tmp/tmp17g9djf3.png stdout tsv
02:54:41 INFO     command: tesseract --psm 0 -l osd /tmp/tmpx01aombw.png stdout
02:54:42 INFO     command: tesseract -l por /tmp/tmpx01aombw.png stdout tsv
02:54:44 INFO     command: tesseract --psm 0 -l osd /tmp/tmplk_olcmg.png stdout
02:54:44 INFO     command: tesseract -l por /tmp/tmplk_olcmg.png stdout tsv
02:54:47 INFO     command: tesseract --psm 0 -l osd /tmp/tmpl98gn4bh.png stdout
02:54:48 INFO     command: tesseract -l por /tmp/tmpl98gn4bh.png stdout tsv
02:54:59 INFO     command: tesseract --psm 0 -l osd /tmp/tmpi84behvo.png stdout
02:54:59 INFO     command: tesseract -l por /tmp/tmpi84behvo.png stdout tsv
02:55:01 INFO     command: tesseract --psm 0 -l osd /tmp/tmpi1yn7upl.png stdout
02:55:02 INFO     command: tesseract -l por /tmp/tmpi1yn7upl.png stdout tsv
02:55:03 INFO     command: tesseract --psm 0 -l osd /tmp/tmp9a4zjr1f.png stdout
02:55:04 INFO     command: tesseract -l por /tmp/tmp9a4zjr1f.png stdout tsv
02:55:05 INFO     command: tesseract --psm 0 -l osd /tmp/tmpp4lck0il.png stdout
02:55:07 INFO     command: tesseract -l por /tmp/tmpp4lck0il.png stdout tsv
02:55:20 INFO     command: tesseract --psm 0 -l osd /tmp/tmpd39493h5.png stdout
02:55:21 INFO     command: tesseract -l por /tmp/tmpd39493h5.png stdout tsv
02:55:27 INFO     command: tesseract --psm 0 -l osd /tmp/tmpt2q0_l57.png stdout
02:55:28 INFO     command: tesseract -l por /tmp/tmpt2q0_l57.png stdout tsv
02:55:30 INFO     command: tesseract --psm 0 -l osd /tmp/tmpehg83pg7.png stdout
02:55:30 INFO     command: tesseract -l por /tmp/tmpehg83pg7.png stdout tsv
02:55:37 INFO     Finished converting document funai_ptd_2025_2027_docdiretivo_assinado-1_tarjado.pdf in 65.52 sec.
02:55:37 INFO       pixel_budget (Docling) funai_ptd_2025_2027_docdiretivo_assinado-1_tarjado.pdf: 16.4% (área tabelas/6515754 px²)
02:55:37 INFO     [9/15] ✓ FUNAI     :    8 entregas | 65.5s | ETA ~4min
02:55:37 INFO     [10/15] → incra_anexo_de_entregas_assinado-1_assinado_assinado-copia_tarjada.pdf
02:55:37 INFO     detected formats: [<InputFormat.PDF: 'pdf'>]
02:55:37 INFO     Going to convert document batch...
02:55:37 INFO     Processing document incra_anexo_de_entregas_assinado-1_assinado_assinado-copia_tarjada.pdf
02:55:38 INFO     command: tesseract --psm 0 -l osd /tmp/tmp4_vh3b2q.png stdout
02:55:39 INFO     command: tesseract -l por /tmp/tmp4_vh3b2q.png stdout tsv
02:55:42 INFO     command: tesseract --psm 0 -l osd /tmp/tmpklps7r18.png stdout
02:55:43 INFO     command: tesseract -l por /tmp/tmpklps7r18.png stdout tsv
02:55:48 INFO     command: tesseract --psm 0 -l osd /tmp/tmp3k2ngg3l.png stdout
02:55:49 INFO     command: tesseract -l por /tmp/tmp3k2ngg3l.png stdout tsv
02:55:53 INFO     command: tesseract --psm 0 -l osd /tmp/tmp3yvlh7p5.png stdout
02:55:54 INFO     command: tesseract -l por /tmp/tmp3yvlh7p5.png stdout tsv
02:55:56 INFO     command: tesseract --psm 0 -l osd /tmp/tmpvtod4px6.png stdout
02:55:56 INFO     command: tesseract -l por /tmp/tmpvtod4px6.png stdout tsv
02:57:29 INFO     Finished converting document incra_anexo_de_entregas_assinado-1_assinado_assinado-copia_tarjada.pdf in 111.97 sec.
02:57:29 INFO       pixel_budget (Docling) incra_anexo_de_entregas_assinado-1_assinado_assinado-copia_tarjada.pdf: 30.0% (área tabelas/2423520 px²)
02:57:29 INFO     [10/15] ✓ INCRA     :   11 entregas | 112.0s | ETA ~4min
02:57:29 INFO     [11/15] → incra_ptd_docdiretivo__assinado-1_assinado_assinado-copia_tarjada.pdf
02:57:29 INFO     detected formats: [<InputFormat.PDF: 'pdf'>]
02:57:29 INFO     Going to convert document batch...
02:57:29 INFO     Processing document incra_ptd_docdiretivo__assinado-1_assinado_assinado-copia_tarjada.pdf
02:57:30 INFO     command: tesseract --psm 0 -l osd /tmp/tmpqov3yrgp.png stdout
02:57:31 INFO     command: tesseract -l por /tmp/tmpqov3yrgp.png stdout tsv
02:57:33 INFO     command: tesseract --psm 0 -l osd /tmp/tmp4a1rk6h0.png stdout
02:57:34 INFO     command: tesseract -l por /tmp/tmp4a1rk6h0.png stdout tsv
02:57:40 INFO     command: tesseract --psm 0 -l osd /tmp/tmpkmwglwg4.png stdout
02:57:40 INFO     command: tesseract -l por /tmp/tmpkmwglwg4.png stdout tsv
02:57:42 INFO     command: tesseract --psm 0 -l osd /tmp/tmpdsjhlci8.png stdout
02:57:43 INFO     command: tesseract -l por /tmp/tmpdsjhlci8.png stdout tsv
02:57:45 INFO     command: tesseract --psm 0 -l osd /tmp/tmpmsfclg2u.png stdout
02:57:46 INFO     command: tesseract -l por /tmp/tmpmsfclg2u.png stdout tsv
02:57:48 INFO     command: tesseract --psm 0 -l osd /tmp/tmp_6lk1zh7.png stdout
02:57:49 INFO     command: tesseract -l por /tmp/tmp_6lk1zh7.png stdout tsv
02:58:03 INFO     command: tesseract --psm 0 -l osd /tmp/tmpgp6n3s_f.png stdout
02:58:04 INFO     command: tesseract -l por /tmp/tmpgp6n3s_f.png stdout tsv
02:58:06 INFO     command: tesseract --psm 0 -l osd /tmp/tmppumd0sof.png stdout
02:58:06 INFO     command: tesseract -l por /tmp/tmppumd0sof.png stdout tsv
02:58:08 INFO     command: tesseract --psm 0 -l osd /tmp/tmp7n0woenj.png stdout
02:58:09 INFO     command: tesseract -l por /tmp/tmp7n0woenj.png stdout tsv
02:58:11 INFO     command: tesseract --psm 0 -l osd /tmp/tmpvm25jq9n.png stdout
02:58:12 INFO     command: tesseract -l por /tmp/tmpvm25jq9n.png stdout tsv
02:58:17 INFO     command: tesseract --psm 0 -l osd /tmp/tmpmi7uv9m5.png stdout
02:58:18 INFO     command: tesseract -l por /tmp/tmpmi7uv9m5.png stdout tsv
02:58:25 INFO     command: tesseract --psm 0 -l osd /tmp/tmphi4l6i25.png stdout
02:58:26 INFO     command: tesseract -l por /tmp/tmphi4l6i25.png stdout tsv
02:58:30 INFO     command: tesseract --psm 0 -l osd /tmp/tmpy_o13_my.png stdout
02:58:30 INFO     command: tesseract -l por /tmp/tmpy_o13_my.png stdout tsv
02:58:38 INFO     Finished converting document incra_ptd_docdiretivo__assinado-1_assinado_assinado-copia_tarjada.pdf in 69.19 sec.
02:58:38 INFO       pixel_budget (Docling) incra_ptd_docdiretivo__assinado-1_assinado_assinado-copia_tarjada.pdf: 20.2% (área tabelas/6515754 px²)
02:58:38 INFO     [11/15] ✓ INCRA     :    9 entregas | 69.2s | ETA ~3min
02:58:38 INFO     [12/15] → iti_anexo_de_entregas_assinado.pdf
02:58:38 INFO     detected formats: [<InputFormat.PDF: 'pdf'>]
02:58:38 INFO     Going to convert document batch...
02:58:38 INFO     Processing document iti_anexo_de_entregas_assinado.pdf
02:58:39 INFO     command: tesseract --psm 0 -l osd /tmp/tmpgydseuxl.png stdout
02:58:40 INFO     command: tesseract -l por /tmp/tmpgydseuxl.png stdout tsv
02:58:56 INFO     Finished converting document iti_anexo_de_entregas_assinado.pdf in 17.50 sec.
02:58:56 INFO       pixel_budget (Docling) iti_anexo_de_entregas_assinado.pdf: 57.2% (área tabelas/501212 px²)
02:58:56 INFO     [12/15] ✓ ITI       :   31 entregas | 17.5s | ETA ~2min
02:58:56 INFO     [13/15] → iti_doc_diretivo_assinado-1_tarjado.pdf
02:58:56 INFO     detected formats: [<InputFormat.PDF: 'pdf'>]
02:58:56 INFO     Going to convert document batch...
02:58:56 INFO     Processing document iti_doc_diretivo_assinado-1_tarjado.pdf
02:58:56 INFO     command: tesseract --psm 0 -l osd /tmp/tmpugfw4d6o.png stdout
02:58:57 INFO     command: tesseract -l por /tmp/tmpugfw4d6o.png stdout tsv
02:58:59 INFO     command: tesseract --psm 0 -l osd /tmp/tmpqrlvd6wi.png stdout
02:59:01 INFO     command: tesseract -l por /tmp/tmpqrlvd6wi.png stdout tsv
02:59:05 INFO     command: tesseract --psm 0 -l osd /tmp/tmps18v73qh.png stdout
02:59:06 INFO     command: tesseract -l por /tmp/tmps18v73qh.png stdout tsv
02:59:08 INFO     command: tesseract --psm 0 -l osd /tmp/tmp6zjj5fln.png stdout
02:59:09 INFO     command: tesseract -l por /tmp/tmp6zjj5fln.png stdout tsv
02:59:10 INFO     command: tesseract --psm 0 -l osd /tmp/tmp57vk47az.png stdout
02:59:11 INFO     command: tesseract -l por /tmp/tmp57vk47az.png stdout tsv
02:59:13 INFO     command: tesseract --psm 0 -l osd /tmp/tmp2rr_7s5p.png stdout
02:59:15 INFO     command: tesseract -l por /tmp/tmp2rr_7s5p.png stdout tsv
02:59:28 INFO     command: tesseract --psm 0 -l osd /tmp/tmpq3bgn_9y.png stdout
02:59:29 INFO     command: tesseract -l por /tmp/tmpq3bgn_9y.png stdout tsv
02:59:31 INFO     command: tesseract --psm 0 -l osd /tmp/tmpyc51w47e.png stdout
02:59:32 INFO     command: tesseract -l por /tmp/tmpyc51w47e.png stdout tsv
02:59:34 INFO     command: tesseract --psm 0 -l osd /tmp/tmp4l90bwur.png stdout
02:59:35 INFO     command: tesseract -l por /tmp/tmp4l90bwur.png stdout tsv
02:59:37 INFO     command: tesseract --psm 0 -l osd /tmp/tmpkonkvzt4.png stdout
02:59:38 INFO     command: tesseract -l por /tmp/tmpkonkvzt4.png stdout tsv
02:59:46 INFO     command: tesseract --psm 0 -l osd /tmp/tmpt3c0un0w.png stdout
02:59:47 INFO     command: tesseract -l por /tmp/tmpt3c0un0w.png stdout tsv
02:59:55 INFO     Finished converting document iti_doc_diretivo_assinado-1_tarjado.pdf in 59.41 sec.
02:59:55 INFO       pixel_budget (Docling) iti_doc_diretivo_assinado-1_tarjado.pdf: 8.0% (área tabelas/5516339 px²)
02:59:55 INFO     [13/15] ✓ ITI       :    6 entregas | 59.4s | ETA ~1min
02:59:55 INFO     [14/15] → sgpr_ptd_2025_2027_anexo_de_entregas_assinado-copia_tarjada.pdf
02:59:55 INFO     detected formats: [<InputFormat.PDF: 'pdf'>]
02:59:55 INFO     Going to convert document batch...
02:59:55 INFO     Processing document sgpr_ptd_2025_2027_anexo_de_entregas_assinado-copia_tarjada.pdf
02:59:56 INFO     command: tesseract --psm 0 -l osd /tmp/tmpd8eedjtk.png stdout
02:59:57 INFO     command: tesseract -l por /tmp/tmpd8eedjtk.png stdout tsv
03:00:00 INFO     command: tesseract --psm 0 -l osd /tmp/tmp0qg4qxnk.png stdout
03:00:01 INFO     command: tesseract -l por /tmp/tmp0qg4qxnk.png stdout tsv
03:00:14 INFO     Finished converting document sgpr_ptd_2025_2027_anexo_de_entregas_assinado-copia_tarjada.pdf in 18.84 sec.
03:00:14 INFO       pixel_budget (Docling) sgpr_ptd_2025_2027_anexo_de_entregas_assinado-copia_tarjada.pdf: 29.5% (área tabelas/1002424 px²)
03:00:14 INFO     [14/15] ✓ SGPR      :   18 entregas | 18.8s | ETA ~48s
03:00:14 INFO     [15/15] → sgpr_ptd_2026_2027_docdiretivo_assinado-copia_tarjada.pdf
03:00:14 INFO     detected formats: [<InputFormat.PDF: 'pdf'>]
03:00:14 INFO     Going to convert document batch...
03:00:14 INFO     Processing document sgpr_ptd_2026_2027_docdiretivo_assinado-copia_tarjada.pdf
03:00:34 INFO     Finished converting document sgpr_ptd_2026_2027_docdiretivo_assinado-copia_tarjada.pdf in 19.92 sec.
03:00:34 INFO       pixel_budget (Docling) sgpr_ptd_2026_2027_docdiretivo_assinado-copia_tarjada.pdf: 8.2% (área tabelas/5513330 px²)
03:00:34 WARNING  [15/15] ⚠ SGPR      :    0 entregas | 19.9s | ETA ~0s
03:00:34 INFO     261 registros | 7 órgãos
03:00:34 INFO     ╔══════════════════════════════════════════════════════════════╗
03:00:34 INFO     ║                  ENTREGAS — fase concluída                   ║
03:00:34 INFO     ║  Processados: 15    |  ✓ 11  ⚠ 4                             ║
03:00:34 INFO     ║  Duração: 11.5 min                                           ║
03:00:34 INFO     ║  261 registros | 7 órgãos                                    ║
03:00:34 INFO     ╚══════════════════════════════════════════════════════════════╝
03:00:34 INFO     [1/7] → agu_ptd_2025_2027_docdiretivo_assinado_assinado_assinado-copia_tarjada.pdf
03:00:34 INFO     detected formats: [<InputFormat.PDF: 'pdf'>]
03:00:34 INFO     Going to convert document batch...
03:00:34 INFO     Processing document agu_ptd_2025_2027_docdiretivo_assinado_assinado_assinado-copia_tarjada.pdf
03:00:34 INFO     command: tesseract --psm 0 -l osd /tmp/tmp13_0pw2d.png stdout
03:00:35 INFO     command: tesseract -l por /tmp/tmp13_0pw2d.png stdout tsv
03:00:37 INFO     command: tesseract --psm 0 -l osd /tmp/tmpl3a7_xz_.png stdout
03:00:38 INFO     command: tesseract -l por /tmp/tmpl3a7_xz_.png stdout tsv
03:00:42 INFO     command: tesseract --psm 0 -l osd /tmp/tmpozfjtft0.png stdout
03:00:43 INFO     command: tesseract -l por /tmp/tmpozfjtft0.png stdout tsv
03:00:45 INFO     command: tesseract --psm 0 -l osd /tmp/tmprnr2qft4.png stdout
03:00:46 INFO     command: tesseract -l por /tmp/tmprnr2qft4.png stdout tsv
03:00:48 INFO     command: tesseract --psm 0 -l osd /tmp/tmpyuu1q5tk.png stdout
03:00:49 INFO     command: tesseract -l por /tmp/tmpyuu1q5tk.png stdout tsv
03:00:51 INFO     command: tesseract --psm 0 -l osd /tmp/tmpas97vt6f.png stdout
03:00:52 INFO     command: tesseract -l por /tmp/tmpas97vt6f.png stdout tsv
03:01:03 INFO     command: tesseract --psm 0 -l osd /tmp/tmpfem9xfeq.png stdout
03:01:04 INFO     command: tesseract -l por /tmp/tmpfem9xfeq.png stdout tsv
03:01:06 INFO     command: tesseract --psm 0 -l osd /tmp/tmpc96uq4lg.png stdout
03:01:07 INFO     command: tesseract -l por /tmp/tmpc96uq4lg.png stdout tsv
03:01:09 INFO     command: tesseract --psm 0 -l osd /tmp/tmpv08tpn4m.png stdout
03:01:10 INFO     command: tesseract -l por /tmp/tmpv08tpn4m.png stdout tsv
03:01:12 INFO     command: tesseract --psm 0 -l osd /tmp/tmpem_8zs6_.png stdout
03:01:14 INFO     command: tesseract -l por /tmp/tmpem_8zs6_.png stdout tsv
03:01:29 INFO     command: tesseract --psm 0 -l osd /tmp/tmpc3l5xc_6.png stdout
03:01:29 INFO     command: tesseract -l por /tmp/tmpc3l5xc_6.png stdout tsv
03:01:33 INFO     Finished converting document agu_ptd_2025_2027_docdiretivo_assinado_assinado_assinado-copia_tarjada.pdf in 58.97 sec.
03:01:33 INFO     [1/7] ✓ AGU       :   7 riscos | 59.0s | ETA ~5min
03:01:33 INFO     [2/7] → documento-diretivo-mcom-_-ptd-25_27-copia_tarjada.pdf
03:01:33 INFO     detected formats: [<InputFormat.PDF: 'pdf'>]
03:01:33 INFO     Going to convert document batch...
03:01:33 INFO     Processing document documento-diretivo-mcom-_-ptd-25_27-copia_tarjada.pdf
03:01:33 INFO     command: tesseract --psm 0 -l osd /tmp/tmppkvkt9rs.png stdout
03:01:34 INFO     command: tesseract -l por /tmp/tmppkvkt9rs.png stdout tsv
03:01:37 INFO     command: tesseract --psm 0 -l osd /tmp/tmpvxamzowz.png stdout
03:01:38 INFO     command: tesseract -l por /tmp/tmpvxamzowz.png stdout tsv
03:01:44 INFO     command: tesseract --psm 0 -l osd /tmp/tmpnl9u_qxi.png stdout
03:01:44 INFO     command: tesseract -l por /tmp/tmpnl9u_qxi.png stdout tsv
03:01:45 INFO     command: tesseract --psm 0 -l osd /tmp/tmptsbjpk4t.png stdout
03:01:46 INFO     command: tesseract -l por /tmp/tmptsbjpk4t.png stdout tsv
03:01:48 INFO     command: tesseract --psm 0 -l osd /tmp/tmp3k8rwgxz.png stdout
03:01:49 INFO     command: tesseract -l por /tmp/tmp3k8rwgxz.png stdout tsv
03:01:51 INFO     command: tesseract --psm 0 -l osd /tmp/tmpzfdw1gmx.png stdout
03:01:53 INFO     command: tesseract -l por /tmp/tmpzfdw1gmx.png stdout tsv
03:02:04 INFO     command: tesseract --psm 0 -l osd /tmp/tmpck312y8w.png stdout
03:02:05 INFO     command: tesseract -l por /tmp/tmpck312y8w.png stdout tsv
03:02:10 INFO     command: tesseract --psm 0 -l osd /tmp/tmpwf7sy97j.png stdout
03:02:11 INFO     command: tesseract -l por /tmp/tmpwf7sy97j.png stdout tsv
03:02:13 INFO     command: tesseract --psm 0 -l osd /tmp/tmptoahx6im.png stdout
03:02:14 INFO     command: tesseract -l por /tmp/tmptoahx6im.png stdout tsv
03:02:16 INFO     command: tesseract --psm 0 -l osd /tmp/tmp4p8xlppt.png stdout
03:02:17 INFO     command: tesseract -l por /tmp/tmp4p8xlppt.png stdout tsv
03:02:23 INFO     command: tesseract --psm 0 -l osd /tmp/tmposlq3pwm.png stdout
03:02:24 INFO     command: tesseract -l por /tmp/tmposlq3pwm.png stdout tsv
03:02:29 INFO     command: tesseract --psm 0 -l osd /tmp/tmpazmp5xrs.png stdout
03:02:30 INFO     command: tesseract -l por /tmp/tmpazmp5xrs.png stdout tsv
03:02:32 INFO     command: tesseract --psm 0 -l osd /tmp/tmpotq3qvrm.png stdout
03:02:32 INFO     command: tesseract -l por /tmp/tmpotq3qvrm.png stdout tsv
03:02:34 INFO     command: tesseract --psm 0 -l osd /tmp/tmpsdogjpiz.png stdout
03:02:35 INFO     command: tesseract -l por /tmp/tmpsdogjpiz.png stdout tsv
03:02:41 INFO     Finished converting document documento-diretivo-mcom-_-ptd-25_27-copia_tarjada.pdf in 68.76 sec.
03:02:41 INFO     [2/7] ✓ MCOM      :  14 riscos | 68.8s | ETA ~5min
03:02:41 INFO     [3/7] → fiocruz_novo-ptd_2-1_docdiretivo_repactuacao_2024-2026_assinado_assinado-copia_tarjada.pdf
03:02:41 INFO     detected formats: [<InputFormat.PDF: 'pdf'>]
03:02:41 INFO     Going to convert document batch...
03:02:41 INFO     Processing document fiocruz_novo-ptd_2-1_docdiretivo_repactuacao_2024-2026_assinado_assinado-copia_tarjada.pdf
03:02:59 INFO     Finished converting document fiocruz_novo-ptd_2-1_docdiretivo_repactuacao_2024-2026_assinado_assinado-copia_tarjada.pdf in 17.80 sec.
03:02:59 INFO     [3/7] ✓ FIOCRUZ   :   6 riscos | 17.8s | ETA ~3min
03:02:59 INFO     [4/7] → funai_ptd_2025_2027_docdiretivo_assinado-1_tarjado.pdf
03:02:59 INFO     detected formats: [<InputFormat.PDF: 'pdf'>]
03:02:59 INFO     Going to convert document batch...
03:02:59 INFO     Processing document funai_ptd_2025_2027_docdiretivo_assinado-1_tarjado.pdf
03:03:01 INFO     command: tesseract --psm 0 -l osd /tmp/tmpcn976666.png stdout
03:03:01 INFO     command: tesseract -l por /tmp/tmpcn976666.png stdout tsv
03:03:02 INFO     command: tesseract --psm 0 -l osd /tmp/tmppx96cxtd.png stdout
03:03:04 INFO     command: tesseract -l por /tmp/tmppx96cxtd.png stdout tsv
03:03:07 INFO     command: tesseract --psm 0 -l osd /tmp/tmp_xb9y5o1.png stdout
03:03:08 INFO     command: tesseract -l por /tmp/tmp_xb9y5o1.png stdout tsv
03:03:10 INFO     command: tesseract --psm 0 -l osd /tmp/tmputfo5vta.png stdout
03:03:10 INFO     command: tesseract -l por /tmp/tmputfo5vta.png stdout tsv
03:03:12 INFO     command: tesseract --psm 0 -l osd /tmp/tmp5s7m11hc.png stdout
03:03:13 INFO     command: tesseract -l por /tmp/tmp5s7m11hc.png stdout tsv
03:03:15 INFO     command: tesseract --psm 0 -l osd /tmp/tmpjf0dflj9.png stdout
03:03:16 INFO     command: tesseract -l por /tmp/tmpjf0dflj9.png stdout tsv
03:03:27 INFO     command: tesseract --psm 0 -l osd /tmp/tmpqii4d249.png stdout
03:03:27 INFO     command: tesseract -l por /tmp/tmpqii4d249.png stdout tsv
03:03:29 INFO     command: tesseract --psm 0 -l osd /tmp/tmpeeq9dxai.png stdout
03:03:30 INFO     command: tesseract -l por /tmp/tmpeeq9dxai.png stdout tsv
03:03:31 INFO     command: tesseract --psm 0 -l osd /tmp/tmpxpct314l.png stdout
03:03:32 INFO     command: tesseract -l por /tmp/tmpxpct314l.png stdout tsv
03:03:33 INFO     command: tesseract --psm 0 -l osd /tmp/tmpwj5aveba.png stdout
03:03:35 INFO     command: tesseract -l por /tmp/tmpwj5aveba.png stdout tsv
03:03:48 INFO     command: tesseract --psm 0 -l osd /tmp/tmp4ts7i50w.png stdout
03:03:49 INFO     command: tesseract -l por /tmp/tmp4ts7i50w.png stdout tsv
03:03:57 INFO     command: tesseract --psm 0 -l osd /tmp/tmpk84oy8nt.png stdout
03:03:58 INFO     command: tesseract -l por /tmp/tmpk84oy8nt.png stdout tsv
03:03:59 INFO     command: tesseract --psm 0 -l osd /tmp/tmp55c67pd8.png stdout
03:04:00 INFO     command: tesseract -l por /tmp/tmp55c67pd8.png stdout tsv
03:04:07 INFO     Finished converting document funai_ptd_2025_2027_docdiretivo_assinado-1_tarjado.pdf in 67.37 sec.
03:04:07 INFO     [4/7] ✓ FUNAI     :  15 riscos | 67.4s | ETA ~2min
03:04:07 INFO     [5/7] → incra_ptd_docdiretivo__assinado-1_assinado_assinado-copia_tarjada.pdf
03:04:07 INFO     detected formats: [<InputFormat.PDF: 'pdf'>]
03:04:07 INFO     Going to convert document batch...
03:04:07 INFO     Processing document incra_ptd_docdiretivo__assinado-1_assinado_assinado-copia_tarjada.pdf
03:04:08 INFO     command: tesseract --psm 0 -l osd /tmp/tmpo_mbqtrl.png stdout
03:04:08 INFO     command: tesseract -l por /tmp/tmpo_mbqtrl.png stdout tsv
03:04:11 INFO     command: tesseract --psm 0 -l osd /tmp/tmp99wjq17t.png stdout
03:04:12 INFO     command: tesseract -l por /tmp/tmp99wjq17t.png stdout tsv
03:04:18 INFO     command: tesseract --psm 0 -l osd /tmp/tmpb32tv_z6.png stdout
03:04:19 INFO     command: tesseract -l por /tmp/tmpb32tv_z6.png stdout tsv
03:04:21 INFO     command: tesseract --psm 0 -l osd /tmp/tmpy3da3wsx.png stdout
03:04:22 INFO     command: tesseract -l por /tmp/tmpy3da3wsx.png stdout tsv
03:04:23 INFO     command: tesseract --psm 0 -l osd /tmp/tmpjosr2_y2.png stdout
03:04:24 INFO     command: tesseract -l por /tmp/tmpjosr2_y2.png stdout tsv
03:04:26 INFO     command: tesseract --psm 0 -l osd /tmp/tmp_w2gzju9.png stdout
03:04:28 INFO     command: tesseract -l por /tmp/tmp_w2gzju9.png stdout tsv
03:04:44 INFO     command: tesseract --psm 0 -l osd /tmp/tmp50h2vhvp.png stdout
03:04:44 INFO     command: tesseract -l por /tmp/tmp50h2vhvp.png stdout tsv
03:04:46 INFO     command: tesseract --psm 0 -l osd /tmp/tmpvf7fc8k7.png stdout
03:04:47 INFO     command: tesseract -l por /tmp/tmpvf7fc8k7.png stdout tsv
03:04:48 INFO     command: tesseract --psm 0 -l osd /tmp/tmpshpgyxou.png stdout
03:04:49 INFO     command: tesseract -l por /tmp/tmpshpgyxou.png stdout tsv
03:04:51 INFO     command: tesseract --psm 0 -l osd /tmp/tmpp2lpklsv.png stdout
03:04:52 INFO     command: tesseract -l por /tmp/tmpp2lpklsv.png stdout tsv
03:04:58 INFO     command: tesseract --psm 0 -l osd /tmp/tmpofc8q929.png stdout
03:04:59 INFO     command: tesseract -l por /tmp/tmpofc8q929.png stdout tsv
03:05:06 INFO     command: tesseract --psm 0 -l osd /tmp/tmp320jaae2.png stdout
03:05:07 INFO     command: tesseract -l por /tmp/tmp320jaae2.png stdout tsv
03:05:10 INFO     command: tesseract --psm 0 -l osd /tmp/tmp6figr_so.png stdout
03:05:11 INFO     command: tesseract -l por /tmp/tmp6figr_so.png stdout tsv
03:05:19 INFO     Finished converting document incra_ptd_docdiretivo__assinado-1_assinado_assinado-copia_tarjada.pdf in 71.99 sec.
03:05:19 INFO     [5/7] ✓ INCRA     :  15 riscos | 72.0s | ETA ~1min
03:05:19 INFO     [6/7] → iti_doc_diretivo_assinado-1_tarjado.pdf
03:05:19 INFO     detected formats: [<InputFormat.PDF: 'pdf'>]
03:05:19 INFO     Going to convert document batch...
03:05:19 INFO     Processing document iti_doc_diretivo_assinado-1_tarjado.pdf
03:05:19 INFO     command: tesseract --psm 0 -l osd /tmp/tmp8zjc84om.png stdout
03:05:20 INFO     command: tesseract -l por /tmp/tmp8zjc84om.png stdout tsv
03:05:22 INFO     command: tesseract --psm 0 -l osd /tmp/tmpfet3lxpq.png stdout
03:05:23 INFO     command: tesseract -l por /tmp/tmpfet3lxpq.png stdout tsv
03:05:26 INFO     command: tesseract --psm 0 -l osd /tmp/tmpmabeekqe.png stdout
03:05:27 INFO     command: tesseract -l por /tmp/tmpmabeekqe.png stdout tsv
03:05:29 INFO     command: tesseract --psm 0 -l osd /tmp/tmp26n4ffld.png stdout
03:05:29 INFO     command: tesseract -l por /tmp/tmp26n4ffld.png stdout tsv
03:05:31 INFO     command: tesseract --psm 0 -l osd /tmp/tmph8hn1gg7.png stdout
03:05:32 INFO     command: tesseract -l por /tmp/tmph8hn1gg7.png stdout tsv
03:05:34 INFO     command: tesseract --psm 0 -l osd /tmp/tmpwybsw906.png stdout
03:05:35 INFO     command: tesseract -l por /tmp/tmpwybsw906.png stdout tsv
03:05:52 INFO     command: tesseract --psm 0 -l osd /tmp/tmpb198at6z.png stdout
03:05:52 INFO     command: tesseract -l por /tmp/tmpb198at6z.png stdout tsv
03:05:55 INFO     command: tesseract --psm 0 -l osd /tmp/tmp9sh8s9jb.png stdout
03:05:55 INFO     command: tesseract -l por /tmp/tmp9sh8s9jb.png stdout tsv
03:05:57 INFO     command: tesseract --psm 0 -l osd /tmp/tmpgx_bdqcj.png stdout
03:05:58 INFO     command: tesseract -l por /tmp/tmpgx_bdqcj.png stdout tsv
03:06:00 INFO     command: tesseract --psm 0 -l osd /tmp/tmplv6w4fmb.png stdout
03:06:02 INFO     command: tesseract -l por /tmp/tmplv6w4fmb.png stdout tsv
03:06:12 INFO     command: tesseract --psm 0 -l osd /tmp/tmpxonvnh84.png stdout
03:06:13 INFO     command: tesseract -l por /tmp/tmpxonvnh84.png stdout tsv
03:06:17 INFO     Finished converting document iti_doc_diretivo_assinado-1_tarjado.pdf in 58.71 sec.
03:06:17 INFO     [6/7] ✓ ITI       :  14 riscos | 58.7s | ETA ~57s
03:06:17 INFO     [7/7] → sgpr_ptd_2026_2027_docdiretivo_assinado-copia_tarjada.pdf
03:06:17 INFO     detected formats: [<InputFormat.PDF: 'pdf'>]
03:06:17 INFO     Going to convert document batch...
03:06:17 INFO     Processing document sgpr_ptd_2026_2027_docdiretivo_assinado-copia_tarjada.pdf
03:06:38 INFO     Finished converting document sgpr_ptd_2026_2027_docdiretivo_assinado-copia_tarjada.pdf in 20.15 sec.
03:06:38 INFO     [7/7] ✓ SGPR      :  10 riscos | 20.2s | ETA ~0s
03:06:38 INFO     ╔══════════════════════════════════════════════════════════════╗
03:06:38 INFO     ║                   RISCOS — fase concluída                    ║
03:06:38 INFO     ║  Processados: 7     |  ✓ 7  ⚠ 0                              ║
03:06:38 INFO     ║  Duração: 6.1 min                                            ║
03:06:38 INFO     ║  81 riscos | 7 órgãos                                        ║
03:06:38 INFO     ╚══════════════════════════════════════════════════════════════╝
03:06:38 INFO     81 riscos | 0 ações | 135 relações
03:06:38 INFO     ptd_corpus_raw                     : 261 linhas
03:06:38 INFO     ptd_pivot_eixos                    : 7 linhas
03:06:41 INFO     ptd_datas_assinatura               : 132 linhas
03:06:41 INFO     ptd_riscos                         : 81 linhas
03:06:41 INFO     ptd_riscos_acoes                   : 135 linhas
03:06:41 INFO     Manifesto salvo: pipeline_manifest.json | SHA-256 de 132 PDFs
03:06:41 INFO     ==================================================
03:06:41 INFO     PTD-BR v3.0-melhorado — PIPELINE CONCLUÍDO
03:06:41 INFO     ==================================================
03:06:41 INFO     ptd_corpus_raw.csv                        160 KB
03:06:41 INFO     ptd_pivot_eixos.csv                         0 KB
03:06:41 INFO     ptd_datas_assinatura.csv                    9 KB
03:06:41 INFO     ptd_riscos.csv                             23 KB
03:06:41 INFO     ptd_riscos_acoes.csv                        2 KB
03:06:41 INFO     proveniencia.json                           0 KB
03:06:41 INFO     pipeline_manifest.json                     20 KB
03:06:41 INFO     📦 Artefatos: https://github.com/freirelucas/teste/actions/runs/24016496176
03:06:41 INFO     ==================================================
