22:41:56 INFO     Docling disponível
22:41:56 WARNING  OCR fallback indisponível (IndentationError: unexpected indent (ptd_ocr_fallback.py, line 45))
22:41:57 INFO     Ignorado (guia/template/norma): ABNT-NBR-17225-Acessibilidade-Digital.pdf
22:41:57 INFO     Ignorado (guia/template/norma): cgrep-guia10passos-ptd-orgao.pdf
22:41:57 INFO     Ignorado (guia/template/norma): ABNT-NBR-17225-Acessibilidade-Digital.pdf
22:41:57 INFO     Scraping: 132 PDFs únicos | entregas: 68 | diretivos: 61
22:41:57 INFO     Baixando 132 PDFs únicos...
22:41:59 INFO     ✓ [  1/132] abin_ptd_anexo_de_entregas_assinado_pelo_orgao_ass   293.3KB
22:42:04 INFO     ✓ [  2/132] aeb_ptd_2025_2027_docdiretivo_aprovado_assinado-1_  1033.7KB
22:42:07 INFO     ✓ [  3/132] aeb_ptd_2025_2027_anexo_de_entregas_aprovado_assin   154.5KB
22:42:14 INFO     ✓ [  4/132] agu_ptd_2025_2027_docdiretivo_assinado_assinado_as  2860.3KB
22:42:17 INFO     ✓ [  5/132] agu_ptd_2025_2027_anexo_de_entregas_assinado_assin   525.5KB
22:42:20 INFO     ✓ [  6/132] ana_ptd_2025_2027_docdiretivo_assinado_assinado_as   477.2KB
22:42:23 INFO     ✓ [  7/132] ana_ptd_2025_2027_anexoentregas_assinado_assinado_   170.9KB
22:42:27 INFO     ✓ [  8/132] anac_ptd_2025_2026_docdiretivo_se_assinado_tarjado  1036.3KB
22:42:30 INFO     ✓ [  9/132] anac_ptd_2025_2026_anexo_de_entregas_se_assinado.p   215.2KB
22:42:34 INFO     ✓ [ 10/132] anatel_ptd_docdiretivo_assinado_2025_2026_assinado  1006.0KB
22:42:36 INFO     ✓ [ 11/132] anatel_ptd_2025_2026_anexo_de_entregas_do_ptd_publ    71.9KB
22:42:40 INFO     ✓ [ 12/132] ancine_ptd_2024_2026_docdiretivo_assinado-2_assina   961.8KB
22:42:44 INFO     ✓ [ 13/132] ancine_ptd_2024_2026_-_anexo_de_entregas_aprovado_   613.2KB
22:42:47 INFO     ✓ [ 14/132] ptd_aneel_2025-2027_docdiretivo_assinado_tarjado.p   779.6KB
22:42:50 INFO     ✓ [ 15/132] ptd_aneel_2025-2027_anexo_de_entregas_assinado.pdf   111.9KB
22:42:54 INFO     ✓ [ 16/132] anm_ptd_2025_2027_docdiretivo_assinadopeloorgao_ta  1092.5KB
22:42:58 INFO     ✓ [ 17/132] anm_ptd_2025_2027_anexo_entregas_assinadopeloorgao  1140.4KB
22:43:03 INFO     ✓ [ 18/132] anpd_ptd_2025_2027_docdiretivo_assinado_assinado_a  1044.3KB
22:43:05 INFO     ✓ [ 19/132] anpd_ptd_2025_2027_anexo_de_entregas_assinado_assi   166.5KB
22:43:09 INFO     ✓ [ 20/132] ans-plano_de_transformacao_digital_assinado-copia_  1023.4KB
22:43:12 INFO     ✓ [ 21/132] ans_ptd_2025_2026_anexo_de_entregas_assinado_assin   124.1KB
22:43:16 INFO     ✓ [ 22/132] antaq_ptd_2025_2027_docdiretivo_assinado_assinado_  1039.8KB
22:43:18 INFO     ✓ [ 23/132] antaq_ptd_2025_2027_anexoentregas_assinado_assinad   145.1KB
22:43:21 INFO     ✓ [ 24/132] mt_anexo_de_entregas_-_assinado_assinado_assinado_   143.6KB
22:43:32 INFO     ✓ [ 25/132] anvisa_ptd_docdiretivo_2025-2026_assinado_assinado  5771.2KB
22:43:35 INFO     ✓ [ 26/132] anvisa_ptd_anexo_de_entregas_2025_2026_assinado_as   239.0KB
22:43:39 INFO     ✓ [ 27/132] bcb_documento_diretivo_assinado_assinado_assinado-   713.7KB
22:43:41 INFO     ✓ [ 28/132] bcb_anexo_de_entregas_ptd_25_26-1_assinado_assinad   134.8KB
22:43:45 INFO     ✓ [ 29/132] cade_ptd_docdiretivo_2025_2026_assinado-2_assinado   810.4KB
22:43:48 INFO     ✓ [ 30/132] cade_ptd_anexo_de_entregas_2025_2026_assinado_copi   504.0KB
22:43:52 INFO     ✓ [ 31/132] mec_ptd_docdiretivo_2025-2026_sei_mec-5566673_copi   863.1KB
22:43:55 INFO     ✓ [ 32/132] mec_ptd_anexo-de-entregas_sei_mec-5576401_copia_ta   495.7KB
22:44:00 INFO     ✓ [ 33/132] mec_ptd_docdiretivo-versao-comunicacao_copia_tarja  1616.5KB
22:44:03 INFO     ✓ [ 34/132] md_ptd_2026_2027_anexo_de_entregas_assinado_assina   579.4KB
22:44:06 INFO     ✓ [ 35/132] md_ptd_2026_2027_anexo_de_entregas_assinado_assina   186.8KB
22:44:10 INFO     ✓ [ 36/132] md_ptd_temp_copia_tarjada.pdf                        741.9KB
22:44:14 INFO     ✓ [ 37/132] cgu_ptd_docdiretivo_assinado_assinado_assinado-cop  1085.4KB
22:44:17 INFO     ✓ [ 38/132] cgu_ptd_anexo_de_entregas_pactuadas_assinado_assin   514.1KB
22:44:20 INFO     ✓ [ 39/132] cnpq_ptd_2025_2027_docdiretivo_assinado_assinado_a   342.9KB
22:44:23 INFO     ✓ [ 40/132] cnpq_ptd_2025_2027_anexo_de_entregas_assinado_assi   136.1KB
22:44:27 INFO     ✓ [ 41/132] coaf_ptd_2025_2026_documento_diretivo_assinado_ass  1068.0KB
22:44:35 INFO     ✓ [ 42/132] coaf_ptd_2025_2026_anexo_de_entregas-2_assinado_as  3184.5KB
22:44:43 INFO     ✓ [ 43/132] ptd_midr-docdiretivo_aprovado_assinado_tarjado.pdf  3864.1KB
22:44:48 INFO     ✓ [ 44/132] ptd_midr_-_anexo_de_entregas_-_aprovado_assinado.p  1122.0KB
22:44:51 INFO     ✓ [ 45/132] mda-documento-diretivo-assinado_ptd-2025-207-copia   955.8KB
22:44:54 INFO     ✓ [ 46/132] cvm_ptd_2025_2027_docdiretivo_assinado_assinado_as   270.5KB
22:44:57 INFO     ✓ [ 47/132] cvm_ptd_2025_2027_anexoentregas_assinado_assinado_   409.0KB
22:45:01 INFO     ✓ [ 48/132] dnocs_ptd_doc_diretivo_2025_2026_assinado_orgao-2_   891.1KB
22:45:04 INFO     ✓ [ 49/132] dnocs_anexo_de_entregas_repactuado_2025_2026_assin   272.3KB
22:45:11 INFO     ✓ [ 50/132] fbn_ptd_2025_2027_docdiretivo_assinado-1_tarjado.p  2921.6KB
22:45:14 INFO     ✓ [ 51/132] fbn_ptd_2025_2027_anexo_de_entregas_assinado-1.pdf   162.3KB
22:45:19 INFO     ✓ [ 52/132] fcp_ptd_2025_2027_docdiretivo_assinado-1_tarjado.p  1612.0KB
22:45:21 INFO     ✓ [ 53/132] fcp_ptd_2025_2027_anexo_de_entregas_assinado-1.pdf   118.8KB
22:45:25 INFO     ✓ [ 54/132] fcrb_ptd_2025_2026_docdiretivo_aprovado_assinado-1   998.2KB
22:45:28 INFO     ✓ [ 55/132] fcrb_ptd_2025_2026_anexo_de_entregas_aprovado_assi   313.5KB
22:45:32 INFO     ✓ [ 56/132] fiocruz_novo-ptd_2-1_docdiretivo_repactuacao_2024-  1318.1KB
22:45:35 INFO     ✓ [ 57/132] fiocruz_ptd_anexo_de_entregas_assinado_v1_assinado   257.1KB
22:45:40 INFO     ✓ [ 58/132] fiocruz-ptd-06_2024-copia_tarjada.pdf               1693.8KB
22:45:45 INFO     ✓ [ 59/132] funai_ptd_2025_2027_docdiretivo_assinado-1_tarjado  1842.1KB
22:45:49 INFO     ✓ [ 60/132] funai_anexo_de_entregas_repactuado_2026_2027_assin   435.7KB
22:45:53 INFO     ✓ [ 61/132] funarte_ptd_docdiretivo_assinado_21_01_2025_assina   965.7KB
22:45:56 INFO     ✓ [ 62/132] funarte_ptd_anexo_de_entregas_assinado_v1_assinado   683.6KB
22:46:00 INFO     ✓ [ 63/132] fundacentro_ptd_2025_2027_docdiretivo_assinado_ass   826.6KB
22:46:03 INFO     ✓ [ 64/132] fundacentro_ptd_2025_2027_anexo_de_entregas_assina   635.5KB
22:46:07 INFO     ✓ [ 65/132] mma_ptd_docdiretivo_assinado_2025_2026-1_assinado_   949.3KB
22:46:10 INFO     ✓ [ 66/132] mma_ptd_anexo_de_entregas_aprovado_final_assinado_   174.8KB
22:46:14 INFO     ✓ [ 67/132] ibge_docdiretivo_2025_assinado_assinado_assinado-c  1167.3KB
22:46:17 INFO     ✓ [ 68/132] ibge_ptd_25_26_anexo_de_entregas_modelo_v2-1_assin   143.7KB
22:46:31 INFO     ✓ [ 69/132] incra_ptd_docdiretivo__assinado-1_assinado_assinad  7182.0KB
22:46:36 INFO     ✓ [ 70/132] incra_anexo_de_entregas_assinado-1_assinado_assina  1818.6KB
22:46:44 INFO     ✓ [ 71/132] inpi_ptd_docdiretivo_assinado_2025_2026_assinado_a  3322.4KB
22:46:51 INFO     ✓ [ 72/132] inpi_ptd_anexo_de_entregas_assinado_v1_assinado_as  3078.1KB
22:46:55 INFO     ✓ [ 73/132] inss_ptd_2025_2027_docdiretivo-assinado-copia_tarj  1173.3KB
22:46:58 INFO     ✓ [ 74/132] inss_ptd_2025_2027_anexo_de_entregas-assinado-copi   110.8KB
22:47:01 INFO     ✓ [ 75/132] iphan_ptd_docdiretivo_assinado_2025_2026_assinado_   885.7KB
22:47:04 INFO     ✓ [ 76/132] iphan_ptd_anexo_de_entregas_assinado_v1_assinado_a   310.9KB
22:47:14 INFO     ✓ [ 77/132] iti_doc_diretivo_assinado-1_tarjado.pdf             4905.1KB
22:47:18 INFO     ✓ [ 78/132] iti_anexo_de_entregas_assinado.pdf                   556.4KB
22:47:23 INFO     ✓ [ 79/132] mapa_ptd_2025_2027_docdiretivo_assinado-1_tarjado.  1740.9KB
22:47:26 INFO     ✓ [ 80/132] mapa_ptd_2025_2027_anexo_de_entregas_assinado-1.pd   261.9KB
22:47:35 INFO     ✓ [ 81/132] documento-diretivo-mcom-_-ptd-25_27-copia_tarjada.  4451.9KB
22:47:39 INFO     ✓ [ 82/132] anexo-de-entregas-mcom_ptd-25_27-copia_tarjada.pdf  1213.8KB
22:47:47 INFO     ✓ [ 83/132] ptd_21_24_mcom-copia_tarjada.pdf                    3040.7KB
22:47:51 INFO     ✓ [ 84/132] mcti_ptd_2025-2027_docdiretivo_assinado-copia_tarj  1030.7KB
22:47:53 INFO     ✓ [ 85/132] mcti_ptd_2025-2027_anexo-de-entregas_assinado-copi   145.8KB
22:47:56 INFO     ✓ [ 86/132] mda-anexo-entregas-assinado_ptd-2025-2027-copia-ta   284.6KB
22:48:00 INFO     ✓ [ 87/132] mdhc_ptd_2025_2027_docdiretivo_assinado_assinado_a   753.4KB
22:48:02 INFO     ✓ [ 88/132] mdhc_ptd_2025_2027_anexoentregas_assinado_assinado   186.8KB
22:48:05 INFO     ✓ [ 89/132] mdic_ptd_anexo_de_entregas_assinado_v1_assinado_as   176.6KB
22:48:09 INFO     ✓ [ 90/132] memp_ptd_2025_2026_docdiretivo_assinado_assinado_a  1030.1KB
22:48:12 INFO     ✓ [ 91/132] memp_ptd_2025_2026_anexo_de_entregas_assinado_assi   161.5KB
22:48:16 INFO     ✓ [ 92/132] mesp_ptd_2025_2027_docdiretivo_assinado_assinado_2  1147.7KB
22:48:19 INFO     ✓ [ 93/132] mesp_ptd_2025_2027_anexo_de_entregas_assinado_assi   226.6KB
22:48:23 INFO     ✓ [ 94/132] mf_ptd_2026_2027_documentodiretivo_assinado_assina   955.1KB
22:48:25 INFO     ✓ [ 95/132] mf_ptd_2026_2027_anexo_de_entregas_1_mf_se_assinad   241.2KB
22:48:29 INFO     ✓ [ 96/132] mgi_ptd_2025_2027_docdiretivo_assinado_assinado_as   375.2KB
22:48:31 INFO     ✓ [ 97/132] mgi_ptd_2025_2027_anexo_de_entregas_assinado_assin   256.1KB
22:48:35 INFO     ✓ [ 98/132] minc_ptd_2025_2027_docdiretivo_assinado-1_assinado   863.6KB
22:48:38 INFO     ✓ [ 99/132] minc_ptd_2025_2027_anexo_de_entregas_assinado-1_as   276.7KB
22:48:42 INFO     ✓ [100/132] mjsp_ptd_docdiretivo_assinado_2025_2026_assinado_a   954.0KB
22:48:45 INFO     ✓ [101/132] mjsp_ptd_anexo_de_entregas_assinado_v1_assinado_as   253.9KB
22:48:49 INFO     ✓ [102/132] mme_ptd_2025_2027_docdiretivo_assinado-copia_tarja   664.5KB
22:48:51 INFO     ✓ [103/132] mme_ptd_2025_2027_anexo_de_entregas_assinado__1_-c   111.1KB
22:48:56 INFO     ✓ [104/132] mmulheres_ptd_2025_2027_docdiretivo_assinado_assin  1078.3KB
22:48:58 INFO     ✓ [105/132] mmulheres_ptd_2025_2027_anexo_de_entregas_assinado   216.9KB
22:49:02 INFO     ✓ [106/132] mpi_ptd_2025_2027_docdiretivo_ministerio_dos_povos   947.9KB
22:49:05 INFO     ✓ [107/132] mpi_ptd_anexo_de_entregas_do_plano_de_tranformacao   191.9KB
22:49:09 INFO     ✓ [108/132] mpo_ptd_docdiretivo_assinado_2025_2026_assinado_as   806.3KB
22:49:12 INFO     ✓ [109/132] mpo_ptd_anexo_de_entregas_assinado_v1_assinado_ass   323.2KB
22:49:16 INFO     ✓ [110/132] mpor_ptd_2025_2027_docdiretivo_assinado_assinado_a   876.5KB
22:49:18 INFO     ✓ [111/132] mpor_ptd_2025_2027_anexo_de_entregas_assinado_assi   175.1KB
22:49:23 INFO     ✓ [112/132] mps_ptd_2025-2026_docdiretivo_final_assinado-1_ass  1024.4KB
22:49:25 INFO     ✓ [113/132] mps_ptd_2025-2026_anexo_de_entregas_final_assinado   165.0KB
22:49:29 INFO     ✓ [114/132] mre_ptd_docdiretivo_assinado_2025_2026_assinado_as   760.9KB
22:49:32 INFO     ✓ [115/132] mre_ptd_anexo_de_entregas_assinado_v1_assinado_ass   233.2KB
22:49:36 INFO     ✓ [116/132] mte_ptd_2025_2026_docdiretivo_assinado_assinado_as   729.6KB
22:49:39 INFO     ✓ [117/132] mte_ptd_anexo_de_entregas_assinado_v1__281_29_assi   459.5KB
22:49:43 INFO     ✓ [118/132] mtur_ptd_docdiretiv_assinado_30_01_2025_assinado_a  1050.4KB
22:49:45 INFO     ✓ [119/132] mtur_ptd_anexo_de_entregas_assinado_30_01_2025_ass   118.8KB
22:49:49 INFO     ✓ [120/132] pf_ptd_docdiretivo_2025_2027_assinado-copia_tarjad   964.3KB
22:49:52 INFO     ✓ [121/132] pf_ptd_anexo_de_entregas_2025_2027_assinado-copia_    62.5KB
22:49:55 INFO     ✓ [122/132] mf_ptd_2026_2027_anexo_de_entregas_4_mf_pgfn_assin   466.8KB
22:50:08 INFO     ✓ [123/132] previc_plano_de_transformacao_digital_2025_2026_29  6652.7KB
22:50:11 INFO     ✓ [124/132] previc_ptd_repactuacao_2025-2026_assinado_assinado   182.9KB
22:50:14 INFO     ✓ [125/132] prf_documentodiretivo_ptd_2026-2027_assinado_tarja   535.9KB
22:50:17 INFO     ✓ [126/132] prf_anexo_de_entregas_do_ptd__2026_2027___ptd___en   157.7KB
22:50:20 INFO     ✓ [127/132] mf_ptd_2026_2027_anexo_de_entregas_2_mf_rfb_assina   253.7KB
22:50:24 INFO     ✓ [128/132] sgpr_ptd_2026_2027_docdiretivo_assinado-copia_tarj   791.2KB
22:50:28 INFO     ✓ [129/132] sgpr_ptd_2025_2027_anexo_de_entregas_assinado-copi   897.9KB
22:50:31 INFO     ✓ [130/132] mf_ptd_2026_2027_anexo_de_entregas_3_mf_stn_assina   467.8KB
22:50:35 INFO     ✓ [131/132] susep_ptd_2025_2027_docdiretivo-assinado-copia_tar  1030.1KB
22:50:38 INFO     ✓ [132/132] susep_ptd_2025-2026_anexo_de_entregas_final_assina   221.9KB
22:50:39 INFO     132 OK | 0 erros | 123.3 MB total
22:50:45 INFO     Sanity: 132 PDFs | 113 texto | 19 imagem/OCR | 0 duplicatas
22:50:45 INFO     --siglas (debug): 15 PDFs de ['AGU', 'FIOCRUZ', 'FUNAI', 'FUNDACENTRO', 'INCRA', 'ITI', 'MCOM', 'SGPR']
22:50:45 INFO     DocumentConverter instanciado (singleton × 2: plain + OCR)
22:50:45 INFO     [1/15] → agu_ptd_2025_2027_anexo_de_entregas_assinado_assinado_assinado-copia_tarjada.pdf
22:50:45 INFO     detected formats: [<InputFormat.PDF: 'pdf'>]
22:50:45 INFO     Going to convert document batch...
22:50:45 INFO     Initializing pipeline for StandardPdfPipeline with options hash bc6794697da537796efc497178f9263f
22:50:45 INFO     Loading plugin 'docling_defaults'
22:50:45 INFO     Registered picture descriptions: ['picture_description_vlm_engine', 'vlm', 'api']
22:50:45 INFO     Loading plugin 'docling_defaults'
22:50:45 INFO     Registered ocr engines: ['auto', 'easyocr', 'kserve_v2_ocr', 'ocrmac', 'rapidocr', 'tesserocr', 'tesseract']
22:50:45 INFO     command: tesseract --list-langs
22:50:45 INFO     Loading plugin 'docling_defaults'
22:50:45 INFO     Registered layout engines: ['layout_object_detection', 'docling_layout_default', 'docling_experimental_table_crops_layout']
22:50:45 INFO     Accelerator device: 'cpu'
22:50:45 INFO     HTTP Request: GET https://huggingface.co/api/models/docling-project/docling-layout-heron/revision/main "HTTP/1.1 200 OK"
22:50:45 INFO     HTTP Request: HEAD https://huggingface.co/docling-project/docling-layout-heron/resolve/8f39ad3c0b4c58e9c2d2c84a38465abf757272d8/README.md "HTTP/1.1 307 Temporary Redirect"
22:50:45 INFO     HTTP Request: HEAD https://huggingface.co/api/resolve-cache/models/docling-project/docling-layout-heron/8f39ad3c0b4c58e9c2d2c84a38465abf757272d8/README.md "HTTP/1.1 200 OK"
22:50:45 INFO     HTTP Request: HEAD https://huggingface.co/docling-project/docling-layout-heron/resolve/8f39ad3c0b4c58e9c2d2c84a38465abf757272d8/.gitattributes "HTTP/1.1 307 Temporary Redirect"
22:50:45 WARNING  Warning: You are sending unauthenticated requests to the HF Hub. Please set a HF_TOKEN to enable higher rate limits and faster downloads.
22:50:45 INFO     HTTP Request: HEAD https://huggingface.co/docling-project/docling-layout-heron/resolve/8f39ad3c0b4c58e9c2d2c84a38465abf757272d8/docling_heron_400.png "HTTP/1.1 307 Temporary Redirect"
22:50:45 INFO     HTTP Request: GET https://huggingface.co/api/resolve-cache/models/docling-project/docling-layout-heron/8f39ad3c0b4c58e9c2d2c84a38465abf757272d8/README.md "HTTP/1.1 200 OK"
22:50:45 INFO     HTTP Request: HEAD https://huggingface.co/docling-project/docling-layout-heron/resolve/8f39ad3c0b4c58e9c2d2c84a38465abf757272d8/preprocessor_config.json "HTTP/1.1 307 Temporary Redirect"
22:50:45 INFO     HTTP Request: HEAD https://huggingface.co/docling-project/docling-layout-heron/resolve/8f39ad3c0b4c58e9c2d2c84a38465abf757272d8/model.safetensors "HTTP/1.1 302 Found"
22:50:45 INFO     HTTP Request: HEAD https://huggingface.co/docling-project/docling-layout-heron/resolve/8f39ad3c0b4c58e9c2d2c84a38465abf757272d8/config.json "HTTP/1.1 307 Temporary Redirect"
22:50:45 INFO     HTTP Request: HEAD https://huggingface.co/api/resolve-cache/models/docling-project/docling-layout-heron/8f39ad3c0b4c58e9c2d2c84a38465abf757272d8/.gitattributes "HTTP/1.1 200 OK"
22:50:45 INFO     HTTP Request: HEAD https://huggingface.co/api/resolve-cache/models/docling-project/docling-layout-heron/8f39ad3c0b4c58e9c2d2c84a38465abf757272d8/docling_heron_400.png "HTTP/1.1 200 OK"
22:50:45 INFO     HTTP Request: HEAD https://huggingface.co/api/resolve-cache/models/docling-project/docling-layout-heron/8f39ad3c0b4c58e9c2d2c84a38465abf757272d8/preprocessor_config.json "HTTP/1.1 200 OK"
22:50:45 INFO     HTTP Request: HEAD https://huggingface.co/api/resolve-cache/models/docling-project/docling-layout-heron/8f39ad3c0b4c58e9c2d2c84a38465abf757272d8/config.json "HTTP/1.1 200 OK"
22:50:45 INFO     HTTP Request: GET https://huggingface.co/api/resolve-cache/models/docling-project/docling-layout-heron/8f39ad3c0b4c58e9c2d2c84a38465abf757272d8/.gitattributes "HTTP/1.1 200 OK"
22:50:45 INFO     HTTP Request: GET https://huggingface.co/api/resolve-cache/models/docling-project/docling-layout-heron/8f39ad3c0b4c58e9c2d2c84a38465abf757272d8/docling_heron_400.png "HTTP/1.1 200 OK"
22:50:45 INFO     HTTP Request: GET https://huggingface.co/api/resolve-cache/models/docling-project/docling-layout-heron/8f39ad3c0b4c58e9c2d2c84a38465abf757272d8/config.json "HTTP/1.1 200 OK"
22:50:45 INFO     HTTP Request: GET https://huggingface.co/api/resolve-cache/models/docling-project/docling-layout-heron/8f39ad3c0b4c58e9c2d2c84a38465abf757272d8/preprocessor_config.json "HTTP/1.1 200 OK"
22:50:45 INFO     HTTP Request: GET https://huggingface.co/api/models/docling-project/docling-layout-heron/xet-read-token/8f39ad3c0b4c58e9c2d2c84a38465abf757272d8 "HTTP/1.1 200 OK"
22:50:47 INFO     Loading plugin 'docling_defaults'
22:50:47 INFO     Registered table structure engines: ['docling_tableformer', 'docling_tableformer_v2']
22:50:47 INFO     HTTP Request: GET https://huggingface.co/api/models/docling-project/docling-models/revision/v2.3.0 "HTTP/1.1 200 OK"
22:50:48 INFO     HTTP Request: HEAD https://huggingface.co/docling-project/docling-models/resolve/fc0f2d45e2218ea24bce5045f58a389aed16dc23/README.md "HTTP/1.1 307 Temporary Redirect"
22:50:48 INFO     HTTP Request: HEAD https://huggingface.co/docling-project/docling-models/resolve/fc0f2d45e2218ea24bce5045f58a389aed16dc23/model_artifacts/tableformer/accurate/tableformer_accurate.safetensors "HTTP/1.1 302 Found"
22:50:48 INFO     HTTP Request: HEAD https://huggingface.co/docling-project/docling-models/resolve/fc0f2d45e2218ea24bce5045f58a389aed16dc23/.gitignore "HTTP/1.1 307 Temporary Redirect"
22:50:48 INFO     HTTP Request: HEAD https://huggingface.co/docling-project/docling-models/resolve/fc0f2d45e2218ea24bce5045f58a389aed16dc23/.gitattributes "HTTP/1.1 307 Temporary Redirect"
22:50:48 INFO     HTTP Request: HEAD https://huggingface.co/docling-project/docling-models/resolve/fc0f2d45e2218ea24bce5045f58a389aed16dc23/config.json "HTTP/1.1 307 Temporary Redirect"
22:50:48 INFO     HTTP Request: HEAD https://huggingface.co/api/resolve-cache/models/docling-project/docling-models/fc0f2d45e2218ea24bce5045f58a389aed16dc23/README.md "HTTP/1.1 200 OK"
22:50:48 INFO     HTTP Request: HEAD https://huggingface.co/docling-project/docling-models/resolve/fc0f2d45e2218ea24bce5045f58a389aed16dc23/model_artifacts/tableformer/accurate/tm_config.json "HTTP/1.1 307 Temporary Redirect"
22:50:48 INFO     HTTP Request: HEAD https://huggingface.co/api/resolve-cache/models/docling-project/docling-models/fc0f2d45e2218ea24bce5045f58a389aed16dc23/.gitignore "HTTP/1.1 200 OK"
22:50:48 INFO     HTTP Request: HEAD https://huggingface.co/api/resolve-cache/models/docling-project/docling-models/fc0f2d45e2218ea24bce5045f58a389aed16dc23/.gitattributes "HTTP/1.1 200 OK"
22:50:48 INFO     HTTP Request: HEAD https://huggingface.co/api/resolve-cache/models/docling-project/docling-models/fc0f2d45e2218ea24bce5045f58a389aed16dc23/config.json "HTTP/1.1 200 OK"
22:50:48 INFO     HTTP Request: HEAD https://huggingface.co/api/resolve-cache/models/docling-project/docling-models/fc0f2d45e2218ea24bce5045f58a389aed16dc23/model_artifacts%2Ftableformer%2Faccurate%2Ftm_config.json "HTTP/1.1 200 OK"
22:50:48 INFO     HTTP Request: GET https://huggingface.co/api/resolve-cache/models/docling-project/docling-models/fc0f2d45e2218ea24bce5045f58a389aed16dc23/.gitattributes "HTTP/1.1 200 OK"
22:50:48 INFO     HTTP Request: GET https://huggingface.co/api/resolve-cache/models/docling-project/docling-models/fc0f2d45e2218ea24bce5045f58a389aed16dc23/.gitignore "HTTP/1.1 200 OK"
22:50:48 INFO     HTTP Request: GET https://huggingface.co/api/resolve-cache/models/docling-project/docling-models/fc0f2d45e2218ea24bce5045f58a389aed16dc23/model_artifacts%2Ftableformer%2Faccurate%2Ftm_config.json "HTTP/1.1 200 OK"
22:50:48 INFO     HTTP Request: GET https://huggingface.co/api/resolve-cache/models/docling-project/docling-models/fc0f2d45e2218ea24bce5045f58a389aed16dc23/README.md "HTTP/1.1 200 OK"
22:50:48 INFO     HTTP Request: GET https://huggingface.co/api/resolve-cache/models/docling-project/docling-models/fc0f2d45e2218ea24bce5045f58a389aed16dc23/config.json "HTTP/1.1 200 OK"
22:50:48 INFO     HTTP Request: HEAD https://huggingface.co/docling-project/docling-models/resolve/fc0f2d45e2218ea24bce5045f58a389aed16dc23/model_artifacts/tableformer/fast/tm_config.json "HTTP/1.1 307 Temporary Redirect"
22:50:48 INFO     HTTP Request: HEAD https://huggingface.co/api/resolve-cache/models/docling-project/docling-models/fc0f2d45e2218ea24bce5045f58a389aed16dc23/model_artifacts%2Ftableformer%2Ffast%2Ftm_config.json "HTTP/1.1 200 OK"
22:50:48 INFO     HTTP Request: GET https://huggingface.co/api/resolve-cache/models/docling-project/docling-models/fc0f2d45e2218ea24bce5045f58a389aed16dc23/model_artifacts%2Ftableformer%2Ffast%2Ftm_config.json "HTTP/1.1 200 OK"
22:50:48 INFO     HTTP Request: HEAD https://huggingface.co/docling-project/docling-models/resolve/fc0f2d45e2218ea24bce5045f58a389aed16dc23/model_artifacts/tableformer/fast/tableformer_fast.safetensors "HTTP/1.1 302 Found"
22:50:48 INFO     HTTP Request: GET https://huggingface.co/api/models/docling-project/docling-models/xet-read-token/fc0f2d45e2218ea24bce5045f58a389aed16dc23 "HTTP/1.1 200 OK"
22:50:48 INFO     HTTP Request: GET https://huggingface.co/api/models/docling-project/docling-models/xet-read-token/fc0f2d45e2218ea24bce5045f58a389aed16dc23 "HTTP/1.1 200 OK"
22:50:49 INFO     Accelerator device: 'cpu'
22:50:50 INFO     Processing document agu_ptd_2025_2027_anexo_de_entregas_assinado_assinado_assinado-copia_tarjada.pdf
22:50:50 INFO     command: tesseract --psm 0 -l osd /tmp/tmpjlfut9we.png stdout
22:50:51 INFO     command: tesseract -l por /tmp/tmpjlfut9we.png stdout tsv
22:50:54 INFO     command: tesseract --psm 0 -l osd /tmp/tmpf1b20mpn.png stdout
22:50:55 INFO     command: tesseract -l por /tmp/tmpf1b20mpn.png stdout tsv
22:51:14 INFO     Finished converting document agu_ptd_2025_2027_anexo_de_entregas_assinado_assinado_assinado-copia_tarjada.pdf in 28.89 sec.
22:51:14 INFO       pixel_budget (Docling) agu_ptd_2025_2027_anexo_de_entregas_assinado_assinado_assinado-copia_tarjada.pdf: 45.8% (área tabelas/1001817 px²)
22:51:14 INFO     [1/15] ✓ AGU       :   33 entregas | 28.9s | ETA ~6min
22:51:14 INFO     [2/15] → agu_ptd_2025_2027_docdiretivo_assinado_assinado_assinado-copia_tarjada.pdf
22:51:14 INFO     detected formats: [<InputFormat.PDF: 'pdf'>]
22:51:14 INFO     Going to convert document batch...
22:51:14 INFO     Processing document agu_ptd_2025_2027_docdiretivo_assinado_assinado_assinado-copia_tarjada.pdf
22:51:14 INFO     command: tesseract --psm 0 -l osd /tmp/tmp41fbd47q.png stdout
22:51:15 INFO     command: tesseract -l por /tmp/tmp41fbd47q.png stdout tsv
22:51:17 INFO     command: tesseract --psm 0 -l osd /tmp/tmp4dd9xf1x.png stdout
22:51:19 INFO     command: tesseract -l por /tmp/tmp4dd9xf1x.png stdout tsv
22:51:23 INFO     command: tesseract --psm 0 -l osd /tmp/tmpjq2eua0b.png stdout
22:51:23 INFO     command: tesseract -l por /tmp/tmpjq2eua0b.png stdout tsv
22:51:26 INFO     command: tesseract --psm 0 -l osd /tmp/tmp5x_ov0f7.png stdout
22:51:26 INFO     command: tesseract -l por /tmp/tmp5x_ov0f7.png stdout tsv
22:51:29 INFO     command: tesseract --psm 0 -l osd /tmp/tmpbnj1vvlp.png stdout
22:51:29 INFO     command: tesseract -l por /tmp/tmpbnj1vvlp.png stdout tsv
22:51:32 INFO     command: tesseract --psm 0 -l osd /tmp/tmp8o_kzd7h.png stdout
22:51:33 INFO     command: tesseract -l por /tmp/tmp8o_kzd7h.png stdout tsv
22:51:44 INFO     command: tesseract --psm 0 -l osd /tmp/tmpwj_n_jm5.png stdout
22:51:44 INFO     command: tesseract -l por /tmp/tmpwj_n_jm5.png stdout tsv
22:51:47 INFO     command: tesseract --psm 0 -l osd /tmp/tmp0un2yhxw.png stdout
22:51:47 INFO     command: tesseract -l por /tmp/tmp0un2yhxw.png stdout tsv
22:51:50 INFO     command: tesseract --psm 0 -l osd /tmp/tmplotsolw_.png stdout
22:51:50 INFO     command: tesseract -l por /tmp/tmplotsolw_.png stdout tsv
22:51:53 INFO     command: tesseract --psm 0 -l osd /tmp/tmppd9qbxnr.png stdout
22:51:54 INFO     command: tesseract -l por /tmp/tmppd9qbxnr.png stdout tsv
22:52:09 INFO     command: tesseract --psm 0 -l osd /tmp/tmp6aawzxrk.png stdout
22:52:10 INFO     command: tesseract -l por /tmp/tmp6aawzxrk.png stdout tsv
22:52:13 INFO     Finished converting document agu_ptd_2025_2027_docdiretivo_assinado_assinado_assinado-copia_tarjada.pdf in 59.10 sec.
22:52:13 INFO       pixel_budget (Docling) agu_ptd_2025_2027_docdiretivo_assinado_assinado_assinado-copia_tarjada.pdf: 2.1% (área tabelas/5513330 px²)
22:52:13 INFO     [2/15] ✓ AGU       :    6 entregas | 59.1s | ETA ~9min
22:52:13 INFO     [3/15] → anexo-de-entregas-mcom_ptd-25_27-copia_tarjada.pdf
22:52:13 INFO     detected formats: [<InputFormat.PDF: 'pdf'>]
22:52:13 INFO     Going to convert document batch...
22:52:13 INFO     Processing document anexo-de-entregas-mcom_ptd-25_27-copia_tarjada.pdf
22:52:14 INFO     command: tesseract --psm 0 -l osd /tmp/tmpwokizs27.png stdout
22:52:15 INFO     command: tesseract -l por /tmp/tmpwokizs27.png stdout tsv
22:52:18 INFO     command: tesseract --psm 0 -l osd /tmp/tmp60pcx6n_.png stdout
22:52:19 INFO     command: tesseract -l por /tmp/tmp60pcx6n_.png stdout tsv
22:52:31 INFO     command: tesseract --psm 0 -l osd /tmp/tmpbosw484d.png stdout
22:52:32 INFO     command: tesseract -l por /tmp/tmpbosw484d.png stdout tsv
22:52:51 INFO     Finished converting document anexo-de-entregas-mcom_ptd-25_27-copia_tarjada.pdf in 38.53 sec.
22:52:52 INFO       pixel_budget (Docling) anexo-de-entregas-mcom_ptd-25_27-copia_tarjada.pdf: 55.2% (área tabelas/1503636 px²)
22:52:52 INFO     [3/15] ✓ MCOM      :   55 entregas | 38.5s | ETA ~8min
22:52:52 INFO     [4/15] → documento-diretivo-mcom-_-ptd-25_27-copia_tarjada.pdf
22:52:52 INFO     detected formats: [<InputFormat.PDF: 'pdf'>]
22:52:52 INFO     Going to convert document batch...
22:52:52 INFO     Processing document documento-diretivo-mcom-_-ptd-25_27-copia_tarjada.pdf
22:52:52 INFO     command: tesseract --psm 0 -l osd /tmp/tmpz4o2vrtr.png stdout
22:52:53 INFO     command: tesseract -l por /tmp/tmpz4o2vrtr.png stdout tsv
22:52:55 INFO     command: tesseract --psm 0 -l osd /tmp/tmpcazetl_u.png stdout
22:52:56 INFO     command: tesseract -l por /tmp/tmpcazetl_u.png stdout tsv
22:53:04 INFO     command: tesseract --psm 0 -l osd /tmp/tmpzk8cozdd.png stdout
22:53:04 INFO     command: tesseract -l por /tmp/tmpzk8cozdd.png stdout tsv
22:53:05 INFO     command: tesseract --psm 0 -l osd /tmp/tmpp05jjfz3.png stdout
22:53:06 INFO     command: tesseract -l por /tmp/tmpp05jjfz3.png stdout tsv
22:53:08 INFO     command: tesseract --psm 0 -l osd /tmp/tmp6bbikeqz.png stdout
22:53:09 INFO     command: tesseract -l por /tmp/tmp6bbikeqz.png stdout tsv
22:53:11 INFO     command: tesseract --psm 0 -l osd /tmp/tmpjn5424_q.png stdout
22:53:13 INFO     command: tesseract -l por /tmp/tmpjn5424_q.png stdout tsv
22:53:31 INFO     command: tesseract --psm 0 -l osd /tmp/tmpgu526ofv.png stdout
22:53:31 INFO     command: tesseract -l por /tmp/tmpgu526ofv.png stdout tsv
22:53:33 INFO     command: tesseract --psm 0 -l osd /tmp/tmply_74589.png stdout
22:53:34 INFO     command: tesseract -l por /tmp/tmply_74589.png stdout tsv
22:53:36 INFO     command: tesseract --psm 0 -l osd /tmp/tmps7wj6m6a.png stdout
22:53:37 INFO     command: tesseract -l por /tmp/tmps7wj6m6a.png stdout tsv
22:53:39 INFO     command: tesseract --psm 0 -l osd /tmp/tmp6vl79cvh.png stdout
22:53:40 INFO     command: tesseract -l por /tmp/tmp6vl79cvh.png stdout tsv
22:53:45 INFO     command: tesseract --psm 0 -l osd /tmp/tmp8w1kni1c.png stdout
22:53:46 INFO     command: tesseract -l por /tmp/tmp8w1kni1c.png stdout tsv
22:53:51 INFO     command: tesseract --psm 0 -l osd /tmp/tmphgckfl0d.png stdout
22:53:52 INFO     command: tesseract -l por /tmp/tmphgckfl0d.png stdout tsv
22:53:53 INFO     command: tesseract --psm 0 -l osd /tmp/tmp5yxxdmqg.png stdout
22:53:54 INFO     command: tesseract -l por /tmp/tmp5yxxdmqg.png stdout tsv
22:53:56 INFO     command: tesseract --psm 0 -l osd /tmp/tmp1ntddosa.png stdout
22:53:57 INFO     command: tesseract -l por /tmp/tmp1ntddosa.png stdout tsv
22:54:03 INFO     Finished converting document documento-diretivo-mcom-_-ptd-25_27-copia_tarjada.pdf in 71.56 sec.
22:54:03 INFO       pixel_budget (Docling) documento-diretivo-mcom-_-ptd-25_27-copia_tarjada.pdf: 10.8% (área tabelas/7016966 px²)
22:54:03 INFO     [4/15] ✓ MCOM      :    3 entregas | 71.6s | ETA ~9min
22:54:03 INFO     [5/15] → fiocruz-ptd-06_2024-copia_tarjada.pdf
22:54:03 INFO     detected formats: [<InputFormat.PDF: 'pdf'>]
22:54:03 INFO     Going to convert document batch...
22:54:03 INFO     Initializing pipeline for StandardPdfPipeline with options hash d18651824ca6fe56cf3ccb20424ac2c8
22:54:03 INFO     Accelerator device: 'cpu'
22:54:03 INFO     HTTP Request: GET https://huggingface.co/api/models/docling-project/docling-layout-heron/revision/main "HTTP/1.1 200 OK"
22:54:04 INFO     HTTP Request: GET https://huggingface.co/api/models/docling-project/docling-models/revision/v2.3.0 "HTTP/1.1 200 OK"
22:54:04 INFO     Accelerator device: 'cpu'
22:54:04 INFO     Processing document fiocruz-ptd-06_2024-copia_tarjada.pdf
22:55:13 INFO     Finished converting document fiocruz-ptd-06_2024-copia_tarjada.pdf in 70.14 sec.
22:55:13 INFO       pixel_budget (Docling) fiocruz-ptd-06_2024-copia_tarjada.pdf: 36.4% (área tabelas/7518178 px²)
22:55:13 INFO     [5/15] ✓ FIOCRUZ   :    1 entregas | 70.2s | ETA ~8min
22:55:13 INFO     [6/15] → fiocruz_novo-ptd_2-1_docdiretivo_repactuacao_2024-2026_assinado_assinado-copia_tarjada.pdf
22:55:13 INFO     detected formats: [<InputFormat.PDF: 'pdf'>]
22:55:13 INFO     Going to convert document batch...
22:55:13 INFO     Processing document fiocruz_novo-ptd_2-1_docdiretivo_repactuacao_2024-2026_assinado_assinado-copia_tarjada.pdf
22:55:31 INFO     Finished converting document fiocruz_novo-ptd_2-1_docdiretivo_repactuacao_2024-2026_assinado_assinado-copia_tarjada.pdf in 18.10 sec.
22:55:31 INFO       pixel_budget (Docling) fiocruz_novo-ptd_2-1_docdiretivo_repactuacao_2024-2026_assinado_assinado-copia_tarjada.pdf: 11.3% (área tabelas/5012118 px²)
22:55:31 INFO     [6/15] ✓ FIOCRUZ   :    5 entregas | 18.1s | ETA ~7min
22:55:31 INFO     [7/15] → fiocruz_ptd_anexo_de_entregas_assinado_v1_assinado_assinado-1-copia_tarjada.pdf
22:55:31 INFO     detected formats: [<InputFormat.PDF: 'pdf'>]
22:55:31 INFO     Going to convert document batch...
22:55:31 INFO     Processing document fiocruz_ptd_anexo_de_entregas_assinado_v1_assinado_assinado-1-copia_tarjada.pdf
22:56:04 INFO     Finished converting document fiocruz_ptd_anexo_de_entregas_assinado_v1_assinado_assinado-1-copia_tarjada.pdf in 32.37 sec.
22:56:04 INFO       pixel_budget (Docling) fiocruz_ptd_anexo_de_entregas_assinado_v1_assinado_assinado-1-copia_tarjada.pdf: 54.7% (área tabelas/2004847 px²)
22:56:04 INFO     [7/15] ✓ FIOCRUZ   :   61 entregas | 32.4s | ETA ~6min
22:56:04 INFO     [8/15] → funai_anexo_de_entregas_repactuado_2026_2027_assinado_assinado_assinado.pdf
22:56:04 INFO     detected formats: [<InputFormat.PDF: 'pdf'>]
22:56:04 INFO     Going to convert document batch...
22:56:04 INFO     Processing document funai_anexo_de_entregas_repactuado_2026_2027_assinado_assinado_assinado.pdf
22:56:05 INFO     command: tesseract --psm 0 -l osd /tmp/tmpo5hjy0wq.png stdout
22:56:05 INFO     command: tesseract -l por /tmp/tmpo5hjy0wq.png stdout tsv
22:56:19 INFO     Finished converting document funai_anexo_de_entregas_repactuado_2026_2027_assinado_assinado_assinado.pdf in 15.43 sec.
22:56:19 INFO       pixel_budget (Docling) funai_anexo_de_entregas_repactuado_2026_2027_assinado_assinado_assinado.pdf: 49.8% (área tabelas/501212 px²)
22:56:19 INFO     [8/15] ✓ FUNAI     :   21 entregas | 15.4s | ETA ~4min
22:56:19 INFO     [9/15] → funai_ptd_2025_2027_docdiretivo_assinado-1_tarjado.pdf
22:56:19 INFO     detected formats: [<InputFormat.PDF: 'pdf'>]
22:56:19 INFO     Going to convert document batch...
22:56:19 INFO     Processing document funai_ptd_2025_2027_docdiretivo_assinado-1_tarjado.pdf
22:56:21 INFO     command: tesseract --psm 0 -l osd /tmp/tmp0fs1bw4y.png stdout
22:56:21 INFO     command: tesseract -l por /tmp/tmp0fs1bw4y.png stdout tsv
22:56:22 INFO     command: tesseract --psm 0 -l osd /tmp/tmphpzx28y_.png stdout
22:56:24 INFO     command: tesseract -l por /tmp/tmphpzx28y_.png stdout tsv
22:56:27 INFO     command: tesseract --psm 0 -l osd /tmp/tmpurz9r1f7.png stdout
22:56:28 INFO     command: tesseract -l por /tmp/tmpurz9r1f7.png stdout tsv
22:56:30 INFO     command: tesseract --psm 0 -l osd /tmp/tmp9we_lolk.png stdout
22:56:31 INFO     command: tesseract -l por /tmp/tmp9we_lolk.png stdout tsv
22:56:32 INFO     command: tesseract --psm 0 -l osd /tmp/tmpewuxq_95.png stdout
22:56:33 INFO     command: tesseract -l por /tmp/tmpewuxq_95.png stdout tsv
22:56:36 INFO     command: tesseract --psm 0 -l osd /tmp/tmpesyp8ird.png stdout
22:56:37 INFO     command: tesseract -l por /tmp/tmpesyp8ird.png stdout tsv
22:56:46 INFO     command: tesseract --psm 0 -l osd /tmp/tmp6w6cx8r0.png stdout
22:56:47 INFO     command: tesseract -l por /tmp/tmp6w6cx8r0.png stdout tsv
22:56:48 INFO     command: tesseract --psm 0 -l osd /tmp/tmpoh6idy9v.png stdout
22:56:49 INFO     command: tesseract -l por /tmp/tmpoh6idy9v.png stdout tsv
22:56:50 INFO     command: tesseract --psm 0 -l osd /tmp/tmp72fwmv8m.png stdout
22:56:51 INFO     command: tesseract -l por /tmp/tmp72fwmv8m.png stdout tsv
22:56:53 INFO     command: tesseract --psm 0 -l osd /tmp/tmp27urx4jm.png stdout
22:56:54 INFO     command: tesseract -l por /tmp/tmp27urx4jm.png stdout tsv
22:57:06 INFO     command: tesseract --psm 0 -l osd /tmp/tmp9lodfbi8.png stdout
22:57:07 INFO     command: tesseract -l por /tmp/tmp9lodfbi8.png stdout tsv
22:57:16 INFO     command: tesseract --psm 0 -l osd /tmp/tmpmfyt4ltj.png stdout
22:57:16 INFO     command: tesseract -l por /tmp/tmpmfyt4ltj.png stdout tsv
22:57:18 INFO     command: tesseract --psm 0 -l osd /tmp/tmpa9fusk_q.png stdout
22:57:19 INFO     command: tesseract -l por /tmp/tmpa9fusk_q.png stdout tsv
22:57:26 INFO     Finished converting document funai_ptd_2025_2027_docdiretivo_assinado-1_tarjado.pdf in 66.44 sec.
22:57:26 INFO       pixel_budget (Docling) funai_ptd_2025_2027_docdiretivo_assinado-1_tarjado.pdf: 16.4% (área tabelas/6515754 px²)
22:57:26 INFO     [9/15] ✓ FUNAI     :    8 entregas | 66.5s | ETA ~4min
22:57:26 INFO     [10/15] → incra_anexo_de_entregas_assinado-1_assinado_assinado-copia_tarjada.pdf
22:57:26 INFO     detected formats: [<InputFormat.PDF: 'pdf'>]
22:57:26 INFO     Going to convert document batch...
22:57:26 INFO     Processing document incra_anexo_de_entregas_assinado-1_assinado_assinado-copia_tarjada.pdf
22:57:27 INFO     command: tesseract --psm 0 -l osd /tmp/tmpce5p6hkk.png stdout
22:57:28 INFO     command: tesseract -l por /tmp/tmpce5p6hkk.png stdout tsv
22:57:30 INFO     command: tesseract --psm 0 -l osd /tmp/tmpi4y2j543.png stdout
22:57:32 INFO     command: tesseract -l por /tmp/tmpi4y2j543.png stdout tsv
22:57:39 INFO     command: tesseract --psm 0 -l osd /tmp/tmpeiraabz_.png stdout
22:57:40 INFO     command: tesseract -l por /tmp/tmpeiraabz_.png stdout tsv
22:57:41 INFO     command: tesseract --psm 0 -l osd /tmp/tmpqn6obz9n.png stdout
22:57:42 INFO     command: tesseract -l por /tmp/tmpqn6obz9n.png stdout tsv
22:57:44 INFO     command: tesseract --psm 0 -l osd /tmp/tmpupmo5asn.png stdout
22:57:45 INFO     command: tesseract -l por /tmp/tmpupmo5asn.png stdout tsv
22:59:16 INFO     Finished converting document incra_anexo_de_entregas_assinado-1_assinado_assinado-copia_tarjada.pdf in 110.59 sec.
22:59:16 INFO       pixel_budget (Docling) incra_anexo_de_entregas_assinado-1_assinado_assinado-copia_tarjada.pdf: 30.0% (área tabelas/2423520 px²)
22:59:16 INFO     [10/15] ✓ INCRA     :   10 entregas | 110.6s | ETA ~4min
22:59:16 INFO     [11/15] → incra_ptd_docdiretivo__assinado-1_assinado_assinado-copia_tarjada.pdf
22:59:16 INFO     detected formats: [<InputFormat.PDF: 'pdf'>]
22:59:16 INFO     Going to convert document batch...
22:59:16 INFO     Processing document incra_ptd_docdiretivo__assinado-1_assinado_assinado-copia_tarjada.pdf
22:59:18 INFO     command: tesseract --psm 0 -l osd /tmp/tmpws3o5k3n.png stdout
22:59:18 INFO     command: tesseract -l por /tmp/tmpws3o5k3n.png stdout tsv
22:59:21 INFO     command: tesseract --psm 0 -l osd /tmp/tmpvqi7afzk.png stdout
22:59:22 INFO     command: tesseract -l por /tmp/tmpvqi7afzk.png stdout tsv
22:59:28 INFO     command: tesseract --psm 0 -l osd /tmp/tmpwd0ymmfx.png stdout
22:59:29 INFO     command: tesseract -l por /tmp/tmpwd0ymmfx.png stdout tsv
22:59:31 INFO     command: tesseract --psm 0 -l osd /tmp/tmpov6uouem.png stdout
22:59:31 INFO     command: tesseract -l por /tmp/tmpov6uouem.png stdout tsv
22:59:33 INFO     command: tesseract --psm 0 -l osd /tmp/tmpyo44eao2.png stdout
22:59:34 INFO     command: tesseract -l por /tmp/tmpyo44eao2.png stdout tsv
22:59:36 INFO     command: tesseract --psm 0 -l osd /tmp/tmp63_iz3ek.png stdout
22:59:37 INFO     command: tesseract -l por /tmp/tmp63_iz3ek.png stdout tsv
22:59:54 INFO     command: tesseract --psm 0 -l osd /tmp/tmp9ljsqemf.png stdout
22:59:55 INFO     command: tesseract -l por /tmp/tmp9ljsqemf.png stdout tsv
22:59:56 INFO     command: tesseract --psm 0 -l osd /tmp/tmp0wcln6__.png stdout
22:59:57 INFO     command: tesseract -l por /tmp/tmp0wcln6__.png stdout tsv
22:59:59 INFO     command: tesseract --psm 0 -l osd /tmp/tmpi360qr9f.png stdout
22:59:59 INFO     command: tesseract -l por /tmp/tmpi360qr9f.png stdout tsv
23:00:01 INFO     command: tesseract --psm 0 -l osd /tmp/tmpc46b6otb.png stdout
23:00:03 INFO     command: tesseract -l por /tmp/tmpc46b6otb.png stdout tsv
23:00:07 INFO     command: tesseract --psm 0 -l osd /tmp/tmp_pvfyscj.png stdout
23:00:08 INFO     command: tesseract -l por /tmp/tmp_pvfyscj.png stdout tsv
23:00:19 INFO     command: tesseract --psm 0 -l osd /tmp/tmphdbcm6fl.png stdout
23:00:20 INFO     command: tesseract -l por /tmp/tmphdbcm6fl.png stdout tsv
23:00:22 INFO     command: tesseract --psm 0 -l osd /tmp/tmpade62xwo.png stdout
23:00:22 INFO     command: tesseract -l por /tmp/tmpade62xwo.png stdout tsv
23:00:30 INFO     Finished converting document incra_ptd_docdiretivo__assinado-1_assinado_assinado-copia_tarjada.pdf in 73.67 sec.
23:00:30 INFO       pixel_budget (Docling) incra_ptd_docdiretivo__assinado-1_assinado_assinado-copia_tarjada.pdf: 20.2% (área tabelas/6515754 px²)
23:00:30 INFO     [11/15] ✓ INCRA     :   11 entregas | 73.7s | ETA ~3min
23:00:30 INFO     [12/15] → iti_anexo_de_entregas_assinado.pdf
23:00:30 INFO     detected formats: [<InputFormat.PDF: 'pdf'>]
23:00:30 INFO     Going to convert document batch...
23:00:30 INFO     Processing document iti_anexo_de_entregas_assinado.pdf
23:00:31 INFO     command: tesseract --psm 0 -l osd /tmp/tmpd5sdbo72.png stdout
23:00:32 INFO     command: tesseract -l por /tmp/tmpd5sdbo72.png stdout tsv
23:00:47 INFO     Finished converting document iti_anexo_de_entregas_assinado.pdf in 17.53 sec.
23:00:48 INFO       pixel_budget (Docling) iti_anexo_de_entregas_assinado.pdf: 57.2% (área tabelas/501212 px²)
23:00:48 INFO     [12/15] ✓ ITI       :   31 entregas | 17.5s | ETA ~2min
23:00:48 INFO     [13/15] → iti_doc_diretivo_assinado-1_tarjado.pdf
23:00:48 INFO     detected formats: [<InputFormat.PDF: 'pdf'>]
23:00:48 INFO     Going to convert document batch...
23:00:48 INFO     Processing document iti_doc_diretivo_assinado-1_tarjado.pdf
23:00:48 INFO     command: tesseract --psm 0 -l osd /tmp/tmpt5agvqiu.png stdout
23:00:49 INFO     command: tesseract -l por /tmp/tmpt5agvqiu.png stdout tsv
23:00:51 INFO     command: tesseract --psm 0 -l osd /tmp/tmpx9410_cx.png stdout
23:00:53 INFO     command: tesseract -l por /tmp/tmpx9410_cx.png stdout tsv
23:00:56 INFO     command: tesseract --psm 0 -l osd /tmp/tmpb4j382tc.png stdout
23:00:56 INFO     command: tesseract -l por /tmp/tmpb4j382tc.png stdout tsv
23:00:58 INFO     command: tesseract --psm 0 -l osd /tmp/tmpmc_iyqyt.png stdout
23:00:59 INFO     command: tesseract -l por /tmp/tmpmc_iyqyt.png stdout tsv
23:01:01 INFO     command: tesseract --psm 0 -l osd /tmp/tmpgns6doeo.png stdout
23:01:01 INFO     command: tesseract -l por /tmp/tmpgns6doeo.png stdout tsv
23:01:04 INFO     command: tesseract --psm 0 -l osd /tmp/tmpqm56khrj.png stdout
23:01:05 INFO     command: tesseract -l por /tmp/tmpqm56khrj.png stdout tsv
23:01:17 INFO     command: tesseract --psm 0 -l osd /tmp/tmp9ebsnwio.png stdout
23:01:18 INFO     command: tesseract -l por /tmp/tmp9ebsnwio.png stdout tsv
23:01:20 INFO     command: tesseract --psm 0 -l osd /tmp/tmpz8dvu_f3.png stdout
23:01:21 INFO     command: tesseract -l por /tmp/tmpz8dvu_f3.png stdout tsv
23:01:23 INFO     command: tesseract --psm 0 -l osd /tmp/tmps9jjqy2v.png stdout
23:01:24 INFO     command: tesseract -l por /tmp/tmps9jjqy2v.png stdout tsv
23:01:26 INFO     command: tesseract --psm 0 -l osd /tmp/tmpma3krqsw.png stdout
23:01:27 INFO     command: tesseract -l por /tmp/tmpma3krqsw.png stdout tsv
23:01:36 INFO     command: tesseract --psm 0 -l osd /tmp/tmpsbz_9028.png stdout
23:01:37 INFO     command: tesseract -l por /tmp/tmpsbz_9028.png stdout tsv
23:01:43 INFO     Finished converting document iti_doc_diretivo_assinado-1_tarjado.pdf in 55.36 sec.
23:01:43 INFO       pixel_budget (Docling) iti_doc_diretivo_assinado-1_tarjado.pdf: 8.0% (área tabelas/5516339 px²)
23:01:43 INFO     [13/15] ✓ ITI       :    9 entregas | 55.4s | ETA ~1min
23:01:43 INFO     [14/15] → sgpr_ptd_2025_2027_anexo_de_entregas_assinado-copia_tarjada.pdf
23:01:43 INFO     detected formats: [<InputFormat.PDF: 'pdf'>]
23:01:43 INFO     Going to convert document batch...
23:01:43 INFO     Processing document sgpr_ptd_2025_2027_anexo_de_entregas_assinado-copia_tarjada.pdf
23:01:44 INFO     command: tesseract --psm 0 -l osd /tmp/tmpm4uxn6kv.png stdout
23:01:45 INFO     command: tesseract -l por /tmp/tmpm4uxn6kv.png stdout tsv
23:01:48 INFO     command: tesseract --psm 0 -l osd /tmp/tmp_xtpyumx.png stdout
23:01:49 INFO     command: tesseract -l por /tmp/tmp_xtpyumx.png stdout tsv
23:02:01 INFO     Finished converting document sgpr_ptd_2025_2027_anexo_de_entregas_assinado-copia_tarjada.pdf in 18.12 sec.
23:02:01 INFO       pixel_budget (Docling) sgpr_ptd_2025_2027_anexo_de_entregas_assinado-copia_tarjada.pdf: 29.5% (área tabelas/1002424 px²)
23:02:01 INFO     [14/15] ✓ SGPR      :   15 entregas | 18.1s | ETA ~48s
23:02:01 INFO     [15/15] → sgpr_ptd_2026_2027_docdiretivo_assinado-copia_tarjada.pdf
23:02:01 INFO     detected formats: [<InputFormat.PDF: 'pdf'>]
23:02:01 INFO     Going to convert document batch...
23:02:01 INFO     Processing document sgpr_ptd_2026_2027_docdiretivo_assinado-copia_tarjada.pdf
23:02:21 INFO     Finished converting document sgpr_ptd_2026_2027_docdiretivo_assinado-copia_tarjada.pdf in 20.20 sec.
23:02:21 INFO       pixel_budget (Docling) sgpr_ptd_2026_2027_docdiretivo_assinado-copia_tarjada.pdf: 8.2% (área tabelas/5513330 px²)
23:02:21 INFO     [15/15] ✓ SGPR      :    4 entregas | 20.2s | ETA ~0s
23:02:21 INFO     273 registros | 7 órgãos
23:02:21 INFO     ╔══════════════════════════════════════════════════════════════╗
23:02:21 INFO     ║                  ENTREGAS — fase concluída                   ║
23:02:21 INFO     ║  Processados: 15    |  ✓ 15  ⚠ 0                             ║
23:02:21 INFO     ║  Duração: 11.6 min                                           ║
23:02:21 INFO     ║  273 registros | 7 órgãos                                    ║
23:02:21 INFO     ╚══════════════════════════════════════════════════════════════╝
23:02:21 INFO     [1/7] → agu_ptd_2025_2027_docdiretivo_assinado_assinado_assinado-copia_tarjada.pdf
23:02:21 INFO     detected formats: [<InputFormat.PDF: 'pdf'>]
23:02:21 INFO     Going to convert document batch...
23:02:21 INFO     Processing document agu_ptd_2025_2027_docdiretivo_assinado_assinado_assinado-copia_tarjada.pdf
23:02:22 INFO     command: tesseract --psm 0 -l osd /tmp/tmpqrk5echn.png stdout
23:02:22 INFO     command: tesseract -l por /tmp/tmpqrk5echn.png stdout tsv
23:02:25 INFO     command: tesseract --psm 0 -l osd /tmp/tmp1_0cr446.png stdout
23:02:26 INFO     command: tesseract -l por /tmp/tmp1_0cr446.png stdout tsv
23:02:29 INFO     command: tesseract --psm 0 -l osd /tmp/tmpd0ujmcsi.png stdout
23:02:30 INFO     command: tesseract -l por /tmp/tmpd0ujmcsi.png stdout tsv
23:02:32 INFO     command: tesseract --psm 0 -l osd /tmp/tmp9ny9mjgw.png stdout
23:02:33 INFO     command: tesseract -l por /tmp/tmp9ny9mjgw.png stdout tsv
23:02:35 INFO     command: tesseract --psm 0 -l osd /tmp/tmpq34zgd7k.png stdout
23:02:36 INFO     command: tesseract -l por /tmp/tmpq34zgd7k.png stdout tsv
23:02:38 INFO     command: tesseract --psm 0 -l osd /tmp/tmp9wtflu34.png stdout
23:02:39 INFO     command: tesseract -l por /tmp/tmp9wtflu34.png stdout tsv
23:02:50 INFO     command: tesseract --psm 0 -l osd /tmp/tmp8flfky20.png stdout
23:02:51 INFO     command: tesseract -l por /tmp/tmp8flfky20.png stdout tsv
23:02:53 INFO     command: tesseract --psm 0 -l osd /tmp/tmpxv2tgkix.png stdout
23:02:54 INFO     command: tesseract -l por /tmp/tmpxv2tgkix.png stdout tsv
23:02:57 INFO     command: tesseract --psm 0 -l osd /tmp/tmput4p3xto.png stdout
23:02:57 INFO     command: tesseract -l por /tmp/tmput4p3xto.png stdout tsv
23:03:00 INFO     command: tesseract --psm 0 -l osd /tmp/tmpxcl5y0sk.png stdout
23:03:01 INFO     command: tesseract -l por /tmp/tmpxcl5y0sk.png stdout tsv
23:03:17 INFO     command: tesseract --psm 0 -l osd /tmp/tmpq7l0p8r3.png stdout
23:03:18 INFO     command: tesseract -l por /tmp/tmpq7l0p8r3.png stdout tsv
23:03:21 INFO     Finished converting document agu_ptd_2025_2027_docdiretivo_assinado_assinado_assinado-copia_tarjada.pdf in 59.87 sec.
23:03:21 INFO     [1/7] ✓ AGU       :   7 riscos | 59.9s | ETA ~5min
23:03:21 INFO     [2/7] → documento-diretivo-mcom-_-ptd-25_27-copia_tarjada.pdf
23:03:21 INFO     detected formats: [<InputFormat.PDF: 'pdf'>]
23:03:21 INFO     Going to convert document batch...
23:03:21 INFO     Processing document documento-diretivo-mcom-_-ptd-25_27-copia_tarjada.pdf
23:03:22 INFO     command: tesseract --psm 0 -l osd /tmp/tmp_0dp924x.png stdout
23:03:22 INFO     command: tesseract -l por /tmp/tmp_0dp924x.png stdout tsv
23:03:26 INFO     command: tesseract --psm 0 -l osd /tmp/tmpt4parp78.png stdout
23:03:27 INFO     command: tesseract -l por /tmp/tmpt4parp78.png stdout tsv
23:03:33 INFO     command: tesseract --psm 0 -l osd /tmp/tmpnywlkvsh.png stdout
23:03:34 INFO     command: tesseract -l por /tmp/tmpnywlkvsh.png stdout tsv
23:03:35 INFO     command: tesseract --psm 0 -l osd /tmp/tmpktev_6ws.png stdout
23:03:36 INFO     command: tesseract -l por /tmp/tmpktev_6ws.png stdout tsv
23:03:38 INFO     command: tesseract --psm 0 -l osd /tmp/tmpmp4tjoch.png stdout
23:03:39 INFO     command: tesseract -l por /tmp/tmpmp4tjoch.png stdout tsv
23:03:41 INFO     command: tesseract --psm 0 -l osd /tmp/tmpvvx5kgs7.png stdout
23:03:42 INFO     command: tesseract -l por /tmp/tmpvvx5kgs7.png stdout tsv
23:03:54 INFO     command: tesseract --psm 0 -l osd /tmp/tmp232x1a8z.png stdout
23:03:55 INFO     command: tesseract -l por /tmp/tmp232x1a8z.png stdout tsv
23:03:59 INFO     command: tesseract --psm 0 -l osd /tmp/tmpgfalhvsi.png stdout
23:04:00 INFO     command: tesseract -l por /tmp/tmpgfalhvsi.png stdout tsv
23:04:03 INFO     command: tesseract --psm 0 -l osd /tmp/tmp05re0l61.png stdout
23:04:03 INFO     command: tesseract -l por /tmp/tmp05re0l61.png stdout tsv
23:04:05 INFO     command: tesseract --psm 0 -l osd /tmp/tmpg9zokn9o.png stdout
23:04:07 INFO     command: tesseract -l por /tmp/tmpg9zokn9o.png stdout tsv
23:04:13 INFO     command: tesseract --psm 0 -l osd /tmp/tmpfzaykryn.png stdout
23:04:14 INFO     command: tesseract -l por /tmp/tmpfzaykryn.png stdout tsv
23:04:19 INFO     command: tesseract --psm 0 -l osd /tmp/tmptkvkz37g.png stdout
23:04:20 INFO     command: tesseract -l por /tmp/tmptkvkz37g.png stdout tsv
23:04:22 INFO     command: tesseract --psm 0 -l osd /tmp/tmpqg4rinj7.png stdout
23:04:22 INFO     command: tesseract -l por /tmp/tmpqg4rinj7.png stdout tsv
23:04:24 INFO     command: tesseract --psm 0 -l osd /tmp/tmpc_tmcjob.png stdout
23:04:25 INFO     command: tesseract -l por /tmp/tmpc_tmcjob.png stdout tsv
23:04:31 INFO     Finished converting document documento-diretivo-mcom-_-ptd-25_27-copia_tarjada.pdf in 70.03 sec.
23:04:31 INFO     [2/7] ✓ MCOM      :  14 riscos | 70.0s | ETA ~5min
23:04:31 INFO     [3/7] → fiocruz_novo-ptd_2-1_docdiretivo_repactuacao_2024-2026_assinado_assinado-copia_tarjada.pdf
23:04:31 INFO     detected formats: [<InputFormat.PDF: 'pdf'>]
23:04:31 INFO     Going to convert document batch...
23:04:31 INFO     Processing document fiocruz_novo-ptd_2-1_docdiretivo_repactuacao_2024-2026_assinado_assinado-copia_tarjada.pdf
23:04:49 INFO     Finished converting document fiocruz_novo-ptd_2-1_docdiretivo_repactuacao_2024-2026_assinado_assinado-copia_tarjada.pdf in 18.12 sec.
23:04:49 INFO     [3/7] ✓ FIOCRUZ   :   6 riscos | 18.1s | ETA ~3min
23:04:49 INFO     [4/7] → funai_ptd_2025_2027_docdiretivo_assinado-1_tarjado.pdf
23:04:49 INFO     detected formats: [<InputFormat.PDF: 'pdf'>]
23:04:49 INFO     Going to convert document batch...
23:04:49 INFO     Processing document funai_ptd_2025_2027_docdiretivo_assinado-1_tarjado.pdf
23:04:51 INFO     command: tesseract --psm 0 -l osd /tmp/tmp9aafz3ds.png stdout
23:04:51 INFO     command: tesseract -l por /tmp/tmp9aafz3ds.png stdout tsv
23:04:52 INFO     command: tesseract --psm 0 -l osd /tmp/tmphs8mmidy.png stdout
23:04:54 INFO     command: tesseract -l por /tmp/tmphs8mmidy.png stdout tsv
23:04:57 INFO     command: tesseract --psm 0 -l osd /tmp/tmpkwzu2qvg.png stdout
23:04:58 INFO     command: tesseract -l por /tmp/tmpkwzu2qvg.png stdout tsv
23:05:00 INFO     command: tesseract --psm 0 -l osd /tmp/tmpwo96o0cp.png stdout
23:05:00 INFO     command: tesseract -l por /tmp/tmpwo96o0cp.png stdout tsv
23:05:02 INFO     command: tesseract --psm 0 -l osd /tmp/tmpfnkdt6l5.png stdout
23:05:03 INFO     command: tesseract -l por /tmp/tmpfnkdt6l5.png stdout tsv
23:05:05 INFO     command: tesseract --psm 0 -l osd /tmp/tmp0t2bnegy.png stdout
23:05:07 INFO     command: tesseract -l por /tmp/tmp0t2bnegy.png stdout tsv
23:05:17 INFO     command: tesseract --psm 0 -l osd /tmp/tmp1cgf4eqk.png stdout
23:05:18 INFO     command: tesseract -l por /tmp/tmp1cgf4eqk.png stdout tsv
23:05:19 INFO     command: tesseract --psm 0 -l osd /tmp/tmp1dvy0rn_.png stdout
23:05:20 INFO     command: tesseract -l por /tmp/tmp1dvy0rn_.png stdout tsv
23:05:21 INFO     command: tesseract --psm 0 -l osd /tmp/tmplawc8z82.png stdout
23:05:22 INFO     command: tesseract -l por /tmp/tmplawc8z82.png stdout tsv
23:05:24 INFO     command: tesseract --psm 0 -l osd /tmp/tmp1shylqe9.png stdout
23:05:25 INFO     command: tesseract -l por /tmp/tmp1shylqe9.png stdout tsv
23:05:35 INFO     command: tesseract --psm 0 -l osd /tmp/tmpll1oqbff.png stdout
23:05:36 INFO     command: tesseract -l por /tmp/tmpll1oqbff.png stdout tsv
23:05:44 INFO     command: tesseract --psm 0 -l osd /tmp/tmpb3ev929c.png stdout
23:05:45 INFO     command: tesseract -l por /tmp/tmpb3ev929c.png stdout tsv
23:05:47 INFO     command: tesseract --psm 0 -l osd /tmp/tmpe2p0wc59.png stdout
23:05:48 INFO     command: tesseract -l por /tmp/tmpe2p0wc59.png stdout tsv
23:05:54 INFO     Finished converting document funai_ptd_2025_2027_docdiretivo_assinado-1_tarjado.pdf in 65.11 sec.
23:05:54 INFO     [4/7] ✓ FUNAI     :  15 riscos | 65.1s | ETA ~2min
23:05:54 INFO     [5/7] → incra_ptd_docdiretivo__assinado-1_assinado_assinado-copia_tarjada.pdf
23:05:54 INFO     detected formats: [<InputFormat.PDF: 'pdf'>]
23:05:54 INFO     Going to convert document batch...
23:05:54 INFO     Processing document incra_ptd_docdiretivo__assinado-1_assinado_assinado-copia_tarjada.pdf
23:05:56 INFO     command: tesseract --psm 0 -l osd /tmp/tmpmdlduwkx.png stdout
23:05:56 INFO     command: tesseract -l por /tmp/tmpmdlduwkx.png stdout tsv
23:05:59 INFO     command: tesseract --psm 0 -l osd /tmp/tmpvftegczl.png stdout
23:06:00 INFO     command: tesseract -l por /tmp/tmpvftegczl.png stdout tsv
23:06:06 INFO     command: tesseract --psm 0 -l osd /tmp/tmp_wv3bgon.png stdout
23:06:07 INFO     command: tesseract -l por /tmp/tmp_wv3bgon.png stdout tsv
23:06:09 INFO     command: tesseract --psm 0 -l osd /tmp/tmp9iqsh1qa.png stdout
23:06:10 INFO     command: tesseract -l por /tmp/tmp9iqsh1qa.png stdout tsv
23:06:12 INFO     command: tesseract --psm 0 -l osd /tmp/tmp1hwxw_ms.png stdout
23:06:12 INFO     command: tesseract -l por /tmp/tmp1hwxw_ms.png stdout tsv
23:06:15 INFO     command: tesseract --psm 0 -l osd /tmp/tmpsrthg2ux.png stdout
23:06:16 INFO     command: tesseract -l por /tmp/tmpsrthg2ux.png stdout tsv
23:06:29 INFO     command: tesseract --psm 0 -l osd /tmp/tmpdttxifxx.png stdout
23:06:30 INFO     command: tesseract -l por /tmp/tmpdttxifxx.png stdout tsv
23:06:32 INFO     command: tesseract --psm 0 -l osd /tmp/tmp54x4cw91.png stdout
23:06:33 INFO     command: tesseract -l por /tmp/tmp54x4cw91.png stdout tsv
23:06:34 INFO     command: tesseract --psm 0 -l osd /tmp/tmpj5sybtmz.png stdout
23:06:35 INFO     command: tesseract -l por /tmp/tmpj5sybtmz.png stdout tsv
23:06:37 INFO     command: tesseract --psm 0 -l osd /tmp/tmplw75ja7m.png stdout
23:06:39 INFO     command: tesseract -l por /tmp/tmplw75ja7m.png stdout tsv
23:06:44 INFO     command: tesseract --psm 0 -l osd /tmp/tmp1zkuoa65.png stdout
23:06:45 INFO     command: tesseract -l por /tmp/tmp1zkuoa65.png stdout tsv
23:06:53 INFO     command: tesseract --psm 0 -l osd /tmp/tmpnk_gthc8.png stdout
23:06:54 INFO     command: tesseract -l por /tmp/tmpnk_gthc8.png stdout tsv
23:06:57 INFO     command: tesseract --psm 0 -l osd /tmp/tmpfu0h9t_v.png stdout
23:06:58 INFO     command: tesseract -l por /tmp/tmpfu0h9t_v.png stdout tsv
23:07:06 INFO     Finished converting document incra_ptd_docdiretivo__assinado-1_assinado_assinado-copia_tarjada.pdf in 71.45 sec.
23:07:06 INFO     [5/7] ✓ INCRA     :  15 riscos | 71.5s | ETA ~1min
23:07:06 INFO     [6/7] → iti_doc_diretivo_assinado-1_tarjado.pdf
23:07:06 INFO     detected formats: [<InputFormat.PDF: 'pdf'>]
23:07:06 INFO     Going to convert document batch...
23:07:06 INFO     Processing document iti_doc_diretivo_assinado-1_tarjado.pdf
23:07:06 INFO     command: tesseract --psm 0 -l osd /tmp/tmpp9s5g12s.png stdout
23:07:07 INFO     command: tesseract -l por /tmp/tmpp9s5g12s.png stdout tsv
23:07:10 INFO     command: tesseract --psm 0 -l osd /tmp/tmpfdfo_ufl.png stdout
23:07:11 INFO     command: tesseract -l por /tmp/tmpfdfo_ufl.png stdout tsv
23:07:14 INFO     command: tesseract --psm 0 -l osd /tmp/tmpozpe3wzh.png stdout
23:07:15 INFO     command: tesseract -l por /tmp/tmpozpe3wzh.png stdout tsv
23:07:17 INFO     command: tesseract --psm 0 -l osd /tmp/tmp7yhktc3v.png stdout
23:07:17 INFO     command: tesseract -l por /tmp/tmp7yhktc3v.png stdout tsv
23:07:19 INFO     command: tesseract --psm 0 -l osd /tmp/tmpl_s4tgdc.png stdout
23:07:20 INFO     command: tesseract -l por /tmp/tmpl_s4tgdc.png stdout tsv
23:07:22 INFO     command: tesseract --psm 0 -l osd /tmp/tmp5nw9plyq.png stdout
23:07:24 INFO     command: tesseract -l por /tmp/tmp5nw9plyq.png stdout tsv
23:07:40 INFO     command: tesseract --psm 0 -l osd /tmp/tmp5s0x0ge3.png stdout
23:07:41 INFO     command: tesseract -l por /tmp/tmp5s0x0ge3.png stdout tsv
23:07:43 INFO     command: tesseract --psm 0 -l osd /tmp/tmpd0p7vgwn.png stdout
23:07:44 INFO     command: tesseract -l por /tmp/tmpd0p7vgwn.png stdout tsv
23:07:46 INFO     command: tesseract --psm 0 -l osd /tmp/tmprntae0q2.png stdout
23:07:47 INFO     command: tesseract -l por /tmp/tmprntae0q2.png stdout tsv
23:07:49 INFO     command: tesseract --psm 0 -l osd /tmp/tmpk3b0o8ik.png stdout
23:07:50 INFO     command: tesseract -l por /tmp/tmpk3b0o8ik.png stdout tsv
23:08:04 INFO     command: tesseract --psm 0 -l osd /tmp/tmpd_r5dxue.png stdout
23:08:05 INFO     command: tesseract -l por /tmp/tmpd_r5dxue.png stdout tsv
23:08:08 INFO     Finished converting document iti_doc_diretivo_assinado-1_tarjado.pdf in 62.62 sec.
23:08:08 INFO     [6/7] ✓ ITI       :  14 riscos | 62.6s | ETA ~58s
23:08:08 INFO     [7/7] → sgpr_ptd_2026_2027_docdiretivo_assinado-copia_tarjada.pdf
23:08:08 INFO     detected formats: [<InputFormat.PDF: 'pdf'>]
23:08:08 INFO     Going to convert document batch...
23:08:08 INFO     Processing document sgpr_ptd_2026_2027_docdiretivo_assinado-copia_tarjada.pdf
23:08:29 INFO     Finished converting document sgpr_ptd_2026_2027_docdiretivo_assinado-copia_tarjada.pdf in 20.38 sec.
23:08:29 INFO     [7/7] ✓ SGPR      :  10 riscos | 20.4s | ETA ~0s
23:08:29 INFO     ╔══════════════════════════════════════════════════════════════╗
23:08:29 INFO     ║                   RISCOS — fase concluída                    ║
23:08:29 INFO     ║  Processados: 7     |  ✓ 7  ⚠ 0                              ║
23:08:29 INFO     ║  Duração: 6.1 min                                            ║
23:08:29 INFO     ║  81 riscos | 7 órgãos                                        ║
23:08:29 INFO     ╚══════════════════════════════════════════════════════════════╝
23:08:29 INFO     81 riscos | 0 ações | 135 relações
23:08:29 INFO     ptd_corpus_raw                     : 273 linhas
23:08:29 INFO     ptd_pivot_eixos                    : 7 linhas
23:08:32 INFO     ptd_datas_assinatura               : 132 linhas
23:08:32 INFO     ptd_riscos                         : 81 linhas
23:08:32 INFO     ptd_riscos_acoes                   : 135 linhas
23:08:32 INFO     Manifesto salvo: pipeline_manifest.json | SHA-256 de 132 PDFs
23:08:32 INFO     ==================================================
23:08:32 INFO     PTD-BR v3.0-melhorado — PIPELINE CONCLUÍDO
23:08:32 INFO     ==================================================
23:08:32 INFO     ptd_corpus_raw.csv                        167 KB
23:08:32 INFO     ptd_pivot_eixos.csv                         0 KB
23:08:32 INFO     ptd_datas_assinatura.csv                    9 KB
23:08:32 INFO     ptd_riscos.csv                             23 KB
23:08:32 INFO     ptd_riscos_acoes.csv                        2 KB
23:08:32 INFO     proveniencia.json                           0 KB
23:08:32 INFO     pipeline_manifest.json                     21 KB
23:08:32 INFO     📦 Artefatos: https://github.com/freirelucas/teste/actions/runs/24054726889
23:08:32 INFO     ==================================================
