11:09:46 INFO     Docling disponível
11:09:46 WARNING  OCR fallback indisponível (IndentationError: unexpected indent (ptd_ocr_fallback.py, line 45))
11:09:47 INFO     Ignorado (guia/template/norma): ABNT-NBR-17225-Acessibilidade-Digital.pdf
11:09:47 INFO     Ignorado (guia/template/norma): cgrep-guia10passos-ptd-orgao.pdf
11:09:47 INFO     Ignorado (guia/template/norma): ABNT-NBR-17225-Acessibilidade-Digital.pdf
11:09:47 INFO     Scraping: 132 PDFs únicos | entregas: 68 | diretivos: 61
11:09:47 INFO     Baixando 132 PDFs únicos...
11:09:49 INFO     ✓ [  1/132] abin_ptd_anexo_de_entregas_assinado_pelo_orgao_ass   293.3KB
11:09:52 INFO     ✓ [  2/132] aeb_ptd_2025_2027_docdiretivo_aprovado_assinado-1_  1033.7KB
11:09:54 INFO     ✓ [  3/132] aeb_ptd_2025_2027_anexo_de_entregas_aprovado_assin   154.5KB
11:09:59 INFO     ✓ [  4/132] agu_ptd_2025_2027_docdiretivo_assinado_assinado_as  2860.3KB
11:10:02 INFO     ✓ [  5/132] agu_ptd_2025_2027_anexo_de_entregas_assinado_assin   525.5KB
11:10:05 INFO     ✓ [  6/132] ana_ptd_2025_2027_docdiretivo_assinado_assinado_as   477.2KB
11:10:07 INFO     ✓ [  7/132] ana_ptd_2025_2027_anexoentregas_assinado_assinado_   170.9KB
11:10:10 INFO     ✓ [  8/132] anac_ptd_2025_2026_docdiretivo_se_assinado_tarjado  1036.3KB
11:10:12 INFO     ✓ [  9/132] anac_ptd_2025_2026_anexo_de_entregas_se_assinado.p   215.2KB
11:10:16 INFO     ✓ [ 10/132] anatel_ptd_docdiretivo_assinado_2025_2026_assinado  1006.0KB
11:10:18 INFO     ✓ [ 11/132] anatel_ptd_2025_2026_anexo_de_entregas_do_ptd_publ    71.9KB
11:10:21 INFO     ✓ [ 12/132] ancine_ptd_2024_2026_docdiretivo_assinado-2_assina   961.8KB
11:10:23 INFO     ✓ [ 13/132] ancine_ptd_2024_2026_-_anexo_de_entregas_aprovado_   613.2KB
11:10:26 INFO     ✓ [ 14/132] ptd_aneel_2025-2027_docdiretivo_assinado_tarjado.p   779.6KB
11:10:28 INFO     ✓ [ 15/132] ptd_aneel_2025-2027_anexo_de_entregas_assinado.pdf   111.9KB
11:10:32 INFO     ✓ [ 16/132] anm_ptd_2025_2027_docdiretivo_assinadopeloorgao_ta  1092.5KB
11:10:35 INFO     ✓ [ 17/132] anm_ptd_2025_2027_anexo_entregas_assinadopeloorgao  1140.4KB
11:10:38 INFO     ✓ [ 18/132] anpd_ptd_2025_2027_docdiretivo_assinado_assinado_a  1044.3KB
11:10:40 INFO     ✓ [ 19/132] anpd_ptd_2025_2027_anexo_de_entregas_assinado_assi   166.5KB
11:10:43 INFO     ✓ [ 20/132] ans-plano_de_transformacao_digital_assinado-copia_  1023.4KB
11:10:45 INFO     ✓ [ 21/132] ans_ptd_2025_2026_anexo_de_entregas_assinado_assin   124.1KB
11:10:49 INFO     ✓ [ 22/132] antaq_ptd_2025_2027_docdiretivo_assinado_assinado_  1039.8KB
11:10:51 INFO     ✓ [ 23/132] antaq_ptd_2025_2027_anexoentregas_assinado_assinad   145.1KB
11:10:53 INFO     ✓ [ 24/132] mt_anexo_de_entregas_-_assinado_assinado_assinado_   143.6KB
11:11:01 INFO     ✓ [ 25/132] anvisa_ptd_docdiretivo_2025-2026_assinado_assinado  5771.2KB
11:11:04 INFO     ✓ [ 26/132] anvisa_ptd_anexo_de_entregas_2025_2026_assinado_as   239.0KB
11:11:06 INFO     ✓ [ 27/132] bcb_documento_diretivo_assinado_assinado_assinado-   713.7KB
11:11:09 INFO     ✓ [ 28/132] bcb_anexo_de_entregas_ptd_25_26-1_assinado_assinad   134.8KB
11:11:12 INFO     ✓ [ 29/132] cade_ptd_docdiretivo_2025_2026_assinado-2_assinado   810.4KB
11:11:14 INFO     ✓ [ 30/132] cade_ptd_anexo_de_entregas_2025_2026_assinado_copi   504.0KB
11:11:17 INFO     ✓ [ 31/132] mec_ptd_docdiretivo_2025-2026_sei_mec-5566673_copi   863.1KB
11:11:20 INFO     ✓ [ 32/132] mec_ptd_anexo-de-entregas_sei_mec-5576401_copia_ta   495.7KB
11:11:24 INFO     ✓ [ 33/132] mec_ptd_docdiretivo-versao-comunicacao_copia_tarja  1616.5KB
11:11:26 INFO     ✓ [ 34/132] md_ptd_2026_2027_anexo_de_entregas_assinado_assina   579.4KB
11:11:29 INFO     ✓ [ 35/132] md_ptd_2026_2027_anexo_de_entregas_assinado_assina   186.8KB
11:11:31 INFO     ✓ [ 36/132] md_ptd_temp_copia_tarjada.pdf                        741.9KB
11:11:35 INFO     ✓ [ 37/132] cgu_ptd_docdiretivo_assinado_assinado_assinado-cop  1085.4KB
11:11:37 INFO     ✓ [ 38/132] cgu_ptd_anexo_de_entregas_pactuadas_assinado_assin   514.1KB
11:11:40 INFO     ✓ [ 39/132] cnpq_ptd_2025_2027_docdiretivo_assinado_assinado_a   342.9KB
11:11:42 INFO     ✓ [ 40/132] cnpq_ptd_2025_2027_anexo_de_entregas_assinado_assi   136.1KB
11:11:45 INFO     ✓ [ 41/132] coaf_ptd_2025_2026_documento_diretivo_assinado_ass  1068.0KB
11:11:50 INFO     ✓ [ 42/132] coaf_ptd_2025_2026_anexo_de_entregas-2_assinado_as  3184.5KB
11:11:56 INFO     ✓ [ 43/132] ptd_midr-docdiretivo_aprovado_assinado_tarjado.pdf  3864.1KB
11:12:00 INFO     ✓ [ 44/132] ptd_midr_-_anexo_de_entregas_-_aprovado_assinado.p  1122.0KB
11:12:03 INFO     ✓ [ 45/132] mda-documento-diretivo-assinado_ptd-2025-207-copia   955.8KB
11:12:05 INFO     ✓ [ 46/132] cvm_ptd_2025_2027_docdiretivo_assinado_assinado_as   270.5KB
11:12:07 INFO     ✓ [ 47/132] cvm_ptd_2025_2027_anexoentregas_assinado_assinado_   409.0KB
11:12:11 INFO     ✓ [ 48/132] dnocs_ptd_doc_diretivo_2025_2026_assinado_orgao-2_   891.1KB
11:12:13 INFO     ✓ [ 49/132] dnocs_anexo_de_entregas_repactuado_2025_2026_assin   272.3KB
11:12:18 INFO     ✓ [ 50/132] fbn_ptd_2025_2027_docdiretivo_assinado-1_tarjado.p  2921.6KB
11:12:20 INFO     ✓ [ 51/132] fbn_ptd_2025_2027_anexo_de_entregas_assinado-1.pdf   162.3KB
11:12:24 INFO     ✓ [ 52/132] fcp_ptd_2025_2027_docdiretivo_assinado-1_tarjado.p  1612.0KB
11:12:26 INFO     ✓ [ 53/132] fcp_ptd_2025_2027_anexo_de_entregas_assinado-1.pdf   118.8KB
11:12:29 INFO     ✓ [ 54/132] fcrb_ptd_2025_2026_docdiretivo_aprovado_assinado-1   998.2KB
11:12:32 INFO     ✓ [ 55/132] fcrb_ptd_2025_2026_anexo_de_entregas_aprovado_assi   313.5KB
11:12:35 INFO     ✓ [ 56/132] fiocruz_novo-ptd_2-1_docdiretivo_repactuacao_2024-  1318.1KB
11:12:38 INFO     ✓ [ 57/132] fiocruz_ptd_anexo_de_entregas_assinado_v1_assinado   257.1KB
11:12:42 INFO     ✓ [ 58/132] fiocruz-ptd-06_2024-copia_tarjada.pdf               1693.8KB
11:12:45 INFO     ✓ [ 59/132] funai_ptd_2025_2027_docdiretivo_assinado-1_tarjado  1842.1KB
11:12:48 INFO     ✓ [ 60/132] funai_anexo_de_entregas_repactuado_2026_2027_assin   435.7KB
11:12:51 INFO     ✓ [ 61/132] funarte_ptd_docdiretivo_assinado_21_01_2025_assina   965.7KB
11:12:54 INFO     ✓ [ 62/132] funarte_ptd_anexo_de_entregas_assinado_v1_assinado   683.6KB
11:12:57 INFO     ✓ [ 63/132] fundacentro_ptd_2025_2027_docdiretivo_assinado_ass   826.6KB
11:12:59 INFO     ✓ [ 64/132] fundacentro_ptd_2025_2027_anexo_de_entregas_assina   635.5KB
11:13:02 INFO     ✓ [ 65/132] mma_ptd_docdiretivo_assinado_2025_2026-1_assinado_   949.3KB
11:13:05 INFO     ✓ [ 66/132] mma_ptd_anexo_de_entregas_aprovado_final_assinado_   174.8KB
11:13:08 INFO     ✓ [ 67/132] ibge_docdiretivo_2025_assinado_assinado_assinado-c  1167.3KB
11:13:10 INFO     ✓ [ 68/132] ibge_ptd_25_26_anexo_de_entregas_modelo_v2-1_assin   143.7KB
11:13:20 INFO     ✓ [ 69/132] incra_ptd_docdiretivo__assinado-1_assinado_assinad  7182.0KB
11:13:24 INFO     ✓ [ 70/132] incra_anexo_de_entregas_assinado-1_assinado_assina  1818.6KB
11:13:29 INFO     ✓ [ 71/132] inpi_ptd_docdiretivo_assinado_2025_2026_assinado_a  3322.4KB
11:13:35 INFO     ✓ [ 72/132] inpi_ptd_anexo_de_entregas_assinado_v1_assinado_as  3078.1KB
11:13:38 INFO     ✓ [ 73/132] inss_ptd_2025_2027_docdiretivo-assinado-copia_tarj  1173.3KB
11:13:40 INFO     ✓ [ 74/132] inss_ptd_2025_2027_anexo_de_entregas-assinado-copi   110.8KB
11:13:43 INFO     ✓ [ 75/132] iphan_ptd_docdiretivo_assinado_2025_2026_assinado_   885.7KB
11:13:45 INFO     ✓ [ 76/132] iphan_ptd_anexo_de_entregas_assinado_v1_assinado_a   310.9KB
11:13:52 INFO     ✓ [ 77/132] iti_doc_diretivo_assinado-1_tarjado.pdf             4905.1KB
11:13:55 INFO     ✓ [ 78/132] iti_anexo_de_entregas_assinado.pdf                   556.4KB
11:13:59 INFO     ✓ [ 79/132] mapa_ptd_2025_2027_docdiretivo_assinado-1_tarjado.  1740.9KB
11:14:01 INFO     ✓ [ 80/132] mapa_ptd_2025_2027_anexo_de_entregas_assinado-1.pd   261.9KB
11:14:08 INFO     ✓ [ 81/132] documento-diretivo-mcom-_-ptd-25_27-copia_tarjada.  4451.9KB
11:14:11 INFO     ✓ [ 82/132] anexo-de-entregas-mcom_ptd-25_27-copia_tarjada.pdf  1213.8KB
11:14:17 INFO     ✓ [ 83/132] ptd_21_24_mcom-copia_tarjada.pdf                    3040.7KB
11:14:20 INFO     ✓ [ 84/132] mcti_ptd_2025-2027_docdiretivo_assinado-copia_tarj  1030.7KB
11:14:22 INFO     ✓ [ 85/132] mcti_ptd_2025-2027_anexo-de-entregas_assinado-copi   145.8KB
11:14:24 INFO     ✓ [ 86/132] mda-anexo-entregas-assinado_ptd-2025-2027-copia-ta   284.6KB
11:14:27 INFO     ✓ [ 87/132] mdhc_ptd_2025_2027_docdiretivo_assinado_assinado_a   753.4KB
11:14:29 INFO     ✓ [ 88/132] mdhc_ptd_2025_2027_anexoentregas_assinado_assinado   186.8KB
11:14:32 INFO     ✓ [ 89/132] mdic_ptd_anexo_de_entregas_assinado_v1_assinado_as   176.6KB
11:14:35 INFO     ✓ [ 90/132] memp_ptd_2025_2026_docdiretivo_assinado_assinado_a  1030.1KB
11:14:37 INFO     ✓ [ 91/132] memp_ptd_2025_2026_anexo_de_entregas_assinado_assi   161.5KB
11:14:40 INFO     ✓ [ 92/132] mesp_ptd_2025_2027_docdiretivo_assinado_assinado_2  1147.7KB
11:14:43 INFO     ✓ [ 93/132] mesp_ptd_2025_2027_anexo_de_entregas_assinado_assi   226.6KB
11:14:46 INFO     ✓ [ 94/132] mf_ptd_2026_2027_documentodiretivo_assinado_assina   955.1KB
11:14:48 INFO     ✓ [ 95/132] mf_ptd_2026_2027_anexo_de_entregas_1_mf_se_assinad   241.2KB
11:14:51 INFO     ✓ [ 96/132] mgi_ptd_2025_2027_docdiretivo_assinado_assinado_as   375.2KB
11:14:53 INFO     ✓ [ 97/132] mgi_ptd_2025_2027_anexo_de_entregas_assinado_assin   256.1KB
11:14:56 INFO     ✓ [ 98/132] minc_ptd_2025_2027_docdiretivo_assinado-1_assinado   863.6KB
11:14:58 INFO     ✓ [ 99/132] minc_ptd_2025_2027_anexo_de_entregas_assinado-1_as   276.7KB
11:15:01 INFO     ✓ [100/132] mjsp_ptd_docdiretivo_assinado_2025_2026_assinado_a   954.0KB
11:15:04 INFO     ✓ [101/132] mjsp_ptd_anexo_de_entregas_assinado_v1_assinado_as   253.9KB
11:15:07 INFO     ✓ [102/132] mme_ptd_2025_2027_docdiretivo_assinado-copia_tarja   664.5KB
11:15:09 INFO     ✓ [103/132] mme_ptd_2025_2027_anexo_de_entregas_assinado__1_-c   111.1KB
11:15:12 INFO     ✓ [104/132] mmulheres_ptd_2025_2027_docdiretivo_assinado_assin  1078.3KB
11:15:14 INFO     ✓ [105/132] mmulheres_ptd_2025_2027_anexo_de_entregas_assinado   216.9KB
11:15:17 INFO     ✓ [106/132] mpi_ptd_2025_2027_docdiretivo_ministerio_dos_povos   947.9KB
11:15:20 INFO     ✓ [107/132] mpi_ptd_anexo_de_entregas_do_plano_de_tranformacao   191.9KB
11:15:23 INFO     ✓ [108/132] mpo_ptd_docdiretivo_assinado_2025_2026_assinado_as   806.3KB
11:15:25 INFO     ✓ [109/132] mpo_ptd_anexo_de_entregas_assinado_v1_assinado_ass   323.2KB
11:15:28 INFO     ✓ [110/132] mpor_ptd_2025_2027_docdiretivo_assinado_assinado_a   876.5KB
11:15:31 INFO     ✓ [111/132] mpor_ptd_2025_2027_anexo_de_entregas_assinado_assi   175.1KB
11:15:34 INFO     ✓ [112/132] mps_ptd_2025-2026_docdiretivo_final_assinado-1_ass  1024.4KB
11:15:36 INFO     ✓ [113/132] mps_ptd_2025-2026_anexo_de_entregas_final_assinado   165.0KB
11:15:39 INFO     ✓ [114/132] mre_ptd_docdiretivo_assinado_2025_2026_assinado_as   760.9KB
11:15:41 INFO     ✓ [115/132] mre_ptd_anexo_de_entregas_assinado_v1_assinado_ass   233.2KB
11:15:44 INFO     ✓ [116/132] mte_ptd_2025_2026_docdiretivo_assinado_assinado_as   729.6KB
11:15:47 INFO     ✓ [117/132] mte_ptd_anexo_de_entregas_assinado_v1__281_29_assi   459.5KB
11:15:50 INFO     ✓ [118/132] mtur_ptd_docdiretiv_assinado_30_01_2025_assinado_a  1050.4KB
11:15:52 INFO     ✓ [119/132] mtur_ptd_anexo_de_entregas_assinado_30_01_2025_ass   118.8KB
11:15:55 INFO     ✓ [120/132] pf_ptd_docdiretivo_2025_2027_assinado-copia_tarjad   964.3KB
11:15:57 INFO     ✓ [121/132] pf_ptd_anexo_de_entregas_2025_2027_assinado-copia_    62.5KB
11:16:00 INFO     ✓ [122/132] mf_ptd_2026_2027_anexo_de_entregas_4_mf_pgfn_assin   466.8KB
11:16:09 INFO     ✓ [123/132] previc_plano_de_transformacao_digital_2025_2026_29  6652.7KB
11:16:11 INFO     ✓ [124/132] previc_ptd_repactuacao_2025-2026_assinado_assinado   182.9KB
11:16:13 INFO     ✓ [125/132] prf_documentodiretivo_ptd_2026-2027_assinado_tarja   535.9KB
11:16:16 INFO     ✓ [126/132] prf_anexo_de_entregas_do_ptd__2026_2027___ptd___en   157.7KB
11:16:18 INFO     ✓ [127/132] mf_ptd_2026_2027_anexo_de_entregas_2_mf_rfb_assina   253.7KB
11:16:21 INFO     ✓ [128/132] sgpr_ptd_2026_2027_docdiretivo_assinado-copia_tarj   791.2KB
11:16:24 INFO     ✓ [129/132] sgpr_ptd_2025_2027_anexo_de_entregas_assinado-copi   897.9KB
11:16:27 INFO     ✓ [130/132] mf_ptd_2026_2027_anexo_de_entregas_3_mf_stn_assina   467.8KB
11:16:30 INFO     ✓ [131/132] susep_ptd_2025_2027_docdiretivo-assinado-copia_tar  1030.1KB
11:16:32 INFO     ✓ [132/132] susep_ptd_2025-2026_anexo_de_entregas_final_assina   221.9KB
11:16:34 INFO     132 OK | 0 erros | 123.3 MB total
11:16:39 INFO     Sanity: 132 PDFs | 113 texto | 19 imagem/OCR | 0 duplicatas
11:16:39 INFO     --siglas (debug): 15 PDFs de ['AGU', 'FIOCRUZ', 'FUNAI', 'FUNDACENTRO', 'INCRA', 'ITI', 'MCOM', 'SGPR']
11:16:39 INFO     DocumentConverter instanciado (singleton × 2: plain + OCR)
11:16:39 INFO     [1/15] → agu_ptd_2025_2027_anexo_de_entregas_assinado_assinado_assinado-copia_tarjada.pdf
11:16:39 INFO     detected formats: [<InputFormat.PDF: 'pdf'>]
11:16:39 INFO     Going to convert document batch...
11:16:39 INFO     Initializing pipeline for StandardPdfPipeline with options hash bc6794697da537796efc497178f9263f
11:16:39 INFO     Loading plugin 'docling_defaults'
11:16:39 INFO     Registered picture descriptions: ['picture_description_vlm_engine', 'vlm', 'api']
11:16:39 INFO     Loading plugin 'docling_defaults'
11:16:39 INFO     Registered ocr engines: ['auto', 'easyocr', 'kserve_v2_ocr', 'ocrmac', 'rapidocr', 'tesserocr', 'tesseract']
11:16:39 INFO     command: tesseract --list-langs
11:16:39 INFO     Loading plugin 'docling_defaults'
11:16:39 INFO     Registered layout engines: ['layout_object_detection', 'docling_layout_default', 'docling_experimental_table_crops_layout']
11:16:39 INFO     Accelerator device: 'cpu'
11:16:39 INFO     HTTP Request: GET https://huggingface.co/api/models/docling-project/docling-layout-heron/revision/main "HTTP/1.1 200 OK"
11:16:39 INFO     HTTP Request: HEAD https://huggingface.co/docling-project/docling-layout-heron/resolve/8f39ad3c0b4c58e9c2d2c84a38465abf757272d8/README.md "HTTP/1.1 307 Temporary Redirect"
11:16:39 WARNING  Warning: You are sending unauthenticated requests to the HF Hub. Please set a HF_TOKEN to enable higher rate limits and faster downloads.
11:16:39 INFO     HTTP Request: HEAD https://huggingface.co/api/resolve-cache/models/docling-project/docling-layout-heron/8f39ad3c0b4c58e9c2d2c84a38465abf757272d8/README.md "HTTP/1.1 200 OK"
11:16:39 INFO     HTTP Request: HEAD https://huggingface.co/docling-project/docling-layout-heron/resolve/8f39ad3c0b4c58e9c2d2c84a38465abf757272d8/config.json "HTTP/1.1 307 Temporary Redirect"
11:16:39 INFO     HTTP Request: HEAD https://huggingface.co/docling-project/docling-layout-heron/resolve/8f39ad3c0b4c58e9c2d2c84a38465abf757272d8/.gitattributes "HTTP/1.1 307 Temporary Redirect"
11:16:39 INFO     HTTP Request: HEAD https://huggingface.co/docling-project/docling-layout-heron/resolve/8f39ad3c0b4c58e9c2d2c84a38465abf757272d8/docling_heron_400.png "HTTP/1.1 307 Temporary Redirect"
11:16:39 INFO     HTTP Request: HEAD https://huggingface.co/docling-project/docling-layout-heron/resolve/8f39ad3c0b4c58e9c2d2c84a38465abf757272d8/model.safetensors "HTTP/1.1 302 Found"
11:16:39 INFO     HTTP Request: GET https://huggingface.co/api/resolve-cache/models/docling-project/docling-layout-heron/8f39ad3c0b4c58e9c2d2c84a38465abf757272d8/README.md "HTTP/1.1 200 OK"
11:16:39 INFO     HTTP Request: HEAD https://huggingface.co/docling-project/docling-layout-heron/resolve/8f39ad3c0b4c58e9c2d2c84a38465abf757272d8/preprocessor_config.json "HTTP/1.1 307 Temporary Redirect"
11:16:39 INFO     HTTP Request: HEAD https://huggingface.co/api/resolve-cache/models/docling-project/docling-layout-heron/8f39ad3c0b4c58e9c2d2c84a38465abf757272d8/config.json "HTTP/1.1 200 OK"
11:16:39 INFO     HTTP Request: HEAD https://huggingface.co/api/resolve-cache/models/docling-project/docling-layout-heron/8f39ad3c0b4c58e9c2d2c84a38465abf757272d8/.gitattributes "HTTP/1.1 200 OK"
11:16:39 INFO     HTTP Request: HEAD https://huggingface.co/api/resolve-cache/models/docling-project/docling-layout-heron/8f39ad3c0b4c58e9c2d2c84a38465abf757272d8/docling_heron_400.png "HTTP/1.1 200 OK"
11:16:39 INFO     HTTP Request: HEAD https://huggingface.co/api/resolve-cache/models/docling-project/docling-layout-heron/8f39ad3c0b4c58e9c2d2c84a38465abf757272d8/preprocessor_config.json "HTTP/1.1 200 OK"
11:16:39 INFO     HTTP Request: GET https://huggingface.co/api/resolve-cache/models/docling-project/docling-layout-heron/8f39ad3c0b4c58e9c2d2c84a38465abf757272d8/docling_heron_400.png "HTTP/1.1 200 OK"
11:16:39 INFO     HTTP Request: GET https://huggingface.co/api/resolve-cache/models/docling-project/docling-layout-heron/8f39ad3c0b4c58e9c2d2c84a38465abf757272d8/.gitattributes "HTTP/1.1 200 OK"
11:16:39 INFO     HTTP Request: GET https://huggingface.co/api/resolve-cache/models/docling-project/docling-layout-heron/8f39ad3c0b4c58e9c2d2c84a38465abf757272d8/config.json "HTTP/1.1 200 OK"
11:16:39 INFO     HTTP Request: GET https://huggingface.co/api/resolve-cache/models/docling-project/docling-layout-heron/8f39ad3c0b4c58e9c2d2c84a38465abf757272d8/preprocessor_config.json "HTTP/1.1 200 OK"
11:16:39 INFO     HTTP Request: GET https://huggingface.co/api/models/docling-project/docling-layout-heron/xet-read-token/8f39ad3c0b4c58e9c2d2c84a38465abf757272d8 "HTTP/1.1 200 OK"
11:16:41 INFO     Loading plugin 'docling_defaults'
11:16:41 INFO     Registered table structure engines: ['docling_tableformer', 'docling_tableformer_v2']
11:16:41 INFO     HTTP Request: GET https://huggingface.co/api/models/docling-project/docling-models/revision/v2.3.0 "HTTP/1.1 200 OK"
11:16:41 INFO     HTTP Request: HEAD https://huggingface.co/docling-project/docling-models/resolve/fc0f2d45e2218ea24bce5045f58a389aed16dc23/.gitignore "HTTP/1.1 307 Temporary Redirect"
11:16:41 INFO     HTTP Request: HEAD https://huggingface.co/docling-project/docling-models/resolve/fc0f2d45e2218ea24bce5045f58a389aed16dc23/.gitattributes "HTTP/1.1 307 Temporary Redirect"
11:16:41 INFO     HTTP Request: HEAD https://huggingface.co/docling-project/docling-models/resolve/fc0f2d45e2218ea24bce5045f58a389aed16dc23/README.md "HTTP/1.1 307 Temporary Redirect"
11:16:41 INFO     HTTP Request: HEAD https://huggingface.co/docling-project/docling-models/resolve/fc0f2d45e2218ea24bce5045f58a389aed16dc23/model_artifacts/tableformer/accurate/tableformer_accurate.safetensors "HTTP/1.1 302 Found"
11:16:41 INFO     HTTP Request: HEAD https://huggingface.co/docling-project/docling-models/resolve/fc0f2d45e2218ea24bce5045f58a389aed16dc23/model_artifacts/tableformer/accurate/tm_config.json "HTTP/1.1 307 Temporary Redirect"
11:16:41 INFO     HTTP Request: HEAD https://huggingface.co/docling-project/docling-models/resolve/fc0f2d45e2218ea24bce5045f58a389aed16dc23/config.json "HTTP/1.1 307 Temporary Redirect"
11:16:41 INFO     HTTP Request: HEAD https://huggingface.co/api/resolve-cache/models/docling-project/docling-models/fc0f2d45e2218ea24bce5045f58a389aed16dc23/.gitignore "HTTP/1.1 200 OK"
11:16:41 INFO     HTTP Request: HEAD https://huggingface.co/api/resolve-cache/models/docling-project/docling-models/fc0f2d45e2218ea24bce5045f58a389aed16dc23/README.md "HTTP/1.1 200 OK"
11:16:41 INFO     HTTP Request: HEAD https://huggingface.co/api/resolve-cache/models/docling-project/docling-models/fc0f2d45e2218ea24bce5045f58a389aed16dc23/.gitattributes "HTTP/1.1 200 OK"
11:16:41 INFO     HTTP Request: HEAD https://huggingface.co/api/resolve-cache/models/docling-project/docling-models/fc0f2d45e2218ea24bce5045f58a389aed16dc23/model_artifacts%2Ftableformer%2Faccurate%2Ftm_config.json "HTTP/1.1 200 OK"
11:16:41 INFO     HTTP Request: HEAD https://huggingface.co/api/resolve-cache/models/docling-project/docling-models/fc0f2d45e2218ea24bce5045f58a389aed16dc23/config.json "HTTP/1.1 200 OK"
11:16:41 INFO     HTTP Request: GET https://huggingface.co/api/resolve-cache/models/docling-project/docling-models/fc0f2d45e2218ea24bce5045f58a389aed16dc23/.gitignore "HTTP/1.1 200 OK"
11:16:41 INFO     HTTP Request: HEAD https://huggingface.co/docling-project/docling-models/resolve/fc0f2d45e2218ea24bce5045f58a389aed16dc23/model_artifacts/tableformer/fast/tm_config.json "HTTP/1.1 307 Temporary Redirect"
11:16:41 INFO     HTTP Request: HEAD https://huggingface.co/docling-project/docling-models/resolve/fc0f2d45e2218ea24bce5045f58a389aed16dc23/model_artifacts/tableformer/fast/tableformer_fast.safetensors "HTTP/1.1 302 Found"
11:16:41 INFO     HTTP Request: HEAD https://huggingface.co/api/resolve-cache/models/docling-project/docling-models/fc0f2d45e2218ea24bce5045f58a389aed16dc23/model_artifacts%2Ftableformer%2Ffast%2Ftm_config.json "HTTP/1.1 200 OK"
11:16:41 INFO     HTTP Request: GET https://huggingface.co/api/resolve-cache/models/docling-project/docling-models/fc0f2d45e2218ea24bce5045f58a389aed16dc23/README.md "HTTP/1.1 200 OK"
11:16:41 INFO     HTTP Request: GET https://huggingface.co/api/models/docling-project/docling-models/xet-read-token/fc0f2d45e2218ea24bce5045f58a389aed16dc23 "HTTP/1.1 200 OK"
11:16:41 INFO     HTTP Request: GET https://huggingface.co/api/resolve-cache/models/docling-project/docling-models/fc0f2d45e2218ea24bce5045f58a389aed16dc23/config.json "HTTP/1.1 200 OK"
11:16:41 INFO     HTTP Request: GET https://huggingface.co/api/resolve-cache/models/docling-project/docling-models/fc0f2d45e2218ea24bce5045f58a389aed16dc23/model_artifacts%2Ftableformer%2Faccurate%2Ftm_config.json "HTTP/1.1 200 OK"
11:16:41 INFO     HTTP Request: GET https://huggingface.co/api/resolve-cache/models/docling-project/docling-models/fc0f2d45e2218ea24bce5045f58a389aed16dc23/.gitattributes "HTTP/1.1 200 OK"
11:16:41 INFO     HTTP Request: GET https://huggingface.co/api/resolve-cache/models/docling-project/docling-models/fc0f2d45e2218ea24bce5045f58a389aed16dc23/model_artifacts%2Ftableformer%2Ffast%2Ftm_config.json "HTTP/1.1 200 OK"
11:16:41 INFO     HTTP Request: GET https://huggingface.co/api/models/docling-project/docling-models/xet-read-token/fc0f2d45e2218ea24bce5045f58a389aed16dc23 "HTTP/1.1 200 OK"
11:16:42 INFO     Accelerator device: 'cpu'
11:16:42 INFO     Processing document agu_ptd_2025_2027_anexo_de_entregas_assinado_assinado_assinado-copia_tarjada.pdf
11:16:43 INFO     command: tesseract --psm 0 -l osd /tmp/tmp26tv_tkx.png stdout
11:16:44 INFO     command: tesseract -l por /tmp/tmp26tv_tkx.png stdout tsv
11:16:47 INFO     command: tesseract --psm 0 -l osd /tmp/tmp_7kylwma.png stdout
11:16:48 INFO     command: tesseract -l por /tmp/tmp_7kylwma.png stdout tsv
11:17:07 INFO     Finished converting document agu_ptd_2025_2027_anexo_de_entregas_assinado_assinado_assinado-copia_tarjada.pdf in 27.50 sec.
11:17:07 INFO       pixel_budget (Docling) agu_ptd_2025_2027_anexo_de_entregas_assinado_assinado_assinado-copia_tarjada.pdf: 45.8% (área tabelas/1001817 px²)
11:17:07 INFO     [1/15] ✓ AGU       :   33 entregas | 27.5s | ETA ~6min
11:17:07 INFO     [2/15] → agu_ptd_2025_2027_docdiretivo_assinado_assinado_assinado-copia_tarjada.pdf
11:17:07 INFO     detected formats: [<InputFormat.PDF: 'pdf'>]
11:17:07 INFO     Going to convert document batch...
11:17:07 INFO     Processing document agu_ptd_2025_2027_docdiretivo_assinado_assinado_assinado-copia_tarjada.pdf
11:17:07 INFO     command: tesseract --psm 0 -l osd /tmp/tmpu23swi8k.png stdout
11:17:08 INFO     command: tesseract -l por /tmp/tmpu23swi8k.png stdout tsv
11:17:10 INFO     command: tesseract --psm 0 -l osd /tmp/tmpglz36lr3.png stdout
11:17:11 INFO     command: tesseract -l por /tmp/tmpglz36lr3.png stdout tsv
11:17:16 INFO     command: tesseract --psm 0 -l osd /tmp/tmpreqne7s7.png stdout
11:17:17 INFO     command: tesseract -l por /tmp/tmpreqne7s7.png stdout tsv
11:17:19 INFO     command: tesseract --psm 0 -l osd /tmp/tmpp13mwjwn.png stdout
11:17:19 INFO     command: tesseract -l por /tmp/tmpp13mwjwn.png stdout tsv
11:17:22 INFO     command: tesseract --psm 0 -l osd /tmp/tmpx3vqq9p5.png stdout
11:17:22 INFO     command: tesseract -l por /tmp/tmpx3vqq9p5.png stdout tsv
11:17:24 INFO     command: tesseract --psm 0 -l osd /tmp/tmpmge95r8h.png stdout
11:17:26 INFO     command: tesseract -l por /tmp/tmpmge95r8h.png stdout tsv
11:17:36 INFO     command: tesseract --psm 0 -l osd /tmp/tmpad6oam_d.png stdout
11:17:37 INFO     command: tesseract -l por /tmp/tmpad6oam_d.png stdout tsv
11:17:39 INFO     command: tesseract --psm 0 -l osd /tmp/tmpslwqodns.png stdout
11:17:40 INFO     command: tesseract -l por /tmp/tmpslwqodns.png stdout tsv
11:17:42 INFO     command: tesseract --psm 0 -l osd /tmp/tmpra21clb7.png stdout
11:17:43 INFO     command: tesseract -l por /tmp/tmpra21clb7.png stdout tsv
11:17:45 INFO     command: tesseract --psm 0 -l osd /tmp/tmp20qg6tox.png stdout
11:17:47 INFO     command: tesseract -l por /tmp/tmp20qg6tox.png stdout tsv
11:18:02 INFO     command: tesseract --psm 0 -l osd /tmp/tmpuic2zzid.png stdout
11:18:03 INFO     command: tesseract -l por /tmp/tmpuic2zzid.png stdout tsv
11:18:06 INFO     Finished converting document agu_ptd_2025_2027_docdiretivo_assinado_assinado_assinado-copia_tarjada.pdf in 59.48 sec.
11:18:06 INFO       pixel_budget (Docling) agu_ptd_2025_2027_docdiretivo_assinado_assinado_assinado-copia_tarjada.pdf: 2.1% (área tabelas/5513330 px²)
11:18:06 INFO     [2/15] ✓ AGU       :    6 entregas | 59.5s | ETA ~9min
11:18:06 INFO     [3/15] → anexo-de-entregas-mcom_ptd-25_27-copia_tarjada.pdf
11:18:06 INFO     detected formats: [<InputFormat.PDF: 'pdf'>]
11:18:06 INFO     Going to convert document batch...
11:18:06 INFO     Processing document anexo-de-entregas-mcom_ptd-25_27-copia_tarjada.pdf
11:18:07 INFO     command: tesseract --psm 0 -l osd /tmp/tmpkfojs7nh.png stdout
11:18:08 INFO     command: tesseract -l por /tmp/tmpkfojs7nh.png stdout tsv
11:18:11 INFO     command: tesseract --psm 0 -l osd /tmp/tmp81xkntx_.png stdout
11:18:12 INFO     command: tesseract -l por /tmp/tmp81xkntx_.png stdout tsv
11:18:24 INFO     command: tesseract --psm 0 -l osd /tmp/tmpfb3fbqe8.png stdout
11:18:25 INFO     command: tesseract -l por /tmp/tmpfb3fbqe8.png stdout tsv
11:18:45 INFO     Finished converting document anexo-de-entregas-mcom_ptd-25_27-copia_tarjada.pdf in 38.35 sec.
11:18:45 INFO       pixel_budget (Docling) anexo-de-entregas-mcom_ptd-25_27-copia_tarjada.pdf: 55.2% (área tabelas/1503636 px²)
11:18:45 INFO     [3/15] ✓ MCOM      :   55 entregas | 38.4s | ETA ~8min
11:18:45 INFO     [4/15] → documento-diretivo-mcom-_-ptd-25_27-copia_tarjada.pdf
11:18:45 INFO     detected formats: [<InputFormat.PDF: 'pdf'>]
11:18:45 INFO     Going to convert document batch...
11:18:45 INFO     Processing document documento-diretivo-mcom-_-ptd-25_27-copia_tarjada.pdf
11:18:45 INFO     command: tesseract --psm 0 -l osd /tmp/tmp943rnwlu.png stdout
11:18:46 INFO     command: tesseract -l por /tmp/tmp943rnwlu.png stdout tsv
11:18:48 INFO     command: tesseract --psm 0 -l osd /tmp/tmpdun5ri5a.png stdout
11:18:50 INFO     command: tesseract -l por /tmp/tmpdun5ri5a.png stdout tsv
11:18:56 INFO     command: tesseract --psm 0 -l osd /tmp/tmpxcaag5y9.png stdout
11:18:56 INFO     command: tesseract -l por /tmp/tmpxcaag5y9.png stdout tsv
11:18:58 INFO     command: tesseract --psm 0 -l osd /tmp/tmp44obijn5.png stdout
11:18:58 INFO     command: tesseract -l por /tmp/tmp44obijn5.png stdout tsv
11:19:00 INFO     command: tesseract --psm 0 -l osd /tmp/tmp4nhpqqqo.png stdout
11:19:01 INFO     command: tesseract -l por /tmp/tmp4nhpqqqo.png stdout tsv
11:19:04 INFO     command: tesseract --psm 0 -l osd /tmp/tmpqo3rnmgw.png stdout
11:19:05 INFO     command: tesseract -l por /tmp/tmpqo3rnmgw.png stdout tsv
11:19:14 INFO     command: tesseract --psm 0 -l osd /tmp/tmp6ki633wj.png stdout
11:19:15 INFO     command: tesseract -l por /tmp/tmp6ki633wj.png stdout tsv
11:19:20 INFO     command: tesseract --psm 0 -l osd /tmp/tmpgubcbnag.png stdout
11:19:20 INFO     command: tesseract -l por /tmp/tmpgubcbnag.png stdout tsv
11:19:23 INFO     command: tesseract --psm 0 -l osd /tmp/tmp5blbdi8p.png stdout
11:19:24 INFO     command: tesseract -l por /tmp/tmp5blbdi8p.png stdout tsv
11:19:25 INFO     command: tesseract --psm 0 -l osd /tmp/tmpu746vz3l.png stdout
11:19:27 INFO     command: tesseract -l por /tmp/tmpu746vz3l.png stdout tsv
11:19:33 INFO     command: tesseract --psm 0 -l osd /tmp/tmpm714m104.png stdout
11:19:34 INFO     command: tesseract -l por /tmp/tmpm714m104.png stdout tsv
11:19:39 INFO     command: tesseract --psm 0 -l osd /tmp/tmpc_3hfdrs.png stdout
11:19:40 INFO     command: tesseract -l por /tmp/tmpc_3hfdrs.png stdout tsv
11:19:42 INFO     command: tesseract --psm 0 -l osd /tmp/tmpp6ryzf_g.png stdout
11:19:42 INFO     command: tesseract -l por /tmp/tmpp6ryzf_g.png stdout tsv
11:19:44 INFO     command: tesseract --psm 0 -l osd /tmp/tmp2lhs3gxu.png stdout
11:19:45 INFO     command: tesseract -l por /tmp/tmp2lhs3gxu.png stdout tsv
11:19:51 INFO     Finished converting document documento-diretivo-mcom-_-ptd-25_27-copia_tarjada.pdf in 66.50 sec.
11:19:51 INFO       pixel_budget (Docling) documento-diretivo-mcom-_-ptd-25_27-copia_tarjada.pdf: 10.8% (área tabelas/7016966 px²)
11:19:51 WARNING  [4/15] ⚠ MCOM      :    0 entregas | 66.5s | ETA ~8min
11:19:51 INFO     [5/15] → fiocruz-ptd-06_2024-copia_tarjada.pdf
11:19:51 INFO     detected formats: [<InputFormat.PDF: 'pdf'>]
11:19:51 INFO     Going to convert document batch...
11:19:51 INFO     Initializing pipeline for StandardPdfPipeline with options hash d18651824ca6fe56cf3ccb20424ac2c8
11:19:51 INFO     Accelerator device: 'cpu'
11:19:51 INFO     HTTP Request: GET https://huggingface.co/api/models/docling-project/docling-layout-heron/revision/main "HTTP/1.1 200 OK"
11:19:52 INFO     HTTP Request: GET https://huggingface.co/api/models/docling-project/docling-models/revision/v2.3.0 "HTTP/1.1 200 OK"
11:19:52 INFO     Accelerator device: 'cpu'
11:19:52 INFO     Processing document fiocruz-ptd-06_2024-copia_tarjada.pdf
11:20:59 INFO     Finished converting document fiocruz-ptd-06_2024-copia_tarjada.pdf in 67.91 sec.
11:20:59 INFO       pixel_budget (Docling) fiocruz-ptd-06_2024-copia_tarjada.pdf: 36.4% (área tabelas/7518178 px²)
11:20:59 WARNING  [5/15] ⚠ FIOCRUZ   :    0 entregas | 67.9s | ETA ~8min
11:20:59 INFO     [6/15] → fiocruz_novo-ptd_2-1_docdiretivo_repactuacao_2024-2026_assinado_assinado-copia_tarjada.pdf
11:20:59 INFO     detected formats: [<InputFormat.PDF: 'pdf'>]
11:20:59 INFO     Going to convert document batch...
11:20:59 INFO     Processing document fiocruz_novo-ptd_2-1_docdiretivo_repactuacao_2024-2026_assinado_assinado-copia_tarjada.pdf
11:21:17 INFO     Finished converting document fiocruz_novo-ptd_2-1_docdiretivo_repactuacao_2024-2026_assinado_assinado-copia_tarjada.pdf in 17.76 sec.
11:21:17 INFO       pixel_budget (Docling) fiocruz_novo-ptd_2-1_docdiretivo_repactuacao_2024-2026_assinado_assinado-copia_tarjada.pdf: 11.3% (área tabelas/5012118 px²)
11:21:17 WARNING  [6/15] ⚠ FIOCRUZ   :    0 entregas | 17.8s | ETA ~6min
11:21:17 INFO     [7/15] → fiocruz_ptd_anexo_de_entregas_assinado_v1_assinado_assinado-1-copia_tarjada.pdf
11:21:17 INFO     detected formats: [<InputFormat.PDF: 'pdf'>]
11:21:17 INFO     Going to convert document batch...
11:21:17 INFO     Processing document fiocruz_ptd_anexo_de_entregas_assinado_v1_assinado_assinado-1-copia_tarjada.pdf
11:21:49 INFO     Finished converting document fiocruz_ptd_anexo_de_entregas_assinado_v1_assinado_assinado-1-copia_tarjada.pdf in 32.32 sec.
11:21:49 INFO       pixel_budget (Docling) fiocruz_ptd_anexo_de_entregas_assinado_v1_assinado_assinado-1-copia_tarjada.pdf: 54.7% (área tabelas/2004847 px²)
11:21:49 INFO     [7/15] ✓ FIOCRUZ   :   61 entregas | 32.3s | ETA ~5min
11:21:49 INFO     [8/15] → funai_anexo_de_entregas_repactuado_2026_2027_assinado_assinado_assinado.pdf
11:21:49 INFO     detected formats: [<InputFormat.PDF: 'pdf'>]
11:21:49 INFO     Going to convert document batch...
11:21:49 INFO     Processing document funai_anexo_de_entregas_repactuado_2026_2027_assinado_assinado_assinado.pdf
11:21:50 INFO     command: tesseract --psm 0 -l osd /tmp/tmpm98jezcb.png stdout
11:21:51 INFO     command: tesseract -l por /tmp/tmpm98jezcb.png stdout tsv
11:22:04 INFO     Finished converting document funai_anexo_de_entregas_repactuado_2026_2027_assinado_assinado_assinado.pdf in 15.03 sec.
11:22:04 INFO       pixel_budget (Docling) funai_anexo_de_entregas_repactuado_2026_2027_assinado_assinado_assinado.pdf: 49.8% (área tabelas/501212 px²)
11:22:04 INFO     [8/15] ✓ FUNAI     :   21 entregas | 15.0s | ETA ~4min
11:22:04 INFO     [9/15] → funai_ptd_2025_2027_docdiretivo_assinado-1_tarjado.pdf
11:22:04 INFO     detected formats: [<InputFormat.PDF: 'pdf'>]
11:22:04 INFO     Going to convert document batch...
11:22:04 INFO     Processing document funai_ptd_2025_2027_docdiretivo_assinado-1_tarjado.pdf
11:22:06 INFO     command: tesseract --psm 0 -l osd /tmp/tmpteo1teji.png stdout
11:22:06 INFO     command: tesseract -l por /tmp/tmpteo1teji.png stdout tsv
11:22:07 INFO     command: tesseract --psm 0 -l osd /tmp/tmpti0iqt7d.png stdout
11:22:09 INFO     command: tesseract -l por /tmp/tmpti0iqt7d.png stdout tsv
11:22:13 INFO     command: tesseract --psm 0 -l osd /tmp/tmp20zzg590.png stdout
11:22:14 INFO     command: tesseract -l por /tmp/tmp20zzg590.png stdout tsv
11:22:16 INFO     command: tesseract --psm 0 -l osd /tmp/tmphsjghb4_.png stdout
11:22:17 INFO     command: tesseract -l por /tmp/tmphsjghb4_.png stdout tsv
11:22:18 INFO     command: tesseract --psm 0 -l osd /tmp/tmpssskf0z0.png stdout
11:22:19 INFO     command: tesseract -l por /tmp/tmpssskf0z0.png stdout tsv
11:22:21 INFO     command: tesseract --psm 0 -l osd /tmp/tmph9vzbzsw.png stdout
11:22:23 INFO     command: tesseract -l por /tmp/tmph9vzbzsw.png stdout tsv
11:22:34 INFO     command: tesseract --psm 0 -l osd /tmp/tmp8uf9wbf6.png stdout
11:22:34 INFO     command: tesseract -l por /tmp/tmp8uf9wbf6.png stdout tsv
11:22:36 INFO     command: tesseract --psm 0 -l osd /tmp/tmpdurhgopy.png stdout
11:22:36 INFO     command: tesseract -l por /tmp/tmpdurhgopy.png stdout tsv
11:22:38 INFO     command: tesseract --psm 0 -l osd /tmp/tmpj6lh775k.png stdout
11:22:38 INFO     command: tesseract -l por /tmp/tmpj6lh775k.png stdout tsv
11:22:40 INFO     command: tesseract --psm 0 -l osd /tmp/tmphkpac9fu.png stdout
11:22:41 INFO     command: tesseract -l por /tmp/tmphkpac9fu.png stdout tsv
11:22:56 INFO     command: tesseract --psm 0 -l osd /tmp/tmpmwslt1t1.png stdout
11:22:57 INFO     command: tesseract -l por /tmp/tmpmwslt1t1.png stdout tsv
11:23:00 INFO     command: tesseract --psm 0 -l osd /tmp/tmpr0mtudr3.png stdout
11:23:01 INFO     command: tesseract -l por /tmp/tmpr0mtudr3.png stdout tsv
11:23:03 INFO     command: tesseract --psm 0 -l osd /tmp/tmpix50mtd6.png stdout
11:23:04 INFO     command: tesseract -l por /tmp/tmpix50mtd6.png stdout tsv
11:23:10 INFO     Finished converting document funai_ptd_2025_2027_docdiretivo_assinado-1_tarjado.pdf in 65.68 sec.
11:23:10 INFO       pixel_budget (Docling) funai_ptd_2025_2027_docdiretivo_assinado-1_tarjado.pdf: 16.4% (área tabelas/6515754 px²)
11:23:10 INFO     [9/15] ✓ FUNAI     :    8 entregas | 65.7s | ETA ~4min
11:23:10 INFO     [10/15] → incra_anexo_de_entregas_assinado-1_assinado_assinado-copia_tarjada.pdf
11:23:10 INFO     detected formats: [<InputFormat.PDF: 'pdf'>]
11:23:10 INFO     Going to convert document batch...
11:23:10 INFO     Processing document incra_anexo_de_entregas_assinado-1_assinado_assinado-copia_tarjada.pdf
11:23:11 INFO     command: tesseract --psm 0 -l osd /tmp/tmp9f0w_0fr.png stdout
11:23:12 INFO     command: tesseract -l por /tmp/tmp9f0w_0fr.png stdout tsv
11:23:15 INFO     command: tesseract --psm 0 -l osd /tmp/tmpqh_q8tlg.png stdout
11:23:16 INFO     command: tesseract -l por /tmp/tmpqh_q8tlg.png stdout tsv
11:23:20 INFO     command: tesseract --psm 0 -l osd /tmp/tmpw3z4pqka.png stdout
11:23:21 INFO     command: tesseract -l por /tmp/tmpw3z4pqka.png stdout tsv
11:23:26 INFO     command: tesseract --psm 0 -l osd /tmp/tmpgcrh8qlk.png stdout
11:23:27 INFO     command: tesseract -l por /tmp/tmpgcrh8qlk.png stdout tsv
11:23:29 INFO     command: tesseract --psm 0 -l osd /tmp/tmpw3ef5mbj.png stdout
11:23:30 INFO     command: tesseract -l por /tmp/tmpw3ef5mbj.png stdout tsv
11:24:57 INFO     Finished converting document incra_anexo_de_entregas_assinado-1_assinado_assinado-copia_tarjada.pdf in 107.50 sec.
11:24:57 INFO       pixel_budget (Docling) incra_anexo_de_entregas_assinado-1_assinado_assinado-copia_tarjada.pdf: 30.0% (área tabelas/2423520 px²)
11:24:57 INFO     [10/15] ✓ INCRA     :   10 entregas | 107.5s | ETA ~4min
11:24:57 INFO     [11/15] → incra_ptd_docdiretivo__assinado-1_assinado_assinado-copia_tarjada.pdf
11:24:57 INFO     detected formats: [<InputFormat.PDF: 'pdf'>]
11:24:57 INFO     Going to convert document batch...
11:24:57 INFO     Processing document incra_ptd_docdiretivo__assinado-1_assinado_assinado-copia_tarjada.pdf
11:24:59 INFO     command: tesseract --psm 0 -l osd /tmp/tmpce601anq.png stdout
11:24:59 INFO     command: tesseract -l por /tmp/tmpce601anq.png stdout tsv
11:25:01 INFO     command: tesseract --psm 0 -l osd /tmp/tmpsf8giicf.png stdout
11:25:03 INFO     command: tesseract -l por /tmp/tmpsf8giicf.png stdout tsv
11:25:09 INFO     command: tesseract --psm 0 -l osd /tmp/tmpv0mqze3n.png stdout
11:25:09 INFO     command: tesseract -l por /tmp/tmpv0mqze3n.png stdout tsv
11:25:11 INFO     command: tesseract --psm 0 -l osd /tmp/tmp_i6u0es9.png stdout
11:25:12 INFO     command: tesseract -l por /tmp/tmp_i6u0es9.png stdout tsv
11:25:14 INFO     command: tesseract --psm 0 -l osd /tmp/tmprzqrxo9j.png stdout
11:25:14 INFO     command: tesseract -l por /tmp/tmprzqrxo9j.png stdout tsv
11:25:17 INFO     command: tesseract --psm 0 -l osd /tmp/tmp3lpkwbsx.png stdout
11:25:18 INFO     command: tesseract -l por /tmp/tmp3lpkwbsx.png stdout tsv
11:25:34 INFO     command: tesseract --psm 0 -l osd /tmp/tmpdf9r99n2.png stdout
11:25:35 INFO     command: tesseract -l por /tmp/tmpdf9r99n2.png stdout tsv
11:25:36 INFO     command: tesseract --psm 0 -l osd /tmp/tmpm2ux6bus.png stdout
11:25:37 INFO     command: tesseract -l por /tmp/tmpm2ux6bus.png stdout tsv
11:25:39 INFO     command: tesseract --psm 0 -l osd /tmp/tmpzg5eccvf.png stdout
11:25:39 INFO     command: tesseract -l por /tmp/tmpzg5eccvf.png stdout tsv
11:25:41 INFO     command: tesseract --psm 0 -l osd /tmp/tmph_if4bp6.png stdout
11:25:43 INFO     command: tesseract -l por /tmp/tmph_if4bp6.png stdout tsv
11:25:46 INFO     command: tesseract --psm 0 -l osd /tmp/tmpgmwu17nr.png stdout
11:25:47 INFO     command: tesseract -l por /tmp/tmpgmwu17nr.png stdout tsv
11:26:00 INFO     command: tesseract --psm 0 -l osd /tmp/tmpsdsc30e4.png stdout
11:26:01 INFO     command: tesseract -l por /tmp/tmpsdsc30e4.png stdout tsv
11:26:02 INFO     command: tesseract --psm 0 -l osd /tmp/tmpv45by8td.png stdout
11:26:03 INFO     command: tesseract -l por /tmp/tmpv45by8td.png stdout tsv
11:26:11 INFO     Finished converting document incra_ptd_docdiretivo__assinado-1_assinado_assinado-copia_tarjada.pdf in 73.36 sec.
11:26:11 INFO       pixel_budget (Docling) incra_ptd_docdiretivo__assinado-1_assinado_assinado-copia_tarjada.pdf: 20.2% (área tabelas/6515754 px²)
11:26:11 INFO     [11/15] ✓ INCRA     :    9 entregas | 73.4s | ETA ~3min
11:26:11 INFO     [12/15] → iti_anexo_de_entregas_assinado.pdf
11:26:11 INFO     detected formats: [<InputFormat.PDF: 'pdf'>]
11:26:11 INFO     Going to convert document batch...
11:26:11 INFO     Processing document iti_anexo_de_entregas_assinado.pdf
11:26:12 INFO     command: tesseract --psm 0 -l osd /tmp/tmpz0ia2wt9.png stdout
11:26:12 INFO     command: tesseract -l por /tmp/tmpz0ia2wt9.png stdout tsv
11:26:28 INFO     Finished converting document iti_anexo_de_entregas_assinado.pdf in 17.26 sec.
11:26:28 INFO       pixel_budget (Docling) iti_anexo_de_entregas_assinado.pdf: 57.2% (área tabelas/501212 px²)
11:26:28 INFO     [12/15] ✓ ITI       :   31 entregas | 17.3s | ETA ~2min
11:26:28 INFO     [13/15] → iti_doc_diretivo_assinado-1_tarjado.pdf
11:26:28 INFO     detected formats: [<InputFormat.PDF: 'pdf'>]
11:26:28 INFO     Going to convert document batch...
11:26:28 INFO     Processing document iti_doc_diretivo_assinado-1_tarjado.pdf
11:26:29 INFO     command: tesseract --psm 0 -l osd /tmp/tmput3j_9mq.png stdout
11:26:29 INFO     command: tesseract -l por /tmp/tmput3j_9mq.png stdout tsv
11:26:32 INFO     command: tesseract --psm 0 -l osd /tmp/tmpb77579ka.png stdout
11:26:33 INFO     command: tesseract -l por /tmp/tmpb77579ka.png stdout tsv
11:26:36 INFO     command: tesseract --psm 0 -l osd /tmp/tmpgpaebscl.png stdout
11:26:36 INFO     command: tesseract -l por /tmp/tmpgpaebscl.png stdout tsv
11:26:38 INFO     command: tesseract --psm 0 -l osd /tmp/tmpoqany__d.png stdout
11:26:39 INFO     command: tesseract -l por /tmp/tmpoqany__d.png stdout tsv
11:26:41 INFO     command: tesseract --psm 0 -l osd /tmp/tmpne9_ndix.png stdout
11:26:41 INFO     command: tesseract -l por /tmp/tmpne9_ndix.png stdout tsv
11:26:44 INFO     command: tesseract --psm 0 -l osd /tmp/tmpvcd1s397.png stdout
11:26:45 INFO     command: tesseract -l por /tmp/tmpvcd1s397.png stdout tsv
11:26:59 INFO     command: tesseract --psm 0 -l osd /tmp/tmppiesmmbk.png stdout
11:27:00 INFO     command: tesseract -l por /tmp/tmppiesmmbk.png stdout tsv
11:27:03 INFO     command: tesseract --psm 0 -l osd /tmp/tmp0cjaus3l.png stdout
11:27:03 INFO     command: tesseract -l por /tmp/tmp0cjaus3l.png stdout tsv
11:27:06 INFO     command: tesseract --psm 0 -l osd /tmp/tmpxqu5kr5_.png stdout
11:27:06 INFO     command: tesseract -l por /tmp/tmpxqu5kr5_.png stdout tsv
11:27:08 INFO     command: tesseract --psm 0 -l osd /tmp/tmp54r1sd1v.png stdout
11:27:10 INFO     command: tesseract -l por /tmp/tmp54r1sd1v.png stdout tsv
11:27:25 INFO     command: tesseract --psm 0 -l osd /tmp/tmps3wjzcu3.png stdout
11:27:26 INFO     command: tesseract -l por /tmp/tmps3wjzcu3.png stdout tsv
11:27:29 INFO     Finished converting document iti_doc_diretivo_assinado-1_tarjado.pdf in 60.82 sec.
11:27:29 INFO       pixel_budget (Docling) iti_doc_diretivo_assinado-1_tarjado.pdf: 8.0% (área tabelas/5516339 px²)
11:27:29 INFO     [13/15] ✓ ITI       :    6 entregas | 60.8s | ETA ~1min
11:27:29 INFO     [14/15] → sgpr_ptd_2025_2027_anexo_de_entregas_assinado-copia_tarjada.pdf
11:27:29 INFO     detected formats: [<InputFormat.PDF: 'pdf'>]
11:27:29 INFO     Going to convert document batch...
11:27:29 INFO     Processing document sgpr_ptd_2025_2027_anexo_de_entregas_assinado-copia_tarjada.pdf
11:27:30 INFO     command: tesseract --psm 0 -l osd /tmp/tmpq951ozym.png stdout
11:27:31 INFO     command: tesseract -l por /tmp/tmpq951ozym.png stdout tsv
11:27:34 INFO     command: tesseract --psm 0 -l osd /tmp/tmpg360c75t.png stdout
11:27:35 INFO     command: tesseract -l por /tmp/tmpg360c75t.png stdout tsv
11:27:48 INFO     Finished converting document sgpr_ptd_2025_2027_anexo_de_entregas_assinado-copia_tarjada.pdf in 18.87 sec.
11:27:48 INFO       pixel_budget (Docling) sgpr_ptd_2025_2027_anexo_de_entregas_assinado-copia_tarjada.pdf: 29.5% (área tabelas/1002424 px²)
11:27:48 INFO     [14/15] ✓ SGPR      :   15 entregas | 18.9s | ETA ~48s
11:27:48 INFO     [15/15] → sgpr_ptd_2026_2027_docdiretivo_assinado-copia_tarjada.pdf
11:27:48 INFO     detected formats: [<InputFormat.PDF: 'pdf'>]
11:27:48 INFO     Going to convert document batch...
11:27:48 INFO     Processing document sgpr_ptd_2026_2027_docdiretivo_assinado-copia_tarjada.pdf
11:28:08 INFO     Finished converting document sgpr_ptd_2026_2027_docdiretivo_assinado-copia_tarjada.pdf in 19.88 sec.
11:28:08 INFO       pixel_budget (Docling) sgpr_ptd_2026_2027_docdiretivo_assinado-copia_tarjada.pdf: 8.2% (área tabelas/5513330 px²)
11:28:08 WARNING  [15/15] ⚠ SGPR      :    0 entregas | 19.9s | ETA ~0s
11:28:08 INFO     255 registros | 7 órgãos
11:28:08 INFO     ╔══════════════════════════════════════════════════════════════╗
11:28:08 INFO     ║                  ENTREGAS — fase concluída                   ║
11:28:08 INFO     ║  Processados: 15    |  ✓ 11  ⚠ 4                             ║
11:28:08 INFO     ║  Duração: 11.5 min                                           ║
11:28:08 INFO     ║  255 registros | 7 órgãos                                    ║
11:28:08 INFO     ╚══════════════════════════════════════════════════════════════╝
11:28:08 INFO     [1/7] → agu_ptd_2025_2027_docdiretivo_assinado_assinado_assinado-copia_tarjada.pdf
11:28:08 INFO     detected formats: [<InputFormat.PDF: 'pdf'>]
11:28:08 INFO     Going to convert document batch...
11:28:08 INFO     Processing document agu_ptd_2025_2027_docdiretivo_assinado_assinado_assinado-copia_tarjada.pdf
11:28:08 INFO     command: tesseract --psm 0 -l osd /tmp/tmpgh0frt4w.png stdout
11:28:09 INFO     command: tesseract -l por /tmp/tmpgh0frt4w.png stdout tsv
11:28:11 INFO     command: tesseract --psm 0 -l osd /tmp/tmpyying590.png stdout
11:28:13 INFO     command: tesseract -l por /tmp/tmpyying590.png stdout tsv
11:28:14 INFO     command: tesseract --psm 0 -l osd /tmp/tmpmiitbeyc.png stdout
11:28:15 INFO     command: tesseract -l por /tmp/tmpmiitbeyc.png stdout tsv
11:28:17 INFO     command: tesseract --psm 0 -l osd /tmp/tmpxf5p_gct.png stdout
11:28:18 INFO     command: tesseract -l por /tmp/tmpxf5p_gct.png stdout tsv
11:28:20 INFO     command: tesseract --psm 0 -l osd /tmp/tmpi5tpr2lg.png stdout
11:28:21 INFO     command: tesseract -l por /tmp/tmpi5tpr2lg.png stdout tsv
11:28:23 INFO     command: tesseract --psm 0 -l osd /tmp/tmpn_t3ib4c.png stdout
11:28:24 INFO     command: tesseract -l por /tmp/tmpn_t3ib4c.png stdout tsv
11:28:35 INFO     command: tesseract --psm 0 -l osd /tmp/tmp67m61jwr.png stdout
11:28:36 INFO     command: tesseract -l por /tmp/tmp67m61jwr.png stdout tsv
11:28:38 INFO     command: tesseract --psm 0 -l osd /tmp/tmp_r4m8g3_.png stdout
11:28:39 INFO     command: tesseract -l por /tmp/tmp_r4m8g3_.png stdout tsv
11:28:41 INFO     command: tesseract --psm 0 -l osd /tmp/tmp4xxoek70.png stdout
11:28:42 INFO     command: tesseract -l por /tmp/tmp4xxoek70.png stdout tsv
11:28:44 INFO     command: tesseract --psm 0 -l osd /tmp/tmpvzm1d7tt.png stdout
11:28:45 INFO     command: tesseract -l por /tmp/tmpvzm1d7tt.png stdout tsv
11:28:58 INFO     command: tesseract --psm 0 -l osd /tmp/tmpceszwt6k.png stdout
11:28:59 INFO     command: tesseract -l por /tmp/tmpceszwt6k.png stdout tsv
11:29:02 INFO     Finished converting document agu_ptd_2025_2027_docdiretivo_assinado_assinado_assinado-copia_tarjada.pdf in 54.65 sec.
11:29:02 INFO     [1/7] ✓ AGU       :   7 riscos | 54.7s | ETA ~5min
11:29:02 INFO     [2/7] → documento-diretivo-mcom-_-ptd-25_27-copia_tarjada.pdf
11:29:02 INFO     detected formats: [<InputFormat.PDF: 'pdf'>]
11:29:02 INFO     Going to convert document batch...
11:29:02 INFO     Processing document documento-diretivo-mcom-_-ptd-25_27-copia_tarjada.pdf
11:29:03 INFO     command: tesseract --psm 0 -l osd /tmp/tmpk00l36ur.png stdout
11:29:03 INFO     command: tesseract -l por /tmp/tmpk00l36ur.png stdout tsv
11:29:05 INFO     command: tesseract --psm 0 -l osd /tmp/tmpfhxg8oq7.png stdout
11:29:07 INFO     command: tesseract -l por /tmp/tmpfhxg8oq7.png stdout tsv
11:29:14 INFO     command: tesseract --psm 0 -l osd /tmp/tmp7po8l02g.png stdout
11:29:15 INFO     command: tesseract -l por /tmp/tmp7po8l02g.png stdout tsv
11:29:16 INFO     command: tesseract --psm 0 -l osd /tmp/tmpr1yx0yqz.png stdout
11:29:16 INFO     command: tesseract -l por /tmp/tmpr1yx0yqz.png stdout tsv
11:29:18 INFO     command: tesseract --psm 0 -l osd /tmp/tmpnjetj8uq.png stdout
11:29:19 INFO     command: tesseract -l por /tmp/tmpnjetj8uq.png stdout tsv
11:29:22 INFO     command: tesseract --psm 0 -l osd /tmp/tmp7cghc06r.png stdout
11:29:23 INFO     command: tesseract -l por /tmp/tmp7cghc06r.png stdout tsv
11:29:40 INFO     command: tesseract --psm 0 -l osd /tmp/tmp2hpfxjn4.png stdout
11:29:41 INFO     command: tesseract -l por /tmp/tmp2hpfxjn4.png stdout tsv
11:29:42 INFO     command: tesseract --psm 0 -l osd /tmp/tmpnn3_mkot.png stdout
11:29:43 INFO     command: tesseract -l por /tmp/tmpnn3_mkot.png stdout tsv
11:29:46 INFO     command: tesseract --psm 0 -l osd /tmp/tmpv3mzeske.png stdout
11:29:46 INFO     command: tesseract -l por /tmp/tmpv3mzeske.png stdout tsv
11:29:48 INFO     command: tesseract --psm 0 -l osd /tmp/tmp2hygc8m5.png stdout
11:29:50 INFO     command: tesseract -l por /tmp/tmp2hygc8m5.png stdout tsv
11:29:55 INFO     command: tesseract --psm 0 -l osd /tmp/tmpzv0a96sa.png stdout
11:29:56 INFO     command: tesseract -l por /tmp/tmpzv0a96sa.png stdout tsv
11:30:00 INFO     command: tesseract --psm 0 -l osd /tmp/tmpe86pf80j.png stdout
11:30:01 INFO     command: tesseract -l por /tmp/tmpe86pf80j.png stdout tsv
11:30:03 INFO     command: tesseract --psm 0 -l osd /tmp/tmpsmwsnoal.png stdout
11:30:03 INFO     command: tesseract -l por /tmp/tmpsmwsnoal.png stdout tsv
11:30:05 INFO     command: tesseract --psm 0 -l osd /tmp/tmpf30u3zht.png stdout
11:30:06 INFO     command: tesseract -l por /tmp/tmpf30u3zht.png stdout tsv
11:30:12 INFO     Finished converting document documento-diretivo-mcom-_-ptd-25_27-copia_tarjada.pdf in 69.42 sec.
11:30:12 INFO     [2/7] ✓ MCOM      :  14 riscos | 69.4s | ETA ~5min
11:30:12 INFO     [3/7] → fiocruz_novo-ptd_2-1_docdiretivo_repactuacao_2024-2026_assinado_assinado-copia_tarjada.pdf
11:30:12 INFO     detected formats: [<InputFormat.PDF: 'pdf'>]
11:30:12 INFO     Going to convert document batch...
11:30:12 INFO     Processing document fiocruz_novo-ptd_2-1_docdiretivo_repactuacao_2024-2026_assinado_assinado-copia_tarjada.pdf
11:30:30 INFO     Finished converting document fiocruz_novo-ptd_2-1_docdiretivo_repactuacao_2024-2026_assinado_assinado-copia_tarjada.pdf in 17.72 sec.
11:30:30 INFO     [3/7] ✓ FIOCRUZ   :   6 riscos | 17.7s | ETA ~3min
11:30:30 INFO     [4/7] → funai_ptd_2025_2027_docdiretivo_assinado-1_tarjado.pdf
11:30:30 INFO     detected formats: [<InputFormat.PDF: 'pdf'>]
11:30:30 INFO     Going to convert document batch...
11:30:30 INFO     Processing document funai_ptd_2025_2027_docdiretivo_assinado-1_tarjado.pdf
11:30:31 INFO     command: tesseract --psm 0 -l osd /tmp/tmp9sta9oh3.png stdout
11:30:31 INFO     command: tesseract -l por /tmp/tmp9sta9oh3.png stdout tsv
11:30:33 INFO     command: tesseract --psm 0 -l osd /tmp/tmpq2_dz0l5.png stdout
11:30:34 INFO     command: tesseract -l por /tmp/tmpq2_dz0l5.png stdout tsv
11:30:38 INFO     command: tesseract --psm 0 -l osd /tmp/tmp8_dhbmoy.png stdout
11:30:39 INFO     command: tesseract -l por /tmp/tmp8_dhbmoy.png stdout tsv
11:30:40 INFO     command: tesseract --psm 0 -l osd /tmp/tmp_9pmoy6g.png stdout
11:30:41 INFO     command: tesseract -l por /tmp/tmp_9pmoy6g.png stdout tsv
11:30:43 INFO     command: tesseract --psm 0 -l osd /tmp/tmp18w74ijh.png stdout
11:30:44 INFO     command: tesseract -l por /tmp/tmp18w74ijh.png stdout tsv
11:30:46 INFO     command: tesseract --psm 0 -l osd /tmp/tmpta0ju0w9.png stdout
11:30:47 INFO     command: tesseract -l por /tmp/tmpta0ju0w9.png stdout tsv
11:30:58 INFO     command: tesseract --psm 0 -l osd /tmp/tmpq6uxfvhu.png stdout
11:30:59 INFO     command: tesseract -l por /tmp/tmpq6uxfvhu.png stdout tsv
11:31:01 INFO     command: tesseract --psm 0 -l osd /tmp/tmppxo0oi0g.png stdout
11:31:01 INFO     command: tesseract -l por /tmp/tmppxo0oi0g.png stdout tsv
11:31:03 INFO     command: tesseract --psm 0 -l osd /tmp/tmp9f_2gasq.png stdout
11:31:03 INFO     command: tesseract -l por /tmp/tmp9f_2gasq.png stdout tsv
11:31:05 INFO     command: tesseract --psm 0 -l osd /tmp/tmp6beqs3ck.png stdout
11:31:06 INFO     command: tesseract -l por /tmp/tmp6beqs3ck.png stdout tsv
11:31:17 INFO     command: tesseract --psm 0 -l osd /tmp/tmpoeovvbns.png stdout
11:31:18 INFO     command: tesseract -l por /tmp/tmpoeovvbns.png stdout tsv
11:31:22 INFO     command: tesseract --psm 0 -l osd /tmp/tmp92ywv0aj.png stdout
11:31:23 INFO     command: tesseract -l por /tmp/tmp92ywv0aj.png stdout tsv
11:31:26 INFO     command: tesseract --psm 0 -l osd /tmp/tmpqn_7cc49.png stdout
11:31:26 INFO     command: tesseract -l por /tmp/tmpqn_7cc49.png stdout tsv
11:31:33 INFO     Finished converting document funai_ptd_2025_2027_docdiretivo_assinado-1_tarjado.pdf in 63.32 sec.
11:31:33 INFO     [4/7] ✓ FUNAI     :  15 riscos | 63.3s | ETA ~2min
11:31:33 INFO     [5/7] → incra_ptd_docdiretivo__assinado-1_assinado_assinado-copia_tarjada.pdf
11:31:33 INFO     detected formats: [<InputFormat.PDF: 'pdf'>]
11:31:33 INFO     Going to convert document batch...
11:31:33 INFO     Processing document incra_ptd_docdiretivo__assinado-1_assinado_assinado-copia_tarjada.pdf
11:31:34 INFO     command: tesseract --psm 0 -l osd /tmp/tmpm0uewsy9.png stdout
11:31:35 INFO     command: tesseract -l por /tmp/tmpm0uewsy9.png stdout tsv
11:31:36 INFO     command: tesseract --psm 0 -l osd /tmp/tmpynw959rk.png stdout
11:31:38 INFO     command: tesseract -l por /tmp/tmpynw959rk.png stdout tsv
11:31:44 INFO     command: tesseract --psm 0 -l osd /tmp/tmpyw3te07n.png stdout
11:31:44 INFO     command: tesseract -l por /tmp/tmpyw3te07n.png stdout tsv
11:31:46 INFO     command: tesseract --psm 0 -l osd /tmp/tmp7eydxj5v.png stdout
11:31:47 INFO     command: tesseract -l por /tmp/tmp7eydxj5v.png stdout tsv
11:31:49 INFO     command: tesseract --psm 0 -l osd /tmp/tmpj7jr9mnl.png stdout
11:31:50 INFO     command: tesseract -l por /tmp/tmpj7jr9mnl.png stdout tsv
11:32:03 INFO     command: tesseract --psm 0 -l osd /tmp/tmpmz3n0th0.png stdout
11:32:04 INFO     command: tesseract -l por /tmp/tmpmz3n0th0.png stdout tsv
11:32:06 INFO     command: tesseract --psm 0 -l osd /tmp/tmpq3br539i.png stdout
11:32:07 INFO     command: tesseract -l por /tmp/tmpq3br539i.png stdout tsv
11:32:09 INFO     command: tesseract --psm 0 -l osd /tmp/tmp7begt4wv.png stdout
11:32:09 INFO     command: tesseract -l por /tmp/tmp7begt4wv.png stdout tsv
11:32:11 INFO     command: tesseract --psm 0 -l osd /tmp/tmpc31w3wwc.png stdout
11:32:12 INFO     command: tesseract -l por /tmp/tmpc31w3wwc.png stdout tsv
11:32:17 INFO     command: tesseract --psm 0 -l osd /tmp/tmp6j84ged1.png stdout
11:32:18 INFO     command: tesseract -l por /tmp/tmp6j84ged1.png stdout tsv
11:32:26 INFO     command: tesseract --psm 0 -l osd /tmp/tmpjqxzrgz4.png stdout
11:32:27 INFO     command: tesseract -l por /tmp/tmpjqxzrgz4.png stdout tsv
11:32:28 INFO     command: tesseract --psm 0 -l osd /tmp/tmp74td5jw7.png stdout
11:32:29 INFO     command: tesseract -l por /tmp/tmp74td5jw7.png stdout tsv
11:32:31 INFO     command: tesseract --psm 0 -l osd /tmp/tmpjq5zxu9f.png stdout
11:32:32 INFO     command: tesseract -l por /tmp/tmpjq5zxu9f.png stdout tsv
11:32:43 INFO     Finished converting document incra_ptd_docdiretivo__assinado-1_assinado_assinado-copia_tarjada.pdf in 69.85 sec.
11:32:43 INFO     [5/7] ✓ INCRA     :  15 riscos | 69.9s | ETA ~1min
11:32:43 INFO     [6/7] → iti_doc_diretivo_assinado-1_tarjado.pdf
11:32:43 INFO     detected formats: [<InputFormat.PDF: 'pdf'>]
11:32:43 INFO     Going to convert document batch...
11:32:43 INFO     Processing document iti_doc_diretivo_assinado-1_tarjado.pdf
11:32:43 INFO     command: tesseract --psm 0 -l osd /tmp/tmpfnw8whl0.png stdout
11:32:44 INFO     command: tesseract -l por /tmp/tmpfnw8whl0.png stdout tsv
11:32:46 INFO     command: tesseract --psm 0 -l osd /tmp/tmpj0x69w6c.png stdout
11:32:48 INFO     command: tesseract -l por /tmp/tmpj0x69w6c.png stdout tsv
11:32:51 INFO     command: tesseract --psm 0 -l osd /tmp/tmpbbnh_qil.png stdout
11:32:52 INFO     command: tesseract -l por /tmp/tmpbbnh_qil.png stdout tsv
11:32:54 INFO     command: tesseract --psm 0 -l osd /tmp/tmp0ci9jenp.png stdout
11:32:55 INFO     command: tesseract -l por /tmp/tmp0ci9jenp.png stdout tsv
11:32:56 INFO     command: tesseract --psm 0 -l osd /tmp/tmp0xdddnf3.png stdout
11:32:57 INFO     command: tesseract -l por /tmp/tmp0xdddnf3.png stdout tsv
11:32:59 INFO     command: tesseract --psm 0 -l osd /tmp/tmpd0okjzfe.png stdout
11:33:01 INFO     command: tesseract -l por /tmp/tmpd0okjzfe.png stdout tsv
11:33:14 INFO     command: tesseract --psm 0 -l osd /tmp/tmp5wf8_kip.png stdout
11:33:15 INFO     command: tesseract -l por /tmp/tmp5wf8_kip.png stdout tsv
11:33:17 INFO     command: tesseract --psm 0 -l osd /tmp/tmptgeh8wmk.png stdout
11:33:18 INFO     command: tesseract -l por /tmp/tmptgeh8wmk.png stdout tsv
11:33:20 INFO     command: tesseract --psm 0 -l osd /tmp/tmpmigsi0pu.png stdout
11:33:21 INFO     command: tesseract -l por /tmp/tmpmigsi0pu.png stdout tsv
11:33:23 INFO     command: tesseract --psm 0 -l osd /tmp/tmpxv_tfwa5.png stdout
11:33:24 INFO     command: tesseract -l por /tmp/tmpxv_tfwa5.png stdout tsv
11:33:33 INFO     command: tesseract --psm 0 -l osd /tmp/tmpu12k5ni0.png stdout
11:33:33 INFO     command: tesseract -l por /tmp/tmpu12k5ni0.png stdout tsv
11:33:40 INFO     Finished converting document iti_doc_diretivo_assinado-1_tarjado.pdf in 56.99 sec.
11:33:40 INFO     [6/7] ✓ ITI       :  14 riscos | 57.0s | ETA ~55s
11:33:40 INFO     [7/7] → sgpr_ptd_2026_2027_docdiretivo_assinado-copia_tarjada.pdf
11:33:40 INFO     detected formats: [<InputFormat.PDF: 'pdf'>]
11:33:40 INFO     Going to convert document batch...
11:33:40 INFO     Processing document sgpr_ptd_2026_2027_docdiretivo_assinado-copia_tarjada.pdf
11:34:00 INFO     Finished converting document sgpr_ptd_2026_2027_docdiretivo_assinado-copia_tarjada.pdf in 19.99 sec.
11:34:00 INFO     [7/7] ✓ SGPR      :  10 riscos | 20.0s | ETA ~0s
11:34:00 INFO     ╔══════════════════════════════════════════════════════════════╗
11:34:00 INFO     ║                   RISCOS — fase concluída                    ║
11:34:00 INFO     ║  Processados: 7     |  ✓ 7  ⚠ 0                              ║
11:34:00 INFO     ║  Duração: 5.9 min                                            ║
11:34:00 INFO     ║  81 riscos | 7 órgãos                                        ║
11:34:00 INFO     ╚══════════════════════════════════════════════════════════════╝
11:34:00 INFO     81 riscos | 0 ações | 135 relações
11:34:00 INFO     ptd_corpus_raw                     : 255 linhas
11:34:00 INFO     ptd_pivot_eixos                    : 7 linhas
11:34:03 INFO     ptd_datas_assinatura               : 132 linhas
11:34:03 INFO     ptd_riscos                         : 81 linhas
11:34:03 INFO     ptd_riscos_acoes                   : 135 linhas
11:34:03 INFO     Manifesto salvo: pipeline_manifest.json | SHA-256 de 132 PDFs
11:34:03 INFO     ==================================================
11:34:03 INFO     PTD-BR v3.0-melhorado — PIPELINE CONCLUÍDO
11:34:03 INFO     ==================================================
11:34:03 INFO     ptd_corpus_raw.csv                        155 KB
11:34:03 INFO     ptd_pivot_eixos.csv                         0 KB
11:34:03 INFO     ptd_datas_assinatura.csv                    9 KB
11:34:03 INFO     ptd_riscos.csv                             23 KB
11:34:03 INFO     ptd_riscos_acoes.csv                        2 KB
11:34:03 INFO     proveniencia.json                           0 KB
11:34:03 INFO     pipeline_manifest.json                     20 KB
11:34:03 INFO     📦 Artefatos: https://github.com/freirelucas/teste/actions/runs/24029503589
11:34:03 INFO     ==================================================
