19:06:49 INFO     Docling disponível
19:06:49 WARNING  OCR fallback indisponível (IndentationError: unexpected indent (ptd_ocr_fallback.py, line 45))
19:06:49 INFO     Ignorado (guia/template/norma): ABNT-NBR-17225-Acessibilidade-Digital.pdf
19:06:49 INFO     Ignorado (guia/template/norma): cgrep-guia10passos-ptd-orgao.pdf
19:06:49 INFO     Ignorado (guia/template/norma): ABNT-NBR-17225-Acessibilidade-Digital.pdf
19:06:49 INFO     Scraping: 132 PDFs únicos | entregas: 68 | diretivos: 61
19:06:50 INFO     Baixando 132 PDFs únicos...
19:06:51 INFO     ✓ [  1/132] abin_ptd_anexo_de_entregas_assinado_pelo_orgao_ass   293.3KB
19:06:55 INFO     ✓ [  2/132] aeb_ptd_2025_2027_docdiretivo_aprovado_assinado-1_  1033.7KB
19:06:57 INFO     ✓ [  3/132] aeb_ptd_2025_2027_anexo_de_entregas_aprovado_assin   154.5KB
19:07:03 INFO     ✓ [  4/132] agu_ptd_2025_2027_docdiretivo_assinado_assinado_as  2860.3KB
19:07:05 INFO     ✓ [  5/132] agu_ptd_2025_2027_anexo_de_entregas_assinado_assin   525.5KB
19:07:08 INFO     ✓ [  6/132] ana_ptd_2025_2027_docdiretivo_assinado_assinado_as   477.2KB
19:07:10 INFO     ✓ [  7/132] ana_ptd_2025_2027_anexoentregas_assinado_assinado_   170.9KB
19:07:14 INFO     ✓ [  8/132] anac_ptd_2025_2026_docdiretivo_se_assinado_tarjado  1036.3KB
19:07:16 INFO     ✓ [  9/132] anac_ptd_2025_2026_anexo_de_entregas_se_assinado.p   215.2KB
19:07:19 INFO     ✓ [ 10/132] anatel_ptd_docdiretivo_assinado_2025_2026_assinado  1006.0KB
19:07:21 INFO     ✓ [ 11/132] anatel_ptd_2025_2026_anexo_de_entregas_do_ptd_publ    71.9KB
19:07:25 INFO     ✓ [ 12/132] ancine_ptd_2024_2026_docdiretivo_assinado-2_assina   961.8KB
19:07:28 INFO     ✓ [ 13/132] ancine_ptd_2024_2026_-_anexo_de_entregas_aprovado_   613.2KB
19:07:31 INFO     ✓ [ 14/132] ptd_aneel_2025-2027_docdiretivo_assinado_tarjado.p   779.6KB
19:07:33 INFO     ✓ [ 15/132] ptd_aneel_2025-2027_anexo_de_entregas_assinado.pdf   111.9KB
19:07:36 INFO     ✓ [ 16/132] anm_ptd_2025_2027_docdiretivo_assinadopeloorgao_ta  1092.5KB
19:07:39 INFO     ✓ [ 17/132] anm_ptd_2025_2027_anexo_entregas_assinadopeloorgao  1140.4KB
19:07:43 INFO     ✓ [ 18/132] anpd_ptd_2025_2027_docdiretivo_assinado_assinado_a  1044.3KB
19:07:45 INFO     ✓ [ 19/132] anpd_ptd_2025_2027_anexo_de_entregas_assinado_assi   166.5KB
19:07:48 INFO     ✓ [ 20/132] ans-plano_de_transformacao_digital_assinado-copia_  1023.4KB
19:07:51 INFO     ✓ [ 21/132] ans_ptd_2025_2026_anexo_de_entregas_assinado_assin   124.1KB
19:07:54 INFO     ✓ [ 22/132] antaq_ptd_2025_2027_docdiretivo_assinado_assinado_  1039.8KB
19:07:56 INFO     ✓ [ 23/132] antaq_ptd_2025_2027_anexoentregas_assinado_assinad   145.1KB
19:07:58 INFO     ✓ [ 24/132] mt_anexo_de_entregas_-_assinado_assinado_assinado_   143.6KB
19:08:06 INFO     ✓ [ 25/132] anvisa_ptd_docdiretivo_2025-2026_assinado_assinado  5771.2KB
19:08:09 INFO     ✓ [ 26/132] anvisa_ptd_anexo_de_entregas_2025_2026_assinado_as   239.0KB
19:08:11 INFO     ✓ [ 27/132] bcb_documento_diretivo_assinado_assinado_assinado-   713.7KB
19:08:14 INFO     ✓ [ 28/132] bcb_anexo_de_entregas_ptd_25_26-1_assinado_assinad   134.8KB
19:08:17 INFO     ✓ [ 29/132] cade_ptd_docdiretivo_2025_2026_assinado-2_assinado   810.4KB
19:08:19 INFO     ✓ [ 30/132] cade_ptd_anexo_de_entregas_2025_2026_assinado_copi   504.0KB
19:08:23 INFO     ✓ [ 31/132] mec_ptd_docdiretivo_2025-2026_sei_mec-5566673_copi   863.1KB
19:08:25 INFO     ✓ [ 32/132] mec_ptd_anexo-de-entregas_sei_mec-5576401_copia_ta   495.7KB
19:08:29 INFO     ✓ [ 33/132] mec_ptd_docdiretivo-versao-comunicacao_copia_tarja  1616.5KB
19:08:32 INFO     ✓ [ 34/132] md_ptd_2026_2027_anexo_de_entregas_assinado_assina   579.4KB
19:08:34 INFO     ✓ [ 35/132] md_ptd_2026_2027_anexo_de_entregas_assinado_assina   186.8KB
19:08:37 INFO     ✓ [ 36/132] md_ptd_temp_copia_tarjada.pdf                        741.9KB
19:08:40 INFO     ✓ [ 37/132] cgu_ptd_docdiretivo_assinado_assinado_assinado-cop  1085.4KB
19:08:43 INFO     ✓ [ 38/132] cgu_ptd_anexo_de_entregas_pactuadas_assinado_assin   514.1KB
19:08:45 INFO     ✓ [ 39/132] cnpq_ptd_2025_2027_docdiretivo_assinado_assinado_a   342.9KB
19:08:47 INFO     ✓ [ 40/132] cnpq_ptd_2025_2027_anexo_de_entregas_assinado_assi   136.1KB
19:08:51 INFO     ✓ [ 41/132] coaf_ptd_2025_2026_documento_diretivo_assinado_ass  1068.0KB
19:08:56 INFO     ✓ [ 42/132] coaf_ptd_2025_2026_anexo_de_entregas-2_assinado_as  3184.5KB
19:09:02 INFO     ✓ [ 43/132] ptd_midr-docdiretivo_aprovado_assinado_tarjado.pdf  3864.1KB
19:09:06 INFO     ✓ [ 44/132] ptd_midr_-_anexo_de_entregas_-_aprovado_assinado.p  1122.0KB
19:09:09 INFO     ✓ [ 45/132] mda-documento-diretivo-assinado_ptd-2025-207-copia   955.8KB
19:09:11 INFO     ✓ [ 46/132] cvm_ptd_2025_2027_docdiretivo_assinado_assinado_as   270.5KB
19:09:14 INFO     ✓ [ 47/132] cvm_ptd_2025_2027_anexoentregas_assinado_assinado_   409.0KB
19:09:17 INFO     ✓ [ 48/132] dnocs_ptd_doc_diretivo_2025_2026_assinado_orgao-2_   891.1KB
19:09:19 INFO     ✓ [ 49/132] dnocs_anexo_de_entregas_repactuado_2025_2026_assin   272.3KB
19:09:24 INFO     ✓ [ 50/132] fbn_ptd_2025_2027_docdiretivo_assinado-1_tarjado.p  2921.6KB
19:09:26 INFO     ✓ [ 51/132] fbn_ptd_2025_2027_anexo_de_entregas_assinado-1.pdf   162.3KB
19:09:30 INFO     ✓ [ 52/132] fcp_ptd_2025_2027_docdiretivo_assinado-1_tarjado.p  1612.0KB
19:09:32 INFO     ✓ [ 53/132] fcp_ptd_2025_2027_anexo_de_entregas_assinado-1.pdf   118.8KB
19:09:36 INFO     ✓ [ 54/132] fcrb_ptd_2025_2026_docdiretivo_aprovado_assinado-1   998.2KB
19:09:38 INFO     ✓ [ 55/132] fcrb_ptd_2025_2026_anexo_de_entregas_aprovado_assi   313.5KB
19:09:42 INFO     ✓ [ 56/132] fiocruz_novo-ptd_2-1_docdiretivo_repactuacao_2024-  1318.1KB
19:09:44 INFO     ✓ [ 57/132] fiocruz_ptd_anexo_de_entregas_assinado_v1_assinado   257.1KB
19:09:49 INFO     ✓ [ 58/132] fiocruz-ptd-06_2024-copia_tarjada.pdf               1693.8KB
19:09:53 INFO     ✓ [ 59/132] funai_ptd_2025_2027_docdiretivo_assinado-1_tarjado  1842.1KB
19:09:55 INFO     ✓ [ 60/132] funai_anexo_de_entregas_repactuado_2026_2027_assin   435.7KB
19:09:58 INFO     ✓ [ 61/132] funarte_ptd_docdiretivo_assinado_21_01_2025_assina   965.7KB
19:10:01 INFO     ✓ [ 62/132] funarte_ptd_anexo_de_entregas_assinado_v1_assinado   683.6KB
19:10:04 INFO     ✓ [ 63/132] fundacentro_ptd_2025_2027_docdiretivo_assinado_ass   826.6KB
19:10:07 INFO     ✓ [ 64/132] fundacentro_ptd_2025_2027_anexo_de_entregas_assina   635.5KB
19:10:10 INFO     ✓ [ 65/132] mma_ptd_docdiretivo_assinado_2025_2026-1_assinado_   949.3KB
19:10:12 INFO     ✓ [ 66/132] mma_ptd_anexo_de_entregas_aprovado_final_assinado_   174.8KB
19:10:16 INFO     ✓ [ 67/132] ibge_docdiretivo_2025_assinado_assinado_assinado-c  1167.3KB
19:10:18 INFO     ✓ [ 68/132] ibge_ptd_25_26_anexo_de_entregas_modelo_v2-1_assin   143.7KB
19:10:27 INFO     ✓ [ 69/132] incra_ptd_docdiretivo__assinado-1_assinado_assinad  7182.0KB
19:10:31 INFO     ✓ [ 70/132] incra_anexo_de_entregas_assinado-1_assinado_assina  1818.6KB
19:10:37 INFO     ✓ [ 71/132] inpi_ptd_docdiretivo_assinado_2025_2026_assinado_a  3322.4KB
19:10:42 INFO     ✓ [ 72/132] inpi_ptd_anexo_de_entregas_assinado_v1_assinado_as  3078.1KB
19:10:46 INFO     ✓ [ 73/132] inss_ptd_2025_2027_docdiretivo-assinado-copia_tarj  1173.3KB
19:10:48 INFO     ✓ [ 74/132] inss_ptd_2025_2027_anexo_de_entregas-assinado-copi   110.8KB
19:10:51 INFO     ✓ [ 75/132] iphan_ptd_docdiretivo_assinado_2025_2026_assinado_   885.7KB
19:10:53 INFO     ✓ [ 76/132] iphan_ptd_anexo_de_entregas_assinado_v1_assinado_a   310.9KB
19:11:00 INFO     ✓ [ 77/132] iti_doc_diretivo_assinado-1_tarjado.pdf             4905.1KB
19:11:03 INFO     ✓ [ 78/132] iti_anexo_de_entregas_assinado.pdf                   556.4KB
19:11:07 INFO     ✓ [ 79/132] mapa_ptd_2025_2027_docdiretivo_assinado-1_tarjado.  1740.9KB
19:11:09 INFO     ✓ [ 80/132] mapa_ptd_2025_2027_anexo_de_entregas_assinado-1.pd   261.9KB
19:11:16 INFO     ✓ [ 81/132] documento-diretivo-mcom-_-ptd-25_27-copia_tarjada.  4451.9KB
19:11:19 INFO     ✓ [ 82/132] anexo-de-entregas-mcom_ptd-25_27-copia_tarjada.pdf  1213.8KB
19:11:25 INFO     ✓ [ 83/132] ptd_21_24_mcom-copia_tarjada.pdf                    3040.7KB
19:11:28 INFO     ✓ [ 84/132] mcti_ptd_2025-2027_docdiretivo_assinado-copia_tarj  1030.7KB
19:11:30 INFO     ✓ [ 85/132] mcti_ptd_2025-2027_anexo-de-entregas_assinado-copi   145.8KB
19:11:32 INFO     ✓ [ 86/132] mda-anexo-entregas-assinado_ptd-2025-2027-copia-ta   284.6KB
19:11:35 INFO     ✓ [ 87/132] mdhc_ptd_2025_2027_docdiretivo_assinado_assinado_a   753.4KB
19:11:38 INFO     ✓ [ 88/132] mdhc_ptd_2025_2027_anexoentregas_assinado_assinado   186.8KB
19:11:40 INFO     ✓ [ 89/132] mdic_ptd_anexo_de_entregas_assinado_v1_assinado_as   176.6KB
19:11:43 INFO     ✓ [ 90/132] memp_ptd_2025_2026_docdiretivo_assinado_assinado_a  1030.1KB
19:11:45 INFO     ✓ [ 91/132] memp_ptd_2025_2026_anexo_de_entregas_assinado_assi   161.5KB
19:11:49 INFO     ✓ [ 92/132] mesp_ptd_2025_2027_docdiretivo_assinado_assinado_2  1147.7KB
19:11:51 INFO     ✓ [ 93/132] mesp_ptd_2025_2027_anexo_de_entregas_assinado_assi   226.6KB
19:11:54 INFO     ✓ [ 94/132] mf_ptd_2026_2027_documentodiretivo_assinado_assina   955.1KB
19:11:57 INFO     ✓ [ 95/132] mf_ptd_2026_2027_anexo_de_entregas_1_mf_se_assinad   241.2KB
19:11:59 INFO     ✓ [ 96/132] mgi_ptd_2025_2027_docdiretivo_assinado_assinado_as   375.2KB
19:12:02 INFO     ✓ [ 97/132] mgi_ptd_2025_2027_anexo_de_entregas_assinado_assin   256.1KB
19:12:05 INFO     ✓ [ 98/132] minc_ptd_2025_2027_docdiretivo_assinado-1_assinado   863.6KB
19:12:07 INFO     ✓ [ 99/132] minc_ptd_2025_2027_anexo_de_entregas_assinado-1_as   276.7KB
19:12:11 INFO     ✓ [100/132] mjsp_ptd_docdiretivo_assinado_2025_2026_assinado_a   954.0KB
19:12:13 INFO     ✓ [101/132] mjsp_ptd_anexo_de_entregas_assinado_v1_assinado_as   253.9KB
19:12:16 INFO     ✓ [102/132] mme_ptd_2025_2027_docdiretivo_assinado-copia_tarja   664.5KB
19:12:18 INFO     ✓ [103/132] mme_ptd_2025_2027_anexo_de_entregas_assinado__1_-c   111.1KB
19:12:22 INFO     ✓ [104/132] mmulheres_ptd_2025_2027_docdiretivo_assinado_assin  1078.3KB
19:12:24 INFO     ✓ [105/132] mmulheres_ptd_2025_2027_anexo_de_entregas_assinado   216.9KB
19:12:28 INFO     ✓ [106/132] mpi_ptd_2025_2027_docdiretivo_ministerio_dos_povos   947.9KB
19:12:30 INFO     ✓ [107/132] mpi_ptd_anexo_de_entregas_do_plano_de_tranformacao   191.9KB
19:12:33 INFO     ✓ [108/132] mpo_ptd_docdiretivo_assinado_2025_2026_assinado_as   806.3KB
19:12:35 INFO     ✓ [109/132] mpo_ptd_anexo_de_entregas_assinado_v1_assinado_ass   323.2KB
19:12:39 INFO     ✓ [110/132] mpor_ptd_2025_2027_docdiretivo_assinado_assinado_a   876.5KB
19:12:41 INFO     ✓ [111/132] mpor_ptd_2025_2027_anexo_de_entregas_assinado_assi   175.1KB
19:12:44 INFO     ✓ [112/132] mps_ptd_2025-2026_docdiretivo_final_assinado-1_ass  1024.4KB
19:12:46 INFO     ✓ [113/132] mps_ptd_2025-2026_anexo_de_entregas_final_assinado   165.0KB
19:12:49 INFO     ✓ [114/132] mre_ptd_docdiretivo_assinado_2025_2026_assinado_as   760.9KB
19:12:52 INFO     ✓ [115/132] mre_ptd_anexo_de_entregas_assinado_v1_assinado_ass   233.2KB
19:12:55 INFO     ✓ [116/132] mte_ptd_2025_2026_docdiretivo_assinado_assinado_as   729.6KB
19:12:58 INFO     ✓ [117/132] mte_ptd_anexo_de_entregas_assinado_v1__281_29_assi   459.5KB
19:13:01 INFO     ✓ [118/132] mtur_ptd_docdiretiv_assinado_30_01_2025_assinado_a  1050.4KB
19:13:03 INFO     ✓ [119/132] mtur_ptd_anexo_de_entregas_assinado_30_01_2025_ass   118.8KB
19:13:06 INFO     ✓ [120/132] pf_ptd_docdiretivo_2025_2027_assinado-copia_tarjad   964.3KB
19:13:08 INFO     ✓ [121/132] pf_ptd_anexo_de_entregas_2025_2027_assinado-copia_    62.5KB
19:13:11 INFO     ✓ [122/132] mf_ptd_2026_2027_anexo_de_entregas_4_mf_pgfn_assin   466.8KB
19:13:20 INFO     ✓ [123/132] previc_plano_de_transformacao_digital_2025_2026_29  6652.7KB
19:13:22 INFO     ✓ [124/132] previc_ptd_repactuacao_2025-2026_assinado_assinado   182.9KB
19:13:25 INFO     ✓ [125/132] prf_documentodiretivo_ptd_2026-2027_assinado_tarja   535.9KB
19:13:27 INFO     ✓ [126/132] prf_anexo_de_entregas_do_ptd__2026_2027___ptd___en   157.7KB
19:13:30 INFO     ✓ [127/132] mf_ptd_2026_2027_anexo_de_entregas_2_mf_rfb_assina   253.7KB
19:13:33 INFO     ✓ [128/132] sgpr_ptd_2026_2027_docdiretivo_assinado-copia_tarj   791.2KB
19:13:36 INFO     ✓ [129/132] sgpr_ptd_2025_2027_anexo_de_entregas_assinado-copi   897.9KB
19:13:38 INFO     ✓ [130/132] mf_ptd_2026_2027_anexo_de_entregas_3_mf_stn_assina   467.8KB
19:13:42 INFO     ✓ [131/132] susep_ptd_2025_2027_docdiretivo-assinado-copia_tar  1030.1KB
19:13:44 INFO     ✓ [132/132] susep_ptd_2025-2026_anexo_de_entregas_final_assina   221.9KB
19:13:45 INFO     132 OK | 0 erros | 123.3 MB total
19:13:51 INFO     Sanity: 132 PDFs | 113 texto | 19 imagem/OCR | 0 duplicatas
19:13:51 INFO     --siglas (debug): 15 PDFs de ['AGU', 'FIOCRUZ', 'FUNAI', 'FUNDACENTRO', 'INCRA', 'ITI', 'MCOM', 'SGPR']
19:13:51 INFO     DocumentConverter instanciado (singleton × 2: plain + OCR)
19:13:51 INFO     [1/15] → agu_ptd_2025_2027_anexo_de_entregas_assinado_assinado_assinado-copia_tarjada.pdf
19:13:51 INFO     detected formats: [<InputFormat.PDF: 'pdf'>]
19:13:51 INFO     Going to convert document batch...
19:13:51 INFO     Initializing pipeline for StandardPdfPipeline with options hash bc6794697da537796efc497178f9263f
19:13:51 INFO     Loading plugin 'docling_defaults'
19:13:51 INFO     Registered picture descriptions: ['picture_description_vlm_engine', 'vlm', 'api']
19:13:51 INFO     Loading plugin 'docling_defaults'
19:13:51 INFO     Registered ocr engines: ['auto', 'easyocr', 'kserve_v2_ocr', 'ocrmac', 'rapidocr', 'tesserocr', 'tesseract']
19:13:51 INFO     command: tesseract --list-langs
19:13:51 INFO     Loading plugin 'docling_defaults'
19:13:51 INFO     Registered layout engines: ['layout_object_detection', 'docling_layout_default', 'docling_experimental_table_crops_layout']
19:13:51 INFO     Accelerator device: 'cpu'
19:13:51 INFO     HTTP Request: GET https://huggingface.co/api/models/docling-project/docling-layout-heron/revision/main "HTTP/1.1 200 OK"
19:13:51 INFO     HTTP Request: HEAD https://huggingface.co/docling-project/docling-layout-heron/resolve/8f39ad3c0b4c58e9c2d2c84a38465abf757272d8/.gitattributes "HTTP/1.1 307 Temporary Redirect"
19:13:51 INFO     HTTP Request: HEAD https://huggingface.co/api/resolve-cache/models/docling-project/docling-layout-heron/8f39ad3c0b4c58e9c2d2c84a38465abf757272d8/.gitattributes "HTTP/1.1 200 OK"
19:13:51 INFO     HTTP Request: GET https://huggingface.co/api/resolve-cache/models/docling-project/docling-layout-heron/8f39ad3c0b4c58e9c2d2c84a38465abf757272d8/.gitattributes "HTTP/1.1 200 OK"
19:13:51 INFO     HTTP Request: HEAD https://huggingface.co/docling-project/docling-layout-heron/resolve/8f39ad3c0b4c58e9c2d2c84a38465abf757272d8/preprocessor_config.json "HTTP/1.1 307 Temporary Redirect"
19:13:51 WARNING  Warning: You are sending unauthenticated requests to the HF Hub. Please set a HF_TOKEN to enable higher rate limits and faster downloads.
19:13:51 INFO     HTTP Request: HEAD https://huggingface.co/docling-project/docling-layout-heron/resolve/8f39ad3c0b4c58e9c2d2c84a38465abf757272d8/config.json "HTTP/1.1 307 Temporary Redirect"
19:13:51 INFO     HTTP Request: HEAD https://huggingface.co/docling-project/docling-layout-heron/resolve/8f39ad3c0b4c58e9c2d2c84a38465abf757272d8/docling_heron_400.png "HTTP/1.1 307 Temporary Redirect"
19:13:51 INFO     HTTP Request: HEAD https://huggingface.co/docling-project/docling-layout-heron/resolve/8f39ad3c0b4c58e9c2d2c84a38465abf757272d8/model.safetensors "HTTP/1.1 302 Found"
19:13:51 INFO     HTTP Request: HEAD https://huggingface.co/api/resolve-cache/models/docling-project/docling-layout-heron/8f39ad3c0b4c58e9c2d2c84a38465abf757272d8/preprocessor_config.json "HTTP/1.1 200 OK"
19:13:51 INFO     HTTP Request: HEAD https://huggingface.co/api/resolve-cache/models/docling-project/docling-layout-heron/8f39ad3c0b4c58e9c2d2c84a38465abf757272d8/config.json "HTTP/1.1 200 OK"
19:13:51 INFO     HTTP Request: HEAD https://huggingface.co/api/resolve-cache/models/docling-project/docling-layout-heron/8f39ad3c0b4c58e9c2d2c84a38465abf757272d8/docling_heron_400.png "HTTP/1.1 200 OK"
19:13:51 INFO     HTTP Request: GET https://huggingface.co/api/resolve-cache/models/docling-project/docling-layout-heron/8f39ad3c0b4c58e9c2d2c84a38465abf757272d8/preprocessor_config.json "HTTP/1.1 200 OK"
19:13:51 INFO     HTTP Request: GET https://huggingface.co/api/resolve-cache/models/docling-project/docling-layout-heron/8f39ad3c0b4c58e9c2d2c84a38465abf757272d8/config.json "HTTP/1.1 200 OK"
19:13:51 INFO     HTTP Request: GET https://huggingface.co/api/resolve-cache/models/docling-project/docling-layout-heron/8f39ad3c0b4c58e9c2d2c84a38465abf757272d8/docling_heron_400.png "HTTP/1.1 200 OK"
19:13:51 INFO     HTTP Request: GET https://huggingface.co/api/models/docling-project/docling-layout-heron/xet-read-token/8f39ad3c0b4c58e9c2d2c84a38465abf757272d8 "HTTP/1.1 200 OK"
19:13:51 INFO     HTTP Request: HEAD https://huggingface.co/docling-project/docling-layout-heron/resolve/8f39ad3c0b4c58e9c2d2c84a38465abf757272d8/README.md "HTTP/1.1 307 Temporary Redirect"
19:13:51 INFO     HTTP Request: HEAD https://huggingface.co/api/resolve-cache/models/docling-project/docling-layout-heron/8f39ad3c0b4c58e9c2d2c84a38465abf757272d8/README.md "HTTP/1.1 200 OK"
19:13:51 INFO     HTTP Request: GET https://huggingface.co/api/resolve-cache/models/docling-project/docling-layout-heron/8f39ad3c0b4c58e9c2d2c84a38465abf757272d8/README.md "HTTP/1.1 200 OK"
19:13:53 INFO     Loading plugin 'docling_defaults'
19:13:53 INFO     Registered table structure engines: ['docling_tableformer', 'docling_tableformer_v2']
19:13:53 INFO     HTTP Request: GET https://huggingface.co/api/models/docling-project/docling-models/revision/v2.3.0 "HTTP/1.1 200 OK"
19:13:53 INFO     HTTP Request: HEAD https://huggingface.co/docling-project/docling-models/resolve/fc0f2d45e2218ea24bce5045f58a389aed16dc23/.gitignore "HTTP/1.1 307 Temporary Redirect"
19:13:53 INFO     HTTP Request: HEAD https://huggingface.co/docling-project/docling-models/resolve/fc0f2d45e2218ea24bce5045f58a389aed16dc23/.gitattributes "HTTP/1.1 307 Temporary Redirect"
19:13:53 INFO     HTTP Request: HEAD https://huggingface.co/docling-project/docling-models/resolve/fc0f2d45e2218ea24bce5045f58a389aed16dc23/README.md "HTTP/1.1 307 Temporary Redirect"
19:13:53 INFO     HTTP Request: HEAD https://huggingface.co/docling-project/docling-models/resolve/fc0f2d45e2218ea24bce5045f58a389aed16dc23/config.json "HTTP/1.1 307 Temporary Redirect"
19:13:53 INFO     HTTP Request: HEAD https://huggingface.co/docling-project/docling-models/resolve/fc0f2d45e2218ea24bce5045f58a389aed16dc23/model_artifacts/tableformer/accurate/tm_config.json "HTTP/1.1 307 Temporary Redirect"
19:13:53 INFO     HTTP Request: HEAD https://huggingface.co/api/resolve-cache/models/docling-project/docling-models/fc0f2d45e2218ea24bce5045f58a389aed16dc23/.gitignore "HTTP/1.1 200 OK"
19:13:53 INFO     HTTP Request: HEAD https://huggingface.co/api/resolve-cache/models/docling-project/docling-models/fc0f2d45e2218ea24bce5045f58a389aed16dc23/.gitattributes "HTTP/1.1 200 OK"
19:13:53 INFO     HTTP Request: HEAD https://huggingface.co/api/resolve-cache/models/docling-project/docling-models/fc0f2d45e2218ea24bce5045f58a389aed16dc23/README.md "HTTP/1.1 200 OK"
19:13:53 INFO     HTTP Request: HEAD https://huggingface.co/api/resolve-cache/models/docling-project/docling-models/fc0f2d45e2218ea24bce5045f58a389aed16dc23/config.json "HTTP/1.1 200 OK"
19:13:53 INFO     HTTP Request: HEAD https://huggingface.co/docling-project/docling-models/resolve/fc0f2d45e2218ea24bce5045f58a389aed16dc23/model_artifacts/tableformer/accurate/tableformer_accurate.safetensors "HTTP/1.1 302 Found"
19:13:53 INFO     HTTP Request: HEAD https://huggingface.co/docling-project/docling-models/resolve/fc0f2d45e2218ea24bce5045f58a389aed16dc23/model_artifacts/tableformer/fast/tableformer_fast.safetensors "HTTP/1.1 302 Found"
19:13:53 INFO     HTTP Request: GET https://huggingface.co/api/resolve-cache/models/docling-project/docling-models/fc0f2d45e2218ea24bce5045f58a389aed16dc23/.gitattributes "HTTP/1.1 200 OK"
19:13:53 INFO     HTTP Request: HEAD https://huggingface.co/api/resolve-cache/models/docling-project/docling-models/fc0f2d45e2218ea24bce5045f58a389aed16dc23/model_artifacts%2Ftableformer%2Faccurate%2Ftm_config.json "HTTP/1.1 200 OK"
19:13:53 INFO     HTTP Request: GET https://huggingface.co/api/resolve-cache/models/docling-project/docling-models/fc0f2d45e2218ea24bce5045f58a389aed16dc23/.gitignore "HTTP/1.1 200 OK"
19:13:53 INFO     HTTP Request: GET https://huggingface.co/api/resolve-cache/models/docling-project/docling-models/fc0f2d45e2218ea24bce5045f58a389aed16dc23/README.md "HTTP/1.1 200 OK"
19:13:53 INFO     HTTP Request: HEAD https://huggingface.co/docling-project/docling-models/resolve/fc0f2d45e2218ea24bce5045f58a389aed16dc23/model_artifacts/tableformer/fast/tm_config.json "HTTP/1.1 307 Temporary Redirect"
19:13:53 INFO     HTTP Request: GET https://huggingface.co/api/resolve-cache/models/docling-project/docling-models/fc0f2d45e2218ea24bce5045f58a389aed16dc23/model_artifacts%2Ftableformer%2Faccurate%2Ftm_config.json "HTTP/1.1 200 OK"
19:13:53 INFO     HTTP Request: GET https://huggingface.co/api/resolve-cache/models/docling-project/docling-models/fc0f2d45e2218ea24bce5045f58a389aed16dc23/config.json "HTTP/1.1 200 OK"
19:13:53 INFO     HTTP Request: HEAD https://huggingface.co/api/resolve-cache/models/docling-project/docling-models/fc0f2d45e2218ea24bce5045f58a389aed16dc23/model_artifacts%2Ftableformer%2Ffast%2Ftm_config.json "HTTP/1.1 200 OK"
19:13:53 INFO     HTTP Request: GET https://huggingface.co/api/models/docling-project/docling-models/xet-read-token/fc0f2d45e2218ea24bce5045f58a389aed16dc23 "HTTP/1.1 200 OK"
19:13:53 INFO     HTTP Request: GET https://huggingface.co/api/resolve-cache/models/docling-project/docling-models/fc0f2d45e2218ea24bce5045f58a389aed16dc23/model_artifacts%2Ftableformer%2Ffast%2Ftm_config.json "HTTP/1.1 200 OK"
19:13:53 INFO     HTTP Request: GET https://huggingface.co/api/models/docling-project/docling-models/xet-read-token/fc0f2d45e2218ea24bce5045f58a389aed16dc23 "HTTP/1.1 200 OK"
19:13:55 INFO     Accelerator device: 'cpu'
19:13:55 INFO     Processing document agu_ptd_2025_2027_anexo_de_entregas_assinado_assinado_assinado-copia_tarjada.pdf
19:13:56 INFO     command: tesseract --psm 0 -l osd /tmp/tmptsg04rox.png stdout
19:13:56 INFO     command: tesseract -l por /tmp/tmptsg04rox.png stdout tsv
19:13:59 INFO     command: tesseract --psm 0 -l osd /tmp/tmpwezbs00q.png stdout
19:14:00 INFO     command: tesseract -l por /tmp/tmpwezbs00q.png stdout tsv
19:14:20 INFO     Finished converting document agu_ptd_2025_2027_anexo_de_entregas_assinado_assinado_assinado-copia_tarjada.pdf in 28.52 sec.
19:14:20 INFO       pixel_budget (Docling) agu_ptd_2025_2027_anexo_de_entregas_assinado_assinado_assinado-copia_tarjada.pdf: 45.8% (área tabelas/1001817 px²)
19:14:20 INFO     [1/15] ✓ AGU       :   33 entregas | 28.5s | ETA ~6min
19:14:20 INFO     [2/15] → agu_ptd_2025_2027_docdiretivo_assinado_assinado_assinado-copia_tarjada.pdf
19:14:20 INFO     detected formats: [<InputFormat.PDF: 'pdf'>]
19:14:20 INFO     Going to convert document batch...
19:14:20 INFO     Processing document agu_ptd_2025_2027_docdiretivo_assinado_assinado_assinado-copia_tarjada.pdf
19:14:20 INFO     command: tesseract --psm 0 -l osd /tmp/tmpxypdj1lm.png stdout
19:14:21 INFO     command: tesseract -l por /tmp/tmpxypdj1lm.png stdout tsv
19:14:23 INFO     command: tesseract --psm 0 -l osd /tmp/tmp7arm0y70.png stdout
19:14:24 INFO     command: tesseract -l por /tmp/tmp7arm0y70.png stdout tsv
19:14:28 INFO     command: tesseract --psm 0 -l osd /tmp/tmp2xoe32a1.png stdout
19:14:29 INFO     command: tesseract -l por /tmp/tmp2xoe32a1.png stdout tsv
19:14:31 INFO     command: tesseract --psm 0 -l osd /tmp/tmpbm7ln9b9.png stdout
19:14:32 INFO     command: tesseract -l por /tmp/tmpbm7ln9b9.png stdout tsv
19:14:34 INFO     command: tesseract --psm 0 -l osd /tmp/tmpif4oi_hw.png stdout
19:14:35 INFO     command: tesseract -l por /tmp/tmpif4oi_hw.png stdout tsv
19:14:37 INFO     command: tesseract --psm 0 -l osd /tmp/tmpr40r4h4v.png stdout
19:14:38 INFO     command: tesseract -l por /tmp/tmpr40r4h4v.png stdout tsv
19:14:49 INFO     command: tesseract --psm 0 -l osd /tmp/tmpaobjm4sh.png stdout
19:14:50 INFO     command: tesseract -l por /tmp/tmpaobjm4sh.png stdout tsv
19:14:52 INFO     command: tesseract --psm 0 -l osd /tmp/tmpr4lyfq49.png stdout
19:14:53 INFO     command: tesseract -l por /tmp/tmpr4lyfq49.png stdout tsv
19:14:55 INFO     command: tesseract --psm 0 -l osd /tmp/tmpbgry8ck3.png stdout
19:14:56 INFO     command: tesseract -l por /tmp/tmpbgry8ck3.png stdout tsv
19:14:58 INFO     command: tesseract --psm 0 -l osd /tmp/tmpd7ktn9b5.png stdout
19:14:59 INFO     command: tesseract -l por /tmp/tmpd7ktn9b5.png stdout tsv
19:15:15 INFO     command: tesseract --psm 0 -l osd /tmp/tmpziek0sw5.png stdout
19:15:16 INFO     command: tesseract -l por /tmp/tmpziek0sw5.png stdout tsv
19:15:19 INFO     Finished converting document agu_ptd_2025_2027_docdiretivo_assinado_assinado_assinado-copia_tarjada.pdf in 59.13 sec.
19:15:19 INFO       pixel_budget (Docling) agu_ptd_2025_2027_docdiretivo_assinado_assinado_assinado-copia_tarjada.pdf: 2.1% (área tabelas/5513330 px²)
19:15:19 INFO     [2/15] ✓ AGU       :    6 entregas | 59.1s | ETA ~9min
19:15:19 INFO     [3/15] → anexo-de-entregas-mcom_ptd-25_27-copia_tarjada.pdf
19:15:19 INFO     detected formats: [<InputFormat.PDF: 'pdf'>]
19:15:19 INFO     Going to convert document batch...
19:15:19 INFO     Processing document anexo-de-entregas-mcom_ptd-25_27-copia_tarjada.pdf
19:15:20 INFO     command: tesseract --psm 0 -l osd /tmp/tmp2l5bqy0p.png stdout
19:15:21 INFO     command: tesseract -l por /tmp/tmp2l5bqy0p.png stdout tsv
19:15:23 INFO     command: tesseract --psm 0 -l osd /tmp/tmpk_yqzdh1.png stdout
19:15:25 INFO     command: tesseract -l por /tmp/tmpk_yqzdh1.png stdout tsv
19:15:35 INFO     command: tesseract --psm 0 -l osd /tmp/tmpwedlr546.png stdout
19:15:36 INFO     command: tesseract -l por /tmp/tmpwedlr546.png stdout tsv
19:15:56 INFO     Finished converting document anexo-de-entregas-mcom_ptd-25_27-copia_tarjada.pdf in 37.28 sec.
19:15:56 INFO       pixel_budget (Docling) anexo-de-entregas-mcom_ptd-25_27-copia_tarjada.pdf: 55.2% (área tabelas/1503636 px²)
19:15:56 INFO     [3/15] ✓ MCOM      :   55 entregas | 37.3s | ETA ~8min
19:15:56 INFO     [4/15] → documento-diretivo-mcom-_-ptd-25_27-copia_tarjada.pdf
19:15:56 INFO     detected formats: [<InputFormat.PDF: 'pdf'>]
19:15:56 INFO     Going to convert document batch...
19:15:56 INFO     Processing document documento-diretivo-mcom-_-ptd-25_27-copia_tarjada.pdf
19:15:57 INFO     command: tesseract --psm 0 -l osd /tmp/tmpd58e7vie.png stdout
19:15:57 INFO     command: tesseract -l por /tmp/tmpd58e7vie.png stdout tsv
19:16:00 INFO     command: tesseract --psm 0 -l osd /tmp/tmp8ui5291f.png stdout
19:16:01 INFO     command: tesseract -l por /tmp/tmp8ui5291f.png stdout tsv
19:16:07 INFO     command: tesseract --psm 0 -l osd /tmp/tmp8b2drby6.png stdout
19:16:08 INFO     command: tesseract -l por /tmp/tmp8b2drby6.png stdout tsv
19:16:09 INFO     command: tesseract --psm 0 -l osd /tmp/tmpnb3s21uf.png stdout
19:16:10 INFO     command: tesseract -l por /tmp/tmpnb3s21uf.png stdout tsv
19:16:12 INFO     command: tesseract --psm 0 -l osd /tmp/tmpki4fr2fp.png stdout
19:16:13 INFO     command: tesseract -l por /tmp/tmpki4fr2fp.png stdout tsv
19:16:15 INFO     command: tesseract --psm 0 -l osd /tmp/tmpyu9y1aam.png stdout
19:16:17 INFO     command: tesseract -l por /tmp/tmpyu9y1aam.png stdout tsv
19:16:30 INFO     command: tesseract --psm 0 -l osd /tmp/tmpyeh8_zi4.png stdout
19:16:31 INFO     command: tesseract -l por /tmp/tmpyeh8_zi4.png stdout tsv
19:16:33 INFO     command: tesseract --psm 0 -l osd /tmp/tmpmoc5r7mn.png stdout
19:16:34 INFO     command: tesseract -l por /tmp/tmpmoc5r7mn.png stdout tsv
19:16:36 INFO     command: tesseract --psm 0 -l osd /tmp/tmpwe16btt3.png stdout
19:16:37 INFO     command: tesseract -l por /tmp/tmpwe16btt3.png stdout tsv
19:16:39 INFO     command: tesseract --psm 0 -l osd /tmp/tmpffg9910i.png stdout
19:16:40 INFO     command: tesseract -l por /tmp/tmpffg9910i.png stdout tsv
19:16:48 INFO     command: tesseract --psm 0 -l osd /tmp/tmpt82tes0d.png stdout
19:16:49 INFO     command: tesseract -l por /tmp/tmpt82tes0d.png stdout tsv
19:16:52 INFO     command: tesseract --psm 0 -l osd /tmp/tmpfhunhw9c.png stdout
19:16:53 INFO     command: tesseract -l por /tmp/tmpfhunhw9c.png stdout tsv
19:16:55 INFO     command: tesseract --psm 0 -l osd /tmp/tmp6azr83kx.png stdout
19:16:56 INFO     command: tesseract -l por /tmp/tmp6azr83kx.png stdout tsv
19:16:58 INFO     command: tesseract --psm 0 -l osd /tmp/tmp4vdp8zg7.png stdout
19:16:58 INFO     command: tesseract -l por /tmp/tmp4vdp8zg7.png stdout tsv
19:17:05 INFO     Finished converting document documento-diretivo-mcom-_-ptd-25_27-copia_tarjada.pdf in 69.31 sec.
19:17:05 INFO       pixel_budget (Docling) documento-diretivo-mcom-_-ptd-25_27-copia_tarjada.pdf: 10.8% (área tabelas/7016966 px²)
19:17:05 INFO     [4/15] ✓ MCOM      :    3 entregas | 69.3s | ETA ~8min
19:17:05 INFO     [5/15] → fiocruz-ptd-06_2024-copia_tarjada.pdf
19:17:05 INFO     detected formats: [<InputFormat.PDF: 'pdf'>]
19:17:06 INFO     Going to convert document batch...
19:17:06 INFO     Initializing pipeline for StandardPdfPipeline with options hash d18651824ca6fe56cf3ccb20424ac2c8
19:17:06 INFO     Accelerator device: 'cpu'
19:17:06 INFO     HTTP Request: GET https://huggingface.co/api/models/docling-project/docling-layout-heron/revision/main "HTTP/1.1 200 OK"
19:17:06 INFO     HTTP Request: GET https://huggingface.co/api/models/docling-project/docling-models/revision/v2.3.0 "HTTP/1.1 200 OK"
19:17:06 INFO     Accelerator device: 'cpu'
19:17:06 INFO     Processing document fiocruz-ptd-06_2024-copia_tarjada.pdf
19:18:14 INFO     Finished converting document fiocruz-ptd-06_2024-copia_tarjada.pdf in 68.29 sec.
19:18:14 INFO       pixel_budget (Docling) fiocruz-ptd-06_2024-copia_tarjada.pdf: 36.4% (área tabelas/7518178 px²)
19:18:14 INFO     [5/15] ✓ FIOCRUZ   :    1 entregas | 68.3s | ETA ~8min
19:18:14 INFO     [6/15] → fiocruz_novo-ptd_2-1_docdiretivo_repactuacao_2024-2026_assinado_assinado-copia_tarjada.pdf
19:18:14 INFO     detected formats: [<InputFormat.PDF: 'pdf'>]
19:18:14 INFO     Going to convert document batch...
19:18:14 INFO     Processing document fiocruz_novo-ptd_2-1_docdiretivo_repactuacao_2024-2026_assinado_assinado-copia_tarjada.pdf
19:18:32 INFO     Finished converting document fiocruz_novo-ptd_2-1_docdiretivo_repactuacao_2024-2026_assinado_assinado-copia_tarjada.pdf in 17.73 sec.
19:18:32 INFO       pixel_budget (Docling) fiocruz_novo-ptd_2-1_docdiretivo_repactuacao_2024-2026_assinado_assinado-copia_tarjada.pdf: 11.3% (área tabelas/5012118 px²)
19:18:32 INFO     [6/15] ✓ FIOCRUZ   :    5 entregas | 17.7s | ETA ~7min
19:18:32 INFO     [7/15] → fiocruz_ptd_anexo_de_entregas_assinado_v1_assinado_assinado-1-copia_tarjada.pdf
19:18:32 INFO     detected formats: [<InputFormat.PDF: 'pdf'>]
19:18:32 INFO     Going to convert document batch...
19:18:32 INFO     Processing document fiocruz_ptd_anexo_de_entregas_assinado_v1_assinado_assinado-1-copia_tarjada.pdf
19:19:03 INFO     Finished converting document fiocruz_ptd_anexo_de_entregas_assinado_v1_assinado_assinado-1-copia_tarjada.pdf in 31.44 sec.
19:19:03 INFO       pixel_budget (Docling) fiocruz_ptd_anexo_de_entregas_assinado_v1_assinado_assinado-1-copia_tarjada.pdf: 54.7% (área tabelas/2004847 px²)
19:19:03 INFO     [7/15] ✓ FIOCRUZ   :   61 entregas | 31.5s | ETA ~5min
19:19:03 INFO     [8/15] → funai_anexo_de_entregas_repactuado_2026_2027_assinado_assinado_assinado.pdf
19:19:03 INFO     detected formats: [<InputFormat.PDF: 'pdf'>]
19:19:03 INFO     Going to convert document batch...
19:19:03 INFO     Processing document funai_anexo_de_entregas_repactuado_2026_2027_assinado_assinado_assinado.pdf
19:19:04 INFO     command: tesseract --psm 0 -l osd /tmp/tmpu4u65_r_.png stdout
19:19:05 INFO     command: tesseract -l por /tmp/tmpu4u65_r_.png stdout tsv
19:19:18 INFO     Finished converting document funai_anexo_de_entregas_repactuado_2026_2027_assinado_assinado_assinado.pdf in 14.78 sec.
19:19:18 INFO       pixel_budget (Docling) funai_anexo_de_entregas_repactuado_2026_2027_assinado_assinado_assinado.pdf: 49.8% (área tabelas/501212 px²)
19:19:18 INFO     [8/15] ✓ FUNAI     :   21 entregas | 14.8s | ETA ~4min
19:19:18 INFO     [9/15] → funai_ptd_2025_2027_docdiretivo_assinado-1_tarjado.pdf
19:19:18 INFO     detected formats: [<InputFormat.PDF: 'pdf'>]
19:19:18 INFO     Going to convert document batch...
19:19:18 INFO     Processing document funai_ptd_2025_2027_docdiretivo_assinado-1_tarjado.pdf
19:19:19 INFO     command: tesseract --psm 0 -l osd /tmp/tmp095wvhaq.png stdout
19:19:20 INFO     command: tesseract -l por /tmp/tmp095wvhaq.png stdout tsv
19:19:21 INFO     command: tesseract --psm 0 -l osd /tmp/tmpkf6_hrh_.png stdout
19:19:22 INFO     command: tesseract -l por /tmp/tmpkf6_hrh_.png stdout tsv
19:19:25 INFO     command: tesseract --psm 0 -l osd /tmp/tmp_4nf4kgc.png stdout
19:19:26 INFO     command: tesseract -l por /tmp/tmp_4nf4kgc.png stdout tsv
19:19:28 INFO     command: tesseract --psm 0 -l osd /tmp/tmpi1b52aev.png stdout
19:19:28 INFO     command: tesseract -l por /tmp/tmpi1b52aev.png stdout tsv
19:19:30 INFO     command: tesseract --psm 0 -l osd /tmp/tmp7a52nes2.png stdout
19:19:31 INFO     command: tesseract -l por /tmp/tmp7a52nes2.png stdout tsv
19:19:33 INFO     command: tesseract --psm 0 -l osd /tmp/tmp1vs_f0rn.png stdout
19:19:34 INFO     command: tesseract -l por /tmp/tmp1vs_f0rn.png stdout tsv
19:19:45 INFO     command: tesseract --psm 0 -l osd /tmp/tmp98n_modz.png stdout
19:19:45 INFO     command: tesseract -l por /tmp/tmp98n_modz.png stdout tsv
19:19:47 INFO     command: tesseract --psm 0 -l osd /tmp/tmpmctl_moz.png stdout
19:19:47 INFO     command: tesseract -l por /tmp/tmpmctl_moz.png stdout tsv
19:19:49 INFO     command: tesseract --psm 0 -l osd /tmp/tmpoi8k58uy.png stdout
19:19:49 INFO     command: tesseract -l por /tmp/tmpoi8k58uy.png stdout tsv
19:19:51 INFO     command: tesseract --psm 0 -l osd /tmp/tmpvgn5ks18.png stdout
19:19:52 INFO     command: tesseract -l por /tmp/tmpvgn5ks18.png stdout tsv
19:20:08 INFO     command: tesseract --psm 0 -l osd /tmp/tmp09rlq0e2.png stdout
19:20:09 INFO     command: tesseract -l por /tmp/tmp09rlq0e2.png stdout tsv
19:20:14 INFO     command: tesseract --psm 0 -l osd /tmp/tmpmchrz9vq.png stdout
19:20:15 INFO     command: tesseract -l por /tmp/tmpmchrz9vq.png stdout tsv
19:20:17 INFO     command: tesseract --psm 0 -l osd /tmp/tmp2akwju2f.png stdout
19:20:17 INFO     command: tesseract -l por /tmp/tmp2akwju2f.png stdout tsv
19:20:24 INFO     Finished converting document funai_ptd_2025_2027_docdiretivo_assinado-1_tarjado.pdf in 65.98 sec.
19:20:24 INFO       pixel_budget (Docling) funai_ptd_2025_2027_docdiretivo_assinado-1_tarjado.pdf: 16.4% (área tabelas/6515754 px²)
19:20:24 INFO     [9/15] ✓ FUNAI     :    8 entregas | 66.0s | ETA ~4min
19:20:24 INFO     [10/15] → incra_anexo_de_entregas_assinado-1_assinado_assinado-copia_tarjada.pdf
19:20:24 INFO     detected formats: [<InputFormat.PDF: 'pdf'>]
19:20:24 INFO     Going to convert document batch...
19:20:24 INFO     Processing document incra_anexo_de_entregas_assinado-1_assinado_assinado-copia_tarjada.pdf
19:20:25 INFO     command: tesseract --psm 0 -l osd /tmp/tmpqwgo4ym4.png stdout
19:20:26 INFO     command: tesseract -l por /tmp/tmpqwgo4ym4.png stdout tsv
19:20:28 INFO     command: tesseract --psm 0 -l osd /tmp/tmprpg8h52w.png stdout
19:20:30 INFO     command: tesseract -l por /tmp/tmprpg8h52w.png stdout tsv
19:20:39 INFO     command: tesseract --psm 0 -l osd /tmp/tmpxjij4rcq.png stdout
19:20:40 INFO     command: tesseract -l por /tmp/tmpxjij4rcq.png stdout tsv
19:20:41 INFO     command: tesseract --psm 0 -l osd /tmp/tmp1v4s17ga.png stdout
19:20:42 INFO     command: tesseract -l por /tmp/tmp1v4s17ga.png stdout tsv
19:20:44 INFO     command: tesseract --psm 0 -l osd /tmp/tmpuoz8p26k.png stdout
19:20:44 INFO     command: tesseract -l por /tmp/tmpuoz8p26k.png stdout tsv
19:22:15 INFO     Finished converting document incra_anexo_de_entregas_assinado-1_assinado_assinado-copia_tarjada.pdf in 111.32 sec.
19:22:15 INFO       pixel_budget (Docling) incra_anexo_de_entregas_assinado-1_assinado_assinado-copia_tarjada.pdf: 30.0% (área tabelas/2423520 px²)
19:22:15 INFO     [10/15] ✓ INCRA     :   10 entregas | 111.3s | ETA ~4min
19:22:15 INFO     [11/15] → incra_ptd_docdiretivo__assinado-1_assinado_assinado-copia_tarjada.pdf
19:22:15 INFO     detected formats: [<InputFormat.PDF: 'pdf'>]
19:22:15 INFO     Going to convert document batch...
19:22:15 INFO     Processing document incra_ptd_docdiretivo__assinado-1_assinado_assinado-copia_tarjada.pdf
19:22:16 INFO     command: tesseract --psm 0 -l osd /tmp/tmpouqd2zqv.png stdout
19:22:17 INFO     command: tesseract -l por /tmp/tmpouqd2zqv.png stdout tsv
19:22:19 INFO     command: tesseract --psm 0 -l osd /tmp/tmpo4so5dik.png stdout
19:22:20 INFO     command: tesseract -l por /tmp/tmpo4so5dik.png stdout tsv
19:22:26 INFO     command: tesseract --psm 0 -l osd /tmp/tmp0_4by75l.png stdout
19:22:27 INFO     command: tesseract -l por /tmp/tmp0_4by75l.png stdout tsv
19:22:29 INFO     command: tesseract --psm 0 -l osd /tmp/tmp_vtrulh7.png stdout
19:22:29 INFO     command: tesseract -l por /tmp/tmp_vtrulh7.png stdout tsv
19:22:31 INFO     command: tesseract --psm 0 -l osd /tmp/tmpyszyhurx.png stdout
19:22:32 INFO     command: tesseract -l por /tmp/tmpyszyhurx.png stdout tsv
19:22:34 INFO     command: tesseract --psm 0 -l osd /tmp/tmpitp2zmxh.png stdout
19:22:35 INFO     command: tesseract -l por /tmp/tmpitp2zmxh.png stdout tsv
19:22:52 INFO     command: tesseract --psm 0 -l osd /tmp/tmpucg4qas4.png stdout
19:22:52 INFO     command: tesseract -l por /tmp/tmpucg4qas4.png stdout tsv
19:22:54 INFO     command: tesseract --psm 0 -l osd /tmp/tmpf8hsd34_.png stdout
19:22:55 INFO     command: tesseract -l por /tmp/tmpf8hsd34_.png stdout tsv
19:22:56 INFO     command: tesseract --psm 0 -l osd /tmp/tmpw87jd9cd.png stdout
19:22:57 INFO     command: tesseract -l por /tmp/tmpw87jd9cd.png stdout tsv
19:22:59 INFO     command: tesseract --psm 0 -l osd /tmp/tmpmr48m4_g.png stdout
19:23:00 INFO     command: tesseract -l por /tmp/tmpmr48m4_g.png stdout tsv
19:23:05 INFO     command: tesseract --psm 0 -l osd /tmp/tmp2ko7arki.png stdout
19:23:06 INFO     command: tesseract -l por /tmp/tmp2ko7arki.png stdout tsv
19:23:14 INFO     command: tesseract --psm 0 -l osd /tmp/tmpxh3u_l7w.png stdout
19:23:15 INFO     command: tesseract -l por /tmp/tmpxh3u_l7w.png stdout tsv
19:23:18 INFO     command: tesseract --psm 0 -l osd /tmp/tmp0f4jazoo.png stdout
19:23:18 INFO     command: tesseract -l por /tmp/tmp0f4jazoo.png stdout tsv
19:23:26 INFO     Finished converting document incra_ptd_docdiretivo__assinado-1_assinado_assinado-copia_tarjada.pdf in 70.56 sec.
19:23:26 INFO       pixel_budget (Docling) incra_ptd_docdiretivo__assinado-1_assinado_assinado-copia_tarjada.pdf: 20.2% (área tabelas/6515754 px²)
19:23:26 INFO     [11/15] ✓ INCRA     :   11 entregas | 70.6s | ETA ~3min
19:23:26 INFO     [12/15] → iti_anexo_de_entregas_assinado.pdf
19:23:26 INFO     detected formats: [<InputFormat.PDF: 'pdf'>]
19:23:26 INFO     Going to convert document batch...
19:23:26 INFO     Processing document iti_anexo_de_entregas_assinado.pdf
19:23:27 INFO     command: tesseract --psm 0 -l osd /tmp/tmpsss78lo2.png stdout
19:23:27 INFO     command: tesseract -l por /tmp/tmpsss78lo2.png stdout tsv
19:23:43 INFO     Finished converting document iti_anexo_de_entregas_assinado.pdf in 17.20 sec.
19:23:43 INFO       pixel_budget (Docling) iti_anexo_de_entregas_assinado.pdf: 57.2% (área tabelas/501212 px²)
19:23:43 INFO     [12/15] ✓ ITI       :   31 entregas | 17.2s | ETA ~2min
19:23:43 INFO     [13/15] → iti_doc_diretivo_assinado-1_tarjado.pdf
19:23:43 INFO     detected formats: [<InputFormat.PDF: 'pdf'>]
19:23:43 INFO     Going to convert document batch...
19:23:43 INFO     Processing document iti_doc_diretivo_assinado-1_tarjado.pdf
19:23:44 INFO     command: tesseract --psm 0 -l osd /tmp/tmpkdlijg3u.png stdout
19:23:44 INFO     command: tesseract -l por /tmp/tmpkdlijg3u.png stdout tsv
19:23:47 INFO     command: tesseract --psm 0 -l osd /tmp/tmpto11ro6x.png stdout
19:23:48 INFO     command: tesseract -l por /tmp/tmpto11ro6x.png stdout tsv
19:23:51 INFO     command: tesseract --psm 0 -l osd /tmp/tmpq7t3dzuv.png stdout
19:23:51 INFO     command: tesseract -l por /tmp/tmpq7t3dzuv.png stdout tsv
19:23:53 INFO     command: tesseract --psm 0 -l osd /tmp/tmprc4nu55o.png stdout
19:23:54 INFO     command: tesseract -l por /tmp/tmprc4nu55o.png stdout tsv
19:23:56 INFO     command: tesseract --psm 0 -l osd /tmp/tmpras5cghg.png stdout
19:23:56 INFO     command: tesseract -l por /tmp/tmpras5cghg.png stdout tsv
19:23:58 INFO     command: tesseract --psm 0 -l osd /tmp/tmpjigh5bpq.png stdout
19:24:00 INFO     command: tesseract -l por /tmp/tmpjigh5bpq.png stdout tsv
19:24:17 INFO     command: tesseract --psm 0 -l osd /tmp/tmpghbp2ja6.png stdout
19:24:17 INFO     command: tesseract -l por /tmp/tmpghbp2ja6.png stdout tsv
19:24:19 INFO     command: tesseract --psm 0 -l osd /tmp/tmpn34voig2.png stdout
19:24:20 INFO     command: tesseract -l por /tmp/tmpn34voig2.png stdout tsv
19:24:22 INFO     command: tesseract --psm 0 -l osd /tmp/tmp0fstd4us.png stdout
19:24:23 INFO     command: tesseract -l por /tmp/tmp0fstd4us.png stdout tsv
19:24:25 INFO     command: tesseract --psm 0 -l osd /tmp/tmp_soqr8_g.png stdout
19:24:26 INFO     command: tesseract -l por /tmp/tmp_soqr8_g.png stdout tsv
19:24:36 INFO     command: tesseract --psm 0 -l osd /tmp/tmpdv8e4sv4.png stdout
19:24:37 INFO     command: tesseract -l por /tmp/tmpdv8e4sv4.png stdout tsv
19:24:41 INFO     Finished converting document iti_doc_diretivo_assinado-1_tarjado.pdf in 58.52 sec.
19:24:41 INFO       pixel_budget (Docling) iti_doc_diretivo_assinado-1_tarjado.pdf: 8.0% (área tabelas/5516339 px²)
19:24:41 INFO     [13/15] ✓ ITI       :    9 entregas | 58.5s | ETA ~1min
19:24:41 INFO     [14/15] → sgpr_ptd_2025_2027_anexo_de_entregas_assinado-copia_tarjada.pdf
19:24:41 INFO     detected formats: [<InputFormat.PDF: 'pdf'>]
19:24:41 INFO     Going to convert document batch...
19:24:41 INFO     Processing document sgpr_ptd_2025_2027_anexo_de_entregas_assinado-copia_tarjada.pdf
19:24:42 INFO     command: tesseract --psm 0 -l osd /tmp/tmp92kzzzw8.png stdout
19:24:43 INFO     command: tesseract -l por /tmp/tmp92kzzzw8.png stdout tsv
19:24:46 INFO     command: tesseract --psm 0 -l osd /tmp/tmp2azpu3q4.png stdout
19:24:47 INFO     command: tesseract -l por /tmp/tmp2azpu3q4.png stdout tsv
19:25:00 INFO     Finished converting document sgpr_ptd_2025_2027_anexo_de_entregas_assinado-copia_tarjada.pdf in 18.94 sec.
19:25:00 INFO       pixel_budget (Docling) sgpr_ptd_2025_2027_anexo_de_entregas_assinado-copia_tarjada.pdf: 29.5% (área tabelas/1002424 px²)
19:25:00 INFO     [14/15] ✓ SGPR      :   15 entregas | 19.0s | ETA ~48s
19:25:00 INFO     [15/15] → sgpr_ptd_2026_2027_docdiretivo_assinado-copia_tarjada.pdf
19:25:00 INFO     detected formats: [<InputFormat.PDF: 'pdf'>]
19:25:00 INFO     Going to convert document batch...
19:25:00 INFO     Processing document sgpr_ptd_2026_2027_docdiretivo_assinado-copia_tarjada.pdf
19:25:20 INFO     Finished converting document sgpr_ptd_2026_2027_docdiretivo_assinado-copia_tarjada.pdf in 19.45 sec.
19:25:20 INFO       pixel_budget (Docling) sgpr_ptd_2026_2027_docdiretivo_assinado-copia_tarjada.pdf: 8.2% (área tabelas/5513330 px²)
19:25:20 INFO     [15/15] ✓ SGPR      :    4 entregas | 19.5s | ETA ~0s
19:25:20 INFO     273 registros | 7 órgãos
19:25:20 INFO     ╔══════════════════════════════════════════════════════════════╗
19:25:20 INFO     ║                  ENTREGAS — fase concluída                   ║
19:25:20 INFO     ║  Processados: 15    |  ✓ 15  ⚠ 0                             ║
19:25:20 INFO     ║  Duração: 11.5 min                                           ║
19:25:20 INFO     ║  273 registros | 7 órgãos                                    ║
19:25:20 INFO     ╚══════════════════════════════════════════════════════════════╝
19:25:20 INFO     [1/7] → agu_ptd_2025_2027_docdiretivo_assinado_assinado_assinado-copia_tarjada.pdf
19:25:20 INFO     detected formats: [<InputFormat.PDF: 'pdf'>]
19:25:20 INFO     Going to convert document batch...
19:25:20 INFO     Processing document agu_ptd_2025_2027_docdiretivo_assinado_assinado_assinado-copia_tarjada.pdf
19:25:20 INFO     command: tesseract --psm 0 -l osd /tmp/tmpklbt_ja8.png stdout
19:25:21 INFO     command: tesseract -l por /tmp/tmpklbt_ja8.png stdout tsv
19:25:23 INFO     command: tesseract --psm 0 -l osd /tmp/tmp6bq2vx3u.png stdout
19:25:24 INFO     command: tesseract -l por /tmp/tmp6bq2vx3u.png stdout tsv
19:25:29 INFO     command: tesseract --psm 0 -l osd /tmp/tmp97i2ends.png stdout
19:25:30 INFO     command: tesseract -l por /tmp/tmp97i2ends.png stdout tsv
19:25:32 INFO     command: tesseract --psm 0 -l osd /tmp/tmpwp2a0lux.png stdout
19:25:33 INFO     command: tesseract -l por /tmp/tmpwp2a0lux.png stdout tsv
19:25:35 INFO     command: tesseract --psm 0 -l osd /tmp/tmpshuwnedd.png stdout
19:25:36 INFO     command: tesseract -l por /tmp/tmpshuwnedd.png stdout tsv
19:25:38 INFO     command: tesseract --psm 0 -l osd /tmp/tmpslck6d6u.png stdout
19:25:39 INFO     command: tesseract -l por /tmp/tmpslck6d6u.png stdout tsv
19:25:50 INFO     command: tesseract --psm 0 -l osd /tmp/tmpr_v_1hv8.png stdout
19:25:51 INFO     command: tesseract -l por /tmp/tmpr_v_1hv8.png stdout tsv
19:25:53 INFO     command: tesseract --psm 0 -l osd /tmp/tmpf_0iaoul.png stdout
19:25:54 INFO     command: tesseract -l por /tmp/tmpf_0iaoul.png stdout tsv
19:25:56 INFO     command: tesseract --psm 0 -l osd /tmp/tmpdsnpwpvd.png stdout
19:25:57 INFO     command: tesseract -l por /tmp/tmpdsnpwpvd.png stdout tsv
19:25:59 INFO     command: tesseract --psm 0 -l osd /tmp/tmparnd2dhc.png stdout
19:26:00 INFO     command: tesseract -l por /tmp/tmparnd2dhc.png stdout tsv
19:26:13 INFO     command: tesseract --psm 0 -l osd /tmp/tmpiz3zq9lc.png stdout
19:26:14 INFO     command: tesseract -l por /tmp/tmpiz3zq9lc.png stdout tsv
19:26:18 INFO     Finished converting document agu_ptd_2025_2027_docdiretivo_assinado_assinado_assinado-copia_tarjada.pdf in 57.71 sec.
19:26:18 INFO     [1/7] ✓ AGU       :   7 riscos | 57.7s | ETA ~5min
19:26:18 INFO     [2/7] → documento-diretivo-mcom-_-ptd-25_27-copia_tarjada.pdf
19:26:18 INFO     detected formats: [<InputFormat.PDF: 'pdf'>]
19:26:18 INFO     Going to convert document batch...
19:26:18 INFO     Processing document documento-diretivo-mcom-_-ptd-25_27-copia_tarjada.pdf
19:26:18 INFO     command: tesseract --psm 0 -l osd /tmp/tmpcpsq2xvw.png stdout
19:26:19 INFO     command: tesseract -l por /tmp/tmpcpsq2xvw.png stdout tsv
19:26:20 INFO     command: tesseract --psm 0 -l osd /tmp/tmplijcue1a.png stdout
19:26:22 INFO     command: tesseract -l por /tmp/tmplijcue1a.png stdout tsv
19:26:29 INFO     command: tesseract --psm 0 -l osd /tmp/tmpv7x6_klm.png stdout
19:26:30 INFO     command: tesseract -l por /tmp/tmpv7x6_klm.png stdout tsv
19:26:31 INFO     command: tesseract --psm 0 -l osd /tmp/tmp82c2hypo.png stdout
19:26:32 INFO     command: tesseract -l por /tmp/tmp82c2hypo.png stdout tsv
19:26:34 INFO     command: tesseract --psm 0 -l osd /tmp/tmp6876ganx.png stdout
19:26:34 INFO     command: tesseract -l por /tmp/tmp6876ganx.png stdout tsv
19:26:37 INFO     command: tesseract --psm 0 -l osd /tmp/tmpfwjkkbnx.png stdout
19:26:38 INFO     command: tesseract -l por /tmp/tmpfwjkkbnx.png stdout tsv
19:26:53 INFO     command: tesseract --psm 0 -l osd /tmp/tmp5qfaaqp1.png stdout
19:26:54 INFO     command: tesseract -l por /tmp/tmp5qfaaqp1.png stdout tsv
19:26:56 INFO     command: tesseract --psm 0 -l osd /tmp/tmpzb3zkios.png stdout
19:26:56 INFO     command: tesseract -l por /tmp/tmpzb3zkios.png stdout tsv
19:26:59 INFO     command: tesseract --psm 0 -l osd /tmp/tmp0rnxwio6.png stdout
19:26:59 INFO     command: tesseract -l por /tmp/tmp0rnxwio6.png stdout tsv
19:27:01 INFO     command: tesseract --psm 0 -l osd /tmp/tmpevg4rh0c.png stdout
19:27:03 INFO     command: tesseract -l por /tmp/tmpevg4rh0c.png stdout tsv
19:27:08 INFO     command: tesseract --psm 0 -l osd /tmp/tmptsdd3ht1.png stdout
19:27:09 INFO     command: tesseract -l por /tmp/tmptsdd3ht1.png stdout tsv
19:27:14 INFO     command: tesseract --psm 0 -l osd /tmp/tmpsdrzg5a6.png stdout
19:27:15 INFO     command: tesseract -l por /tmp/tmpsdrzg5a6.png stdout tsv
19:27:17 INFO     command: tesseract --psm 0 -l osd /tmp/tmp8etjmexu.png stdout
19:27:18 INFO     command: tesseract -l por /tmp/tmp8etjmexu.png stdout tsv
19:27:20 INFO     command: tesseract --psm 0 -l osd /tmp/tmp5fc_o6u1.png stdout
19:27:20 INFO     command: tesseract -l por /tmp/tmp5fc_o6u1.png stdout tsv
19:27:27 INFO     Finished converting document documento-diretivo-mcom-_-ptd-25_27-copia_tarjada.pdf in 69.08 sec.
19:27:27 INFO     [2/7] ✓ MCOM      :  14 riscos | 69.1s | ETA ~5min
19:27:27 INFO     [3/7] → fiocruz_novo-ptd_2-1_docdiretivo_repactuacao_2024-2026_assinado_assinado-copia_tarjada.pdf
19:27:27 INFO     detected formats: [<InputFormat.PDF: 'pdf'>]
19:27:27 INFO     Going to convert document batch...
19:27:27 INFO     Processing document fiocruz_novo-ptd_2-1_docdiretivo_repactuacao_2024-2026_assinado_assinado-copia_tarjada.pdf
19:27:44 INFO     Finished converting document fiocruz_novo-ptd_2-1_docdiretivo_repactuacao_2024-2026_assinado_assinado-copia_tarjada.pdf in 17.49 sec.
19:27:44 INFO     [3/7] ✓ FIOCRUZ   :   6 riscos | 17.5s | ETA ~3min
19:27:44 INFO     [4/7] → funai_ptd_2025_2027_docdiretivo_assinado-1_tarjado.pdf
19:27:44 INFO     detected formats: [<InputFormat.PDF: 'pdf'>]
19:27:44 INFO     Going to convert document batch...
19:27:44 INFO     Processing document funai_ptd_2025_2027_docdiretivo_assinado-1_tarjado.pdf
19:27:46 INFO     command: tesseract --psm 0 -l osd /tmp/tmpo1f18cdp.png stdout
19:27:46 INFO     command: tesseract -l por /tmp/tmpo1f18cdp.png stdout tsv
19:27:47 INFO     command: tesseract --psm 0 -l osd /tmp/tmpexo_qjf4.png stdout
19:27:49 INFO     command: tesseract -l por /tmp/tmpexo_qjf4.png stdout tsv
19:27:51 INFO     command: tesseract --psm 0 -l osd /tmp/tmp_wd_0z1e.png stdout
19:27:52 INFO     command: tesseract -l por /tmp/tmp_wd_0z1e.png stdout tsv
19:27:54 INFO     command: tesseract --psm 0 -l osd /tmp/tmp1jbm5a31.png stdout
19:27:54 INFO     command: tesseract -l por /tmp/tmp1jbm5a31.png stdout tsv
19:27:56 INFO     command: tesseract --psm 0 -l osd /tmp/tmpcaor0zwb.png stdout
19:27:57 INFO     command: tesseract -l por /tmp/tmpcaor0zwb.png stdout tsv
19:27:59 INFO     command: tesseract --psm 0 -l osd /tmp/tmpanu3qrmg.png stdout
19:28:00 INFO     command: tesseract -l por /tmp/tmpanu3qrmg.png stdout tsv
19:28:11 INFO     command: tesseract --psm 0 -l osd /tmp/tmpaasukaqn.png stdout
19:28:12 INFO     command: tesseract -l por /tmp/tmpaasukaqn.png stdout tsv
19:28:13 INFO     command: tesseract --psm 0 -l osd /tmp/tmpgiczhaci.png stdout
19:28:14 INFO     command: tesseract -l por /tmp/tmpgiczhaci.png stdout tsv
19:28:15 INFO     command: tesseract --psm 0 -l osd /tmp/tmp_5egrmcr.png stdout
19:28:16 INFO     command: tesseract -l por /tmp/tmp_5egrmcr.png stdout tsv
19:28:17 INFO     command: tesseract --psm 0 -l osd /tmp/tmpbc19fxof.png stdout
19:28:19 INFO     command: tesseract -l por /tmp/tmpbc19fxof.png stdout tsv
19:28:26 INFO     command: tesseract --psm 0 -l osd /tmp/tmp3hbu4a9x.png stdout
19:28:27 INFO     command: tesseract -l por /tmp/tmp3hbu4a9x.png stdout tsv
19:28:37 INFO     command: tesseract --psm 0 -l osd /tmp/tmp4c3kozvt.png stdout
19:28:38 INFO     command: tesseract -l por /tmp/tmp4c3kozvt.png stdout tsv
19:28:40 INFO     command: tesseract --psm 0 -l osd /tmp/tmpy3sdb812.png stdout
19:28:40 INFO     command: tesseract -l por /tmp/tmpy3sdb812.png stdout tsv
19:28:47 INFO     Finished converting document funai_ptd_2025_2027_docdiretivo_assinado-1_tarjado.pdf in 62.54 sec.
19:28:47 INFO     [4/7] ✓ FUNAI     :  15 riscos | 62.5s | ETA ~2min
19:28:47 INFO     [5/7] → incra_ptd_docdiretivo__assinado-1_assinado_assinado-copia_tarjada.pdf
19:28:47 INFO     detected formats: [<InputFormat.PDF: 'pdf'>]
19:28:47 INFO     Going to convert document batch...
19:28:47 INFO     Processing document incra_ptd_docdiretivo__assinado-1_assinado_assinado-copia_tarjada.pdf
19:28:48 INFO     command: tesseract --psm 0 -l osd /tmp/tmpo8k5qhwu.png stdout
19:28:48 INFO     command: tesseract -l por /tmp/tmpo8k5qhwu.png stdout tsv
19:28:50 INFO     command: tesseract --psm 0 -l osd /tmp/tmpktweeozi.png stdout
19:28:52 INFO     command: tesseract -l por /tmp/tmpktweeozi.png stdout tsv
19:28:58 INFO     command: tesseract --psm 0 -l osd /tmp/tmplbmzpzxo.png stdout
19:28:59 INFO     command: tesseract -l por /tmp/tmplbmzpzxo.png stdout tsv
19:29:01 INFO     command: tesseract --psm 0 -l osd /tmp/tmpk9wgyz0n.png stdout
19:29:01 INFO     command: tesseract -l por /tmp/tmpk9wgyz0n.png stdout tsv
19:29:03 INFO     command: tesseract --psm 0 -l osd /tmp/tmpor148jdq.png stdout
19:29:04 INFO     command: tesseract -l por /tmp/tmpor148jdq.png stdout tsv
19:29:06 INFO     command: tesseract --psm 0 -l osd /tmp/tmpdrjs34bp.png stdout
19:29:07 INFO     command: tesseract -l por /tmp/tmpdrjs34bp.png stdout tsv
19:29:22 INFO     command: tesseract --psm 0 -l osd /tmp/tmpagjd5o4a.png stdout
19:29:23 INFO     command: tesseract -l por /tmp/tmpagjd5o4a.png stdout tsv
19:29:25 INFO     command: tesseract --psm 0 -l osd /tmp/tmpx_fkmdxi.png stdout
19:29:25 INFO     command: tesseract -l por /tmp/tmpx_fkmdxi.png stdout tsv
19:29:27 INFO     command: tesseract --psm 0 -l osd /tmp/tmp9z3j0hek.png stdout
19:29:28 INFO     command: tesseract -l por /tmp/tmp9z3j0hek.png stdout tsv
19:29:30 INFO     command: tesseract --psm 0 -l osd /tmp/tmpcdnqlllu.png stdout
19:29:31 INFO     command: tesseract -l por /tmp/tmpcdnqlllu.png stdout tsv
19:29:40 INFO     command: tesseract --psm 0 -l osd /tmp/tmpd51tb0tt.png stdout
19:29:41 INFO     command: tesseract -l por /tmp/tmpd51tb0tt.png stdout tsv
19:29:48 INFO     command: tesseract --psm 0 -l osd /tmp/tmpgngqzuy5.png stdout
19:29:49 INFO     command: tesseract -l por /tmp/tmpgngqzuy5.png stdout tsv
19:29:51 INFO     command: tesseract --psm 0 -l osd /tmp/tmpateta_7z.png stdout
19:29:51 INFO     command: tesseract -l por /tmp/tmpateta_7z.png stdout tsv
19:29:58 INFO     Finished converting document incra_ptd_docdiretivo__assinado-1_assinado_assinado-copia_tarjada.pdf in 71.72 sec.
19:29:58 INFO     [5/7] ✓ INCRA     :  15 riscos | 71.7s | ETA ~1min
19:29:58 INFO     [6/7] → iti_doc_diretivo_assinado-1_tarjado.pdf
19:29:58 INFO     detected formats: [<InputFormat.PDF: 'pdf'>]
19:29:58 INFO     Going to convert document batch...
19:29:58 INFO     Processing document iti_doc_diretivo_assinado-1_tarjado.pdf
19:29:59 INFO     command: tesseract --psm 0 -l osd /tmp/tmp57hh8q5w.png stdout
19:30:00 INFO     command: tesseract -l por /tmp/tmp57hh8q5w.png stdout tsv
19:30:01 INFO     command: tesseract --psm 0 -l osd /tmp/tmp2d8vyvqi.png stdout
19:30:03 INFO     command: tesseract -l por /tmp/tmp2d8vyvqi.png stdout tsv
19:30:08 INFO     command: tesseract --psm 0 -l osd /tmp/tmp7_x_u148.png stdout
19:30:08 INFO     command: tesseract -l por /tmp/tmp7_x_u148.png stdout tsv
19:30:10 INFO     command: tesseract --psm 0 -l osd /tmp/tmp630ivtzh.png stdout
19:30:11 INFO     command: tesseract -l por /tmp/tmp630ivtzh.png stdout tsv
19:30:13 INFO     command: tesseract --psm 0 -l osd /tmp/tmp_4wkw9x0.png stdout
19:30:13 INFO     command: tesseract -l por /tmp/tmp_4wkw9x0.png stdout tsv
19:30:15 INFO     command: tesseract --psm 0 -l osd /tmp/tmp8vw8rbun.png stdout
19:30:16 INFO     command: tesseract -l por /tmp/tmp8vw8rbun.png stdout tsv
19:30:33 INFO     command: tesseract --psm 0 -l osd /tmp/tmp5t9227tw.png stdout
19:30:34 INFO     command: tesseract -l por /tmp/tmp5t9227tw.png stdout tsv
19:30:36 INFO     command: tesseract --psm 0 -l osd /tmp/tmpprromiam.png stdout
19:30:37 INFO     command: tesseract -l por /tmp/tmpprromiam.png stdout tsv
19:30:39 INFO     command: tesseract --psm 0 -l osd /tmp/tmp0a262rab.png stdout
19:30:40 INFO     command: tesseract -l por /tmp/tmp0a262rab.png stdout tsv
19:30:42 INFO     command: tesseract --psm 0 -l osd /tmp/tmp335o3yzv.png stdout
19:30:43 INFO     command: tesseract -l por /tmp/tmp335o3yzv.png stdout tsv
19:30:57 INFO     command: tesseract --psm 0 -l osd /tmp/tmpnf8dyoka.png stdout
19:30:58 INFO     command: tesseract -l por /tmp/tmpnf8dyoka.png stdout tsv
19:31:01 INFO     Finished converting document iti_doc_diretivo_assinado-1_tarjado.pdf in 62.74 sec.
19:31:01 INFO     [6/7] ✓ ITI       :  14 riscos | 62.8s | ETA ~57s
19:31:01 INFO     [7/7] → sgpr_ptd_2026_2027_docdiretivo_assinado-copia_tarjada.pdf
19:31:01 INFO     detected formats: [<InputFormat.PDF: 'pdf'>]
19:31:01 INFO     Going to convert document batch...
19:31:01 INFO     Processing document sgpr_ptd_2026_2027_docdiretivo_assinado-copia_tarjada.pdf
19:31:21 INFO     Finished converting document sgpr_ptd_2026_2027_docdiretivo_assinado-copia_tarjada.pdf in 19.38 sec.
19:31:21 INFO     [7/7] ✓ SGPR      :  10 riscos | 19.4s | ETA ~0s
19:31:21 INFO     ╔══════════════════════════════════════════════════════════════╗
19:31:21 INFO     ║                   RISCOS — fase concluída                    ║
19:31:21 INFO     ║  Processados: 7     |  ✓ 7  ⚠ 0                              ║
19:31:21 INFO     ║  Duração: 6.0 min                                            ║
19:31:21 INFO     ║  81 riscos | 7 órgãos                                        ║
19:31:21 INFO     ╚══════════════════════════════════════════════════════════════╝
19:31:21 INFO     81 riscos | 0 ações | 135 relações
19:31:21 INFO     ptd_corpus_raw                     : 273 linhas
19:31:21 INFO     ptd_pivot_eixos                    : 7 linhas
19:31:24 INFO     ptd_datas_assinatura               : 132 linhas
19:31:24 INFO     ptd_riscos                         : 81 linhas
19:31:24 INFO     ptd_riscos_acoes                   : 135 linhas
19:31:24 INFO     Manifesto salvo: pipeline_manifest.json | SHA-256 de 132 PDFs
19:31:24 INFO     ==================================================
19:31:24 INFO     PTD-BR v3.0-melhorado — PIPELINE CONCLUÍDO
19:31:24 INFO     ==================================================
19:31:24 INFO     ptd_corpus_raw.csv                        167 KB
19:31:24 INFO     ptd_pivot_eixos.csv                         0 KB
19:31:24 INFO     ptd_datas_assinatura.csv                    9 KB
19:31:24 INFO     ptd_riscos.csv                             23 KB
19:31:24 INFO     ptd_riscos_acoes.csv                        2 KB
19:31:24 INFO     proveniencia.json                           0 KB
19:31:24 INFO     pipeline_manifest.json                     20 KB
19:31:24 INFO     📦 Artefatos: https://github.com/freirelucas/teste/actions/runs/24046321053
19:31:24 INFO     ==================================================
