23:19:15 INFO     Docling disponível
23:19:15 WARNING  OCR fallback indisponível (IndentationError: unexpected indent (ptd_ocr_fallback.py, line 45))
23:19:16 INFO     Ignorado (guia/template/norma): ABNT-NBR-17225-Acessibilidade-Digital.pdf
23:19:16 INFO     Ignorado (guia/template/norma): cgrep-guia10passos-ptd-orgao.pdf
23:19:16 INFO     Ignorado (guia/template/norma): ABNT-NBR-17225-Acessibilidade-Digital.pdf
23:19:16 INFO     Scraping: 132 PDFs únicos | entregas: 68 | diretivos: 61
23:19:16 INFO     Baixando 132 PDFs únicos...
23:19:19 INFO     ✓ [  1/132] abin_ptd_anexo_de_entregas_assinado_pelo_orgao_ass   293.3KB
23:19:24 INFO     ✓ [  2/132] aeb_ptd_2025_2027_docdiretivo_aprovado_assinado-1_  1033.7KB
23:19:27 INFO     ✓ [  3/132] aeb_ptd_2025_2027_anexo_de_entregas_aprovado_assin   154.5KB
23:19:34 INFO     ✓ [  4/132] agu_ptd_2025_2027_docdiretivo_assinado_assinado_as  2860.3KB
23:19:38 INFO     ✓ [  5/132] agu_ptd_2025_2027_anexo_de_entregas_assinado_assin   525.5KB
23:19:41 INFO     ✓ [  6/132] ana_ptd_2025_2027_docdiretivo_assinado_assinado_as   477.2KB
23:19:43 INFO     ✓ [  7/132] ana_ptd_2025_2027_anexoentregas_assinado_assinado_   170.9KB
23:19:48 INFO     ✓ [  8/132] anac_ptd_2025_2026_docdiretivo_se_assinado_tarjado  1036.3KB
23:19:50 INFO     ✓ [  9/132] anac_ptd_2025_2026_anexo_de_entregas_se_assinado.p   215.2KB
23:19:55 INFO     ✓ [ 10/132] anatel_ptd_docdiretivo_assinado_2025_2026_assinado  1006.0KB
23:19:57 INFO     ✓ [ 11/132] anatel_ptd_2025_2026_anexo_de_entregas_do_ptd_publ    71.9KB
23:20:01 INFO     ✓ [ 12/132] ancine_ptd_2024_2026_docdiretivo_assinado-2_assina   961.8KB
23:20:04 INFO     ✓ [ 13/132] ancine_ptd_2024_2026_-_anexo_de_entregas_aprovado_   613.2KB
23:20:08 INFO     ✓ [ 14/132] ptd_aneel_2025-2027_docdiretivo_assinado_tarjado.p   779.6KB
23:20:10 INFO     ✓ [ 15/132] ptd_aneel_2025-2027_anexo_de_entregas_assinado.pdf   111.9KB
23:20:14 INFO     ✓ [ 16/132] anm_ptd_2025_2027_docdiretivo_assinadopeloorgao_ta  1092.5KB
23:20:19 INFO     ✓ [ 17/132] anm_ptd_2025_2027_anexo_entregas_assinadopeloorgao  1140.4KB
23:20:23 INFO     ✓ [ 18/132] anpd_ptd_2025_2027_docdiretivo_assinado_assinado_a  1044.3KB
23:20:25 INFO     ✓ [ 19/132] anpd_ptd_2025_2027_anexo_de_entregas_assinado_assi   166.5KB
23:20:29 INFO     ✓ [ 20/132] ans-plano_de_transformacao_digital_assinado-copia_  1023.4KB
23:20:32 INFO     ✓ [ 21/132] ans_ptd_2025_2026_anexo_de_entregas_assinado_assin   124.1KB
23:20:36 INFO     ✓ [ 22/132] antaq_ptd_2025_2027_docdiretivo_assinado_assinado_  1039.8KB
23:20:39 INFO     ✓ [ 23/132] antaq_ptd_2025_2027_anexoentregas_assinado_assinad   145.1KB
23:20:41 INFO     ✓ [ 24/132] mt_anexo_de_entregas_-_assinado_assinado_assinado_   143.6KB
23:20:54 INFO     ✓ [ 25/132] anvisa_ptd_docdiretivo_2025-2026_assinado_assinado  5771.2KB
23:20:56 INFO     ✓ [ 26/132] anvisa_ptd_anexo_de_entregas_2025_2026_assinado_as   239.0KB
23:21:00 INFO     ✓ [ 27/132] bcb_documento_diretivo_assinado_assinado_assinado-   713.7KB
23:21:02 INFO     ✓ [ 28/132] bcb_anexo_de_entregas_ptd_25_26-1_assinado_assinad   134.8KB
23:21:06 INFO     ✓ [ 29/132] cade_ptd_docdiretivo_2025_2026_assinado-2_assinado   810.4KB
23:21:10 INFO     ✓ [ 30/132] cade_ptd_anexo_de_entregas_2025_2026_assinado_copi   504.0KB
23:21:14 INFO     ✓ [ 31/132] mec_ptd_docdiretivo_2025-2026_sei_mec-5566673_copi   863.1KB
23:21:17 INFO     ✓ [ 32/132] mec_ptd_anexo-de-entregas_sei_mec-5576401_copia_ta   495.7KB
23:21:22 INFO     ✓ [ 33/132] mec_ptd_docdiretivo-versao-comunicacao_copia_tarja  1616.5KB
23:21:25 INFO     ✓ [ 34/132] md_ptd_2026_2027_anexo_de_entregas_assinado_assina   579.4KB
23:21:28 INFO     ✓ [ 35/132] md_ptd_2026_2027_anexo_de_entregas_assinado_assina   186.8KB
23:21:32 INFO     ✓ [ 36/132] md_ptd_temp_copia_tarjada.pdf                        741.9KB
23:21:36 INFO     ✓ [ 37/132] cgu_ptd_docdiretivo_assinado_assinado_assinado-cop  1085.4KB
23:21:39 INFO     ✓ [ 38/132] cgu_ptd_anexo_de_entregas_pactuadas_assinado_assin   514.1KB
23:21:42 INFO     ✓ [ 39/132] cnpq_ptd_2025_2027_docdiretivo_assinado_assinado_a   342.9KB
23:21:44 INFO     ✓ [ 40/132] cnpq_ptd_2025_2027_anexo_de_entregas_assinado_assi   136.1KB
23:21:49 INFO     ✓ [ 41/132] coaf_ptd_2025_2026_documento_diretivo_assinado_ass  1068.0KB
23:21:56 INFO     ✓ [ 42/132] coaf_ptd_2025_2026_anexo_de_entregas-2_assinado_as  3184.5KB
23:22:05 INFO     ✓ [ 43/132] ptd_midr-docdiretivo_aprovado_assinado_tarjado.pdf  3864.1KB
23:22:09 INFO     ✓ [ 44/132] ptd_midr_-_anexo_de_entregas_-_aprovado_assinado.p  1122.0KB
23:22:13 INFO     ✓ [ 45/132] mda-documento-diretivo-assinado_ptd-2025-207-copia   955.8KB
23:22:16 INFO     ✓ [ 46/132] cvm_ptd_2025_2027_docdiretivo_assinado_assinado_as   270.5KB
23:22:19 INFO     ✓ [ 47/132] cvm_ptd_2025_2027_anexoentregas_assinado_assinado_   409.0KB
23:22:23 INFO     ✓ [ 48/132] dnocs_ptd_doc_diretivo_2025_2026_assinado_orgao-2_   891.1KB
23:22:26 INFO     ✓ [ 49/132] dnocs_anexo_de_entregas_repactuado_2025_2026_assin   272.3KB
23:22:33 INFO     ✓ [ 50/132] fbn_ptd_2025_2027_docdiretivo_assinado-1_tarjado.p  2921.6KB
23:22:35 INFO     ✓ [ 51/132] fbn_ptd_2025_2027_anexo_de_entregas_assinado-1.pdf   162.3KB
23:22:40 INFO     ✓ [ 52/132] fcp_ptd_2025_2027_docdiretivo_assinado-1_tarjado.p  1612.0KB
23:22:42 INFO     ✓ [ 53/132] fcp_ptd_2025_2027_anexo_de_entregas_assinado-1.pdf   118.8KB
23:22:47 INFO     ✓ [ 54/132] fcrb_ptd_2025_2026_docdiretivo_aprovado_assinado-1   998.2KB
23:22:49 INFO     ✓ [ 55/132] fcrb_ptd_2025_2026_anexo_de_entregas_aprovado_assi   313.5KB
23:22:54 INFO     ✓ [ 56/132] fiocruz_novo-ptd_2-1_docdiretivo_repactuacao_2024-  1318.1KB
23:22:57 INFO     ✓ [ 57/132] fiocruz_ptd_anexo_de_entregas_assinado_v1_assinado   257.1KB
23:23:02 INFO     ✓ [ 58/132] fiocruz-ptd-06_2024-copia_tarjada.pdf               1693.8KB
23:23:07 INFO     ✓ [ 59/132] funai_ptd_2025_2027_docdiretivo_assinado-1_tarjado  1842.1KB
23:23:10 INFO     ✓ [ 60/132] funai_anexo_de_entregas_repactuado_2026_2027_assin   435.7KB
23:23:14 INFO     ✓ [ 61/132] funarte_ptd_docdiretivo_assinado_21_01_2025_assina   965.7KB
23:23:18 INFO     ✓ [ 62/132] funarte_ptd_anexo_de_entregas_assinado_v1_assinado   683.6KB
23:23:21 INFO     ✓ [ 63/132] fundacentro_ptd_2025_2027_docdiretivo_assinado_ass   826.6KB
23:23:25 INFO     ✓ [ 64/132] fundacentro_ptd_2025_2027_anexo_de_entregas_assina   635.5KB
23:23:29 INFO     ✓ [ 65/132] mma_ptd_docdiretivo_assinado_2025_2026-1_assinado_   949.3KB
23:23:32 INFO     ✓ [ 66/132] mma_ptd_anexo_de_entregas_aprovado_final_assinado_   174.8KB
23:23:36 INFO     ✓ [ 67/132] ibge_docdiretivo_2025_assinado_assinado_assinado-c  1167.3KB
23:23:39 INFO     ✓ [ 68/132] ibge_ptd_25_26_anexo_de_entregas_modelo_v2-1_assin   143.7KB
23:23:53 INFO     ✓ [ 69/132] incra_ptd_docdiretivo__assinado-1_assinado_assinad  7182.0KB
23:23:58 INFO     ✓ [ 70/132] incra_anexo_de_entregas_assinado-1_assinado_assina  1818.6KB
23:24:06 INFO     ✓ [ 71/132] inpi_ptd_docdiretivo_assinado_2025_2026_assinado_a  3322.4KB
23:24:13 INFO     ✓ [ 72/132] inpi_ptd_anexo_de_entregas_assinado_v1_assinado_as  3078.1KB
23:24:17 INFO     ✓ [ 73/132] inss_ptd_2025_2027_docdiretivo-assinado-copia_tarj  1173.3KB
23:24:19 INFO     ✓ [ 74/132] inss_ptd_2025_2027_anexo_de_entregas-assinado-copi   110.8KB
23:24:23 INFO     ✓ [ 75/132] iphan_ptd_docdiretivo_assinado_2025_2026_assinado_   885.7KB
23:24:26 INFO     ✓ [ 76/132] iphan_ptd_anexo_de_entregas_assinado_v1_assinado_a   310.9KB
23:24:37 INFO     ✓ [ 77/132] iti_doc_diretivo_assinado-1_tarjado.pdf             4905.1KB
23:24:40 INFO     ✓ [ 78/132] iti_anexo_de_entregas_assinado.pdf                   556.4KB
23:24:45 INFO     ✓ [ 79/132] mapa_ptd_2025_2027_docdiretivo_assinado-1_tarjado.  1740.9KB
23:24:48 INFO     ✓ [ 80/132] mapa_ptd_2025_2027_anexo_de_entregas_assinado-1.pd   261.9KB
23:24:58 INFO     ✓ [ 81/132] documento-diretivo-mcom-_-ptd-25_27-copia_tarjada.  4451.9KB
23:25:02 INFO     ✓ [ 82/132] anexo-de-entregas-mcom_ptd-25_27-copia_tarjada.pdf  1213.8KB
23:25:09 INFO     ✓ [ 83/132] ptd_21_24_mcom-copia_tarjada.pdf                    3040.7KB
23:25:13 INFO     ✓ [ 84/132] mcti_ptd_2025-2027_docdiretivo_assinado-copia_tarj  1030.7KB
23:25:16 INFO     ✓ [ 85/132] mcti_ptd_2025-2027_anexo-de-entregas_assinado-copi   145.8KB
23:25:18 INFO     ✓ [ 86/132] mda-anexo-entregas-assinado_ptd-2025-2027-copia-ta   284.6KB
23:25:22 INFO     ✓ [ 87/132] mdhc_ptd_2025_2027_docdiretivo_assinado_assinado_a   753.4KB
23:25:25 INFO     ✓ [ 88/132] mdhc_ptd_2025_2027_anexoentregas_assinado_assinado   186.8KB
23:25:27 INFO     ✓ [ 89/132] mdic_ptd_anexo_de_entregas_assinado_v1_assinado_as   176.6KB
23:25:31 INFO     ✓ [ 90/132] memp_ptd_2025_2026_docdiretivo_assinado_assinado_a  1030.1KB
23:25:34 INFO     ✓ [ 91/132] memp_ptd_2025_2026_anexo_de_entregas_assinado_assi   161.5KB
23:25:38 INFO     ✓ [ 92/132] mesp_ptd_2025_2027_docdiretivo_assinado_assinado_2  1147.7KB
23:25:41 INFO     ✓ [ 93/132] mesp_ptd_2025_2027_anexo_de_entregas_assinado_assi   226.6KB
23:25:45 INFO     ✓ [ 94/132] mf_ptd_2026_2027_documentodiretivo_assinado_assina   955.1KB
23:25:48 INFO     ✓ [ 95/132] mf_ptd_2026_2027_anexo_de_entregas_1_mf_se_assinad   241.2KB
23:25:51 INFO     ✓ [ 96/132] mgi_ptd_2025_2027_docdiretivo_assinado_assinado_as   375.2KB
23:25:54 INFO     ✓ [ 97/132] mgi_ptd_2025_2027_anexo_de_entregas_assinado_assin   256.1KB
23:25:58 INFO     ✓ [ 98/132] minc_ptd_2025_2027_docdiretivo_assinado-1_assinado   863.6KB
23:26:01 INFO     ✓ [ 99/132] minc_ptd_2025_2027_anexo_de_entregas_assinado-1_as   276.7KB
23:26:05 INFO     ✓ [100/132] mjsp_ptd_docdiretivo_assinado_2025_2026_assinado_a   954.0KB
23:26:07 INFO     ✓ [101/132] mjsp_ptd_anexo_de_entregas_assinado_v1_assinado_as   253.9KB
23:26:11 INFO     ✓ [102/132] mme_ptd_2025_2027_docdiretivo_assinado-copia_tarja   664.5KB
23:26:13 INFO     ✓ [103/132] mme_ptd_2025_2027_anexo_de_entregas_assinado__1_-c   111.1KB
23:26:18 INFO     ✓ [104/132] mmulheres_ptd_2025_2027_docdiretivo_assinado_assin  1078.3KB
23:26:21 INFO     ✓ [105/132] mmulheres_ptd_2025_2027_anexo_de_entregas_assinado   216.9KB
23:26:25 INFO     ✓ [106/132] mpi_ptd_2025_2027_docdiretivo_ministerio_dos_povos   947.9KB
23:26:27 INFO     ✓ [107/132] mpi_ptd_anexo_de_entregas_do_plano_de_tranformacao   191.9KB
23:26:31 INFO     ✓ [108/132] mpo_ptd_docdiretivo_assinado_2025_2026_assinado_as   806.3KB
23:26:35 INFO     ✓ [109/132] mpo_ptd_anexo_de_entregas_assinado_v1_assinado_ass   323.2KB
23:26:39 INFO     ✓ [110/132] mpor_ptd_2025_2027_docdiretivo_assinado_assinado_a   876.5KB
23:26:41 INFO     ✓ [111/132] mpor_ptd_2025_2027_anexo_de_entregas_assinado_assi   175.1KB
23:26:45 INFO     ✓ [112/132] mps_ptd_2025-2026_docdiretivo_final_assinado-1_ass  1024.4KB
23:26:48 INFO     ✓ [113/132] mps_ptd_2025-2026_anexo_de_entregas_final_assinado   165.0KB
23:26:51 INFO     ✓ [114/132] mre_ptd_docdiretivo_assinado_2025_2026_assinado_as   760.9KB
23:26:54 INFO     ✓ [115/132] mre_ptd_anexo_de_entregas_assinado_v1_assinado_ass   233.2KB
23:26:58 INFO     ✓ [116/132] mte_ptd_2025_2026_docdiretivo_assinado_assinado_as   729.6KB
23:27:01 INFO     ✓ [117/132] mte_ptd_anexo_de_entregas_assinado_v1__281_29_assi   459.5KB
23:27:05 INFO     ✓ [118/132] mtur_ptd_docdiretiv_assinado_30_01_2025_assinado_a  1050.4KB
23:27:08 INFO     ✓ [119/132] mtur_ptd_anexo_de_entregas_assinado_30_01_2025_ass   118.8KB
23:27:12 INFO     ✓ [120/132] pf_ptd_docdiretivo_2025_2027_assinado-copia_tarjad   964.3KB
23:27:14 INFO     ✓ [121/132] pf_ptd_anexo_de_entregas_2025_2027_assinado-copia_    62.5KB
23:27:17 INFO     ✓ [122/132] mf_ptd_2026_2027_anexo_de_entregas_4_mf_pgfn_assin   466.8KB
23:27:30 INFO     ✓ [123/132] previc_plano_de_transformacao_digital_2025_2026_29  6652.7KB
23:27:33 INFO     ✓ [124/132] previc_ptd_repactuacao_2025-2026_assinado_assinado   182.9KB
23:27:36 INFO     ✓ [125/132] prf_documentodiretivo_ptd_2026-2027_assinado_tarja   535.9KB
23:27:38 INFO     ✓ [126/132] prf_anexo_de_entregas_do_ptd__2026_2027___ptd___en   157.7KB
23:27:41 INFO     ✓ [127/132] mf_ptd_2026_2027_anexo_de_entregas_2_mf_rfb_assina   253.7KB
23:27:45 INFO     ✓ [128/132] sgpr_ptd_2026_2027_docdiretivo_assinado-copia_tarj   791.2KB
23:27:49 INFO     ✓ [129/132] sgpr_ptd_2025_2027_anexo_de_entregas_assinado-copi   897.9KB
23:27:52 INFO     ✓ [130/132] mf_ptd_2026_2027_anexo_de_entregas_3_mf_stn_assina   467.8KB
23:27:56 INFO     ✓ [131/132] susep_ptd_2025_2027_docdiretivo-assinado-copia_tar  1030.1KB
23:27:58 INFO     ✓ [132/132] susep_ptd_2025-2026_anexo_de_entregas_final_assina   221.9KB
23:28:00 INFO     132 OK | 0 erros | 123.3 MB total
23:28:05 INFO     Sanity: 132 PDFs | 113 texto | 19 imagem/OCR | 0 duplicatas
23:28:05 INFO     --siglas (debug): 15 PDFs de ['AGU', 'FIOCRUZ', 'FUNAI', 'FUNDACENTRO', 'INCRA', 'ITI', 'MCOM', 'SGPR']
23:28:05 INFO     DocumentConverter instanciado (singleton × 2: plain + OCR)
23:28:05 INFO     [1/15] → agu_ptd_2025_2027_anexo_de_entregas_assinado_assinado_assinado-copia_tarjada.pdf
23:28:05 INFO     detected formats: [<InputFormat.PDF: 'pdf'>]
23:28:05 INFO     Going to convert document batch...
23:28:05 INFO     Initializing pipeline for StandardPdfPipeline with options hash bc6794697da537796efc497178f9263f
23:28:05 INFO     Loading plugin 'docling_defaults'
23:28:05 INFO     Registered picture descriptions: ['picture_description_vlm_engine', 'vlm', 'api']
23:28:05 INFO     Loading plugin 'docling_defaults'
23:28:05 INFO     Registered ocr engines: ['auto', 'easyocr', 'kserve_v2_ocr', 'ocrmac', 'rapidocr', 'tesserocr', 'tesseract']
23:28:05 INFO     command: tesseract --list-langs
23:28:06 INFO     Loading plugin 'docling_defaults'
23:28:06 INFO     Registered layout engines: ['layout_object_detection', 'docling_layout_default', 'docling_experimental_table_crops_layout']
23:28:06 INFO     Accelerator device: 'cpu'
23:28:06 INFO     HTTP Request: GET https://huggingface.co/api/models/docling-project/docling-layout-heron/revision/main "HTTP/1.1 200 OK"
23:28:06 INFO     HTTP Request: HEAD https://huggingface.co/docling-project/docling-layout-heron/resolve/8f39ad3c0b4c58e9c2d2c84a38465abf757272d8/config.json "HTTP/1.1 307 Temporary Redirect"
23:28:06 INFO     HTTP Request: HEAD https://huggingface.co/api/resolve-cache/models/docling-project/docling-layout-heron/8f39ad3c0b4c58e9c2d2c84a38465abf757272d8/config.json "HTTP/1.1 200 OK"
23:28:06 INFO     HTTP Request: HEAD https://huggingface.co/docling-project/docling-layout-heron/resolve/8f39ad3c0b4c58e9c2d2c84a38465abf757272d8/docling_heron_400.png "HTTP/1.1 307 Temporary Redirect"
23:28:06 INFO     HTTP Request: HEAD https://huggingface.co/docling-project/docling-layout-heron/resolve/8f39ad3c0b4c58e9c2d2c84a38465abf757272d8/model.safetensors "HTTP/1.1 302 Found"
23:28:06 WARNING  Warning: You are sending unauthenticated requests to the HF Hub. Please set a HF_TOKEN to enable higher rate limits and faster downloads.
23:28:06 INFO     HTTP Request: HEAD https://huggingface.co/docling-project/docling-layout-heron/resolve/8f39ad3c0b4c58e9c2d2c84a38465abf757272d8/preprocessor_config.json "HTTP/1.1 307 Temporary Redirect"
23:28:06 INFO     HTTP Request: HEAD https://huggingface.co/docling-project/docling-layout-heron/resolve/8f39ad3c0b4c58e9c2d2c84a38465abf757272d8/README.md "HTTP/1.1 307 Temporary Redirect"
23:28:06 INFO     HTTP Request: HEAD https://huggingface.co/api/resolve-cache/models/docling-project/docling-layout-heron/8f39ad3c0b4c58e9c2d2c84a38465abf757272d8/docling_heron_400.png "HTTP/1.1 200 OK"
23:28:06 INFO     HTTP Request: HEAD https://huggingface.co/docling-project/docling-layout-heron/resolve/8f39ad3c0b4c58e9c2d2c84a38465abf757272d8/.gitattributes "HTTP/1.1 307 Temporary Redirect"
23:28:06 INFO     HTTP Request: HEAD https://huggingface.co/api/resolve-cache/models/docling-project/docling-layout-heron/8f39ad3c0b4c58e9c2d2c84a38465abf757272d8/preprocessor_config.json "HTTP/1.1 200 OK"
23:28:06 INFO     HTTP Request: HEAD https://huggingface.co/api/resolve-cache/models/docling-project/docling-layout-heron/8f39ad3c0b4c58e9c2d2c84a38465abf757272d8/README.md "HTTP/1.1 200 OK"
23:28:06 INFO     HTTP Request: HEAD https://huggingface.co/api/resolve-cache/models/docling-project/docling-layout-heron/8f39ad3c0b4c58e9c2d2c84a38465abf757272d8/.gitattributes "HTTP/1.1 200 OK"
23:28:06 INFO     HTTP Request: GET https://huggingface.co/api/resolve-cache/models/docling-project/docling-layout-heron/8f39ad3c0b4c58e9c2d2c84a38465abf757272d8/docling_heron_400.png "HTTP/1.1 200 OK"
23:28:06 INFO     HTTP Request: GET https://huggingface.co/api/resolve-cache/models/docling-project/docling-layout-heron/8f39ad3c0b4c58e9c2d2c84a38465abf757272d8/README.md "HTTP/1.1 200 OK"
23:28:06 INFO     HTTP Request: GET https://huggingface.co/api/resolve-cache/models/docling-project/docling-layout-heron/8f39ad3c0b4c58e9c2d2c84a38465abf757272d8/.gitattributes "HTTP/1.1 200 OK"
23:28:06 INFO     HTTP Request: GET https://huggingface.co/api/resolve-cache/models/docling-project/docling-layout-heron/8f39ad3c0b4c58e9c2d2c84a38465abf757272d8/config.json "HTTP/1.1 200 OK"
23:28:06 INFO     HTTP Request: GET https://huggingface.co/api/resolve-cache/models/docling-project/docling-layout-heron/8f39ad3c0b4c58e9c2d2c84a38465abf757272d8/preprocessor_config.json "HTTP/1.1 200 OK"
23:28:06 INFO     HTTP Request: GET https://huggingface.co/api/models/docling-project/docling-layout-heron/xet-read-token/8f39ad3c0b4c58e9c2d2c84a38465abf757272d8 "HTTP/1.1 200 OK"
23:28:08 INFO     Loading plugin 'docling_defaults'
23:28:08 INFO     Registered table structure engines: ['docling_tableformer', 'docling_tableformer_v2']
23:28:08 INFO     HTTP Request: GET https://huggingface.co/api/models/docling-project/docling-models/revision/v2.3.0 "HTTP/1.1 200 OK"
23:28:08 INFO     HTTP Request: HEAD https://huggingface.co/docling-project/docling-models/resolve/fc0f2d45e2218ea24bce5045f58a389aed16dc23/.gitattributes "HTTP/1.1 307 Temporary Redirect"
23:28:08 INFO     HTTP Request: HEAD https://huggingface.co/docling-project/docling-models/resolve/fc0f2d45e2218ea24bce5045f58a389aed16dc23/.gitignore "HTTP/1.1 307 Temporary Redirect"
23:28:08 INFO     HTTP Request: HEAD https://huggingface.co/docling-project/docling-models/resolve/fc0f2d45e2218ea24bce5045f58a389aed16dc23/config.json "HTTP/1.1 307 Temporary Redirect"
23:28:08 INFO     HTTP Request: HEAD https://huggingface.co/api/resolve-cache/models/docling-project/docling-models/fc0f2d45e2218ea24bce5045f58a389aed16dc23/.gitattributes "HTTP/1.1 200 OK"
23:28:08 INFO     HTTP Request: HEAD https://huggingface.co/docling-project/docling-models/resolve/fc0f2d45e2218ea24bce5045f58a389aed16dc23/model_artifacts/tableformer/accurate/tm_config.json "HTTP/1.1 307 Temporary Redirect"
23:28:08 INFO     HTTP Request: HEAD https://huggingface.co/docling-project/docling-models/resolve/fc0f2d45e2218ea24bce5045f58a389aed16dc23/model_artifacts/tableformer/accurate/tableformer_accurate.safetensors "HTTP/1.1 302 Found"
23:28:08 INFO     HTTP Request: HEAD https://huggingface.co/api/resolve-cache/models/docling-project/docling-models/fc0f2d45e2218ea24bce5045f58a389aed16dc23/config.json "HTTP/1.1 200 OK"
23:28:08 INFO     HTTP Request: HEAD https://huggingface.co/docling-project/docling-models/resolve/fc0f2d45e2218ea24bce5045f58a389aed16dc23/README.md "HTTP/1.1 307 Temporary Redirect"
23:28:08 INFO     HTTP Request: HEAD https://huggingface.co/api/resolve-cache/models/docling-project/docling-models/fc0f2d45e2218ea24bce5045f58a389aed16dc23/.gitignore "HTTP/1.1 200 OK"
23:28:08 INFO     HTTP Request: HEAD https://huggingface.co/api/resolve-cache/models/docling-project/docling-models/fc0f2d45e2218ea24bce5045f58a389aed16dc23/model_artifacts%2Ftableformer%2Faccurate%2Ftm_config.json "HTTP/1.1 200 OK"
23:28:08 INFO     HTTP Request: HEAD https://huggingface.co/docling-project/docling-models/resolve/fc0f2d45e2218ea24bce5045f58a389aed16dc23/model_artifacts/tableformer/fast/tm_config.json "HTTP/1.1 307 Temporary Redirect"
23:28:08 INFO     HTTP Request: HEAD https://huggingface.co/docling-project/docling-models/resolve/fc0f2d45e2218ea24bce5045f58a389aed16dc23/model_artifacts/tableformer/fast/tableformer_fast.safetensors "HTTP/1.1 302 Found"
23:28:08 INFO     HTTP Request: HEAD https://huggingface.co/api/resolve-cache/models/docling-project/docling-models/fc0f2d45e2218ea24bce5045f58a389aed16dc23/README.md "HTTP/1.1 200 OK"
23:28:08 INFO     HTTP Request: HEAD https://huggingface.co/api/resolve-cache/models/docling-project/docling-models/fc0f2d45e2218ea24bce5045f58a389aed16dc23/model_artifacts%2Ftableformer%2Ffast%2Ftm_config.json "HTTP/1.1 200 OK"
23:28:08 INFO     HTTP Request: GET https://huggingface.co/api/resolve-cache/models/docling-project/docling-models/fc0f2d45e2218ea24bce5045f58a389aed16dc23/.gitattributes "HTTP/1.1 200 OK"
23:28:08 INFO     HTTP Request: GET https://huggingface.co/api/resolve-cache/models/docling-project/docling-models/fc0f2d45e2218ea24bce5045f58a389aed16dc23/config.json "HTTP/1.1 200 OK"
23:28:08 INFO     HTTP Request: GET https://huggingface.co/api/resolve-cache/models/docling-project/docling-models/fc0f2d45e2218ea24bce5045f58a389aed16dc23/model_artifacts%2Ftableformer%2Faccurate%2Ftm_config.json "HTTP/1.1 200 OK"
23:28:08 INFO     HTTP Request: GET https://huggingface.co/api/resolve-cache/models/docling-project/docling-models/fc0f2d45e2218ea24bce5045f58a389aed16dc23/.gitignore "HTTP/1.1 200 OK"
23:28:08 INFO     HTTP Request: GET https://huggingface.co/api/resolve-cache/models/docling-project/docling-models/fc0f2d45e2218ea24bce5045f58a389aed16dc23/README.md "HTTP/1.1 200 OK"
23:28:08 INFO     HTTP Request: GET https://huggingface.co/api/resolve-cache/models/docling-project/docling-models/fc0f2d45e2218ea24bce5045f58a389aed16dc23/model_artifacts%2Ftableformer%2Ffast%2Ftm_config.json "HTTP/1.1 200 OK"
23:28:08 INFO     HTTP Request: GET https://huggingface.co/api/models/docling-project/docling-models/xet-read-token/fc0f2d45e2218ea24bce5045f58a389aed16dc23 "HTTP/1.1 200 OK"
23:28:08 INFO     HTTP Request: GET https://huggingface.co/api/models/docling-project/docling-models/xet-read-token/fc0f2d45e2218ea24bce5045f58a389aed16dc23 "HTTP/1.1 200 OK"
23:28:09 INFO     Accelerator device: 'cpu'
23:28:10 INFO     Processing document agu_ptd_2025_2027_anexo_de_entregas_assinado_assinado_assinado-copia_tarjada.pdf
23:28:10 INFO     command: tesseract --psm 0 -l osd /tmp/tmpqtj_2unq.png stdout
23:28:11 INFO     command: tesseract -l por /tmp/tmpqtj_2unq.png stdout tsv
23:28:14 INFO     command: tesseract --psm 0 -l osd /tmp/tmp6t39w365.png stdout
23:28:15 INFO     command: tesseract -l por /tmp/tmp6t39w365.png stdout tsv
23:28:34 INFO     Finished converting document agu_ptd_2025_2027_anexo_de_entregas_assinado_assinado_assinado-copia_tarjada.pdf in 28.13 sec.
23:28:34 INFO       pixel_budget (Docling) agu_ptd_2025_2027_anexo_de_entregas_assinado_assinado_assinado-copia_tarjada.pdf: 45.8% (área tabelas/1001817 px²)
23:28:34 INFO     [1/15] ✓ AGU       :   33 entregas | 28.1s | ETA ~6min
23:28:34 INFO     [2/15] → agu_ptd_2025_2027_docdiretivo_assinado_assinado_assinado-copia_tarjada.pdf
23:28:34 INFO     detected formats: [<InputFormat.PDF: 'pdf'>]
23:28:34 INFO     Going to convert document batch...
23:28:34 INFO     Processing document agu_ptd_2025_2027_docdiretivo_assinado_assinado_assinado-copia_tarjada.pdf
23:28:34 INFO     command: tesseract --psm 0 -l osd /tmp/tmpthz1oop2.png stdout
23:28:35 INFO     command: tesseract -l por /tmp/tmpthz1oop2.png stdout tsv
23:28:37 INFO     command: tesseract --psm 0 -l osd /tmp/tmpcc86edwq.png stdout
23:28:38 INFO     command: tesseract -l por /tmp/tmpcc86edwq.png stdout tsv
23:28:43 INFO     command: tesseract --psm 0 -l osd /tmp/tmph2taxto7.png stdout
23:28:43 INFO     command: tesseract -l por /tmp/tmph2taxto7.png stdout tsv
23:28:46 INFO     command: tesseract --psm 0 -l osd /tmp/tmp5fjatxeq.png stdout
23:28:46 INFO     command: tesseract -l por /tmp/tmp5fjatxeq.png stdout tsv
23:28:49 INFO     command: tesseract --psm 0 -l osd /tmp/tmpm806u85n.png stdout
23:28:49 INFO     command: tesseract -l por /tmp/tmpm806u85n.png stdout tsv
23:28:51 INFO     command: tesseract --psm 0 -l osd /tmp/tmpdszwyq4j.png stdout
23:28:53 INFO     command: tesseract -l por /tmp/tmpdszwyq4j.png stdout tsv
23:29:04 INFO     command: tesseract --psm 0 -l osd /tmp/tmph9kfg0s7.png stdout
23:29:04 INFO     command: tesseract -l por /tmp/tmph9kfg0s7.png stdout tsv
23:29:06 INFO     command: tesseract --psm 0 -l osd /tmp/tmpvozc3w2g.png stdout
23:29:07 INFO     command: tesseract -l por /tmp/tmpvozc3w2g.png stdout tsv
23:29:10 INFO     command: tesseract --psm 0 -l osd /tmp/tmppzwk_m8n.png stdout
23:29:10 INFO     command: tesseract -l por /tmp/tmppzwk_m8n.png stdout tsv
23:29:13 INFO     command: tesseract --psm 0 -l osd /tmp/tmpv_xt7rq_.png stdout
23:29:14 INFO     command: tesseract -l por /tmp/tmpv_xt7rq_.png stdout tsv
23:29:29 INFO     command: tesseract --psm 0 -l osd /tmp/tmpl7ld05_3.png stdout
23:29:30 INFO     command: tesseract -l por /tmp/tmpl7ld05_3.png stdout tsv
23:29:33 INFO     Finished converting document agu_ptd_2025_2027_docdiretivo_assinado_assinado_assinado-copia_tarjada.pdf in 59.70 sec.
23:29:33 INFO       pixel_budget (Docling) agu_ptd_2025_2027_docdiretivo_assinado_assinado_assinado-copia_tarjada.pdf: 2.1% (área tabelas/5513330 px²)
23:29:33 INFO     [2/15] ✓ AGU       :    6 entregas | 59.7s | ETA ~9min
23:29:33 INFO     [3/15] → anexo-de-entregas-mcom_ptd-25_27-copia_tarjada.pdf
23:29:33 INFO     detected formats: [<InputFormat.PDF: 'pdf'>]
23:29:33 INFO     Going to convert document batch...
23:29:33 INFO     Processing document anexo-de-entregas-mcom_ptd-25_27-copia_tarjada.pdf
23:29:34 INFO     command: tesseract --psm 0 -l osd /tmp/tmpt920obi_.png stdout
23:29:35 INFO     command: tesseract -l por /tmp/tmpt920obi_.png stdout tsv
23:29:38 INFO     command: tesseract --psm 0 -l osd /tmp/tmpk2v3wtma.png stdout
23:29:39 INFO     command: tesseract -l por /tmp/tmpk2v3wtma.png stdout tsv
23:29:52 INFO     command: tesseract --psm 0 -l osd /tmp/tmpe_iy2xry.png stdout
23:29:52 INFO     command: tesseract -l por /tmp/tmpe_iy2xry.png stdout tsv
23:30:12 INFO     Finished converting document anexo-de-entregas-mcom_ptd-25_27-copia_tarjada.pdf in 38.77 sec.
23:30:12 INFO       pixel_budget (Docling) anexo-de-entregas-mcom_ptd-25_27-copia_tarjada.pdf: 55.2% (área tabelas/1503636 px²)
23:30:12 INFO     [3/15] ✓ MCOM      :   55 entregas | 38.8s | ETA ~8min
23:30:12 INFO     [4/15] → documento-diretivo-mcom-_-ptd-25_27-copia_tarjada.pdf
23:30:12 INFO     detected formats: [<InputFormat.PDF: 'pdf'>]
23:30:12 INFO     Going to convert document batch...
23:30:12 INFO     Processing document documento-diretivo-mcom-_-ptd-25_27-copia_tarjada.pdf
23:30:13 INFO     command: tesseract --psm 0 -l osd /tmp/tmpte3_awkl.png stdout
23:30:13 INFO     command: tesseract -l por /tmp/tmpte3_awkl.png stdout tsv
23:30:15 INFO     command: tesseract --psm 0 -l osd /tmp/tmp0svi0iyp.png stdout
23:30:16 INFO     command: tesseract -l por /tmp/tmp0svi0iyp.png stdout tsv
23:30:22 INFO     command: tesseract --psm 0 -l osd /tmp/tmp0izb_j52.png stdout
23:30:23 INFO     command: tesseract -l por /tmp/tmp0izb_j52.png stdout tsv
23:30:24 INFO     command: tesseract --psm 0 -l osd /tmp/tmpg4_4e97e.png stdout
23:30:25 INFO     command: tesseract -l por /tmp/tmpg4_4e97e.png stdout tsv
23:30:27 INFO     command: tesseract --psm 0 -l osd /tmp/tmpoogisnth.png stdout
23:30:27 INFO     command: tesseract -l por /tmp/tmpoogisnth.png stdout tsv
23:30:30 INFO     command: tesseract --psm 0 -l osd /tmp/tmpz7wcfu1b.png stdout
23:30:31 INFO     command: tesseract -l por /tmp/tmpz7wcfu1b.png stdout tsv
23:30:44 INFO     command: tesseract --psm 0 -l osd /tmp/tmp5y3d7kgp.png stdout
23:30:45 INFO     command: tesseract -l por /tmp/tmp5y3d7kgp.png stdout tsv
23:30:48 INFO     command: tesseract --psm 0 -l osd /tmp/tmpmbpmmk00.png stdout
23:30:48 INFO     command: tesseract -l por /tmp/tmpmbpmmk00.png stdout tsv
23:30:51 INFO     command: tesseract --psm 0 -l osd /tmp/tmpbubzd2pi.png stdout
23:30:52 INFO     command: tesseract -l por /tmp/tmpbubzd2pi.png stdout tsv
23:30:53 INFO     command: tesseract --psm 0 -l osd /tmp/tmp297wgx9n.png stdout
23:30:55 INFO     command: tesseract -l por /tmp/tmp297wgx9n.png stdout tsv
23:31:00 INFO     command: tesseract --psm 0 -l osd /tmp/tmp5jwf58m3.png stdout
23:31:01 INFO     command: tesseract -l por /tmp/tmp5jwf58m3.png stdout tsv
23:31:07 INFO     command: tesseract --psm 0 -l osd /tmp/tmpr9qxssa5.png stdout
23:31:07 INFO     command: tesseract -l por /tmp/tmpr9qxssa5.png stdout tsv
23:31:09 INFO     command: tesseract --psm 0 -l osd /tmp/tmpoi9dmcto.png stdout
23:31:10 INFO     command: tesseract -l por /tmp/tmpoi9dmcto.png stdout tsv
23:31:12 INFO     command: tesseract --psm 0 -l osd /tmp/tmp9hy1dlu7.png stdout
23:31:13 INFO     command: tesseract -l por /tmp/tmp9hy1dlu7.png stdout tsv
23:31:19 INFO     Finished converting document documento-diretivo-mcom-_-ptd-25_27-copia_tarjada.pdf in 66.77 sec.
23:31:19 INFO       pixel_budget (Docling) documento-diretivo-mcom-_-ptd-25_27-copia_tarjada.pdf: 10.8% (área tabelas/7016966 px²)
23:31:19 INFO     [4/15] ✓ MCOM      :    3 entregas | 66.8s | ETA ~8min
23:31:19 INFO     [5/15] → fiocruz-ptd-06_2024-copia_tarjada.pdf
23:31:19 INFO     detected formats: [<InputFormat.PDF: 'pdf'>]
23:31:19 INFO     Going to convert document batch...
23:31:19 INFO     Initializing pipeline for StandardPdfPipeline with options hash d18651824ca6fe56cf3ccb20424ac2c8
23:31:19 INFO     Accelerator device: 'cpu'
23:31:19 INFO     HTTP Request: GET https://huggingface.co/api/models/docling-project/docling-layout-heron/revision/main "HTTP/1.1 200 OK"
23:31:20 INFO     HTTP Request: GET https://huggingface.co/api/models/docling-project/docling-models/revision/v2.3.0 "HTTP/1.1 200 OK"
23:31:20 INFO     Accelerator device: 'cpu'
23:31:20 INFO     Processing document fiocruz-ptd-06_2024-copia_tarjada.pdf
23:32:28 INFO     Finished converting document fiocruz-ptd-06_2024-copia_tarjada.pdf in 69.09 sec.
23:32:28 INFO       pixel_budget (Docling) fiocruz-ptd-06_2024-copia_tarjada.pdf: 36.4% (área tabelas/7518178 px²)
23:32:28 INFO     [5/15] ✓ FIOCRUZ   :    1 entregas | 69.1s | ETA ~8min
23:32:28 INFO     [6/15] → fiocruz_novo-ptd_2-1_docdiretivo_repactuacao_2024-2026_assinado_assinado-copia_tarjada.pdf
23:32:28 INFO     detected formats: [<InputFormat.PDF: 'pdf'>]
23:32:28 INFO     Going to convert document batch...
23:32:28 INFO     Processing document fiocruz_novo-ptd_2-1_docdiretivo_repactuacao_2024-2026_assinado_assinado-copia_tarjada.pdf
23:32:46 INFO     Finished converting document fiocruz_novo-ptd_2-1_docdiretivo_repactuacao_2024-2026_assinado_assinado-copia_tarjada.pdf in 18.12 sec.
23:32:46 INFO       pixel_budget (Docling) fiocruz_novo-ptd_2-1_docdiretivo_repactuacao_2024-2026_assinado_assinado-copia_tarjada.pdf: 11.3% (área tabelas/5012118 px²)
23:32:46 INFO     [6/15] ✓ FIOCRUZ   :    5 entregas | 18.1s | ETA ~7min
23:32:46 INFO     [7/15] → fiocruz_ptd_anexo_de_entregas_assinado_v1_assinado_assinado-1-copia_tarjada.pdf
23:32:46 INFO     detected formats: [<InputFormat.PDF: 'pdf'>]
23:32:46 INFO     Going to convert document batch...
23:32:46 INFO     Processing document fiocruz_ptd_anexo_de_entregas_assinado_v1_assinado_assinado-1-copia_tarjada.pdf
23:33:18 INFO     Finished converting document fiocruz_ptd_anexo_de_entregas_assinado_v1_assinado_assinado-1-copia_tarjada.pdf in 31.77 sec.
23:33:18 INFO       pixel_budget (Docling) fiocruz_ptd_anexo_de_entregas_assinado_v1_assinado_assinado-1-copia_tarjada.pdf: 54.7% (área tabelas/2004847 px²)
23:33:18 INFO     [7/15] ✓ FIOCRUZ   :   61 entregas | 31.8s | ETA ~5min
23:33:18 INFO     [8/15] → funai_anexo_de_entregas_repactuado_2026_2027_assinado_assinado_assinado.pdf
23:33:18 INFO     detected formats: [<InputFormat.PDF: 'pdf'>]
23:33:18 INFO     Going to convert document batch...
23:33:18 INFO     Processing document funai_anexo_de_entregas_repactuado_2026_2027_assinado_assinado_assinado.pdf
23:33:19 INFO     command: tesseract --psm 0 -l osd /tmp/tmpae1lyvu7.png stdout
23:33:20 INFO     command: tesseract -l por /tmp/tmpae1lyvu7.png stdout tsv
23:33:33 INFO     Finished converting document funai_anexo_de_entregas_repactuado_2026_2027_assinado_assinado_assinado.pdf in 14.96 sec.
23:33:33 INFO       pixel_budget (Docling) funai_anexo_de_entregas_repactuado_2026_2027_assinado_assinado_assinado.pdf: 49.8% (área tabelas/501212 px²)
23:33:33 INFO     [8/15] ✓ FUNAI     :   21 entregas | 15.0s | ETA ~4min
23:33:33 INFO     [9/15] → funai_ptd_2025_2027_docdiretivo_assinado-1_tarjado.pdf
23:33:33 INFO     detected formats: [<InputFormat.PDF: 'pdf'>]
23:33:33 INFO     Going to convert document batch...
23:33:33 INFO     Processing document funai_ptd_2025_2027_docdiretivo_assinado-1_tarjado.pdf
23:33:34 INFO     command: tesseract --psm 0 -l osd /tmp/tmpj68gdir7.png stdout
23:33:35 INFO     command: tesseract -l por /tmp/tmpj68gdir7.png stdout tsv
23:33:36 INFO     command: tesseract --psm 0 -l osd /tmp/tmpdvl5hffc.png stdout
23:33:37 INFO     command: tesseract -l por /tmp/tmpdvl5hffc.png stdout tsv
23:33:41 INFO     command: tesseract --psm 0 -l osd /tmp/tmptmd_c7lw.png stdout
23:33:42 INFO     command: tesseract -l por /tmp/tmptmd_c7lw.png stdout tsv
23:33:43 INFO     command: tesseract --psm 0 -l osd /tmp/tmpluikhaaj.png stdout
23:33:44 INFO     command: tesseract -l por /tmp/tmpluikhaaj.png stdout tsv
23:33:46 INFO     command: tesseract --psm 0 -l osd /tmp/tmpl1h1jmay.png stdout
23:33:47 INFO     command: tesseract -l por /tmp/tmpl1h1jmay.png stdout tsv
23:33:49 INFO     command: tesseract --psm 0 -l osd /tmp/tmp4a0ao40g.png stdout
23:33:50 INFO     command: tesseract -l por /tmp/tmp4a0ao40g.png stdout tsv
23:34:01 INFO     command: tesseract --psm 0 -l osd /tmp/tmpace66dbx.png stdout
23:34:02 INFO     command: tesseract -l por /tmp/tmpace66dbx.png stdout tsv
23:34:03 INFO     command: tesseract --psm 0 -l osd /tmp/tmpj7_r6pq2.png stdout
23:34:04 INFO     command: tesseract -l por /tmp/tmpj7_r6pq2.png stdout tsv
23:34:05 INFO     command: tesseract --psm 0 -l osd /tmp/tmp8qs8diw5.png stdout
23:34:06 INFO     command: tesseract -l por /tmp/tmp8qs8diw5.png stdout tsv
23:34:07 INFO     command: tesseract --psm 0 -l osd /tmp/tmp8bdorqhd.png stdout
23:34:09 INFO     command: tesseract -l por /tmp/tmp8bdorqhd.png stdout tsv
23:34:25 INFO     command: tesseract --psm 0 -l osd /tmp/tmpj7xw6vof.png stdout
23:34:26 INFO     command: tesseract -l por /tmp/tmpj7xw6vof.png stdout tsv
23:34:31 INFO     command: tesseract --psm 0 -l osd /tmp/tmp0iwbcd4i.png stdout
23:34:31 INFO     command: tesseract -l por /tmp/tmp0iwbcd4i.png stdout tsv
23:34:33 INFO     command: tesseract --psm 0 -l osd /tmp/tmpzdipwv5a.png stdout
23:34:34 INFO     command: tesseract -l por /tmp/tmpzdipwv5a.png stdout tsv
23:34:40 INFO     Finished converting document funai_ptd_2025_2027_docdiretivo_assinado-1_tarjado.pdf in 67.51 sec.
23:34:40 INFO       pixel_budget (Docling) funai_ptd_2025_2027_docdiretivo_assinado-1_tarjado.pdf: 16.4% (área tabelas/6515754 px²)
23:34:40 INFO     [9/15] ✓ FUNAI     :    8 entregas | 67.5s | ETA ~4min
23:34:40 INFO     [10/15] → incra_anexo_de_entregas_assinado-1_assinado_assinado-copia_tarjada.pdf
23:34:40 INFO     detected formats: [<InputFormat.PDF: 'pdf'>]
23:34:40 INFO     Going to convert document batch...
23:34:40 INFO     Processing document incra_anexo_de_entregas_assinado-1_assinado_assinado-copia_tarjada.pdf
23:34:41 INFO     command: tesseract --psm 0 -l osd /tmp/tmp18tynr84.png stdout
23:34:42 INFO     command: tesseract -l por /tmp/tmp18tynr84.png stdout tsv
23:34:45 INFO     command: tesseract --psm 0 -l osd /tmp/tmpbosa0pxk.png stdout
23:34:47 INFO     command: tesseract -l por /tmp/tmpbosa0pxk.png stdout tsv
23:34:53 INFO     command: tesseract --psm 0 -l osd /tmp/tmppng7hw6z.png stdout
23:34:54 INFO     command: tesseract -l por /tmp/tmppng7hw6z.png stdout tsv
23:34:56 INFO     command: tesseract --psm 0 -l osd /tmp/tmp4c2v0qt_.png stdout
23:34:57 INFO     command: tesseract -l por /tmp/tmp4c2v0qt_.png stdout tsv
23:35:00 INFO     command: tesseract --psm 0 -l osd /tmp/tmpkeom_umw.png stdout
23:35:00 INFO     command: tesseract -l por /tmp/tmpkeom_umw.png stdout tsv
23:36:30 INFO     Finished converting document incra_anexo_de_entregas_assinado-1_assinado_assinado-copia_tarjada.pdf in 109.88 sec.
23:36:30 INFO       pixel_budget (Docling) incra_anexo_de_entregas_assinado-1_assinado_assinado-copia_tarjada.pdf: 30.0% (área tabelas/2423520 px²)
23:36:30 INFO     [10/15] ✓ INCRA     :   10 entregas | 109.9s | ETA ~4min
23:36:30 INFO     [11/15] → incra_ptd_docdiretivo__assinado-1_assinado_assinado-copia_tarjada.pdf
23:36:30 INFO     detected formats: [<InputFormat.PDF: 'pdf'>]
23:36:30 INFO     Going to convert document batch...
23:36:30 INFO     Processing document incra_ptd_docdiretivo__assinado-1_assinado_assinado-copia_tarjada.pdf
23:36:32 INFO     command: tesseract --psm 0 -l osd /tmp/tmpmlnbsfhv.png stdout
23:36:32 INFO     command: tesseract -l por /tmp/tmpmlnbsfhv.png stdout tsv
23:36:34 INFO     command: tesseract --psm 0 -l osd /tmp/tmpx33b3g2v.png stdout
23:36:35 INFO     command: tesseract -l por /tmp/tmpx33b3g2v.png stdout tsv
23:36:41 INFO     command: tesseract --psm 0 -l osd /tmp/tmp3jmmn8mw.png stdout
23:36:41 INFO     command: tesseract -l por /tmp/tmp3jmmn8mw.png stdout tsv
23:36:43 INFO     command: tesseract --psm 0 -l osd /tmp/tmpxgrzcaa4.png stdout
23:36:44 INFO     command: tesseract -l por /tmp/tmpxgrzcaa4.png stdout tsv
23:36:46 INFO     command: tesseract --psm 0 -l osd /tmp/tmpedc_f0us.png stdout
23:36:47 INFO     command: tesseract -l por /tmp/tmpedc_f0us.png stdout tsv
23:36:49 INFO     command: tesseract --psm 0 -l osd /tmp/tmpak3k8e4r.png stdout
23:36:50 INFO     command: tesseract -l por /tmp/tmpak3k8e4r.png stdout tsv
23:37:06 INFO     command: tesseract --psm 0 -l osd /tmp/tmp3hkkqfzm.png stdout
23:37:07 INFO     command: tesseract -l por /tmp/tmp3hkkqfzm.png stdout tsv
23:37:08 INFO     command: tesseract --psm 0 -l osd /tmp/tmpt3ppamjm.png stdout
23:37:09 INFO     command: tesseract -l por /tmp/tmpt3ppamjm.png stdout tsv
23:37:10 INFO     command: tesseract --psm 0 -l osd /tmp/tmps3p_my5o.png stdout
23:37:11 INFO     command: tesseract -l por /tmp/tmps3p_my5o.png stdout tsv
23:37:13 INFO     command: tesseract --psm 0 -l osd /tmp/tmpfiaybrn2.png stdout
23:37:14 INFO     command: tesseract -l por /tmp/tmpfiaybrn2.png stdout tsv
23:37:20 INFO     command: tesseract --psm 0 -l osd /tmp/tmpzv67utnv.png stdout
23:37:20 INFO     command: tesseract -l por /tmp/tmpzv67utnv.png stdout tsv
23:37:31 INFO     command: tesseract --psm 0 -l osd /tmp/tmpbw4bn4pc.png stdout
23:37:32 INFO     command: tesseract -l por /tmp/tmpbw4bn4pc.png stdout tsv
23:37:34 INFO     command: tesseract --psm 0 -l osd /tmp/tmpx5m8vqbs.png stdout
23:37:35 INFO     command: tesseract -l por /tmp/tmpx5m8vqbs.png stdout tsv
23:37:42 INFO     Finished converting document incra_ptd_docdiretivo__assinado-1_assinado_assinado-copia_tarjada.pdf in 71.84 sec.
23:37:42 INFO       pixel_budget (Docling) incra_ptd_docdiretivo__assinado-1_assinado_assinado-copia_tarjada.pdf: 20.2% (área tabelas/6515754 px²)
23:37:42 INFO     [11/15] ✓ INCRA     :   11 entregas | 71.9s | ETA ~3min
23:37:42 INFO     [12/15] → iti_anexo_de_entregas_assinado.pdf
23:37:42 INFO     detected formats: [<InputFormat.PDF: 'pdf'>]
23:37:42 INFO     Going to convert document batch...
23:37:42 INFO     Processing document iti_anexo_de_entregas_assinado.pdf
23:37:43 INFO     command: tesseract --psm 0 -l osd /tmp/tmpon5jb92a.png stdout
23:37:44 INFO     command: tesseract -l por /tmp/tmpon5jb92a.png stdout tsv
23:38:00 INFO     Finished converting document iti_anexo_de_entregas_assinado.pdf in 17.34 sec.
23:38:00 INFO       pixel_budget (Docling) iti_anexo_de_entregas_assinado.pdf: 57.2% (área tabelas/501212 px²)
23:38:00 INFO     [12/15] ✓ ITI       :   31 entregas | 17.4s | ETA ~2min
23:38:00 INFO     [13/15] → iti_doc_diretivo_assinado-1_tarjado.pdf
23:38:00 INFO     detected formats: [<InputFormat.PDF: 'pdf'>]
23:38:00 INFO     Going to convert document batch...
23:38:00 INFO     Processing document iti_doc_diretivo_assinado-1_tarjado.pdf
23:38:00 INFO     command: tesseract --psm 0 -l osd /tmp/tmp3uic5z2p.png stdout
23:38:01 INFO     command: tesseract -l por /tmp/tmp3uic5z2p.png stdout tsv
23:38:03 INFO     command: tesseract --psm 0 -l osd /tmp/tmpnofi144w.png stdout
23:38:04 INFO     command: tesseract -l por /tmp/tmpnofi144w.png stdout tsv
23:38:08 INFO     command: tesseract --psm 0 -l osd /tmp/tmpbl_y14cv.png stdout
23:38:09 INFO     command: tesseract -l por /tmp/tmpbl_y14cv.png stdout tsv
23:38:11 INFO     command: tesseract --psm 0 -l osd /tmp/tmppx7_43ez.png stdout
23:38:11 INFO     command: tesseract -l por /tmp/tmppx7_43ez.png stdout tsv
23:38:13 INFO     command: tesseract --psm 0 -l osd /tmp/tmp4bt4960b.png stdout
23:38:14 INFO     command: tesseract -l por /tmp/tmp4bt4960b.png stdout tsv
23:38:16 INFO     command: tesseract --psm 0 -l osd /tmp/tmpycnykhpv.png stdout
23:38:17 INFO     command: tesseract -l por /tmp/tmpycnykhpv.png stdout tsv
23:38:32 INFO     command: tesseract --psm 0 -l osd /tmp/tmpg1uvgitb.png stdout
23:38:33 INFO     command: tesseract -l por /tmp/tmpg1uvgitb.png stdout tsv
23:38:35 INFO     command: tesseract --psm 0 -l osd /tmp/tmpiya9ffr6.png stdout
23:38:36 INFO     command: tesseract -l por /tmp/tmpiya9ffr6.png stdout tsv
23:38:38 INFO     command: tesseract --psm 0 -l osd /tmp/tmpgzbm38y1.png stdout
23:38:39 INFO     command: tesseract -l por /tmp/tmpgzbm38y1.png stdout tsv
23:38:41 INFO     command: tesseract --psm 0 -l osd /tmp/tmpmiweno57.png stdout
23:38:42 INFO     command: tesseract -l por /tmp/tmpmiweno57.png stdout tsv
23:38:50 INFO     command: tesseract --psm 0 -l osd /tmp/tmpe3otgv2z.png stdout
23:38:51 INFO     command: tesseract -l por /tmp/tmpe3otgv2z.png stdout tsv
23:38:57 INFO     Finished converting document iti_doc_diretivo_assinado-1_tarjado.pdf in 57.09 sec.
23:38:57 INFO       pixel_budget (Docling) iti_doc_diretivo_assinado-1_tarjado.pdf: 8.0% (área tabelas/5516339 px²)
23:38:57 INFO     [13/15] ✓ ITI       :    9 entregas | 57.1s | ETA ~1min
23:38:57 INFO     [14/15] → sgpr_ptd_2025_2027_anexo_de_entregas_assinado-copia_tarjada.pdf
23:38:57 INFO     detected formats: [<InputFormat.PDF: 'pdf'>]
23:38:57 INFO     Going to convert document batch...
23:38:57 INFO     Processing document sgpr_ptd_2025_2027_anexo_de_entregas_assinado-copia_tarjada.pdf
23:38:58 INFO     command: tesseract --psm 0 -l osd /tmp/tmp8w5m3k0p.png stdout
23:38:58 INFO     command: tesseract -l por /tmp/tmp8w5m3k0p.png stdout tsv
23:39:01 INFO     command: tesseract --psm 0 -l osd /tmp/tmp3xthdmkc.png stdout
23:39:02 INFO     command: tesseract -l por /tmp/tmp3xthdmkc.png stdout tsv
23:39:13 INFO     Finished converting document sgpr_ptd_2025_2027_anexo_de_entregas_assinado-copia_tarjada.pdf in 16.84 sec.
23:39:13 INFO       pixel_budget (Docling) sgpr_ptd_2025_2027_anexo_de_entregas_assinado-copia_tarjada.pdf: 29.5% (área tabelas/1002424 px²)
23:39:13 INFO     [14/15] ✓ SGPR      :   15 entregas | 16.9s | ETA ~48s
23:39:13 INFO     [15/15] → sgpr_ptd_2026_2027_docdiretivo_assinado-copia_tarjada.pdf
23:39:13 INFO     detected formats: [<InputFormat.PDF: 'pdf'>]
23:39:13 INFO     Going to convert document batch...
23:39:13 INFO     Processing document sgpr_ptd_2026_2027_docdiretivo_assinado-copia_tarjada.pdf
23:39:33 INFO     Finished converting document sgpr_ptd_2026_2027_docdiretivo_assinado-copia_tarjada.pdf in 19.76 sec.
23:39:33 INFO       pixel_budget (Docling) sgpr_ptd_2026_2027_docdiretivo_assinado-copia_tarjada.pdf: 8.2% (área tabelas/5513330 px²)
23:39:33 INFO     [15/15] ✓ SGPR      :    4 entregas | 19.8s | ETA ~0s
23:39:33 INFO     273 registros | 7 órgãos
23:39:33 INFO     ╔══════════════════════════════════════════════════════════════╗
23:39:33 INFO     ║                  ENTREGAS — fase concluída                   ║
23:39:33 INFO     ║  Processados: 15    |  ✓ 15  ⚠ 0                             ║
23:39:33 INFO     ║  Duração: 11.5 min                                           ║
23:39:33 INFO     ║  273 registros | 7 órgãos                                    ║
23:39:33 INFO     ╚══════════════════════════════════════════════════════════════╝
23:39:33 INFO     [1/7] → agu_ptd_2025_2027_docdiretivo_assinado_assinado_assinado-copia_tarjada.pdf
23:39:33 INFO     detected formats: [<InputFormat.PDF: 'pdf'>]
23:39:33 INFO     Going to convert document batch...
23:39:33 INFO     Processing document agu_ptd_2025_2027_docdiretivo_assinado_assinado_assinado-copia_tarjada.pdf
23:39:34 INFO     command: tesseract --psm 0 -l osd /tmp/tmp_uv8jlx1.png stdout
23:39:34 INFO     command: tesseract -l por /tmp/tmp_uv8jlx1.png stdout tsv
23:39:37 INFO     command: tesseract --psm 0 -l osd /tmp/tmp2g8q_fav.png stdout
23:39:38 INFO     command: tesseract -l por /tmp/tmp2g8q_fav.png stdout tsv
23:39:42 INFO     command: tesseract --psm 0 -l osd /tmp/tmpr5mn7juj.png stdout
23:39:43 INFO     command: tesseract -l por /tmp/tmpr5mn7juj.png stdout tsv
23:39:45 INFO     command: tesseract --psm 0 -l osd /tmp/tmp5pxhfgo8.png stdout
23:39:46 INFO     command: tesseract -l por /tmp/tmp5pxhfgo8.png stdout tsv
23:39:48 INFO     command: tesseract --psm 0 -l osd /tmp/tmp46l8ip14.png stdout
23:39:49 INFO     command: tesseract -l por /tmp/tmp46l8ip14.png stdout tsv
23:39:51 INFO     command: tesseract --psm 0 -l osd /tmp/tmprquf8qdz.png stdout
23:39:52 INFO     command: tesseract -l por /tmp/tmprquf8qdz.png stdout tsv
23:40:02 INFO     command: tesseract --psm 0 -l osd /tmp/tmp9r0v8r62.png stdout
23:40:03 INFO     command: tesseract -l por /tmp/tmp9r0v8r62.png stdout tsv
23:40:05 INFO     command: tesseract --psm 0 -l osd /tmp/tmp1llrmsot.png stdout
23:40:06 INFO     command: tesseract -l por /tmp/tmp1llrmsot.png stdout tsv
23:40:08 INFO     command: tesseract --psm 0 -l osd /tmp/tmp6f7dwotk.png stdout
23:40:09 INFO     command: tesseract -l por /tmp/tmp6f7dwotk.png stdout tsv
23:40:11 INFO     command: tesseract --psm 0 -l osd /tmp/tmpz6ie95ip.png stdout
23:40:13 INFO     command: tesseract -l por /tmp/tmpz6ie95ip.png stdout tsv
23:40:28 INFO     command: tesseract --psm 0 -l osd /tmp/tmpdi4y4qo_.png stdout
23:40:29 INFO     command: tesseract -l por /tmp/tmpdi4y4qo_.png stdout tsv
23:40:32 INFO     Finished converting document agu_ptd_2025_2027_docdiretivo_assinado_assinado_assinado-copia_tarjada.pdf in 59.05 sec.
23:40:32 INFO     [1/7] ✓ AGU       :   7 riscos | 59.1s | ETA ~5min
23:40:32 INFO     [2/7] → documento-diretivo-mcom-_-ptd-25_27-copia_tarjada.pdf
23:40:32 INFO     detected formats: [<InputFormat.PDF: 'pdf'>]
23:40:32 INFO     Going to convert document batch...
23:40:32 INFO     Processing document documento-diretivo-mcom-_-ptd-25_27-copia_tarjada.pdf
23:40:33 INFO     command: tesseract --psm 0 -l osd /tmp/tmpg5s990ii.png stdout
23:40:33 INFO     command: tesseract -l por /tmp/tmpg5s990ii.png stdout tsv
23:40:36 INFO     command: tesseract --psm 0 -l osd /tmp/tmpsjxy3ok4.png stdout
23:40:37 INFO     command: tesseract -l por /tmp/tmpsjxy3ok4.png stdout tsv
23:40:42 INFO     command: tesseract --psm 0 -l osd /tmp/tmpkoa6aayg.png stdout
23:40:42 INFO     command: tesseract -l por /tmp/tmpkoa6aayg.png stdout tsv
23:40:43 INFO     command: tesseract --psm 0 -l osd /tmp/tmpc3fllkh8.png stdout
23:40:44 INFO     command: tesseract -l por /tmp/tmpc3fllkh8.png stdout tsv
23:40:46 INFO     command: tesseract --psm 0 -l osd /tmp/tmpczs1vobr.png stdout
23:40:47 INFO     command: tesseract -l por /tmp/tmpczs1vobr.png stdout tsv
23:40:49 INFO     command: tesseract --psm 0 -l osd /tmp/tmp1l2b3tvo.png stdout
23:40:51 INFO     command: tesseract -l por /tmp/tmp1l2b3tvo.png stdout tsv
23:41:08 INFO     command: tesseract --psm 0 -l osd /tmp/tmp197a95ci.png stdout
23:41:09 INFO     command: tesseract -l por /tmp/tmp197a95ci.png stdout tsv
23:41:11 INFO     command: tesseract --psm 0 -l osd /tmp/tmp32xaqdiz.png stdout
23:41:12 INFO     command: tesseract -l por /tmp/tmp32xaqdiz.png stdout tsv
23:41:14 INFO     command: tesseract --psm 0 -l osd /tmp/tmprxz4ykvq.png stdout
23:41:15 INFO     command: tesseract -l por /tmp/tmprxz4ykvq.png stdout tsv
23:41:17 INFO     command: tesseract --psm 0 -l osd /tmp/tmp_5mskm3w.png stdout
23:41:18 INFO     command: tesseract -l por /tmp/tmp_5mskm3w.png stdout tsv
23:41:28 INFO     command: tesseract --psm 0 -l osd /tmp/tmpjhjch8gd.png stdout
23:41:29 INFO     command: tesseract -l por /tmp/tmpjhjch8gd.png stdout tsv
23:41:31 INFO     command: tesseract --psm 0 -l osd /tmp/tmpyz9wf92z.png stdout
23:41:32 INFO     command: tesseract -l por /tmp/tmpyz9wf92z.png stdout tsv
23:41:33 INFO     command: tesseract --psm 0 -l osd /tmp/tmph6gqk3bj.png stdout
23:41:34 INFO     command: tesseract -l por /tmp/tmph6gqk3bj.png stdout tsv
23:41:36 INFO     command: tesseract --psm 0 -l osd /tmp/tmp8498ehqp.png stdout
23:41:37 INFO     command: tesseract -l por /tmp/tmp8498ehqp.png stdout tsv
23:41:43 INFO     Finished converting document documento-diretivo-mcom-_-ptd-25_27-copia_tarjada.pdf in 70.46 sec.
23:41:43 INFO     [2/7] ✓ MCOM      :  14 riscos | 70.5s | ETA ~5min
23:41:43 INFO     [3/7] → fiocruz_novo-ptd_2-1_docdiretivo_repactuacao_2024-2026_assinado_assinado-copia_tarjada.pdf
23:41:43 INFO     detected formats: [<InputFormat.PDF: 'pdf'>]
23:41:43 INFO     Going to convert document batch...
23:41:43 INFO     Processing document fiocruz_novo-ptd_2-1_docdiretivo_repactuacao_2024-2026_assinado_assinado-copia_tarjada.pdf
23:42:00 INFO     Finished converting document fiocruz_novo-ptd_2-1_docdiretivo_repactuacao_2024-2026_assinado_assinado-copia_tarjada.pdf in 17.62 sec.
23:42:00 INFO     [3/7] ✓ FIOCRUZ   :   6 riscos | 17.6s | ETA ~3min
23:42:00 INFO     [4/7] → funai_ptd_2025_2027_docdiretivo_assinado-1_tarjado.pdf
23:42:00 INFO     detected formats: [<InputFormat.PDF: 'pdf'>]
23:42:00 INFO     Going to convert document batch...
23:42:00 INFO     Processing document funai_ptd_2025_2027_docdiretivo_assinado-1_tarjado.pdf
23:42:02 INFO     command: tesseract --psm 0 -l osd /tmp/tmp_dtie4de.png stdout
23:42:02 INFO     command: tesseract -l por /tmp/tmp_dtie4de.png stdout tsv
23:42:04 INFO     command: tesseract --psm 0 -l osd /tmp/tmpi_r7ef98.png stdout
23:42:05 INFO     command: tesseract -l por /tmp/tmpi_r7ef98.png stdout tsv
23:42:09 INFO     command: tesseract --psm 0 -l osd /tmp/tmpw204axku.png stdout
23:42:09 INFO     command: tesseract -l por /tmp/tmpw204axku.png stdout tsv
23:42:11 INFO     command: tesseract --psm 0 -l osd /tmp/tmp_nk1jd8j.png stdout
23:42:12 INFO     command: tesseract -l por /tmp/tmp_nk1jd8j.png stdout tsv
23:42:14 INFO     command: tesseract --psm 0 -l osd /tmp/tmpibzmijn5.png stdout
23:42:14 INFO     command: tesseract -l por /tmp/tmpibzmijn5.png stdout tsv
23:42:17 INFO     command: tesseract --psm 0 -l osd /tmp/tmpky7p8i4g.png stdout
23:42:18 INFO     command: tesseract -l por /tmp/tmpky7p8i4g.png stdout tsv
23:42:29 INFO     command: tesseract --psm 0 -l osd /tmp/tmp79c278ml.png stdout
23:42:29 INFO     command: tesseract -l por /tmp/tmp79c278ml.png stdout tsv
23:42:31 INFO     command: tesseract --psm 0 -l osd /tmp/tmpfyaq6mez.png stdout
23:42:31 INFO     command: tesseract -l por /tmp/tmpfyaq6mez.png stdout tsv
23:42:33 INFO     command: tesseract --psm 0 -l osd /tmp/tmp0lj69ovl.png stdout
23:42:33 INFO     command: tesseract -l por /tmp/tmp0lj69ovl.png stdout tsv
23:42:35 INFO     command: tesseract --psm 0 -l osd /tmp/tmp8iv8iyyx.png stdout
23:42:36 INFO     command: tesseract -l por /tmp/tmp8iv8iyyx.png stdout tsv
23:42:51 INFO     command: tesseract --psm 0 -l osd /tmp/tmpdc4khkpb.png stdout
23:42:52 INFO     command: tesseract -l por /tmp/tmpdc4khkpb.png stdout tsv
23:42:58 INFO     command: tesseract --psm 0 -l osd /tmp/tmprbz3hkn7.png stdout
23:42:58 INFO     command: tesseract -l por /tmp/tmprbz3hkn7.png stdout tsv
23:43:00 INFO     command: tesseract --psm 0 -l osd /tmp/tmpvyquqk60.png stdout
23:43:01 INFO     command: tesseract -l por /tmp/tmpvyquqk60.png stdout tsv
23:43:07 INFO     Finished converting document funai_ptd_2025_2027_docdiretivo_assinado-1_tarjado.pdf in 66.92 sec.
23:43:07 INFO     [4/7] ✓ FUNAI     :  15 riscos | 66.9s | ETA ~2min
23:43:07 INFO     [5/7] → incra_ptd_docdiretivo__assinado-1_assinado_assinado-copia_tarjada.pdf
23:43:07 INFO     detected formats: [<InputFormat.PDF: 'pdf'>]
23:43:07 INFO     Going to convert document batch...
23:43:07 INFO     Processing document incra_ptd_docdiretivo__assinado-1_assinado_assinado-copia_tarjada.pdf
23:43:09 INFO     command: tesseract --psm 0 -l osd /tmp/tmpxpcmaowz.png stdout
23:43:09 INFO     command: tesseract -l por /tmp/tmpxpcmaowz.png stdout tsv
23:43:11 INFO     command: tesseract --psm 0 -l osd /tmp/tmpdm8nnzjq.png stdout
23:43:12 INFO     command: tesseract -l por /tmp/tmpdm8nnzjq.png stdout tsv
23:43:19 INFO     command: tesseract --psm 0 -l osd /tmp/tmplg24nr88.png stdout
23:43:20 INFO     command: tesseract -l por /tmp/tmplg24nr88.png stdout tsv
23:43:22 INFO     command: tesseract --psm 0 -l osd /tmp/tmpx_slih34.png stdout
23:43:22 INFO     command: tesseract -l por /tmp/tmpx_slih34.png stdout tsv
23:43:24 INFO     command: tesseract --psm 0 -l osd /tmp/tmp19l67fm6.png stdout
23:43:25 INFO     command: tesseract -l por /tmp/tmp19l67fm6.png stdout tsv
23:43:27 INFO     command: tesseract --psm 0 -l osd /tmp/tmpphgdrjze.png stdout
23:43:28 INFO     command: tesseract -l por /tmp/tmpphgdrjze.png stdout tsv
23:43:43 INFO     command: tesseract --psm 0 -l osd /tmp/tmplqenub4m.png stdout
23:43:44 INFO     command: tesseract -l por /tmp/tmplqenub4m.png stdout tsv
23:43:45 INFO     command: tesseract --psm 0 -l osd /tmp/tmp52xive_7.png stdout
23:43:46 INFO     command: tesseract -l por /tmp/tmp52xive_7.png stdout tsv
23:43:48 INFO     command: tesseract --psm 0 -l osd /tmp/tmpt1c16z6d.png stdout
23:43:48 INFO     command: tesseract -l por /tmp/tmpt1c16z6d.png stdout tsv
23:43:51 INFO     command: tesseract --psm 0 -l osd /tmp/tmp76trqj_o.png stdout
23:43:52 INFO     command: tesseract -l por /tmp/tmp76trqj_o.png stdout tsv
23:43:58 INFO     command: tesseract --psm 0 -l osd /tmp/tmp6idqvp9o.png stdout
23:43:59 INFO     command: tesseract -l por /tmp/tmp6idqvp9o.png stdout tsv
23:44:02 INFO     command: tesseract --psm 0 -l osd /tmp/tmpd8eq24pt.png stdout
23:44:03 INFO     command: tesseract -l por /tmp/tmpd8eq24pt.png stdout tsv
23:44:09 INFO     command: tesseract --psm 0 -l osd /tmp/tmpigjjgyaq.png stdout
23:44:10 INFO     command: tesseract -l por /tmp/tmpigjjgyaq.png stdout tsv
23:44:18 INFO     Finished converting document incra_ptd_docdiretivo__assinado-1_assinado_assinado-copia_tarjada.pdf in 70.38 sec.
23:44:18 INFO     [5/7] ✓ INCRA     :  15 riscos | 70.4s | ETA ~1min
23:44:18 INFO     [6/7] → iti_doc_diretivo_assinado-1_tarjado.pdf
23:44:18 INFO     detected formats: [<InputFormat.PDF: 'pdf'>]
23:44:18 INFO     Going to convert document batch...
23:44:18 INFO     Processing document iti_doc_diretivo_assinado-1_tarjado.pdf
23:44:18 INFO     command: tesseract --psm 0 -l osd /tmp/tmpgubvi8q1.png stdout
23:44:19 INFO     command: tesseract -l por /tmp/tmpgubvi8q1.png stdout tsv
23:44:21 INFO     command: tesseract --psm 0 -l osd /tmp/tmpl5n6bdqi.png stdout
23:44:22 INFO     command: tesseract -l por /tmp/tmpl5n6bdqi.png stdout tsv
23:44:25 INFO     command: tesseract --psm 0 -l osd /tmp/tmps6m17kjx.png stdout
23:44:26 INFO     command: tesseract -l por /tmp/tmps6m17kjx.png stdout tsv
23:44:28 INFO     command: tesseract --psm 0 -l osd /tmp/tmpwirss76f.png stdout
23:44:29 INFO     command: tesseract -l por /tmp/tmpwirss76f.png stdout tsv
23:44:30 INFO     command: tesseract --psm 0 -l osd /tmp/tmppu1p8qi7.png stdout
23:44:31 INFO     command: tesseract -l por /tmp/tmppu1p8qi7.png stdout tsv
23:44:33 INFO     command: tesseract --psm 0 -l osd /tmp/tmpclyg72pm.png stdout
23:44:34 INFO     command: tesseract -l por /tmp/tmpclyg72pm.png stdout tsv
23:44:46 INFO     command: tesseract --psm 0 -l osd /tmp/tmpwv5ma6ws.png stdout
23:44:47 INFO     command: tesseract -l por /tmp/tmpwv5ma6ws.png stdout tsv
23:44:50 INFO     command: tesseract --psm 0 -l osd /tmp/tmp2as38vas.png stdout
23:44:50 INFO     command: tesseract -l por /tmp/tmp2as38vas.png stdout tsv
23:44:53 INFO     command: tesseract --psm 0 -l osd /tmp/tmp3xf58c76.png stdout
23:44:53 INFO     command: tesseract -l por /tmp/tmp3xf58c76.png stdout tsv
23:44:55 INFO     command: tesseract --psm 0 -l osd /tmp/tmpbuupr1fd.png stdout
23:44:57 INFO     command: tesseract -l por /tmp/tmpbuupr1fd.png stdout tsv
23:45:02 INFO     command: tesseract --psm 0 -l osd /tmp/tmpbnwvkh4x.png stdout
23:45:03 INFO     command: tesseract -l por /tmp/tmpbnwvkh4x.png stdout tsv
23:45:12 INFO     Finished converting document iti_doc_diretivo_assinado-1_tarjado.pdf in 54.39 sec.
23:45:12 INFO     [6/7] ✓ ITI       :  14 riscos | 54.4s | ETA ~56s
23:45:12 INFO     [7/7] → sgpr_ptd_2026_2027_docdiretivo_assinado-copia_tarjada.pdf
23:45:12 INFO     detected formats: [<InputFormat.PDF: 'pdf'>]
23:45:12 INFO     Going to convert document batch...
23:45:12 INFO     Processing document sgpr_ptd_2026_2027_docdiretivo_assinado-copia_tarjada.pdf
23:45:32 INFO     Finished converting document sgpr_ptd_2026_2027_docdiretivo_assinado-copia_tarjada.pdf in 19.66 sec.
23:45:32 INFO     [7/7] ✓ SGPR      :  10 riscos | 19.7s | ETA ~0s
23:45:32 INFO     ╔══════════════════════════════════════════════════════════════╗
23:45:32 INFO     ║                   RISCOS — fase concluída                    ║
23:45:32 INFO     ║  Processados: 7     |  ✓ 7  ⚠ 0                              ║
23:45:32 INFO     ║  Duração: 6.0 min                                            ║
23:45:32 INFO     ║  81 riscos | 7 órgãos                                        ║
23:45:32 INFO     ╚══════════════════════════════════════════════════════════════╝
23:45:32 INFO     81 riscos | 0 ações | 135 relações
23:45:32 INFO     ptd_corpus_raw                     : 273 linhas
23:45:32 INFO     ptd_pivot_eixos                    : 7 linhas
23:45:35 INFO     ptd_datas_assinatura               : 132 linhas
23:45:35 INFO     ptd_riscos                         : 81 linhas
23:45:35 INFO     ptd_riscos_acoes                   : 135 linhas
23:45:35 INFO     Manifesto salvo: pipeline_manifest.json | SHA-256 de 132 PDFs
23:45:35 INFO     ==================================================
23:45:35 INFO     PTD-BR v3.0-melhorado — PIPELINE CONCLUÍDO
23:45:35 INFO     ==================================================
23:45:35 INFO     ptd_corpus_raw.csv                        167 KB
23:45:35 INFO     ptd_pivot_eixos.csv                         0 KB
23:45:35 INFO     ptd_datas_assinatura.csv                    9 KB
23:45:35 INFO     ptd_riscos.csv                             23 KB
23:45:35 INFO     ptd_riscos_acoes.csv                        2 KB
23:45:35 INFO     proveniencia.json                           0 KB
23:45:35 INFO     pipeline_manifest.json                     21 KB
23:45:35 INFO     📦 Artefatos: https://github.com/freirelucas/teste/actions/runs/24055953266
23:45:35 INFO     ==================================================
