00:58:52 INFO     Docling disponível
00:58:52 WARNING  OCR fallback indisponível (IndentationError: unexpected indent (ptd_ocr_fallback.py, line 45))
00:58:53 INFO     Ignorado (guia/template/norma): ABNT-NBR-17225-Acessibilidade-Digital.pdf
00:58:53 INFO     Ignorado (guia/template/norma): cgrep-guia10passos-ptd-orgao.pdf
00:58:53 INFO     Ignorado (guia/template/norma): ABNT-NBR-17225-Acessibilidade-Digital.pdf
00:58:53 INFO     Scraping: 132 PDFs únicos | entregas: 68 | diretivos: 61
00:58:53 INFO     Baixando 132 PDFs únicos...
00:58:55 INFO     ✓ [  1/132] abin_ptd_anexo_de_entregas_assinado_pelo_orgao_ass   293.3KB
00:58:59 INFO     ✓ [  2/132] aeb_ptd_2025_2027_docdiretivo_aprovado_assinado-1_  1033.7KB
00:59:01 INFO     ✓ [  3/132] aeb_ptd_2025_2027_anexo_de_entregas_aprovado_assin   154.5KB
00:59:08 INFO     ✓ [  4/132] agu_ptd_2025_2027_docdiretivo_assinado_assinado_as  2860.3KB
00:59:11 INFO     ✓ [  5/132] agu_ptd_2025_2027_anexo_de_entregas_assinado_assin   525.5KB
00:59:14 INFO     ✓ [  6/132] ana_ptd_2025_2027_docdiretivo_assinado_assinado_as   477.2KB
00:59:16 INFO     ✓ [  7/132] ana_ptd_2025_2027_anexoentregas_assinado_assinado_   170.9KB
00:59:20 INFO     ✓ [  8/132] anac_ptd_2025_2026_docdiretivo_se_assinado_tarjado  1036.3KB
00:59:22 INFO     ✓ [  9/132] anac_ptd_2025_2026_anexo_de_entregas_se_assinado.p   215.2KB
00:59:26 INFO     ✓ [ 10/132] anatel_ptd_docdiretivo_assinado_2025_2026_assinado  1006.0KB
00:59:28 INFO     ✓ [ 11/132] anatel_ptd_2025_2026_anexo_de_entregas_do_ptd_publ    71.9KB
00:59:32 INFO     ✓ [ 12/132] ancine_ptd_2024_2026_docdiretivo_assinado-2_assina   961.8KB
00:59:35 INFO     ✓ [ 13/132] ancine_ptd_2024_2026_-_anexo_de_entregas_aprovado_   613.2KB
00:59:38 INFO     ✓ [ 14/132] ptd_aneel_2025-2027_docdiretivo_assinado_tarjado.p   779.6KB
00:59:41 INFO     ✓ [ 15/132] ptd_aneel_2025-2027_anexo_de_entregas_assinado.pdf   111.9KB
00:59:44 INFO     ✓ [ 16/132] anm_ptd_2025_2027_docdiretivo_assinadopeloorgao_ta  1092.5KB
00:59:48 INFO     ✓ [ 17/132] anm_ptd_2025_2027_anexo_entregas_assinadopeloorgao  1140.4KB
00:59:52 INFO     ✓ [ 18/132] anpd_ptd_2025_2027_docdiretivo_assinado_assinado_a  1044.3KB
00:59:54 INFO     ✓ [ 19/132] anpd_ptd_2025_2027_anexo_de_entregas_assinado_assi   166.5KB
00:59:58 INFO     ✓ [ 20/132] ans-plano_de_transformacao_digital_assinado-copia_  1023.4KB
01:00:00 INFO     ✓ [ 21/132] ans_ptd_2025_2026_anexo_de_entregas_assinado_assin   124.1KB
01:00:04 INFO     ✓ [ 22/132] antaq_ptd_2025_2027_docdiretivo_assinado_assinado_  1039.8KB
01:00:06 INFO     ✓ [ 23/132] antaq_ptd_2025_2027_anexoentregas_assinado_assinad   145.1KB
01:00:09 INFO     ✓ [ 24/132] mt_anexo_de_entregas_-_assinado_assinado_assinado_   143.6KB
01:00:19 INFO     ✓ [ 25/132] anvisa_ptd_docdiretivo_2025-2026_assinado_assinado  5771.2KB
01:00:22 INFO     ✓ [ 26/132] anvisa_ptd_anexo_de_entregas_2025_2026_assinado_as   239.0KB
01:00:25 INFO     ✓ [ 27/132] bcb_documento_diretivo_assinado_assinado_assinado-   713.7KB
01:00:27 INFO     ✓ [ 28/132] bcb_anexo_de_entregas_ptd_25_26-1_assinado_assinad   134.8KB
01:00:30 INFO     ✓ [ 29/132] cade_ptd_docdiretivo_2025_2026_assinado-2_assinado   810.4KB
01:00:33 INFO     ✓ [ 30/132] cade_ptd_anexo_de_entregas_2025_2026_assinado_copi   504.0KB
01:00:37 INFO     ✓ [ 31/132] mec_ptd_docdiretivo_2025-2026_sei_mec-5566673_copi   863.1KB
01:00:40 INFO     ✓ [ 32/132] mec_ptd_anexo-de-entregas_sei_mec-5576401_copia_ta   495.7KB
01:00:44 INFO     ✓ [ 33/132] mec_ptd_docdiretivo-versao-comunicacao_copia_tarja  1616.5KB
01:00:47 INFO     ✓ [ 34/132] md_ptd_2026_2027_anexo_de_entregas_assinado_assina   579.4KB
01:00:50 INFO     ✓ [ 35/132] md_ptd_2026_2027_anexo_de_entregas_assinado_assina   186.8KB
01:00:53 INFO     ✓ [ 36/132] md_ptd_temp_copia_tarjada.pdf                        741.9KB
01:00:57 INFO     ✓ [ 37/132] cgu_ptd_docdiretivo_assinado_assinado_assinado-cop  1085.4KB
01:01:00 INFO     ✓ [ 38/132] cgu_ptd_anexo_de_entregas_pactuadas_assinado_assin   514.1KB
01:01:02 INFO     ✓ [ 39/132] cnpq_ptd_2025_2027_docdiretivo_assinado_assinado_a   342.9KB
01:01:05 INFO     ✓ [ 40/132] cnpq_ptd_2025_2027_anexo_de_entregas_assinado_assi   136.1KB
01:01:09 INFO     ✓ [ 41/132] coaf_ptd_2025_2026_documento_diretivo_assinado_ass  1068.0KB
01:01:15 INFO     ✓ [ 42/132] coaf_ptd_2025_2026_anexo_de_entregas-2_assinado_as  3184.5KB
01:01:23 INFO     ✓ [ 43/132] ptd_midr-docdiretivo_aprovado_assinado_tarjado.pdf  3864.1KB
01:01:27 INFO     ✓ [ 44/132] ptd_midr_-_anexo_de_entregas_-_aprovado_assinado.p  1122.0KB
01:01:30 INFO     ✓ [ 45/132] mda-documento-diretivo-assinado_ptd-2025-207-copia   955.8KB
01:01:33 INFO     ✓ [ 46/132] cvm_ptd_2025_2027_docdiretivo_assinado_assinado_as   270.5KB
01:01:36 INFO     ✓ [ 47/132] cvm_ptd_2025_2027_anexoentregas_assinado_assinado_   409.0KB
01:01:39 INFO     ✓ [ 48/132] dnocs_ptd_doc_diretivo_2025_2026_assinado_orgao-2_   891.1KB
01:01:42 INFO     ✓ [ 49/132] dnocs_anexo_de_entregas_repactuado_2025_2026_assin   272.3KB
01:01:48 INFO     ✓ [ 50/132] fbn_ptd_2025_2027_docdiretivo_assinado-1_tarjado.p  2921.6KB
01:01:51 INFO     ✓ [ 51/132] fbn_ptd_2025_2027_anexo_de_entregas_assinado-1.pdf   162.3KB
01:01:55 INFO     ✓ [ 52/132] fcp_ptd_2025_2027_docdiretivo_assinado-1_tarjado.p  1612.0KB
01:01:57 INFO     ✓ [ 53/132] fcp_ptd_2025_2027_anexo_de_entregas_assinado-1.pdf   118.8KB
01:02:01 INFO     ✓ [ 54/132] fcrb_ptd_2025_2026_docdiretivo_aprovado_assinado-1   998.2KB
01:02:04 INFO     ✓ [ 55/132] fcrb_ptd_2025_2026_anexo_de_entregas_aprovado_assi   313.5KB
01:02:08 INFO     ✓ [ 56/132] fiocruz_novo-ptd_2-1_docdiretivo_repactuacao_2024-  1318.1KB
01:02:10 INFO     ✓ [ 57/132] fiocruz_ptd_anexo_de_entregas_assinado_v1_assinado   257.1KB
01:02:15 INFO     ✓ [ 58/132] fiocruz-ptd-06_2024-copia_tarjada.pdf               1693.8KB
01:02:19 INFO     ✓ [ 59/132] funai_ptd_2025_2027_docdiretivo_assinado-1_tarjado  1842.1KB
01:02:22 INFO     ✓ [ 60/132] funai_anexo_de_entregas_repactuado_2026_2027_assin   435.7KB
01:02:26 INFO     ✓ [ 61/132] funarte_ptd_docdiretivo_assinado_21_01_2025_assina   965.7KB
01:02:29 INFO     ✓ [ 62/132] funarte_ptd_anexo_de_entregas_assinado_v1_assinado   683.6KB
01:02:33 INFO     ✓ [ 63/132] fundacentro_ptd_2025_2027_docdiretivo_assinado_ass   826.6KB
01:02:36 INFO     ✓ [ 64/132] fundacentro_ptd_2025_2027_anexo_de_entregas_assina   635.5KB
01:02:40 INFO     ✓ [ 65/132] mma_ptd_docdiretivo_assinado_2025_2026-1_assinado_   949.3KB
01:02:42 INFO     ✓ [ 66/132] mma_ptd_anexo_de_entregas_aprovado_final_assinado_   174.8KB
01:02:46 INFO     ✓ [ 67/132] ibge_docdiretivo_2025_assinado_assinado_assinado-c  1167.3KB
01:02:48 INFO     ✓ [ 68/132] ibge_ptd_25_26_anexo_de_entregas_modelo_v2-1_assin   143.7KB
01:03:00 INFO     ✓ [ 69/132] incra_ptd_docdiretivo__assinado-1_assinado_assinad  7182.0KB
01:03:05 INFO     ✓ [ 70/132] incra_anexo_de_entregas_assinado-1_assinado_assina  1818.6KB
01:03:12 INFO     ✓ [ 71/132] inpi_ptd_docdiretivo_assinado_2025_2026_assinado_a  3322.4KB
01:03:18 INFO     ✓ [ 72/132] inpi_ptd_anexo_de_entregas_assinado_v1_assinado_as  3078.1KB
01:03:22 INFO     ✓ [ 73/132] inss_ptd_2025_2027_docdiretivo-assinado-copia_tarj  1173.3KB
01:03:24 INFO     ✓ [ 74/132] inss_ptd_2025_2027_anexo_de_entregas-assinado-copi   110.8KB
01:03:28 INFO     ✓ [ 75/132] iphan_ptd_docdiretivo_assinado_2025_2026_assinado_   885.7KB
01:03:31 INFO     ✓ [ 76/132] iphan_ptd_anexo_de_entregas_assinado_v1_assinado_a   310.9KB
01:03:40 INFO     ✓ [ 77/132] iti_doc_diretivo_assinado-1_tarjado.pdf             4905.1KB
01:03:43 INFO     ✓ [ 78/132] iti_anexo_de_entregas_assinado.pdf                   556.4KB
01:03:47 INFO     ✓ [ 79/132] mapa_ptd_2025_2027_docdiretivo_assinado-1_tarjado.  1740.9KB
01:03:50 INFO     ✓ [ 80/132] mapa_ptd_2025_2027_anexo_de_entregas_assinado-1.pd   261.9KB
01:03:59 INFO     ✓ [ 81/132] documento-diretivo-mcom-_-ptd-25_27-copia_tarjada.  4451.9KB
01:04:02 INFO     ✓ [ 82/132] anexo-de-entregas-mcom_ptd-25_27-copia_tarjada.pdf  1213.8KB
01:04:09 INFO     ✓ [ 83/132] ptd_21_24_mcom-copia_tarjada.pdf                    3040.7KB
01:04:12 INFO     ✓ [ 84/132] mcti_ptd_2025-2027_docdiretivo_assinado-copia_tarj  1030.7KB
01:04:14 INFO     ✓ [ 85/132] mcti_ptd_2025-2027_anexo-de-entregas_assinado-copi   145.8KB
01:04:17 INFO     ✓ [ 86/132] mda-anexo-entregas-assinado_ptd-2025-2027-copia-ta   284.6KB
01:04:20 INFO     ✓ [ 87/132] mdhc_ptd_2025_2027_docdiretivo_assinado_assinado_a   753.4KB
01:04:23 INFO     ✓ [ 88/132] mdhc_ptd_2025_2027_anexoentregas_assinado_assinado   186.8KB
01:04:25 INFO     ✓ [ 89/132] mdic_ptd_anexo_de_entregas_assinado_v1_assinado_as   176.6KB
01:04:29 INFO     ✓ [ 90/132] memp_ptd_2025_2026_docdiretivo_assinado_assinado_a  1030.1KB
01:04:32 INFO     ✓ [ 91/132] memp_ptd_2025_2026_anexo_de_entregas_assinado_assi   161.5KB
01:04:36 INFO     ✓ [ 92/132] mesp_ptd_2025_2027_docdiretivo_assinado_assinado_2  1147.7KB
01:04:38 INFO     ✓ [ 93/132] mesp_ptd_2025_2027_anexo_de_entregas_assinado_assi   226.6KB
01:04:42 INFO     ✓ [ 94/132] mf_ptd_2026_2027_documentodiretivo_assinado_assina   955.1KB
01:04:44 INFO     ✓ [ 95/132] mf_ptd_2026_2027_anexo_de_entregas_1_mf_se_assinad   241.2KB
01:04:47 INFO     ✓ [ 96/132] mgi_ptd_2025_2027_docdiretivo_assinado_assinado_as   375.2KB
01:04:50 INFO     ✓ [ 97/132] mgi_ptd_2025_2027_anexo_de_entregas_assinado_assin   256.1KB
01:04:53 INFO     ✓ [ 98/132] minc_ptd_2025_2027_docdiretivo_assinado-1_assinado   863.6KB
01:04:56 INFO     ✓ [ 99/132] minc_ptd_2025_2027_anexo_de_entregas_assinado-1_as   276.7KB
01:04:59 INFO     ✓ [100/132] mjsp_ptd_docdiretivo_assinado_2025_2026_assinado_a   954.0KB
01:05:02 INFO     ✓ [101/132] mjsp_ptd_anexo_de_entregas_assinado_v1_assinado_as   253.9KB
01:05:05 INFO     ✓ [102/132] mme_ptd_2025_2027_docdiretivo_assinado-copia_tarja   664.5KB
01:05:07 INFO     ✓ [103/132] mme_ptd_2025_2027_anexo_de_entregas_assinado__1_-c   111.1KB
01:05:11 INFO     ✓ [104/132] mmulheres_ptd_2025_2027_docdiretivo_assinado_assin  1078.3KB
01:05:14 INFO     ✓ [105/132] mmulheres_ptd_2025_2027_anexo_de_entregas_assinado   216.9KB
01:05:17 INFO     ✓ [106/132] mpi_ptd_2025_2027_docdiretivo_ministerio_dos_povos   947.9KB
01:05:20 INFO     ✓ [107/132] mpi_ptd_anexo_de_entregas_do_plano_de_tranformacao   191.9KB
01:05:23 INFO     ✓ [108/132] mpo_ptd_docdiretivo_assinado_2025_2026_assinado_as   806.3KB
01:05:26 INFO     ✓ [109/132] mpo_ptd_anexo_de_entregas_assinado_v1_assinado_ass   323.2KB
01:05:29 INFO     ✓ [110/132] mpor_ptd_2025_2027_docdiretivo_assinado_assinado_a   876.5KB
01:05:32 INFO     ✓ [111/132] mpor_ptd_2025_2027_anexo_de_entregas_assinado_assi   175.1KB
01:05:36 INFO     ✓ [112/132] mps_ptd_2025-2026_docdiretivo_final_assinado-1_ass  1024.4KB
01:05:38 INFO     ✓ [113/132] mps_ptd_2025-2026_anexo_de_entregas_final_assinado   165.0KB
01:05:41 INFO     ✓ [114/132] mre_ptd_docdiretivo_assinado_2025_2026_assinado_as   760.9KB
01:05:44 INFO     ✓ [115/132] mre_ptd_anexo_de_entregas_assinado_v1_assinado_ass   233.2KB
01:05:47 INFO     ✓ [116/132] mte_ptd_2025_2026_docdiretivo_assinado_assinado_as   729.6KB
01:05:50 INFO     ✓ [117/132] mte_ptd_anexo_de_entregas_assinado_v1__281_29_assi   459.5KB
01:05:54 INFO     ✓ [118/132] mtur_ptd_docdiretiv_assinado_30_01_2025_assinado_a  1050.4KB
01:05:56 INFO     ✓ [119/132] mtur_ptd_anexo_de_entregas_assinado_30_01_2025_ass   118.8KB
01:06:00 INFO     ✓ [120/132] pf_ptd_docdiretivo_2025_2027_assinado-copia_tarjad   964.3KB
01:06:02 INFO     ✓ [121/132] pf_ptd_anexo_de_entregas_2025_2027_assinado-copia_    62.5KB
01:06:05 INFO     ✓ [122/132] mf_ptd_2026_2027_anexo_de_entregas_4_mf_pgfn_assin   466.8KB
01:06:17 INFO     ✓ [123/132] previc_plano_de_transformacao_digital_2025_2026_29  6652.7KB
01:06:19 INFO     ✓ [124/132] previc_ptd_repactuacao_2025-2026_assinado_assinado   182.9KB
01:06:22 INFO     ✓ [125/132] prf_documentodiretivo_ptd_2026-2027_assinado_tarja   535.9KB
01:06:25 INFO     ✓ [126/132] prf_anexo_de_entregas_do_ptd__2026_2027___ptd___en   157.7KB
01:06:27 INFO     ✓ [127/132] mf_ptd_2026_2027_anexo_de_entregas_2_mf_rfb_assina   253.7KB
01:06:31 INFO     ✓ [128/132] sgpr_ptd_2026_2027_docdiretivo_assinado-copia_tarj   791.2KB
01:06:35 INFO     ✓ [129/132] sgpr_ptd_2025_2027_anexo_de_entregas_assinado-copi   897.9KB
01:06:37 INFO     ✓ [130/132] mf_ptd_2026_2027_anexo_de_entregas_3_mf_stn_assina   467.8KB
01:06:41 INFO     ✓ [131/132] susep_ptd_2025_2027_docdiretivo-assinado-copia_tar  1030.1KB
01:06:44 INFO     ✓ [132/132] susep_ptd_2025-2026_anexo_de_entregas_final_assina   221.9KB
01:06:45 INFO     132 OK | 0 erros | 123.3 MB total
01:06:51 INFO     Sanity: 132 PDFs | 113 texto | 19 imagem/OCR | 0 duplicatas
01:06:51 INFO     --siglas (debug): 15 PDFs de ['AGU', 'FIOCRUZ', 'FUNAI', 'FUNDACENTRO', 'INCRA', 'ITI', 'MCOM', 'SGPR']
01:06:51 INFO     DocumentConverter instanciado (singleton × 2: plain + OCR)
01:06:51 INFO     [1/15] → agu_ptd_2025_2027_anexo_de_entregas_assinado_assinado_assinado-copia_tarjada.pdf
01:06:51 INFO     detected formats: [<InputFormat.PDF: 'pdf'>]
01:06:51 INFO     Going to convert document batch...
01:06:51 INFO     Initializing pipeline for StandardPdfPipeline with options hash bc6794697da537796efc497178f9263f
01:06:51 INFO     Loading plugin 'docling_defaults'
01:06:51 INFO     Registered picture descriptions: ['picture_description_vlm_engine', 'vlm', 'api']
01:06:51 INFO     Loading plugin 'docling_defaults'
01:06:51 INFO     Registered ocr engines: ['auto', 'easyocr', 'kserve_v2_ocr', 'ocrmac', 'rapidocr', 'tesserocr', 'tesseract']
01:06:51 INFO     command: tesseract --list-langs
01:06:51 INFO     Loading plugin 'docling_defaults'
01:06:51 INFO     Registered layout engines: ['layout_object_detection', 'docling_layout_default', 'docling_experimental_table_crops_layout']
01:06:51 INFO     Accelerator device: 'cpu'
01:06:51 INFO     HTTP Request: GET https://huggingface.co/api/models/docling-project/docling-layout-heron/revision/main "HTTP/1.1 200 OK"
01:06:51 INFO     HTTP Request: HEAD https://huggingface.co/docling-project/docling-layout-heron/resolve/8f39ad3c0b4c58e9c2d2c84a38465abf757272d8/.gitattributes "HTTP/1.1 307 Temporary Redirect"
01:06:51 INFO     HTTP Request: HEAD https://huggingface.co/api/resolve-cache/models/docling-project/docling-layout-heron/8f39ad3c0b4c58e9c2d2c84a38465abf757272d8/.gitattributes "HTTP/1.1 200 OK"
01:06:51 INFO     HTTP Request: HEAD https://huggingface.co/docling-project/docling-layout-heron/resolve/8f39ad3c0b4c58e9c2d2c84a38465abf757272d8/docling_heron_400.png "HTTP/1.1 307 Temporary Redirect"
01:06:51 INFO     HTTP Request: HEAD https://huggingface.co/docling-project/docling-layout-heron/resolve/8f39ad3c0b4c58e9c2d2c84a38465abf757272d8/README.md "HTTP/1.1 307 Temporary Redirect"
01:06:51 INFO     HTTP Request: HEAD https://huggingface.co/docling-project/docling-layout-heron/resolve/8f39ad3c0b4c58e9c2d2c84a38465abf757272d8/model.safetensors "HTTP/1.1 302 Found"
01:06:51 WARNING  Warning: You are sending unauthenticated requests to the HF Hub. Please set a HF_TOKEN to enable higher rate limits and faster downloads.
01:06:51 INFO     HTTP Request: HEAD https://huggingface.co/docling-project/docling-layout-heron/resolve/8f39ad3c0b4c58e9c2d2c84a38465abf757272d8/preprocessor_config.json "HTTP/1.1 307 Temporary Redirect"
01:06:51 INFO     HTTP Request: HEAD https://huggingface.co/docling-project/docling-layout-heron/resolve/8f39ad3c0b4c58e9c2d2c84a38465abf757272d8/config.json "HTTP/1.1 307 Temporary Redirect"
01:06:51 INFO     HTTP Request: GET https://huggingface.co/api/resolve-cache/models/docling-project/docling-layout-heron/8f39ad3c0b4c58e9c2d2c84a38465abf757272d8/.gitattributes "HTTP/1.1 200 OK"
01:06:51 INFO     HTTP Request: HEAD https://huggingface.co/api/resolve-cache/models/docling-project/docling-layout-heron/8f39ad3c0b4c58e9c2d2c84a38465abf757272d8/docling_heron_400.png "HTTP/1.1 200 OK"
01:06:51 INFO     HTTP Request: HEAD https://huggingface.co/api/resolve-cache/models/docling-project/docling-layout-heron/8f39ad3c0b4c58e9c2d2c84a38465abf757272d8/README.md "HTTP/1.1 200 OK"
01:06:51 INFO     HTTP Request: HEAD https://huggingface.co/api/resolve-cache/models/docling-project/docling-layout-heron/8f39ad3c0b4c58e9c2d2c84a38465abf757272d8/preprocessor_config.json "HTTP/1.1 200 OK"
01:06:51 INFO     HTTP Request: HEAD https://huggingface.co/api/resolve-cache/models/docling-project/docling-layout-heron/8f39ad3c0b4c58e9c2d2c84a38465abf757272d8/config.json "HTTP/1.1 200 OK"
01:06:51 INFO     HTTP Request: GET https://huggingface.co/api/resolve-cache/models/docling-project/docling-layout-heron/8f39ad3c0b4c58e9c2d2c84a38465abf757272d8/README.md "HTTP/1.1 200 OK"
01:06:51 INFO     HTTP Request: GET https://huggingface.co/api/resolve-cache/models/docling-project/docling-layout-heron/8f39ad3c0b4c58e9c2d2c84a38465abf757272d8/docling_heron_400.png "HTTP/1.1 200 OK"
01:06:51 INFO     HTTP Request: GET https://huggingface.co/api/resolve-cache/models/docling-project/docling-layout-heron/8f39ad3c0b4c58e9c2d2c84a38465abf757272d8/preprocessor_config.json "HTTP/1.1 200 OK"
01:06:51 INFO     HTTP Request: GET https://huggingface.co/api/resolve-cache/models/docling-project/docling-layout-heron/8f39ad3c0b4c58e9c2d2c84a38465abf757272d8/config.json "HTTP/1.1 200 OK"
01:06:51 INFO     HTTP Request: GET https://huggingface.co/api/models/docling-project/docling-layout-heron/xet-read-token/8f39ad3c0b4c58e9c2d2c84a38465abf757272d8 "HTTP/1.1 200 OK"
01:06:53 INFO     Loading plugin 'docling_defaults'
01:06:53 INFO     Registered table structure engines: ['docling_tableformer', 'docling_tableformer_v2']
01:06:54 INFO     HTTP Request: GET https://huggingface.co/api/models/docling-project/docling-models/revision/v2.3.0 "HTTP/1.1 200 OK"
01:06:54 INFO     HTTP Request: HEAD https://huggingface.co/docling-project/docling-models/resolve/fc0f2d45e2218ea24bce5045f58a389aed16dc23/.gitattributes "HTTP/1.1 307 Temporary Redirect"
01:06:54 INFO     HTTP Request: HEAD https://huggingface.co/docling-project/docling-models/resolve/fc0f2d45e2218ea24bce5045f58a389aed16dc23/README.md "HTTP/1.1 307 Temporary Redirect"
01:06:54 INFO     HTTP Request: HEAD https://huggingface.co/docling-project/docling-models/resolve/fc0f2d45e2218ea24bce5045f58a389aed16dc23/.gitignore "HTTP/1.1 307 Temporary Redirect"
01:06:54 INFO     HTTP Request: HEAD https://huggingface.co/docling-project/docling-models/resolve/fc0f2d45e2218ea24bce5045f58a389aed16dc23/model_artifacts/tableformer/accurate/tableformer_accurate.safetensors "HTTP/1.1 302 Found"
01:06:54 INFO     HTTP Request: HEAD https://huggingface.co/docling-project/docling-models/resolve/fc0f2d45e2218ea24bce5045f58a389aed16dc23/model_artifacts/tableformer/accurate/tm_config.json "HTTP/1.1 307 Temporary Redirect"
01:06:54 INFO     HTTP Request: HEAD https://huggingface.co/docling-project/docling-models/resolve/fc0f2d45e2218ea24bce5045f58a389aed16dc23/config.json "HTTP/1.1 307 Temporary Redirect"
01:06:54 INFO     HTTP Request: HEAD https://huggingface.co/api/resolve-cache/models/docling-project/docling-models/fc0f2d45e2218ea24bce5045f58a389aed16dc23/.gitattributes "HTTP/1.1 200 OK"
01:06:54 INFO     HTTP Request: HEAD https://huggingface.co/api/resolve-cache/models/docling-project/docling-models/fc0f2d45e2218ea24bce5045f58a389aed16dc23/README.md "HTTP/1.1 200 OK"
01:06:54 INFO     HTTP Request: HEAD https://huggingface.co/api/resolve-cache/models/docling-project/docling-models/fc0f2d45e2218ea24bce5045f58a389aed16dc23/.gitignore "HTTP/1.1 200 OK"
01:06:54 INFO     HTTP Request: HEAD https://huggingface.co/api/resolve-cache/models/docling-project/docling-models/fc0f2d45e2218ea24bce5045f58a389aed16dc23/model_artifacts%2Ftableformer%2Faccurate%2Ftm_config.json "HTTP/1.1 200 OK"
01:06:54 INFO     HTTP Request: HEAD https://huggingface.co/api/resolve-cache/models/docling-project/docling-models/fc0f2d45e2218ea24bce5045f58a389aed16dc23/config.json "HTTP/1.1 200 OK"
01:06:54 INFO     HTTP Request: GET https://huggingface.co/api/resolve-cache/models/docling-project/docling-models/fc0f2d45e2218ea24bce5045f58a389aed16dc23/.gitattributes "HTTP/1.1 200 OK"
01:06:54 INFO     HTTP Request: HEAD https://huggingface.co/docling-project/docling-models/resolve/fc0f2d45e2218ea24bce5045f58a389aed16dc23/model_artifacts/tableformer/fast/tableformer_fast.safetensors "HTTP/1.1 302 Found"
01:06:54 INFO     HTTP Request: HEAD https://huggingface.co/docling-project/docling-models/resolve/fc0f2d45e2218ea24bce5045f58a389aed16dc23/model_artifacts/tableformer/fast/tm_config.json "HTTP/1.1 307 Temporary Redirect"
01:06:54 INFO     HTTP Request: GET https://huggingface.co/api/resolve-cache/models/docling-project/docling-models/fc0f2d45e2218ea24bce5045f58a389aed16dc23/README.md "HTTP/1.1 200 OK"
01:06:54 INFO     HTTP Request: GET https://huggingface.co/api/resolve-cache/models/docling-project/docling-models/fc0f2d45e2218ea24bce5045f58a389aed16dc23/.gitignore "HTTP/1.1 200 OK"
01:06:54 INFO     HTTP Request: GET https://huggingface.co/api/resolve-cache/models/docling-project/docling-models/fc0f2d45e2218ea24bce5045f58a389aed16dc23/config.json "HTTP/1.1 200 OK"
01:06:54 INFO     HTTP Request: GET https://huggingface.co/api/resolve-cache/models/docling-project/docling-models/fc0f2d45e2218ea24bce5045f58a389aed16dc23/model_artifacts%2Ftableformer%2Faccurate%2Ftm_config.json "HTTP/1.1 200 OK"
01:06:54 INFO     HTTP Request: HEAD https://huggingface.co/api/resolve-cache/models/docling-project/docling-models/fc0f2d45e2218ea24bce5045f58a389aed16dc23/model_artifacts%2Ftableformer%2Ffast%2Ftm_config.json "HTTP/1.1 200 OK"
01:06:54 INFO     HTTP Request: GET https://huggingface.co/api/models/docling-project/docling-models/xet-read-token/fc0f2d45e2218ea24bce5045f58a389aed16dc23 "HTTP/1.1 200 OK"
01:06:54 INFO     HTTP Request: GET https://huggingface.co/api/resolve-cache/models/docling-project/docling-models/fc0f2d45e2218ea24bce5045f58a389aed16dc23/model_artifacts%2Ftableformer%2Ffast%2Ftm_config.json "HTTP/1.1 200 OK"
01:06:54 INFO     HTTP Request: GET https://huggingface.co/api/models/docling-project/docling-models/xet-read-token/fc0f2d45e2218ea24bce5045f58a389aed16dc23 "HTTP/1.1 200 OK"
01:06:55 INFO     Accelerator device: 'cpu'
01:06:55 INFO     Processing document agu_ptd_2025_2027_anexo_de_entregas_assinado_assinado_assinado-copia_tarjada.pdf
01:06:56 INFO     command: tesseract --psm 0 -l osd /tmp/tmp0v1yz3pm.png stdout
01:06:57 INFO     command: tesseract -l por /tmp/tmp0v1yz3pm.png stdout tsv
01:07:00 INFO     command: tesseract --psm 0 -l osd /tmp/tmp9ie4699i.png stdout
01:07:01 INFO     command: tesseract -l por /tmp/tmp9ie4699i.png stdout tsv
01:07:19 INFO     Finished converting document agu_ptd_2025_2027_anexo_de_entregas_assinado_assinado_assinado-copia_tarjada.pdf in 28.39 sec.
01:07:19 INFO       pixel_budget (Docling) agu_ptd_2025_2027_anexo_de_entregas_assinado_assinado_assinado-copia_tarjada.pdf: 45.8% (área tabelas/1001817 px²)
01:07:19 INFO     [1/15] ✓ AGU       :   33 entregas | 28.4s | ETA ~6min
01:07:19 INFO     [2/15] → agu_ptd_2025_2027_docdiretivo_assinado_assinado_assinado-copia_tarjada.pdf
01:07:19 INFO     detected formats: [<InputFormat.PDF: 'pdf'>]
01:07:19 INFO     Going to convert document batch...
01:07:19 INFO     Processing document agu_ptd_2025_2027_docdiretivo_assinado_assinado_assinado-copia_tarjada.pdf
01:07:20 INFO     command: tesseract --psm 0 -l osd /tmp/tmpc6rhvij_.png stdout
01:07:20 INFO     command: tesseract -l por /tmp/tmpc6rhvij_.png stdout tsv
01:07:23 INFO     command: tesseract --psm 0 -l osd /tmp/tmpd_16j9rc.png stdout
01:07:24 INFO     command: tesseract -l por /tmp/tmpd_16j9rc.png stdout tsv
01:07:26 INFO     command: tesseract --psm 0 -l osd /tmp/tmpmxc9zzhr.png stdout
01:07:27 INFO     command: tesseract -l por /tmp/tmpmxc9zzhr.png stdout tsv
01:07:29 INFO     command: tesseract --psm 0 -l osd /tmp/tmpjynppvlk.png stdout
01:07:30 INFO     command: tesseract -l por /tmp/tmpjynppvlk.png stdout tsv
01:07:32 INFO     command: tesseract --psm 0 -l osd /tmp/tmpg4flb02o.png stdout
01:07:33 INFO     command: tesseract -l por /tmp/tmpg4flb02o.png stdout tsv
01:07:35 INFO     command: tesseract --psm 0 -l osd /tmp/tmp_6kxoc3d.png stdout
01:07:37 INFO     command: tesseract -l por /tmp/tmp_6kxoc3d.png stdout tsv
01:07:47 INFO     command: tesseract --psm 0 -l osd /tmp/tmpeu24eblg.png stdout
01:07:48 INFO     command: tesseract -l por /tmp/tmpeu24eblg.png stdout tsv
01:07:50 INFO     command: tesseract --psm 0 -l osd /tmp/tmp83w6enqv.png stdout
01:07:51 INFO     command: tesseract -l por /tmp/tmp83w6enqv.png stdout tsv
01:07:53 INFO     command: tesseract --psm 0 -l osd /tmp/tmp3jquu0jh.png stdout
01:07:54 INFO     command: tesseract -l por /tmp/tmp3jquu0jh.png stdout tsv
01:07:56 INFO     command: tesseract --psm 0 -l osd /tmp/tmppfs9n4y4.png stdout
01:07:58 INFO     command: tesseract -l por /tmp/tmppfs9n4y4.png stdout tsv
01:08:11 INFO     command: tesseract --psm 0 -l osd /tmp/tmp3b27ey_7.png stdout
01:08:12 INFO     command: tesseract -l por /tmp/tmp3b27ey_7.png stdout tsv
01:08:16 INFO     Finished converting document agu_ptd_2025_2027_docdiretivo_assinado_assinado_assinado-copia_tarjada.pdf in 56.39 sec.
01:08:16 INFO       pixel_budget (Docling) agu_ptd_2025_2027_docdiretivo_assinado_assinado_assinado-copia_tarjada.pdf: 2.1% (área tabelas/5513330 px²)
01:08:16 INFO     [2/15] ✓ AGU       :    6 entregas | 56.4s | ETA ~9min
01:08:16 INFO     [3/15] → anexo-de-entregas-mcom_ptd-25_27-copia_tarjada.pdf
01:08:16 INFO     detected formats: [<InputFormat.PDF: 'pdf'>]
01:08:16 INFO     Going to convert document batch...
01:08:16 INFO     Processing document anexo-de-entregas-mcom_ptd-25_27-copia_tarjada.pdf
01:08:17 INFO     command: tesseract --psm 0 -l osd /tmp/tmpfnaq54rl.png stdout
01:08:18 INFO     command: tesseract -l por /tmp/tmpfnaq54rl.png stdout tsv
01:08:20 INFO     command: tesseract --psm 0 -l osd /tmp/tmpe7vc6g75.png stdout
01:08:22 INFO     command: tesseract -l por /tmp/tmpe7vc6g75.png stdout tsv
01:08:36 INFO     command: tesseract --psm 0 -l osd /tmp/tmpghwx6uos.png stdout
01:08:37 INFO     command: tesseract -l por /tmp/tmpghwx6uos.png stdout tsv
01:08:57 INFO     Finished converting document anexo-de-entregas-mcom_ptd-25_27-copia_tarjada.pdf in 41.45 sec.
01:08:57 INFO       pixel_budget (Docling) anexo-de-entregas-mcom_ptd-25_27-copia_tarjada.pdf: 55.2% (área tabelas/1503636 px²)
01:08:57 INFO     [3/15] ✓ MCOM      :   55 entregas | 41.5s | ETA ~8min
01:08:57 INFO     [4/15] → documento-diretivo-mcom-_-ptd-25_27-copia_tarjada.pdf
01:08:57 INFO     detected formats: [<InputFormat.PDF: 'pdf'>]
01:08:57 INFO     Going to convert document batch...
01:08:57 INFO     Processing document documento-diretivo-mcom-_-ptd-25_27-copia_tarjada.pdf
01:08:58 INFO     command: tesseract --psm 0 -l osd /tmp/tmpzan2afsz.png stdout
01:08:58 INFO     command: tesseract -l por /tmp/tmpzan2afsz.png stdout tsv
01:09:00 INFO     command: tesseract --psm 0 -l osd /tmp/tmpo_rhc4hm.png stdout
01:09:02 INFO     command: tesseract -l por /tmp/tmpo_rhc4hm.png stdout tsv
01:09:07 INFO     command: tesseract --psm 0 -l osd /tmp/tmp9qvf5bar.png stdout
01:09:08 INFO     command: tesseract -l por /tmp/tmp9qvf5bar.png stdout tsv
01:09:09 INFO     command: tesseract --psm 0 -l osd /tmp/tmp2qi2_bn4.png stdout
01:09:10 INFO     command: tesseract -l por /tmp/tmp2qi2_bn4.png stdout tsv
01:09:12 INFO     command: tesseract --psm 0 -l osd /tmp/tmpjv022v_y.png stdout
01:09:13 INFO     command: tesseract -l por /tmp/tmpjv022v_y.png stdout tsv
01:09:15 INFO     command: tesseract --psm 0 -l osd /tmp/tmppesfo8ot.png stdout
01:09:17 INFO     command: tesseract -l por /tmp/tmppesfo8ot.png stdout tsv
01:09:32 INFO     command: tesseract --psm 0 -l osd /tmp/tmpjyrr3fhx.png stdout
01:09:33 INFO     command: tesseract -l por /tmp/tmpjyrr3fhx.png stdout tsv
01:09:34 INFO     command: tesseract --psm 0 -l osd /tmp/tmp_91djub5.png stdout
01:09:35 INFO     command: tesseract -l por /tmp/tmp_91djub5.png stdout tsv
01:09:38 INFO     command: tesseract --psm 0 -l osd /tmp/tmpiz8qte9f.png stdout
01:09:38 INFO     command: tesseract -l por /tmp/tmpiz8qte9f.png stdout tsv
01:09:40 INFO     command: tesseract --psm 0 -l osd /tmp/tmp4bkf406_.png stdout
01:09:42 INFO     command: tesseract -l por /tmp/tmp4bkf406_.png stdout tsv
01:09:51 INFO     command: tesseract --psm 0 -l osd /tmp/tmpjauexc69.png stdout
01:09:52 INFO     command: tesseract -l por /tmp/tmpjauexc69.png stdout tsv
01:09:54 INFO     command: tesseract --psm 0 -l osd /tmp/tmpc71od5l3.png stdout
01:09:55 INFO     command: tesseract -l por /tmp/tmpc71od5l3.png stdout tsv
01:09:57 INFO     command: tesseract --psm 0 -l osd /tmp/tmpz8vk7rkk.png stdout
01:09:58 INFO     command: tesseract -l por /tmp/tmpz8vk7rkk.png stdout tsv
01:10:00 INFO     command: tesseract --psm 0 -l osd /tmp/tmpj1_lrie8.png stdout
01:10:01 INFO     command: tesseract -l por /tmp/tmpj1_lrie8.png stdout tsv
01:10:08 INFO     Finished converting document documento-diretivo-mcom-_-ptd-25_27-copia_tarjada.pdf in 70.51 sec.
01:10:08 INFO       pixel_budget (Docling) documento-diretivo-mcom-_-ptd-25_27-copia_tarjada.pdf: 10.8% (área tabelas/7016966 px²)
01:10:08 INFO     [4/15] ✓ MCOM      :    3 entregas | 70.5s | ETA ~9min
01:10:08 INFO     [5/15] → fiocruz-ptd-06_2024-copia_tarjada.pdf
01:10:08 INFO     detected formats: [<InputFormat.PDF: 'pdf'>]
01:10:08 INFO     Going to convert document batch...
01:10:08 INFO     Initializing pipeline for StandardPdfPipeline with options hash d18651824ca6fe56cf3ccb20424ac2c8
01:10:08 INFO     Accelerator device: 'cpu'
01:10:08 INFO     HTTP Request: GET https://huggingface.co/api/models/docling-project/docling-layout-heron/revision/main "HTTP/1.1 200 OK"
01:10:09 INFO     HTTP Request: GET https://huggingface.co/api/models/docling-project/docling-models/revision/v2.3.0 "HTTP/1.1 200 OK"
01:10:09 INFO     Accelerator device: 'cpu'
01:10:09 INFO     Processing document fiocruz-ptd-06_2024-copia_tarjada.pdf
01:11:18 INFO     Finished converting document fiocruz-ptd-06_2024-copia_tarjada.pdf in 70.30 sec.
01:11:18 INFO       pixel_budget (Docling) fiocruz-ptd-06_2024-copia_tarjada.pdf: 36.4% (área tabelas/7518178 px²)
01:11:18 INFO     [5/15] ✓ FIOCRUZ   :    1 entregas | 70.3s | ETA ~8min
01:11:18 INFO     [6/15] → fiocruz_novo-ptd_2-1_docdiretivo_repactuacao_2024-2026_assinado_assinado-copia_tarjada.pdf
01:11:18 INFO     detected formats: [<InputFormat.PDF: 'pdf'>]
01:11:18 INFO     Going to convert document batch...
01:11:18 INFO     Processing document fiocruz_novo-ptd_2-1_docdiretivo_repactuacao_2024-2026_assinado_assinado-copia_tarjada.pdf
01:11:36 INFO     Finished converting document fiocruz_novo-ptd_2-1_docdiretivo_repactuacao_2024-2026_assinado_assinado-copia_tarjada.pdf in 18.26 sec.
01:11:36 INFO       pixel_budget (Docling) fiocruz_novo-ptd_2-1_docdiretivo_repactuacao_2024-2026_assinado_assinado-copia_tarjada.pdf: 11.3% (área tabelas/5012118 px²)
01:11:36 INFO     [6/15] ✓ FIOCRUZ   :    5 entregas | 18.3s | ETA ~7min
01:11:36 INFO     [7/15] → fiocruz_ptd_anexo_de_entregas_assinado_v1_assinado_assinado-1-copia_tarjada.pdf
01:11:36 INFO     detected formats: [<InputFormat.PDF: 'pdf'>]
01:11:36 INFO     Going to convert document batch...
01:11:36 INFO     Processing document fiocruz_ptd_anexo_de_entregas_assinado_v1_assinado_assinado-1-copia_tarjada.pdf
01:12:09 INFO     Finished converting document fiocruz_ptd_anexo_de_entregas_assinado_v1_assinado_assinado-1-copia_tarjada.pdf in 32.49 sec.
01:12:09 INFO       pixel_budget (Docling) fiocruz_ptd_anexo_de_entregas_assinado_v1_assinado_assinado-1-copia_tarjada.pdf: 54.7% (área tabelas/2004847 px²)
01:12:09 INFO     [7/15] ✓ FIOCRUZ   :   61 entregas | 32.5s | ETA ~6min
01:12:09 INFO     [8/15] → funai_anexo_de_entregas_repactuado_2026_2027_assinado_assinado_assinado.pdf
01:12:09 INFO     detected formats: [<InputFormat.PDF: 'pdf'>]
01:12:09 INFO     Going to convert document batch...
01:12:09 INFO     Processing document funai_anexo_de_entregas_repactuado_2026_2027_assinado_assinado_assinado.pdf
01:12:10 INFO     command: tesseract --psm 0 -l osd /tmp/tmphafjfodw.png stdout
01:12:10 INFO     command: tesseract -l por /tmp/tmphafjfodw.png stdout tsv
01:12:24 INFO     Finished converting document funai_anexo_de_entregas_repactuado_2026_2027_assinado_assinado_assinado.pdf in 15.41 sec.
01:12:24 INFO       pixel_budget (Docling) funai_anexo_de_entregas_repactuado_2026_2027_assinado_assinado_assinado.pdf: 49.8% (área tabelas/501212 px²)
01:12:24 INFO     [8/15] ✓ FUNAI     :   21 entregas | 15.4s | ETA ~4min
01:12:24 INFO     [9/15] → funai_ptd_2025_2027_docdiretivo_assinado-1_tarjado.pdf
01:12:24 INFO     detected formats: [<InputFormat.PDF: 'pdf'>]
01:12:24 INFO     Going to convert document batch...
01:12:24 INFO     Processing document funai_ptd_2025_2027_docdiretivo_assinado-1_tarjado.pdf
01:12:26 INFO     command: tesseract --psm 0 -l osd /tmp/tmp58_41jnn.png stdout
01:12:26 INFO     command: tesseract -l por /tmp/tmp58_41jnn.png stdout tsv
01:12:28 INFO     command: tesseract --psm 0 -l osd /tmp/tmp9fjyajp9.png stdout
01:12:29 INFO     command: tesseract -l por /tmp/tmp9fjyajp9.png stdout tsv
01:12:32 INFO     command: tesseract --psm 0 -l osd /tmp/tmptkxqxhog.png stdout
01:12:33 INFO     command: tesseract -l por /tmp/tmptkxqxhog.png stdout tsv
01:12:35 INFO     command: tesseract --psm 0 -l osd /tmp/tmp6tcwcszi.png stdout
01:12:35 INFO     command: tesseract -l por /tmp/tmp6tcwcszi.png stdout tsv
01:12:37 INFO     command: tesseract --psm 0 -l osd /tmp/tmpoh_l5xml.png stdout
01:12:38 INFO     command: tesseract -l por /tmp/tmpoh_l5xml.png stdout tsv
01:12:40 INFO     command: tesseract --psm 0 -l osd /tmp/tmp_9dxhlk9.png stdout
01:12:42 INFO     command: tesseract -l por /tmp/tmp_9dxhlk9.png stdout tsv
01:12:52 INFO     command: tesseract --psm 0 -l osd /tmp/tmp_ncxlrna.png stdout
01:12:52 INFO     command: tesseract -l por /tmp/tmp_ncxlrna.png stdout tsv
01:12:54 INFO     command: tesseract --psm 0 -l osd /tmp/tmp9_0s7m2e.png stdout
01:12:54 INFO     command: tesseract -l por /tmp/tmp9_0s7m2e.png stdout tsv
01:12:56 INFO     command: tesseract --psm 0 -l osd /tmp/tmp997won4y.png stdout
01:12:57 INFO     command: tesseract -l por /tmp/tmp997won4y.png stdout tsv
01:12:58 INFO     command: tesseract --psm 0 -l osd /tmp/tmpi8o88u4k.png stdout
01:13:00 INFO     command: tesseract -l por /tmp/tmpi8o88u4k.png stdout tsv
01:13:18 INFO     command: tesseract --psm 0 -l osd /tmp/tmpu8c519s1.png stdout
01:13:19 INFO     command: tesseract -l por /tmp/tmpu8c519s1.png stdout tsv
01:13:21 INFO     command: tesseract --psm 0 -l osd /tmp/tmpmlsb7d4i.png stdout
01:13:22 INFO     command: tesseract -l por /tmp/tmpmlsb7d4i.png stdout tsv
01:13:24 INFO     command: tesseract --psm 0 -l osd /tmp/tmpo1qxkb3y.png stdout
01:13:25 INFO     command: tesseract -l por /tmp/tmpo1qxkb3y.png stdout tsv
01:13:31 INFO     Finished converting document funai_ptd_2025_2027_docdiretivo_assinado-1_tarjado.pdf in 67.07 sec.
01:13:31 INFO       pixel_budget (Docling) funai_ptd_2025_2027_docdiretivo_assinado-1_tarjado.pdf: 16.4% (área tabelas/6515754 px²)
01:13:31 INFO     [9/15] ✓ FUNAI     :    8 entregas | 67.1s | ETA ~4min
01:13:31 INFO     [10/15] → incra_anexo_de_entregas_assinado-1_assinado_assinado-copia_tarjada.pdf
01:13:31 INFO     detected formats: [<InputFormat.PDF: 'pdf'>]
01:13:31 INFO     Going to convert document batch...
01:13:31 INFO     Processing document incra_anexo_de_entregas_assinado-1_assinado_assinado-copia_tarjada.pdf
01:13:32 INFO     command: tesseract --psm 0 -l osd /tmp/tmp8l6sibgi.png stdout
01:13:33 INFO     command: tesseract -l por /tmp/tmp8l6sibgi.png stdout tsv
01:13:36 INFO     command: tesseract --psm 0 -l osd /tmp/tmpxi7cvkdh.png stdout
01:13:38 INFO     command: tesseract -l por /tmp/tmpxi7cvkdh.png stdout tsv
01:13:48 INFO     command: tesseract --psm 0 -l osd /tmp/tmpu5k4ckbx.png stdout
01:13:49 INFO     command: tesseract -l por /tmp/tmpu5k4ckbx.png stdout tsv
01:13:50 INFO     command: tesseract --psm 0 -l osd /tmp/tmpxeoopl52.png stdout
01:13:51 INFO     command: tesseract -l por /tmp/tmpxeoopl52.png stdout tsv
01:13:53 INFO     command: tesseract --psm 0 -l osd /tmp/tmpx1csmg3o.png stdout
01:13:54 INFO     command: tesseract -l por /tmp/tmpx1csmg3o.png stdout tsv
01:15:26 INFO     Finished converting document incra_anexo_de_entregas_assinado-1_assinado_assinado-copia_tarjada.pdf in 114.23 sec.
01:15:26 INFO       pixel_budget (Docling) incra_anexo_de_entregas_assinado-1_assinado_assinado-copia_tarjada.pdf: 30.0% (área tabelas/2423520 px²)
01:15:26 INFO     [10/15] ✓ INCRA     :   10 entregas | 114.2s | ETA ~4min
01:15:26 INFO     [11/15] → incra_ptd_docdiretivo__assinado-1_assinado_assinado-copia_tarjada.pdf
01:15:26 INFO     detected formats: [<InputFormat.PDF: 'pdf'>]
01:15:26 INFO     Going to convert document batch...
01:15:26 INFO     Processing document incra_ptd_docdiretivo__assinado-1_assinado_assinado-copia_tarjada.pdf
01:15:27 INFO     command: tesseract --psm 0 -l osd /tmp/tmpetunzr1f.png stdout
01:15:27 INFO     command: tesseract -l por /tmp/tmpetunzr1f.png stdout tsv
01:15:30 INFO     command: tesseract --psm 0 -l osd /tmp/tmp5l76y9di.png stdout
01:15:31 INFO     command: tesseract -l por /tmp/tmp5l76y9di.png stdout tsv
01:15:37 INFO     command: tesseract --psm 0 -l osd /tmp/tmpsxhp6yg8.png stdout
01:15:38 INFO     command: tesseract -l por /tmp/tmpsxhp6yg8.png stdout tsv
01:15:40 INFO     command: tesseract --psm 0 -l osd /tmp/tmpoxipw6s9.png stdout
01:15:41 INFO     command: tesseract -l por /tmp/tmpoxipw6s9.png stdout tsv
01:15:42 INFO     command: tesseract --psm 0 -l osd /tmp/tmpe3r640j2.png stdout
01:15:43 INFO     command: tesseract -l por /tmp/tmpe3r640j2.png stdout tsv
01:15:45 INFO     command: tesseract --psm 0 -l osd /tmp/tmp0_ol8pc6.png stdout
01:15:46 INFO     command: tesseract -l por /tmp/tmp0_ol8pc6.png stdout tsv
01:16:04 INFO     command: tesseract --psm 0 -l osd /tmp/tmpxmj9oke2.png stdout
01:16:05 INFO     command: tesseract -l por /tmp/tmpxmj9oke2.png stdout tsv
01:16:06 INFO     command: tesseract --psm 0 -l osd /tmp/tmpjdkpfwcn.png stdout
01:16:07 INFO     command: tesseract -l por /tmp/tmpjdkpfwcn.png stdout tsv
01:16:09 INFO     command: tesseract --psm 0 -l osd /tmp/tmp5l28ig6j.png stdout
01:16:10 INFO     command: tesseract -l por /tmp/tmp5l28ig6j.png stdout tsv
01:16:12 INFO     command: tesseract --psm 0 -l osd /tmp/tmpxezudapm.png stdout
01:16:13 INFO     command: tesseract -l por /tmp/tmpxezudapm.png stdout tsv
01:16:19 INFO     command: tesseract --psm 0 -l osd /tmp/tmpnd98o76h.png stdout
01:16:20 INFO     command: tesseract -l por /tmp/tmpnd98o76h.png stdout tsv
01:16:22 INFO     command: tesseract --psm 0 -l osd /tmp/tmp5jr3801o.png stdout
01:16:23 INFO     command: tesseract -l por /tmp/tmp5jr3801o.png stdout tsv
01:16:31 INFO     command: tesseract --psm 0 -l osd /tmp/tmpulbdi9w_.png stdout
01:16:32 INFO     command: tesseract -l por /tmp/tmpulbdi9w_.png stdout tsv
01:16:40 INFO     Finished converting document incra_ptd_docdiretivo__assinado-1_assinado_assinado-copia_tarjada.pdf in 74.06 sec.
01:16:40 INFO       pixel_budget (Docling) incra_ptd_docdiretivo__assinado-1_assinado_assinado-copia_tarjada.pdf: 20.2% (área tabelas/6515754 px²)
01:16:40 INFO     [11/15] ✓ INCRA     :   11 entregas | 74.1s | ETA ~3min
01:16:40 INFO     [12/15] → iti_anexo_de_entregas_assinado.pdf
01:16:40 INFO     detected formats: [<InputFormat.PDF: 'pdf'>]
01:16:40 INFO     Going to convert document batch...
01:16:40 INFO     Processing document iti_anexo_de_entregas_assinado.pdf
01:16:40 INFO     command: tesseract --psm 0 -l osd /tmp/tmp11d0ay7u.png stdout
01:16:41 INFO     command: tesseract -l por /tmp/tmp11d0ay7u.png stdout tsv
01:16:57 INFO     Finished converting document iti_anexo_de_entregas_assinado.pdf in 17.43 sec.
01:16:57 INFO       pixel_budget (Docling) iti_anexo_de_entregas_assinado.pdf: 57.2% (área tabelas/501212 px²)
01:16:57 INFO     [12/15] ✓ ITI       :   31 entregas | 17.4s | ETA ~2min
01:16:57 INFO     [13/15] → iti_doc_diretivo_assinado-1_tarjado.pdf
01:16:57 INFO     detected formats: [<InputFormat.PDF: 'pdf'>]
01:16:57 INFO     Going to convert document batch...
01:16:57 INFO     Processing document iti_doc_diretivo_assinado-1_tarjado.pdf
01:16:58 INFO     command: tesseract --psm 0 -l osd /tmp/tmpnko9cd7m.png stdout
01:16:58 INFO     command: tesseract -l por /tmp/tmpnko9cd7m.png stdout tsv
01:17:01 INFO     command: tesseract --psm 0 -l osd /tmp/tmphh962h90.png stdout
01:17:02 INFO     command: tesseract -l por /tmp/tmphh962h90.png stdout tsv
01:17:06 INFO     command: tesseract --psm 0 -l osd /tmp/tmptr58st32.png stdout
01:17:07 INFO     command: tesseract -l por /tmp/tmptr58st32.png stdout tsv
01:17:09 INFO     command: tesseract --psm 0 -l osd /tmp/tmpgg5lxclo.png stdout
01:17:09 INFO     command: tesseract -l por /tmp/tmpgg5lxclo.png stdout tsv
01:17:11 INFO     command: tesseract --psm 0 -l osd /tmp/tmps9_eqj9s.png stdout
01:17:12 INFO     command: tesseract -l por /tmp/tmps9_eqj9s.png stdout tsv
01:17:14 INFO     command: tesseract --psm 0 -l osd /tmp/tmp9d28eqbj.png stdout
01:17:15 INFO     command: tesseract -l por /tmp/tmp9d28eqbj.png stdout tsv
01:17:33 INFO     command: tesseract --psm 0 -l osd /tmp/tmpl3zmnz33.png stdout
01:17:33 INFO     command: tesseract -l por /tmp/tmpl3zmnz33.png stdout tsv
01:17:36 INFO     command: tesseract --psm 0 -l osd /tmp/tmpkqpronke.png stdout
01:17:36 INFO     command: tesseract -l por /tmp/tmpkqpronke.png stdout tsv
01:17:39 INFO     command: tesseract --psm 0 -l osd /tmp/tmph4hoetec.png stdout
01:17:39 INFO     command: tesseract -l por /tmp/tmph4hoetec.png stdout tsv
01:17:41 INFO     command: tesseract --psm 0 -l osd /tmp/tmptmxkl5_9.png stdout
01:17:43 INFO     command: tesseract -l por /tmp/tmptmxkl5_9.png stdout tsv
01:17:52 INFO     command: tesseract --psm 0 -l osd /tmp/tmpzpyc9xnd.png stdout
01:17:53 INFO     command: tesseract -l por /tmp/tmpzpyc9xnd.png stdout tsv
01:17:58 INFO     Finished converting document iti_doc_diretivo_assinado-1_tarjado.pdf in 60.98 sec.
01:17:58 INFO       pixel_budget (Docling) iti_doc_diretivo_assinado-1_tarjado.pdf: 8.0% (área tabelas/5516339 px²)
01:17:58 INFO     [13/15] ✓ ITI       :    9 entregas | 61.0s | ETA ~1min
01:17:58 INFO     [14/15] → sgpr_ptd_2025_2027_anexo_de_entregas_assinado-copia_tarjada.pdf
01:17:58 INFO     detected formats: [<InputFormat.PDF: 'pdf'>]
01:17:58 INFO     Going to convert document batch...
01:17:58 INFO     Processing document sgpr_ptd_2025_2027_anexo_de_entregas_assinado-copia_tarjada.pdf
01:17:59 INFO     command: tesseract --psm 0 -l osd /tmp/tmpyy50eq64.png stdout
01:18:00 INFO     command: tesseract -l por /tmp/tmpyy50eq64.png stdout tsv
01:18:03 INFO     command: tesseract --psm 0 -l osd /tmp/tmpycxsyzu0.png stdout
01:18:04 INFO     command: tesseract -l por /tmp/tmpycxsyzu0.png stdout tsv
01:18:16 INFO     Finished converting document sgpr_ptd_2025_2027_anexo_de_entregas_assinado-copia_tarjada.pdf in 18.22 sec.
01:18:16 INFO       pixel_budget (Docling) sgpr_ptd_2025_2027_anexo_de_entregas_assinado-copia_tarjada.pdf: 29.5% (área tabelas/1002424 px²)
01:18:16 INFO     [14/15] ✓ SGPR      :   15 entregas | 18.2s | ETA ~49s
01:18:16 INFO     [15/15] → sgpr_ptd_2026_2027_docdiretivo_assinado-copia_tarjada.pdf
01:18:16 INFO     detected formats: [<InputFormat.PDF: 'pdf'>]
01:18:16 INFO     Going to convert document batch...
01:18:16 INFO     Processing document sgpr_ptd_2026_2027_docdiretivo_assinado-copia_tarjada.pdf
01:18:36 INFO     Finished converting document sgpr_ptd_2026_2027_docdiretivo_assinado-copia_tarjada.pdf in 19.90 sec.
01:18:36 INFO       pixel_budget (Docling) sgpr_ptd_2026_2027_docdiretivo_assinado-copia_tarjada.pdf: 8.2% (área tabelas/5513330 px²)
01:18:36 INFO     [15/15] ✓ SGPR      :    4 entregas | 19.9s | ETA ~0s
01:18:36 INFO     273 registros | 7 órgãos
01:18:36 INFO     ╔══════════════════════════════════════════════════════════════╗
01:18:36 INFO     ║                  ENTREGAS — fase concluída                   ║
01:18:36 INFO     ║  Processados: 15    |  ✓ 15  ⚠ 0                             ║
01:18:36 INFO     ║  Duração: 11.8 min                                           ║
01:18:36 INFO     ║  273 registros | 7 órgãos                                    ║
01:18:36 INFO     ╚══════════════════════════════════════════════════════════════╝
01:18:36 INFO     [1/7] → agu_ptd_2025_2027_docdiretivo_assinado_assinado_assinado-copia_tarjada.pdf
01:18:36 INFO     detected formats: [<InputFormat.PDF: 'pdf'>]
01:18:36 INFO     Going to convert document batch...
01:18:36 INFO     Processing document agu_ptd_2025_2027_docdiretivo_assinado_assinado_assinado-copia_tarjada.pdf
01:18:37 INFO     command: tesseract --psm 0 -l osd /tmp/tmp5q3aoapk.png stdout
01:18:37 INFO     command: tesseract -l por /tmp/tmp5q3aoapk.png stdout tsv
01:18:39 INFO     command: tesseract --psm 0 -l osd /tmp/tmpaeyx2aoi.png stdout
01:18:41 INFO     command: tesseract -l por /tmp/tmpaeyx2aoi.png stdout tsv
01:18:44 INFO     command: tesseract --psm 0 -l osd /tmp/tmp1w6l5n9e.png stdout
01:18:45 INFO     command: tesseract -l por /tmp/tmp1w6l5n9e.png stdout tsv
01:18:47 INFO     command: tesseract --psm 0 -l osd /tmp/tmpxsrauqdd.png stdout
01:18:48 INFO     command: tesseract -l por /tmp/tmpxsrauqdd.png stdout tsv
01:18:50 INFO     command: tesseract --psm 0 -l osd /tmp/tmpitcqy15i.png stdout
01:18:51 INFO     command: tesseract -l por /tmp/tmpitcqy15i.png stdout tsv
01:18:53 INFO     command: tesseract --psm 0 -l osd /tmp/tmp62a25ggc.png stdout
01:18:54 INFO     command: tesseract -l por /tmp/tmp62a25ggc.png stdout tsv
01:19:05 INFO     command: tesseract --psm 0 -l osd /tmp/tmp4cjphnz5.png stdout
01:19:06 INFO     command: tesseract -l por /tmp/tmp4cjphnz5.png stdout tsv
01:19:08 INFO     command: tesseract --psm 0 -l osd /tmp/tmp42wkzq5t.png stdout
01:19:09 INFO     command: tesseract -l por /tmp/tmp42wkzq5t.png stdout tsv
01:19:11 INFO     command: tesseract --psm 0 -l osd /tmp/tmpsuh20cpn.png stdout
01:19:12 INFO     command: tesseract -l por /tmp/tmpsuh20cpn.png stdout tsv
01:19:14 INFO     command: tesseract --psm 0 -l osd /tmp/tmpqbm869q5.png stdout
01:19:15 INFO     command: tesseract -l por /tmp/tmpqbm869q5.png stdout tsv
01:19:29 INFO     command: tesseract --psm 0 -l osd /tmp/tmp6h_ht9in.png stdout
01:19:30 INFO     command: tesseract -l por /tmp/tmp6h_ht9in.png stdout tsv
01:19:33 INFO     Finished converting document agu_ptd_2025_2027_docdiretivo_assinado_assinado_assinado-copia_tarjada.pdf in 57.16 sec.
01:19:33 INFO     [1/7] ✓ AGU       :   7 riscos | 57.2s | ETA ~5min
01:19:33 INFO     [2/7] → documento-diretivo-mcom-_-ptd-25_27-copia_tarjada.pdf
01:19:33 INFO     detected formats: [<InputFormat.PDF: 'pdf'>]
01:19:33 INFO     Going to convert document batch...
01:19:33 INFO     Processing document documento-diretivo-mcom-_-ptd-25_27-copia_tarjada.pdf
01:19:34 INFO     command: tesseract --psm 0 -l osd /tmp/tmpyrw2ijkz.png stdout
01:19:34 INFO     command: tesseract -l por /tmp/tmpyrw2ijkz.png stdout tsv
01:19:37 INFO     command: tesseract --psm 0 -l osd /tmp/tmpu31n5gpe.png stdout
01:19:38 INFO     command: tesseract -l por /tmp/tmpu31n5gpe.png stdout tsv
01:19:45 INFO     command: tesseract --psm 0 -l osd /tmp/tmpl10s0lex.png stdout
01:19:46 INFO     command: tesseract -l por /tmp/tmpl10s0lex.png stdout tsv
01:19:47 INFO     command: tesseract --psm 0 -l osd /tmp/tmp37bxdsvs.png stdout
01:19:48 INFO     command: tesseract -l por /tmp/tmp37bxdsvs.png stdout tsv
01:19:50 INFO     command: tesseract --psm 0 -l osd /tmp/tmpcggy4jbx.png stdout
01:19:50 INFO     command: tesseract -l por /tmp/tmpcggy4jbx.png stdout tsv
01:19:53 INFO     command: tesseract --psm 0 -l osd /tmp/tmpc66t5_j7.png stdout
01:19:54 INFO     command: tesseract -l por /tmp/tmpc66t5_j7.png stdout tsv
01:20:08 INFO     command: tesseract --psm 0 -l osd /tmp/tmpsjtj1hfm.png stdout
01:20:09 INFO     command: tesseract -l por /tmp/tmpsjtj1hfm.png stdout tsv
01:20:12 INFO     command: tesseract --psm 0 -l osd /tmp/tmp0fmaxzgu.png stdout
01:20:13 INFO     command: tesseract -l por /tmp/tmp0fmaxzgu.png stdout tsv
01:20:15 INFO     command: tesseract --psm 0 -l osd /tmp/tmpb79cseeh.png stdout
01:20:16 INFO     command: tesseract -l por /tmp/tmpb79cseeh.png stdout tsv
01:20:18 INFO     command: tesseract --psm 0 -l osd /tmp/tmp8g0016f9.png stdout
01:20:19 INFO     command: tesseract -l por /tmp/tmp8g0016f9.png stdout tsv
01:20:25 INFO     command: tesseract --psm 0 -l osd /tmp/tmpojox6hq3.png stdout
01:20:26 INFO     command: tesseract -l por /tmp/tmpojox6hq3.png stdout tsv
01:20:31 INFO     command: tesseract --psm 0 -l osd /tmp/tmp4y504msx.png stdout
01:20:32 INFO     command: tesseract -l por /tmp/tmp4y504msx.png stdout tsv
01:20:34 INFO     command: tesseract --psm 0 -l osd /tmp/tmpwibompxf.png stdout
01:20:35 INFO     command: tesseract -l por /tmp/tmpwibompxf.png stdout tsv
01:20:37 INFO     command: tesseract --psm 0 -l osd /tmp/tmp2jebrwxp.png stdout
01:20:38 INFO     command: tesseract -l por /tmp/tmp2jebrwxp.png stdout tsv
01:20:44 INFO     Finished converting document documento-diretivo-mcom-_-ptd-25_27-copia_tarjada.pdf in 70.41 sec.
01:20:44 INFO     [2/7] ✓ MCOM      :  14 riscos | 70.4s | ETA ~5min
01:20:44 INFO     [3/7] → fiocruz_novo-ptd_2-1_docdiretivo_repactuacao_2024-2026_assinado_assinado-copia_tarjada.pdf
01:20:44 INFO     detected formats: [<InputFormat.PDF: 'pdf'>]
01:20:44 INFO     Going to convert document batch...
01:20:44 INFO     Processing document fiocruz_novo-ptd_2-1_docdiretivo_repactuacao_2024-2026_assinado_assinado-copia_tarjada.pdf
01:21:02 INFO     Finished converting document fiocruz_novo-ptd_2-1_docdiretivo_repactuacao_2024-2026_assinado_assinado-copia_tarjada.pdf in 18.04 sec.
01:21:02 INFO     [3/7] ✓ FIOCRUZ   :   6 riscos | 18.0s | ETA ~3min
01:21:02 INFO     [4/7] → funai_ptd_2025_2027_docdiretivo_assinado-1_tarjado.pdf
01:21:02 INFO     detected formats: [<InputFormat.PDF: 'pdf'>]
01:21:02 INFO     Going to convert document batch...
01:21:02 INFO     Processing document funai_ptd_2025_2027_docdiretivo_assinado-1_tarjado.pdf
01:21:03 INFO     command: tesseract --psm 0 -l osd /tmp/tmpaukr8f2s.png stdout
01:21:04 INFO     command: tesseract -l por /tmp/tmpaukr8f2s.png stdout tsv
01:21:05 INFO     command: tesseract --psm 0 -l osd /tmp/tmpo4p0we9s.png stdout
01:21:06 INFO     command: tesseract -l por /tmp/tmpo4p0we9s.png stdout tsv
01:21:10 INFO     command: tesseract --psm 0 -l osd /tmp/tmpi7noayd8.png stdout
01:21:11 INFO     command: tesseract -l por /tmp/tmpi7noayd8.png stdout tsv
01:21:13 INFO     command: tesseract --psm 0 -l osd /tmp/tmp6w3qmzz4.png stdout
01:21:13 INFO     command: tesseract -l por /tmp/tmp6w3qmzz4.png stdout tsv
01:21:15 INFO     command: tesseract --psm 0 -l osd /tmp/tmpeoti_173.png stdout
01:21:16 INFO     command: tesseract -l por /tmp/tmpeoti_173.png stdout tsv
01:21:18 INFO     command: tesseract --psm 0 -l osd /tmp/tmpifa7zdc9.png stdout
01:21:20 INFO     command: tesseract -l por /tmp/tmpifa7zdc9.png stdout tsv
01:21:30 INFO     command: tesseract --psm 0 -l osd /tmp/tmpdqmszkye.png stdout
01:21:31 INFO     command: tesseract -l por /tmp/tmpdqmszkye.png stdout tsv
01:21:32 INFO     command: tesseract --psm 0 -l osd /tmp/tmpwoflxidu.png stdout
01:21:33 INFO     command: tesseract -l por /tmp/tmpwoflxidu.png stdout tsv
01:21:35 INFO     command: tesseract --psm 0 -l osd /tmp/tmpt_affvf6.png stdout
01:21:35 INFO     command: tesseract -l por /tmp/tmpt_affvf6.png stdout tsv
01:21:37 INFO     command: tesseract --psm 0 -l osd /tmp/tmp7ilmbcww.png stdout
01:21:39 INFO     command: tesseract -l por /tmp/tmp7ilmbcww.png stdout tsv
01:21:47 INFO     command: tesseract --psm 0 -l osd /tmp/tmpwajvmxg2.png stdout
01:21:48 INFO     command: tesseract -l por /tmp/tmpwajvmxg2.png stdout tsv
01:21:59 INFO     command: tesseract --psm 0 -l osd /tmp/tmpatquh45y.png stdout
01:22:00 INFO     command: tesseract -l por /tmp/tmpatquh45y.png stdout tsv
01:22:01 INFO     command: tesseract --psm 0 -l osd /tmp/tmpx6whasvs.png stdout
01:22:02 INFO     command: tesseract -l por /tmp/tmpx6whasvs.png stdout tsv
01:22:09 INFO     Finished converting document funai_ptd_2025_2027_docdiretivo_assinado-1_tarjado.pdf in 66.95 sec.
01:22:09 INFO     [4/7] ✓ FUNAI     :  15 riscos | 67.0s | ETA ~2min
01:22:09 INFO     [5/7] → incra_ptd_docdiretivo__assinado-1_assinado_assinado-copia_tarjada.pdf
01:22:09 INFO     detected formats: [<InputFormat.PDF: 'pdf'>]
01:22:09 INFO     Going to convert document batch...
01:22:09 INFO     Processing document incra_ptd_docdiretivo__assinado-1_assinado_assinado-copia_tarjada.pdf
01:22:10 INFO     command: tesseract --psm 0 -l osd /tmp/tmpxd1pf1mu.png stdout
01:22:11 INFO     command: tesseract -l por /tmp/tmpxd1pf1mu.png stdout tsv
01:22:13 INFO     command: tesseract --psm 0 -l osd /tmp/tmp57pjwvke.png stdout
01:22:14 INFO     command: tesseract -l por /tmp/tmp57pjwvke.png stdout tsv
01:22:20 INFO     command: tesseract --psm 0 -l osd /tmp/tmp69sp7xip.png stdout
01:22:21 INFO     command: tesseract -l por /tmp/tmp69sp7xip.png stdout tsv
01:22:23 INFO     command: tesseract --psm 0 -l osd /tmp/tmp269jts6f.png stdout
01:22:24 INFO     command: tesseract -l por /tmp/tmp269jts6f.png stdout tsv
01:22:25 INFO     command: tesseract --psm 0 -l osd /tmp/tmp4tb62f8j.png stdout
01:22:26 INFO     command: tesseract -l por /tmp/tmp4tb62f8j.png stdout tsv
01:22:28 INFO     command: tesseract --psm 0 -l osd /tmp/tmphglm4rvw.png stdout
01:22:30 INFO     command: tesseract -l por /tmp/tmphglm4rvw.png stdout tsv
01:22:42 INFO     command: tesseract --psm 0 -l osd /tmp/tmpoma4t0uh.png stdout
01:22:43 INFO     command: tesseract -l por /tmp/tmpoma4t0uh.png stdout tsv
01:22:44 INFO     command: tesseract --psm 0 -l osd /tmp/tmpx4w45sus.png stdout
01:22:45 INFO     command: tesseract -l por /tmp/tmpx4w45sus.png stdout tsv
01:22:47 INFO     command: tesseract --psm 0 -l osd /tmp/tmpfea1h4fh.png stdout
01:22:48 INFO     command: tesseract -l por /tmp/tmpfea1h4fh.png stdout tsv
01:22:49 INFO     command: tesseract --psm 0 -l osd /tmp/tmpm9syfx_t.png stdout
01:22:51 INFO     command: tesseract -l por /tmp/tmpm9syfx_t.png stdout tsv
01:22:56 INFO     command: tesseract --psm 0 -l osd /tmp/tmpi0d2gzfm.png stdout
01:22:57 INFO     command: tesseract -l por /tmp/tmpi0d2gzfm.png stdout tsv
01:23:06 INFO     command: tesseract --psm 0 -l osd /tmp/tmpcbpernvf.png stdout
01:23:07 INFO     command: tesseract -l por /tmp/tmpcbpernvf.png stdout tsv
01:23:09 INFO     command: tesseract --psm 0 -l osd /tmp/tmpcs2ijc26.png stdout
01:23:10 INFO     command: tesseract -l por /tmp/tmpcs2ijc26.png stdout tsv
01:23:17 INFO     Finished converting document incra_ptd_docdiretivo__assinado-1_assinado_assinado-copia_tarjada.pdf in 68.36 sec.
01:23:17 INFO     [5/7] ✓ INCRA     :  15 riscos | 68.4s | ETA ~1min
01:23:17 INFO     [6/7] → iti_doc_diretivo_assinado-1_tarjado.pdf
01:23:17 INFO     detected formats: [<InputFormat.PDF: 'pdf'>]
01:23:17 INFO     Going to convert document batch...
01:23:17 INFO     Processing document iti_doc_diretivo_assinado-1_tarjado.pdf
01:23:18 INFO     command: tesseract --psm 0 -l osd /tmp/tmp4hy521_g.png stdout
01:23:18 INFO     command: tesseract -l por /tmp/tmp4hy521_g.png stdout tsv
01:23:21 INFO     command: tesseract --psm 0 -l osd /tmp/tmpvpm27_x_.png stdout
01:23:22 INFO     command: tesseract -l por /tmp/tmpvpm27_x_.png stdout tsv
01:23:25 INFO     command: tesseract --psm 0 -l osd /tmp/tmphn4t2h1i.png stdout
01:23:25 INFO     command: tesseract -l por /tmp/tmphn4t2h1i.png stdout tsv
01:23:27 INFO     command: tesseract --psm 0 -l osd /tmp/tmpulipqpd2.png stdout
01:23:28 INFO     command: tesseract -l por /tmp/tmpulipqpd2.png stdout tsv
01:23:30 INFO     command: tesseract --psm 0 -l osd /tmp/tmpnilbyg3r.png stdout
01:23:31 INFO     command: tesseract -l por /tmp/tmpnilbyg3r.png stdout tsv
01:23:33 INFO     command: tesseract --psm 0 -l osd /tmp/tmpfgvb62xh.png stdout
01:23:34 INFO     command: tesseract -l por /tmp/tmpfgvb62xh.png stdout tsv
01:23:51 INFO     command: tesseract --psm 0 -l osd /tmp/tmpjxf1419k.png stdout
01:23:52 INFO     command: tesseract -l por /tmp/tmpjxf1419k.png stdout tsv
01:23:54 INFO     command: tesseract --psm 0 -l osd /tmp/tmpml4zon2d.png stdout
01:23:55 INFO     command: tesseract -l por /tmp/tmpml4zon2d.png stdout tsv
01:23:57 INFO     command: tesseract --psm 0 -l osd /tmp/tmpdio2g6oj.png stdout
01:23:58 INFO     command: tesseract -l por /tmp/tmpdio2g6oj.png stdout tsv
01:24:00 INFO     command: tesseract --psm 0 -l osd /tmp/tmp0c9sg870.png stdout
01:24:01 INFO     command: tesseract -l por /tmp/tmp0c9sg870.png stdout tsv
01:24:09 INFO     command: tesseract --psm 0 -l osd /tmp/tmpzsd4ayc5.png stdout
01:24:10 INFO     command: tesseract -l por /tmp/tmpzsd4ayc5.png stdout tsv
01:24:17 INFO     Finished converting document iti_doc_diretivo_assinado-1_tarjado.pdf in 60.18 sec.
01:24:17 INFO     [6/7] ✓ ITI       :  14 riscos | 60.2s | ETA ~57s
01:24:17 INFO     [7/7] → sgpr_ptd_2026_2027_docdiretivo_assinado-copia_tarjada.pdf
01:24:17 INFO     detected formats: [<InputFormat.PDF: 'pdf'>]
01:24:17 INFO     Going to convert document batch...
01:24:17 INFO     Processing document sgpr_ptd_2026_2027_docdiretivo_assinado-copia_tarjada.pdf
01:24:38 INFO     Finished converting document sgpr_ptd_2026_2027_docdiretivo_assinado-copia_tarjada.pdf in 20.18 sec.
01:24:38 INFO     [7/7] ✓ SGPR      :  10 riscos | 20.2s | ETA ~0s
01:24:38 INFO     ╔══════════════════════════════════════════════════════════════╗
01:24:38 INFO     ║                   RISCOS — fase concluída                    ║
01:24:38 INFO     ║  Processados: 7     |  ✓ 7  ⚠ 0                              ║
01:24:38 INFO     ║  Duração: 6.0 min                                            ║
01:24:38 INFO     ║  81 riscos | 7 órgãos                                        ║
01:24:38 INFO     ╚══════════════════════════════════════════════════════════════╝
01:24:38 INFO     81 riscos | 0 ações | 135 relações
01:24:38 INFO     ptd_corpus_raw                     : 273 linhas
01:24:38 INFO     ptd_pivot_eixos                    : 7 linhas
01:24:41 INFO     ptd_datas_assinatura               : 132 linhas
01:24:41 INFO     ptd_riscos                         : 81 linhas
01:24:41 INFO     ptd_riscos_acoes                   : 135 linhas
01:24:41 INFO     Manifesto salvo: pipeline_manifest.json | SHA-256 de 132 PDFs
01:24:41 INFO     ==================================================
01:24:41 INFO     PTD-BR v3.0-melhorado — PIPELINE CONCLUÍDO
01:24:41 INFO     ==================================================
01:24:41 INFO     ptd_corpus_raw.csv                        167 KB
01:24:41 INFO     ptd_pivot_eixos.csv                         0 KB
01:24:41 INFO     ptd_datas_assinatura.csv                    9 KB
01:24:41 INFO     ptd_riscos.csv                             23 KB
01:24:41 INFO     ptd_riscos_acoes.csv                        2 KB
01:24:41 INFO     proveniencia.json                           0 KB
01:24:41 INFO     pipeline_manifest.json                     21 KB
01:24:41 INFO     📦 Artefatos: https://github.com/freirelucas/teste/actions/runs/24058857631
01:24:41 INFO     ==================================================
