06:02:50 INFO     Docling disponível
06:02:50 WARNING  OCR fallback indisponível (IndentationError: unexpected indent (ptd_ocr_fallback.py, line 45))
06:02:51 INFO     Ignorado (guia/template/norma): ABNT-NBR-17225-Acessibilidade-Digital.pdf
06:02:51 INFO     Ignorado (guia/template/norma): cgrep-guia10passos-ptd-orgao.pdf
06:02:51 INFO     Ignorado (guia/template/norma): ABNT-NBR-17225-Acessibilidade-Digital.pdf
06:02:51 INFO     Scraping: 132 PDFs únicos | entregas: 68 | diretivos: 61
06:02:51 INFO     Baixando 132 PDFs únicos...
06:02:52 INFO     ✓ [  1/132] abin_ptd_anexo_de_entregas_assinado_pelo_orgao_ass   293.3KB
06:02:56 INFO     ✓ [  2/132] aeb_ptd_2025_2027_docdiretivo_aprovado_assinado-1_  1033.7KB
06:02:58 INFO     ✓ [  3/132] aeb_ptd_2025_2027_anexo_de_entregas_aprovado_assin   154.5KB
06:03:03 INFO     ✓ [  4/132] agu_ptd_2025_2027_docdiretivo_assinado_assinado_as  2860.3KB
06:03:06 INFO     ✓ [  5/132] agu_ptd_2025_2027_anexo_de_entregas_assinado_assin   525.5KB
06:03:09 INFO     ✓ [  6/132] ana_ptd_2025_2027_docdiretivo_assinado_assinado_as   477.2KB
06:03:11 INFO     ✓ [  7/132] ana_ptd_2025_2027_anexoentregas_assinado_assinado_   170.9KB
06:03:14 INFO     ✓ [  8/132] anac_ptd_2025_2026_docdiretivo_se_assinado_tarjado  1036.3KB
06:03:16 INFO     ✓ [  9/132] anac_ptd_2025_2026_anexo_de_entregas_se_assinado.p   215.2KB
06:03:19 INFO     ✓ [ 10/132] anatel_ptd_docdiretivo_assinado_2025_2026_assinado  1006.0KB
06:03:21 INFO     ✓ [ 11/132] anatel_ptd_2025_2026_anexo_de_entregas_do_ptd_publ    71.9KB
06:03:24 INFO     ✓ [ 12/132] ancine_ptd_2024_2026_docdiretivo_assinado-2_assina   961.8KB
06:03:27 INFO     ✓ [ 13/132] ancine_ptd_2024_2026_-_anexo_de_entregas_aprovado_   613.2KB
06:03:30 INFO     ✓ [ 14/132] ptd_aneel_2025-2027_docdiretivo_assinado_tarjado.p   779.6KB
06:03:32 INFO     ✓ [ 15/132] ptd_aneel_2025-2027_anexo_de_entregas_assinado.pdf   111.9KB
06:03:35 INFO     ✓ [ 16/132] anm_ptd_2025_2027_docdiretivo_assinadopeloorgao_ta  1092.5KB
06:03:38 INFO     ✓ [ 17/132] anm_ptd_2025_2027_anexo_entregas_assinadopeloorgao  1140.4KB
06:03:42 INFO     ✓ [ 18/132] anpd_ptd_2025_2027_docdiretivo_assinado_assinado_a  1044.3KB
06:03:44 INFO     ✓ [ 19/132] anpd_ptd_2025_2027_anexo_de_entregas_assinado_assi   166.5KB
06:03:47 INFO     ✓ [ 20/132] ans-plano_de_transformacao_digital_assinado-copia_  1023.4KB
06:03:49 INFO     ✓ [ 21/132] ans_ptd_2025_2026_anexo_de_entregas_assinado_assin   124.1KB
06:03:52 INFO     ✓ [ 22/132] antaq_ptd_2025_2027_docdiretivo_assinado_assinado_  1039.8KB
06:03:54 INFO     ✓ [ 23/132] antaq_ptd_2025_2027_anexoentregas_assinado_assinad   145.1KB
06:03:57 INFO     ✓ [ 24/132] mt_anexo_de_entregas_-_assinado_assinado_assinado_   143.6KB
06:04:05 INFO     ✓ [ 25/132] anvisa_ptd_docdiretivo_2025-2026_assinado_assinado  5771.2KB
06:04:07 INFO     ✓ [ 26/132] anvisa_ptd_anexo_de_entregas_2025_2026_assinado_as   239.0KB
06:04:10 INFO     ✓ [ 27/132] bcb_documento_diretivo_assinado_assinado_assinado-   713.7KB
06:04:12 INFO     ✓ [ 28/132] bcb_anexo_de_entregas_ptd_25_26-1_assinado_assinad   134.8KB
06:04:15 INFO     ✓ [ 29/132] cade_ptd_docdiretivo_2025_2026_assinado-2_assinado   810.4KB
06:04:18 INFO     ✓ [ 30/132] cade_ptd_anexo_de_entregas_2025_2026_assinado_copi   504.0KB
06:04:21 INFO     ✓ [ 31/132] mec_ptd_docdiretivo_2025-2026_sei_mec-5566673_copi   863.1KB
06:04:23 INFO     ✓ [ 32/132] mec_ptd_anexo-de-entregas_sei_mec-5576401_copia_ta   495.7KB
06:04:27 INFO     ✓ [ 33/132] mec_ptd_docdiretivo-versao-comunicacao_copia_tarja  1616.5KB
06:04:30 INFO     ✓ [ 34/132] md_ptd_2026_2027_anexo_de_entregas_assinado_assina   579.4KB
06:04:32 INFO     ✓ [ 35/132] md_ptd_2026_2027_anexo_de_entregas_assinado_assina   186.8KB
06:04:35 INFO     ✓ [ 36/132] md_ptd_temp_copia_tarjada.pdf                        741.9KB
06:04:38 INFO     ✓ [ 37/132] cgu_ptd_docdiretivo_assinado_assinado_assinado-cop  1085.4KB
06:04:41 INFO     ✓ [ 38/132] cgu_ptd_anexo_de_entregas_pactuadas_assinado_assin   514.1KB
06:04:43 INFO     ✓ [ 39/132] cnpq_ptd_2025_2027_docdiretivo_assinado_assinado_a   342.9KB
06:04:45 INFO     ✓ [ 40/132] cnpq_ptd_2025_2027_anexo_de_entregas_assinado_assi   136.1KB
06:04:48 INFO     ✓ [ 41/132] coaf_ptd_2025_2026_documento_diretivo_assinado_ass  1068.0KB
06:04:54 INFO     ✓ [ 42/132] coaf_ptd_2025_2026_anexo_de_entregas-2_assinado_as  3184.5KB
06:05:00 INFO     ✓ [ 43/132] ptd_midr-docdiretivo_aprovado_assinado_tarjado.pdf  3864.1KB
06:05:03 INFO     ✓ [ 44/132] ptd_midr_-_anexo_de_entregas_-_aprovado_assinado.p  1122.0KB
06:05:06 INFO     ✓ [ 45/132] mda-documento-diretivo-assinado_ptd-2025-207-copia   955.8KB
06:05:08 INFO     ✓ [ 46/132] cvm_ptd_2025_2027_docdiretivo_assinado_assinado_as   270.5KB
06:05:11 INFO     ✓ [ 47/132] cvm_ptd_2025_2027_anexoentregas_assinado_assinado_   409.0KB
06:05:14 INFO     ✓ [ 48/132] dnocs_ptd_doc_diretivo_2025_2026_assinado_orgao-2_   891.1KB
06:05:16 INFO     ✓ [ 49/132] dnocs_anexo_de_entregas_repactuado_2025_2026_assin   272.3KB
06:05:21 INFO     ✓ [ 50/132] fbn_ptd_2025_2027_docdiretivo_assinado-1_tarjado.p  2921.6KB
06:05:24 INFO     ✓ [ 51/132] fbn_ptd_2025_2027_anexo_de_entregas_assinado-1.pdf   162.3KB
06:05:27 INFO     ✓ [ 52/132] fcp_ptd_2025_2027_docdiretivo_assinado-1_tarjado.p  1612.0KB
06:05:29 INFO     ✓ [ 53/132] fcp_ptd_2025_2027_anexo_de_entregas_assinado-1.pdf   118.8KB
06:05:33 INFO     ✓ [ 54/132] fcrb_ptd_2025_2026_docdiretivo_aprovado_assinado-1   998.2KB
06:05:35 INFO     ✓ [ 55/132] fcrb_ptd_2025_2026_anexo_de_entregas_aprovado_assi   313.5KB
06:05:38 INFO     ✓ [ 56/132] fiocruz_novo-ptd_2-1_docdiretivo_repactuacao_2024-  1318.1KB
06:05:41 INFO     ✓ [ 57/132] fiocruz_ptd_anexo_de_entregas_assinado_v1_assinado   257.1KB
06:05:44 INFO     ✓ [ 58/132] fiocruz-ptd-06_2024-copia_tarjada.pdf               1693.8KB
06:05:48 INFO     ✓ [ 59/132] funai_ptd_2025_2027_docdiretivo_assinado-1_tarjado  1842.1KB
06:05:51 INFO     ✓ [ 60/132] funai_anexo_de_entregas_repactuado_2026_2027_assin   435.7KB
06:05:54 INFO     ✓ [ 61/132] funarte_ptd_docdiretivo_assinado_21_01_2025_assina   965.7KB
06:05:57 INFO     ✓ [ 62/132] funarte_ptd_anexo_de_entregas_assinado_v1_assinado   683.6KB
06:06:00 INFO     ✓ [ 63/132] fundacentro_ptd_2025_2027_docdiretivo_assinado_ass   826.6KB
06:06:02 INFO     ✓ [ 64/132] fundacentro_ptd_2025_2027_anexo_de_entregas_assina   635.5KB
06:06:05 INFO     ✓ [ 65/132] mma_ptd_docdiretivo_assinado_2025_2026-1_assinado_   949.3KB
06:06:08 INFO     ✓ [ 66/132] mma_ptd_anexo_de_entregas_aprovado_final_assinado_   174.8KB
06:06:11 INFO     ✓ [ 67/132] ibge_docdiretivo_2025_assinado_assinado_assinado-c  1167.3KB
06:06:13 INFO     ✓ [ 68/132] ibge_ptd_25_26_anexo_de_entregas_modelo_v2-1_assin   143.7KB
06:06:23 INFO     ✓ [ 69/132] incra_ptd_docdiretivo__assinado-1_assinado_assinad  7182.0KB
06:06:27 INFO     ✓ [ 70/132] incra_anexo_de_entregas_assinado-1_assinado_assina  1818.6KB
06:06:32 INFO     ✓ [ 71/132] inpi_ptd_docdiretivo_assinado_2025_2026_assinado_a  3322.4KB
06:06:37 INFO     ✓ [ 72/132] inpi_ptd_anexo_de_entregas_assinado_v1_assinado_as  3078.1KB
06:06:41 INFO     ✓ [ 73/132] inss_ptd_2025_2027_docdiretivo-assinado-copia_tarj  1173.3KB
06:06:43 INFO     ✓ [ 74/132] inss_ptd_2025_2027_anexo_de_entregas-assinado-copi   110.8KB
06:06:46 INFO     ✓ [ 75/132] iphan_ptd_docdiretivo_assinado_2025_2026_assinado_   885.7KB
06:06:48 INFO     ✓ [ 76/132] iphan_ptd_anexo_de_entregas_assinado_v1_assinado_a   310.9KB
06:06:55 INFO     ✓ [ 77/132] iti_doc_diretivo_assinado-1_tarjado.pdf             4905.1KB
06:06:58 INFO     ✓ [ 78/132] iti_anexo_de_entregas_assinado.pdf                   556.4KB
06:07:01 INFO     ✓ [ 79/132] mapa_ptd_2025_2027_docdiretivo_assinado-1_tarjado.  1740.9KB
06:07:04 INFO     ✓ [ 80/132] mapa_ptd_2025_2027_anexo_de_entregas_assinado-1.pd   261.9KB
06:07:10 INFO     ✓ [ 81/132] documento-diretivo-mcom-_-ptd-25_27-copia_tarjada.  4451.9KB
06:07:14 INFO     ✓ [ 82/132] anexo-de-entregas-mcom_ptd-25_27-copia_tarjada.pdf  1213.8KB
06:07:19 INFO     ✓ [ 83/132] ptd_21_24_mcom-copia_tarjada.pdf                    3040.7KB
06:07:22 INFO     ✓ [ 84/132] mcti_ptd_2025-2027_docdiretivo_assinado-copia_tarj  1030.7KB
06:07:24 INFO     ✓ [ 85/132] mcti_ptd_2025-2027_anexo-de-entregas_assinado-copi   145.8KB
06:07:26 INFO     ✓ [ 86/132] mda-anexo-entregas-assinado_ptd-2025-2027-copia-ta   284.6KB
06:07:29 INFO     ✓ [ 87/132] mdhc_ptd_2025_2027_docdiretivo_assinado_assinado_a   753.4KB
06:07:32 INFO     ✓ [ 88/132] mdhc_ptd_2025_2027_anexoentregas_assinado_assinado   186.8KB
06:07:34 INFO     ✓ [ 89/132] mdic_ptd_anexo_de_entregas_assinado_v1_assinado_as   176.6KB
06:07:37 INFO     ✓ [ 90/132] memp_ptd_2025_2026_docdiretivo_assinado_assinado_a  1030.1KB
06:07:39 INFO     ✓ [ 91/132] memp_ptd_2025_2026_anexo_de_entregas_assinado_assi   161.5KB
06:07:43 INFO     ✓ [ 92/132] mesp_ptd_2025_2027_docdiretivo_assinado_assinado_2  1147.7KB
06:07:45 INFO     ✓ [ 93/132] mesp_ptd_2025_2027_anexo_de_entregas_assinado_assi   226.6KB
06:07:48 INFO     ✓ [ 94/132] mf_ptd_2026_2027_documentodiretivo_assinado_assina   955.1KB
06:07:50 INFO     ✓ [ 95/132] mf_ptd_2026_2027_anexo_de_entregas_1_mf_se_assinad   241.2KB
06:07:52 INFO     ✓ [ 96/132] mgi_ptd_2025_2027_docdiretivo_assinado_assinado_as   375.2KB
06:07:55 INFO     ✓ [ 97/132] mgi_ptd_2025_2027_anexo_de_entregas_assinado_assin   256.1KB
06:07:58 INFO     ✓ [ 98/132] minc_ptd_2025_2027_docdiretivo_assinado-1_assinado   863.6KB
06:08:00 INFO     ✓ [ 99/132] minc_ptd_2025_2027_anexo_de_entregas_assinado-1_as   276.7KB
06:08:04 INFO     ✓ [100/132] mjsp_ptd_docdiretivo_assinado_2025_2026_assinado_a   954.0KB
06:08:06 INFO     ✓ [101/132] mjsp_ptd_anexo_de_entregas_assinado_v1_assinado_as   253.9KB
06:08:09 INFO     ✓ [102/132] mme_ptd_2025_2027_docdiretivo_assinado-copia_tarja   664.5KB
06:08:11 INFO     ✓ [103/132] mme_ptd_2025_2027_anexo_de_entregas_assinado__1_-c   111.1KB
06:08:14 INFO     ✓ [104/132] mmulheres_ptd_2025_2027_docdiretivo_assinado_assin  1078.3KB
06:08:17 INFO     ✓ [105/132] mmulheres_ptd_2025_2027_anexo_de_entregas_assinado   216.9KB
06:08:20 INFO     ✓ [106/132] mpi_ptd_2025_2027_docdiretivo_ministerio_dos_povos   947.9KB
06:08:22 INFO     ✓ [107/132] mpi_ptd_anexo_de_entregas_do_plano_de_tranformacao   191.9KB
06:08:25 INFO     ✓ [108/132] mpo_ptd_docdiretivo_assinado_2025_2026_assinado_as   806.3KB
06:08:27 INFO     ✓ [109/132] mpo_ptd_anexo_de_entregas_assinado_v1_assinado_ass   323.2KB
06:08:31 INFO     ✓ [110/132] mpor_ptd_2025_2027_docdiretivo_assinado_assinado_a   876.5KB
06:08:33 INFO     ✓ [111/132] mpor_ptd_2025_2027_anexo_de_entregas_assinado_assi   175.1KB
06:08:36 INFO     ✓ [112/132] mps_ptd_2025-2026_docdiretivo_final_assinado-1_ass  1024.4KB
06:08:38 INFO     ✓ [113/132] mps_ptd_2025-2026_anexo_de_entregas_final_assinado   165.0KB
06:08:41 INFO     ✓ [114/132] mre_ptd_docdiretivo_assinado_2025_2026_assinado_as   760.9KB
06:08:43 INFO     ✓ [115/132] mre_ptd_anexo_de_entregas_assinado_v1_assinado_ass   233.2KB
06:08:46 INFO     ✓ [116/132] mte_ptd_2025_2026_docdiretivo_assinado_assinado_as   729.6KB
06:08:49 INFO     ✓ [117/132] mte_ptd_anexo_de_entregas_assinado_v1__281_29_assi   459.5KB
06:08:52 INFO     ✓ [118/132] mtur_ptd_docdiretiv_assinado_30_01_2025_assinado_a  1050.4KB
06:08:54 INFO     ✓ [119/132] mtur_ptd_anexo_de_entregas_assinado_30_01_2025_ass   118.8KB
06:08:57 INFO     ✓ [120/132] pf_ptd_docdiretivo_2025_2027_assinado-copia_tarjad   964.3KB
06:08:59 INFO     ✓ [121/132] pf_ptd_anexo_de_entregas_2025_2027_assinado-copia_    62.5KB
06:09:02 INFO     ✓ [122/132] mf_ptd_2026_2027_anexo_de_entregas_4_mf_pgfn_assin   466.8KB
06:09:11 INFO     ✓ [123/132] previc_plano_de_transformacao_digital_2025_2026_29  6652.7KB
06:09:13 INFO     ✓ [124/132] previc_ptd_repactuacao_2025-2026_assinado_assinado   182.9KB
06:09:16 INFO     ✓ [125/132] prf_documentodiretivo_ptd_2026-2027_assinado_tarja   535.9KB
06:09:18 INFO     ✓ [126/132] prf_anexo_de_entregas_do_ptd__2026_2027___ptd___en   157.7KB
06:09:20 INFO     ✓ [127/132] mf_ptd_2026_2027_anexo_de_entregas_2_mf_rfb_assina   253.7KB
06:09:23 INFO     ✓ [128/132] sgpr_ptd_2026_2027_docdiretivo_assinado-copia_tarj   791.2KB
06:09:26 INFO     ✓ [129/132] sgpr_ptd_2025_2027_anexo_de_entregas_assinado-copi   897.9KB
06:09:29 INFO     ✓ [130/132] mf_ptd_2026_2027_anexo_de_entregas_3_mf_stn_assina   467.8KB
06:09:32 INFO     ✓ [131/132] susep_ptd_2025_2027_docdiretivo-assinado-copia_tar  1030.1KB
06:09:34 INFO     ✓ [132/132] susep_ptd_2025-2026_anexo_de_entregas_final_assina   221.9KB
06:09:36 INFO     132 OK | 0 erros | 123.3 MB total
06:09:41 INFO     Sanity: 132 PDFs | 113 texto | 19 imagem/OCR | 0 duplicatas
06:09:41 INFO     --siglas (debug): 15 PDFs de ['AGU', 'FIOCRUZ', 'FUNAI', 'FUNDACENTRO', 'INCRA', 'ITI', 'MCOM', 'SGPR']
06:09:42 INFO     DocumentConverter instanciado (singleton × 2: plain + OCR)
06:09:42 INFO     [1/15] → agu_ptd_2025_2027_anexo_de_entregas_assinado_assinado_assinado-copia_tarjada.pdf
06:09:42 INFO     detected formats: [<InputFormat.PDF: 'pdf'>]
06:09:42 INFO     Going to convert document batch...
06:09:42 INFO     Initializing pipeline for StandardPdfPipeline with options hash bc6794697da537796efc497178f9263f
06:09:42 INFO     Loading plugin 'docling_defaults'
06:09:42 INFO     Registered picture descriptions: ['picture_description_vlm_engine', 'vlm', 'api']
06:09:42 INFO     Loading plugin 'docling_defaults'
06:09:42 INFO     Registered ocr engines: ['auto', 'easyocr', 'kserve_v2_ocr', 'ocrmac', 'rapidocr', 'tesserocr', 'tesseract']
06:09:42 INFO     command: tesseract --list-langs
06:09:42 INFO     Loading plugin 'docling_defaults'
06:09:42 INFO     Registered layout engines: ['layout_object_detection', 'docling_layout_default', 'docling_experimental_table_crops_layout']
06:09:42 INFO     Accelerator device: 'cpu'
06:09:42 INFO     HTTP Request: GET https://huggingface.co/api/models/docling-project/docling-layout-heron/revision/main "HTTP/1.1 200 OK"
06:09:42 INFO     HTTP Request: HEAD https://huggingface.co/docling-project/docling-layout-heron/resolve/8f39ad3c0b4c58e9c2d2c84a38465abf757272d8/.gitattributes "HTTP/1.1 307 Temporary Redirect"
06:09:42 INFO     HTTP Request: HEAD https://huggingface.co/api/resolve-cache/models/docling-project/docling-layout-heron/8f39ad3c0b4c58e9c2d2c84a38465abf757272d8/.gitattributes "HTTP/1.1 200 OK"
06:09:42 INFO     HTTP Request: HEAD https://huggingface.co/docling-project/docling-layout-heron/resolve/8f39ad3c0b4c58e9c2d2c84a38465abf757272d8/README.md "HTTP/1.1 307 Temporary Redirect"
06:09:42 INFO     HTTP Request: HEAD https://huggingface.co/docling-project/docling-layout-heron/resolve/8f39ad3c0b4c58e9c2d2c84a38465abf757272d8/model.safetensors "HTTP/1.1 302 Found"
06:09:42 INFO     HTTP Request: HEAD https://huggingface.co/docling-project/docling-layout-heron/resolve/8f39ad3c0b4c58e9c2d2c84a38465abf757272d8/preprocessor_config.json "HTTP/1.1 307 Temporary Redirect"
06:09:42 INFO     HTTP Request: HEAD https://huggingface.co/docling-project/docling-layout-heron/resolve/8f39ad3c0b4c58e9c2d2c84a38465abf757272d8/config.json "HTTP/1.1 307 Temporary Redirect"
06:09:42 INFO     HTTP Request: HEAD https://huggingface.co/docling-project/docling-layout-heron/resolve/8f39ad3c0b4c58e9c2d2c84a38465abf757272d8/docling_heron_400.png "HTTP/1.1 307 Temporary Redirect"
06:09:42 WARNING  Warning: You are sending unauthenticated requests to the HF Hub. Please set a HF_TOKEN to enable higher rate limits and faster downloads.
06:09:42 INFO     HTTP Request: HEAD https://huggingface.co/api/resolve-cache/models/docling-project/docling-layout-heron/8f39ad3c0b4c58e9c2d2c84a38465abf757272d8/README.md "HTTP/1.1 200 OK"
06:09:42 INFO     HTTP Request: HEAD https://huggingface.co/api/resolve-cache/models/docling-project/docling-layout-heron/8f39ad3c0b4c58e9c2d2c84a38465abf757272d8/preprocessor_config.json "HTTP/1.1 200 OK"
06:09:42 INFO     HTTP Request: GET https://huggingface.co/api/resolve-cache/models/docling-project/docling-layout-heron/8f39ad3c0b4c58e9c2d2c84a38465abf757272d8/.gitattributes "HTTP/1.1 200 OK"
06:09:42 INFO     HTTP Request: HEAD https://huggingface.co/api/resolve-cache/models/docling-project/docling-layout-heron/8f39ad3c0b4c58e9c2d2c84a38465abf757272d8/docling_heron_400.png "HTTP/1.1 200 OK"
06:09:42 INFO     HTTP Request: GET https://huggingface.co/api/resolve-cache/models/docling-project/docling-layout-heron/8f39ad3c0b4c58e9c2d2c84a38465abf757272d8/README.md "HTTP/1.1 200 OK"
06:09:42 INFO     HTTP Request: GET https://huggingface.co/api/resolve-cache/models/docling-project/docling-layout-heron/8f39ad3c0b4c58e9c2d2c84a38465abf757272d8/docling_heron_400.png "HTTP/1.1 200 OK"
06:09:42 INFO     HTTP Request: GET https://huggingface.co/api/resolve-cache/models/docling-project/docling-layout-heron/8f39ad3c0b4c58e9c2d2c84a38465abf757272d8/preprocessor_config.json "HTTP/1.1 200 OK"
06:09:42 INFO     HTTP Request: HEAD https://huggingface.co/api/resolve-cache/models/docling-project/docling-layout-heron/8f39ad3c0b4c58e9c2d2c84a38465abf757272d8/config.json "HTTP/1.1 200 OK"
06:09:42 INFO     HTTP Request: GET https://huggingface.co/api/models/docling-project/docling-layout-heron/xet-read-token/8f39ad3c0b4c58e9c2d2c84a38465abf757272d8 "HTTP/1.1 200 OK"
06:09:42 INFO     HTTP Request: GET https://huggingface.co/api/resolve-cache/models/docling-project/docling-layout-heron/8f39ad3c0b4c58e9c2d2c84a38465abf757272d8/config.json "HTTP/1.1 200 OK"
06:09:43 INFO     Loading plugin 'docling_defaults'
06:09:43 INFO     Registered table structure engines: ['docling_tableformer', 'docling_tableformer_v2']
06:09:43 INFO     HTTP Request: GET https://huggingface.co/api/models/docling-project/docling-models/revision/v2.3.0 "HTTP/1.1 200 OK"
06:09:43 INFO     HTTP Request: HEAD https://huggingface.co/docling-project/docling-models/resolve/fc0f2d45e2218ea24bce5045f58a389aed16dc23/.gitignore "HTTP/1.1 307 Temporary Redirect"
06:09:43 INFO     HTTP Request: HEAD https://huggingface.co/docling-project/docling-models/resolve/fc0f2d45e2218ea24bce5045f58a389aed16dc23/.gitattributes "HTTP/1.1 307 Temporary Redirect"
06:09:43 INFO     HTTP Request: HEAD https://huggingface.co/docling-project/docling-models/resolve/fc0f2d45e2218ea24bce5045f58a389aed16dc23/README.md "HTTP/1.1 307 Temporary Redirect"
06:09:43 INFO     HTTP Request: HEAD https://huggingface.co/docling-project/docling-models/resolve/fc0f2d45e2218ea24bce5045f58a389aed16dc23/model_artifacts/tableformer/accurate/tm_config.json "HTTP/1.1 307 Temporary Redirect"
06:09:43 INFO     HTTP Request: HEAD https://huggingface.co/docling-project/docling-models/resolve/fc0f2d45e2218ea24bce5045f58a389aed16dc23/model_artifacts/tableformer/accurate/tableformer_accurate.safetensors "HTTP/1.1 302 Found"
06:09:43 INFO     HTTP Request: HEAD https://huggingface.co/api/resolve-cache/models/docling-project/docling-models/fc0f2d45e2218ea24bce5045f58a389aed16dc23/.gitattributes "HTTP/1.1 200 OK"
06:09:43 INFO     HTTP Request: HEAD https://huggingface.co/api/resolve-cache/models/docling-project/docling-models/fc0f2d45e2218ea24bce5045f58a389aed16dc23/.gitignore "HTTP/1.1 200 OK"
06:09:43 INFO     HTTP Request: HEAD https://huggingface.co/api/resolve-cache/models/docling-project/docling-models/fc0f2d45e2218ea24bce5045f58a389aed16dc23/README.md "HTTP/1.1 200 OK"
06:09:43 INFO     HTTP Request: HEAD https://huggingface.co/docling-project/docling-models/resolve/fc0f2d45e2218ea24bce5045f58a389aed16dc23/config.json "HTTP/1.1 307 Temporary Redirect"
06:09:43 INFO     HTTP Request: HEAD https://huggingface.co/api/resolve-cache/models/docling-project/docling-models/fc0f2d45e2218ea24bce5045f58a389aed16dc23/model_artifacts%2Ftableformer%2Faccurate%2Ftm_config.json "HTTP/1.1 200 OK"
06:09:43 INFO     HTTP Request: HEAD https://huggingface.co/docling-project/docling-models/resolve/fc0f2d45e2218ea24bce5045f58a389aed16dc23/model_artifacts/tableformer/fast/tableformer_fast.safetensors "HTTP/1.1 302 Found"
06:09:43 INFO     HTTP Request: HEAD https://huggingface.co/api/resolve-cache/models/docling-project/docling-models/fc0f2d45e2218ea24bce5045f58a389aed16dc23/config.json "HTTP/1.1 200 OK"
06:09:43 INFO     HTTP Request: GET https://huggingface.co/api/resolve-cache/models/docling-project/docling-models/fc0f2d45e2218ea24bce5045f58a389aed16dc23/.gitignore "HTTP/1.1 200 OK"
06:09:43 INFO     HTTP Request: HEAD https://huggingface.co/docling-project/docling-models/resolve/fc0f2d45e2218ea24bce5045f58a389aed16dc23/model_artifacts/tableformer/fast/tm_config.json "HTTP/1.1 307 Temporary Redirect"
06:09:43 INFO     HTTP Request: GET https://huggingface.co/api/resolve-cache/models/docling-project/docling-models/fc0f2d45e2218ea24bce5045f58a389aed16dc23/model_artifacts%2Ftableformer%2Faccurate%2Ftm_config.json "HTTP/1.1 200 OK"
06:09:43 INFO     HTTP Request: GET https://huggingface.co/api/resolve-cache/models/docling-project/docling-models/fc0f2d45e2218ea24bce5045f58a389aed16dc23/.gitattributes "HTTP/1.1 200 OK"
06:09:43 INFO     HTTP Request: GET https://huggingface.co/api/resolve-cache/models/docling-project/docling-models/fc0f2d45e2218ea24bce5045f58a389aed16dc23/README.md "HTTP/1.1 200 OK"
06:09:43 INFO     HTTP Request: HEAD https://huggingface.co/api/resolve-cache/models/docling-project/docling-models/fc0f2d45e2218ea24bce5045f58a389aed16dc23/model_artifacts%2Ftableformer%2Ffast%2Ftm_config.json "HTTP/1.1 200 OK"
06:09:43 INFO     HTTP Request: GET https://huggingface.co/api/resolve-cache/models/docling-project/docling-models/fc0f2d45e2218ea24bce5045f58a389aed16dc23/config.json "HTTP/1.1 200 OK"
06:09:43 INFO     HTTP Request: GET https://huggingface.co/api/models/docling-project/docling-models/xet-read-token/fc0f2d45e2218ea24bce5045f58a389aed16dc23 "HTTP/1.1 200 OK"
06:09:43 INFO     HTTP Request: GET https://huggingface.co/api/resolve-cache/models/docling-project/docling-models/fc0f2d45e2218ea24bce5045f58a389aed16dc23/model_artifacts%2Ftableformer%2Ffast%2Ftm_config.json "HTTP/1.1 200 OK"
06:09:43 INFO     HTTP Request: GET https://huggingface.co/api/models/docling-project/docling-models/xet-read-token/fc0f2d45e2218ea24bce5045f58a389aed16dc23 "HTTP/1.1 200 OK"
06:09:44 INFO     Accelerator device: 'cpu'
06:09:45 INFO     Processing document agu_ptd_2025_2027_anexo_de_entregas_assinado_assinado_assinado-copia_tarjada.pdf
06:09:45 INFO     command: tesseract --psm 0 -l osd /tmp/tmpzsh9i845.png stdout
06:09:46 INFO     command: tesseract -l por /tmp/tmpzsh9i845.png stdout tsv
06:09:49 INFO     command: tesseract --psm 0 -l osd /tmp/tmpl0bq8f8x.png stdout
06:09:50 INFO     command: tesseract -l por /tmp/tmpl0bq8f8x.png stdout tsv
06:10:08 INFO     Finished converting document agu_ptd_2025_2027_anexo_de_entregas_assinado_assinado_assinado-copia_tarjada.pdf in 26.51 sec.
06:10:08 INFO       pixel_budget (Docling) agu_ptd_2025_2027_anexo_de_entregas_assinado_assinado_assinado-copia_tarjada.pdf: 45.8% (área tabelas/1001817 px²)
06:10:08 INFO     [1/15] ✓ AGU       :   33 entregas | 26.5s | ETA ~6min
06:10:08 INFO     [2/15] → agu_ptd_2025_2027_docdiretivo_assinado_assinado_assinado-copia_tarjada.pdf
06:10:08 INFO     detected formats: [<InputFormat.PDF: 'pdf'>]
06:10:08 INFO     Going to convert document batch...
06:10:08 INFO     Processing document agu_ptd_2025_2027_docdiretivo_assinado_assinado_assinado-copia_tarjada.pdf
06:10:09 INFO     command: tesseract --psm 0 -l osd /tmp/tmpaf8bkidk.png stdout
06:10:09 INFO     command: tesseract -l por /tmp/tmpaf8bkidk.png stdout tsv
06:10:11 INFO     command: tesseract --psm 0 -l osd /tmp/tmpje1hmdes.png stdout
06:10:12 INFO     command: tesseract -l por /tmp/tmpje1hmdes.png stdout tsv
06:10:15 INFO     command: tesseract --psm 0 -l osd /tmp/tmp06a6um7_.png stdout
06:10:15 INFO     command: tesseract -l por /tmp/tmp06a6um7_.png stdout tsv
06:10:18 INFO     command: tesseract --psm 0 -l osd /tmp/tmp_1dphrov.png stdout
06:10:18 INFO     command: tesseract -l por /tmp/tmp_1dphrov.png stdout tsv
06:10:21 INFO     command: tesseract --psm 0 -l osd /tmp/tmpegepynqe.png stdout
06:10:21 INFO     command: tesseract -l por /tmp/tmpegepynqe.png stdout tsv
06:10:24 INFO     command: tesseract --psm 0 -l osd /tmp/tmpxdnp2sy2.png stdout
06:10:25 INFO     command: tesseract -l por /tmp/tmpxdnp2sy2.png stdout tsv
06:10:35 INFO     command: tesseract --psm 0 -l osd /tmp/tmp8aq2r5q9.png stdout
06:10:36 INFO     command: tesseract -l por /tmp/tmp8aq2r5q9.png stdout tsv
06:10:38 INFO     command: tesseract --psm 0 -l osd /tmp/tmpv7d8bgpk.png stdout
06:10:39 INFO     command: tesseract -l por /tmp/tmpv7d8bgpk.png stdout tsv
06:10:41 INFO     command: tesseract --psm 0 -l osd /tmp/tmpb8hs_o3l.png stdout
06:10:42 INFO     command: tesseract -l por /tmp/tmpb8hs_o3l.png stdout tsv
06:10:44 INFO     command: tesseract --psm 0 -l osd /tmp/tmpy9k_ou06.png stdout
06:10:46 INFO     command: tesseract -l por /tmp/tmpy9k_ou06.png stdout tsv
06:11:02 INFO     command: tesseract --psm 0 -l osd /tmp/tmpg878d7wf.png stdout
06:11:02 INFO     command: tesseract -l por /tmp/tmpg878d7wf.png stdout tsv
06:11:06 INFO     Finished converting document agu_ptd_2025_2027_docdiretivo_assinado_assinado_assinado-copia_tarjada.pdf in 57.50 sec.
06:11:06 INFO       pixel_budget (Docling) agu_ptd_2025_2027_docdiretivo_assinado_assinado_assinado-copia_tarjada.pdf: 2.1% (área tabelas/5513330 px²)
06:11:06 INFO     [2/15] ✓ AGU       :    6 entregas | 57.5s | ETA ~9min
06:11:06 INFO     [3/15] → anexo-de-entregas-mcom_ptd-25_27-copia_tarjada.pdf
06:11:06 INFO     detected formats: [<InputFormat.PDF: 'pdf'>]
06:11:06 INFO     Going to convert document batch...
06:11:06 INFO     Processing document anexo-de-entregas-mcom_ptd-25_27-copia_tarjada.pdf
06:11:07 INFO     command: tesseract --psm 0 -l osd /tmp/tmpfnp3ds70.png stdout
06:11:07 INFO     command: tesseract -l por /tmp/tmpfnp3ds70.png stdout tsv
06:11:10 INFO     command: tesseract --psm 0 -l osd /tmp/tmpowjppgx7.png stdout
06:11:12 INFO     command: tesseract -l por /tmp/tmpowjppgx7.png stdout tsv
06:11:23 INFO     command: tesseract --psm 0 -l osd /tmp/tmp1iu19bc2.png stdout
06:11:23 INFO     command: tesseract -l por /tmp/tmp1iu19bc2.png stdout tsv
06:11:44 INFO     Finished converting document anexo-de-entregas-mcom_ptd-25_27-copia_tarjada.pdf in 38.18 sec.
06:11:44 INFO       pixel_budget (Docling) anexo-de-entregas-mcom_ptd-25_27-copia_tarjada.pdf: 55.2% (área tabelas/1503636 px²)
06:11:44 INFO     [3/15] ✓ MCOM      :   55 entregas | 38.2s | ETA ~8min
06:11:44 INFO     [4/15] → documento-diretivo-mcom-_-ptd-25_27-copia_tarjada.pdf
06:11:44 INFO     detected formats: [<InputFormat.PDF: 'pdf'>]
06:11:44 INFO     Going to convert document batch...
06:11:44 INFO     Processing document documento-diretivo-mcom-_-ptd-25_27-copia_tarjada.pdf
06:11:44 INFO     command: tesseract --psm 0 -l osd /tmp/tmpegfd3cp7.png stdout
06:11:45 INFO     command: tesseract -l por /tmp/tmpegfd3cp7.png stdout tsv
06:11:47 INFO     command: tesseract --psm 0 -l osd /tmp/tmphq7cn86g.png stdout
06:11:48 INFO     command: tesseract -l por /tmp/tmphq7cn86g.png stdout tsv
06:11:55 INFO     command: tesseract --psm 0 -l osd /tmp/tmpc3gx68_l.png stdout
06:11:55 INFO     command: tesseract -l por /tmp/tmpc3gx68_l.png stdout tsv
06:11:56 INFO     command: tesseract --psm 0 -l osd /tmp/tmp64l8wg7p.png stdout
06:11:57 INFO     command: tesseract -l por /tmp/tmp64l8wg7p.png stdout tsv
06:11:59 INFO     command: tesseract --psm 0 -l osd /tmp/tmp4bytgbwj.png stdout
06:12:00 INFO     command: tesseract -l por /tmp/tmp4bytgbwj.png stdout tsv
06:12:02 INFO     command: tesseract --psm 0 -l osd /tmp/tmpfwhl51ht.png stdout
06:12:04 INFO     command: tesseract -l por /tmp/tmpfwhl51ht.png stdout tsv
06:12:21 INFO     command: tesseract --psm 0 -l osd /tmp/tmpt121pbrw.png stdout
06:12:21 INFO     command: tesseract -l por /tmp/tmpt121pbrw.png stdout tsv
06:12:23 INFO     command: tesseract --psm 0 -l osd /tmp/tmpq6pp2ble.png stdout
06:12:24 INFO     command: tesseract -l por /tmp/tmpq6pp2ble.png stdout tsv
06:12:26 INFO     command: tesseract --psm 0 -l osd /tmp/tmp6qlpb7kd.png stdout
06:12:27 INFO     command: tesseract -l por /tmp/tmp6qlpb7kd.png stdout tsv
06:12:29 INFO     command: tesseract --psm 0 -l osd /tmp/tmpsge4vtr0.png stdout
06:12:30 INFO     command: tesseract -l por /tmp/tmpsge4vtr0.png stdout tsv
06:12:37 INFO     command: tesseract --psm 0 -l osd /tmp/tmp7obnn9li.png stdout
06:12:37 INFO     command: tesseract -l por /tmp/tmp7obnn9li.png stdout tsv
06:12:42 INFO     command: tesseract --psm 0 -l osd /tmp/tmp43byrz13.png stdout
06:12:43 INFO     command: tesseract -l por /tmp/tmp43byrz13.png stdout tsv
06:12:45 INFO     command: tesseract --psm 0 -l osd /tmp/tmpdwj576a4.png stdout
06:12:46 INFO     command: tesseract -l por /tmp/tmpdwj576a4.png stdout tsv
06:12:48 INFO     command: tesseract --psm 0 -l osd /tmp/tmpoh8yc0eb.png stdout
06:12:48 INFO     command: tesseract -l por /tmp/tmpoh8yc0eb.png stdout tsv
06:12:54 INFO     Finished converting document documento-diretivo-mcom-_-ptd-25_27-copia_tarjada.pdf in 70.45 sec.
06:12:54 INFO       pixel_budget (Docling) documento-diretivo-mcom-_-ptd-25_27-copia_tarjada.pdf: 10.8% (área tabelas/7016966 px²)
06:12:54 WARNING  [4/15] ⚠ MCOM      :    0 entregas | 70.5s | ETA ~8min
06:12:54 INFO     [5/15] → fiocruz-ptd-06_2024-copia_tarjada.pdf
06:12:54 INFO     detected formats: [<InputFormat.PDF: 'pdf'>]
06:12:54 INFO     Going to convert document batch...
06:12:54 INFO     Initializing pipeline for StandardPdfPipeline with options hash d18651824ca6fe56cf3ccb20424ac2c8
06:12:54 INFO     Accelerator device: 'cpu'
06:12:54 INFO     HTTP Request: GET https://huggingface.co/api/models/docling-project/docling-layout-heron/revision/main "HTTP/1.1 200 OK"
06:12:55 INFO     HTTP Request: GET https://huggingface.co/api/models/docling-project/docling-models/revision/v2.3.0 "HTTP/1.1 200 OK"
06:12:55 INFO     Accelerator device: 'cpu'
06:12:55 INFO     Processing document fiocruz-ptd-06_2024-copia_tarjada.pdf
06:14:03 INFO     Finished converting document fiocruz-ptd-06_2024-copia_tarjada.pdf in 68.87 sec.
06:14:03 INFO       pixel_budget (Docling) fiocruz-ptd-06_2024-copia_tarjada.pdf: 36.4% (área tabelas/7518178 px²)
06:14:03 WARNING  [5/15] ⚠ FIOCRUZ   :    0 entregas | 68.9s | ETA ~8min
06:14:03 INFO     [6/15] → fiocruz_novo-ptd_2-1_docdiretivo_repactuacao_2024-2026_assinado_assinado-copia_tarjada.pdf
06:14:03 INFO     detected formats: [<InputFormat.PDF: 'pdf'>]
06:14:03 INFO     Going to convert document batch...
06:14:03 INFO     Processing document fiocruz_novo-ptd_2-1_docdiretivo_repactuacao_2024-2026_assinado_assinado-copia_tarjada.pdf
06:14:21 INFO     Finished converting document fiocruz_novo-ptd_2-1_docdiretivo_repactuacao_2024-2026_assinado_assinado-copia_tarjada.pdf in 17.91 sec.
06:14:21 INFO       pixel_budget (Docling) fiocruz_novo-ptd_2-1_docdiretivo_repactuacao_2024-2026_assinado_assinado-copia_tarjada.pdf: 11.3% (área tabelas/5012118 px²)
06:14:21 WARNING  [6/15] ⚠ FIOCRUZ   :    0 entregas | 17.9s | ETA ~6min
06:14:21 INFO     [7/15] → fiocruz_ptd_anexo_de_entregas_assinado_v1_assinado_assinado-1-copia_tarjada.pdf
06:14:21 INFO     detected formats: [<InputFormat.PDF: 'pdf'>]
06:14:21 INFO     Going to convert document batch...
06:14:21 INFO     Processing document fiocruz_ptd_anexo_de_entregas_assinado_v1_assinado_assinado-1-copia_tarjada.pdf
06:14:54 INFO     Finished converting document fiocruz_ptd_anexo_de_entregas_assinado_v1_assinado_assinado-1-copia_tarjada.pdf in 32.82 sec.
06:14:54 INFO       pixel_budget (Docling) fiocruz_ptd_anexo_de_entregas_assinado_v1_assinado_assinado-1-copia_tarjada.pdf: 54.7% (área tabelas/2004847 px²)
06:14:54 INFO     [7/15] ✓ FIOCRUZ   :   62 entregas | 32.8s | ETA ~5min
06:14:54 INFO     [8/15] → funai_anexo_de_entregas_repactuado_2026_2027_assinado_assinado_assinado.pdf
06:14:54 INFO     detected formats: [<InputFormat.PDF: 'pdf'>]
06:14:54 INFO     Going to convert document batch...
06:14:54 INFO     Processing document funai_anexo_de_entregas_repactuado_2026_2027_assinado_assinado_assinado.pdf
06:14:55 INFO     command: tesseract --psm 0 -l osd /tmp/tmp8bnjtaa0.png stdout
06:14:56 INFO     command: tesseract -l por /tmp/tmp8bnjtaa0.png stdout tsv
06:15:09 INFO     Finished converting document funai_anexo_de_entregas_repactuado_2026_2027_assinado_assinado_assinado.pdf in 14.91 sec.
06:15:09 INFO       pixel_budget (Docling) funai_anexo_de_entregas_repactuado_2026_2027_assinado_assinado_assinado.pdf: 49.8% (área tabelas/501212 px²)
06:15:09 INFO     [8/15] ✓ FUNAI     :   22 entregas | 14.9s | ETA ~4min
06:15:09 INFO     [9/15] → funai_ptd_2025_2027_docdiretivo_assinado-1_tarjado.pdf
06:15:09 INFO     detected formats: [<InputFormat.PDF: 'pdf'>]
06:15:09 INFO     Going to convert document batch...
06:15:09 INFO     Processing document funai_ptd_2025_2027_docdiretivo_assinado-1_tarjado.pdf
06:15:10 INFO     command: tesseract --psm 0 -l osd /tmp/tmpo66eaeyz.png stdout
06:15:11 INFO     command: tesseract -l por /tmp/tmpo66eaeyz.png stdout tsv
06:15:12 INFO     command: tesseract --psm 0 -l osd /tmp/tmpt3md76zz.png stdout
06:15:14 INFO     command: tesseract -l por /tmp/tmpt3md76zz.png stdout tsv
06:15:16 INFO     command: tesseract --psm 0 -l osd /tmp/tmpibgg0bmy.png stdout
06:15:17 INFO     command: tesseract -l por /tmp/tmpibgg0bmy.png stdout tsv
06:15:19 INFO     command: tesseract --psm 0 -l osd /tmp/tmpvr5vws7c.png stdout
06:15:20 INFO     command: tesseract -l por /tmp/tmpvr5vws7c.png stdout tsv
06:15:22 INFO     command: tesseract --psm 0 -l osd /tmp/tmpkra1vwvk.png stdout
06:15:22 INFO     command: tesseract -l por /tmp/tmpkra1vwvk.png stdout tsv
06:15:24 INFO     command: tesseract --psm 0 -l osd /tmp/tmprscyevho.png stdout
06:15:26 INFO     command: tesseract -l por /tmp/tmprscyevho.png stdout tsv
06:15:35 INFO     command: tesseract --psm 0 -l osd /tmp/tmplonwc_lx.png stdout
06:15:35 INFO     command: tesseract -l por /tmp/tmplonwc_lx.png stdout tsv
06:15:37 INFO     command: tesseract --psm 0 -l osd /tmp/tmp3kam0tp3.png stdout
06:15:38 INFO     command: tesseract -l por /tmp/tmp3kam0tp3.png stdout tsv
06:15:39 INFO     command: tesseract --psm 0 -l osd /tmp/tmp9zmogn9q.png stdout
06:15:40 INFO     command: tesseract -l por /tmp/tmp9zmogn9q.png stdout tsv
06:15:41 INFO     command: tesseract --psm 0 -l osd /tmp/tmpz8phtz5d.png stdout
06:15:43 INFO     command: tesseract -l por /tmp/tmpz8phtz5d.png stdout tsv
06:16:05 INFO     command: tesseract --psm 0 -l osd /tmp/tmpq7ui6j4f.png stdout
06:16:06 INFO     command: tesseract -l por /tmp/tmpq7ui6j4f.png stdout tsv
06:16:07 INFO     command: tesseract --psm 0 -l osd /tmp/tmpflv7q78w.png stdout
06:16:08 INFO     command: tesseract -l por /tmp/tmpflv7q78w.png stdout tsv
06:16:10 INFO     command: tesseract --psm 0 -l osd /tmp/tmpxj_wrdnk.png stdout
06:16:11 INFO     command: tesseract -l por /tmp/tmpxj_wrdnk.png stdout tsv
06:16:17 INFO     Finished converting document funai_ptd_2025_2027_docdiretivo_assinado-1_tarjado.pdf in 68.22 sec.
06:16:17 INFO       pixel_budget (Docling) funai_ptd_2025_2027_docdiretivo_assinado-1_tarjado.pdf: 16.4% (área tabelas/6515754 px²)
06:16:17 INFO     [9/15] ✓ FUNAI     :    8 entregas | 68.2s | ETA ~4min
06:16:17 INFO     [10/15] → incra_anexo_de_entregas_assinado-1_assinado_assinado-copia_tarjada.pdf
06:16:17 INFO     detected formats: [<InputFormat.PDF: 'pdf'>]
06:16:17 INFO     Going to convert document batch...
06:16:17 INFO     Processing document incra_anexo_de_entregas_assinado-1_assinado_assinado-copia_tarjada.pdf
06:16:18 INFO     command: tesseract --psm 0 -l osd /tmp/tmp0ao5tdvu.png stdout
06:16:19 INFO     command: tesseract -l por /tmp/tmp0ao5tdvu.png stdout tsv
06:16:22 INFO     command: tesseract --psm 0 -l osd /tmp/tmpaggrapyi.png stdout
06:16:23 INFO     command: tesseract -l por /tmp/tmpaggrapyi.png stdout tsv
06:16:30 INFO     command: tesseract --psm 0 -l osd /tmp/tmp4ipo4y4l.png stdout
06:16:31 INFO     command: tesseract -l por /tmp/tmp4ipo4y4l.png stdout tsv
06:16:32 INFO     command: tesseract --psm 0 -l osd /tmp/tmp4neab7te.png stdout
06:16:33 INFO     command: tesseract -l por /tmp/tmp4neab7te.png stdout tsv
06:16:35 INFO     command: tesseract --psm 0 -l osd /tmp/tmpygrt9am7.png stdout
06:16:36 INFO     command: tesseract -l por /tmp/tmpygrt9am7.png stdout tsv
06:18:05 INFO     Finished converting document incra_anexo_de_entregas_assinado-1_assinado_assinado-copia_tarjada.pdf in 107.75 sec.
06:18:05 INFO       pixel_budget (Docling) incra_anexo_de_entregas_assinado-1_assinado_assinado-copia_tarjada.pdf: 30.0% (área tabelas/2423520 px²)
06:18:05 INFO     [10/15] ✓ INCRA     :   11 entregas | 107.8s | ETA ~4min
06:18:05 INFO     [11/15] → incra_ptd_docdiretivo__assinado-1_assinado_assinado-copia_tarjada.pdf
06:18:05 INFO     detected formats: [<InputFormat.PDF: 'pdf'>]
06:18:05 INFO     Going to convert document batch...
06:18:05 INFO     Processing document incra_ptd_docdiretivo__assinado-1_assinado_assinado-copia_tarjada.pdf
06:18:06 INFO     command: tesseract --psm 0 -l osd /tmp/tmpgp15iegu.png stdout
06:18:07 INFO     command: tesseract -l por /tmp/tmpgp15iegu.png stdout tsv
06:18:09 INFO     command: tesseract --psm 0 -l osd /tmp/tmp0msdiphl.png stdout
06:18:11 INFO     command: tesseract -l por /tmp/tmp0msdiphl.png stdout tsv
06:18:16 INFO     command: tesseract --psm 0 -l osd /tmp/tmpc9bkd8b9.png stdout
06:18:17 INFO     command: tesseract -l por /tmp/tmpc9bkd8b9.png stdout tsv
06:18:19 INFO     command: tesseract --psm 0 -l osd /tmp/tmp3b17yve2.png stdout
06:18:20 INFO     command: tesseract -l por /tmp/tmp3b17yve2.png stdout tsv
06:18:21 INFO     command: tesseract --psm 0 -l osd /tmp/tmpttio3_jl.png stdout
06:18:22 INFO     command: tesseract -l por /tmp/tmpttio3_jl.png stdout tsv
06:18:24 INFO     command: tesseract --psm 0 -l osd /tmp/tmp1cjowsb5.png stdout
06:18:25 INFO     command: tesseract -l por /tmp/tmp1cjowsb5.png stdout tsv
06:18:43 INFO     command: tesseract --psm 0 -l osd /tmp/tmpnpi5t3o5.png stdout
06:18:43 INFO     command: tesseract -l por /tmp/tmpnpi5t3o5.png stdout tsv
06:18:45 INFO     command: tesseract --psm 0 -l osd /tmp/tmpwz5evb9d.png stdout
06:18:46 INFO     command: tesseract -l por /tmp/tmpwz5evb9d.png stdout tsv
06:18:47 INFO     command: tesseract --psm 0 -l osd /tmp/tmpb5q10xdj.png stdout
06:18:48 INFO     command: tesseract -l por /tmp/tmpb5q10xdj.png stdout tsv
06:18:50 INFO     command: tesseract --psm 0 -l osd /tmp/tmpnbr9r3xh.png stdout
06:18:51 INFO     command: tesseract -l por /tmp/tmpnbr9r3xh.png stdout tsv
06:18:55 INFO     command: tesseract --psm 0 -l osd /tmp/tmpc3alobx4.png stdout
06:18:55 INFO     command: tesseract -l por /tmp/tmpc3alobx4.png stdout tsv
06:19:02 INFO     command: tesseract --psm 0 -l osd /tmp/tmp7hxi7sdb.png stdout
06:19:03 INFO     command: tesseract -l por /tmp/tmp7hxi7sdb.png stdout tsv
06:19:08 INFO     command: tesseract --psm 0 -l osd /tmp/tmprvgcp2np.png stdout
06:19:09 INFO     command: tesseract -l por /tmp/tmprvgcp2np.png stdout tsv
06:19:16 INFO     Finished converting document incra_ptd_docdiretivo__assinado-1_assinado_assinado-copia_tarjada.pdf in 71.46 sec.
06:19:16 INFO       pixel_budget (Docling) incra_ptd_docdiretivo__assinado-1_assinado_assinado-copia_tarjada.pdf: 20.2% (área tabelas/6515754 px²)
06:19:16 INFO     [11/15] ✓ INCRA     :    9 entregas | 71.5s | ETA ~3min
06:19:16 INFO     [12/15] → iti_anexo_de_entregas_assinado.pdf
06:19:16 INFO     detected formats: [<InputFormat.PDF: 'pdf'>]
06:19:16 INFO     Going to convert document batch...
06:19:16 INFO     Processing document iti_anexo_de_entregas_assinado.pdf
06:19:17 INFO     command: tesseract --psm 0 -l osd /tmp/tmp_gl7ctbi.png stdout
06:19:18 INFO     command: tesseract -l por /tmp/tmp_gl7ctbi.png stdout tsv
06:19:34 INFO     Finished converting document iti_anexo_de_entregas_assinado.pdf in 17.37 sec.
06:19:34 INFO       pixel_budget (Docling) iti_anexo_de_entregas_assinado.pdf: 57.2% (área tabelas/501212 px²)
06:19:34 INFO     [12/15] ✓ ITI       :   31 entregas | 17.4s | ETA ~2min
06:19:34 INFO     [13/15] → iti_doc_diretivo_assinado-1_tarjado.pdf
06:19:34 INFO     detected formats: [<InputFormat.PDF: 'pdf'>]
06:19:34 INFO     Going to convert document batch...
06:19:34 INFO     Processing document iti_doc_diretivo_assinado-1_tarjado.pdf
06:19:34 INFO     command: tesseract --psm 0 -l osd /tmp/tmpushgdlu0.png stdout
06:19:35 INFO     command: tesseract -l por /tmp/tmpushgdlu0.png stdout tsv
06:19:37 INFO     command: tesseract --psm 0 -l osd /tmp/tmpuii8e6w5.png stdout
06:19:38 INFO     command: tesseract -l por /tmp/tmpuii8e6w5.png stdout tsv
06:19:44 INFO     command: tesseract --psm 0 -l osd /tmp/tmptvidb6c0.png stdout
06:19:44 INFO     command: tesseract -l por /tmp/tmptvidb6c0.png stdout tsv
06:19:46 INFO     command: tesseract --psm 0 -l osd /tmp/tmpffvv8y8_.png stdout
06:19:47 INFO     command: tesseract -l por /tmp/tmpffvv8y8_.png stdout tsv
06:19:49 INFO     command: tesseract --psm 0 -l osd /tmp/tmpc1sdvn1h.png stdout
06:19:49 INFO     command: tesseract -l por /tmp/tmpc1sdvn1h.png stdout tsv
06:19:51 INFO     command: tesseract --psm 0 -l osd /tmp/tmpl80njims.png stdout
06:19:53 INFO     command: tesseract -l por /tmp/tmpl80njims.png stdout tsv
06:20:09 INFO     command: tesseract --psm 0 -l osd /tmp/tmp9dp5arjy.png stdout
06:20:10 INFO     command: tesseract -l por /tmp/tmp9dp5arjy.png stdout tsv
06:20:12 INFO     command: tesseract --psm 0 -l osd /tmp/tmpeqpbji1s.png stdout
06:20:13 INFO     command: tesseract -l por /tmp/tmpeqpbji1s.png stdout tsv
06:20:15 INFO     command: tesseract --psm 0 -l osd /tmp/tmp8xw6wld9.png stdout
06:20:16 INFO     command: tesseract -l por /tmp/tmp8xw6wld9.png stdout tsv
06:20:18 INFO     command: tesseract --psm 0 -l osd /tmp/tmp1qcohxqt.png stdout
06:20:19 INFO     command: tesseract -l por /tmp/tmp1qcohxqt.png stdout tsv
06:20:28 INFO     command: tesseract --psm 0 -l osd /tmp/tmpcni1439x.png stdout
06:20:29 INFO     command: tesseract -l por /tmp/tmpcni1439x.png stdout tsv
06:20:34 INFO     Finished converting document iti_doc_diretivo_assinado-1_tarjado.pdf in 59.87 sec.
06:20:34 INFO       pixel_budget (Docling) iti_doc_diretivo_assinado-1_tarjado.pdf: 8.0% (área tabelas/5516339 px²)
06:20:34 INFO     [13/15] ✓ ITI       :    6 entregas | 59.9s | ETA ~1min
06:20:34 INFO     [14/15] → sgpr_ptd_2025_2027_anexo_de_entregas_assinado-copia_tarjada.pdf
06:20:34 INFO     detected formats: [<InputFormat.PDF: 'pdf'>]
06:20:34 INFO     Going to convert document batch...
06:20:34 INFO     Processing document sgpr_ptd_2025_2027_anexo_de_entregas_assinado-copia_tarjada.pdf
06:20:34 INFO     command: tesseract --psm 0 -l osd /tmp/tmpb9k2yqeh.png stdout
06:20:35 INFO     command: tesseract -l por /tmp/tmpb9k2yqeh.png stdout tsv
06:20:38 INFO     command: tesseract --psm 0 -l osd /tmp/tmptpmzxjv4.png stdout
06:20:39 INFO     command: tesseract -l por /tmp/tmptpmzxjv4.png stdout tsv
06:20:52 INFO     Finished converting document sgpr_ptd_2025_2027_anexo_de_entregas_assinado-copia_tarjada.pdf in 18.24 sec.
06:20:52 INFO       pixel_budget (Docling) sgpr_ptd_2025_2027_anexo_de_entregas_assinado-copia_tarjada.pdf: 29.5% (área tabelas/1002424 px²)
06:20:52 INFO     [14/15] ✓ SGPR      :   18 entregas | 18.3s | ETA ~48s
06:20:52 INFO     [15/15] → sgpr_ptd_2026_2027_docdiretivo_assinado-copia_tarjada.pdf
06:20:52 INFO     detected formats: [<InputFormat.PDF: 'pdf'>]
06:20:52 INFO     Going to convert document batch...
06:20:52 INFO     Processing document sgpr_ptd_2026_2027_docdiretivo_assinado-copia_tarjada.pdf
06:21:12 INFO     Finished converting document sgpr_ptd_2026_2027_docdiretivo_assinado-copia_tarjada.pdf in 19.72 sec.
06:21:12 INFO       pixel_budget (Docling) sgpr_ptd_2026_2027_docdiretivo_assinado-copia_tarjada.pdf: 8.2% (área tabelas/5513330 px²)
06:21:12 WARNING  [15/15] ⚠ SGPR      :    0 entregas | 19.7s | ETA ~0s
06:21:12 INFO     261 registros | 7 órgãos
06:21:12 INFO     ╔══════════════════════════════════════════════════════════════╗
06:21:12 INFO     ║                  ENTREGAS — fase concluída                   ║
06:21:12 INFO     ║  Processados: 15    |  ✓ 11  ⚠ 4                             ║
06:21:12 INFO     ║  Duração: 11.5 min                                           ║
06:21:12 INFO     ║  261 registros | 7 órgãos                                    ║
06:21:12 INFO     ╚══════════════════════════════════════════════════════════════╝
06:21:12 INFO     [1/7] → agu_ptd_2025_2027_docdiretivo_assinado_assinado_assinado-copia_tarjada.pdf
06:21:12 INFO     detected formats: [<InputFormat.PDF: 'pdf'>]
06:21:12 INFO     Going to convert document batch...
06:21:12 INFO     Processing document agu_ptd_2025_2027_docdiretivo_assinado_assinado_assinado-copia_tarjada.pdf
06:21:12 INFO     command: tesseract --psm 0 -l osd /tmp/tmpd74tqw9_.png stdout
06:21:12 INFO     command: tesseract -l por /tmp/tmpd74tqw9_.png stdout tsv
06:21:15 INFO     command: tesseract --psm 0 -l osd /tmp/tmpl8motz1_.png stdout
06:21:16 INFO     command: tesseract -l por /tmp/tmpl8motz1_.png stdout tsv
06:21:20 INFO     command: tesseract --psm 0 -l osd /tmp/tmpxyzc8mxa.png stdout
06:21:21 INFO     command: tesseract -l por /tmp/tmpxyzc8mxa.png stdout tsv
06:21:23 INFO     command: tesseract --psm 0 -l osd /tmp/tmppkcc2s3w.png stdout
06:21:24 INFO     command: tesseract -l por /tmp/tmppkcc2s3w.png stdout tsv
06:21:26 INFO     command: tesseract --psm 0 -l osd /tmp/tmp824fwxri.png stdout
06:21:26 INFO     command: tesseract -l por /tmp/tmp824fwxri.png stdout tsv
06:21:29 INFO     command: tesseract --psm 0 -l osd /tmp/tmpbps56a7g.png stdout
06:21:30 INFO     command: tesseract -l por /tmp/tmpbps56a7g.png stdout tsv
06:21:40 INFO     command: tesseract --psm 0 -l osd /tmp/tmpg28dere1.png stdout
06:21:41 INFO     command: tesseract -l por /tmp/tmpg28dere1.png stdout tsv
06:21:43 INFO     command: tesseract --psm 0 -l osd /tmp/tmp7nkz2tyn.png stdout
06:21:44 INFO     command: tesseract -l por /tmp/tmp7nkz2tyn.png stdout tsv
06:21:46 INFO     command: tesseract --psm 0 -l osd /tmp/tmpijpl_h0n.png stdout
06:21:47 INFO     command: tesseract -l por /tmp/tmpijpl_h0n.png stdout tsv
06:21:49 INFO     command: tesseract --psm 0 -l osd /tmp/tmptbgbuk9z.png stdout
06:21:51 INFO     command: tesseract -l por /tmp/tmptbgbuk9z.png stdout tsv
06:22:05 INFO     command: tesseract --psm 0 -l osd /tmp/tmp_b2kgsgg.png stdout
06:22:06 INFO     command: tesseract -l por /tmp/tmp_b2kgsgg.png stdout tsv
06:22:10 INFO     Finished converting document agu_ptd_2025_2027_docdiretivo_assinado_assinado_assinado-copia_tarjada.pdf in 58.11 sec.
06:22:10 INFO     [1/7] ✓ AGU       :   7 riscos | 58.1s | ETA ~5min
06:22:10 INFO     [2/7] → documento-diretivo-mcom-_-ptd-25_27-copia_tarjada.pdf
06:22:10 INFO     detected formats: [<InputFormat.PDF: 'pdf'>]
06:22:10 INFO     Going to convert document batch...
06:22:10 INFO     Processing document documento-diretivo-mcom-_-ptd-25_27-copia_tarjada.pdf
06:22:10 INFO     command: tesseract --psm 0 -l osd /tmp/tmpmo9v4zg2.png stdout
06:22:11 INFO     command: tesseract -l por /tmp/tmpmo9v4zg2.png stdout tsv
06:22:13 INFO     command: tesseract --psm 0 -l osd /tmp/tmpcogedts6.png stdout
06:22:15 INFO     command: tesseract -l por /tmp/tmpcogedts6.png stdout tsv
06:22:20 INFO     command: tesseract --psm 0 -l osd /tmp/tmpq4w7y1gf.png stdout
06:22:21 INFO     command: tesseract -l por /tmp/tmpq4w7y1gf.png stdout tsv
06:22:22 INFO     command: tesseract --psm 0 -l osd /tmp/tmpin5eh_4m.png stdout
06:22:23 INFO     command: tesseract -l por /tmp/tmpin5eh_4m.png stdout tsv
06:22:25 INFO     command: tesseract --psm 0 -l osd /tmp/tmphg75hej8.png stdout
06:22:26 INFO     command: tesseract -l por /tmp/tmphg75hej8.png stdout tsv
06:22:28 INFO     command: tesseract --psm 0 -l osd /tmp/tmp5imorgx_.png stdout
06:22:30 INFO     command: tesseract -l por /tmp/tmp5imorgx_.png stdout tsv
06:22:47 INFO     command: tesseract --psm 0 -l osd /tmp/tmpj5266i6x.png stdout
06:22:48 INFO     command: tesseract -l por /tmp/tmpj5266i6x.png stdout tsv
06:22:50 INFO     command: tesseract --psm 0 -l osd /tmp/tmpxr8m7531.png stdout
06:22:50 INFO     command: tesseract -l por /tmp/tmpxr8m7531.png stdout tsv
06:22:53 INFO     command: tesseract --psm 0 -l osd /tmp/tmp66dmckqi.png stdout
06:22:53 INFO     command: tesseract -l por /tmp/tmp66dmckqi.png stdout tsv
06:22:55 INFO     command: tesseract --psm 0 -l osd /tmp/tmp4c298zw5.png stdout
06:22:57 INFO     command: tesseract -l por /tmp/tmp4c298zw5.png stdout tsv
06:23:04 INFO     command: tesseract --psm 0 -l osd /tmp/tmpjnznlppv.png stdout
06:23:05 INFO     command: tesseract -l por /tmp/tmpjnznlppv.png stdout tsv
06:23:09 INFO     command: tesseract --psm 0 -l osd /tmp/tmpjfl2tshw.png stdout
06:23:09 INFO     command: tesseract -l por /tmp/tmpjfl2tshw.png stdout tsv
06:23:11 INFO     command: tesseract --psm 0 -l osd /tmp/tmpxunf3z22.png stdout
06:23:12 INFO     command: tesseract -l por /tmp/tmpxunf3z22.png stdout tsv
06:23:14 INFO     command: tesseract --psm 0 -l osd /tmp/tmp5avn3kc8.png stdout
06:23:15 INFO     command: tesseract -l por /tmp/tmp5avn3kc8.png stdout tsv
06:23:21 INFO     Finished converting document documento-diretivo-mcom-_-ptd-25_27-copia_tarjada.pdf in 71.20 sec.
06:23:21 INFO     [2/7] ✓ MCOM      :  14 riscos | 71.2s | ETA ~5min
06:23:21 INFO     [3/7] → fiocruz_novo-ptd_2-1_docdiretivo_repactuacao_2024-2026_assinado_assinado-copia_tarjada.pdf
06:23:21 INFO     detected formats: [<InputFormat.PDF: 'pdf'>]
06:23:21 INFO     Going to convert document batch...
06:23:21 INFO     Processing document fiocruz_novo-ptd_2-1_docdiretivo_repactuacao_2024-2026_assinado_assinado-copia_tarjada.pdf
06:23:38 INFO     Finished converting document fiocruz_novo-ptd_2-1_docdiretivo_repactuacao_2024-2026_assinado_assinado-copia_tarjada.pdf in 17.56 sec.
06:23:38 INFO     [3/7] ✓ FIOCRUZ   :   6 riscos | 17.6s | ETA ~3min
06:23:38 INFO     [4/7] → funai_ptd_2025_2027_docdiretivo_assinado-1_tarjado.pdf
06:23:38 INFO     detected formats: [<InputFormat.PDF: 'pdf'>]
06:23:38 INFO     Going to convert document batch...
06:23:38 INFO     Processing document funai_ptd_2025_2027_docdiretivo_assinado-1_tarjado.pdf
06:23:40 INFO     command: tesseract --psm 0 -l osd /tmp/tmp3l4tdlum.png stdout
06:23:41 INFO     command: tesseract -l por /tmp/tmp3l4tdlum.png stdout tsv
06:23:42 INFO     command: tesseract --psm 0 -l osd /tmp/tmpq3xrvnus.png stdout
06:23:43 INFO     command: tesseract -l por /tmp/tmpq3xrvnus.png stdout tsv
06:23:47 INFO     command: tesseract --psm 0 -l osd /tmp/tmpz6n2yccg.png stdout
06:23:48 INFO     command: tesseract -l por /tmp/tmpz6n2yccg.png stdout tsv
06:23:49 INFO     command: tesseract --psm 0 -l osd /tmp/tmpsncy741e.png stdout
06:23:50 INFO     command: tesseract -l por /tmp/tmpsncy741e.png stdout tsv
06:23:52 INFO     command: tesseract --psm 0 -l osd /tmp/tmprcw06xno.png stdout
06:23:53 INFO     command: tesseract -l por /tmp/tmprcw06xno.png stdout tsv
06:23:55 INFO     command: tesseract --psm 0 -l osd /tmp/tmp7e6ncycu.png stdout
06:23:56 INFO     command: tesseract -l por /tmp/tmp7e6ncycu.png stdout tsv
06:24:07 INFO     command: tesseract --psm 0 -l osd /tmp/tmp2eo_jovm.png stdout
06:24:07 INFO     command: tesseract -l por /tmp/tmp2eo_jovm.png stdout tsv
06:24:09 INFO     command: tesseract --psm 0 -l osd /tmp/tmpv_49utzq.png stdout
06:24:09 INFO     command: tesseract -l por /tmp/tmpv_49utzq.png stdout tsv
06:24:11 INFO     command: tesseract --psm 0 -l osd /tmp/tmpuahfhj2x.png stdout
06:24:12 INFO     command: tesseract -l por /tmp/tmpuahfhj2x.png stdout tsv
06:24:13 INFO     command: tesseract --psm 0 -l osd /tmp/tmp6jy3b3ac.png stdout
06:24:15 INFO     command: tesseract -l por /tmp/tmp6jy3b3ac.png stdout tsv
06:24:32 INFO     command: tesseract --psm 0 -l osd /tmp/tmpqbz7e5vh.png stdout
06:24:33 INFO     command: tesseract -l por /tmp/tmpqbz7e5vh.png stdout tsv
06:24:36 INFO     command: tesseract --psm 0 -l osd /tmp/tmp51tvl7t8.png stdout
06:24:37 INFO     command: tesseract -l por /tmp/tmp51tvl7t8.png stdout tsv
06:24:39 INFO     command: tesseract --psm 0 -l osd /tmp/tmp8qazas9s.png stdout
06:24:40 INFO     command: tesseract -l por /tmp/tmp8qazas9s.png stdout tsv
06:24:46 INFO     Finished converting document funai_ptd_2025_2027_docdiretivo_assinado-1_tarjado.pdf in 67.75 sec.
06:24:46 INFO     [4/7] ✓ FUNAI     :  15 riscos | 67.8s | ETA ~2min
06:24:46 INFO     [5/7] → incra_ptd_docdiretivo__assinado-1_assinado_assinado-copia_tarjada.pdf
06:24:46 INFO     detected formats: [<InputFormat.PDF: 'pdf'>]
06:24:46 INFO     Going to convert document batch...
06:24:46 INFO     Processing document incra_ptd_docdiretivo__assinado-1_assinado_assinado-copia_tarjada.pdf
06:24:47 INFO     command: tesseract --psm 0 -l osd /tmp/tmpz35mle_5.png stdout
06:24:48 INFO     command: tesseract -l por /tmp/tmpz35mle_5.png stdout tsv
06:24:50 INFO     command: tesseract --psm 0 -l osd /tmp/tmp77e_b75p.png stdout
06:24:51 INFO     command: tesseract -l por /tmp/tmp77e_b75p.png stdout tsv
06:24:57 INFO     command: tesseract --psm 0 -l osd /tmp/tmpzx1c4j9t.png stdout
06:24:58 INFO     command: tesseract -l por /tmp/tmpzx1c4j9t.png stdout tsv
06:25:00 INFO     command: tesseract --psm 0 -l osd /tmp/tmpagy_ro54.png stdout
06:25:01 INFO     command: tesseract -l por /tmp/tmpagy_ro54.png stdout tsv
06:25:03 INFO     command: tesseract --psm 0 -l osd /tmp/tmp1k4pk9ez.png stdout
06:25:03 INFO     command: tesseract -l por /tmp/tmp1k4pk9ez.png stdout tsv
06:25:05 INFO     command: tesseract --psm 0 -l osd /tmp/tmpbj2q1j8s.png stdout
06:25:07 INFO     command: tesseract -l por /tmp/tmpbj2q1j8s.png stdout tsv
06:25:23 INFO     command: tesseract --psm 0 -l osd /tmp/tmphnerkoxx.png stdout
06:25:24 INFO     command: tesseract -l por /tmp/tmphnerkoxx.png stdout tsv
06:25:25 INFO     command: tesseract --psm 0 -l osd /tmp/tmpzk4ezw8o.png stdout
06:25:26 INFO     command: tesseract -l por /tmp/tmpzk4ezw8o.png stdout tsv
06:25:27 INFO     command: tesseract --psm 0 -l osd /tmp/tmp8afa8_7h.png stdout
06:25:28 INFO     command: tesseract -l por /tmp/tmp8afa8_7h.png stdout tsv
06:25:30 INFO     command: tesseract --psm 0 -l osd /tmp/tmp96k4muf2.png stdout
06:25:31 INFO     command: tesseract -l por /tmp/tmp96k4muf2.png stdout tsv
06:25:37 INFO     command: tesseract --psm 0 -l osd /tmp/tmpavy9b21p.png stdout
06:25:38 INFO     command: tesseract -l por /tmp/tmpavy9b21p.png stdout tsv
06:25:43 INFO     command: tesseract --psm 0 -l osd /tmp/tmpxu3unrs6.png stdout
06:25:44 INFO     command: tesseract -l por /tmp/tmpxu3unrs6.png stdout tsv
06:25:49 INFO     command: tesseract --psm 0 -l osd /tmp/tmp0u8uy4l3.png stdout
06:25:49 INFO     command: tesseract -l por /tmp/tmp0u8uy4l3.png stdout tsv
06:25:57 INFO     Finished converting document incra_ptd_docdiretivo__assinado-1_assinado_assinado-copia_tarjada.pdf in 70.44 sec.
06:25:57 INFO     [5/7] ✓ INCRA     :  15 riscos | 70.5s | ETA ~1min
06:25:57 INFO     [6/7] → iti_doc_diretivo_assinado-1_tarjado.pdf
06:25:57 INFO     detected formats: [<InputFormat.PDF: 'pdf'>]
06:25:57 INFO     Going to convert document batch...
06:25:57 INFO     Processing document iti_doc_diretivo_assinado-1_tarjado.pdf
06:25:57 INFO     command: tesseract --psm 0 -l osd /tmp/tmp8yatow6m.png stdout
06:25:58 INFO     command: tesseract -l por /tmp/tmp8yatow6m.png stdout tsv
06:26:00 INFO     command: tesseract --psm 0 -l osd /tmp/tmp1okms190.png stdout
06:26:02 INFO     command: tesseract -l por /tmp/tmp1okms190.png stdout tsv
06:26:05 INFO     command: tesseract --psm 0 -l osd /tmp/tmphebcrh19.png stdout
06:26:06 INFO     command: tesseract -l por /tmp/tmphebcrh19.png stdout tsv
06:26:08 INFO     command: tesseract --psm 0 -l osd /tmp/tmpitgrg4aa.png stdout
06:26:08 INFO     command: tesseract -l por /tmp/tmpitgrg4aa.png stdout tsv
06:26:10 INFO     command: tesseract --psm 0 -l osd /tmp/tmpr_ebavsv.png stdout
06:26:11 INFO     command: tesseract -l por /tmp/tmpr_ebavsv.png stdout tsv
06:26:13 INFO     command: tesseract --psm 0 -l osd /tmp/tmpe_pkxxjm.png stdout
06:26:14 INFO     command: tesseract -l por /tmp/tmpe_pkxxjm.png stdout tsv
06:26:29 INFO     command: tesseract --psm 0 -l osd /tmp/tmp8af3dgds.png stdout
06:26:30 INFO     command: tesseract -l por /tmp/tmp8af3dgds.png stdout tsv
06:26:32 INFO     command: tesseract --psm 0 -l osd /tmp/tmpgi12chnu.png stdout
06:26:33 INFO     command: tesseract -l por /tmp/tmpgi12chnu.png stdout tsv
06:26:35 INFO     command: tesseract --psm 0 -l osd /tmp/tmpqqqf8vhy.png stdout
06:26:36 INFO     command: tesseract -l por /tmp/tmpqqqf8vhy.png stdout tsv
06:26:38 INFO     command: tesseract --psm 0 -l osd /tmp/tmp589emrem.png stdout
06:26:39 INFO     command: tesseract -l por /tmp/tmp589emrem.png stdout tsv
06:26:52 INFO     command: tesseract --psm 0 -l osd /tmp/tmp818g6d7_.png stdout
06:26:53 INFO     command: tesseract -l por /tmp/tmp818g6d7_.png stdout tsv
06:26:56 INFO     Finished converting document iti_doc_diretivo_assinado-1_tarjado.pdf in 59.74 sec.
06:26:56 INFO     [6/7] ✓ ITI       :  14 riscos | 59.8s | ETA ~57s
06:26:56 INFO     [7/7] → sgpr_ptd_2026_2027_docdiretivo_assinado-copia_tarjada.pdf
06:26:56 INFO     detected formats: [<InputFormat.PDF: 'pdf'>]
06:26:56 INFO     Going to convert document batch...
06:26:56 INFO     Processing document sgpr_ptd_2026_2027_docdiretivo_assinado-copia_tarjada.pdf
06:27:16 INFO     Finished converting document sgpr_ptd_2026_2027_docdiretivo_assinado-copia_tarjada.pdf in 19.85 sec.
06:27:16 INFO     [7/7] ✓ SGPR      :  10 riscos | 19.9s | ETA ~0s
06:27:16 INFO     ╔══════════════════════════════════════════════════════════════╗
06:27:16 INFO     ║                   RISCOS — fase concluída                    ║
06:27:16 INFO     ║  Processados: 7     |  ✓ 7  ⚠ 0                              ║
06:27:16 INFO     ║  Duração: 6.1 min                                            ║
06:27:16 INFO     ║  81 riscos | 7 órgãos                                        ║
06:27:16 INFO     ╚══════════════════════════════════════════════════════════════╝
06:27:16 INFO     81 riscos | 0 ações | 135 relações
06:27:16 INFO     ptd_corpus_raw                     : 261 linhas
06:27:16 INFO     ptd_pivot_eixos                    : 7 linhas
06:27:20 INFO     ptd_datas_assinatura               : 132 linhas
06:27:20 INFO     ptd_riscos                         : 81 linhas
06:27:20 INFO     ptd_riscos_acoes                   : 135 linhas
06:27:20 INFO     Manifesto salvo: pipeline_manifest.json | SHA-256 de 132 PDFs
06:27:20 INFO     ==================================================
06:27:20 INFO     PTD-BR v3.0-melhorado — PIPELINE CONCLUÍDO
06:27:20 INFO     ==================================================
06:27:20 INFO     ptd_corpus_raw.csv                        160 KB
06:27:20 INFO     ptd_pivot_eixos.csv                         0 KB
06:27:20 INFO     ptd_datas_assinatura.csv                    9 KB
06:27:20 INFO     ptd_riscos.csv                             23 KB
06:27:20 INFO     ptd_riscos_acoes.csv                        2 KB
06:27:20 INFO     proveniencia.json                           0 KB
06:27:20 INFO     pipeline_manifest.json                     20 KB
06:27:20 INFO     📦 Artefatos: https://github.com/freirelucas/teste/actions/runs/23995534142
06:27:20 INFO     ==================================================
