17:35:48 INFO     Docling disponível
17:35:48 WARNING  OCR fallback indisponível (IndentationError: unexpected indent (ptd_ocr_fallback.py, line 45))
17:35:48 INFO     Ignorado (guia/template/norma): ABNT-NBR-17225-Acessibilidade-Digital.pdf
17:35:48 INFO     Ignorado (guia/template/norma): cgrep-guia10passos-ptd-orgao.pdf
17:35:48 INFO     Ignorado (guia/template/norma): ABNT-NBR-17225-Acessibilidade-Digital.pdf
17:35:48 INFO     Scraping: 132 PDFs únicos | entregas: 68 | diretivos: 61
17:35:48 INFO     Baixando 132 PDFs únicos...
17:35:50 INFO     ✓ [  1/132] abin_ptd_anexo_de_entregas_assinado_pelo_orgao_ass   293.3KB
17:35:54 INFO     ✓ [  2/132] aeb_ptd_2025_2027_docdiretivo_aprovado_assinado-1_  1033.7KB
17:35:56 INFO     ✓ [  3/132] aeb_ptd_2025_2027_anexo_de_entregas_aprovado_assin   154.5KB
17:36:01 INFO     ✓ [  4/132] agu_ptd_2025_2027_docdiretivo_assinado_assinado_as  2860.3KB
17:36:04 INFO     ✓ [  5/132] agu_ptd_2025_2027_anexo_de_entregas_assinado_assin   525.5KB
17:36:07 INFO     ✓ [  6/132] ana_ptd_2025_2027_docdiretivo_assinado_assinado_as   477.2KB
17:36:09 INFO     ✓ [  7/132] ana_ptd_2025_2027_anexoentregas_assinado_assinado_   170.9KB
17:36:12 INFO     ✓ [  8/132] anac_ptd_2025_2026_docdiretivo_se_assinado_tarjado  1036.3KB
17:36:15 INFO     ✓ [  9/132] anac_ptd_2025_2026_anexo_de_entregas_se_assinado.p   215.2KB
17:36:18 INFO     ✓ [ 10/132] anatel_ptd_docdiretivo_assinado_2025_2026_assinado  1006.0KB
17:36:20 INFO     ✓ [ 11/132] anatel_ptd_2025_2026_anexo_de_entregas_do_ptd_publ    71.9KB
17:36:23 INFO     ✓ [ 12/132] ancine_ptd_2024_2026_docdiretivo_assinado-2_assina   961.8KB
17:36:26 INFO     ✓ [ 13/132] ancine_ptd_2024_2026_-_anexo_de_entregas_aprovado_   613.2KB
17:36:29 INFO     ✓ [ 14/132] ptd_aneel_2025-2027_docdiretivo_assinado_tarjado.p   779.6KB
17:36:31 INFO     ✓ [ 15/132] ptd_aneel_2025-2027_anexo_de_entregas_assinado.pdf   111.9KB
17:36:35 INFO     ✓ [ 16/132] anm_ptd_2025_2027_docdiretivo_assinadopeloorgao_ta  1092.5KB
17:36:38 INFO     ✓ [ 17/132] anm_ptd_2025_2027_anexo_entregas_assinadopeloorgao  1140.4KB
17:36:41 INFO     ✓ [ 18/132] anpd_ptd_2025_2027_docdiretivo_assinado_assinado_a  1044.3KB
17:36:44 INFO     ✓ [ 19/132] anpd_ptd_2025_2027_anexo_de_entregas_assinado_assi   166.5KB
17:36:47 INFO     ✓ [ 20/132] ans-plano_de_transformacao_digital_assinado-copia_  1023.4KB
17:36:49 INFO     ✓ [ 21/132] ans_ptd_2025_2026_anexo_de_entregas_assinado_assin   124.1KB
17:36:52 INFO     ✓ [ 22/132] antaq_ptd_2025_2027_docdiretivo_assinado_assinado_  1039.8KB
17:36:54 INFO     ✓ [ 23/132] antaq_ptd_2025_2027_anexoentregas_assinado_assinad   145.1KB
17:36:56 INFO     ✓ [ 24/132] mt_anexo_de_entregas_-_assinado_assinado_assinado_   143.6KB
17:37:05 INFO     ✓ [ 25/132] anvisa_ptd_docdiretivo_2025-2026_assinado_assinado  5771.2KB
17:37:07 INFO     ✓ [ 26/132] anvisa_ptd_anexo_de_entregas_2025_2026_assinado_as   239.0KB
17:37:10 INFO     ✓ [ 27/132] bcb_documento_diretivo_assinado_assinado_assinado-   713.7KB
17:37:12 INFO     ✓ [ 28/132] bcb_anexo_de_entregas_ptd_25_26-1_assinado_assinad   134.8KB
17:37:16 INFO     ✓ [ 29/132] cade_ptd_docdiretivo_2025_2026_assinado-2_assinado   810.4KB
17:37:19 INFO     ✓ [ 30/132] cade_ptd_anexo_de_entregas_2025_2026_assinado_copi   504.0KB
17:37:22 INFO     ✓ [ 31/132] mec_ptd_docdiretivo_2025-2026_sei_mec-5566673_copi   863.1KB
17:37:24 INFO     ✓ [ 32/132] mec_ptd_anexo-de-entregas_sei_mec-5576401_copia_ta   495.7KB
17:37:28 INFO     ✓ [ 33/132] mec_ptd_docdiretivo-versao-comunicacao_copia_tarja  1616.5KB
17:37:31 INFO     ✓ [ 34/132] md_ptd_2026_2027_anexo_de_entregas_assinado_assina   579.4KB
17:37:33 INFO     ✓ [ 35/132] md_ptd_2026_2027_anexo_de_entregas_assinado_assina   186.8KB
17:37:36 INFO     ✓ [ 36/132] md_ptd_temp_copia_tarjada.pdf                        741.9KB
17:37:39 INFO     ✓ [ 37/132] cgu_ptd_docdiretivo_assinado_assinado_assinado-cop  1085.4KB
17:37:42 INFO     ✓ [ 38/132] cgu_ptd_anexo_de_entregas_pactuadas_assinado_assin   514.1KB
17:37:45 INFO     ✓ [ 39/132] cnpq_ptd_2025_2027_docdiretivo_assinado_assinado_a   342.9KB
17:37:47 INFO     ✓ [ 40/132] cnpq_ptd_2025_2027_anexo_de_entregas_assinado_assi   136.1KB
17:37:50 INFO     ✓ [ 41/132] coaf_ptd_2025_2026_documento_diretivo_assinado_ass  1068.0KB
17:37:56 INFO     ✓ [ 42/132] coaf_ptd_2025_2026_anexo_de_entregas-2_assinado_as  3184.5KB
17:38:02 INFO     ✓ [ 43/132] ptd_midr-docdiretivo_aprovado_assinado_tarjado.pdf  3864.1KB
17:38:06 INFO     ✓ [ 44/132] ptd_midr_-_anexo_de_entregas_-_aprovado_assinado.p  1122.0KB
17:38:09 INFO     ✓ [ 45/132] mda-documento-diretivo-assinado_ptd-2025-207-copia   955.8KB
17:38:11 INFO     ✓ [ 46/132] cvm_ptd_2025_2027_docdiretivo_assinado_assinado_as   270.5KB
17:38:14 INFO     ✓ [ 47/132] cvm_ptd_2025_2027_anexoentregas_assinado_assinado_   409.0KB
17:38:17 INFO     ✓ [ 48/132] dnocs_ptd_doc_diretivo_2025_2026_assinado_orgao-2_   891.1KB
17:38:19 INFO     ✓ [ 49/132] dnocs_anexo_de_entregas_repactuado_2025_2026_assin   272.3KB
17:38:25 INFO     ✓ [ 50/132] fbn_ptd_2025_2027_docdiretivo_assinado-1_tarjado.p  2921.6KB
17:38:27 INFO     ✓ [ 51/132] fbn_ptd_2025_2027_anexo_de_entregas_assinado-1.pdf   162.3KB
17:38:31 INFO     ✓ [ 52/132] fcp_ptd_2025_2027_docdiretivo_assinado-1_tarjado.p  1612.0KB
17:38:33 INFO     ✓ [ 53/132] fcp_ptd_2025_2027_anexo_de_entregas_assinado-1.pdf   118.8KB
17:38:36 INFO     ✓ [ 54/132] fcrb_ptd_2025_2026_docdiretivo_aprovado_assinado-1   998.2KB
17:38:39 INFO     ✓ [ 55/132] fcrb_ptd_2025_2026_anexo_de_entregas_aprovado_assi   313.5KB
17:38:42 INFO     ✓ [ 56/132] fiocruz_novo-ptd_2-1_docdiretivo_repactuacao_2024-  1318.1KB
17:38:45 INFO     ✓ [ 57/132] fiocruz_ptd_anexo_de_entregas_assinado_v1_assinado   257.1KB
17:38:49 INFO     ✓ [ 58/132] fiocruz-ptd-06_2024-copia_tarjada.pdf               1693.8KB
17:38:53 INFO     ✓ [ 59/132] funai_ptd_2025_2027_docdiretivo_assinado-1_tarjado  1842.1KB
17:38:55 INFO     ✓ [ 60/132] funai_anexo_de_entregas_repactuado_2026_2027_assin   435.7KB
17:38:59 INFO     ✓ [ 61/132] funarte_ptd_docdiretivo_assinado_21_01_2025_assina   965.7KB
17:39:02 INFO     ✓ [ 62/132] funarte_ptd_anexo_de_entregas_assinado_v1_assinado   683.6KB
17:39:06 INFO     ✓ [ 63/132] fundacentro_ptd_2025_2027_docdiretivo_assinado_ass   826.6KB
17:39:09 INFO     ✓ [ 64/132] fundacentro_ptd_2025_2027_anexo_de_entregas_assina   635.5KB
17:39:12 INFO     ✓ [ 65/132] mma_ptd_docdiretivo_assinado_2025_2026-1_assinado_   949.3KB
17:39:14 INFO     ✓ [ 66/132] mma_ptd_anexo_de_entregas_aprovado_final_assinado_   174.8KB
17:39:18 INFO     ✓ [ 67/132] ibge_docdiretivo_2025_assinado_assinado_assinado-c  1167.3KB
17:39:20 INFO     ✓ [ 68/132] ibge_ptd_25_26_anexo_de_entregas_modelo_v2-1_assin   143.7KB
17:39:31 INFO     ✓ [ 69/132] incra_ptd_docdiretivo__assinado-1_assinado_assinad  7182.0KB
17:39:35 INFO     ✓ [ 70/132] incra_anexo_de_entregas_assinado-1_assinado_assina  1818.6KB
17:39:40 INFO     ✓ [ 71/132] inpi_ptd_docdiretivo_assinado_2025_2026_assinado_a  3322.4KB
17:39:46 INFO     ✓ [ 72/132] inpi_ptd_anexo_de_entregas_assinado_v1_assinado_as  3078.1KB
17:39:49 INFO     ✓ [ 73/132] inss_ptd_2025_2027_docdiretivo-assinado-copia_tarj  1173.3KB
17:39:51 INFO     ✓ [ 74/132] inss_ptd_2025_2027_anexo_de_entregas-assinado-copi   110.8KB
17:39:54 INFO     ✓ [ 75/132] iphan_ptd_docdiretivo_assinado_2025_2026_assinado_   885.7KB
17:39:57 INFO     ✓ [ 76/132] iphan_ptd_anexo_de_entregas_assinado_v1_assinado_a   310.9KB
17:40:04 INFO     ✓ [ 77/132] iti_doc_diretivo_assinado-1_tarjado.pdf             4905.1KB
17:40:07 INFO     ✓ [ 78/132] iti_anexo_de_entregas_assinado.pdf                   556.4KB
17:40:11 INFO     ✓ [ 79/132] mapa_ptd_2025_2027_docdiretivo_assinado-1_tarjado.  1740.9KB
17:40:13 INFO     ✓ [ 80/132] mapa_ptd_2025_2027_anexo_de_entregas_assinado-1.pd   261.9KB
17:40:20 INFO     ✓ [ 81/132] documento-diretivo-mcom-_-ptd-25_27-copia_tarjada.  4451.9KB
17:40:23 INFO     ✓ [ 82/132] anexo-de-entregas-mcom_ptd-25_27-copia_tarjada.pdf  1213.8KB
17:40:29 INFO     ✓ [ 83/132] ptd_21_24_mcom-copia_tarjada.pdf                    3040.7KB
17:40:32 INFO     ✓ [ 84/132] mcti_ptd_2025-2027_docdiretivo_assinado-copia_tarj  1030.7KB
17:40:34 INFO     ✓ [ 85/132] mcti_ptd_2025-2027_anexo-de-entregas_assinado-copi   145.8KB
17:40:36 INFO     ✓ [ 86/132] mda-anexo-entregas-assinado_ptd-2025-2027-copia-ta   284.6KB
17:40:39 INFO     ✓ [ 87/132] mdhc_ptd_2025_2027_docdiretivo_assinado_assinado_a   753.4KB
17:40:41 INFO     ✓ [ 88/132] mdhc_ptd_2025_2027_anexoentregas_assinado_assinado   186.8KB
17:40:44 INFO     ✓ [ 89/132] mdic_ptd_anexo_de_entregas_assinado_v1_assinado_as   176.6KB
17:40:47 INFO     ✓ [ 90/132] memp_ptd_2025_2026_docdiretivo_assinado_assinado_a  1030.1KB
17:40:49 INFO     ✓ [ 91/132] memp_ptd_2025_2026_anexo_de_entregas_assinado_assi   161.5KB
17:40:53 INFO     ✓ [ 92/132] mesp_ptd_2025_2027_docdiretivo_assinado_assinado_2  1147.7KB
17:40:55 INFO     ✓ [ 93/132] mesp_ptd_2025_2027_anexo_de_entregas_assinado_assi   226.6KB
17:40:58 INFO     ✓ [ 94/132] mf_ptd_2026_2027_documentodiretivo_assinado_assina   955.1KB
17:41:01 INFO     ✓ [ 95/132] mf_ptd_2026_2027_anexo_de_entregas_1_mf_se_assinad   241.2KB
17:41:03 INFO     ✓ [ 96/132] mgi_ptd_2025_2027_docdiretivo_assinado_assinado_as   375.2KB
17:41:06 INFO     ✓ [ 97/132] mgi_ptd_2025_2027_anexo_de_entregas_assinado_assin   256.1KB
17:41:09 INFO     ✓ [ 98/132] minc_ptd_2025_2027_docdiretivo_assinado-1_assinado   863.6KB
17:41:12 INFO     ✓ [ 99/132] minc_ptd_2025_2027_anexo_de_entregas_assinado-1_as   276.7KB
17:41:15 INFO     ✓ [100/132] mjsp_ptd_docdiretivo_assinado_2025_2026_assinado_a   954.0KB
17:41:17 INFO     ✓ [101/132] mjsp_ptd_anexo_de_entregas_assinado_v1_assinado_as   253.9KB
17:41:20 INFO     ✓ [102/132] mme_ptd_2025_2027_docdiretivo_assinado-copia_tarja   664.5KB
17:41:22 INFO     ✓ [103/132] mme_ptd_2025_2027_anexo_de_entregas_assinado__1_-c   111.1KB
17:41:26 INFO     ✓ [104/132] mmulheres_ptd_2025_2027_docdiretivo_assinado_assin  1078.3KB
17:41:28 INFO     ✓ [105/132] mmulheres_ptd_2025_2027_anexo_de_entregas_assinado   216.9KB
17:41:31 INFO     ✓ [106/132] mpi_ptd_2025_2027_docdiretivo_ministerio_dos_povos   947.9KB
17:41:34 INFO     ✓ [107/132] mpi_ptd_anexo_de_entregas_do_plano_de_tranformacao   191.9KB
17:41:37 INFO     ✓ [108/132] mpo_ptd_docdiretivo_assinado_2025_2026_assinado_as   806.3KB
17:41:40 INFO     ✓ [109/132] mpo_ptd_anexo_de_entregas_assinado_v1_assinado_ass   323.2KB
17:41:43 INFO     ✓ [110/132] mpor_ptd_2025_2027_docdiretivo_assinado_assinado_a   876.5KB
17:41:45 INFO     ✓ [111/132] mpor_ptd_2025_2027_anexo_de_entregas_assinado_assi   175.1KB
17:41:48 INFO     ✓ [112/132] mps_ptd_2025-2026_docdiretivo_final_assinado-1_ass  1024.4KB
17:41:51 INFO     ✓ [113/132] mps_ptd_2025-2026_anexo_de_entregas_final_assinado   165.0KB
17:41:54 INFO     ✓ [114/132] mre_ptd_docdiretivo_assinado_2025_2026_assinado_as   760.9KB
17:41:56 INFO     ✓ [115/132] mre_ptd_anexo_de_entregas_assinado_v1_assinado_ass   233.2KB
17:41:59 INFO     ✓ [116/132] mte_ptd_2025_2026_docdiretivo_assinado_assinado_as   729.6KB
17:42:02 INFO     ✓ [117/132] mte_ptd_anexo_de_entregas_assinado_v1__281_29_assi   459.5KB
17:42:05 INFO     ✓ [118/132] mtur_ptd_docdiretiv_assinado_30_01_2025_assinado_a  1050.4KB
17:42:08 INFO     ✓ [119/132] mtur_ptd_anexo_de_entregas_assinado_30_01_2025_ass   118.8KB
17:42:11 INFO     ✓ [120/132] pf_ptd_docdiretivo_2025_2027_assinado-copia_tarjad   964.3KB
17:42:13 INFO     ✓ [121/132] pf_ptd_anexo_de_entregas_2025_2027_assinado-copia_    62.5KB
17:42:16 INFO     ✓ [122/132] mf_ptd_2026_2027_anexo_de_entregas_4_mf_pgfn_assin   466.8KB
17:42:25 INFO     ✓ [123/132] previc_plano_de_transformacao_digital_2025_2026_29  6652.7KB
17:42:27 INFO     ✓ [124/132] previc_ptd_repactuacao_2025-2026_assinado_assinado   182.9KB
17:42:30 INFO     ✓ [125/132] prf_documentodiretivo_ptd_2026-2027_assinado_tarja   535.9KB
17:42:32 INFO     ✓ [126/132] prf_anexo_de_entregas_do_ptd__2026_2027___ptd___en   157.7KB
17:42:35 INFO     ✓ [127/132] mf_ptd_2026_2027_anexo_de_entregas_2_mf_rfb_assina   253.7KB
17:42:38 INFO     ✓ [128/132] sgpr_ptd_2026_2027_docdiretivo_assinado-copia_tarj   791.2KB
17:42:41 INFO     ✓ [129/132] sgpr_ptd_2025_2027_anexo_de_entregas_assinado-copi   897.9KB
17:42:44 INFO     ✓ [130/132] mf_ptd_2026_2027_anexo_de_entregas_3_mf_stn_assina   467.8KB
17:42:47 INFO     ✓ [131/132] susep_ptd_2025_2027_docdiretivo-assinado-copia_tar  1030.1KB
17:42:49 INFO     ✓ [132/132] susep_ptd_2025-2026_anexo_de_entregas_final_assina   221.9KB
17:42:51 INFO     132 OK | 0 erros | 123.3 MB total
17:42:57 INFO     Sanity: 132 PDFs | 113 texto | 19 imagem/OCR | 0 duplicatas
17:42:57 INFO     --siglas (debug): 15 PDFs de ['AGU', 'FIOCRUZ', 'FUNAI', 'FUNDACENTRO', 'INCRA', 'ITI', 'MCOM', 'SGPR']
17:42:57 INFO     DocumentConverter instanciado (singleton × 2: plain + OCR)
17:42:57 INFO     [1/15] → agu_ptd_2025_2027_anexo_de_entregas_assinado_assinado_assinado-copia_tarjada.pdf
17:42:57 INFO     detected formats: [<InputFormat.PDF: 'pdf'>]
17:42:57 INFO     Going to convert document batch...
17:42:57 INFO     Initializing pipeline for StandardPdfPipeline with options hash bc6794697da537796efc497178f9263f
17:42:57 INFO     Loading plugin 'docling_defaults'
17:42:57 INFO     Registered picture descriptions: ['picture_description_vlm_engine', 'vlm', 'api']
17:42:57 INFO     Loading plugin 'docling_defaults'
17:42:57 INFO     Registered ocr engines: ['auto', 'easyocr', 'kserve_v2_ocr', 'ocrmac', 'rapidocr', 'tesserocr', 'tesseract']
17:42:57 INFO     command: tesseract --list-langs
17:42:57 INFO     Loading plugin 'docling_defaults'
17:42:57 INFO     Registered layout engines: ['layout_object_detection', 'docling_layout_default', 'docling_experimental_table_crops_layout']
17:42:57 INFO     Accelerator device: 'cpu'
17:42:57 INFO     HTTP Request: GET https://huggingface.co/api/models/docling-project/docling-layout-heron/revision/main "HTTP/1.1 200 OK"
17:42:57 INFO     HTTP Request: HEAD https://huggingface.co/docling-project/docling-layout-heron/resolve/8f39ad3c0b4c58e9c2d2c84a38465abf757272d8/README.md "HTTP/1.1 307 Temporary Redirect"
17:42:57 WARNING  Warning: You are sending unauthenticated requests to the HF Hub. Please set a HF_TOKEN to enable higher rate limits and faster downloads.
17:42:57 INFO     HTTP Request: HEAD https://huggingface.co/api/resolve-cache/models/docling-project/docling-layout-heron/8f39ad3c0b4c58e9c2d2c84a38465abf757272d8/README.md "HTTP/1.1 200 OK"
17:42:57 INFO     HTTP Request: HEAD https://huggingface.co/docling-project/docling-layout-heron/resolve/8f39ad3c0b4c58e9c2d2c84a38465abf757272d8/config.json "HTTP/1.1 307 Temporary Redirect"
17:42:57 INFO     HTTP Request: HEAD https://huggingface.co/docling-project/docling-layout-heron/resolve/8f39ad3c0b4c58e9c2d2c84a38465abf757272d8/docling_heron_400.png "HTTP/1.1 307 Temporary Redirect"
17:42:57 INFO     HTTP Request: HEAD https://huggingface.co/docling-project/docling-layout-heron/resolve/8f39ad3c0b4c58e9c2d2c84a38465abf757272d8/model.safetensors "HTTP/1.1 302 Found"
17:42:57 INFO     HTTP Request: GET https://huggingface.co/api/resolve-cache/models/docling-project/docling-layout-heron/8f39ad3c0b4c58e9c2d2c84a38465abf757272d8/README.md "HTTP/1.1 200 OK"
17:42:57 INFO     HTTP Request: HEAD https://huggingface.co/docling-project/docling-layout-heron/resolve/8f39ad3c0b4c58e9c2d2c84a38465abf757272d8/.gitattributes "HTTP/1.1 307 Temporary Redirect"
17:42:57 INFO     HTTP Request: HEAD https://huggingface.co/api/resolve-cache/models/docling-project/docling-layout-heron/8f39ad3c0b4c58e9c2d2c84a38465abf757272d8/config.json "HTTP/1.1 200 OK"
17:42:57 INFO     HTTP Request: HEAD https://huggingface.co/api/resolve-cache/models/docling-project/docling-layout-heron/8f39ad3c0b4c58e9c2d2c84a38465abf757272d8/docling_heron_400.png "HTTP/1.1 200 OK"
17:42:57 INFO     HTTP Request: HEAD https://huggingface.co/docling-project/docling-layout-heron/resolve/8f39ad3c0b4c58e9c2d2c84a38465abf757272d8/preprocessor_config.json "HTTP/1.1 307 Temporary Redirect"
17:42:57 INFO     HTTP Request: HEAD https://huggingface.co/api/resolve-cache/models/docling-project/docling-layout-heron/8f39ad3c0b4c58e9c2d2c84a38465abf757272d8/.gitattributes "HTTP/1.1 200 OK"
17:42:57 INFO     HTTP Request: HEAD https://huggingface.co/api/resolve-cache/models/docling-project/docling-layout-heron/8f39ad3c0b4c58e9c2d2c84a38465abf757272d8/preprocessor_config.json "HTTP/1.1 200 OK"
17:42:57 INFO     HTTP Request: GET https://huggingface.co/api/resolve-cache/models/docling-project/docling-layout-heron/8f39ad3c0b4c58e9c2d2c84a38465abf757272d8/config.json "HTTP/1.1 200 OK"
17:42:57 INFO     HTTP Request: GET https://huggingface.co/api/resolve-cache/models/docling-project/docling-layout-heron/8f39ad3c0b4c58e9c2d2c84a38465abf757272d8/docling_heron_400.png "HTTP/1.1 200 OK"
17:42:57 INFO     HTTP Request: GET https://huggingface.co/api/models/docling-project/docling-layout-heron/xet-read-token/8f39ad3c0b4c58e9c2d2c84a38465abf757272d8 "HTTP/1.1 200 OK"
17:42:57 INFO     HTTP Request: GET https://huggingface.co/api/resolve-cache/models/docling-project/docling-layout-heron/8f39ad3c0b4c58e9c2d2c84a38465abf757272d8/.gitattributes "HTTP/1.1 200 OK"
17:42:57 INFO     HTTP Request: GET https://huggingface.co/api/resolve-cache/models/docling-project/docling-layout-heron/8f39ad3c0b4c58e9c2d2c84a38465abf757272d8/preprocessor_config.json "HTTP/1.1 200 OK"
17:42:58 INFO     Loading plugin 'docling_defaults'
17:42:58 INFO     Registered table structure engines: ['docling_tableformer', 'docling_tableformer_v2']
17:42:58 INFO     HTTP Request: GET https://huggingface.co/api/models/docling-project/docling-models/revision/v2.3.0 "HTTP/1.1 200 OK"
17:42:58 INFO     HTTP Request: HEAD https://huggingface.co/docling-project/docling-models/resolve/fc0f2d45e2218ea24bce5045f58a389aed16dc23/README.md "HTTP/1.1 307 Temporary Redirect"
17:42:58 INFO     HTTP Request: HEAD https://huggingface.co/docling-project/docling-models/resolve/fc0f2d45e2218ea24bce5045f58a389aed16dc23/.gitignore "HTTP/1.1 307 Temporary Redirect"
17:42:58 INFO     HTTP Request: HEAD https://huggingface.co/docling-project/docling-models/resolve/fc0f2d45e2218ea24bce5045f58a389aed16dc23/.gitattributes "HTTP/1.1 307 Temporary Redirect"
17:42:58 INFO     HTTP Request: HEAD https://huggingface.co/docling-project/docling-models/resolve/fc0f2d45e2218ea24bce5045f58a389aed16dc23/config.json "HTTP/1.1 307 Temporary Redirect"
17:42:58 INFO     HTTP Request: HEAD https://huggingface.co/docling-project/docling-models/resolve/fc0f2d45e2218ea24bce5045f58a389aed16dc23/model_artifacts/tableformer/accurate/tm_config.json "HTTP/1.1 307 Temporary Redirect"
17:42:58 INFO     HTTP Request: HEAD https://huggingface.co/docling-project/docling-models/resolve/fc0f2d45e2218ea24bce5045f58a389aed16dc23/model_artifacts/tableformer/accurate/tableformer_accurate.safetensors "HTTP/1.1 302 Found"
17:42:58 INFO     HTTP Request: HEAD https://huggingface.co/api/resolve-cache/models/docling-project/docling-models/fc0f2d45e2218ea24bce5045f58a389aed16dc23/README.md "HTTP/1.1 200 OK"
17:42:58 INFO     HTTP Request: HEAD https://huggingface.co/api/resolve-cache/models/docling-project/docling-models/fc0f2d45e2218ea24bce5045f58a389aed16dc23/.gitignore "HTTP/1.1 200 OK"
17:42:58 INFO     HTTP Request: HEAD https://huggingface.co/api/resolve-cache/models/docling-project/docling-models/fc0f2d45e2218ea24bce5045f58a389aed16dc23/.gitattributes "HTTP/1.1 200 OK"
17:42:58 INFO     HTTP Request: HEAD https://huggingface.co/api/resolve-cache/models/docling-project/docling-models/fc0f2d45e2218ea24bce5045f58a389aed16dc23/config.json "HTTP/1.1 200 OK"
17:42:58 INFO     HTTP Request: HEAD https://huggingface.co/api/resolve-cache/models/docling-project/docling-models/fc0f2d45e2218ea24bce5045f58a389aed16dc23/model_artifacts%2Ftableformer%2Faccurate%2Ftm_config.json "HTTP/1.1 200 OK"
17:42:58 INFO     HTTP Request: HEAD https://huggingface.co/docling-project/docling-models/resolve/fc0f2d45e2218ea24bce5045f58a389aed16dc23/model_artifacts/tableformer/fast/tm_config.json "HTTP/1.1 307 Temporary Redirect"
17:42:58 INFO     HTTP Request: HEAD https://huggingface.co/docling-project/docling-models/resolve/fc0f2d45e2218ea24bce5045f58a389aed16dc23/model_artifacts/tableformer/fast/tableformer_fast.safetensors "HTTP/1.1 302 Found"
17:42:58 INFO     HTTP Request: GET https://huggingface.co/api/resolve-cache/models/docling-project/docling-models/fc0f2d45e2218ea24bce5045f58a389aed16dc23/README.md "HTTP/1.1 200 OK"
17:42:58 INFO     HTTP Request: GET https://huggingface.co/api/resolve-cache/models/docling-project/docling-models/fc0f2d45e2218ea24bce5045f58a389aed16dc23/.gitattributes "HTTP/1.1 200 OK"
17:42:58 INFO     HTTP Request: GET https://huggingface.co/api/resolve-cache/models/docling-project/docling-models/fc0f2d45e2218ea24bce5045f58a389aed16dc23/.gitignore "HTTP/1.1 200 OK"
17:42:58 INFO     HTTP Request: GET https://huggingface.co/api/resolve-cache/models/docling-project/docling-models/fc0f2d45e2218ea24bce5045f58a389aed16dc23/model_artifacts%2Ftableformer%2Faccurate%2Ftm_config.json "HTTP/1.1 200 OK"
17:42:58 INFO     HTTP Request: GET https://huggingface.co/api/resolve-cache/models/docling-project/docling-models/fc0f2d45e2218ea24bce5045f58a389aed16dc23/config.json "HTTP/1.1 200 OK"
17:42:58 INFO     HTTP Request: HEAD https://huggingface.co/api/resolve-cache/models/docling-project/docling-models/fc0f2d45e2218ea24bce5045f58a389aed16dc23/model_artifacts%2Ftableformer%2Ffast%2Ftm_config.json "HTTP/1.1 200 OK"
17:42:58 INFO     HTTP Request: GET https://huggingface.co/api/models/docling-project/docling-models/xet-read-token/fc0f2d45e2218ea24bce5045f58a389aed16dc23 "HTTP/1.1 200 OK"
17:42:58 INFO     HTTP Request: GET https://huggingface.co/api/resolve-cache/models/docling-project/docling-models/fc0f2d45e2218ea24bce5045f58a389aed16dc23/model_artifacts%2Ftableformer%2Ffast%2Ftm_config.json "HTTP/1.1 200 OK"
17:42:58 INFO     HTTP Request: GET https://huggingface.co/api/models/docling-project/docling-models/xet-read-token/fc0f2d45e2218ea24bce5045f58a389aed16dc23 "HTTP/1.1 200 OK"
17:43:00 INFO     Accelerator device: 'cpu'
17:43:00 INFO     Processing document agu_ptd_2025_2027_anexo_de_entregas_assinado_assinado_assinado-copia_tarjada.pdf
17:43:01 INFO     command: tesseract --psm 0 -l osd /tmp/tmptnnb0xtf.png stdout
17:43:02 INFO     command: tesseract -l por /tmp/tmptnnb0xtf.png stdout tsv
17:43:05 INFO     command: tesseract --psm 0 -l osd /tmp/tmpfzd8de08.png stdout
17:43:06 INFO     command: tesseract -l por /tmp/tmpfzd8de08.png stdout tsv
17:43:24 INFO     Finished converting document agu_ptd_2025_2027_anexo_de_entregas_assinado_assinado_assinado-copia_tarjada.pdf in 27.08 sec.
17:43:24 INFO       pixel_budget (Docling) agu_ptd_2025_2027_anexo_de_entregas_assinado_assinado_assinado-copia_tarjada.pdf: 45.8% (área tabelas/1001817 px²)
17:43:24 INFO     [1/15] ✓ AGU       :   33 entregas | 27.1s | ETA ~6min
17:43:24 INFO     [2/15] → agu_ptd_2025_2027_docdiretivo_assinado_assinado_assinado-copia_tarjada.pdf
17:43:24 INFO     detected formats: [<InputFormat.PDF: 'pdf'>]
17:43:24 INFO     Going to convert document batch...
17:43:24 INFO     Processing document agu_ptd_2025_2027_docdiretivo_assinado_assinado_assinado-copia_tarjada.pdf
17:43:24 INFO     command: tesseract --psm 0 -l osd /tmp/tmp8iwng51j.png stdout
17:43:25 INFO     command: tesseract -l por /tmp/tmp8iwng51j.png stdout tsv
17:43:27 INFO     command: tesseract --psm 0 -l osd /tmp/tmpvk5ek7n_.png stdout
17:43:28 INFO     command: tesseract -l por /tmp/tmpvk5ek7n_.png stdout tsv
17:43:32 INFO     command: tesseract --psm 0 -l osd /tmp/tmpo2n9iedo.png stdout
17:43:33 INFO     command: tesseract -l por /tmp/tmpo2n9iedo.png stdout tsv
17:43:35 INFO     command: tesseract --psm 0 -l osd /tmp/tmppt9eihlr.png stdout
17:43:36 INFO     command: tesseract -l por /tmp/tmppt9eihlr.png stdout tsv
17:43:38 INFO     command: tesseract --psm 0 -l osd /tmp/tmpb2s2f32o.png stdout
17:43:39 INFO     command: tesseract -l por /tmp/tmpb2s2f32o.png stdout tsv
17:43:41 INFO     command: tesseract --psm 0 -l osd /tmp/tmpjeteop51.png stdout
17:43:43 INFO     command: tesseract -l por /tmp/tmpjeteop51.png stdout tsv
17:43:53 INFO     command: tesseract --psm 0 -l osd /tmp/tmp3l59yns4.png stdout
17:43:54 INFO     command: tesseract -l por /tmp/tmp3l59yns4.png stdout tsv
17:43:56 INFO     command: tesseract --psm 0 -l osd /tmp/tmp33c9qehe.png stdout
17:43:57 INFO     command: tesseract -l por /tmp/tmp33c9qehe.png stdout tsv
17:43:59 INFO     command: tesseract --psm 0 -l osd /tmp/tmp_t_aujk2.png stdout
17:44:00 INFO     command: tesseract -l por /tmp/tmp_t_aujk2.png stdout tsv
17:44:02 INFO     command: tesseract --psm 0 -l osd /tmp/tmpt166xi14.png stdout
17:44:04 INFO     command: tesseract -l por /tmp/tmpt166xi14.png stdout tsv
17:44:20 INFO     command: tesseract --psm 0 -l osd /tmp/tmpql3jolh3.png stdout
17:44:21 INFO     command: tesseract -l por /tmp/tmpql3jolh3.png stdout tsv
17:44:24 INFO     Finished converting document agu_ptd_2025_2027_docdiretivo_assinado_assinado_assinado-copia_tarjada.pdf in 60.37 sec.
17:44:24 INFO       pixel_budget (Docling) agu_ptd_2025_2027_docdiretivo_assinado_assinado_assinado-copia_tarjada.pdf: 2.1% (área tabelas/5513330 px²)
17:44:24 INFO     [2/15] ✓ AGU       :    6 entregas | 60.4s | ETA ~9min
17:44:24 INFO     [3/15] → anexo-de-entregas-mcom_ptd-25_27-copia_tarjada.pdf
17:44:24 INFO     detected formats: [<InputFormat.PDF: 'pdf'>]
17:44:24 INFO     Going to convert document batch...
17:44:24 INFO     Processing document anexo-de-entregas-mcom_ptd-25_27-copia_tarjada.pdf
17:44:25 INFO     command: tesseract --psm 0 -l osd /tmp/tmpc86zf7ql.png stdout
17:44:26 INFO     command: tesseract -l por /tmp/tmpc86zf7ql.png stdout tsv
17:44:29 INFO     command: tesseract --psm 0 -l osd /tmp/tmp8nr_3gv0.png stdout
17:44:30 INFO     command: tesseract -l por /tmp/tmp8nr_3gv0.png stdout tsv
17:44:43 INFO     command: tesseract --psm 0 -l osd /tmp/tmpz1ibl4sv.png stdout
17:44:44 INFO     command: tesseract -l por /tmp/tmpz1ibl4sv.png stdout tsv
17:45:05 INFO     Finished converting document anexo-de-entregas-mcom_ptd-25_27-copia_tarjada.pdf in 40.80 sec.
17:45:05 INFO       pixel_budget (Docling) anexo-de-entregas-mcom_ptd-25_27-copia_tarjada.pdf: 55.2% (área tabelas/1503636 px²)
17:45:05 INFO     [3/15] ✓ MCOM      :   55 entregas | 40.8s | ETA ~8min
17:45:05 INFO     [4/15] → documento-diretivo-mcom-_-ptd-25_27-copia_tarjada.pdf
17:45:05 INFO     detected formats: [<InputFormat.PDF: 'pdf'>]
17:45:05 INFO     Going to convert document batch...
17:45:05 INFO     Processing document documento-diretivo-mcom-_-ptd-25_27-copia_tarjada.pdf
17:45:06 INFO     command: tesseract --psm 0 -l osd /tmp/tmp8ldju4bw.png stdout
17:45:06 INFO     command: tesseract -l por /tmp/tmp8ldju4bw.png stdout tsv
17:45:08 INFO     command: tesseract --psm 0 -l osd /tmp/tmpmr51kxu6.png stdout
17:45:10 INFO     command: tesseract -l por /tmp/tmpmr51kxu6.png stdout tsv
17:45:15 INFO     command: tesseract --psm 0 -l osd /tmp/tmpkto0jn65.png stdout
17:45:16 INFO     command: tesseract -l por /tmp/tmpkto0jn65.png stdout tsv
17:45:17 INFO     command: tesseract --psm 0 -l osd /tmp/tmph38a69gb.png stdout
17:45:18 INFO     command: tesseract -l por /tmp/tmph38a69gb.png stdout tsv
17:45:20 INFO     command: tesseract --psm 0 -l osd /tmp/tmp6mdgvmof.png stdout
17:45:21 INFO     command: tesseract -l por /tmp/tmp6mdgvmof.png stdout tsv
17:45:23 INFO     command: tesseract --psm 0 -l osd /tmp/tmpg7hu2qxz.png stdout
17:45:25 INFO     command: tesseract -l por /tmp/tmpg7hu2qxz.png stdout tsv
17:45:43 INFO     command: tesseract --psm 0 -l osd /tmp/tmp0hzg3u4m.png stdout
17:45:44 INFO     command: tesseract -l por /tmp/tmp0hzg3u4m.png stdout tsv
17:45:45 INFO     command: tesseract --psm 0 -l osd /tmp/tmprpmj6oj8.png stdout
17:45:46 INFO     command: tesseract -l por /tmp/tmprpmj6oj8.png stdout tsv
17:45:49 INFO     command: tesseract --psm 0 -l osd /tmp/tmph56j_f08.png stdout
17:45:49 INFO     command: tesseract -l por /tmp/tmph56j_f08.png stdout tsv
17:45:51 INFO     command: tesseract --psm 0 -l osd /tmp/tmpd6unuuub.png stdout
17:45:53 INFO     command: tesseract -l por /tmp/tmpd6unuuub.png stdout tsv
17:45:58 INFO     command: tesseract --psm 0 -l osd /tmp/tmpsce5ddcl.png stdout
17:45:59 INFO     command: tesseract -l por /tmp/tmpsce5ddcl.png stdout tsv
17:46:03 INFO     command: tesseract --psm 0 -l osd /tmp/tmp_4dticw7.png stdout
17:46:04 INFO     command: tesseract -l por /tmp/tmp_4dticw7.png stdout tsv
17:46:06 INFO     command: tesseract --psm 0 -l osd /tmp/tmpud5vtcpe.png stdout
17:46:07 INFO     command: tesseract -l por /tmp/tmpud5vtcpe.png stdout tsv
17:46:09 INFO     command: tesseract --psm 0 -l osd /tmp/tmpmw3w5hcp.png stdout
17:46:10 INFO     command: tesseract -l por /tmp/tmpmw3w5hcp.png stdout tsv
17:46:16 INFO     Finished converting document documento-diretivo-mcom-_-ptd-25_27-copia_tarjada.pdf in 70.77 sec.
17:46:16 INFO       pixel_budget (Docling) documento-diretivo-mcom-_-ptd-25_27-copia_tarjada.pdf: 10.8% (área tabelas/7016966 px²)
17:46:16 INFO     [4/15] ✓ MCOM      :    3 entregas | 70.8s | ETA ~9min
17:46:16 INFO     [5/15] → fiocruz-ptd-06_2024-copia_tarjada.pdf
17:46:16 INFO     detected formats: [<InputFormat.PDF: 'pdf'>]
17:46:16 INFO     Going to convert document batch...
17:46:16 INFO     Initializing pipeline for StandardPdfPipeline with options hash d18651824ca6fe56cf3ccb20424ac2c8
17:46:16 INFO     Accelerator device: 'cpu'
17:46:16 INFO     HTTP Request: GET https://huggingface.co/api/models/docling-project/docling-layout-heron/revision/main "HTTP/1.1 200 OK"
17:46:16 INFO     HTTP Request: GET https://huggingface.co/api/models/docling-project/docling-models/revision/v2.3.0 "HTTP/1.1 200 OK"
17:46:16 INFO     Accelerator device: 'cpu'
17:46:17 INFO     Processing document fiocruz-ptd-06_2024-copia_tarjada.pdf
17:47:27 INFO     Finished converting document fiocruz-ptd-06_2024-copia_tarjada.pdf in 70.88 sec.
17:47:27 INFO       pixel_budget (Docling) fiocruz-ptd-06_2024-copia_tarjada.pdf: 36.4% (área tabelas/7518178 px²)
17:47:27 INFO     [5/15] ✓ FIOCRUZ   :    1 entregas | 70.9s | ETA ~9min
17:47:27 INFO     [6/15] → fiocruz_novo-ptd_2-1_docdiretivo_repactuacao_2024-2026_assinado_assinado-copia_tarjada.pdf
17:47:27 INFO     detected formats: [<InputFormat.PDF: 'pdf'>]
17:47:27 INFO     Going to convert document batch...
17:47:27 INFO     Processing document fiocruz_novo-ptd_2-1_docdiretivo_repactuacao_2024-2026_assinado_assinado-copia_tarjada.pdf
17:47:45 INFO     Finished converting document fiocruz_novo-ptd_2-1_docdiretivo_repactuacao_2024-2026_assinado_assinado-copia_tarjada.pdf in 18.67 sec.
17:47:45 INFO       pixel_budget (Docling) fiocruz_novo-ptd_2-1_docdiretivo_repactuacao_2024-2026_assinado_assinado-copia_tarjada.pdf: 11.3% (área tabelas/5012118 px²)
17:47:45 INFO     [6/15] ✓ FIOCRUZ   :    5 entregas | 18.7s | ETA ~7min
17:47:45 INFO     [7/15] → fiocruz_ptd_anexo_de_entregas_assinado_v1_assinado_assinado-1-copia_tarjada.pdf
17:47:45 INFO     detected formats: [<InputFormat.PDF: 'pdf'>]
17:47:45 INFO     Going to convert document batch...
17:47:45 INFO     Processing document fiocruz_ptd_anexo_de_entregas_assinado_v1_assinado_assinado-1-copia_tarjada.pdf
17:48:19 INFO     Finished converting document fiocruz_ptd_anexo_de_entregas_assinado_v1_assinado_assinado-1-copia_tarjada.pdf in 33.86 sec.
17:48:19 INFO       pixel_budget (Docling) fiocruz_ptd_anexo_de_entregas_assinado_v1_assinado_assinado-1-copia_tarjada.pdf: 54.7% (área tabelas/2004847 px²)
17:48:19 INFO     [7/15] ✓ FIOCRUZ   :   61 entregas | 33.9s | ETA ~6min
17:48:19 INFO     [8/15] → funai_anexo_de_entregas_repactuado_2026_2027_assinado_assinado_assinado.pdf
17:48:19 INFO     detected formats: [<InputFormat.PDF: 'pdf'>]
17:48:19 INFO     Going to convert document batch...
17:48:19 INFO     Processing document funai_anexo_de_entregas_repactuado_2026_2027_assinado_assinado_assinado.pdf
17:48:20 INFO     command: tesseract --psm 0 -l osd /tmp/tmpvb6724n3.png stdout
17:48:21 INFO     command: tesseract -l por /tmp/tmpvb6724n3.png stdout tsv
17:48:35 INFO     Finished converting document funai_anexo_de_entregas_repactuado_2026_2027_assinado_assinado_assinado.pdf in 15.36 sec.
17:48:35 INFO       pixel_budget (Docling) funai_anexo_de_entregas_repactuado_2026_2027_assinado_assinado_assinado.pdf: 49.8% (área tabelas/501212 px²)
17:48:35 INFO     [8/15] ✓ FUNAI     :   21 entregas | 15.4s | ETA ~4min
17:48:35 INFO     [9/15] → funai_ptd_2025_2027_docdiretivo_assinado-1_tarjado.pdf
17:48:35 INFO     detected formats: [<InputFormat.PDF: 'pdf'>]
17:48:35 INFO     Going to convert document batch...
17:48:35 INFO     Processing document funai_ptd_2025_2027_docdiretivo_assinado-1_tarjado.pdf
17:48:36 INFO     command: tesseract --psm 0 -l osd /tmp/tmp4fmdhwnr.png stdout
17:48:37 INFO     command: tesseract -l por /tmp/tmp4fmdhwnr.png stdout tsv
17:48:38 INFO     command: tesseract --psm 0 -l osd /tmp/tmps6092oq9.png stdout
17:48:39 INFO     command: tesseract -l por /tmp/tmps6092oq9.png stdout tsv
17:48:43 INFO     command: tesseract --psm 0 -l osd /tmp/tmpzx7weo7w.png stdout
17:48:43 INFO     command: tesseract -l por /tmp/tmpzx7weo7w.png stdout tsv
17:48:45 INFO     command: tesseract --psm 0 -l osd /tmp/tmpybmxv5tq.png stdout
17:48:46 INFO     command: tesseract -l por /tmp/tmpybmxv5tq.png stdout tsv
17:48:48 INFO     command: tesseract --psm 0 -l osd /tmp/tmpcphyhfdw.png stdout
17:48:48 INFO     command: tesseract -l por /tmp/tmpcphyhfdw.png stdout tsv
17:48:51 INFO     command: tesseract --psm 0 -l osd /tmp/tmpug8579xu.png stdout
17:48:52 INFO     command: tesseract -l por /tmp/tmpug8579xu.png stdout tsv
17:49:03 INFO     command: tesseract --psm 0 -l osd /tmp/tmp70fjloan.png stdout
17:49:04 INFO     command: tesseract -l por /tmp/tmp70fjloan.png stdout tsv
17:49:05 INFO     command: tesseract --psm 0 -l osd /tmp/tmp1sh87wzz.png stdout
17:49:06 INFO     command: tesseract -l por /tmp/tmp1sh87wzz.png stdout tsv
17:49:07 INFO     command: tesseract --psm 0 -l osd /tmp/tmpisnxfygj.png stdout
17:49:08 INFO     command: tesseract -l por /tmp/tmpisnxfygj.png stdout tsv
17:49:10 INFO     command: tesseract --psm 0 -l osd /tmp/tmpfk9ebvch.png stdout
17:49:11 INFO     command: tesseract -l por /tmp/tmpfk9ebvch.png stdout tsv
17:49:23 INFO     command: tesseract --psm 0 -l osd /tmp/tmpn_h48mjf.png stdout
17:49:24 INFO     command: tesseract -l por /tmp/tmpn_h48mjf.png stdout tsv
17:49:29 INFO     command: tesseract --psm 0 -l osd /tmp/tmp5ql333d9.png stdout
17:49:30 INFO     command: tesseract -l por /tmp/tmp5ql333d9.png stdout tsv
17:49:32 INFO     command: tesseract --psm 0 -l osd /tmp/tmp75o198lv.png stdout
17:49:33 INFO     command: tesseract -l por /tmp/tmp75o198lv.png stdout tsv
17:49:40 INFO     Finished converting document funai_ptd_2025_2027_docdiretivo_assinado-1_tarjado.pdf in 64.91 sec.
17:49:40 INFO       pixel_budget (Docling) funai_ptd_2025_2027_docdiretivo_assinado-1_tarjado.pdf: 16.4% (área tabelas/6515754 px²)
17:49:40 INFO     [9/15] ✓ FUNAI     :    8 entregas | 64.9s | ETA ~4min
17:49:40 INFO     [10/15] → incra_anexo_de_entregas_assinado-1_assinado_assinado-copia_tarjada.pdf
17:49:40 INFO     detected formats: [<InputFormat.PDF: 'pdf'>]
17:49:40 INFO     Going to convert document batch...
17:49:40 INFO     Processing document incra_anexo_de_entregas_assinado-1_assinado_assinado-copia_tarjada.pdf
17:49:41 INFO     command: tesseract --psm 0 -l osd /tmp/tmpcpkbbszt.png stdout
17:49:42 INFO     command: tesseract -l por /tmp/tmpcpkbbszt.png stdout tsv
17:49:44 INFO     command: tesseract --psm 0 -l osd /tmp/tmpae5wuc58.png stdout
17:49:46 INFO     command: tesseract -l por /tmp/tmpae5wuc58.png stdout tsv
17:49:54 INFO     command: tesseract --psm 0 -l osd /tmp/tmp_11s_sfz.png stdout
17:49:55 INFO     command: tesseract -l por /tmp/tmp_11s_sfz.png stdout tsv
17:49:57 INFO     command: tesseract --psm 0 -l osd /tmp/tmpps5mt3ou.png stdout
17:49:58 INFO     command: tesseract -l por /tmp/tmpps5mt3ou.png stdout tsv
17:50:00 INFO     command: tesseract --psm 0 -l osd /tmp/tmp3ukl7mwb.png stdout
17:50:01 INFO     command: tesseract -l por /tmp/tmp3ukl7mwb.png stdout tsv
17:51:35 INFO     Finished converting document incra_anexo_de_entregas_assinado-1_assinado_assinado-copia_tarjada.pdf in 115.88 sec.
17:51:35 INFO       pixel_budget (Docling) incra_anexo_de_entregas_assinado-1_assinado_assinado-copia_tarjada.pdf: 30.0% (área tabelas/2423520 px²)
17:51:35 INFO     [10/15] ✓ INCRA     :   10 entregas | 115.9s | ETA ~4min
17:51:35 INFO     [11/15] → incra_ptd_docdiretivo__assinado-1_assinado_assinado-copia_tarjada.pdf
17:51:35 INFO     detected formats: [<InputFormat.PDF: 'pdf'>]
17:51:35 INFO     Going to convert document batch...
17:51:35 INFO     Processing document incra_ptd_docdiretivo__assinado-1_assinado_assinado-copia_tarjada.pdf
17:51:37 INFO     command: tesseract --psm 0 -l osd /tmp/tmpkhh989wq.png stdout
17:51:37 INFO     command: tesseract -l por /tmp/tmpkhh989wq.png stdout tsv
17:51:39 INFO     command: tesseract --psm 0 -l osd /tmp/tmp_huw415f.png stdout
17:51:41 INFO     command: tesseract -l por /tmp/tmp_huw415f.png stdout tsv
17:51:47 INFO     command: tesseract --psm 0 -l osd /tmp/tmpghdarenl.png stdout
17:51:47 INFO     command: tesseract -l por /tmp/tmpghdarenl.png stdout tsv
17:51:49 INFO     command: tesseract --psm 0 -l osd /tmp/tmp2m3392uc.png stdout
17:51:50 INFO     command: tesseract -l por /tmp/tmp2m3392uc.png stdout tsv
17:51:52 INFO     command: tesseract --psm 0 -l osd /tmp/tmphrhewwij.png stdout
17:51:53 INFO     command: tesseract -l por /tmp/tmphrhewwij.png stdout tsv
17:51:55 INFO     command: tesseract --psm 0 -l osd /tmp/tmpeovdmfvm.png stdout
17:51:56 INFO     command: tesseract -l por /tmp/tmpeovdmfvm.png stdout tsv
17:52:12 INFO     command: tesseract --psm 0 -l osd /tmp/tmpwwpf1hk1.png stdout
17:52:13 INFO     command: tesseract -l por /tmp/tmpwwpf1hk1.png stdout tsv
17:52:15 INFO     command: tesseract --psm 0 -l osd /tmp/tmp3z1tk07o.png stdout
17:52:15 INFO     command: tesseract -l por /tmp/tmp3z1tk07o.png stdout tsv
17:52:17 INFO     command: tesseract --psm 0 -l osd /tmp/tmpecgjx3na.png stdout
17:52:18 INFO     command: tesseract -l por /tmp/tmpecgjx3na.png stdout tsv
17:52:20 INFO     command: tesseract --psm 0 -l osd /tmp/tmpxe5b0ahq.png stdout
17:52:21 INFO     command: tesseract -l por /tmp/tmpxe5b0ahq.png stdout tsv
17:52:25 INFO     command: tesseract --psm 0 -l osd /tmp/tmp3h8u3gg5.png stdout
17:52:26 INFO     command: tesseract -l por /tmp/tmp3h8u3gg5.png stdout tsv
17:52:31 INFO     command: tesseract --psm 0 -l osd /tmp/tmp1uf1bqhc.png stdout
17:52:32 INFO     command: tesseract -l por /tmp/tmp1uf1bqhc.png stdout tsv
17:52:39 INFO     command: tesseract --psm 0 -l osd /tmp/tmptath82yq.png stdout
17:52:40 INFO     command: tesseract -l por /tmp/tmptath82yq.png stdout tsv
17:52:47 INFO     Finished converting document incra_ptd_docdiretivo__assinado-1_assinado_assinado-copia_tarjada.pdf in 72.05 sec.
17:52:47 INFO       pixel_budget (Docling) incra_ptd_docdiretivo__assinado-1_assinado_assinado-copia_tarjada.pdf: 20.2% (área tabelas/6515754 px²)
17:52:47 INFO     [11/15] ✓ INCRA     :   11 entregas | 72.1s | ETA ~3min
17:52:47 INFO     [12/15] → iti_anexo_de_entregas_assinado.pdf
17:52:48 INFO     detected formats: [<InputFormat.PDF: 'pdf'>]
17:52:48 INFO     Going to convert document batch...
17:52:48 INFO     Processing document iti_anexo_de_entregas_assinado.pdf
17:52:48 INFO     command: tesseract --psm 0 -l osd /tmp/tmpl2zr7rot.png stdout
17:52:49 INFO     command: tesseract -l por /tmp/tmpl2zr7rot.png stdout tsv
17:53:05 INFO     Finished converting document iti_anexo_de_entregas_assinado.pdf in 17.95 sec.
17:53:05 INFO       pixel_budget (Docling) iti_anexo_de_entregas_assinado.pdf: 57.2% (área tabelas/501212 px²)
17:53:05 INFO     [12/15] ✓ ITI       :   31 entregas | 18.0s | ETA ~2min
17:53:05 INFO     [13/15] → iti_doc_diretivo_assinado-1_tarjado.pdf
17:53:05 INFO     detected formats: [<InputFormat.PDF: 'pdf'>]
17:53:05 INFO     Going to convert document batch...
17:53:05 INFO     Processing document iti_doc_diretivo_assinado-1_tarjado.pdf
17:53:06 INFO     command: tesseract --psm 0 -l osd /tmp/tmpaii64wo0.png stdout
17:53:07 INFO     command: tesseract -l por /tmp/tmpaii64wo0.png stdout tsv
17:53:09 INFO     command: tesseract --psm 0 -l osd /tmp/tmpa83m9ysj.png stdout
17:53:11 INFO     command: tesseract -l por /tmp/tmpa83m9ysj.png stdout tsv
17:53:15 INFO     command: tesseract --psm 0 -l osd /tmp/tmp4bt1r765.png stdout
17:53:16 INFO     command: tesseract -l por /tmp/tmp4bt1r765.png stdout tsv
17:53:18 INFO     command: tesseract --psm 0 -l osd /tmp/tmp1jbc__g4.png stdout
17:53:18 INFO     command: tesseract -l por /tmp/tmp1jbc__g4.png stdout tsv
17:53:20 INFO     command: tesseract --psm 0 -l osd /tmp/tmpk5ofx73f.png stdout
17:53:21 INFO     command: tesseract -l por /tmp/tmpk5ofx73f.png stdout tsv
17:53:23 INFO     command: tesseract --psm 0 -l osd /tmp/tmpeunlqq08.png stdout
17:53:24 INFO     command: tesseract -l por /tmp/tmpeunlqq08.png stdout tsv
17:53:42 INFO     command: tesseract --psm 0 -l osd /tmp/tmpfm5kon7s.png stdout
17:53:42 INFO     command: tesseract -l por /tmp/tmpfm5kon7s.png stdout tsv
17:53:44 INFO     command: tesseract --psm 0 -l osd /tmp/tmp0pl06upg.png stdout
17:53:45 INFO     command: tesseract -l por /tmp/tmp0pl06upg.png stdout tsv
17:53:47 INFO     command: tesseract --psm 0 -l osd /tmp/tmpg_kj9o_8.png stdout
17:53:48 INFO     command: tesseract -l por /tmp/tmpg_kj9o_8.png stdout tsv
17:53:50 INFO     command: tesseract --psm 0 -l osd /tmp/tmpt_u0u1kv.png stdout
17:53:52 INFO     command: tesseract -l por /tmp/tmpt_u0u1kv.png stdout tsv
17:54:08 INFO     command: tesseract --psm 0 -l osd /tmp/tmp7kiezoze.png stdout
17:54:08 INFO     command: tesseract -l por /tmp/tmp7kiezoze.png stdout tsv
17:54:12 INFO     Finished converting document iti_doc_diretivo_assinado-1_tarjado.pdf in 66.26 sec.
17:54:12 INFO       pixel_budget (Docling) iti_doc_diretivo_assinado-1_tarjado.pdf: 8.0% (área tabelas/5516339 px²)
17:54:12 INFO     [13/15] ✓ ITI       :    9 entregas | 66.3s | ETA ~1min
17:54:12 INFO     [14/15] → sgpr_ptd_2025_2027_anexo_de_entregas_assinado-copia_tarjada.pdf
17:54:12 INFO     detected formats: [<InputFormat.PDF: 'pdf'>]
17:54:12 INFO     Going to convert document batch...
17:54:12 INFO     Processing document sgpr_ptd_2025_2027_anexo_de_entregas_assinado-copia_tarjada.pdf
17:54:13 INFO     command: tesseract --psm 0 -l osd /tmp/tmp3y8dgjd9.png stdout
17:54:13 INFO     command: tesseract -l por /tmp/tmp3y8dgjd9.png stdout tsv
17:54:16 INFO     command: tesseract --psm 0 -l osd /tmp/tmpviuoykkl.png stdout
17:54:17 INFO     command: tesseract -l por /tmp/tmpviuoykkl.png stdout tsv
17:54:31 INFO     Finished converting document sgpr_ptd_2025_2027_anexo_de_entregas_assinado-copia_tarjada.pdf in 19.21 sec.
17:54:31 INFO       pixel_budget (Docling) sgpr_ptd_2025_2027_anexo_de_entregas_assinado-copia_tarjada.pdf: 29.5% (área tabelas/1002424 px²)
17:54:31 INFO     [14/15] ✓ SGPR      :   15 entregas | 19.2s | ETA ~50s
17:54:31 INFO     [15/15] → sgpr_ptd_2026_2027_docdiretivo_assinado-copia_tarjada.pdf
17:54:31 INFO     detected formats: [<InputFormat.PDF: 'pdf'>]
17:54:31 INFO     Going to convert document batch...
17:54:31 INFO     Processing document sgpr_ptd_2026_2027_docdiretivo_assinado-copia_tarjada.pdf
17:54:52 INFO     Finished converting document sgpr_ptd_2026_2027_docdiretivo_assinado-copia_tarjada.pdf in 20.56 sec.
17:54:52 INFO       pixel_budget (Docling) sgpr_ptd_2026_2027_docdiretivo_assinado-copia_tarjada.pdf: 8.2% (área tabelas/5513330 px²)
17:54:52 INFO     [15/15] ✓ SGPR      :    4 entregas | 20.6s | ETA ~0s
17:54:52 INFO     273 registros | 7 órgãos
17:54:52 INFO     ╔══════════════════════════════════════════════════════════════╗
17:54:52 INFO     ║                  ENTREGAS — fase concluída                   ║
17:54:52 INFO     ║  Processados: 15    |  ✓ 15  ⚠ 0                             ║
17:54:52 INFO     ║  Duração: 11.9 min                                           ║
17:54:52 INFO     ║  273 registros | 7 órgãos                                    ║
17:54:52 INFO     ╚══════════════════════════════════════════════════════════════╝
17:54:52 INFO     [1/7] → agu_ptd_2025_2027_docdiretivo_assinado_assinado_assinado-copia_tarjada.pdf
17:54:52 INFO     detected formats: [<InputFormat.PDF: 'pdf'>]
17:54:52 INFO     Going to convert document batch...
17:54:52 INFO     Processing document agu_ptd_2025_2027_docdiretivo_assinado_assinado_assinado-copia_tarjada.pdf
17:54:52 INFO     command: tesseract --psm 0 -l osd /tmp/tmp9n0hcaze.png stdout
17:54:52 INFO     command: tesseract -l por /tmp/tmp9n0hcaze.png stdout tsv
17:54:54 INFO     command: tesseract --psm 0 -l osd /tmp/tmpqgt0l0j8.png stdout
17:54:56 INFO     command: tesseract -l por /tmp/tmpqgt0l0j8.png stdout tsv
17:55:01 INFO     command: tesseract --psm 0 -l osd /tmp/tmpdp2eap2x.png stdout
17:55:01 INFO     command: tesseract -l por /tmp/tmpdp2eap2x.png stdout tsv
17:55:04 INFO     command: tesseract --psm 0 -l osd /tmp/tmpjcwhr_oz.png stdout
17:55:04 INFO     command: tesseract -l por /tmp/tmpjcwhr_oz.png stdout tsv
17:55:07 INFO     command: tesseract --psm 0 -l osd /tmp/tmp8ar2fr4b.png stdout
17:55:07 INFO     command: tesseract -l por /tmp/tmp8ar2fr4b.png stdout tsv
17:55:10 INFO     command: tesseract --psm 0 -l osd /tmp/tmpsphsipp3.png stdout
17:55:11 INFO     command: tesseract -l por /tmp/tmpsphsipp3.png stdout tsv
17:55:21 INFO     command: tesseract --psm 0 -l osd /tmp/tmpm45iyzi9.png stdout
17:55:22 INFO     command: tesseract -l por /tmp/tmpm45iyzi9.png stdout tsv
17:55:24 INFO     command: tesseract --psm 0 -l osd /tmp/tmphd55vr9m.png stdout
17:55:25 INFO     command: tesseract -l por /tmp/tmphd55vr9m.png stdout tsv
17:55:28 INFO     command: tesseract --psm 0 -l osd /tmp/tmpw41rr5_8.png stdout
17:55:28 INFO     command: tesseract -l por /tmp/tmpw41rr5_8.png stdout tsv
17:55:31 INFO     command: tesseract --psm 0 -l osd /tmp/tmpbkn9u7cp.png stdout
17:55:32 INFO     command: tesseract -l por /tmp/tmpbkn9u7cp.png stdout tsv
17:55:48 INFO     command: tesseract --psm 0 -l osd /tmp/tmpku9ytjsk.png stdout
17:55:49 INFO     command: tesseract -l por /tmp/tmpku9ytjsk.png stdout tsv
17:55:53 INFO     Finished converting document agu_ptd_2025_2027_docdiretivo_assinado_assinado_assinado-copia_tarjada.pdf in 61.10 sec.
17:55:53 INFO     [1/7] ✓ AGU       :   7 riscos | 61.1s | ETA ~6min
17:55:53 INFO     [2/7] → documento-diretivo-mcom-_-ptd-25_27-copia_tarjada.pdf
17:55:53 INFO     detected formats: [<InputFormat.PDF: 'pdf'>]
17:55:53 INFO     Going to convert document batch...
17:55:53 INFO     Processing document documento-diretivo-mcom-_-ptd-25_27-copia_tarjada.pdf
17:55:53 INFO     command: tesseract --psm 0 -l osd /tmp/tmp7eh8u02j.png stdout
17:55:54 INFO     command: tesseract -l por /tmp/tmp7eh8u02j.png stdout tsv
17:55:56 INFO     command: tesseract --psm 0 -l osd /tmp/tmp65qospy3.png stdout
17:55:58 INFO     command: tesseract -l por /tmp/tmp65qospy3.png stdout tsv
17:56:04 INFO     command: tesseract --psm 0 -l osd /tmp/tmpetcesbly.png stdout
17:56:04 INFO     command: tesseract -l por /tmp/tmpetcesbly.png stdout tsv
17:56:05 INFO     command: tesseract --psm 0 -l osd /tmp/tmp3neottw6.png stdout
17:56:06 INFO     command: tesseract -l por /tmp/tmp3neottw6.png stdout tsv
17:56:08 INFO     command: tesseract --psm 0 -l osd /tmp/tmp9tx3lkcs.png stdout
17:56:09 INFO     command: tesseract -l por /tmp/tmp9tx3lkcs.png stdout tsv
17:56:11 INFO     command: tesseract --psm 0 -l osd /tmp/tmpwbb2knf9.png stdout
17:56:13 INFO     command: tesseract -l por /tmp/tmpwbb2knf9.png stdout tsv
17:56:26 INFO     command: tesseract --psm 0 -l osd /tmp/tmparxz_b0i.png stdout
17:56:27 INFO     command: tesseract -l por /tmp/tmparxz_b0i.png stdout tsv
17:56:30 INFO     command: tesseract --psm 0 -l osd /tmp/tmpazdk9pqu.png stdout
17:56:30 INFO     command: tesseract -l por /tmp/tmpazdk9pqu.png stdout tsv
17:56:33 INFO     command: tesseract --psm 0 -l osd /tmp/tmpk7b0vwpb.png stdout
17:56:33 INFO     command: tesseract -l por /tmp/tmpk7b0vwpb.png stdout tsv
17:56:35 INFO     command: tesseract --psm 0 -l osd /tmp/tmpr4_5j3jv.png stdout
17:56:37 INFO     command: tesseract -l por /tmp/tmpr4_5j3jv.png stdout tsv
17:56:42 INFO     command: tesseract --psm 0 -l osd /tmp/tmpb2nf74d3.png stdout
17:56:43 INFO     command: tesseract -l por /tmp/tmpb2nf74d3.png stdout tsv
17:56:49 INFO     command: tesseract --psm 0 -l osd /tmp/tmpwj81ie3s.png stdout
17:56:50 INFO     command: tesseract -l por /tmp/tmpwj81ie3s.png stdout tsv
17:56:52 INFO     command: tesseract --psm 0 -l osd /tmp/tmpgxm_0524.png stdout
17:56:53 INFO     command: tesseract -l por /tmp/tmpgxm_0524.png stdout tsv
17:56:55 INFO     command: tesseract --psm 0 -l osd /tmp/tmpzifyhgd5.png stdout
17:56:55 INFO     command: tesseract -l por /tmp/tmpzifyhgd5.png stdout tsv
17:57:02 INFO     Finished converting document documento-diretivo-mcom-_-ptd-25_27-copia_tarjada.pdf in 69.18 sec.
17:57:02 INFO     [2/7] ✓ MCOM      :  14 riscos | 69.2s | ETA ~5min
17:57:02 INFO     [3/7] → fiocruz_novo-ptd_2-1_docdiretivo_repactuacao_2024-2026_assinado_assinado-copia_tarjada.pdf
17:57:02 INFO     detected formats: [<InputFormat.PDF: 'pdf'>]
17:57:02 INFO     Going to convert document batch...
17:57:02 INFO     Processing document fiocruz_novo-ptd_2-1_docdiretivo_repactuacao_2024-2026_assinado_assinado-copia_tarjada.pdf
17:57:20 INFO     Finished converting document fiocruz_novo-ptd_2-1_docdiretivo_repactuacao_2024-2026_assinado_assinado-copia_tarjada.pdf in 18.38 sec.
17:57:20 INFO     [3/7] ✓ FIOCRUZ   :   6 riscos | 18.4s | ETA ~3min
17:57:20 INFO     [4/7] → funai_ptd_2025_2027_docdiretivo_assinado-1_tarjado.pdf
17:57:20 INFO     detected formats: [<InputFormat.PDF: 'pdf'>]
17:57:20 INFO     Going to convert document batch...
17:57:20 INFO     Processing document funai_ptd_2025_2027_docdiretivo_assinado-1_tarjado.pdf
17:57:22 INFO     command: tesseract --psm 0 -l osd /tmp/tmp7bl3x94x.png stdout
17:57:22 INFO     command: tesseract -l por /tmp/tmp7bl3x94x.png stdout tsv
17:57:23 INFO     command: tesseract --psm 0 -l osd /tmp/tmpmpntoy2_.png stdout
17:57:25 INFO     command: tesseract -l por /tmp/tmpmpntoy2_.png stdout tsv
17:57:28 INFO     command: tesseract --psm 0 -l osd /tmp/tmpn08cyx0v.png stdout
17:57:29 INFO     command: tesseract -l por /tmp/tmpn08cyx0v.png stdout tsv
17:57:31 INFO     command: tesseract --psm 0 -l osd /tmp/tmpxlpx4pdp.png stdout
17:57:31 INFO     command: tesseract -l por /tmp/tmpxlpx4pdp.png stdout tsv
17:57:33 INFO     command: tesseract --psm 0 -l osd /tmp/tmp5el08c70.png stdout
17:57:34 INFO     command: tesseract -l por /tmp/tmp5el08c70.png stdout tsv
17:57:36 INFO     command: tesseract --psm 0 -l osd /tmp/tmpj0ina6qn.png stdout
17:57:37 INFO     command: tesseract -l por /tmp/tmpj0ina6qn.png stdout tsv
17:57:48 INFO     command: tesseract --psm 0 -l osd /tmp/tmpu9exauws.png stdout
17:57:49 INFO     command: tesseract -l por /tmp/tmpu9exauws.png stdout tsv
17:57:50 INFO     command: tesseract --psm 0 -l osd /tmp/tmpc7zrs03q.png stdout
17:57:51 INFO     command: tesseract -l por /tmp/tmpc7zrs03q.png stdout tsv
17:57:52 INFO     command: tesseract --psm 0 -l osd /tmp/tmp42jddm8c.png stdout
17:57:53 INFO     command: tesseract -l por /tmp/tmp42jddm8c.png stdout tsv
17:57:54 INFO     command: tesseract --psm 0 -l osd /tmp/tmpltss40sy.png stdout
17:57:56 INFO     command: tesseract -l por /tmp/tmpltss40sy.png stdout tsv
17:58:10 INFO     command: tesseract --psm 0 -l osd /tmp/tmpr2and0s6.png stdout
17:58:11 INFO     command: tesseract -l por /tmp/tmpr2and0s6.png stdout tsv
17:58:18 INFO     command: tesseract --psm 0 -l osd /tmp/tmplibu26bt.png stdout
17:58:19 INFO     command: tesseract -l por /tmp/tmplibu26bt.png stdout tsv
17:58:21 INFO     command: tesseract --psm 0 -l osd /tmp/tmpw4udwvi1.png stdout
17:58:21 INFO     command: tesseract -l por /tmp/tmpw4udwvi1.png stdout tsv
17:58:28 INFO     Finished converting document funai_ptd_2025_2027_docdiretivo_assinado-1_tarjado.pdf in 67.65 sec.
17:58:28 INFO     [4/7] ✓ FUNAI     :  15 riscos | 67.7s | ETA ~2min
17:58:28 INFO     [5/7] → incra_ptd_docdiretivo__assinado-1_assinado_assinado-copia_tarjada.pdf
17:58:28 INFO     detected formats: [<InputFormat.PDF: 'pdf'>]
17:58:28 INFO     Going to convert document batch...
17:58:28 INFO     Processing document incra_ptd_docdiretivo__assinado-1_assinado_assinado-copia_tarjada.pdf
17:58:29 INFO     command: tesseract --psm 0 -l osd /tmp/tmpub8xyglj.png stdout
17:58:30 INFO     command: tesseract -l por /tmp/tmpub8xyglj.png stdout tsv
17:58:32 INFO     command: tesseract --psm 0 -l osd /tmp/tmpu04wsjas.png stdout
17:58:33 INFO     command: tesseract -l por /tmp/tmpu04wsjas.png stdout tsv
17:58:39 INFO     command: tesseract --psm 0 -l osd /tmp/tmpcfurx31f.png stdout
17:58:40 INFO     command: tesseract -l por /tmp/tmpcfurx31f.png stdout tsv
17:58:42 INFO     command: tesseract --psm 0 -l osd /tmp/tmpyx_nk9e1.png stdout
17:58:43 INFO     command: tesseract -l por /tmp/tmpyx_nk9e1.png stdout tsv
17:58:44 INFO     command: tesseract --psm 0 -l osd /tmp/tmp6m8w8_iw.png stdout
17:58:45 INFO     command: tesseract -l por /tmp/tmp6m8w8_iw.png stdout tsv
17:58:47 INFO     command: tesseract --psm 0 -l osd /tmp/tmpy9skqgh_.png stdout
17:58:48 INFO     command: tesseract -l por /tmp/tmpy9skqgh_.png stdout tsv
17:59:05 INFO     command: tesseract --psm 0 -l osd /tmp/tmpbihno412.png stdout
17:59:06 INFO     command: tesseract -l por /tmp/tmpbihno412.png stdout tsv
17:59:07 INFO     command: tesseract --psm 0 -l osd /tmp/tmp4s5e_9wk.png stdout
17:59:08 INFO     command: tesseract -l por /tmp/tmp4s5e_9wk.png stdout tsv
17:59:10 INFO     command: tesseract --psm 0 -l osd /tmp/tmp51aew4j7.png stdout
17:59:11 INFO     command: tesseract -l por /tmp/tmp51aew4j7.png stdout tsv
17:59:12 INFO     command: tesseract --psm 0 -l osd /tmp/tmpsnuon4m8.png stdout
17:59:14 INFO     command: tesseract -l por /tmp/tmpsnuon4m8.png stdout tsv
17:59:19 INFO     command: tesseract --psm 0 -l osd /tmp/tmpa4r7acoa.png stdout
17:59:20 INFO     command: tesseract -l por /tmp/tmpa4r7acoa.png stdout tsv
17:59:30 INFO     command: tesseract --psm 0 -l osd /tmp/tmptix1bs37.png stdout
17:59:31 INFO     command: tesseract -l por /tmp/tmptix1bs37.png stdout tsv
17:59:33 INFO     command: tesseract --psm 0 -l osd /tmp/tmpxjrdb3m3.png stdout
17:59:34 INFO     command: tesseract -l por /tmp/tmpxjrdb3m3.png stdout tsv
17:59:41 INFO     Finished converting document incra_ptd_docdiretivo__assinado-1_assinado_assinado-copia_tarjada.pdf in 73.54 sec.
17:59:41 INFO     [5/7] ✓ INCRA     :  15 riscos | 73.6s | ETA ~1min
17:59:41 INFO     [6/7] → iti_doc_diretivo_assinado-1_tarjado.pdf
17:59:41 INFO     detected formats: [<InputFormat.PDF: 'pdf'>]
17:59:41 INFO     Going to convert document batch...
17:59:41 INFO     Processing document iti_doc_diretivo_assinado-1_tarjado.pdf
17:59:42 INFO     command: tesseract --psm 0 -l osd /tmp/tmpi319yl6z.png stdout
17:59:43 INFO     command: tesseract -l por /tmp/tmpi319yl6z.png stdout tsv
17:59:45 INFO     command: tesseract --psm 0 -l osd /tmp/tmp3mazk02e.png stdout
17:59:46 INFO     command: tesseract -l por /tmp/tmp3mazk02e.png stdout tsv
17:59:49 INFO     command: tesseract --psm 0 -l osd /tmp/tmppj_efoe9.png stdout
17:59:50 INFO     command: tesseract -l por /tmp/tmppj_efoe9.png stdout tsv
17:59:52 INFO     command: tesseract --psm 0 -l osd /tmp/tmpp880f1wj.png stdout
17:59:52 INFO     command: tesseract -l por /tmp/tmpp880f1wj.png stdout tsv
17:59:54 INFO     command: tesseract --psm 0 -l osd /tmp/tmp0dl221kz.png stdout
17:59:55 INFO     command: tesseract -l por /tmp/tmp0dl221kz.png stdout tsv
17:59:57 INFO     command: tesseract --psm 0 -l osd /tmp/tmp6zqp99ss.png stdout
17:59:58 INFO     command: tesseract -l por /tmp/tmp6zqp99ss.png stdout tsv
18:00:12 INFO     command: tesseract --psm 0 -l osd /tmp/tmpm3ji1rml.png stdout
18:00:13 INFO     command: tesseract -l por /tmp/tmpm3ji1rml.png stdout tsv
18:00:15 INFO     command: tesseract --psm 0 -l osd /tmp/tmpr9ry1uzh.png stdout
18:00:16 INFO     command: tesseract -l por /tmp/tmpr9ry1uzh.png stdout tsv
18:00:18 INFO     command: tesseract --psm 0 -l osd /tmp/tmpp2edv7oh.png stdout
18:00:19 INFO     command: tesseract -l por /tmp/tmpp2edv7oh.png stdout tsv
18:00:21 INFO     command: tesseract --psm 0 -l osd /tmp/tmpavs1ummo.png stdout
18:00:23 INFO     command: tesseract -l por /tmp/tmpavs1ummo.png stdout tsv
18:00:31 INFO     command: tesseract --psm 0 -l osd /tmp/tmpmy1p8nt7.png stdout
18:00:32 INFO     command: tesseract -l por /tmp/tmpmy1p8nt7.png stdout tsv
18:00:38 INFO     Finished converting document iti_doc_diretivo_assinado-1_tarjado.pdf in 56.16 sec.
18:00:38 INFO     [6/7] ✓ ITI       :  14 riscos | 56.2s | ETA ~58s
18:00:38 INFO     [7/7] → sgpr_ptd_2026_2027_docdiretivo_assinado-copia_tarjada.pdf
18:00:38 INFO     detected formats: [<InputFormat.PDF: 'pdf'>]
18:00:38 INFO     Going to convert document batch...
18:00:38 INFO     Processing document sgpr_ptd_2026_2027_docdiretivo_assinado-copia_tarjada.pdf
18:00:58 INFO     Finished converting document sgpr_ptd_2026_2027_docdiretivo_assinado-copia_tarjada.pdf in 20.59 sec.
18:00:58 INFO     [7/7] ✓ SGPR      :  10 riscos | 20.6s | ETA ~0s
18:00:58 INFO     ╔══════════════════════════════════════════════════════════════╗
18:00:58 INFO     ║                   RISCOS — fase concluída                    ║
18:00:58 INFO     ║  Processados: 7     |  ✓ 7  ⚠ 0                              ║
18:00:58 INFO     ║  Duração: 6.1 min                                            ║
18:00:58 INFO     ║  81 riscos | 7 órgãos                                        ║
18:00:58 INFO     ╚══════════════════════════════════════════════════════════════╝
18:00:58 INFO     81 riscos | 0 ações | 135 relações
18:00:58 INFO     ptd_corpus_raw                     : 273 linhas
18:00:58 INFO     ptd_pivot_eixos                    : 7 linhas
18:01:02 INFO     ptd_datas_assinatura               : 132 linhas
18:01:02 INFO     ptd_riscos                         : 81 linhas
18:01:02 INFO     ptd_riscos_acoes                   : 135 linhas
18:01:02 INFO     Manifesto salvo: pipeline_manifest.json | SHA-256 de 132 PDFs
18:01:02 INFO     ==================================================
18:01:02 INFO     PTD-BR v3.0-melhorado — PIPELINE CONCLUÍDO
18:01:02 INFO     ==================================================
18:01:02 INFO     ptd_corpus_raw.csv                        167 KB
18:01:02 INFO     ptd_pivot_eixos.csv                         0 KB
18:01:02 INFO     ptd_datas_assinatura.csv                    9 KB
18:01:02 INFO     ptd_riscos.csv                             23 KB
18:01:02 INFO     ptd_riscos_acoes.csv                        2 KB
18:01:02 INFO     proveniencia.json                           0 KB
18:01:02 INFO     pipeline_manifest.json                     20 KB
18:01:02 INFO     📦 Artefatos: https://github.com/freirelucas/teste/actions/runs/24042632263
18:01:02 INFO     ==================================================
