08:18:13 INFO     Docling disponível
08:18:13 WARNING  OCR fallback indisponível (IndentationError: unexpected indent (ptd_ocr_fallback.py, line 45))
08:18:14 INFO     Ignorado (guia/template/norma): ABNT-NBR-17225-Acessibilidade-Digital.pdf
08:18:14 INFO     Ignorado (guia/template/norma): cgrep-guia10passos-ptd-orgao.pdf
08:18:14 INFO     Ignorado (guia/template/norma): ABNT-NBR-17225-Acessibilidade-Digital.pdf
08:18:14 INFO     Scraping: 132 PDFs únicos | entregas: 68 | diretivos: 61
08:18:14 INFO     Baixando 132 PDFs únicos...
08:18:16 INFO     ✓ [  1/132] abin_ptd_anexo_de_entregas_assinado_pelo_orgao_ass   293.3KB
08:18:20 INFO     ✓ [  2/132] aeb_ptd_2025_2027_docdiretivo_aprovado_assinado-1_  1033.7KB
08:18:27 INFO     ✓ [  3/132] aeb_ptd_2025_2027_anexo_de_entregas_aprovado_assin   154.5KB
08:18:34 INFO     ✓ [  4/132] agu_ptd_2025_2027_docdiretivo_assinado_assinado_as  2860.3KB
08:18:37 INFO     ✓ [  5/132] agu_ptd_2025_2027_anexo_de_entregas_assinado_assin   525.5KB
08:18:40 INFO     ✓ [  6/132] ana_ptd_2025_2027_docdiretivo_assinado_assinado_as   477.2KB
08:18:42 INFO     ✓ [  7/132] ana_ptd_2025_2027_anexoentregas_assinado_assinado_   170.9KB
08:18:46 INFO     ✓ [  8/132] anac_ptd_2025_2026_docdiretivo_se_assinado_tarjado  1036.3KB
08:18:48 INFO     ✓ [  9/132] anac_ptd_2025_2026_anexo_de_entregas_se_assinado.p   215.2KB
08:18:52 INFO     ✓ [ 10/132] anatel_ptd_docdiretivo_assinado_2025_2026_assinado  1006.0KB
08:18:54 INFO     ✓ [ 11/132] anatel_ptd_2025_2026_anexo_de_entregas_do_ptd_publ    71.9KB
08:18:58 INFO     ✓ [ 12/132] ancine_ptd_2024_2026_docdiretivo_assinado-2_assina   961.8KB
08:19:01 INFO     ✓ [ 13/132] ancine_ptd_2024_2026_-_anexo_de_entregas_aprovado_   613.2KB
08:19:04 INFO     ✓ [ 14/132] ptd_aneel_2025-2027_docdiretivo_assinado_tarjado.p   779.6KB
08:19:06 INFO     ✓ [ 15/132] ptd_aneel_2025-2027_anexo_de_entregas_assinado.pdf   111.9KB
08:19:10 INFO     ✓ [ 16/132] anm_ptd_2025_2027_docdiretivo_assinadopeloorgao_ta  1092.5KB
08:19:14 INFO     ✓ [ 17/132] anm_ptd_2025_2027_anexo_entregas_assinadopeloorgao  1140.4KB
08:19:17 INFO     ✓ [ 18/132] anpd_ptd_2025_2027_docdiretivo_assinado_assinado_a  1044.3KB
08:19:20 INFO     ✓ [ 19/132] anpd_ptd_2025_2027_anexo_de_entregas_assinado_assi   166.5KB
08:19:23 INFO     ✓ [ 20/132] ans-plano_de_transformacao_digital_assinado-copia_  1023.4KB
08:19:25 INFO     ✓ [ 21/132] ans_ptd_2025_2026_anexo_de_entregas_assinado_assin   124.1KB
08:19:29 INFO     ✓ [ 22/132] antaq_ptd_2025_2027_docdiretivo_assinado_assinado_  1039.8KB
08:19:31 INFO     ✓ [ 23/132] antaq_ptd_2025_2027_anexoentregas_assinado_assinad   145.1KB
08:19:33 INFO     ✓ [ 24/132] mt_anexo_de_entregas_-_assinado_assinado_assinado_   143.6KB
08:19:43 INFO     ✓ [ 25/132] anvisa_ptd_docdiretivo_2025-2026_assinado_assinado  5771.2KB
08:19:46 INFO     ✓ [ 26/132] anvisa_ptd_anexo_de_entregas_2025_2026_assinado_as   239.0KB
08:19:49 INFO     ✓ [ 27/132] bcb_documento_diretivo_assinado_assinado_assinado-   713.7KB
08:19:51 INFO     ✓ [ 28/132] bcb_anexo_de_entregas_ptd_25_26-1_assinado_assinad   134.8KB
08:19:55 INFO     ✓ [ 29/132] cade_ptd_docdiretivo_2025_2026_assinado-2_assinado   810.4KB
08:19:58 INFO     ✓ [ 30/132] cade_ptd_anexo_de_entregas_2025_2026_assinado_copi   504.0KB
08:20:01 INFO     ✓ [ 31/132] mec_ptd_docdiretivo_2025-2026_sei_mec-5566673_copi   863.1KB
08:20:04 INFO     ✓ [ 32/132] mec_ptd_anexo-de-entregas_sei_mec-5576401_copia_ta   495.7KB
08:20:08 INFO     ✓ [ 33/132] mec_ptd_docdiretivo-versao-comunicacao_copia_tarja  1616.5KB
08:20:11 INFO     ✓ [ 34/132] md_ptd_2026_2027_anexo_de_entregas_assinado_assina   579.4KB
08:20:14 INFO     ✓ [ 35/132] md_ptd_2026_2027_anexo_de_entregas_assinado_assina   186.8KB
08:20:17 INFO     ✓ [ 36/132] md_ptd_temp_copia_tarjada.pdf                        741.9KB
08:20:21 INFO     ✓ [ 37/132] cgu_ptd_docdiretivo_assinado_assinado_assinado-cop  1085.4KB
08:20:24 INFO     ✓ [ 38/132] cgu_ptd_anexo_de_entregas_pactuadas_assinado_assin   514.1KB
08:20:26 INFO     ✓ [ 39/132] cnpq_ptd_2025_2027_docdiretivo_assinado_assinado_a   342.9KB
08:20:29 INFO     ✓ [ 40/132] cnpq_ptd_2025_2027_anexo_de_entregas_assinado_assi   136.1KB
08:20:32 INFO     ✓ [ 41/132] coaf_ptd_2025_2026_documento_diretivo_assinado_ass  1068.0KB
08:20:39 INFO     ✓ [ 42/132] coaf_ptd_2025_2026_anexo_de_entregas-2_assinado_as  3184.5KB
08:20:46 INFO     ✓ [ 43/132] ptd_midr-docdiretivo_aprovado_assinado_tarjado.pdf  3864.1KB
08:20:50 INFO     ✓ [ 44/132] ptd_midr_-_anexo_de_entregas_-_aprovado_assinado.p  1122.0KB
08:20:53 INFO     ✓ [ 45/132] mda-documento-diretivo-assinado_ptd-2025-207-copia   955.8KB
08:20:56 INFO     ✓ [ 46/132] cvm_ptd_2025_2027_docdiretivo_assinado_assinado_as   270.5KB
08:20:58 INFO     ✓ [ 47/132] cvm_ptd_2025_2027_anexoentregas_assinado_assinado_   409.0KB
08:21:02 INFO     ✓ [ 48/132] dnocs_ptd_doc_diretivo_2025_2026_assinado_orgao-2_   891.1KB
08:21:04 INFO     ✓ [ 49/132] dnocs_anexo_de_entregas_repactuado_2025_2026_assin   272.3KB
08:21:10 INFO     ✓ [ 50/132] fbn_ptd_2025_2027_docdiretivo_assinado-1_tarjado.p  2921.6KB
08:21:13 INFO     ✓ [ 51/132] fbn_ptd_2025_2027_anexo_de_entregas_assinado-1.pdf   162.3KB
08:21:17 INFO     ✓ [ 52/132] fcp_ptd_2025_2027_docdiretivo_assinado-1_tarjado.p  1612.0KB
08:21:19 INFO     ✓ [ 53/132] fcp_ptd_2025_2027_anexo_de_entregas_assinado-1.pdf   118.8KB
08:21:23 INFO     ✓ [ 54/132] fcrb_ptd_2025_2026_docdiretivo_aprovado_assinado-1   998.2KB
08:21:25 INFO     ✓ [ 55/132] fcrb_ptd_2025_2026_anexo_de_entregas_aprovado_assi   313.5KB
08:21:29 INFO     ✓ [ 56/132] fiocruz_novo-ptd_2-1_docdiretivo_repactuacao_2024-  1318.1KB
08:21:32 INFO     ✓ [ 57/132] fiocruz_ptd_anexo_de_entregas_assinado_v1_assinado   257.1KB
08:21:36 INFO     ✓ [ 58/132] fiocruz-ptd-06_2024-copia_tarjada.pdf               1693.8KB
08:21:41 INFO     ✓ [ 59/132] funai_ptd_2025_2027_docdiretivo_assinado-1_tarjado  1842.1KB
08:21:44 INFO     ✓ [ 60/132] funai_anexo_de_entregas_repactuado_2026_2027_assin   435.7KB
08:21:47 INFO     ✓ [ 61/132] funarte_ptd_docdiretivo_assinado_21_01_2025_assina   965.7KB
08:21:50 INFO     ✓ [ 62/132] funarte_ptd_anexo_de_entregas_assinado_v1_assinado   683.6KB
08:21:53 INFO     ✓ [ 63/132] fundacentro_ptd_2025_2027_docdiretivo_assinado_ass   826.6KB
08:21:57 INFO     ✓ [ 64/132] fundacentro_ptd_2025_2027_anexo_de_entregas_assina   635.5KB
08:22:00 INFO     ✓ [ 65/132] mma_ptd_docdiretivo_assinado_2025_2026-1_assinado_   949.3KB
08:22:03 INFO     ✓ [ 66/132] mma_ptd_anexo_de_entregas_aprovado_final_assinado_   174.8KB
08:22:06 INFO     ✓ [ 67/132] ibge_docdiretivo_2025_assinado_assinado_assinado-c  1167.3KB
08:22:09 INFO     ✓ [ 68/132] ibge_ptd_25_26_anexo_de_entregas_modelo_v2-1_assin   143.7KB
08:22:20 INFO     ✓ [ 69/132] incra_ptd_docdiretivo__assinado-1_assinado_assinad  7182.0KB
08:22:24 INFO     ✓ [ 70/132] incra_anexo_de_entregas_assinado-1_assinado_assina  1818.6KB
08:22:31 INFO     ✓ [ 71/132] inpi_ptd_docdiretivo_assinado_2025_2026_assinado_a  3322.4KB
08:22:37 INFO     ✓ [ 72/132] inpi_ptd_anexo_de_entregas_assinado_v1_assinado_as  3078.1KB
08:22:41 INFO     ✓ [ 73/132] inss_ptd_2025_2027_docdiretivo-assinado-copia_tarj  1173.3KB
08:22:43 INFO     ✓ [ 74/132] inss_ptd_2025_2027_anexo_de_entregas-assinado-copi   110.8KB
08:22:46 INFO     ✓ [ 75/132] iphan_ptd_docdiretivo_assinado_2025_2026_assinado_   885.7KB
08:22:49 INFO     ✓ [ 76/132] iphan_ptd_anexo_de_entregas_assinado_v1_assinado_a   310.9KB
08:22:58 INFO     ✓ [ 77/132] iti_doc_diretivo_assinado-1_tarjado.pdf             4905.1KB
08:23:00 INFO     ✓ [ 78/132] iti_anexo_de_entregas_assinado.pdf                   556.4KB
08:23:05 INFO     ✓ [ 79/132] mapa_ptd_2025_2027_docdiretivo_assinado-1_tarjado.  1740.9KB
08:23:07 INFO     ✓ [ 80/132] mapa_ptd_2025_2027_anexo_de_entregas_assinado-1.pd   261.9KB
08:23:16 INFO     ✓ [ 81/132] documento-diretivo-mcom-_-ptd-25_27-copia_tarjada.  4451.9KB
08:23:19 INFO     ✓ [ 82/132] anexo-de-entregas-mcom_ptd-25_27-copia_tarjada.pdf  1213.8KB
08:23:26 INFO     ✓ [ 83/132] ptd_21_24_mcom-copia_tarjada.pdf                    3040.7KB
08:23:29 INFO     ✓ [ 84/132] mcti_ptd_2025-2027_docdiretivo_assinado-copia_tarj  1030.7KB
08:23:31 INFO     ✓ [ 85/132] mcti_ptd_2025-2027_anexo-de-entregas_assinado-copi   145.8KB
08:23:34 INFO     ✓ [ 86/132] mda-anexo-entregas-assinado_ptd-2025-2027-copia-ta   284.6KB
08:23:37 INFO     ✓ [ 87/132] mdhc_ptd_2025_2027_docdiretivo_assinado_assinado_a   753.4KB
08:23:40 INFO     ✓ [ 88/132] mdhc_ptd_2025_2027_anexoentregas_assinado_assinado   186.8KB
08:23:42 INFO     ✓ [ 89/132] mdic_ptd_anexo_de_entregas_assinado_v1_assinado_as   176.6KB
08:23:46 INFO     ✓ [ 90/132] memp_ptd_2025_2026_docdiretivo_assinado_assinado_a  1030.1KB
08:23:48 INFO     ✓ [ 91/132] memp_ptd_2025_2026_anexo_de_entregas_assinado_assi   161.5KB
08:23:52 INFO     ✓ [ 92/132] mesp_ptd_2025_2027_docdiretivo_assinado_assinado_2  1147.7KB
08:23:54 INFO     ✓ [ 93/132] mesp_ptd_2025_2027_anexo_de_entregas_assinado_assi   226.6KB
08:23:58 INFO     ✓ [ 94/132] mf_ptd_2026_2027_documentodiretivo_assinado_assina   955.1KB
08:24:00 INFO     ✓ [ 95/132] mf_ptd_2026_2027_anexo_de_entregas_1_mf_se_assinad   241.2KB
08:24:03 INFO     ✓ [ 96/132] mgi_ptd_2025_2027_docdiretivo_assinado_assinado_as   375.2KB
08:24:06 INFO     ✓ [ 97/132] mgi_ptd_2025_2027_anexo_de_entregas_assinado_assin   256.1KB
08:24:09 INFO     ✓ [ 98/132] minc_ptd_2025_2027_docdiretivo_assinado-1_assinado   863.6KB
08:24:12 INFO     ✓ [ 99/132] minc_ptd_2025_2027_anexo_de_entregas_assinado-1_as   276.7KB
08:24:15 INFO     ✓ [100/132] mjsp_ptd_docdiretivo_assinado_2025_2026_assinado_a   954.0KB
08:24:18 INFO     ✓ [101/132] mjsp_ptd_anexo_de_entregas_assinado_v1_assinado_as   253.9KB
08:24:21 INFO     ✓ [102/132] mme_ptd_2025_2027_docdiretivo_assinado-copia_tarja   664.5KB
08:24:23 INFO     ✓ [103/132] mme_ptd_2025_2027_anexo_de_entregas_assinado__1_-c   111.1KB
08:24:27 INFO     ✓ [104/132] mmulheres_ptd_2025_2027_docdiretivo_assinado_assin  1078.3KB
08:24:29 INFO     ✓ [105/132] mmulheres_ptd_2025_2027_anexo_de_entregas_assinado   216.9KB
08:24:33 INFO     ✓ [106/132] mpi_ptd_2025_2027_docdiretivo_ministerio_dos_povos   947.9KB
08:24:35 INFO     ✓ [107/132] mpi_ptd_anexo_de_entregas_do_plano_de_tranformacao   191.9KB
08:24:38 INFO     ✓ [108/132] mpo_ptd_docdiretivo_assinado_2025_2026_assinado_as   806.3KB
08:24:41 INFO     ✓ [109/132] mpo_ptd_anexo_de_entregas_assinado_v1_assinado_ass   323.2KB
08:24:44 INFO     ✓ [110/132] mpor_ptd_2025_2027_docdiretivo_assinado_assinado_a   876.5KB
08:24:47 INFO     ✓ [111/132] mpor_ptd_2025_2027_anexo_de_entregas_assinado_assi   175.1KB
08:24:50 INFO     ✓ [112/132] mps_ptd_2025-2026_docdiretivo_final_assinado-1_ass  1024.4KB
08:24:53 INFO     ✓ [113/132] mps_ptd_2025-2026_anexo_de_entregas_final_assinado   165.0KB
08:24:56 INFO     ✓ [114/132] mre_ptd_docdiretivo_assinado_2025_2026_assinado_as   760.9KB
08:24:59 INFO     ✓ [115/132] mre_ptd_anexo_de_entregas_assinado_v1_assinado_ass   233.2KB
08:25:02 INFO     ✓ [116/132] mte_ptd_2025_2026_docdiretivo_assinado_assinado_as   729.6KB
08:25:05 INFO     ✓ [117/132] mte_ptd_anexo_de_entregas_assinado_v1__281_29_assi   459.5KB
08:25:08 INFO     ✓ [118/132] mtur_ptd_docdiretiv_assinado_30_01_2025_assinado_a  1050.4KB
08:25:11 INFO     ✓ [119/132] mtur_ptd_anexo_de_entregas_assinado_30_01_2025_ass   118.8KB
08:25:14 INFO     ✓ [120/132] pf_ptd_docdiretivo_2025_2027_assinado-copia_tarjad   964.3KB
08:25:16 INFO     ✓ [121/132] pf_ptd_anexo_de_entregas_2025_2027_assinado-copia_    62.5KB
08:25:19 INFO     ✓ [122/132] mf_ptd_2026_2027_anexo_de_entregas_4_mf_pgfn_assin   466.8KB
08:25:31 INFO     ✓ [123/132] previc_plano_de_transformacao_digital_2025_2026_29  6652.7KB
08:25:33 INFO     ✓ [124/132] previc_ptd_repactuacao_2025-2026_assinado_assinado   182.9KB
08:25:36 INFO     ✓ [125/132] prf_documentodiretivo_ptd_2026-2027_assinado_tarja   535.9KB
08:25:39 INFO     ✓ [126/132] prf_anexo_de_entregas_do_ptd__2026_2027___ptd___en   157.7KB
08:25:41 INFO     ✓ [127/132] mf_ptd_2026_2027_anexo_de_entregas_2_mf_rfb_assina   253.7KB
08:25:45 INFO     ✓ [128/132] sgpr_ptd_2026_2027_docdiretivo_assinado-copia_tarj   791.2KB
08:25:48 INFO     ✓ [129/132] sgpr_ptd_2025_2027_anexo_de_entregas_assinado-copi   897.9KB
08:25:51 INFO     ✓ [130/132] mf_ptd_2026_2027_anexo_de_entregas_3_mf_stn_assina   467.8KB
08:25:55 INFO     ✓ [131/132] susep_ptd_2025_2027_docdiretivo-assinado-copia_tar  1030.1KB
08:25:57 INFO     ✓ [132/132] susep_ptd_2025-2026_anexo_de_entregas_final_assina   221.9KB
08:25:59 INFO     132 OK | 0 erros | 123.3 MB total
08:26:04 INFO     Sanity: 132 PDFs | 113 texto | 19 imagem/OCR | 0 duplicatas
08:26:04 INFO     --siglas (debug): 15 PDFs de ['AGU', 'FIOCRUZ', 'FUNAI', 'FUNDACENTRO', 'INCRA', 'ITI', 'MCOM', 'SGPR']
08:26:04 INFO     DocumentConverter instanciado (singleton × 2: plain + OCR)
08:26:04 INFO     [1/15] → agu_ptd_2025_2027_anexo_de_entregas_assinado_assinado_assinado-copia_tarjada.pdf
08:26:04 INFO     detected formats: [<InputFormat.PDF: 'pdf'>]
08:26:04 INFO     Going to convert document batch...
08:26:04 INFO     Initializing pipeline for StandardPdfPipeline with options hash bc6794697da537796efc497178f9263f
08:26:04 INFO     Loading plugin 'docling_defaults'
08:26:04 INFO     Registered picture descriptions: ['picture_description_vlm_engine', 'vlm', 'api']
08:26:04 INFO     Loading plugin 'docling_defaults'
08:26:04 INFO     Registered ocr engines: ['auto', 'easyocr', 'kserve_v2_ocr', 'ocrmac', 'rapidocr', 'tesserocr', 'tesseract']
08:26:04 INFO     command: tesseract --list-langs
08:26:04 INFO     Loading plugin 'docling_defaults'
08:26:04 INFO     Registered layout engines: ['layout_object_detection', 'docling_layout_default', 'docling_experimental_table_crops_layout']
08:26:04 INFO     Accelerator device: 'cpu'
08:26:04 INFO     HTTP Request: GET https://huggingface.co/api/models/docling-project/docling-layout-heron/revision/main "HTTP/1.1 200 OK"
08:26:04 INFO     HTTP Request: HEAD https://huggingface.co/docling-project/docling-layout-heron/resolve/8f39ad3c0b4c58e9c2d2c84a38465abf757272d8/README.md "HTTP/1.1 307 Temporary Redirect"
08:26:04 INFO     HTTP Request: HEAD https://huggingface.co/api/resolve-cache/models/docling-project/docling-layout-heron/8f39ad3c0b4c58e9c2d2c84a38465abf757272d8/README.md "HTTP/1.1 200 OK"
08:26:05 INFO     HTTP Request: HEAD https://huggingface.co/docling-project/docling-layout-heron/resolve/8f39ad3c0b4c58e9c2d2c84a38465abf757272d8/.gitattributes "HTTP/1.1 307 Temporary Redirect"
08:26:05 WARNING  Warning: You are sending unauthenticated requests to the HF Hub. Please set a HF_TOKEN to enable higher rate limits and faster downloads.
08:26:05 INFO     HTTP Request: GET https://huggingface.co/api/resolve-cache/models/docling-project/docling-layout-heron/8f39ad3c0b4c58e9c2d2c84a38465abf757272d8/README.md "HTTP/1.1 200 OK"
08:26:05 INFO     HTTP Request: HEAD https://huggingface.co/docling-project/docling-layout-heron/resolve/8f39ad3c0b4c58e9c2d2c84a38465abf757272d8/model.safetensors "HTTP/1.1 302 Found"
08:26:05 INFO     HTTP Request: HEAD https://huggingface.co/docling-project/docling-layout-heron/resolve/8f39ad3c0b4c58e9c2d2c84a38465abf757272d8/config.json "HTTP/1.1 307 Temporary Redirect"
08:26:05 INFO     HTTP Request: HEAD https://huggingface.co/docling-project/docling-layout-heron/resolve/8f39ad3c0b4c58e9c2d2c84a38465abf757272d8/docling_heron_400.png "HTTP/1.1 307 Temporary Redirect"
08:26:05 INFO     HTTP Request: HEAD https://huggingface.co/docling-project/docling-layout-heron/resolve/8f39ad3c0b4c58e9c2d2c84a38465abf757272d8/preprocessor_config.json "HTTP/1.1 307 Temporary Redirect"
08:26:05 INFO     HTTP Request: HEAD https://huggingface.co/api/resolve-cache/models/docling-project/docling-layout-heron/8f39ad3c0b4c58e9c2d2c84a38465abf757272d8/.gitattributes "HTTP/1.1 200 OK"
08:26:05 INFO     HTTP Request: HEAD https://huggingface.co/api/resolve-cache/models/docling-project/docling-layout-heron/8f39ad3c0b4c58e9c2d2c84a38465abf757272d8/config.json "HTTP/1.1 200 OK"
08:26:05 INFO     HTTP Request: HEAD https://huggingface.co/api/resolve-cache/models/docling-project/docling-layout-heron/8f39ad3c0b4c58e9c2d2c84a38465abf757272d8/preprocessor_config.json "HTTP/1.1 200 OK"
08:26:05 INFO     HTTP Request: HEAD https://huggingface.co/api/resolve-cache/models/docling-project/docling-layout-heron/8f39ad3c0b4c58e9c2d2c84a38465abf757272d8/docling_heron_400.png "HTTP/1.1 200 OK"
08:26:05 INFO     HTTP Request: GET https://huggingface.co/api/resolve-cache/models/docling-project/docling-layout-heron/8f39ad3c0b4c58e9c2d2c84a38465abf757272d8/.gitattributes "HTTP/1.1 200 OK"
08:26:05 INFO     HTTP Request: GET https://huggingface.co/api/resolve-cache/models/docling-project/docling-layout-heron/8f39ad3c0b4c58e9c2d2c84a38465abf757272d8/config.json "HTTP/1.1 200 OK"
08:26:05 INFO     HTTP Request: GET https://huggingface.co/api/models/docling-project/docling-layout-heron/xet-read-token/8f39ad3c0b4c58e9c2d2c84a38465abf757272d8 "HTTP/1.1 200 OK"
08:26:05 INFO     HTTP Request: GET https://huggingface.co/api/resolve-cache/models/docling-project/docling-layout-heron/8f39ad3c0b4c58e9c2d2c84a38465abf757272d8/docling_heron_400.png "HTTP/1.1 200 OK"
08:26:05 INFO     HTTP Request: GET https://huggingface.co/api/resolve-cache/models/docling-project/docling-layout-heron/8f39ad3c0b4c58e9c2d2c84a38465abf757272d8/preprocessor_config.json "HTTP/1.1 200 OK"
08:26:06 INFO     Loading plugin 'docling_defaults'
08:26:06 INFO     Registered table structure engines: ['docling_tableformer', 'docling_tableformer_v2']
08:26:06 INFO     HTTP Request: GET https://huggingface.co/api/models/docling-project/docling-models/revision/v2.3.0 "HTTP/1.1 200 OK"
08:26:06 INFO     HTTP Request: HEAD https://huggingface.co/docling-project/docling-models/resolve/fc0f2d45e2218ea24bce5045f58a389aed16dc23/README.md "HTTP/1.1 307 Temporary Redirect"
08:26:06 INFO     HTTP Request: HEAD https://huggingface.co/docling-project/docling-models/resolve/fc0f2d45e2218ea24bce5045f58a389aed16dc23/.gitignore "HTTP/1.1 307 Temporary Redirect"
08:26:06 INFO     HTTP Request: HEAD https://huggingface.co/docling-project/docling-models/resolve/fc0f2d45e2218ea24bce5045f58a389aed16dc23/config.json "HTTP/1.1 307 Temporary Redirect"
08:26:06 INFO     HTTP Request: HEAD https://huggingface.co/docling-project/docling-models/resolve/fc0f2d45e2218ea24bce5045f58a389aed16dc23/model_artifacts/tableformer/accurate/tableformer_accurate.safetensors "HTTP/1.1 302 Found"
08:26:06 INFO     HTTP Request: HEAD https://huggingface.co/docling-project/docling-models/resolve/fc0f2d45e2218ea24bce5045f58a389aed16dc23/model_artifacts/tableformer/accurate/tm_config.json "HTTP/1.1 307 Temporary Redirect"
08:26:06 INFO     HTTP Request: HEAD https://huggingface.co/docling-project/docling-models/resolve/fc0f2d45e2218ea24bce5045f58a389aed16dc23/.gitattributes "HTTP/1.1 307 Temporary Redirect"
08:26:06 INFO     HTTP Request: HEAD https://huggingface.co/api/resolve-cache/models/docling-project/docling-models/fc0f2d45e2218ea24bce5045f58a389aed16dc23/README.md "HTTP/1.1 200 OK"
08:26:06 INFO     HTTP Request: HEAD https://huggingface.co/api/resolve-cache/models/docling-project/docling-models/fc0f2d45e2218ea24bce5045f58a389aed16dc23/.gitignore "HTTP/1.1 200 OK"
08:26:06 INFO     HTTP Request: HEAD https://huggingface.co/api/resolve-cache/models/docling-project/docling-models/fc0f2d45e2218ea24bce5045f58a389aed16dc23/config.json "HTTP/1.1 200 OK"
08:26:06 INFO     HTTP Request: HEAD https://huggingface.co/docling-project/docling-models/resolve/fc0f2d45e2218ea24bce5045f58a389aed16dc23/model_artifacts/tableformer/fast/tm_config.json "HTTP/1.1 307 Temporary Redirect"
08:26:06 INFO     HTTP Request: HEAD https://huggingface.co/api/resolve-cache/models/docling-project/docling-models/fc0f2d45e2218ea24bce5045f58a389aed16dc23/model_artifacts%2Ftableformer%2Faccurate%2Ftm_config.json "HTTP/1.1 200 OK"
08:26:06 INFO     HTTP Request: HEAD https://huggingface.co/api/resolve-cache/models/docling-project/docling-models/fc0f2d45e2218ea24bce5045f58a389aed16dc23/.gitattributes "HTTP/1.1 200 OK"
08:26:06 INFO     HTTP Request: GET https://huggingface.co/api/resolve-cache/models/docling-project/docling-models/fc0f2d45e2218ea24bce5045f58a389aed16dc23/README.md "HTTP/1.1 200 OK"
08:26:06 INFO     HTTP Request: GET https://huggingface.co/api/resolve-cache/models/docling-project/docling-models/fc0f2d45e2218ea24bce5045f58a389aed16dc23/.gitignore "HTTP/1.1 200 OK"
08:26:06 INFO     HTTP Request: HEAD https://huggingface.co/docling-project/docling-models/resolve/fc0f2d45e2218ea24bce5045f58a389aed16dc23/model_artifacts/tableformer/fast/tableformer_fast.safetensors "HTTP/1.1 302 Found"
08:26:06 INFO     HTTP Request: HEAD https://huggingface.co/api/resolve-cache/models/docling-project/docling-models/fc0f2d45e2218ea24bce5045f58a389aed16dc23/model_artifacts%2Ftableformer%2Ffast%2Ftm_config.json "HTTP/1.1 200 OK"
08:26:06 INFO     HTTP Request: GET https://huggingface.co/api/resolve-cache/models/docling-project/docling-models/fc0f2d45e2218ea24bce5045f58a389aed16dc23/config.json "HTTP/1.1 200 OK"
08:26:06 INFO     HTTP Request: GET https://huggingface.co/api/resolve-cache/models/docling-project/docling-models/fc0f2d45e2218ea24bce5045f58a389aed16dc23/.gitattributes "HTTP/1.1 200 OK"
08:26:06 INFO     HTTP Request: GET https://huggingface.co/api/resolve-cache/models/docling-project/docling-models/fc0f2d45e2218ea24bce5045f58a389aed16dc23/model_artifacts%2Ftableformer%2Faccurate%2Ftm_config.json "HTTP/1.1 200 OK"
08:26:06 INFO     HTTP Request: GET https://huggingface.co/api/models/docling-project/docling-models/xet-read-token/fc0f2d45e2218ea24bce5045f58a389aed16dc23 "HTTP/1.1 200 OK"
08:26:06 INFO     HTTP Request: GET https://huggingface.co/api/resolve-cache/models/docling-project/docling-models/fc0f2d45e2218ea24bce5045f58a389aed16dc23/model_artifacts%2Ftableformer%2Ffast%2Ftm_config.json "HTTP/1.1 200 OK"
08:26:06 INFO     HTTP Request: GET https://huggingface.co/api/models/docling-project/docling-models/xet-read-token/fc0f2d45e2218ea24bce5045f58a389aed16dc23 "HTTP/1.1 200 OK"
08:26:08 INFO     Accelerator device: 'cpu'
08:26:08 INFO     Processing document agu_ptd_2025_2027_anexo_de_entregas_assinado_assinado_assinado-copia_tarjada.pdf
08:26:09 INFO     command: tesseract --psm 0 -l osd /tmp/tmp14bdw01x.png stdout
08:26:09 INFO     command: tesseract -l por /tmp/tmp14bdw01x.png stdout tsv
08:26:12 INFO     command: tesseract --psm 0 -l osd /tmp/tmplasjzyun.png stdout
08:26:13 INFO     command: tesseract -l por /tmp/tmplasjzyun.png stdout tsv
08:26:32 INFO     Finished converting document agu_ptd_2025_2027_anexo_de_entregas_assinado_assinado_assinado-copia_tarjada.pdf in 27.53 sec.
08:26:32 INFO       pixel_budget (Docling) agu_ptd_2025_2027_anexo_de_entregas_assinado_assinado_assinado-copia_tarjada.pdf: 45.8% (área tabelas/1001817 px²)
08:26:32 INFO     [1/15] ✓ AGU       :   33 entregas | 27.5s | ETA ~6min
08:26:32 INFO     [2/15] → agu_ptd_2025_2027_docdiretivo_assinado_assinado_assinado-copia_tarjada.pdf
08:26:32 INFO     detected formats: [<InputFormat.PDF: 'pdf'>]
08:26:32 INFO     Going to convert document batch...
08:26:32 INFO     Processing document agu_ptd_2025_2027_docdiretivo_assinado_assinado_assinado-copia_tarjada.pdf
08:26:32 INFO     command: tesseract --psm 0 -l osd /tmp/tmpnxfhluih.png stdout
08:26:33 INFO     command: tesseract -l por /tmp/tmpnxfhluih.png stdout tsv
08:26:34 INFO     command: tesseract --psm 0 -l osd /tmp/tmp2eann5r7.png stdout
08:26:36 INFO     command: tesseract -l por /tmp/tmp2eann5r7.png stdout tsv
08:26:41 INFO     command: tesseract --psm 0 -l osd /tmp/tmp16f6mwsx.png stdout
08:26:41 INFO     command: tesseract -l por /tmp/tmp16f6mwsx.png stdout tsv
08:26:44 INFO     command: tesseract --psm 0 -l osd /tmp/tmpytqwmjto.png stdout
08:26:44 INFO     command: tesseract -l por /tmp/tmpytqwmjto.png stdout tsv
08:26:47 INFO     command: tesseract --psm 0 -l osd /tmp/tmp6fs9pr05.png stdout
08:26:47 INFO     command: tesseract -l por /tmp/tmp6fs9pr05.png stdout tsv
08:26:49 INFO     command: tesseract --psm 0 -l osd /tmp/tmptm28wvwg.png stdout
08:26:51 INFO     command: tesseract -l por /tmp/tmptm28wvwg.png stdout tsv
08:27:01 INFO     command: tesseract --psm 0 -l osd /tmp/tmpuvtb24jz.png stdout
08:27:02 INFO     command: tesseract -l por /tmp/tmpuvtb24jz.png stdout tsv
08:27:04 INFO     command: tesseract --psm 0 -l osd /tmp/tmpngsa3msc.png stdout
08:27:05 INFO     command: tesseract -l por /tmp/tmpngsa3msc.png stdout tsv
08:27:07 INFO     command: tesseract --psm 0 -l osd /tmp/tmpfbzzuj6s.png stdout
08:27:08 INFO     command: tesseract -l por /tmp/tmpfbzzuj6s.png stdout tsv
08:27:10 INFO     command: tesseract --psm 0 -l osd /tmp/tmpine7qzqs.png stdout
08:27:11 INFO     command: tesseract -l por /tmp/tmpine7qzqs.png stdout tsv
08:27:24 INFO     command: tesseract --psm 0 -l osd /tmp/tmpde2hn073.png stdout
08:27:25 INFO     command: tesseract -l por /tmp/tmpde2hn073.png stdout tsv
08:27:28 INFO     Finished converting document agu_ptd_2025_2027_docdiretivo_assinado_assinado_assinado-copia_tarjada.pdf in 56.12 sec.
08:27:28 INFO       pixel_budget (Docling) agu_ptd_2025_2027_docdiretivo_assinado_assinado_assinado-copia_tarjada.pdf: 2.1% (área tabelas/5513330 px²)
08:27:28 INFO     [2/15] ✓ AGU       :    6 entregas | 56.1s | ETA ~9min
08:27:28 INFO     [3/15] → anexo-de-entregas-mcom_ptd-25_27-copia_tarjada.pdf
08:27:28 INFO     detected formats: [<InputFormat.PDF: 'pdf'>]
08:27:28 INFO     Going to convert document batch...
08:27:28 INFO     Processing document anexo-de-entregas-mcom_ptd-25_27-copia_tarjada.pdf
08:27:29 INFO     command: tesseract --psm 0 -l osd /tmp/tmp7lf3wlbh.png stdout
08:27:30 INFO     command: tesseract -l por /tmp/tmp7lf3wlbh.png stdout tsv
08:27:32 INFO     command: tesseract --psm 0 -l osd /tmp/tmpdlrdwr2w.png stdout
08:27:34 INFO     command: tesseract -l por /tmp/tmpdlrdwr2w.png stdout tsv
08:27:45 INFO     command: tesseract --psm 0 -l osd /tmp/tmpkrw4uihz.png stdout
08:27:46 INFO     command: tesseract -l por /tmp/tmpkrw4uihz.png stdout tsv
08:28:06 INFO     Finished converting document anexo-de-entregas-mcom_ptd-25_27-copia_tarjada.pdf in 37.92 sec.
08:28:06 INFO       pixel_budget (Docling) anexo-de-entregas-mcom_ptd-25_27-copia_tarjada.pdf: 55.2% (área tabelas/1503636 px²)
08:28:06 INFO     [3/15] ✓ MCOM      :   55 entregas | 37.9s | ETA ~8min
08:28:06 INFO     [4/15] → documento-diretivo-mcom-_-ptd-25_27-copia_tarjada.pdf
08:28:06 INFO     detected formats: [<InputFormat.PDF: 'pdf'>]
08:28:06 INFO     Going to convert document batch...
08:28:06 INFO     Processing document documento-diretivo-mcom-_-ptd-25_27-copia_tarjada.pdf
08:28:06 INFO     command: tesseract --psm 0 -l osd /tmp/tmpfrdquqjq.png stdout
08:28:07 INFO     command: tesseract -l por /tmp/tmpfrdquqjq.png stdout tsv
08:28:09 INFO     command: tesseract --psm 0 -l osd /tmp/tmpj4g7yag7.png stdout
08:28:10 INFO     command: tesseract -l por /tmp/tmpj4g7yag7.png stdout tsv
08:28:17 INFO     command: tesseract --psm 0 -l osd /tmp/tmp7aq0nj_e.png stdout
08:28:18 INFO     command: tesseract -l por /tmp/tmp7aq0nj_e.png stdout tsv
08:28:19 INFO     command: tesseract --psm 0 -l osd /tmp/tmp869bscjj.png stdout
08:28:20 INFO     command: tesseract -l por /tmp/tmp869bscjj.png stdout tsv
08:28:22 INFO     command: tesseract --psm 0 -l osd /tmp/tmpicc6ytbf.png stdout
08:28:22 INFO     command: tesseract -l por /tmp/tmpicc6ytbf.png stdout tsv
08:28:25 INFO     command: tesseract --psm 0 -l osd /tmp/tmpl0dgm5o3.png stdout
08:28:26 INFO     command: tesseract -l por /tmp/tmpl0dgm5o3.png stdout tsv
08:28:40 INFO     command: tesseract --psm 0 -l osd /tmp/tmpl2laffrj.png stdout
08:28:41 INFO     command: tesseract -l por /tmp/tmpl2laffrj.png stdout tsv
08:28:43 INFO     command: tesseract --psm 0 -l osd /tmp/tmpok1uhtck.png stdout
08:28:43 INFO     command: tesseract -l por /tmp/tmpok1uhtck.png stdout tsv
08:28:46 INFO     command: tesseract --psm 0 -l osd /tmp/tmp_8ih1e82.png stdout
08:28:47 INFO     command: tesseract -l por /tmp/tmp_8ih1e82.png stdout tsv
08:28:48 INFO     command: tesseract --psm 0 -l osd /tmp/tmpd4xlhh_q.png stdout
08:28:50 INFO     command: tesseract -l por /tmp/tmpd4xlhh_q.png stdout tsv
08:28:55 INFO     command: tesseract --psm 0 -l osd /tmp/tmpk9fc7h7r.png stdout
08:28:56 INFO     command: tesseract -l por /tmp/tmpk9fc7h7r.png stdout tsv
08:28:59 INFO     command: tesseract --psm 0 -l osd /tmp/tmpaiujhdw7.png stdout
08:29:00 INFO     command: tesseract -l por /tmp/tmpaiujhdw7.png stdout tsv
08:29:02 INFO     command: tesseract --psm 0 -l osd /tmp/tmpja6t9xpn.png stdout
08:29:03 INFO     command: tesseract -l por /tmp/tmpja6t9xpn.png stdout tsv
08:29:05 INFO     command: tesseract --psm 0 -l osd /tmp/tmpdx6881ee.png stdout
08:29:06 INFO     command: tesseract -l por /tmp/tmpdx6881ee.png stdout tsv
08:29:12 INFO     Finished converting document documento-diretivo-mcom-_-ptd-25_27-copia_tarjada.pdf in 65.78 sec.
08:29:12 INFO       pixel_budget (Docling) documento-diretivo-mcom-_-ptd-25_27-copia_tarjada.pdf: 10.8% (área tabelas/7016966 px²)
08:29:12 WARNING  [4/15] ⚠ MCOM      :    0 entregas | 65.8s | ETA ~8min
08:29:12 INFO     [5/15] → fiocruz-ptd-06_2024-copia_tarjada.pdf
08:29:12 INFO     detected formats: [<InputFormat.PDF: 'pdf'>]
08:29:12 INFO     Going to convert document batch...
08:29:12 INFO     Initializing pipeline for StandardPdfPipeline with options hash d18651824ca6fe56cf3ccb20424ac2c8
08:29:12 INFO     Accelerator device: 'cpu'
08:29:12 INFO     HTTP Request: GET https://huggingface.co/api/models/docling-project/docling-layout-heron/revision/main "HTTP/1.1 200 OK"
08:29:12 INFO     HTTP Request: GET https://huggingface.co/api/models/docling-project/docling-models/revision/v2.3.0 "HTTP/1.1 200 OK"
08:29:12 INFO     Accelerator device: 'cpu'
08:29:13 INFO     Processing document fiocruz-ptd-06_2024-copia_tarjada.pdf
08:30:19 INFO     Finished converting document fiocruz-ptd-06_2024-copia_tarjada.pdf in 67.84 sec.
08:30:19 INFO       pixel_budget (Docling) fiocruz-ptd-06_2024-copia_tarjada.pdf: 36.4% (área tabelas/7518178 px²)
08:30:19 WARNING  [5/15] ⚠ FIOCRUZ   :    0 entregas | 67.9s | ETA ~8min
08:30:19 INFO     [6/15] → fiocruz_novo-ptd_2-1_docdiretivo_repactuacao_2024-2026_assinado_assinado-copia_tarjada.pdf
08:30:19 INFO     detected formats: [<InputFormat.PDF: 'pdf'>]
08:30:19 INFO     Going to convert document batch...
08:30:19 INFO     Processing document fiocruz_novo-ptd_2-1_docdiretivo_repactuacao_2024-2026_assinado_assinado-copia_tarjada.pdf
08:30:37 INFO     Finished converting document fiocruz_novo-ptd_2-1_docdiretivo_repactuacao_2024-2026_assinado_assinado-copia_tarjada.pdf in 17.75 sec.
08:30:37 INFO       pixel_budget (Docling) fiocruz_novo-ptd_2-1_docdiretivo_repactuacao_2024-2026_assinado_assinado-copia_tarjada.pdf: 11.3% (área tabelas/5012118 px²)
08:30:37 WARNING  [6/15] ⚠ FIOCRUZ   :    0 entregas | 17.8s | ETA ~6min
08:30:37 INFO     [7/15] → fiocruz_ptd_anexo_de_entregas_assinado_v1_assinado_assinado-1-copia_tarjada.pdf
08:30:37 INFO     detected formats: [<InputFormat.PDF: 'pdf'>]
08:30:37 INFO     Going to convert document batch...
08:30:37 INFO     Processing document fiocruz_ptd_anexo_de_entregas_assinado_v1_assinado_assinado-1-copia_tarjada.pdf
08:31:08 INFO     Finished converting document fiocruz_ptd_anexo_de_entregas_assinado_v1_assinado_assinado-1-copia_tarjada.pdf in 31.17 sec.
08:31:08 INFO       pixel_budget (Docling) fiocruz_ptd_anexo_de_entregas_assinado_v1_assinado_assinado-1-copia_tarjada.pdf: 54.7% (área tabelas/2004847 px²)
08:31:08 INFO     [7/15] ✓ FIOCRUZ   :   62 entregas | 31.2s | ETA ~5min
08:31:08 INFO     [8/15] → funai_anexo_de_entregas_repactuado_2026_2027_assinado_assinado_assinado.pdf
08:31:08 INFO     detected formats: [<InputFormat.PDF: 'pdf'>]
08:31:08 INFO     Going to convert document batch...
08:31:08 INFO     Processing document funai_anexo_de_entregas_repactuado_2026_2027_assinado_assinado_assinado.pdf
08:31:09 INFO     command: tesseract --psm 0 -l osd /tmp/tmp2s3kytgm.png stdout
08:31:10 INFO     command: tesseract -l por /tmp/tmp2s3kytgm.png stdout tsv
08:31:23 INFO     Finished converting document funai_anexo_de_entregas_repactuado_2026_2027_assinado_assinado_assinado.pdf in 14.74 sec.
08:31:23 INFO       pixel_budget (Docling) funai_anexo_de_entregas_repactuado_2026_2027_assinado_assinado_assinado.pdf: 49.8% (área tabelas/501212 px²)
08:31:23 INFO     [8/15] ✓ FUNAI     :   22 entregas | 14.7s | ETA ~4min
08:31:23 INFO     [9/15] → funai_ptd_2025_2027_docdiretivo_assinado-1_tarjado.pdf
08:31:23 INFO     detected formats: [<InputFormat.PDF: 'pdf'>]
08:31:23 INFO     Going to convert document batch...
08:31:23 INFO     Processing document funai_ptd_2025_2027_docdiretivo_assinado-1_tarjado.pdf
08:31:25 INFO     command: tesseract --psm 0 -l osd /tmp/tmpfz31dgj0.png stdout
08:31:25 INFO     command: tesseract -l por /tmp/tmpfz31dgj0.png stdout tsv
08:31:26 INFO     command: tesseract --psm 0 -l osd /tmp/tmpplqnkh9l.png stdout
08:31:28 INFO     command: tesseract -l por /tmp/tmpplqnkh9l.png stdout tsv
08:31:30 INFO     command: tesseract --psm 0 -l osd /tmp/tmpwq6pc68f.png stdout
08:31:31 INFO     command: tesseract -l por /tmp/tmpwq6pc68f.png stdout tsv
08:31:33 INFO     command: tesseract --psm 0 -l osd /tmp/tmpwpvwxmsw.png stdout
08:31:33 INFO     command: tesseract -l por /tmp/tmpwpvwxmsw.png stdout tsv
08:31:35 INFO     command: tesseract --psm 0 -l osd /tmp/tmplwu8cbhj.png stdout
08:31:36 INFO     command: tesseract -l por /tmp/tmplwu8cbhj.png stdout tsv
08:31:38 INFO     command: tesseract --psm 0 -l osd /tmp/tmpybirbbs5.png stdout
08:31:39 INFO     command: tesseract -l por /tmp/tmpybirbbs5.png stdout tsv
08:31:50 INFO     command: tesseract --psm 0 -l osd /tmp/tmpydwkfpgk.png stdout
08:31:50 INFO     command: tesseract -l por /tmp/tmpydwkfpgk.png stdout tsv
08:31:52 INFO     command: tesseract --psm 0 -l osd /tmp/tmprzh52ry6.png stdout
08:31:52 INFO     command: tesseract -l por /tmp/tmprzh52ry6.png stdout tsv
08:31:54 INFO     command: tesseract --psm 0 -l osd /tmp/tmptgsy0k24.png stdout
08:31:55 INFO     command: tesseract -l por /tmp/tmptgsy0k24.png stdout tsv
08:31:56 INFO     command: tesseract --psm 0 -l osd /tmp/tmp9sw8ixj6.png stdout
08:31:57 INFO     command: tesseract -l por /tmp/tmp9sw8ixj6.png stdout tsv
08:32:09 INFO     command: tesseract --psm 0 -l osd /tmp/tmphj7boa1n.png stdout
08:32:10 INFO     command: tesseract -l por /tmp/tmphj7boa1n.png stdout tsv
08:32:18 INFO     command: tesseract --psm 0 -l osd /tmp/tmptdp2pb39.png stdout
08:32:18 INFO     command: tesseract -l por /tmp/tmptdp2pb39.png stdout tsv
08:32:20 INFO     command: tesseract --psm 0 -l osd /tmp/tmp81xjtwr1.png stdout
08:32:21 INFO     command: tesseract -l por /tmp/tmp81xjtwr1.png stdout tsv
08:32:27 INFO     Finished converting document funai_ptd_2025_2027_docdiretivo_assinado-1_tarjado.pdf in 64.06 sec.
08:32:27 INFO       pixel_budget (Docling) funai_ptd_2025_2027_docdiretivo_assinado-1_tarjado.pdf: 16.4% (área tabelas/6515754 px²)
08:32:27 INFO     [9/15] ✓ FUNAI     :    8 entregas | 64.1s | ETA ~4min
08:32:27 INFO     [10/15] → incra_anexo_de_entregas_assinado-1_assinado_assinado-copia_tarjada.pdf
08:32:27 INFO     detected formats: [<InputFormat.PDF: 'pdf'>]
08:32:27 INFO     Going to convert document batch...
08:32:27 INFO     Processing document incra_anexo_de_entregas_assinado-1_assinado_assinado-copia_tarjada.pdf
08:32:28 INFO     command: tesseract --psm 0 -l osd /tmp/tmphq97aill.png stdout
08:32:29 INFO     command: tesseract -l por /tmp/tmphq97aill.png stdout tsv
08:32:32 INFO     command: tesseract --psm 0 -l osd /tmp/tmph1ezhvaq.png stdout
08:32:34 INFO     command: tesseract -l por /tmp/tmph1ezhvaq.png stdout tsv
08:32:37 INFO     command: tesseract --psm 0 -l osd /tmp/tmpmph3m_k8.png stdout
08:32:38 INFO     command: tesseract -l por /tmp/tmpmph3m_k8.png stdout tsv
08:32:43 INFO     command: tesseract --psm 0 -l osd /tmp/tmppza2jlkg.png stdout
08:32:44 INFO     command: tesseract -l por /tmp/tmppza2jlkg.png stdout tsv
08:32:46 INFO     command: tesseract --psm 0 -l osd /tmp/tmpxtwl08gj.png stdout
08:32:47 INFO     command: tesseract -l por /tmp/tmpxtwl08gj.png stdout tsv
08:34:15 INFO     Finished converting document incra_anexo_de_entregas_assinado-1_assinado_assinado-copia_tarjada.pdf in 108.06 sec.
08:34:15 INFO       pixel_budget (Docling) incra_anexo_de_entregas_assinado-1_assinado_assinado-copia_tarjada.pdf: 30.0% (área tabelas/2423520 px²)
08:34:15 INFO     [10/15] ✓ INCRA     :   11 entregas | 108.1s | ETA ~4min
08:34:15 INFO     [11/15] → incra_ptd_docdiretivo__assinado-1_assinado_assinado-copia_tarjada.pdf
08:34:15 INFO     detected formats: [<InputFormat.PDF: 'pdf'>]
08:34:15 INFO     Going to convert document batch...
08:34:15 INFO     Processing document incra_ptd_docdiretivo__assinado-1_assinado_assinado-copia_tarjada.pdf
08:34:17 INFO     command: tesseract --psm 0 -l osd /tmp/tmp1fjw35p1.png stdout
08:34:17 INFO     command: tesseract -l por /tmp/tmp1fjw35p1.png stdout tsv
08:34:20 INFO     command: tesseract --psm 0 -l osd /tmp/tmpvhcvryw_.png stdout
08:34:21 INFO     command: tesseract -l por /tmp/tmpvhcvryw_.png stdout tsv
08:34:26 INFO     command: tesseract --psm 0 -l osd /tmp/tmpqxl0qyhu.png stdout
08:34:27 INFO     command: tesseract -l por /tmp/tmpqxl0qyhu.png stdout tsv
08:34:29 INFO     command: tesseract --psm 0 -l osd /tmp/tmpe95xaxo5.png stdout
08:34:29 INFO     command: tesseract -l por /tmp/tmpe95xaxo5.png stdout tsv
08:34:31 INFO     command: tesseract --psm 0 -l osd /tmp/tmp4d396yhq.png stdout
08:34:32 INFO     command: tesseract -l por /tmp/tmp4d396yhq.png stdout tsv
08:34:34 INFO     command: tesseract --psm 0 -l osd /tmp/tmpvtiic4q2.png stdout
08:34:35 INFO     command: tesseract -l por /tmp/tmpvtiic4q2.png stdout tsv
08:34:49 INFO     command: tesseract --psm 0 -l osd /tmp/tmpyvhafmfz.png stdout
08:34:50 INFO     command: tesseract -l por /tmp/tmpyvhafmfz.png stdout tsv
08:34:52 INFO     command: tesseract --psm 0 -l osd /tmp/tmp95o3oenm.png stdout
08:34:52 INFO     command: tesseract -l por /tmp/tmp95o3oenm.png stdout tsv
08:34:54 INFO     command: tesseract --psm 0 -l osd /tmp/tmpipfj9h6e.png stdout
08:34:55 INFO     command: tesseract -l por /tmp/tmpipfj9h6e.png stdout tsv
08:34:57 INFO     command: tesseract --psm 0 -l osd /tmp/tmpmt7erw3o.png stdout
08:34:58 INFO     command: tesseract -l por /tmp/tmpmt7erw3o.png stdout tsv
08:35:02 INFO     command: tesseract --psm 0 -l osd /tmp/tmp4ovp7fxq.png stdout
08:35:03 INFO     command: tesseract -l por /tmp/tmp4ovp7fxq.png stdout tsv
08:35:08 INFO     command: tesseract --psm 0 -l osd /tmp/tmp9g4ybzt0.png stdout
08:35:09 INFO     command: tesseract -l por /tmp/tmp9g4ybzt0.png stdout tsv
08:35:15 INFO     command: tesseract --psm 0 -l osd /tmp/tmpyn5dqas5.png stdout
08:35:16 INFO     command: tesseract -l por /tmp/tmpyn5dqas5.png stdout tsv
08:35:23 INFO     Finished converting document incra_ptd_docdiretivo__assinado-1_assinado_assinado-copia_tarjada.pdf in 67.77 sec.
08:35:23 INFO       pixel_budget (Docling) incra_ptd_docdiretivo__assinado-1_assinado_assinado-copia_tarjada.pdf: 20.2% (área tabelas/6515754 px²)
08:35:23 INFO     [11/15] ✓ INCRA     :    9 entregas | 67.8s | ETA ~3min
08:35:23 INFO     [12/15] → iti_anexo_de_entregas_assinado.pdf
08:35:23 INFO     detected formats: [<InputFormat.PDF: 'pdf'>]
08:35:23 INFO     Going to convert document batch...
08:35:23 INFO     Processing document iti_anexo_de_entregas_assinado.pdf
08:35:24 INFO     command: tesseract --psm 0 -l osd /tmp/tmp87r059i1.png stdout
08:35:25 INFO     command: tesseract -l por /tmp/tmp87r059i1.png stdout tsv
08:35:40 INFO     Finished converting document iti_anexo_de_entregas_assinado.pdf in 17.22 sec.
08:35:40 INFO       pixel_budget (Docling) iti_anexo_de_entregas_assinado.pdf: 57.2% (área tabelas/501212 px²)
08:35:40 INFO     [12/15] ✓ ITI       :   31 entregas | 17.2s | ETA ~2min
08:35:40 INFO     [13/15] → iti_doc_diretivo_assinado-1_tarjado.pdf
08:35:40 INFO     detected formats: [<InputFormat.PDF: 'pdf'>]
08:35:40 INFO     Going to convert document batch...
08:35:40 INFO     Processing document iti_doc_diretivo_assinado-1_tarjado.pdf
08:35:41 INFO     command: tesseract --psm 0 -l osd /tmp/tmpbvf72rgw.png stdout
08:35:42 INFO     command: tesseract -l por /tmp/tmpbvf72rgw.png stdout tsv
08:35:44 INFO     command: tesseract --psm 0 -l osd /tmp/tmpd_p0j7nk.png stdout
08:35:45 INFO     command: tesseract -l por /tmp/tmpd_p0j7nk.png stdout tsv
08:35:48 INFO     command: tesseract --psm 0 -l osd /tmp/tmp57llm323.png stdout
08:35:49 INFO     command: tesseract -l por /tmp/tmp57llm323.png stdout tsv
08:35:51 INFO     command: tesseract --psm 0 -l osd /tmp/tmpbmqxokxq.png stdout
08:35:51 INFO     command: tesseract -l por /tmp/tmpbmqxokxq.png stdout tsv
08:35:53 INFO     command: tesseract --psm 0 -l osd /tmp/tmp0rjqq0ms.png stdout
08:35:54 INFO     command: tesseract -l por /tmp/tmp0rjqq0ms.png stdout tsv
08:35:56 INFO     command: tesseract --psm 0 -l osd /tmp/tmp6kc_n2z8.png stdout
08:35:57 INFO     command: tesseract -l por /tmp/tmp6kc_n2z8.png stdout tsv
08:36:12 INFO     command: tesseract --psm 0 -l osd /tmp/tmp68b21p8m.png stdout
08:36:13 INFO     command: tesseract -l por /tmp/tmp68b21p8m.png stdout tsv
08:36:15 INFO     command: tesseract --psm 0 -l osd /tmp/tmphzylbhat.png stdout
08:36:16 INFO     command: tesseract -l por /tmp/tmphzylbhat.png stdout tsv
08:36:18 INFO     command: tesseract --psm 0 -l osd /tmp/tmpl55pzliy.png stdout
08:36:19 INFO     command: tesseract -l por /tmp/tmpl55pzliy.png stdout tsv
08:36:21 INFO     command: tesseract --psm 0 -l osd /tmp/tmp2rh0r2vy.png stdout
08:36:22 INFO     command: tesseract -l por /tmp/tmp2rh0r2vy.png stdout tsv
08:36:31 INFO     command: tesseract --psm 0 -l osd /tmp/tmpjgqzma9f.png stdout
08:36:32 INFO     command: tesseract -l por /tmp/tmpjgqzma9f.png stdout tsv
08:36:38 INFO     Finished converting document iti_doc_diretivo_assinado-1_tarjado.pdf in 58.08 sec.
08:36:38 INFO       pixel_budget (Docling) iti_doc_diretivo_assinado-1_tarjado.pdf: 8.0% (área tabelas/5516339 px²)
08:36:38 INFO     [13/15] ✓ ITI       :    6 entregas | 58.1s | ETA ~1min
08:36:38 INFO     [14/15] → sgpr_ptd_2025_2027_anexo_de_entregas_assinado-copia_tarjada.pdf
08:36:38 INFO     detected formats: [<InputFormat.PDF: 'pdf'>]
08:36:38 INFO     Going to convert document batch...
08:36:38 INFO     Processing document sgpr_ptd_2025_2027_anexo_de_entregas_assinado-copia_tarjada.pdf
08:36:39 INFO     command: tesseract --psm 0 -l osd /tmp/tmp5m4xn2ex.png stdout
08:36:40 INFO     command: tesseract -l por /tmp/tmp5m4xn2ex.png stdout tsv
08:36:43 INFO     command: tesseract --psm 0 -l osd /tmp/tmp56jrd6ve.png stdout
08:36:44 INFO     command: tesseract -l por /tmp/tmp56jrd6ve.png stdout tsv
08:36:57 INFO     Finished converting document sgpr_ptd_2025_2027_anexo_de_entregas_assinado-copia_tarjada.pdf in 18.23 sec.
08:36:57 INFO       pixel_budget (Docling) sgpr_ptd_2025_2027_anexo_de_entregas_assinado-copia_tarjada.pdf: 29.5% (área tabelas/1002424 px²)
08:36:57 INFO     [14/15] ✓ SGPR      :   18 entregas | 18.2s | ETA ~47s
08:36:57 INFO     [15/15] → sgpr_ptd_2026_2027_docdiretivo_assinado-copia_tarjada.pdf
08:36:57 INFO     detected formats: [<InputFormat.PDF: 'pdf'>]
08:36:57 INFO     Going to convert document batch...
08:36:57 INFO     Processing document sgpr_ptd_2026_2027_docdiretivo_assinado-copia_tarjada.pdf
08:37:16 INFO     Finished converting document sgpr_ptd_2026_2027_docdiretivo_assinado-copia_tarjada.pdf in 19.41 sec.
08:37:16 INFO       pixel_budget (Docling) sgpr_ptd_2026_2027_docdiretivo_assinado-copia_tarjada.pdf: 8.2% (área tabelas/5513330 px²)
08:37:16 WARNING  [15/15] ⚠ SGPR      :    0 entregas | 19.4s | ETA ~0s
08:37:16 INFO     261 registros | 7 órgãos
08:37:16 INFO     ╔══════════════════════════════════════════════════════════════╗
08:37:16 INFO     ║                  ENTREGAS — fase concluída                   ║
08:37:16 INFO     ║  Processados: 15    |  ✓ 11  ⚠ 4                             ║
08:37:16 INFO     ║  Duração: 11.2 min                                           ║
08:37:16 INFO     ║  261 registros | 7 órgãos                                    ║
08:37:16 INFO     ╚══════════════════════════════════════════════════════════════╝
08:37:16 INFO     [1/7] → agu_ptd_2025_2027_docdiretivo_assinado_assinado_assinado-copia_tarjada.pdf
08:37:16 INFO     detected formats: [<InputFormat.PDF: 'pdf'>]
08:37:16 INFO     Going to convert document batch...
08:37:16 INFO     Processing document agu_ptd_2025_2027_docdiretivo_assinado_assinado_assinado-copia_tarjada.pdf
08:37:17 INFO     command: tesseract --psm 0 -l osd /tmp/tmputiu7ude.png stdout
08:37:17 INFO     command: tesseract -l por /tmp/tmputiu7ude.png stdout tsv
08:37:19 INFO     command: tesseract --psm 0 -l osd /tmp/tmpasudccec.png stdout
08:37:21 INFO     command: tesseract -l por /tmp/tmpasudccec.png stdout tsv
08:37:25 INFO     command: tesseract --psm 0 -l osd /tmp/tmpvdv1e_b2.png stdout
08:37:25 INFO     command: tesseract -l por /tmp/tmpvdv1e_b2.png stdout tsv
08:37:28 INFO     command: tesseract --psm 0 -l osd /tmp/tmpiutkwlff.png stdout
08:37:28 INFO     command: tesseract -l por /tmp/tmpiutkwlff.png stdout tsv
08:37:30 INFO     command: tesseract --psm 0 -l osd /tmp/tmp6rt1qfk9.png stdout
08:37:31 INFO     command: tesseract -l por /tmp/tmp6rt1qfk9.png stdout tsv
08:37:33 INFO     command: tesseract --psm 0 -l osd /tmp/tmprvdbwt_k.png stdout
08:37:35 INFO     command: tesseract -l por /tmp/tmprvdbwt_k.png stdout tsv
08:37:45 INFO     command: tesseract --psm 0 -l osd /tmp/tmpvvgnb98f.png stdout
08:37:46 INFO     command: tesseract -l por /tmp/tmpvvgnb98f.png stdout tsv
08:37:48 INFO     command: tesseract --psm 0 -l osd /tmp/tmp4b2rsrh9.png stdout
08:37:49 INFO     command: tesseract -l por /tmp/tmp4b2rsrh9.png stdout tsv
08:37:51 INFO     command: tesseract --psm 0 -l osd /tmp/tmpwcb27vs6.png stdout
08:37:52 INFO     command: tesseract -l por /tmp/tmpwcb27vs6.png stdout tsv
08:37:54 INFO     command: tesseract --psm 0 -l osd /tmp/tmp129lc841.png stdout
08:37:56 INFO     command: tesseract -l por /tmp/tmp129lc841.png stdout tsv
08:38:12 INFO     command: tesseract --psm 0 -l osd /tmp/tmpizqphqig.png stdout
08:38:12 INFO     command: tesseract -l por /tmp/tmpizqphqig.png stdout tsv
08:38:16 INFO     Finished converting document agu_ptd_2025_2027_docdiretivo_assinado_assinado_assinado-copia_tarjada.pdf in 59.70 sec.
08:38:16 INFO     [1/7] ✓ AGU       :   7 riscos | 59.7s | ETA ~5min
08:38:16 INFO     [2/7] → documento-diretivo-mcom-_-ptd-25_27-copia_tarjada.pdf
08:38:16 INFO     detected formats: [<InputFormat.PDF: 'pdf'>]
08:38:16 INFO     Going to convert document batch...
08:38:16 INFO     Processing document documento-diretivo-mcom-_-ptd-25_27-copia_tarjada.pdf
08:38:16 INFO     command: tesseract --psm 0 -l osd /tmp/tmp8nxiss3p.png stdout
08:38:17 INFO     command: tesseract -l por /tmp/tmp8nxiss3p.png stdout tsv
08:38:19 INFO     command: tesseract --psm 0 -l osd /tmp/tmpctt6mvs7.png stdout
08:38:21 INFO     command: tesseract -l por /tmp/tmpctt6mvs7.png stdout tsv
08:38:26 INFO     command: tesseract --psm 0 -l osd /tmp/tmpdw0e8knk.png stdout
08:38:27 INFO     command: tesseract -l por /tmp/tmpdw0e8knk.png stdout tsv
08:38:28 INFO     command: tesseract --psm 0 -l osd /tmp/tmpke48r7b1.png stdout
08:38:29 INFO     command: tesseract -l por /tmp/tmpke48r7b1.png stdout tsv
08:38:31 INFO     command: tesseract --psm 0 -l osd /tmp/tmpv_r7dc0t.png stdout
08:38:32 INFO     command: tesseract -l por /tmp/tmpv_r7dc0t.png stdout tsv
08:38:34 INFO     command: tesseract --psm 0 -l osd /tmp/tmp29rxz6o5.png stdout
08:38:35 INFO     command: tesseract -l por /tmp/tmp29rxz6o5.png stdout tsv
08:38:51 INFO     command: tesseract --psm 0 -l osd /tmp/tmpc6nuzf6q.png stdout
08:38:51 INFO     command: tesseract -l por /tmp/tmpc6nuzf6q.png stdout tsv
08:38:53 INFO     command: tesseract --psm 0 -l osd /tmp/tmpzkxsaegi.png stdout
08:38:54 INFO     command: tesseract -l por /tmp/tmpzkxsaegi.png stdout tsv
08:38:56 INFO     command: tesseract --psm 0 -l osd /tmp/tmp4pnbx3i3.png stdout
08:38:57 INFO     command: tesseract -l por /tmp/tmp4pnbx3i3.png stdout tsv
08:38:59 INFO     command: tesseract --psm 0 -l osd /tmp/tmpqgkqjgbc.png stdout
08:39:00 INFO     command: tesseract -l por /tmp/tmpqgkqjgbc.png stdout tsv
08:39:13 INFO     command: tesseract --psm 0 -l osd /tmp/tmp2wt18ya_.png stdout
08:39:14 INFO     command: tesseract -l por /tmp/tmp2wt18ya_.png stdout tsv
08:39:16 INFO     command: tesseract --psm 0 -l osd /tmp/tmpb7l73a2o.png stdout
08:39:16 INFO     command: tesseract -l por /tmp/tmpb7l73a2o.png stdout tsv
08:39:18 INFO     command: tesseract --psm 0 -l osd /tmp/tmpb07wcomq.png stdout
08:39:19 INFO     command: tesseract -l por /tmp/tmpb07wcomq.png stdout tsv
08:39:21 INFO     command: tesseract --psm 0 -l osd /tmp/tmpssjmffnf.png stdout
08:39:22 INFO     command: tesseract -l por /tmp/tmpssjmffnf.png stdout tsv
08:39:28 INFO     Finished converting document documento-diretivo-mcom-_-ptd-25_27-copia_tarjada.pdf in 71.84 sec.
08:39:28 INFO     [2/7] ✓ MCOM      :  14 riscos | 71.8s | ETA ~5min
08:39:28 INFO     [3/7] → fiocruz_novo-ptd_2-1_docdiretivo_repactuacao_2024-2026_assinado_assinado-copia_tarjada.pdf
08:39:28 INFO     detected formats: [<InputFormat.PDF: 'pdf'>]
08:39:28 INFO     Going to convert document batch...
08:39:28 INFO     Processing document fiocruz_novo-ptd_2-1_docdiretivo_repactuacao_2024-2026_assinado_assinado-copia_tarjada.pdf
08:39:45 INFO     Finished converting document fiocruz_novo-ptd_2-1_docdiretivo_repactuacao_2024-2026_assinado_assinado-copia_tarjada.pdf in 17.59 sec.
08:39:45 INFO     [3/7] ✓ FIOCRUZ   :   6 riscos | 17.6s | ETA ~3min
08:39:45 INFO     [4/7] → funai_ptd_2025_2027_docdiretivo_assinado-1_tarjado.pdf
08:39:45 INFO     detected formats: [<InputFormat.PDF: 'pdf'>]
08:39:45 INFO     Going to convert document batch...
08:39:45 INFO     Processing document funai_ptd_2025_2027_docdiretivo_assinado-1_tarjado.pdf
08:39:47 INFO     command: tesseract --psm 0 -l osd /tmp/tmpvbtkbkpz.png stdout
08:39:47 INFO     command: tesseract -l por /tmp/tmpvbtkbkpz.png stdout tsv
08:39:48 INFO     command: tesseract --psm 0 -l osd /tmp/tmp0ft6rayg.png stdout
08:39:50 INFO     command: tesseract -l por /tmp/tmp0ft6rayg.png stdout tsv
08:39:52 INFO     command: tesseract --psm 0 -l osd /tmp/tmpx9oavrey.png stdout
08:39:53 INFO     command: tesseract -l por /tmp/tmpx9oavrey.png stdout tsv
08:39:55 INFO     command: tesseract --psm 0 -l osd /tmp/tmpvdth9k7z.png stdout
08:39:56 INFO     command: tesseract -l por /tmp/tmpvdth9k7z.png stdout tsv
08:39:57 INFO     command: tesseract --psm 0 -l osd /tmp/tmpe2bnv_oq.png stdout
08:39:58 INFO     command: tesseract -l por /tmp/tmpe2bnv_oq.png stdout tsv
08:40:00 INFO     command: tesseract --psm 0 -l osd /tmp/tmpnrg7o1_f.png stdout
08:40:02 INFO     command: tesseract -l por /tmp/tmpnrg7o1_f.png stdout tsv
08:40:12 INFO     command: tesseract --psm 0 -l osd /tmp/tmpov5yn02y.png stdout
08:40:13 INFO     command: tesseract -l por /tmp/tmpov5yn02y.png stdout tsv
08:40:14 INFO     command: tesseract --psm 0 -l osd /tmp/tmp1gpe258g.png stdout
08:40:15 INFO     command: tesseract -l por /tmp/tmp1gpe258g.png stdout tsv
08:40:17 INFO     command: tesseract --psm 0 -l osd /tmp/tmp9tc29sx6.png stdout
08:40:17 INFO     command: tesseract -l por /tmp/tmp9tc29sx6.png stdout tsv
08:40:19 INFO     command: tesseract --psm 0 -l osd /tmp/tmpqhpg_sk5.png stdout
08:40:20 INFO     command: tesseract -l por /tmp/tmpqhpg_sk5.png stdout tsv
08:40:31 INFO     command: tesseract --psm 0 -l osd /tmp/tmp9z8_i8e1.png stdout
08:40:32 INFO     command: tesseract -l por /tmp/tmp9z8_i8e1.png stdout tsv
08:40:35 INFO     command: tesseract --psm 0 -l osd /tmp/tmpgkcy0z78.png stdout
08:40:36 INFO     command: tesseract -l por /tmp/tmpgkcy0z78.png stdout tsv
08:40:40 INFO     command: tesseract --psm 0 -l osd /tmp/tmp4sog2lcm.png stdout
08:40:41 INFO     command: tesseract -l por /tmp/tmp4sog2lcm.png stdout tsv
08:40:47 INFO     Finished converting document funai_ptd_2025_2027_docdiretivo_assinado-1_tarjado.pdf in 62.02 sec.
08:40:47 INFO     [4/7] ✓ FUNAI     :  15 riscos | 62.0s | ETA ~2min
08:40:47 INFO     [5/7] → incra_ptd_docdiretivo__assinado-1_assinado_assinado-copia_tarjada.pdf
08:40:47 INFO     detected formats: [<InputFormat.PDF: 'pdf'>]
08:40:47 INFO     Going to convert document batch...
08:40:47 INFO     Processing document incra_ptd_docdiretivo__assinado-1_assinado_assinado-copia_tarjada.pdf
08:40:49 INFO     command: tesseract --psm 0 -l osd /tmp/tmp7f8no7c_.png stdout
08:40:49 INFO     command: tesseract -l por /tmp/tmp7f8no7c_.png stdout tsv
08:40:51 INFO     command: tesseract --psm 0 -l osd /tmp/tmptgjs0u5b.png stdout
08:40:53 INFO     command: tesseract -l por /tmp/tmptgjs0u5b.png stdout tsv
08:40:59 INFO     command: tesseract --psm 0 -l osd /tmp/tmpz0nctlmv.png stdout
08:40:59 INFO     command: tesseract -l por /tmp/tmpz0nctlmv.png stdout tsv
08:41:01 INFO     command: tesseract --psm 0 -l osd /tmp/tmpm0uvla4e.png stdout
08:41:02 INFO     command: tesseract -l por /tmp/tmpm0uvla4e.png stdout tsv
08:41:04 INFO     command: tesseract --psm 0 -l osd /tmp/tmp6aewp1_y.png stdout
08:41:04 INFO     command: tesseract -l por /tmp/tmp6aewp1_y.png stdout tsv
08:41:06 INFO     command: tesseract --psm 0 -l osd /tmp/tmp_aacp0cj.png stdout
08:41:08 INFO     command: tesseract -l por /tmp/tmp_aacp0cj.png stdout tsv
08:41:22 INFO     command: tesseract --psm 0 -l osd /tmp/tmph8etzdzy.png stdout
08:41:23 INFO     command: tesseract -l por /tmp/tmph8etzdzy.png stdout tsv
08:41:25 INFO     command: tesseract --psm 0 -l osd /tmp/tmpsf8jlzc8.png stdout
08:41:25 INFO     command: tesseract -l por /tmp/tmpsf8jlzc8.png stdout tsv
08:41:27 INFO     command: tesseract --psm 0 -l osd /tmp/tmpo27s74yo.png stdout
08:41:28 INFO     command: tesseract -l por /tmp/tmpo27s74yo.png stdout tsv
08:41:30 INFO     command: tesseract --psm 0 -l osd /tmp/tmponfsz2qa.png stdout
08:41:31 INFO     command: tesseract -l por /tmp/tmponfsz2qa.png stdout tsv
08:41:35 INFO     command: tesseract --psm 0 -l osd /tmp/tmp6_rmh_df.png stdout
08:41:36 INFO     command: tesseract -l por /tmp/tmp6_rmh_df.png stdout tsv
08:41:44 INFO     command: tesseract --psm 0 -l osd /tmp/tmpqi_lzuym.png stdout
08:41:45 INFO     command: tesseract -l por /tmp/tmpqi_lzuym.png stdout tsv
08:41:48 INFO     command: tesseract --psm 0 -l osd /tmp/tmpopn12zyv.png stdout
08:41:49 INFO     command: tesseract -l por /tmp/tmpopn12zyv.png stdout tsv
08:41:56 INFO     Finished converting document incra_ptd_docdiretivo__assinado-1_assinado_assinado-copia_tarjada.pdf in 69.09 sec.
08:41:56 INFO     [5/7] ✓ INCRA     :  15 riscos | 69.1s | ETA ~1min
08:41:56 INFO     [6/7] → iti_doc_diretivo_assinado-1_tarjado.pdf
08:41:56 INFO     detected formats: [<InputFormat.PDF: 'pdf'>]
08:41:56 INFO     Going to convert document batch...
08:41:56 INFO     Processing document iti_doc_diretivo_assinado-1_tarjado.pdf
08:41:57 INFO     command: tesseract --psm 0 -l osd /tmp/tmp_v4962o5.png stdout
08:41:57 INFO     command: tesseract -l por /tmp/tmp_v4962o5.png stdout tsv
08:42:00 INFO     command: tesseract --psm 0 -l osd /tmp/tmpzbvajga5.png stdout
08:42:01 INFO     command: tesseract -l por /tmp/tmpzbvajga5.png stdout tsv
08:42:04 INFO     command: tesseract --psm 0 -l osd /tmp/tmpdu5nr7rc.png stdout
08:42:05 INFO     command: tesseract -l por /tmp/tmpdu5nr7rc.png stdout tsv
08:42:07 INFO     command: tesseract --psm 0 -l osd /tmp/tmpd2vp4u84.png stdout
08:42:07 INFO     command: tesseract -l por /tmp/tmpd2vp4u84.png stdout tsv
08:42:09 INFO     command: tesseract --psm 0 -l osd /tmp/tmp7_sshdd2.png stdout
08:42:10 INFO     command: tesseract -l por /tmp/tmp7_sshdd2.png stdout tsv
08:42:12 INFO     command: tesseract --psm 0 -l osd /tmp/tmp7x7i642b.png stdout
08:42:13 INFO     command: tesseract -l por /tmp/tmp7x7i642b.png stdout tsv
08:42:30 INFO     command: tesseract --psm 0 -l osd /tmp/tmpgdebdg8q.png stdout
08:42:30 INFO     command: tesseract -l por /tmp/tmpgdebdg8q.png stdout tsv
08:42:32 INFO     command: tesseract --psm 0 -l osd /tmp/tmp931i6mv6.png stdout
08:42:33 INFO     command: tesseract -l por /tmp/tmp931i6mv6.png stdout tsv
08:42:35 INFO     command: tesseract --psm 0 -l osd /tmp/tmpo_rjf2w5.png stdout
08:42:36 INFO     command: tesseract -l por /tmp/tmpo_rjf2w5.png stdout tsv
08:42:38 INFO     command: tesseract --psm 0 -l osd /tmp/tmp8wimflm0.png stdout
08:42:39 INFO     command: tesseract -l por /tmp/tmp8wimflm0.png stdout tsv
08:42:50 INFO     command: tesseract --psm 0 -l osd /tmp/tmp4zmv7avj.png stdout
08:42:51 INFO     command: tesseract -l por /tmp/tmp4zmv7avj.png stdout tsv
08:42:56 INFO     Finished converting document iti_doc_diretivo_assinado-1_tarjado.pdf in 59.34 sec.
08:42:56 INFO     [6/7] ✓ ITI       :  14 riscos | 59.4s | ETA ~57s
08:42:56 INFO     [7/7] → sgpr_ptd_2026_2027_docdiretivo_assinado-copia_tarjada.pdf
08:42:56 INFO     detected formats: [<InputFormat.PDF: 'pdf'>]
08:42:56 INFO     Going to convert document batch...
08:42:56 INFO     Processing document sgpr_ptd_2026_2027_docdiretivo_assinado-copia_tarjada.pdf
08:43:15 INFO     Finished converting document sgpr_ptd_2026_2027_docdiretivo_assinado-copia_tarjada.pdf in 19.27 sec.
08:43:15 INFO     [7/7] ✓ SGPR      :  10 riscos | 19.3s | ETA ~0s
08:43:15 INFO     ╔══════════════════════════════════════════════════════════════╗
08:43:15 INFO     ║                   RISCOS — fase concluída                    ║
08:43:15 INFO     ║  Processados: 7     |  ✓ 7  ⚠ 0                              ║
08:43:15 INFO     ║  Duração: 6.0 min                                            ║
08:43:15 INFO     ║  81 riscos | 7 órgãos                                        ║
08:43:15 INFO     ╚══════════════════════════════════════════════════════════════╝
08:43:15 INFO     81 riscos | 0 ações | 135 relações
08:43:15 INFO     ptd_corpus_raw                     : 261 linhas
08:43:15 INFO     ptd_pivot_eixos                    : 7 linhas
08:43:18 INFO     ptd_datas_assinatura               : 132 linhas
08:43:18 INFO     ptd_riscos                         : 81 linhas
08:43:18 INFO     ptd_riscos_acoes                   : 135 linhas
08:43:18 INFO     Manifesto salvo: pipeline_manifest.json | SHA-256 de 132 PDFs
08:43:18 INFO     ==================================================
08:43:18 INFO     PTD-BR v3.0-melhorado — PIPELINE CONCLUÍDO
08:43:18 INFO     ==================================================
08:43:18 INFO     ptd_corpus_raw.csv                        160 KB
08:43:18 INFO     ptd_pivot_eixos.csv                         0 KB
08:43:18 INFO     ptd_datas_assinatura.csv                    9 KB
08:43:18 INFO     ptd_riscos.csv                             23 KB
08:43:18 INFO     ptd_riscos_acoes.csv                        2 KB
08:43:18 INFO     proveniencia.json                           0 KB
08:43:18 INFO     pipeline_manifest.json                     20 KB
08:43:18 INFO     📦 Artefatos: https://github.com/freirelucas/teste/actions/runs/23997573957
08:43:18 INFO     ==================================================
