07:35:41 INFO     Docling disponível
07:35:41 WARNING  OCR fallback indisponível (IndentationError: unexpected indent (ptd_ocr_fallback.py, line 45))
07:35:42 INFO     Ignorado (guia/template/norma): ABNT-NBR-17225-Acessibilidade-Digital.pdf
07:35:42 INFO     Ignorado (guia/template/norma): cgrep-guia10passos-ptd-orgao.pdf
07:35:42 INFO     Ignorado (guia/template/norma): ABNT-NBR-17225-Acessibilidade-Digital.pdf
07:35:42 INFO     Scraping: 132 PDFs únicos | entregas: 68 | diretivos: 61
07:35:42 INFO     Baixando 132 PDFs únicos...
07:35:43 INFO     ✓ [  1/132] abin_ptd_anexo_de_entregas_assinado_pelo_orgao_ass   293.3KB
07:35:47 INFO     ✓ [  2/132] aeb_ptd_2025_2027_docdiretivo_aprovado_assinado-1_  1033.7KB
07:35:49 INFO     ✓ [  3/132] aeb_ptd_2025_2027_anexo_de_entregas_aprovado_assin   154.5KB
07:35:54 INFO     ✓ [  4/132] agu_ptd_2025_2027_docdiretivo_assinado_assinado_as  2860.3KB
07:35:57 INFO     ✓ [  5/132] agu_ptd_2025_2027_anexo_de_entregas_assinado_assin   525.5KB
07:35:59 INFO     ✓ [  6/132] ana_ptd_2025_2027_docdiretivo_assinado_assinado_as   477.2KB
07:36:02 INFO     ✓ [  7/132] ana_ptd_2025_2027_anexoentregas_assinado_assinado_   170.9KB
07:36:05 INFO     ✓ [  8/132] anac_ptd_2025_2026_docdiretivo_se_assinado_tarjado  1036.3KB
07:36:07 INFO     ✓ [  9/132] anac_ptd_2025_2026_anexo_de_entregas_se_assinado.p   215.2KB
07:36:10 INFO     ✓ [ 10/132] anatel_ptd_docdiretivo_assinado_2025_2026_assinado  1006.0KB
07:36:12 INFO     ✓ [ 11/132] anatel_ptd_2025_2026_anexo_de_entregas_do_ptd_publ    71.9KB
07:36:15 INFO     ✓ [ 12/132] ancine_ptd_2024_2026_docdiretivo_assinado-2_assina   961.8KB
07:36:18 INFO     ✓ [ 13/132] ancine_ptd_2024_2026_-_anexo_de_entregas_aprovado_   613.2KB
07:36:21 INFO     ✓ [ 14/132] ptd_aneel_2025-2027_docdiretivo_assinado_tarjado.p   779.6KB
07:36:23 INFO     ✓ [ 15/132] ptd_aneel_2025-2027_anexo_de_entregas_assinado.pdf   111.9KB
07:36:26 INFO     ✓ [ 16/132] anm_ptd_2025_2027_docdiretivo_assinadopeloorgao_ta  1092.5KB
07:36:29 INFO     ✓ [ 17/132] anm_ptd_2025_2027_anexo_entregas_assinadopeloorgao  1140.4KB
07:36:32 INFO     ✓ [ 18/132] anpd_ptd_2025_2027_docdiretivo_assinado_assinado_a  1044.3KB
07:36:35 INFO     ✓ [ 19/132] anpd_ptd_2025_2027_anexo_de_entregas_assinado_assi   166.5KB
07:36:38 INFO     ✓ [ 20/132] ans-plano_de_transformacao_digital_assinado-copia_  1023.4KB
07:36:40 INFO     ✓ [ 21/132] ans_ptd_2025_2026_anexo_de_entregas_assinado_assin   124.1KB
07:36:43 INFO     ✓ [ 22/132] antaq_ptd_2025_2027_docdiretivo_assinado_assinado_  1039.8KB
07:36:45 INFO     ✓ [ 23/132] antaq_ptd_2025_2027_anexoentregas_assinado_assinad   145.1KB
07:36:47 INFO     ✓ [ 24/132] mt_anexo_de_entregas_-_assinado_assinado_assinado_   143.6KB
07:36:55 INFO     ✓ [ 25/132] anvisa_ptd_docdiretivo_2025-2026_assinado_assinado  5771.2KB
07:36:58 INFO     ✓ [ 26/132] anvisa_ptd_anexo_de_entregas_2025_2026_assinado_as   239.0KB
07:37:00 INFO     ✓ [ 27/132] bcb_documento_diretivo_assinado_assinado_assinado-   713.7KB
07:37:02 INFO     ✓ [ 28/132] bcb_anexo_de_entregas_ptd_25_26-1_assinado_assinad   134.8KB
07:37:06 INFO     ✓ [ 29/132] cade_ptd_docdiretivo_2025_2026_assinado-2_assinado   810.4KB
07:37:08 INFO     ✓ [ 30/132] cade_ptd_anexo_de_entregas_2025_2026_assinado_copi   504.0KB
07:37:11 INFO     ✓ [ 31/132] mec_ptd_docdiretivo_2025-2026_sei_mec-5566673_copi   863.1KB
07:37:14 INFO     ✓ [ 32/132] mec_ptd_anexo-de-entregas_sei_mec-5576401_copia_ta   495.7KB
07:37:18 INFO     ✓ [ 33/132] mec_ptd_docdiretivo-versao-comunicacao_copia_tarja  1616.5KB
07:37:20 INFO     ✓ [ 34/132] md_ptd_2026_2027_anexo_de_entregas_assinado_assina   579.4KB
07:37:23 INFO     ✓ [ 35/132] md_ptd_2026_2027_anexo_de_entregas_assinado_assina   186.8KB
07:37:26 INFO     ✓ [ 36/132] md_ptd_temp_copia_tarjada.pdf                        741.9KB
07:37:29 INFO     ✓ [ 37/132] cgu_ptd_docdiretivo_assinado_assinado_assinado-cop  1085.4KB
07:37:31 INFO     ✓ [ 38/132] cgu_ptd_anexo_de_entregas_pactuadas_assinado_assin   514.1KB
07:37:34 INFO     ✓ [ 39/132] cnpq_ptd_2025_2027_docdiretivo_assinado_assinado_a   342.9KB
07:37:36 INFO     ✓ [ 40/132] cnpq_ptd_2025_2027_anexo_de_entregas_assinado_assi   136.1KB
07:37:39 INFO     ✓ [ 41/132] coaf_ptd_2025_2026_documento_diretivo_assinado_ass  1068.0KB
07:37:45 INFO     ✓ [ 42/132] coaf_ptd_2025_2026_anexo_de_entregas-2_assinado_as  3184.5KB
07:37:51 INFO     ✓ [ 43/132] ptd_midr-docdiretivo_aprovado_assinado_tarjado.pdf  3864.1KB
07:37:54 INFO     ✓ [ 44/132] ptd_midr_-_anexo_de_entregas_-_aprovado_assinado.p  1122.0KB
07:37:57 INFO     ✓ [ 45/132] mda-documento-diretivo-assinado_ptd-2025-207-copia   955.8KB
07:37:59 INFO     ✓ [ 46/132] cvm_ptd_2025_2027_docdiretivo_assinado_assinado_as   270.5KB
07:38:01 INFO     ✓ [ 47/132] cvm_ptd_2025_2027_anexoentregas_assinado_assinado_   409.0KB
07:38:04 INFO     ✓ [ 48/132] dnocs_ptd_doc_diretivo_2025_2026_assinado_orgao-2_   891.1KB
07:38:07 INFO     ✓ [ 49/132] dnocs_anexo_de_entregas_repactuado_2025_2026_assin   272.3KB
07:38:12 INFO     ✓ [ 50/132] fbn_ptd_2025_2027_docdiretivo_assinado-1_tarjado.p  2921.6KB
07:38:14 INFO     ✓ [ 51/132] fbn_ptd_2025_2027_anexo_de_entregas_assinado-1.pdf   162.3KB
07:38:18 INFO     ✓ [ 52/132] fcp_ptd_2025_2027_docdiretivo_assinado-1_tarjado.p  1612.0KB
07:38:20 INFO     ✓ [ 53/132] fcp_ptd_2025_2027_anexo_de_entregas_assinado-1.pdf   118.8KB
07:38:23 INFO     ✓ [ 54/132] fcrb_ptd_2025_2026_docdiretivo_aprovado_assinado-1   998.2KB
07:38:25 INFO     ✓ [ 55/132] fcrb_ptd_2025_2026_anexo_de_entregas_aprovado_assi   313.5KB
07:38:29 INFO     ✓ [ 56/132] fiocruz_novo-ptd_2-1_docdiretivo_repactuacao_2024-  1318.1KB
07:38:31 INFO     ✓ [ 57/132] fiocruz_ptd_anexo_de_entregas_assinado_v1_assinado   257.1KB
07:38:35 INFO     ✓ [ 58/132] fiocruz-ptd-06_2024-copia_tarjada.pdf               1693.8KB
07:38:39 INFO     ✓ [ 59/132] funai_ptd_2025_2027_docdiretivo_assinado-1_tarjado  1842.1KB
07:38:41 INFO     ✓ [ 60/132] funai_anexo_de_entregas_repactuado_2026_2027_assin   435.7KB
07:38:44 INFO     ✓ [ 61/132] funarte_ptd_docdiretivo_assinado_21_01_2025_assina   965.7KB
07:38:47 INFO     ✓ [ 62/132] funarte_ptd_anexo_de_entregas_assinado_v1_assinado   683.6KB
07:38:50 INFO     ✓ [ 63/132] fundacentro_ptd_2025_2027_docdiretivo_assinado_ass   826.6KB
07:38:53 INFO     ✓ [ 64/132] fundacentro_ptd_2025_2027_anexo_de_entregas_assina   635.5KB
07:38:56 INFO     ✓ [ 65/132] mma_ptd_docdiretivo_assinado_2025_2026-1_assinado_   949.3KB
07:38:58 INFO     ✓ [ 66/132] mma_ptd_anexo_de_entregas_aprovado_final_assinado_   174.8KB
07:39:01 INFO     ✓ [ 67/132] ibge_docdiretivo_2025_assinado_assinado_assinado-c  1167.3KB
07:39:03 INFO     ✓ [ 68/132] ibge_ptd_25_26_anexo_de_entregas_modelo_v2-1_assin   143.7KB
07:39:13 INFO     ✓ [ 69/132] incra_ptd_docdiretivo__assinado-1_assinado_assinad  7182.0KB
07:39:17 INFO     ✓ [ 70/132] incra_anexo_de_entregas_assinado-1_assinado_assina  1818.6KB
07:39:23 INFO     ✓ [ 71/132] inpi_ptd_docdiretivo_assinado_2025_2026_assinado_a  3322.4KB
07:39:28 INFO     ✓ [ 72/132] inpi_ptd_anexo_de_entregas_assinado_v1_assinado_as  3078.1KB
07:39:31 INFO     ✓ [ 73/132] inss_ptd_2025_2027_docdiretivo-assinado-copia_tarj  1173.3KB
07:39:33 INFO     ✓ [ 74/132] inss_ptd_2025_2027_anexo_de_entregas-assinado-copi   110.8KB
07:39:36 INFO     ✓ [ 75/132] iphan_ptd_docdiretivo_assinado_2025_2026_assinado_   885.7KB
07:39:38 INFO     ✓ [ 76/132] iphan_ptd_anexo_de_entregas_assinado_v1_assinado_a   310.9KB
07:39:46 INFO     ✓ [ 77/132] iti_doc_diretivo_assinado-1_tarjado.pdf             4905.1KB
07:39:48 INFO     ✓ [ 78/132] iti_anexo_de_entregas_assinado.pdf                   556.4KB
07:39:52 INFO     ✓ [ 79/132] mapa_ptd_2025_2027_docdiretivo_assinado-1_tarjado.  1740.9KB
07:39:55 INFO     ✓ [ 80/132] mapa_ptd_2025_2027_anexo_de_entregas_assinado-1.pd   261.9KB
07:40:01 INFO     ✓ [ 81/132] documento-diretivo-mcom-_-ptd-25_27-copia_tarjada.  4451.9KB
07:40:05 INFO     ✓ [ 82/132] anexo-de-entregas-mcom_ptd-25_27-copia_tarjada.pdf  1213.8KB
07:40:10 INFO     ✓ [ 83/132] ptd_21_24_mcom-copia_tarjada.pdf                    3040.7KB
07:40:13 INFO     ✓ [ 84/132] mcti_ptd_2025-2027_docdiretivo_assinado-copia_tarj  1030.7KB
07:40:15 INFO     ✓ [ 85/132] mcti_ptd_2025-2027_anexo-de-entregas_assinado-copi   145.8KB
07:40:17 INFO     ✓ [ 86/132] mda-anexo-entregas-assinado_ptd-2025-2027-copia-ta   284.6KB
07:40:20 INFO     ✓ [ 87/132] mdhc_ptd_2025_2027_docdiretivo_assinado_assinado_a   753.4KB
07:40:23 INFO     ✓ [ 88/132] mdhc_ptd_2025_2027_anexoentregas_assinado_assinado   186.8KB
07:40:25 INFO     ✓ [ 89/132] mdic_ptd_anexo_de_entregas_assinado_v1_assinado_as   176.6KB
07:40:28 INFO     ✓ [ 90/132] memp_ptd_2025_2026_docdiretivo_assinado_assinado_a  1030.1KB
07:40:30 INFO     ✓ [ 91/132] memp_ptd_2025_2026_anexo_de_entregas_assinado_assi   161.5KB
07:40:34 INFO     ✓ [ 92/132] mesp_ptd_2025_2027_docdiretivo_assinado_assinado_2  1147.7KB
07:40:36 INFO     ✓ [ 93/132] mesp_ptd_2025_2027_anexo_de_entregas_assinado_assi   226.6KB
07:40:39 INFO     ✓ [ 94/132] mf_ptd_2026_2027_documentodiretivo_assinado_assina   955.1KB
07:40:41 INFO     ✓ [ 95/132] mf_ptd_2026_2027_anexo_de_entregas_1_mf_se_assinad   241.2KB
07:40:44 INFO     ✓ [ 96/132] mgi_ptd_2025_2027_docdiretivo_assinado_assinado_as   375.2KB
07:40:46 INFO     ✓ [ 97/132] mgi_ptd_2025_2027_anexo_de_entregas_assinado_assin   256.1KB
07:40:49 INFO     ✓ [ 98/132] minc_ptd_2025_2027_docdiretivo_assinado-1_assinado   863.6KB
07:40:52 INFO     ✓ [ 99/132] minc_ptd_2025_2027_anexo_de_entregas_assinado-1_as   276.7KB
07:40:55 INFO     ✓ [100/132] mjsp_ptd_docdiretivo_assinado_2025_2026_assinado_a   954.0KB
07:40:57 INFO     ✓ [101/132] mjsp_ptd_anexo_de_entregas_assinado_v1_assinado_as   253.9KB
07:41:00 INFO     ✓ [102/132] mme_ptd_2025_2027_docdiretivo_assinado-copia_tarja   664.5KB
07:41:02 INFO     ✓ [103/132] mme_ptd_2025_2027_anexo_de_entregas_assinado__1_-c   111.1KB
07:41:05 INFO     ✓ [104/132] mmulheres_ptd_2025_2027_docdiretivo_assinado_assin  1078.3KB
07:41:07 INFO     ✓ [105/132] mmulheres_ptd_2025_2027_anexo_de_entregas_assinado   216.9KB
07:41:11 INFO     ✓ [106/132] mpi_ptd_2025_2027_docdiretivo_ministerio_dos_povos   947.9KB
07:41:13 INFO     ✓ [107/132] mpi_ptd_anexo_de_entregas_do_plano_de_tranformacao   191.9KB
07:41:16 INFO     ✓ [108/132] mpo_ptd_docdiretivo_assinado_2025_2026_assinado_as   806.3KB
07:41:18 INFO     ✓ [109/132] mpo_ptd_anexo_de_entregas_assinado_v1_assinado_ass   323.2KB
07:41:21 INFO     ✓ [110/132] mpor_ptd_2025_2027_docdiretivo_assinado_assinado_a   876.5KB
07:41:24 INFO     ✓ [111/132] mpor_ptd_2025_2027_anexo_de_entregas_assinado_assi   175.1KB
07:41:27 INFO     ✓ [112/132] mps_ptd_2025-2026_docdiretivo_final_assinado-1_ass  1024.4KB
07:41:29 INFO     ✓ [113/132] mps_ptd_2025-2026_anexo_de_entregas_final_assinado   165.0KB
07:41:32 INFO     ✓ [114/132] mre_ptd_docdiretivo_assinado_2025_2026_assinado_as   760.9KB
07:41:34 INFO     ✓ [115/132] mre_ptd_anexo_de_entregas_assinado_v1_assinado_ass   233.2KB
07:41:37 INFO     ✓ [116/132] mte_ptd_2025_2026_docdiretivo_assinado_assinado_as   729.6KB
07:41:40 INFO     ✓ [117/132] mte_ptd_anexo_de_entregas_assinado_v1__281_29_assi   459.5KB
07:41:43 INFO     ✓ [118/132] mtur_ptd_docdiretiv_assinado_30_01_2025_assinado_a  1050.4KB
07:41:45 INFO     ✓ [119/132] mtur_ptd_anexo_de_entregas_assinado_30_01_2025_ass   118.8KB
07:41:48 INFO     ✓ [120/132] pf_ptd_docdiretivo_2025_2027_assinado-copia_tarjad   964.3KB
07:41:50 INFO     ✓ [121/132] pf_ptd_anexo_de_entregas_2025_2027_assinado-copia_    62.5KB
07:41:53 INFO     ✓ [122/132] mf_ptd_2026_2027_anexo_de_entregas_4_mf_pgfn_assin   466.8KB
07:42:02 INFO     ✓ [123/132] previc_plano_de_transformacao_digital_2025_2026_29  6652.7KB
07:42:04 INFO     ✓ [124/132] previc_ptd_repactuacao_2025-2026_assinado_assinado   182.9KB
07:42:07 INFO     ✓ [125/132] prf_documentodiretivo_ptd_2026-2027_assinado_tarja   535.9KB
07:42:09 INFO     ✓ [126/132] prf_anexo_de_entregas_do_ptd__2026_2027___ptd___en   157.7KB
07:42:11 INFO     ✓ [127/132] mf_ptd_2026_2027_anexo_de_entregas_2_mf_rfb_assina   253.7KB
07:42:14 INFO     ✓ [128/132] sgpr_ptd_2026_2027_docdiretivo_assinado-copia_tarj   791.2KB
07:42:17 INFO     ✓ [129/132] sgpr_ptd_2025_2027_anexo_de_entregas_assinado-copi   897.9KB
07:42:20 INFO     ✓ [130/132] mf_ptd_2026_2027_anexo_de_entregas_3_mf_stn_assina   467.8KB
07:42:23 INFO     ✓ [131/132] susep_ptd_2025_2027_docdiretivo-assinado-copia_tar  1030.1KB
07:42:25 INFO     ✓ [132/132] susep_ptd_2025-2026_anexo_de_entregas_final_assina   221.9KB
07:42:27 INFO     132 OK | 0 erros | 123.3 MB total
07:42:32 INFO     Sanity: 132 PDFs | 113 texto | 19 imagem/OCR | 0 duplicatas
07:42:32 INFO     --siglas (debug): 15 PDFs de ['AGU', 'FIOCRUZ', 'FUNAI', 'FUNDACENTRO', 'INCRA', 'ITI', 'MCOM', 'SGPR']
07:42:32 INFO     DocumentConverter instanciado (singleton × 2: plain + OCR)
07:42:32 INFO     [1/15] → agu_ptd_2025_2027_anexo_de_entregas_assinado_assinado_assinado-copia_tarjada.pdf
07:42:32 INFO     detected formats: [<InputFormat.PDF: 'pdf'>]
07:42:32 INFO     Going to convert document batch...
07:42:32 INFO     Initializing pipeline for StandardPdfPipeline with options hash bc6794697da537796efc497178f9263f
07:42:32 INFO     Loading plugin 'docling_defaults'
07:42:32 INFO     Registered picture descriptions: ['picture_description_vlm_engine', 'vlm', 'api']
07:42:32 INFO     Loading plugin 'docling_defaults'
07:42:32 INFO     Registered ocr engines: ['auto', 'easyocr', 'kserve_v2_ocr', 'ocrmac', 'rapidocr', 'tesserocr', 'tesseract']
07:42:32 INFO     command: tesseract --list-langs
07:42:32 INFO     Loading plugin 'docling_defaults'
07:42:32 INFO     Registered layout engines: ['layout_object_detection', 'docling_layout_default', 'docling_experimental_table_crops_layout']
07:42:32 INFO     Accelerator device: 'cpu'
07:42:33 INFO     HTTP Request: GET https://huggingface.co/api/models/docling-project/docling-layout-heron/revision/main "HTTP/1.1 200 OK"
07:42:33 INFO     HTTP Request: HEAD https://huggingface.co/docling-project/docling-layout-heron/resolve/8f39ad3c0b4c58e9c2d2c84a38465abf757272d8/README.md "HTTP/1.1 307 Temporary Redirect"
07:42:33 INFO     HTTP Request: HEAD https://huggingface.co/api/resolve-cache/models/docling-project/docling-layout-heron/8f39ad3c0b4c58e9c2d2c84a38465abf757272d8/README.md "HTTP/1.1 200 OK"
07:42:33 INFO     HTTP Request: HEAD https://huggingface.co/docling-project/docling-layout-heron/resolve/8f39ad3c0b4c58e9c2d2c84a38465abf757272d8/.gitattributes "HTTP/1.1 307 Temporary Redirect"
07:42:33 WARNING  Warning: You are sending unauthenticated requests to the HF Hub. Please set a HF_TOKEN to enable higher rate limits and faster downloads.
07:42:33 INFO     HTTP Request: HEAD https://huggingface.co/docling-project/docling-layout-heron/resolve/8f39ad3c0b4c58e9c2d2c84a38465abf757272d8/docling_heron_400.png "HTTP/1.1 307 Temporary Redirect"
07:42:33 INFO     HTTP Request: GET https://huggingface.co/api/resolve-cache/models/docling-project/docling-layout-heron/8f39ad3c0b4c58e9c2d2c84a38465abf757272d8/README.md "HTTP/1.1 200 OK"
07:42:33 INFO     HTTP Request: HEAD https://huggingface.co/docling-project/docling-layout-heron/resolve/8f39ad3c0b4c58e9c2d2c84a38465abf757272d8/config.json "HTTP/1.1 307 Temporary Redirect"
07:42:33 INFO     HTTP Request: HEAD https://huggingface.co/docling-project/docling-layout-heron/resolve/8f39ad3c0b4c58e9c2d2c84a38465abf757272d8/model.safetensors "HTTP/1.1 302 Found"
07:42:33 INFO     HTTP Request: HEAD https://huggingface.co/api/resolve-cache/models/docling-project/docling-layout-heron/8f39ad3c0b4c58e9c2d2c84a38465abf757272d8/.gitattributes "HTTP/1.1 200 OK"
07:42:33 INFO     HTTP Request: HEAD https://huggingface.co/api/resolve-cache/models/docling-project/docling-layout-heron/8f39ad3c0b4c58e9c2d2c84a38465abf757272d8/docling_heron_400.png "HTTP/1.1 200 OK"
07:42:33 INFO     HTTP Request: HEAD https://huggingface.co/api/resolve-cache/models/docling-project/docling-layout-heron/8f39ad3c0b4c58e9c2d2c84a38465abf757272d8/config.json "HTTP/1.1 200 OK"
07:42:33 INFO     HTTP Request: GET https://huggingface.co/api/resolve-cache/models/docling-project/docling-layout-heron/8f39ad3c0b4c58e9c2d2c84a38465abf757272d8/.gitattributes "HTTP/1.1 200 OK"
07:42:33 INFO     HTTP Request: GET https://huggingface.co/api/resolve-cache/models/docling-project/docling-layout-heron/8f39ad3c0b4c58e9c2d2c84a38465abf757272d8/config.json "HTTP/1.1 200 OK"
07:42:33 INFO     HTTP Request: GET https://huggingface.co/api/resolve-cache/models/docling-project/docling-layout-heron/8f39ad3c0b4c58e9c2d2c84a38465abf757272d8/docling_heron_400.png "HTTP/1.1 200 OK"
07:42:33 INFO     HTTP Request: HEAD https://huggingface.co/docling-project/docling-layout-heron/resolve/8f39ad3c0b4c58e9c2d2c84a38465abf757272d8/preprocessor_config.json "HTTP/1.1 307 Temporary Redirect"
07:42:33 INFO     HTTP Request: HEAD https://huggingface.co/api/resolve-cache/models/docling-project/docling-layout-heron/8f39ad3c0b4c58e9c2d2c84a38465abf757272d8/preprocessor_config.json "HTTP/1.1 200 OK"
07:42:33 INFO     HTTP Request: GET https://huggingface.co/api/resolve-cache/models/docling-project/docling-layout-heron/8f39ad3c0b4c58e9c2d2c84a38465abf757272d8/preprocessor_config.json "HTTP/1.1 200 OK"
07:42:33 INFO     HTTP Request: GET https://huggingface.co/api/models/docling-project/docling-layout-heron/xet-read-token/8f39ad3c0b4c58e9c2d2c84a38465abf757272d8 "HTTP/1.1 200 OK"
07:42:34 INFO     Loading plugin 'docling_defaults'
07:42:34 INFO     Registered table structure engines: ['docling_tableformer', 'docling_tableformer_v2']
07:42:34 INFO     HTTP Request: GET https://huggingface.co/api/models/docling-project/docling-models/revision/v2.3.0 "HTTP/1.1 200 OK"
07:42:34 INFO     HTTP Request: HEAD https://huggingface.co/docling-project/docling-models/resolve/fc0f2d45e2218ea24bce5045f58a389aed16dc23/.gitignore "HTTP/1.1 307 Temporary Redirect"
07:42:34 INFO     HTTP Request: HEAD https://huggingface.co/docling-project/docling-models/resolve/fc0f2d45e2218ea24bce5045f58a389aed16dc23/.gitattributes "HTTP/1.1 307 Temporary Redirect"
07:42:34 INFO     HTTP Request: HEAD https://huggingface.co/docling-project/docling-models/resolve/fc0f2d45e2218ea24bce5045f58a389aed16dc23/config.json "HTTP/1.1 307 Temporary Redirect"
07:42:34 INFO     HTTP Request: HEAD https://huggingface.co/docling-project/docling-models/resolve/fc0f2d45e2218ea24bce5045f58a389aed16dc23/model_artifacts/tableformer/accurate/tableformer_accurate.safetensors "HTTP/1.1 302 Found"
07:42:34 INFO     HTTP Request: HEAD https://huggingface.co/docling-project/docling-models/resolve/fc0f2d45e2218ea24bce5045f58a389aed16dc23/model_artifacts/tableformer/accurate/tm_config.json "HTTP/1.1 307 Temporary Redirect"
07:42:34 INFO     HTTP Request: HEAD https://huggingface.co/api/resolve-cache/models/docling-project/docling-models/fc0f2d45e2218ea24bce5045f58a389aed16dc23/.gitignore "HTTP/1.1 200 OK"
07:42:34 INFO     HTTP Request: HEAD https://huggingface.co/api/resolve-cache/models/docling-project/docling-models/fc0f2d45e2218ea24bce5045f58a389aed16dc23/.gitattributes "HTTP/1.1 200 OK"
07:42:34 INFO     HTTP Request: HEAD https://huggingface.co/api/resolve-cache/models/docling-project/docling-models/fc0f2d45e2218ea24bce5045f58a389aed16dc23/config.json "HTTP/1.1 200 OK"
07:42:34 INFO     HTTP Request: HEAD https://huggingface.co/api/resolve-cache/models/docling-project/docling-models/fc0f2d45e2218ea24bce5045f58a389aed16dc23/model_artifacts%2Ftableformer%2Faccurate%2Ftm_config.json "HTTP/1.1 200 OK"
07:42:34 INFO     HTTP Request: HEAD https://huggingface.co/docling-project/docling-models/resolve/fc0f2d45e2218ea24bce5045f58a389aed16dc23/model_artifacts/tableformer/fast/tm_config.json "HTTP/1.1 307 Temporary Redirect"
07:42:34 INFO     HTTP Request: HEAD https://huggingface.co/docling-project/docling-models/resolve/fc0f2d45e2218ea24bce5045f58a389aed16dc23/model_artifacts/tableformer/fast/tableformer_fast.safetensors "HTTP/1.1 302 Found"
07:42:34 INFO     HTTP Request: GET https://huggingface.co/api/resolve-cache/models/docling-project/docling-models/fc0f2d45e2218ea24bce5045f58a389aed16dc23/.gitignore "HTTP/1.1 200 OK"
07:42:34 INFO     HTTP Request: HEAD https://huggingface.co/docling-project/docling-models/resolve/fc0f2d45e2218ea24bce5045f58a389aed16dc23/README.md "HTTP/1.1 307 Temporary Redirect"
07:42:34 INFO     HTTP Request: GET https://huggingface.co/api/resolve-cache/models/docling-project/docling-models/fc0f2d45e2218ea24bce5045f58a389aed16dc23/config.json "HTTP/1.1 200 OK"
07:42:34 INFO     HTTP Request: GET https://huggingface.co/api/resolve-cache/models/docling-project/docling-models/fc0f2d45e2218ea24bce5045f58a389aed16dc23/.gitattributes "HTTP/1.1 200 OK"
07:42:34 INFO     HTTP Request: HEAD https://huggingface.co/api/resolve-cache/models/docling-project/docling-models/fc0f2d45e2218ea24bce5045f58a389aed16dc23/model_artifacts%2Ftableformer%2Ffast%2Ftm_config.json "HTTP/1.1 200 OK"
07:42:34 INFO     HTTP Request: GET https://huggingface.co/api/models/docling-project/docling-models/xet-read-token/fc0f2d45e2218ea24bce5045f58a389aed16dc23 "HTTP/1.1 200 OK"
07:42:34 INFO     HTTP Request: GET https://huggingface.co/api/resolve-cache/models/docling-project/docling-models/fc0f2d45e2218ea24bce5045f58a389aed16dc23/model_artifacts%2Ftableformer%2Faccurate%2Ftm_config.json "HTTP/1.1 200 OK"
07:42:34 INFO     HTTP Request: HEAD https://huggingface.co/api/resolve-cache/models/docling-project/docling-models/fc0f2d45e2218ea24bce5045f58a389aed16dc23/README.md "HTTP/1.1 200 OK"
07:42:34 INFO     HTTP Request: GET https://huggingface.co/api/resolve-cache/models/docling-project/docling-models/fc0f2d45e2218ea24bce5045f58a389aed16dc23/model_artifacts%2Ftableformer%2Ffast%2Ftm_config.json "HTTP/1.1 200 OK"
07:42:34 INFO     HTTP Request: GET https://huggingface.co/api/resolve-cache/models/docling-project/docling-models/fc0f2d45e2218ea24bce5045f58a389aed16dc23/README.md "HTTP/1.1 200 OK"
07:42:34 INFO     HTTP Request: GET https://huggingface.co/api/models/docling-project/docling-models/xet-read-token/fc0f2d45e2218ea24bce5045f58a389aed16dc23 "HTTP/1.1 200 OK"
07:42:36 INFO     Accelerator device: 'cpu'
07:42:36 INFO     Processing document agu_ptd_2025_2027_anexo_de_entregas_assinado_assinado_assinado-copia_tarjada.pdf
07:42:37 INFO     command: tesseract --psm 0 -l osd /tmp/tmpaf0pzvz5.png stdout
07:42:37 INFO     command: tesseract -l por /tmp/tmpaf0pzvz5.png stdout tsv
07:42:40 INFO     command: tesseract --psm 0 -l osd /tmp/tmp3veky45q.png stdout
07:42:41 INFO     command: tesseract -l por /tmp/tmp3veky45q.png stdout tsv
07:43:01 INFO     Finished converting document agu_ptd_2025_2027_anexo_de_entregas_assinado_assinado_assinado-copia_tarjada.pdf in 28.21 sec.
07:43:01 INFO       pixel_budget (Docling) agu_ptd_2025_2027_anexo_de_entregas_assinado_assinado_assinado-copia_tarjada.pdf: 45.8% (área tabelas/1001817 px²)
07:43:01 INFO     [1/15] ✓ AGU       :   33 entregas | 28.2s | ETA ~6min
07:43:01 INFO     [2/15] → agu_ptd_2025_2027_docdiretivo_assinado_assinado_assinado-copia_tarjada.pdf
07:43:01 INFO     detected formats: [<InputFormat.PDF: 'pdf'>]
07:43:01 INFO     Going to convert document batch...
07:43:01 INFO     Processing document agu_ptd_2025_2027_docdiretivo_assinado_assinado_assinado-copia_tarjada.pdf
07:43:01 INFO     command: tesseract --psm 0 -l osd /tmp/tmp_n2pur0f.png stdout
07:43:02 INFO     command: tesseract -l por /tmp/tmp_n2pur0f.png stdout tsv
07:43:03 INFO     command: tesseract --psm 0 -l osd /tmp/tmpg3pwhj8m.png stdout
07:43:05 INFO     command: tesseract -l por /tmp/tmpg3pwhj8m.png stdout tsv
07:43:09 INFO     command: tesseract --psm 0 -l osd /tmp/tmp1h3_sbz0.png stdout
07:43:10 INFO     command: tesseract -l por /tmp/tmp1h3_sbz0.png stdout tsv
07:43:12 INFO     command: tesseract --psm 0 -l osd /tmp/tmp64ix6qt8.png stdout
07:43:13 INFO     command: tesseract -l por /tmp/tmp64ix6qt8.png stdout tsv
07:43:15 INFO     command: tesseract --psm 0 -l osd /tmp/tmpukske0t3.png stdout
07:43:15 INFO     command: tesseract -l por /tmp/tmpukske0t3.png stdout tsv
07:43:18 INFO     command: tesseract --psm 0 -l osd /tmp/tmpvr5h_jdv.png stdout
07:43:19 INFO     command: tesseract -l por /tmp/tmpvr5h_jdv.png stdout tsv
07:43:30 INFO     command: tesseract --psm 0 -l osd /tmp/tmp1zwbqiiz.png stdout
07:43:31 INFO     command: tesseract -l por /tmp/tmp1zwbqiiz.png stdout tsv
07:43:33 INFO     command: tesseract --psm 0 -l osd /tmp/tmpi900cfs7.png stdout
07:43:34 INFO     command: tesseract -l por /tmp/tmpi900cfs7.png stdout tsv
07:43:36 INFO     command: tesseract --psm 0 -l osd /tmp/tmpi9jdk36e.png stdout
07:43:37 INFO     command: tesseract -l por /tmp/tmpi9jdk36e.png stdout tsv
07:43:39 INFO     command: tesseract --psm 0 -l osd /tmp/tmpq41c92w8.png stdout
07:43:40 INFO     command: tesseract -l por /tmp/tmpq41c92w8.png stdout tsv
07:43:57 INFO     command: tesseract --psm 0 -l osd /tmp/tmp7wyhusr3.png stdout
07:43:58 INFO     command: tesseract -l por /tmp/tmp7wyhusr3.png stdout tsv
07:44:01 INFO     Finished converting document agu_ptd_2025_2027_docdiretivo_assinado_assinado_assinado-copia_tarjada.pdf in 60.38 sec.
07:44:01 INFO       pixel_budget (Docling) agu_ptd_2025_2027_docdiretivo_assinado_assinado_assinado-copia_tarjada.pdf: 2.1% (área tabelas/5513330 px²)
07:44:01 INFO     [2/15] ✓ AGU       :    6 entregas | 60.4s | ETA ~9min
07:44:01 INFO     [3/15] → anexo-de-entregas-mcom_ptd-25_27-copia_tarjada.pdf
07:44:01 INFO     detected formats: [<InputFormat.PDF: 'pdf'>]
07:44:01 INFO     Going to convert document batch...
07:44:01 INFO     Processing document anexo-de-entregas-mcom_ptd-25_27-copia_tarjada.pdf
07:44:02 INFO     command: tesseract --psm 0 -l osd /tmp/tmp029qji3n.png stdout
07:44:03 INFO     command: tesseract -l por /tmp/tmp029qji3n.png stdout tsv
07:44:06 INFO     command: tesseract --psm 0 -l osd /tmp/tmp1j9jcp_s.png stdout
07:44:07 INFO     command: tesseract -l por /tmp/tmp1j9jcp_s.png stdout tsv
07:44:19 INFO     command: tesseract --psm 0 -l osd /tmp/tmpzbyvrrwz.png stdout
07:44:20 INFO     command: tesseract -l por /tmp/tmpzbyvrrwz.png stdout tsv
07:44:40 INFO     Finished converting document anexo-de-entregas-mcom_ptd-25_27-copia_tarjada.pdf in 38.52 sec.
07:44:40 INFO       pixel_budget (Docling) anexo-de-entregas-mcom_ptd-25_27-copia_tarjada.pdf: 55.2% (área tabelas/1503636 px²)
07:44:40 INFO     [3/15] ✓ MCOM      :   55 entregas | 38.5s | ETA ~8min
07:44:40 INFO     [4/15] → documento-diretivo-mcom-_-ptd-25_27-copia_tarjada.pdf
07:44:40 INFO     detected formats: [<InputFormat.PDF: 'pdf'>]
07:44:40 INFO     Going to convert document batch...
07:44:40 INFO     Processing document documento-diretivo-mcom-_-ptd-25_27-copia_tarjada.pdf
07:44:40 INFO     command: tesseract --psm 0 -l osd /tmp/tmp6ecsaqv2.png stdout
07:44:41 INFO     command: tesseract -l por /tmp/tmp6ecsaqv2.png stdout tsv
07:44:44 INFO     command: tesseract --psm 0 -l osd /tmp/tmpke45z9n4.png stdout
07:44:45 INFO     command: tesseract -l por /tmp/tmpke45z9n4.png stdout tsv
07:44:51 INFO     command: tesseract --psm 0 -l osd /tmp/tmp056fsg7e.png stdout
07:44:52 INFO     command: tesseract -l por /tmp/tmp056fsg7e.png stdout tsv
07:44:53 INFO     command: tesseract --psm 0 -l osd /tmp/tmp_gktdec5.png stdout
07:44:53 INFO     command: tesseract -l por /tmp/tmp_gktdec5.png stdout tsv
07:44:55 INFO     command: tesseract --psm 0 -l osd /tmp/tmpix3av9gv.png stdout
07:44:56 INFO     command: tesseract -l por /tmp/tmpix3av9gv.png stdout tsv
07:44:59 INFO     command: tesseract --psm 0 -l osd /tmp/tmpxknd26b2.png stdout
07:45:00 INFO     command: tesseract -l por /tmp/tmpxknd26b2.png stdout tsv
07:45:17 INFO     command: tesseract --psm 0 -l osd /tmp/tmphw9e_f_l.png stdout
07:45:18 INFO     command: tesseract -l por /tmp/tmphw9e_f_l.png stdout tsv
07:45:20 INFO     command: tesseract --psm 0 -l osd /tmp/tmpx9po9ffp.png stdout
07:45:21 INFO     command: tesseract -l por /tmp/tmpx9po9ffp.png stdout tsv
07:45:23 INFO     command: tesseract --psm 0 -l osd /tmp/tmp2qgvarr0.png stdout
07:45:24 INFO     command: tesseract -l por /tmp/tmp2qgvarr0.png stdout tsv
07:45:26 INFO     command: tesseract --psm 0 -l osd /tmp/tmpw5_kxzd5.png stdout
07:45:27 INFO     command: tesseract -l por /tmp/tmpw5_kxzd5.png stdout tsv
07:45:39 INFO     command: tesseract --psm 0 -l osd /tmp/tmpv0mz0k05.png stdout
07:45:40 INFO     command: tesseract -l por /tmp/tmpv0mz0k05.png stdout tsv
07:45:42 INFO     command: tesseract --psm 0 -l osd /tmp/tmpyzhyzhmt.png stdout
07:45:42 INFO     command: tesseract -l por /tmp/tmpyzhyzhmt.png stdout tsv
07:45:44 INFO     command: tesseract --psm 0 -l osd /tmp/tmpnz748hvl.png stdout
07:45:45 INFO     command: tesseract -l por /tmp/tmpnz748hvl.png stdout tsv
07:45:47 INFO     command: tesseract --psm 0 -l osd /tmp/tmpg79tlfuu.png stdout
07:45:48 INFO     command: tesseract -l por /tmp/tmpg79tlfuu.png stdout tsv
07:45:54 INFO     Finished converting document documento-diretivo-mcom-_-ptd-25_27-copia_tarjada.pdf in 74.47 sec.
07:45:54 INFO       pixel_budget (Docling) documento-diretivo-mcom-_-ptd-25_27-copia_tarjada.pdf: 10.8% (área tabelas/7016966 px²)
07:45:54 WARNING  [4/15] ⚠ MCOM      :    0 entregas | 74.5s | ETA ~9min
07:45:54 INFO     [5/15] → fiocruz-ptd-06_2024-copia_tarjada.pdf
07:45:54 INFO     detected formats: [<InputFormat.PDF: 'pdf'>]
07:45:54 INFO     Going to convert document batch...
07:45:54 INFO     Initializing pipeline for StandardPdfPipeline with options hash d18651824ca6fe56cf3ccb20424ac2c8
07:45:54 INFO     Accelerator device: 'cpu'
07:45:54 INFO     HTTP Request: GET https://huggingface.co/api/models/docling-project/docling-layout-heron/revision/main "HTTP/1.1 200 OK"
07:45:55 INFO     HTTP Request: GET https://huggingface.co/api/models/docling-project/docling-models/revision/v2.3.0 "HTTP/1.1 200 OK"
07:45:55 INFO     Accelerator device: 'cpu'
07:45:55 INFO     Processing document fiocruz-ptd-06_2024-copia_tarjada.pdf
07:47:02 INFO     Finished converting document fiocruz-ptd-06_2024-copia_tarjada.pdf in 68.44 sec.
07:47:02 INFO       pixel_budget (Docling) fiocruz-ptd-06_2024-copia_tarjada.pdf: 36.4% (área tabelas/7518178 px²)
07:47:02 WARNING  [5/15] ⚠ FIOCRUZ   :    0 entregas | 68.5s | ETA ~9min
07:47:02 INFO     [6/15] → fiocruz_novo-ptd_2-1_docdiretivo_repactuacao_2024-2026_assinado_assinado-copia_tarjada.pdf
07:47:02 INFO     detected formats: [<InputFormat.PDF: 'pdf'>]
07:47:02 INFO     Going to convert document batch...
07:47:02 INFO     Processing document fiocruz_novo-ptd_2-1_docdiretivo_repactuacao_2024-2026_assinado_assinado-copia_tarjada.pdf
07:47:20 INFO     Finished converting document fiocruz_novo-ptd_2-1_docdiretivo_repactuacao_2024-2026_assinado_assinado-copia_tarjada.pdf in 17.94 sec.
07:47:20 INFO       pixel_budget (Docling) fiocruz_novo-ptd_2-1_docdiretivo_repactuacao_2024-2026_assinado_assinado-copia_tarjada.pdf: 11.3% (área tabelas/5012118 px²)
07:47:20 WARNING  [6/15] ⚠ FIOCRUZ   :    0 entregas | 17.9s | ETA ~7min
07:47:20 INFO     [7/15] → fiocruz_ptd_anexo_de_entregas_assinado_v1_assinado_assinado-1-copia_tarjada.pdf
07:47:20 INFO     detected formats: [<InputFormat.PDF: 'pdf'>]
07:47:20 INFO     Going to convert document batch...
07:47:20 INFO     Processing document fiocruz_ptd_anexo_de_entregas_assinado_v1_assinado_assinado-1-copia_tarjada.pdf
07:47:53 INFO     Finished converting document fiocruz_ptd_anexo_de_entregas_assinado_v1_assinado_assinado-1-copia_tarjada.pdf in 32.67 sec.
07:47:53 INFO       pixel_budget (Docling) fiocruz_ptd_anexo_de_entregas_assinado_v1_assinado_assinado-1-copia_tarjada.pdf: 54.7% (área tabelas/2004847 px²)
07:47:53 INFO     [7/15] ✓ FIOCRUZ   :   62 entregas | 32.7s | ETA ~6min
07:47:53 INFO     [8/15] → funai_anexo_de_entregas_repactuado_2026_2027_assinado_assinado_assinado.pdf
07:47:53 INFO     detected formats: [<InputFormat.PDF: 'pdf'>]
07:47:53 INFO     Going to convert document batch...
07:47:53 INFO     Processing document funai_anexo_de_entregas_repactuado_2026_2027_assinado_assinado_assinado.pdf
07:47:54 INFO     command: tesseract --psm 0 -l osd /tmp/tmpjwy0q634.png stdout
07:47:55 INFO     command: tesseract -l por /tmp/tmpjwy0q634.png stdout tsv
07:48:08 INFO     Finished converting document funai_anexo_de_entregas_repactuado_2026_2027_assinado_assinado_assinado.pdf in 15.00 sec.
07:48:08 INFO       pixel_budget (Docling) funai_anexo_de_entregas_repactuado_2026_2027_assinado_assinado_assinado.pdf: 49.8% (área tabelas/501212 px²)
07:48:08 INFO     [8/15] ✓ FUNAI     :   22 entregas | 15.0s | ETA ~4min
07:48:08 INFO     [9/15] → funai_ptd_2025_2027_docdiretivo_assinado-1_tarjado.pdf
07:48:08 INFO     detected formats: [<InputFormat.PDF: 'pdf'>]
07:48:08 INFO     Going to convert document batch...
07:48:08 INFO     Processing document funai_ptd_2025_2027_docdiretivo_assinado-1_tarjado.pdf
07:48:10 INFO     command: tesseract --psm 0 -l osd /tmp/tmpy56a9ihe.png stdout
07:48:10 INFO     command: tesseract -l por /tmp/tmpy56a9ihe.png stdout tsv
07:48:11 INFO     command: tesseract --psm 0 -l osd /tmp/tmp32ve08lx.png stdout
07:48:13 INFO     command: tesseract -l por /tmp/tmp32ve08lx.png stdout tsv
07:48:15 INFO     command: tesseract --psm 0 -l osd /tmp/tmpl12d6dox.png stdout
07:48:15 INFO     command: tesseract -l por /tmp/tmpl12d6dox.png stdout tsv
07:48:17 INFO     command: tesseract --psm 0 -l osd /tmp/tmpf8tv_tk0.png stdout
07:48:18 INFO     command: tesseract -l por /tmp/tmpf8tv_tk0.png stdout tsv
07:48:20 INFO     command: tesseract --psm 0 -l osd /tmp/tmp08sywbtf.png stdout
07:48:20 INFO     command: tesseract -l por /tmp/tmp08sywbtf.png stdout tsv
07:48:22 INFO     command: tesseract --psm 0 -l osd /tmp/tmpr4mnuksn.png stdout
07:48:24 INFO     command: tesseract -l por /tmp/tmpr4mnuksn.png stdout tsv
07:48:34 INFO     command: tesseract --psm 0 -l osd /tmp/tmp2a6uxyab.png stdout
07:48:35 INFO     command: tesseract -l por /tmp/tmp2a6uxyab.png stdout tsv
07:48:36 INFO     command: tesseract --psm 0 -l osd /tmp/tmp15nu8e4g.png stdout
07:48:37 INFO     command: tesseract -l por /tmp/tmp15nu8e4g.png stdout tsv
07:48:38 INFO     command: tesseract --psm 0 -l osd /tmp/tmpojtur0x2.png stdout
07:48:39 INFO     command: tesseract -l por /tmp/tmpojtur0x2.png stdout tsv
07:48:41 INFO     command: tesseract --psm 0 -l osd /tmp/tmp0hhb586s.png stdout
07:48:42 INFO     command: tesseract -l por /tmp/tmp0hhb586s.png stdout tsv
07:48:58 INFO     command: tesseract --psm 0 -l osd /tmp/tmpmrvwep8_.png stdout
07:48:59 INFO     command: tesseract -l por /tmp/tmpmrvwep8_.png stdout tsv
07:49:04 INFO     command: tesseract --psm 0 -l osd /tmp/tmpsby7oiyc.png stdout
07:49:04 INFO     command: tesseract -l por /tmp/tmpsby7oiyc.png stdout tsv
07:49:06 INFO     command: tesseract --psm 0 -l osd /tmp/tmpce3wsh9s.png stdout
07:49:07 INFO     command: tesseract -l por /tmp/tmpce3wsh9s.png stdout tsv
07:49:13 INFO     Finished converting document funai_ptd_2025_2027_docdiretivo_assinado-1_tarjado.pdf in 65.22 sec.
07:49:13 INFO       pixel_budget (Docling) funai_ptd_2025_2027_docdiretivo_assinado-1_tarjado.pdf: 16.4% (área tabelas/6515754 px²)
07:49:13 INFO     [9/15] ✓ FUNAI     :    8 entregas | 65.2s | ETA ~4min
07:49:13 INFO     [10/15] → incra_anexo_de_entregas_assinado-1_assinado_assinado-copia_tarjada.pdf
07:49:13 INFO     detected formats: [<InputFormat.PDF: 'pdf'>]
07:49:13 INFO     Going to convert document batch...
07:49:13 INFO     Processing document incra_anexo_de_entregas_assinado-1_assinado_assinado-copia_tarjada.pdf
07:49:15 INFO     command: tesseract --psm 0 -l osd /tmp/tmp7xwg0yd3.png stdout
07:49:15 INFO     command: tesseract -l por /tmp/tmp7xwg0yd3.png stdout tsv
07:49:18 INFO     command: tesseract --psm 0 -l osd /tmp/tmp9qnpkdnz.png stdout
07:49:20 INFO     command: tesseract -l por /tmp/tmp9qnpkdnz.png stdout tsv
07:49:29 INFO     command: tesseract --psm 0 -l osd /tmp/tmpxu5059u2.png stdout
07:49:30 INFO     command: tesseract -l por /tmp/tmpxu5059u2.png stdout tsv
07:49:31 INFO     command: tesseract --psm 0 -l osd /tmp/tmprzp57jxi.png stdout
07:49:32 INFO     command: tesseract -l por /tmp/tmprzp57jxi.png stdout tsv
07:49:34 INFO     command: tesseract --psm 0 -l osd /tmp/tmpg8b2qjbb.png stdout
07:49:35 INFO     command: tesseract -l por /tmp/tmpg8b2qjbb.png stdout tsv
07:51:04 INFO     Finished converting document incra_anexo_de_entregas_assinado-1_assinado_assinado-copia_tarjada.pdf in 110.91 sec.
07:51:04 INFO       pixel_budget (Docling) incra_anexo_de_entregas_assinado-1_assinado_assinado-copia_tarjada.pdf: 30.0% (área tabelas/2423520 px²)
07:51:04 INFO     [10/15] ✓ INCRA     :   11 entregas | 110.9s | ETA ~4min
07:51:04 INFO     [11/15] → incra_ptd_docdiretivo__assinado-1_assinado_assinado-copia_tarjada.pdf
07:51:04 INFO     detected formats: [<InputFormat.PDF: 'pdf'>]
07:51:04 INFO     Going to convert document batch...
07:51:04 INFO     Processing document incra_ptd_docdiretivo__assinado-1_assinado_assinado-copia_tarjada.pdf
07:51:06 INFO     command: tesseract --psm 0 -l osd /tmp/tmpt1vstqvc.png stdout
07:51:06 INFO     command: tesseract -l por /tmp/tmpt1vstqvc.png stdout tsv
07:51:08 INFO     command: tesseract --psm 0 -l osd /tmp/tmpqz6b5e09.png stdout
07:51:10 INFO     command: tesseract -l por /tmp/tmpqz6b5e09.png stdout tsv
07:51:15 INFO     command: tesseract --psm 0 -l osd /tmp/tmp0v87v9b3.png stdout
07:51:16 INFO     command: tesseract -l por /tmp/tmp0v87v9b3.png stdout tsv
07:51:18 INFO     command: tesseract --psm 0 -l osd /tmp/tmp_mwyn2b9.png stdout
07:51:18 INFO     command: tesseract -l por /tmp/tmp_mwyn2b9.png stdout tsv
07:51:20 INFO     command: tesseract --psm 0 -l osd /tmp/tmpjfvp0gsf.png stdout
07:51:21 INFO     command: tesseract -l por /tmp/tmpjfvp0gsf.png stdout tsv
07:51:23 INFO     command: tesseract --psm 0 -l osd /tmp/tmp3ig0pnd1.png stdout
07:51:24 INFO     command: tesseract -l por /tmp/tmp3ig0pnd1.png stdout tsv
07:51:33 INFO     command: tesseract --psm 0 -l osd /tmp/tmpy33pa0_y.png stdout
07:51:35 INFO     command: tesseract -l por /tmp/tmpy33pa0_y.png stdout tsv
07:51:38 INFO     command: tesseract --psm 0 -l osd /tmp/tmpd31zcpf_.png stdout
07:51:38 INFO     command: tesseract -l por /tmp/tmpd31zcpf_.png stdout tsv
07:51:40 INFO     command: tesseract --psm 0 -l osd /tmp/tmprhp5oa40.png stdout
07:51:41 INFO     command: tesseract -l por /tmp/tmprhp5oa40.png stdout tsv
07:51:43 INFO     command: tesseract --psm 0 -l osd /tmp/tmpywynt3nz.png stdout
07:51:44 INFO     command: tesseract -l por /tmp/tmpywynt3nz.png stdout tsv
07:51:50 INFO     command: tesseract --psm 0 -l osd /tmp/tmps_vm8mej.png stdout
07:51:51 INFO     command: tesseract -l por /tmp/tmps_vm8mej.png stdout tsv
07:51:58 INFO     command: tesseract --psm 0 -l osd /tmp/tmp5sfb4mbt.png stdout
07:51:59 INFO     command: tesseract -l por /tmp/tmp5sfb4mbt.png stdout tsv
07:52:01 INFO     command: tesseract --psm 0 -l osd /tmp/tmp2f4j91gn.png stdout
07:52:02 INFO     command: tesseract -l por /tmp/tmp2f4j91gn.png stdout tsv
07:52:10 INFO     Finished converting document incra_ptd_docdiretivo__assinado-1_assinado_assinado-copia_tarjada.pdf in 65.35 sec.
07:52:10 INFO       pixel_budget (Docling) incra_ptd_docdiretivo__assinado-1_assinado_assinado-copia_tarjada.pdf: 20.2% (área tabelas/6515754 px²)
07:52:10 INFO     [11/15] ✓ INCRA     :    9 entregas | 65.4s | ETA ~3min
07:52:10 INFO     [12/15] → iti_anexo_de_entregas_assinado.pdf
07:52:10 INFO     detected formats: [<InputFormat.PDF: 'pdf'>]
07:52:10 INFO     Going to convert document batch...
07:52:10 INFO     Processing document iti_anexo_de_entregas_assinado.pdf
07:52:10 INFO     command: tesseract --psm 0 -l osd /tmp/tmpr08t19hw.png stdout
07:52:11 INFO     command: tesseract -l por /tmp/tmpr08t19hw.png stdout tsv
07:52:27 INFO     Finished converting document iti_anexo_de_entregas_assinado.pdf in 17.39 sec.
07:52:27 INFO       pixel_budget (Docling) iti_anexo_de_entregas_assinado.pdf: 57.2% (área tabelas/501212 px²)
07:52:27 INFO     [12/15] ✓ ITI       :   31 entregas | 17.4s | ETA ~2min
07:52:27 INFO     [13/15] → iti_doc_diretivo_assinado-1_tarjado.pdf
07:52:27 INFO     detected formats: [<InputFormat.PDF: 'pdf'>]
07:52:27 INFO     Going to convert document batch...
07:52:27 INFO     Processing document iti_doc_diretivo_assinado-1_tarjado.pdf
07:52:28 INFO     command: tesseract --psm 0 -l osd /tmp/tmpe8htbg70.png stdout
07:52:28 INFO     command: tesseract -l por /tmp/tmpe8htbg70.png stdout tsv
07:52:31 INFO     command: tesseract --psm 0 -l osd /tmp/tmpk0ksfqmy.png stdout
07:52:32 INFO     command: tesseract -l por /tmp/tmpk0ksfqmy.png stdout tsv
07:52:35 INFO     command: tesseract --psm 0 -l osd /tmp/tmp97e82wpd.png stdout
07:52:36 INFO     command: tesseract -l por /tmp/tmp97e82wpd.png stdout tsv
07:52:38 INFO     command: tesseract --psm 0 -l osd /tmp/tmps3gv70sk.png stdout
07:52:38 INFO     command: tesseract -l por /tmp/tmps3gv70sk.png stdout tsv
07:52:40 INFO     command: tesseract --psm 0 -l osd /tmp/tmpc10wimee.png stdout
07:52:41 INFO     command: tesseract -l por /tmp/tmpc10wimee.png stdout tsv
07:52:43 INFO     command: tesseract --psm 0 -l osd /tmp/tmpqqqynv3i.png stdout
07:52:44 INFO     command: tesseract -l por /tmp/tmpqqqynv3i.png stdout tsv
07:53:01 INFO     command: tesseract --psm 0 -l osd /tmp/tmpm43s1o7g.png stdout
07:53:02 INFO     command: tesseract -l por /tmp/tmpm43s1o7g.png stdout tsv
07:53:04 INFO     command: tesseract --psm 0 -l osd /tmp/tmpj6pne2rl.png stdout
07:53:04 INFO     command: tesseract -l por /tmp/tmpj6pne2rl.png stdout tsv
07:53:07 INFO     command: tesseract --psm 0 -l osd /tmp/tmpo2w4amsd.png stdout
07:53:07 INFO     command: tesseract -l por /tmp/tmpo2w4amsd.png stdout tsv
07:53:10 INFO     command: tesseract --psm 0 -l osd /tmp/tmp2sspwy24.png stdout
07:53:11 INFO     command: tesseract -l por /tmp/tmp2sspwy24.png stdout tsv
07:53:18 INFO     command: tesseract --psm 0 -l osd /tmp/tmp2ajrdl3b.png stdout
07:53:19 INFO     command: tesseract -l por /tmp/tmp2ajrdl3b.png stdout tsv
07:53:26 INFO     Finished converting document iti_doc_diretivo_assinado-1_tarjado.pdf in 58.44 sec.
07:53:26 INFO       pixel_budget (Docling) iti_doc_diretivo_assinado-1_tarjado.pdf: 8.0% (área tabelas/5516339 px²)
07:53:26 INFO     [13/15] ✓ ITI       :    6 entregas | 58.5s | ETA ~1min
07:53:26 INFO     [14/15] → sgpr_ptd_2025_2027_anexo_de_entregas_assinado-copia_tarjada.pdf
07:53:26 INFO     detected formats: [<InputFormat.PDF: 'pdf'>]
07:53:26 INFO     Going to convert document batch...
07:53:26 INFO     Processing document sgpr_ptd_2025_2027_anexo_de_entregas_assinado-copia_tarjada.pdf
07:53:26 INFO     command: tesseract --psm 0 -l osd /tmp/tmpi89mjbii.png stdout
07:53:27 INFO     command: tesseract -l por /tmp/tmpi89mjbii.png stdout tsv
07:53:30 INFO     command: tesseract --psm 0 -l osd /tmp/tmp_yphg5ef.png stdout
07:53:31 INFO     command: tesseract -l por /tmp/tmp_yphg5ef.png stdout tsv
07:53:43 INFO     Finished converting document sgpr_ptd_2025_2027_anexo_de_entregas_assinado-copia_tarjada.pdf in 17.73 sec.
07:53:43 INFO       pixel_budget (Docling) sgpr_ptd_2025_2027_anexo_de_entregas_assinado-copia_tarjada.pdf: 29.5% (área tabelas/1002424 px²)
07:53:43 INFO     [14/15] ✓ SGPR      :   18 entregas | 17.7s | ETA ~48s
07:53:43 INFO     [15/15] → sgpr_ptd_2026_2027_docdiretivo_assinado-copia_tarjada.pdf
07:53:43 INFO     detected formats: [<InputFormat.PDF: 'pdf'>]
07:53:43 INFO     Going to convert document batch...
07:53:43 INFO     Processing document sgpr_ptd_2026_2027_docdiretivo_assinado-copia_tarjada.pdf
07:54:03 INFO     Finished converting document sgpr_ptd_2026_2027_docdiretivo_assinado-copia_tarjada.pdf in 19.65 sec.
07:54:03 INFO       pixel_budget (Docling) sgpr_ptd_2026_2027_docdiretivo_assinado-copia_tarjada.pdf: 8.2% (área tabelas/5513330 px²)
07:54:03 WARNING  [15/15] ⚠ SGPR      :    0 entregas | 19.7s | ETA ~0s
07:54:03 INFO     261 registros | 7 órgãos
07:54:03 INFO     ╔══════════════════════════════════════════════════════════════╗
07:54:03 INFO     ║                  ENTREGAS — fase concluída                   ║
07:54:03 INFO     ║  Processados: 15    |  ✓ 11  ⚠ 4                             ║
07:54:03 INFO     ║  Duração: 11.5 min                                           ║
07:54:03 INFO     ║  261 registros | 7 órgãos                                    ║
07:54:03 INFO     ╚══════════════════════════════════════════════════════════════╝
07:54:03 INFO     [1/7] → agu_ptd_2025_2027_docdiretivo_assinado_assinado_assinado-copia_tarjada.pdf
07:54:03 INFO     detected formats: [<InputFormat.PDF: 'pdf'>]
07:54:03 INFO     Going to convert document batch...
07:54:03 INFO     Processing document agu_ptd_2025_2027_docdiretivo_assinado_assinado_assinado-copia_tarjada.pdf
07:54:03 INFO     command: tesseract --psm 0 -l osd /tmp/tmp3c7vbvcj.png stdout
07:54:04 INFO     command: tesseract -l por /tmp/tmp3c7vbvcj.png stdout tsv
07:54:06 INFO     command: tesseract --psm 0 -l osd /tmp/tmp9qavd4xk.png stdout
07:54:07 INFO     command: tesseract -l por /tmp/tmp9qavd4xk.png stdout tsv
07:54:11 INFO     command: tesseract --psm 0 -l osd /tmp/tmpf3s2pq_j.png stdout
07:54:11 INFO     command: tesseract -l por /tmp/tmpf3s2pq_j.png stdout tsv
07:54:14 INFO     command: tesseract --psm 0 -l osd /tmp/tmpr2ogw7mt.png stdout
07:54:14 INFO     command: tesseract -l por /tmp/tmpr2ogw7mt.png stdout tsv
07:54:17 INFO     command: tesseract --psm 0 -l osd /tmp/tmpml7rt96k.png stdout
07:54:17 INFO     command: tesseract -l por /tmp/tmpml7rt96k.png stdout tsv
07:54:20 INFO     command: tesseract --psm 0 -l osd /tmp/tmp8nkf2t3_.png stdout
07:54:21 INFO     command: tesseract -l por /tmp/tmp8nkf2t3_.png stdout tsv
07:54:32 INFO     command: tesseract --psm 0 -l osd /tmp/tmpvpaa54ad.png stdout
07:54:32 INFO     command: tesseract -l por /tmp/tmpvpaa54ad.png stdout tsv
07:54:35 INFO     command: tesseract --psm 0 -l osd /tmp/tmptvxnokxr.png stdout
07:54:35 INFO     command: tesseract -l por /tmp/tmptvxnokxr.png stdout tsv
07:54:38 INFO     command: tesseract --psm 0 -l osd /tmp/tmp4smxiue5.png stdout
07:54:38 INFO     command: tesseract -l por /tmp/tmp4smxiue5.png stdout tsv
07:54:41 INFO     command: tesseract --psm 0 -l osd /tmp/tmpnch8ndiv.png stdout
07:54:42 INFO     command: tesseract -l por /tmp/tmpnch8ndiv.png stdout tsv
07:54:54 INFO     command: tesseract --psm 0 -l osd /tmp/tmpqybd4p3u.png stdout
07:54:55 INFO     command: tesseract -l por /tmp/tmpqybd4p3u.png stdout tsv
07:54:59 INFO     Finished converting document agu_ptd_2025_2027_docdiretivo_assinado_assinado_assinado-copia_tarjada.pdf in 56.04 sec.
07:54:59 INFO     [1/7] ✓ AGU       :   7 riscos | 56.0s | ETA ~5min
07:54:59 INFO     [2/7] → documento-diretivo-mcom-_-ptd-25_27-copia_tarjada.pdf
07:54:59 INFO     detected formats: [<InputFormat.PDF: 'pdf'>]
07:54:59 INFO     Going to convert document batch...
07:54:59 INFO     Processing document documento-diretivo-mcom-_-ptd-25_27-copia_tarjada.pdf
07:55:00 INFO     command: tesseract --psm 0 -l osd /tmp/tmp3m4dsiu8.png stdout
07:55:00 INFO     command: tesseract -l por /tmp/tmp3m4dsiu8.png stdout tsv
07:55:03 INFO     command: tesseract --psm 0 -l osd /tmp/tmphoyr4cui.png stdout
07:55:04 INFO     command: tesseract -l por /tmp/tmphoyr4cui.png stdout tsv
07:55:10 INFO     command: tesseract --psm 0 -l osd /tmp/tmpvjv3ayox.png stdout
07:55:11 INFO     command: tesseract -l por /tmp/tmpvjv3ayox.png stdout tsv
07:55:12 INFO     command: tesseract --psm 0 -l osd /tmp/tmpx2c9gqb6.png stdout
07:55:13 INFO     command: tesseract -l por /tmp/tmpx2c9gqb6.png stdout tsv
07:55:15 INFO     command: tesseract --psm 0 -l osd /tmp/tmpoqtoj_q9.png stdout
07:55:16 INFO     command: tesseract -l por /tmp/tmpoqtoj_q9.png stdout tsv
07:55:18 INFO     command: tesseract --psm 0 -l osd /tmp/tmpf7fm56ah.png stdout
07:55:20 INFO     command: tesseract -l por /tmp/tmpf7fm56ah.png stdout tsv
07:55:31 INFO     command: tesseract --psm 0 -l osd /tmp/tmpanlpsead.png stdout
07:55:32 INFO     command: tesseract -l por /tmp/tmpanlpsead.png stdout tsv
07:55:35 INFO     command: tesseract --psm 0 -l osd /tmp/tmp5jr2y3jl.png stdout
07:55:36 INFO     command: tesseract -l por /tmp/tmp5jr2y3jl.png stdout tsv
07:55:38 INFO     command: tesseract --psm 0 -l osd /tmp/tmpaw4klyxq.png stdout
07:55:39 INFO     command: tesseract -l por /tmp/tmpaw4klyxq.png stdout tsv
07:55:41 INFO     command: tesseract --psm 0 -l osd /tmp/tmplvc4zdiq.png stdout
07:55:42 INFO     command: tesseract -l por /tmp/tmplvc4zdiq.png stdout tsv
07:55:47 INFO     command: tesseract --psm 0 -l osd /tmp/tmphv9a57uf.png stdout
07:55:48 INFO     command: tesseract -l por /tmp/tmphv9a57uf.png stdout tsv
07:55:53 INFO     command: tesseract --psm 0 -l osd /tmp/tmp5_kjp5_m.png stdout
07:55:54 INFO     command: tesseract -l por /tmp/tmp5_kjp5_m.png stdout tsv
07:55:56 INFO     command: tesseract --psm 0 -l osd /tmp/tmpvpwuigda.png stdout
07:55:57 INFO     command: tesseract -l por /tmp/tmpvpwuigda.png stdout tsv
07:55:59 INFO     command: tesseract --psm 0 -l osd /tmp/tmp5hwerv67.png stdout
07:56:00 INFO     command: tesseract -l por /tmp/tmp5hwerv67.png stdout tsv
07:56:06 INFO     Finished converting document documento-diretivo-mcom-_-ptd-25_27-copia_tarjada.pdf in 66.69 sec.
07:56:06 INFO     [2/7] ✓ MCOM      :  14 riscos | 66.7s | ETA ~5min
07:56:06 INFO     [3/7] → fiocruz_novo-ptd_2-1_docdiretivo_repactuacao_2024-2026_assinado_assinado-copia_tarjada.pdf
07:56:06 INFO     detected formats: [<InputFormat.PDF: 'pdf'>]
07:56:06 INFO     Going to convert document batch...
07:56:06 INFO     Processing document fiocruz_novo-ptd_2-1_docdiretivo_repactuacao_2024-2026_assinado_assinado-copia_tarjada.pdf
07:56:24 INFO     Finished converting document fiocruz_novo-ptd_2-1_docdiretivo_repactuacao_2024-2026_assinado_assinado-copia_tarjada.pdf in 17.81 sec.
07:56:24 INFO     [3/7] ✓ FIOCRUZ   :   6 riscos | 17.8s | ETA ~3min
07:56:24 INFO     [4/7] → funai_ptd_2025_2027_docdiretivo_assinado-1_tarjado.pdf
07:56:24 INFO     detected formats: [<InputFormat.PDF: 'pdf'>]
07:56:24 INFO     Going to convert document batch...
07:56:24 INFO     Processing document funai_ptd_2025_2027_docdiretivo_assinado-1_tarjado.pdf
07:56:25 INFO     command: tesseract --psm 0 -l osd /tmp/tmpws9yar85.png stdout
07:56:25 INFO     command: tesseract -l por /tmp/tmpws9yar85.png stdout tsv
07:56:27 INFO     command: tesseract --psm 0 -l osd /tmp/tmpa0f8piey.png stdout
07:56:28 INFO     command: tesseract -l por /tmp/tmpa0f8piey.png stdout tsv
07:56:32 INFO     command: tesseract --psm 0 -l osd /tmp/tmpqmkw_pym.png stdout
07:56:32 INFO     command: tesseract -l por /tmp/tmpqmkw_pym.png stdout tsv
07:56:34 INFO     command: tesseract --psm 0 -l osd /tmp/tmphkwvk0_q.png stdout
07:56:35 INFO     command: tesseract -l por /tmp/tmphkwvk0_q.png stdout tsv
07:56:37 INFO     command: tesseract --psm 0 -l osd /tmp/tmp4zy82uhq.png stdout
07:56:37 INFO     command: tesseract -l por /tmp/tmp4zy82uhq.png stdout tsv
07:56:40 INFO     command: tesseract --psm 0 -l osd /tmp/tmp4jarcmjv.png stdout
07:56:41 INFO     command: tesseract -l por /tmp/tmp4jarcmjv.png stdout tsv
07:56:52 INFO     command: tesseract --psm 0 -l osd /tmp/tmpzezuqtk5.png stdout
07:56:52 INFO     command: tesseract -l por /tmp/tmpzezuqtk5.png stdout tsv
07:56:54 INFO     command: tesseract --psm 0 -l osd /tmp/tmp3duoqmf3.png stdout
07:56:55 INFO     command: tesseract -l por /tmp/tmp3duoqmf3.png stdout tsv
07:56:56 INFO     command: tesseract --psm 0 -l osd /tmp/tmp17tlfawa.png stdout
07:56:57 INFO     command: tesseract -l por /tmp/tmp17tlfawa.png stdout tsv
07:56:58 INFO     command: tesseract --psm 0 -l osd /tmp/tmpzlvqkd53.png stdout
07:57:00 INFO     command: tesseract -l por /tmp/tmpzlvqkd53.png stdout tsv
07:57:13 INFO     command: tesseract --psm 0 -l osd /tmp/tmpjout4yfs.png stdout
07:57:14 INFO     command: tesseract -l por /tmp/tmpjout4yfs.png stdout tsv
07:57:21 INFO     command: tesseract --psm 0 -l osd /tmp/tmpzvlj566x.png stdout
07:57:22 INFO     command: tesseract -l por /tmp/tmpzvlj566x.png stdout tsv
07:57:24 INFO     command: tesseract --psm 0 -l osd /tmp/tmpqqiamxle.png stdout
07:57:24 INFO     command: tesseract -l por /tmp/tmpqqiamxle.png stdout tsv
07:57:31 INFO     Finished converting document funai_ptd_2025_2027_docdiretivo_assinado-1_tarjado.pdf in 67.10 sec.
07:57:31 INFO     [4/7] ✓ FUNAI     :  15 riscos | 67.1s | ETA ~2min
07:57:31 INFO     [5/7] → incra_ptd_docdiretivo__assinado-1_assinado_assinado-copia_tarjada.pdf
07:57:31 INFO     detected formats: [<InputFormat.PDF: 'pdf'>]
07:57:31 INFO     Going to convert document batch...
07:57:31 INFO     Processing document incra_ptd_docdiretivo__assinado-1_assinado_assinado-copia_tarjada.pdf
07:57:32 INFO     command: tesseract --psm 0 -l osd /tmp/tmp00_614_s.png stdout
07:57:32 INFO     command: tesseract -l por /tmp/tmp00_614_s.png stdout tsv
07:57:35 INFO     command: tesseract --psm 0 -l osd /tmp/tmpk_tnmk4r.png stdout
07:57:36 INFO     command: tesseract -l por /tmp/tmpk_tnmk4r.png stdout tsv
07:57:41 INFO     command: tesseract --psm 0 -l osd /tmp/tmp54fj4q9b.png stdout
07:57:42 INFO     command: tesseract -l por /tmp/tmp54fj4q9b.png stdout tsv
07:57:44 INFO     command: tesseract --psm 0 -l osd /tmp/tmp2y_6_45w.png stdout
07:57:45 INFO     command: tesseract -l por /tmp/tmp2y_6_45w.png stdout tsv
07:57:47 INFO     command: tesseract --psm 0 -l osd /tmp/tmpcwf1_a82.png stdout
07:57:47 INFO     command: tesseract -l por /tmp/tmpcwf1_a82.png stdout tsv
07:57:49 INFO     command: tesseract --psm 0 -l osd /tmp/tmpivff3crt.png stdout
07:57:51 INFO     command: tesseract -l por /tmp/tmpivff3crt.png stdout tsv
07:58:05 INFO     command: tesseract --psm 0 -l osd /tmp/tmp7fk541fb.png stdout
07:58:06 INFO     command: tesseract -l por /tmp/tmp7fk541fb.png stdout tsv
07:58:07 INFO     command: tesseract --psm 0 -l osd /tmp/tmpmnmm9e5u.png stdout
07:58:08 INFO     command: tesseract -l por /tmp/tmpmnmm9e5u.png stdout tsv
07:58:10 INFO     command: tesseract --psm 0 -l osd /tmp/tmpcuwyyvzz.png stdout
07:58:11 INFO     command: tesseract -l por /tmp/tmpcuwyyvzz.png stdout tsv
07:58:12 INFO     command: tesseract --psm 0 -l osd /tmp/tmpf51oom7n.png stdout
07:58:14 INFO     command: tesseract -l por /tmp/tmpf51oom7n.png stdout tsv
07:58:17 INFO     command: tesseract --psm 0 -l osd /tmp/tmp68ag2awy.png stdout
07:58:18 INFO     command: tesseract -l por /tmp/tmp68ag2awy.png stdout tsv
07:58:28 INFO     command: tesseract --psm 0 -l osd /tmp/tmpc290tzh5.png stdout
07:58:29 INFO     command: tesseract -l por /tmp/tmpc290tzh5.png stdout tsv
07:58:31 INFO     command: tesseract --psm 0 -l osd /tmp/tmpt8f1dhsj.png stdout
07:58:32 INFO     command: tesseract -l por /tmp/tmpt8f1dhsj.png stdout tsv
07:58:39 INFO     Finished converting document incra_ptd_docdiretivo__assinado-1_assinado_assinado-copia_tarjada.pdf in 68.67 sec.
07:58:39 INFO     [5/7] ✓ INCRA     :  15 riscos | 68.7s | ETA ~1min
07:58:39 INFO     [6/7] → iti_doc_diretivo_assinado-1_tarjado.pdf
07:58:39 INFO     detected formats: [<InputFormat.PDF: 'pdf'>]
07:58:39 INFO     Going to convert document batch...
07:58:39 INFO     Processing document iti_doc_diretivo_assinado-1_tarjado.pdf
07:58:40 INFO     command: tesseract --psm 0 -l osd /tmp/tmpp8ori589.png stdout
07:58:40 INFO     command: tesseract -l por /tmp/tmpp8ori589.png stdout tsv
07:58:42 INFO     command: tesseract --psm 0 -l osd /tmp/tmp5b6fcwn4.png stdout
07:58:44 INFO     command: tesseract -l por /tmp/tmp5b6fcwn4.png stdout tsv
07:58:48 INFO     command: tesseract --psm 0 -l osd /tmp/tmppze4nj1x.png stdout
07:58:49 INFO     command: tesseract -l por /tmp/tmppze4nj1x.png stdout tsv
07:58:50 INFO     command: tesseract --psm 0 -l osd /tmp/tmp4mmqu53x.png stdout
07:58:51 INFO     command: tesseract -l por /tmp/tmp4mmqu53x.png stdout tsv
07:58:53 INFO     command: tesseract --psm 0 -l osd /tmp/tmp_8fo7zhk.png stdout
07:58:54 INFO     command: tesseract -l por /tmp/tmp_8fo7zhk.png stdout tsv
07:58:56 INFO     command: tesseract --psm 0 -l osd /tmp/tmps8tgrwyj.png stdout
07:58:57 INFO     command: tesseract -l por /tmp/tmps8tgrwyj.png stdout tsv
07:59:11 INFO     command: tesseract --psm 0 -l osd /tmp/tmp9292plqm.png stdout
07:59:12 INFO     command: tesseract -l por /tmp/tmp9292plqm.png stdout tsv
07:59:14 INFO     command: tesseract --psm 0 -l osd /tmp/tmp9ckg6ngk.png stdout
07:59:14 INFO     command: tesseract -l por /tmp/tmp9ckg6ngk.png stdout tsv
07:59:17 INFO     command: tesseract --psm 0 -l osd /tmp/tmp11rbdmgb.png stdout
07:59:17 INFO     command: tesseract -l por /tmp/tmp11rbdmgb.png stdout tsv
07:59:20 INFO     command: tesseract --psm 0 -l osd /tmp/tmpjfeu_i63.png stdout
07:59:21 INFO     command: tesseract -l por /tmp/tmpjfeu_i63.png stdout tsv
07:59:29 INFO     command: tesseract --psm 0 -l osd /tmp/tmphakfgzxn.png stdout
07:59:30 INFO     command: tesseract -l por /tmp/tmphakfgzxn.png stdout tsv
07:59:36 INFO     Finished converting document iti_doc_diretivo_assinado-1_tarjado.pdf in 56.31 sec.
07:59:36 INFO     [6/7] ✓ ITI       :  14 riscos | 56.3s | ETA ~55s
07:59:36 INFO     [7/7] → sgpr_ptd_2026_2027_docdiretivo_assinado-copia_tarjada.pdf
07:59:36 INFO     detected formats: [<InputFormat.PDF: 'pdf'>]
07:59:36 INFO     Going to convert document batch...
07:59:36 INFO     Processing document sgpr_ptd_2026_2027_docdiretivo_assinado-copia_tarjada.pdf
07:59:55 INFO     Finished converting document sgpr_ptd_2026_2027_docdiretivo_assinado-copia_tarjada.pdf in 19.69 sec.
07:59:55 INFO     [7/7] ✓ SGPR      :  10 riscos | 19.7s | ETA ~0s
07:59:55 INFO     ╔══════════════════════════════════════════════════════════════╗
07:59:55 INFO     ║                   RISCOS — fase concluída                    ║
07:59:55 INFO     ║  Processados: 7     |  ✓ 7  ⚠ 0                              ║
07:59:55 INFO     ║  Duração: 5.9 min                                            ║
07:59:55 INFO     ║  81 riscos | 7 órgãos                                        ║
07:59:55 INFO     ╚══════════════════════════════════════════════════════════════╝
07:59:55 INFO     81 riscos | 0 ações | 135 relações
07:59:55 INFO     ptd_corpus_raw                     : 261 linhas
07:59:55 INFO     ptd_pivot_eixos                    : 7 linhas
07:59:59 INFO     ptd_datas_assinatura               : 132 linhas
07:59:59 INFO     ptd_riscos                         : 81 linhas
07:59:59 INFO     ptd_riscos_acoes                   : 135 linhas
07:59:59 INFO     Manifesto salvo: pipeline_manifest.json | SHA-256 de 132 PDFs
07:59:59 INFO     ==================================================
07:59:59 INFO     PTD-BR v3.0-melhorado — PIPELINE CONCLUÍDO
07:59:59 INFO     ==================================================
07:59:59 INFO     ptd_corpus_raw.csv                        160 KB
07:59:59 INFO     ptd_pivot_eixos.csv                         0 KB
07:59:59 INFO     ptd_datas_assinatura.csv                    9 KB
07:59:59 INFO     ptd_riscos.csv                             23 KB
07:59:59 INFO     ptd_riscos_acoes.csv                        2 KB
07:59:59 INFO     proveniencia.json                           0 KB
07:59:59 INFO     pipeline_manifest.json                     20 KB
07:59:59 INFO     📦 Artefatos: https://github.com/freirelucas/teste/actions/runs/23996929863
07:59:59 INFO     ==================================================
