00:59:49 INFO     Docling disponível
00:59:49 WARNING  OCR fallback indisponível (IndentationError: unexpected indent (ptd_ocr_fallback.py, line 45))
00:59:50 INFO     Ignorado (guia/template/norma): ABNT-NBR-17225-Acessibilidade-Digital.pdf
00:59:50 INFO     Ignorado (guia/template/norma): cgrep-guia10passos-ptd-orgao.pdf
00:59:50 INFO     Ignorado (guia/template/norma): ABNT-NBR-17225-Acessibilidade-Digital.pdf
00:59:50 INFO     Scraping: 132 PDFs únicos | entregas: 68 | diretivos: 61
00:59:50 INFO     Baixando 132 PDFs únicos...
00:59:52 INFO     ✓ [  1/132] abin_ptd_anexo_de_entregas_assinado_pelo_orgao_ass   293.3KB
00:59:55 INFO     ✓ [  2/132] aeb_ptd_2025_2027_docdiretivo_aprovado_assinado-1_  1033.7KB
00:59:57 INFO     ✓ [  3/132] aeb_ptd_2025_2027_anexo_de_entregas_aprovado_assin   154.5KB
01:00:03 INFO     ✓ [  4/132] agu_ptd_2025_2027_docdiretivo_assinado_assinado_as  2860.3KB
01:00:05 INFO     ✓ [  5/132] agu_ptd_2025_2027_anexo_de_entregas_assinado_assin   525.5KB
01:00:08 INFO     ✓ [  6/132] ana_ptd_2025_2027_docdiretivo_assinado_assinado_as   477.2KB
01:00:10 INFO     ✓ [  7/132] ana_ptd_2025_2027_anexoentregas_assinado_assinado_   170.9KB
01:00:14 INFO     ✓ [  8/132] anac_ptd_2025_2026_docdiretivo_se_assinado_tarjado  1036.3KB
01:00:16 INFO     ✓ [  9/132] anac_ptd_2025_2026_anexo_de_entregas_se_assinado.p   215.2KB
01:00:19 INFO     ✓ [ 10/132] anatel_ptd_docdiretivo_assinado_2025_2026_assinado  1006.0KB
01:00:21 INFO     ✓ [ 11/132] anatel_ptd_2025_2026_anexo_de_entregas_do_ptd_publ    71.9KB
01:00:24 INFO     ✓ [ 12/132] ancine_ptd_2024_2026_docdiretivo_assinado-2_assina   961.8KB
01:00:27 INFO     ✓ [ 13/132] ancine_ptd_2024_2026_-_anexo_de_entregas_aprovado_   613.2KB
01:00:30 INFO     ✓ [ 14/132] ptd_aneel_2025-2027_docdiretivo_assinado_tarjado.p   779.6KB
01:00:32 INFO     ✓ [ 15/132] ptd_aneel_2025-2027_anexo_de_entregas_assinado.pdf   111.9KB
01:00:36 INFO     ✓ [ 16/132] anm_ptd_2025_2027_docdiretivo_assinadopeloorgao_ta  1092.5KB
01:00:39 INFO     ✓ [ 17/132] anm_ptd_2025_2027_anexo_entregas_assinadopeloorgao  1140.4KB
01:00:42 INFO     ✓ [ 18/132] anpd_ptd_2025_2027_docdiretivo_assinado_assinado_a  1044.3KB
01:00:44 INFO     ✓ [ 19/132] anpd_ptd_2025_2027_anexo_de_entregas_assinado_assi   166.5KB
01:00:48 INFO     ✓ [ 20/132] ans-plano_de_transformacao_digital_assinado-copia_  1023.4KB
01:00:50 INFO     ✓ [ 21/132] ans_ptd_2025_2026_anexo_de_entregas_assinado_assin   124.1KB
01:00:53 INFO     ✓ [ 22/132] antaq_ptd_2025_2027_docdiretivo_assinado_assinado_  1039.8KB
01:00:55 INFO     ✓ [ 23/132] antaq_ptd_2025_2027_anexoentregas_assinado_assinad   145.1KB
01:00:57 INFO     ✓ [ 24/132] mt_anexo_de_entregas_-_assinado_assinado_assinado_   143.6KB
01:01:06 INFO     ✓ [ 25/132] anvisa_ptd_docdiretivo_2025-2026_assinado_assinado  5771.2KB
01:01:08 INFO     ✓ [ 26/132] anvisa_ptd_anexo_de_entregas_2025_2026_assinado_as   239.0KB
01:01:11 INFO     ✓ [ 27/132] bcb_documento_diretivo_assinado_assinado_assinado-   713.7KB
01:01:13 INFO     ✓ [ 28/132] bcb_anexo_de_entregas_ptd_25_26-1_assinado_assinad   134.8KB
01:01:17 INFO     ✓ [ 29/132] cade_ptd_docdiretivo_2025_2026_assinado-2_assinado   810.4KB
01:01:19 INFO     ✓ [ 30/132] cade_ptd_anexo_de_entregas_2025_2026_assinado_copi   504.0KB
01:01:22 INFO     ✓ [ 31/132] mec_ptd_docdiretivo_2025-2026_sei_mec-5566673_copi   863.1KB
01:01:25 INFO     ✓ [ 32/132] mec_ptd_anexo-de-entregas_sei_mec-5576401_copia_ta   495.7KB
01:01:29 INFO     ✓ [ 33/132] mec_ptd_docdiretivo-versao-comunicacao_copia_tarja  1616.5KB
01:01:31 INFO     ✓ [ 34/132] md_ptd_2026_2027_anexo_de_entregas_assinado_assina   579.4KB
01:01:34 INFO     ✓ [ 35/132] md_ptd_2026_2027_anexo_de_entregas_assinado_assina   186.8KB
01:01:36 INFO     ✓ [ 36/132] md_ptd_temp_copia_tarjada.pdf                        741.9KB
01:01:40 INFO     ✓ [ 37/132] cgu_ptd_docdiretivo_assinado_assinado_assinado-cop  1085.4KB
01:01:42 INFO     ✓ [ 38/132] cgu_ptd_anexo_de_entregas_pactuadas_assinado_assin   514.1KB
01:01:45 INFO     ✓ [ 39/132] cnpq_ptd_2025_2027_docdiretivo_assinado_assinado_a   342.9KB
01:01:47 INFO     ✓ [ 40/132] cnpq_ptd_2025_2027_anexo_de_entregas_assinado_assi   136.1KB
01:01:50 INFO     ✓ [ 41/132] coaf_ptd_2025_2026_documento_diretivo_assinado_ass  1068.0KB
01:01:56 INFO     ✓ [ 42/132] coaf_ptd_2025_2026_anexo_de_entregas-2_assinado_as  3184.5KB
01:02:02 INFO     ✓ [ 43/132] ptd_midr-docdiretivo_aprovado_assinado_tarjado.pdf  3864.1KB
01:02:05 INFO     ✓ [ 44/132] ptd_midr_-_anexo_de_entregas_-_aprovado_assinado.p  1122.0KB
01:02:08 INFO     ✓ [ 45/132] mda-documento-diretivo-assinado_ptd-2025-207-copia   955.8KB
01:02:11 INFO     ✓ [ 46/132] cvm_ptd_2025_2027_docdiretivo_assinado_assinado_as   270.5KB
01:02:13 INFO     ✓ [ 47/132] cvm_ptd_2025_2027_anexoentregas_assinado_assinado_   409.0KB
01:02:16 INFO     ✓ [ 48/132] dnocs_ptd_doc_diretivo_2025_2026_assinado_orgao-2_   891.1KB
01:02:19 INFO     ✓ [ 49/132] dnocs_anexo_de_entregas_repactuado_2025_2026_assin   272.3KB
01:02:24 INFO     ✓ [ 50/132] fbn_ptd_2025_2027_docdiretivo_assinado-1_tarjado.p  2921.6KB
01:02:26 INFO     ✓ [ 51/132] fbn_ptd_2025_2027_anexo_de_entregas_assinado-1.pdf   162.3KB
01:02:30 INFO     ✓ [ 52/132] fcp_ptd_2025_2027_docdiretivo_assinado-1_tarjado.p  1612.0KB
01:02:32 INFO     ✓ [ 53/132] fcp_ptd_2025_2027_anexo_de_entregas_assinado-1.pdf   118.8KB
01:02:35 INFO     ✓ [ 54/132] fcrb_ptd_2025_2026_docdiretivo_aprovado_assinado-1   998.2KB
01:02:38 INFO     ✓ [ 55/132] fcrb_ptd_2025_2026_anexo_de_entregas_aprovado_assi   313.5KB
01:02:41 INFO     ✓ [ 56/132] fiocruz_novo-ptd_2-1_docdiretivo_repactuacao_2024-  1318.1KB
01:02:44 INFO     ✓ [ 57/132] fiocruz_ptd_anexo_de_entregas_assinado_v1_assinado   257.1KB
01:02:48 INFO     ✓ [ 58/132] fiocruz-ptd-06_2024-copia_tarjada.pdf               1693.8KB
01:02:52 INFO     ✓ [ 59/132] funai_ptd_2025_2027_docdiretivo_assinado-1_tarjado  1842.1KB
01:02:54 INFO     ✓ [ 60/132] funai_anexo_de_entregas_repactuado_2026_2027_assin   435.7KB
01:02:57 INFO     ✓ [ 61/132] funarte_ptd_docdiretivo_assinado_21_01_2025_assina   965.7KB
01:03:00 INFO     ✓ [ 62/132] funarte_ptd_anexo_de_entregas_assinado_v1_assinado   683.6KB
01:03:03 INFO     ✓ [ 63/132] fundacentro_ptd_2025_2027_docdiretivo_assinado_ass   826.6KB
01:03:06 INFO     ✓ [ 64/132] fundacentro_ptd_2025_2027_anexo_de_entregas_assina   635.5KB
01:03:09 INFO     ✓ [ 65/132] mma_ptd_docdiretivo_assinado_2025_2026-1_assinado_   949.3KB
01:03:11 INFO     ✓ [ 66/132] mma_ptd_anexo_de_entregas_aprovado_final_assinado_   174.8KB
01:03:14 INFO     ✓ [ 67/132] ibge_docdiretivo_2025_assinado_assinado_assinado-c  1167.3KB
01:03:17 INFO     ✓ [ 68/132] ibge_ptd_25_26_anexo_de_entregas_modelo_v2-1_assin   143.7KB
01:03:27 INFO     ✓ [ 69/132] incra_ptd_docdiretivo__assinado-1_assinado_assinad  7182.0KB
01:03:31 INFO     ✓ [ 70/132] incra_anexo_de_entregas_assinado-1_assinado_assina  1818.6KB
01:03:36 INFO     ✓ [ 71/132] inpi_ptd_docdiretivo_assinado_2025_2026_assinado_a  3322.4KB
01:03:41 INFO     ✓ [ 72/132] inpi_ptd_anexo_de_entregas_assinado_v1_assinado_as  3078.1KB
01:03:45 INFO     ✓ [ 73/132] inss_ptd_2025_2027_docdiretivo-assinado-copia_tarj  1173.3KB
01:03:47 INFO     ✓ [ 74/132] inss_ptd_2025_2027_anexo_de_entregas-assinado-copi   110.8KB
01:03:50 INFO     ✓ [ 75/132] iphan_ptd_docdiretivo_assinado_2025_2026_assinado_   885.7KB
01:03:52 INFO     ✓ [ 76/132] iphan_ptd_anexo_de_entregas_assinado_v1_assinado_a   310.9KB
01:04:00 INFO     ✓ [ 77/132] iti_doc_diretivo_assinado-1_tarjado.pdf             4905.1KB
01:04:02 INFO     ✓ [ 78/132] iti_anexo_de_entregas_assinado.pdf                   556.4KB
01:04:06 INFO     ✓ [ 79/132] mapa_ptd_2025_2027_docdiretivo_assinado-1_tarjado.  1740.9KB
01:04:09 INFO     ✓ [ 80/132] mapa_ptd_2025_2027_anexo_de_entregas_assinado-1.pd   261.9KB
01:04:16 INFO     ✓ [ 81/132] documento-diretivo-mcom-_-ptd-25_27-copia_tarjada.  4451.9KB
01:04:19 INFO     ✓ [ 82/132] anexo-de-entregas-mcom_ptd-25_27-copia_tarjada.pdf  1213.8KB
01:04:24 INFO     ✓ [ 83/132] ptd_21_24_mcom-copia_tarjada.pdf                    3040.7KB
01:04:28 INFO     ✓ [ 84/132] mcti_ptd_2025-2027_docdiretivo_assinado-copia_tarj  1030.7KB
01:04:30 INFO     ✓ [ 85/132] mcti_ptd_2025-2027_anexo-de-entregas_assinado-copi   145.8KB
01:04:32 INFO     ✓ [ 86/132] mda-anexo-entregas-assinado_ptd-2025-2027-copia-ta   284.6KB
01:04:35 INFO     ✓ [ 87/132] mdhc_ptd_2025_2027_docdiretivo_assinado_assinado_a   753.4KB
01:04:37 INFO     ✓ [ 88/132] mdhc_ptd_2025_2027_anexoentregas_assinado_assinado   186.8KB
01:04:40 INFO     ✓ [ 89/132] mdic_ptd_anexo_de_entregas_assinado_v1_assinado_as   176.6KB
01:04:43 INFO     ✓ [ 90/132] memp_ptd_2025_2026_docdiretivo_assinado_assinado_a  1030.1KB
01:04:45 INFO     ✓ [ 91/132] memp_ptd_2025_2026_anexo_de_entregas_assinado_assi   161.5KB
01:04:48 INFO     ✓ [ 92/132] mesp_ptd_2025_2027_docdiretivo_assinado_assinado_2  1147.7KB
01:04:51 INFO     ✓ [ 93/132] mesp_ptd_2025_2027_anexo_de_entregas_assinado_assi   226.6KB
01:04:54 INFO     ✓ [ 94/132] mf_ptd_2026_2027_documentodiretivo_assinado_assina   955.1KB
01:04:56 INFO     ✓ [ 95/132] mf_ptd_2026_2027_anexo_de_entregas_1_mf_se_assinad   241.2KB
01:04:59 INFO     ✓ [ 96/132] mgi_ptd_2025_2027_docdiretivo_assinado_assinado_as   375.2KB
01:05:01 INFO     ✓ [ 97/132] mgi_ptd_2025_2027_anexo_de_entregas_assinado_assin   256.1KB
01:05:04 INFO     ✓ [ 98/132] minc_ptd_2025_2027_docdiretivo_assinado-1_assinado   863.6KB
01:05:07 INFO     ✓ [ 99/132] minc_ptd_2025_2027_anexo_de_entregas_assinado-1_as   276.7KB
01:05:10 INFO     ✓ [100/132] mjsp_ptd_docdiretivo_assinado_2025_2026_assinado_a   954.0KB
01:05:12 INFO     ✓ [101/132] mjsp_ptd_anexo_de_entregas_assinado_v1_assinado_as   253.9KB
01:05:15 INFO     ✓ [102/132] mme_ptd_2025_2027_docdiretivo_assinado-copia_tarja   664.5KB
01:05:17 INFO     ✓ [103/132] mme_ptd_2025_2027_anexo_de_entregas_assinado__1_-c   111.1KB
01:05:21 INFO     ✓ [104/132] mmulheres_ptd_2025_2027_docdiretivo_assinado_assin  1078.3KB
01:05:23 INFO     ✓ [105/132] mmulheres_ptd_2025_2027_anexo_de_entregas_assinado   216.9KB
01:05:26 INFO     ✓ [106/132] mpi_ptd_2025_2027_docdiretivo_ministerio_dos_povos   947.9KB
01:05:28 INFO     ✓ [107/132] mpi_ptd_anexo_de_entregas_do_plano_de_tranformacao   191.9KB
01:05:31 INFO     ✓ [108/132] mpo_ptd_docdiretivo_assinado_2025_2026_assinado_as   806.3KB
01:05:34 INFO     ✓ [109/132] mpo_ptd_anexo_de_entregas_assinado_v1_assinado_ass   323.2KB
01:05:37 INFO     ✓ [110/132] mpor_ptd_2025_2027_docdiretivo_assinado_assinado_a   876.5KB
01:05:39 INFO     ✓ [111/132] mpor_ptd_2025_2027_anexo_de_entregas_assinado_assi   175.1KB
01:05:43 INFO     ✓ [112/132] mps_ptd_2025-2026_docdiretivo_final_assinado-1_ass  1024.4KB
01:05:45 INFO     ✓ [113/132] mps_ptd_2025-2026_anexo_de_entregas_final_assinado   165.0KB
01:05:48 INFO     ✓ [114/132] mre_ptd_docdiretivo_assinado_2025_2026_assinado_as   760.9KB
01:05:50 INFO     ✓ [115/132] mre_ptd_anexo_de_entregas_assinado_v1_assinado_ass   233.2KB
01:05:53 INFO     ✓ [116/132] mte_ptd_2025_2026_docdiretivo_assinado_assinado_as   729.6KB
01:05:56 INFO     ✓ [117/132] mte_ptd_anexo_de_entregas_assinado_v1__281_29_assi   459.5KB
01:05:59 INFO     ✓ [118/132] mtur_ptd_docdiretiv_assinado_30_01_2025_assinado_a  1050.4KB
01:06:01 INFO     ✓ [119/132] mtur_ptd_anexo_de_entregas_assinado_30_01_2025_ass   118.8KB
01:06:05 INFO     ✓ [120/132] pf_ptd_docdiretivo_2025_2027_assinado-copia_tarjad   964.3KB
01:06:07 INFO     ✓ [121/132] pf_ptd_anexo_de_entregas_2025_2027_assinado-copia_    62.5KB
01:06:09 INFO     ✓ [122/132] mf_ptd_2026_2027_anexo_de_entregas_4_mf_pgfn_assin   466.8KB
01:06:19 INFO     ✓ [123/132] previc_plano_de_transformacao_digital_2025_2026_29  6652.7KB
01:06:21 INFO     ✓ [124/132] previc_ptd_repactuacao_2025-2026_assinado_assinado   182.9KB
01:06:24 INFO     ✓ [125/132] prf_documentodiretivo_ptd_2026-2027_assinado_tarja   535.9KB
01:06:26 INFO     ✓ [126/132] prf_anexo_de_entregas_do_ptd__2026_2027___ptd___en   157.7KB
01:06:28 INFO     ✓ [127/132] mf_ptd_2026_2027_anexo_de_entregas_2_mf_rfb_assina   253.7KB
01:06:32 INFO     ✓ [128/132] sgpr_ptd_2026_2027_docdiretivo_assinado-copia_tarj   791.2KB
01:06:35 INFO     ✓ [129/132] sgpr_ptd_2025_2027_anexo_de_entregas_assinado-copi   897.9KB
01:06:37 INFO     ✓ [130/132] mf_ptd_2026_2027_anexo_de_entregas_3_mf_stn_assina   467.8KB
01:06:41 INFO     ✓ [131/132] susep_ptd_2025_2027_docdiretivo-assinado-copia_tar  1030.1KB
01:06:43 INFO     ✓ [132/132] susep_ptd_2025-2026_anexo_de_entregas_final_assina   221.9KB
01:06:45 INFO     132 OK | 0 erros | 123.3 MB total
01:06:50 INFO     Sanity: 132 PDFs | 113 texto | 19 imagem/OCR | 0 duplicatas
01:06:50 INFO     --siglas (debug): 15 PDFs de ['AGU', 'FIOCRUZ', 'FUNAI', 'FUNDACENTRO', 'INCRA', 'ITI', 'MCOM', 'SGPR']
01:06:50 INFO     DocumentConverter instanciado (singleton × 2: plain + OCR)
01:06:50 INFO     [1/15] → agu_ptd_2025_2027_anexo_de_entregas_assinado_assinado_assinado-copia_tarjada.pdf
01:06:50 INFO     detected formats: [<InputFormat.PDF: 'pdf'>]
01:06:50 INFO     Going to convert document batch...
01:06:50 INFO     Initializing pipeline for StandardPdfPipeline with options hash bc6794697da537796efc497178f9263f
01:06:50 INFO     Loading plugin 'docling_defaults'
01:06:50 INFO     Registered picture descriptions: ['picture_description_vlm_engine', 'vlm', 'api']
01:06:50 INFO     Loading plugin 'docling_defaults'
01:06:50 INFO     Registered ocr engines: ['auto', 'easyocr', 'kserve_v2_ocr', 'ocrmac', 'rapidocr', 'tesserocr', 'tesseract']
01:06:50 INFO     command: tesseract --list-langs
01:06:50 INFO     Loading plugin 'docling_defaults'
01:06:50 INFO     Registered layout engines: ['layout_object_detection', 'docling_layout_default', 'docling_experimental_table_crops_layout']
01:06:50 INFO     Accelerator device: 'cpu'
01:06:50 INFO     HTTP Request: GET https://huggingface.co/api/models/docling-project/docling-layout-heron/revision/main "HTTP/1.1 200 OK"
01:06:50 INFO     HTTP Request: HEAD https://huggingface.co/docling-project/docling-layout-heron/resolve/8f39ad3c0b4c58e9c2d2c84a38465abf757272d8/README.md "HTTP/1.1 307 Temporary Redirect"
01:06:50 INFO     HTTP Request: HEAD https://huggingface.co/api/resolve-cache/models/docling-project/docling-layout-heron/8f39ad3c0b4c58e9c2d2c84a38465abf757272d8/README.md "HTTP/1.1 200 OK"
01:06:50 INFO     HTTP Request: HEAD https://huggingface.co/docling-project/docling-layout-heron/resolve/8f39ad3c0b4c58e9c2d2c84a38465abf757272d8/.gitattributes "HTTP/1.1 307 Temporary Redirect"
01:06:50 WARNING  Warning: You are sending unauthenticated requests to the HF Hub. Please set a HF_TOKEN to enable higher rate limits and faster downloads.
01:06:50 INFO     HTTP Request: HEAD https://huggingface.co/docling-project/docling-layout-heron/resolve/8f39ad3c0b4c58e9c2d2c84a38465abf757272d8/config.json "HTTP/1.1 307 Temporary Redirect"
01:06:50 INFO     HTTP Request: HEAD https://huggingface.co/docling-project/docling-layout-heron/resolve/8f39ad3c0b4c58e9c2d2c84a38465abf757272d8/preprocessor_config.json "HTTP/1.1 307 Temporary Redirect"
01:06:50 INFO     HTTP Request: GET https://huggingface.co/api/resolve-cache/models/docling-project/docling-layout-heron/8f39ad3c0b4c58e9c2d2c84a38465abf757272d8/README.md "HTTP/1.1 200 OK"
01:06:50 INFO     HTTP Request: HEAD https://huggingface.co/docling-project/docling-layout-heron/resolve/8f39ad3c0b4c58e9c2d2c84a38465abf757272d8/docling_heron_400.png "HTTP/1.1 307 Temporary Redirect"
01:06:50 INFO     HTTP Request: HEAD https://huggingface.co/docling-project/docling-layout-heron/resolve/8f39ad3c0b4c58e9c2d2c84a38465abf757272d8/model.safetensors "HTTP/1.1 302 Found"
01:06:50 INFO     HTTP Request: HEAD https://huggingface.co/api/resolve-cache/models/docling-project/docling-layout-heron/8f39ad3c0b4c58e9c2d2c84a38465abf757272d8/.gitattributes "HTTP/1.1 200 OK"
01:06:50 INFO     HTTP Request: HEAD https://huggingface.co/api/resolve-cache/models/docling-project/docling-layout-heron/8f39ad3c0b4c58e9c2d2c84a38465abf757272d8/config.json "HTTP/1.1 200 OK"
01:06:50 INFO     HTTP Request: HEAD https://huggingface.co/api/resolve-cache/models/docling-project/docling-layout-heron/8f39ad3c0b4c58e9c2d2c84a38465abf757272d8/preprocessor_config.json "HTTP/1.1 200 OK"
01:06:50 INFO     HTTP Request: HEAD https://huggingface.co/api/resolve-cache/models/docling-project/docling-layout-heron/8f39ad3c0b4c58e9c2d2c84a38465abf757272d8/docling_heron_400.png "HTTP/1.1 200 OK"
01:06:50 INFO     HTTP Request: GET https://huggingface.co/api/resolve-cache/models/docling-project/docling-layout-heron/8f39ad3c0b4c58e9c2d2c84a38465abf757272d8/.gitattributes "HTTP/1.1 200 OK"
01:06:50 INFO     HTTP Request: GET https://huggingface.co/api/resolve-cache/models/docling-project/docling-layout-heron/8f39ad3c0b4c58e9c2d2c84a38465abf757272d8/preprocessor_config.json "HTTP/1.1 200 OK"
01:06:50 INFO     HTTP Request: GET https://huggingface.co/api/resolve-cache/models/docling-project/docling-layout-heron/8f39ad3c0b4c58e9c2d2c84a38465abf757272d8/config.json "HTTP/1.1 200 OK"
01:06:51 INFO     HTTP Request: GET https://huggingface.co/api/resolve-cache/models/docling-project/docling-layout-heron/8f39ad3c0b4c58e9c2d2c84a38465abf757272d8/docling_heron_400.png "HTTP/1.1 200 OK"
01:06:51 INFO     HTTP Request: GET https://huggingface.co/api/models/docling-project/docling-layout-heron/xet-read-token/8f39ad3c0b4c58e9c2d2c84a38465abf757272d8 "HTTP/1.1 200 OK"
01:06:52 INFO     Loading plugin 'docling_defaults'
01:06:52 INFO     Registered table structure engines: ['docling_tableformer', 'docling_tableformer_v2']
01:06:52 INFO     HTTP Request: GET https://huggingface.co/api/models/docling-project/docling-models/revision/v2.3.0 "HTTP/1.1 200 OK"
01:06:53 INFO     HTTP Request: HEAD https://huggingface.co/docling-project/docling-models/resolve/fc0f2d45e2218ea24bce5045f58a389aed16dc23/.gitignore "HTTP/1.1 307 Temporary Redirect"
01:06:53 INFO     HTTP Request: HEAD https://huggingface.co/docling-project/docling-models/resolve/fc0f2d45e2218ea24bce5045f58a389aed16dc23/.gitattributes "HTTP/1.1 307 Temporary Redirect"
01:06:53 INFO     HTTP Request: HEAD https://huggingface.co/docling-project/docling-models/resolve/fc0f2d45e2218ea24bce5045f58a389aed16dc23/README.md "HTTP/1.1 307 Temporary Redirect"
01:06:53 INFO     HTTP Request: HEAD https://huggingface.co/docling-project/docling-models/resolve/fc0f2d45e2218ea24bce5045f58a389aed16dc23/config.json "HTTP/1.1 307 Temporary Redirect"
01:06:53 INFO     HTTP Request: HEAD https://huggingface.co/docling-project/docling-models/resolve/fc0f2d45e2218ea24bce5045f58a389aed16dc23/model_artifacts/tableformer/accurate/tm_config.json "HTTP/1.1 307 Temporary Redirect"
01:06:53 INFO     HTTP Request: HEAD https://huggingface.co/api/resolve-cache/models/docling-project/docling-models/fc0f2d45e2218ea24bce5045f58a389aed16dc23/.gitattributes "HTTP/1.1 200 OK"
01:06:53 INFO     HTTP Request: HEAD https://huggingface.co/api/resolve-cache/models/docling-project/docling-models/fc0f2d45e2218ea24bce5045f58a389aed16dc23/.gitignore "HTTP/1.1 200 OK"
01:06:53 INFO     HTTP Request: HEAD https://huggingface.co/docling-project/docling-models/resolve/fc0f2d45e2218ea24bce5045f58a389aed16dc23/model_artifacts/tableformer/accurate/tableformer_accurate.safetensors "HTTP/1.1 302 Found"
01:06:53 INFO     HTTP Request: HEAD https://huggingface.co/api/resolve-cache/models/docling-project/docling-models/fc0f2d45e2218ea24bce5045f58a389aed16dc23/README.md "HTTP/1.1 200 OK"
01:06:53 INFO     HTTP Request: HEAD https://huggingface.co/api/resolve-cache/models/docling-project/docling-models/fc0f2d45e2218ea24bce5045f58a389aed16dc23/config.json "HTTP/1.1 200 OK"
01:06:53 INFO     HTTP Request: HEAD https://huggingface.co/api/resolve-cache/models/docling-project/docling-models/fc0f2d45e2218ea24bce5045f58a389aed16dc23/model_artifacts%2Ftableformer%2Faccurate%2Ftm_config.json "HTTP/1.1 200 OK"
01:06:53 INFO     HTTP Request: HEAD https://huggingface.co/docling-project/docling-models/resolve/fc0f2d45e2218ea24bce5045f58a389aed16dc23/model_artifacts/tableformer/fast/tm_config.json "HTTP/1.1 307 Temporary Redirect"
01:06:53 INFO     HTTP Request: HEAD https://huggingface.co/docling-project/docling-models/resolve/fc0f2d45e2218ea24bce5045f58a389aed16dc23/model_artifacts/tableformer/fast/tableformer_fast.safetensors "HTTP/1.1 302 Found"
01:06:53 INFO     HTTP Request: GET https://huggingface.co/api/resolve-cache/models/docling-project/docling-models/fc0f2d45e2218ea24bce5045f58a389aed16dc23/.gitignore "HTTP/1.1 200 OK"
01:06:53 INFO     HTTP Request: HEAD https://huggingface.co/api/resolve-cache/models/docling-project/docling-models/fc0f2d45e2218ea24bce5045f58a389aed16dc23/model_artifacts%2Ftableformer%2Ffast%2Ftm_config.json "HTTP/1.1 200 OK"
01:06:53 INFO     HTTP Request: GET https://huggingface.co/api/resolve-cache/models/docling-project/docling-models/fc0f2d45e2218ea24bce5045f58a389aed16dc23/.gitattributes "HTTP/1.1 200 OK"
01:06:53 INFO     HTTP Request: GET https://huggingface.co/api/resolve-cache/models/docling-project/docling-models/fc0f2d45e2218ea24bce5045f58a389aed16dc23/config.json "HTTP/1.1 200 OK"
01:06:53 INFO     HTTP Request: GET https://huggingface.co/api/resolve-cache/models/docling-project/docling-models/fc0f2d45e2218ea24bce5045f58a389aed16dc23/README.md "HTTP/1.1 200 OK"
01:06:53 INFO     HTTP Request: GET https://huggingface.co/api/resolve-cache/models/docling-project/docling-models/fc0f2d45e2218ea24bce5045f58a389aed16dc23/model_artifacts%2Ftableformer%2Faccurate%2Ftm_config.json "HTTP/1.1 200 OK"
01:06:53 INFO     HTTP Request: GET https://huggingface.co/api/resolve-cache/models/docling-project/docling-models/fc0f2d45e2218ea24bce5045f58a389aed16dc23/model_artifacts%2Ftableformer%2Ffast%2Ftm_config.json "HTTP/1.1 200 OK"
01:06:53 INFO     HTTP Request: GET https://huggingface.co/api/models/docling-project/docling-models/xet-read-token/fc0f2d45e2218ea24bce5045f58a389aed16dc23 "HTTP/1.1 200 OK"
01:06:53 INFO     HTTP Request: GET https://huggingface.co/api/models/docling-project/docling-models/xet-read-token/fc0f2d45e2218ea24bce5045f58a389aed16dc23 "HTTP/1.1 200 OK"
01:06:54 INFO     Accelerator device: 'cpu'
01:06:54 INFO     Processing document agu_ptd_2025_2027_anexo_de_entregas_assinado_assinado_assinado-copia_tarjada.pdf
01:06:55 INFO     command: tesseract --psm 0 -l osd /tmp/tmpzjfusbq8.png stdout
01:06:56 INFO     command: tesseract -l por /tmp/tmpzjfusbq8.png stdout tsv
01:06:59 INFO     command: tesseract --psm 0 -l osd /tmp/tmpls4qj530.png stdout
01:07:00 INFO     command: tesseract -l por /tmp/tmpls4qj530.png stdout tsv
01:07:18 INFO     Finished converting document agu_ptd_2025_2027_anexo_de_entregas_assinado_assinado_assinado-copia_tarjada.pdf in 27.79 sec.
01:07:18 INFO       pixel_budget (Docling) agu_ptd_2025_2027_anexo_de_entregas_assinado_assinado_assinado-copia_tarjada.pdf: 45.8% (área tabelas/1001817 px²)
01:07:18 INFO     [1/15] ✓ AGU       :   33 entregas | 27.8s | ETA ~6min
01:07:18 INFO     [2/15] → agu_ptd_2025_2027_docdiretivo_assinado_assinado_assinado-copia_tarjada.pdf
01:07:18 INFO     detected formats: [<InputFormat.PDF: 'pdf'>]
01:07:18 INFO     Going to convert document batch...
01:07:18 INFO     Processing document agu_ptd_2025_2027_docdiretivo_assinado_assinado_assinado-copia_tarjada.pdf
01:07:19 INFO     command: tesseract --psm 0 -l osd /tmp/tmps_qisfs2.png stdout
01:07:19 INFO     command: tesseract -l por /tmp/tmps_qisfs2.png stdout tsv
01:07:21 INFO     command: tesseract --psm 0 -l osd /tmp/tmpb39rexed.png stdout
01:07:22 INFO     command: tesseract -l por /tmp/tmpb39rexed.png stdout tsv
01:07:26 INFO     command: tesseract --psm 0 -l osd /tmp/tmpc9jtplb8.png stdout
01:07:27 INFO     command: tesseract -l por /tmp/tmpc9jtplb8.png stdout tsv
01:07:29 INFO     command: tesseract --psm 0 -l osd /tmp/tmp075mf1tw.png stdout
01:07:30 INFO     command: tesseract -l por /tmp/tmp075mf1tw.png stdout tsv
01:07:32 INFO     command: tesseract --psm 0 -l osd /tmp/tmph8ubalxo.png stdout
01:07:33 INFO     command: tesseract -l por /tmp/tmph8ubalxo.png stdout tsv
01:07:35 INFO     command: tesseract --psm 0 -l osd /tmp/tmpvppz8hj9.png stdout
01:07:37 INFO     command: tesseract -l por /tmp/tmpvppz8hj9.png stdout tsv
01:07:47 INFO     command: tesseract --psm 0 -l osd /tmp/tmpx50efero.png stdout
01:07:48 INFO     command: tesseract -l por /tmp/tmpx50efero.png stdout tsv
01:07:50 INFO     command: tesseract --psm 0 -l osd /tmp/tmp66tixja3.png stdout
01:07:51 INFO     command: tesseract -l por /tmp/tmp66tixja3.png stdout tsv
01:07:53 INFO     command: tesseract --psm 0 -l osd /tmp/tmpwrvtakps.png stdout
01:07:54 INFO     command: tesseract -l por /tmp/tmpwrvtakps.png stdout tsv
01:07:56 INFO     command: tesseract --psm 0 -l osd /tmp/tmpk3wfaxqk.png stdout
01:07:57 INFO     command: tesseract -l por /tmp/tmpk3wfaxqk.png stdout tsv
01:08:12 INFO     command: tesseract --psm 0 -l osd /tmp/tmpt168yxdt.png stdout
01:08:13 INFO     command: tesseract -l por /tmp/tmpt168yxdt.png stdout tsv
01:08:16 INFO     Finished converting document agu_ptd_2025_2027_docdiretivo_assinado_assinado_assinado-copia_tarjada.pdf in 58.14 sec.
01:08:16 INFO       pixel_budget (Docling) agu_ptd_2025_2027_docdiretivo_assinado_assinado_assinado-copia_tarjada.pdf: 2.1% (área tabelas/5513330 px²)
01:08:16 INFO     [2/15] ✓ AGU       :    6 entregas | 58.1s | ETA ~9min
01:08:16 INFO     [3/15] → anexo-de-entregas-mcom_ptd-25_27-copia_tarjada.pdf
01:08:16 INFO     detected formats: [<InputFormat.PDF: 'pdf'>]
01:08:16 INFO     Going to convert document batch...
01:08:16 INFO     Processing document anexo-de-entregas-mcom_ptd-25_27-copia_tarjada.pdf
01:08:17 INFO     command: tesseract --psm 0 -l osd /tmp/tmp2ix6wr1l.png stdout
01:08:18 INFO     command: tesseract -l por /tmp/tmp2ix6wr1l.png stdout tsv
01:08:21 INFO     command: tesseract --psm 0 -l osd /tmp/tmptaeyw413.png stdout
01:08:22 INFO     command: tesseract -l por /tmp/tmptaeyw413.png stdout tsv
01:08:34 INFO     command: tesseract --psm 0 -l osd /tmp/tmpi40ka0x3.png stdout
01:08:35 INFO     command: tesseract -l por /tmp/tmpi40ka0x3.png stdout tsv
01:08:54 INFO     Finished converting document anexo-de-entregas-mcom_ptd-25_27-copia_tarjada.pdf in 38.13 sec.
01:08:54 INFO       pixel_budget (Docling) anexo-de-entregas-mcom_ptd-25_27-copia_tarjada.pdf: 55.2% (área tabelas/1503636 px²)
01:08:54 INFO     [3/15] ✓ MCOM      :   55 entregas | 38.1s | ETA ~8min
01:08:54 INFO     [4/15] → documento-diretivo-mcom-_-ptd-25_27-copia_tarjada.pdf
01:08:54 INFO     detected formats: [<InputFormat.PDF: 'pdf'>]
01:08:54 INFO     Going to convert document batch...
01:08:54 INFO     Processing document documento-diretivo-mcom-_-ptd-25_27-copia_tarjada.pdf
01:08:55 INFO     command: tesseract --psm 0 -l osd /tmp/tmp3vsrx52a.png stdout
01:08:55 INFO     command: tesseract -l por /tmp/tmp3vsrx52a.png stdout tsv
01:08:57 INFO     command: tesseract --psm 0 -l osd /tmp/tmp08_ii5l_.png stdout
01:08:58 INFO     command: tesseract -l por /tmp/tmp08_ii5l_.png stdout tsv
01:09:04 INFO     command: tesseract --psm 0 -l osd /tmp/tmp8lyn1xp1.png stdout
01:09:05 INFO     command: tesseract -l por /tmp/tmp8lyn1xp1.png stdout tsv
01:09:06 INFO     command: tesseract --psm 0 -l osd /tmp/tmpfst7ktih.png stdout
01:09:07 INFO     command: tesseract -l por /tmp/tmpfst7ktih.png stdout tsv
01:09:09 INFO     command: tesseract --psm 0 -l osd /tmp/tmp4u767dxv.png stdout
01:09:10 INFO     command: tesseract -l por /tmp/tmp4u767dxv.png stdout tsv
01:09:12 INFO     command: tesseract --psm 0 -l osd /tmp/tmpte_9yrjv.png stdout
01:09:13 INFO     command: tesseract -l por /tmp/tmpte_9yrjv.png stdout tsv
01:09:30 INFO     command: tesseract --psm 0 -l osd /tmp/tmp1is4pk2h.png stdout
01:09:31 INFO     command: tesseract -l por /tmp/tmp1is4pk2h.png stdout tsv
01:09:33 INFO     command: tesseract --psm 0 -l osd /tmp/tmpfd7dkki1.png stdout
01:09:33 INFO     command: tesseract -l por /tmp/tmpfd7dkki1.png stdout tsv
01:09:36 INFO     command: tesseract --psm 0 -l osd /tmp/tmpvw732zd9.png stdout
01:09:37 INFO     command: tesseract -l por /tmp/tmpvw732zd9.png stdout tsv
01:09:39 INFO     command: tesseract --psm 0 -l osd /tmp/tmpah662qni.png stdout
01:09:40 INFO     command: tesseract -l por /tmp/tmpah662qni.png stdout tsv
01:09:46 INFO     command: tesseract --psm 0 -l osd /tmp/tmpu8emeof7.png stdout
01:09:47 INFO     command: tesseract -l por /tmp/tmpu8emeof7.png stdout tsv
01:09:50 INFO     command: tesseract --psm 0 -l osd /tmp/tmp3r1unjlz.png stdout
01:09:51 INFO     command: tesseract -l por /tmp/tmp3r1unjlz.png stdout tsv
01:09:53 INFO     command: tesseract --psm 0 -l osd /tmp/tmpy35oqkjp.png stdout
01:09:54 INFO     command: tesseract -l por /tmp/tmpy35oqkjp.png stdout tsv
01:09:56 INFO     command: tesseract --psm 0 -l osd /tmp/tmpuxrf7wep.png stdout
01:09:56 INFO     command: tesseract -l por /tmp/tmpuxrf7wep.png stdout tsv
01:10:02 INFO     Finished converting document documento-diretivo-mcom-_-ptd-25_27-copia_tarjada.pdf in 67.90 sec.
01:10:02 INFO       pixel_budget (Docling) documento-diretivo-mcom-_-ptd-25_27-copia_tarjada.pdf: 10.8% (área tabelas/7016966 px²)
01:10:02 WARNING  [4/15] ⚠ MCOM      :    0 entregas | 67.9s | ETA ~8min
01:10:02 INFO     [5/15] → fiocruz-ptd-06_2024-copia_tarjada.pdf
01:10:02 INFO     detected formats: [<InputFormat.PDF: 'pdf'>]
01:10:02 INFO     Going to convert document batch...
01:10:02 INFO     Initializing pipeline for StandardPdfPipeline with options hash d18651824ca6fe56cf3ccb20424ac2c8
01:10:02 INFO     Accelerator device: 'cpu'
01:10:02 INFO     HTTP Request: GET https://huggingface.co/api/models/docling-project/docling-layout-heron/revision/main "HTTP/1.1 200 OK"
01:10:03 INFO     HTTP Request: GET https://huggingface.co/api/models/docling-project/docling-models/revision/v2.3.0 "HTTP/1.1 200 OK"
01:10:03 INFO     Accelerator device: 'cpu'
01:10:03 INFO     Processing document fiocruz-ptd-06_2024-copia_tarjada.pdf
01:11:11 INFO     Finished converting document fiocruz-ptd-06_2024-copia_tarjada.pdf in 68.84 sec.
01:11:11 INFO       pixel_budget (Docling) fiocruz-ptd-06_2024-copia_tarjada.pdf: 36.4% (área tabelas/7518178 px²)
01:11:11 WARNING  [5/15] ⚠ FIOCRUZ   :    0 entregas | 68.9s | ETA ~8min
01:11:11 INFO     [6/15] → fiocruz_novo-ptd_2-1_docdiretivo_repactuacao_2024-2026_assinado_assinado-copia_tarjada.pdf
01:11:11 INFO     detected formats: [<InputFormat.PDF: 'pdf'>]
01:11:11 INFO     Going to convert document batch...
01:11:11 INFO     Processing document fiocruz_novo-ptd_2-1_docdiretivo_repactuacao_2024-2026_assinado_assinado-copia_tarjada.pdf
01:11:29 INFO     Finished converting document fiocruz_novo-ptd_2-1_docdiretivo_repactuacao_2024-2026_assinado_assinado-copia_tarjada.pdf in 17.86 sec.
01:11:29 INFO       pixel_budget (Docling) fiocruz_novo-ptd_2-1_docdiretivo_repactuacao_2024-2026_assinado_assinado-copia_tarjada.pdf: 11.3% (área tabelas/5012118 px²)
01:11:29 WARNING  [6/15] ⚠ FIOCRUZ   :    0 entregas | 17.9s | ETA ~6min
01:11:29 INFO     [7/15] → fiocruz_ptd_anexo_de_entregas_assinado_v1_assinado_assinado-1-copia_tarjada.pdf
01:11:29 INFO     detected formats: [<InputFormat.PDF: 'pdf'>]
01:11:29 INFO     Going to convert document batch...
01:11:29 INFO     Processing document fiocruz_ptd_anexo_de_entregas_assinado_v1_assinado_assinado-1-copia_tarjada.pdf
01:12:02 INFO     Finished converting document fiocruz_ptd_anexo_de_entregas_assinado_v1_assinado_assinado-1-copia_tarjada.pdf in 32.72 sec.
01:12:02 INFO       pixel_budget (Docling) fiocruz_ptd_anexo_de_entregas_assinado_v1_assinado_assinado-1-copia_tarjada.pdf: 54.7% (área tabelas/2004847 px²)
01:12:02 INFO     [7/15] ✓ FIOCRUZ   :   62 entregas | 32.7s | ETA ~5min
01:12:02 INFO     [8/15] → funai_anexo_de_entregas_repactuado_2026_2027_assinado_assinado_assinado.pdf
01:12:02 INFO     detected formats: [<InputFormat.PDF: 'pdf'>]
01:12:02 INFO     Going to convert document batch...
01:12:02 INFO     Processing document funai_anexo_de_entregas_repactuado_2026_2027_assinado_assinado_assinado.pdf
01:12:03 INFO     command: tesseract --psm 0 -l osd /tmp/tmp2pji0viz.png stdout
01:12:03 INFO     command: tesseract -l por /tmp/tmp2pji0viz.png stdout tsv
01:12:17 INFO     Finished converting document funai_anexo_de_entregas_repactuado_2026_2027_assinado_assinado_assinado.pdf in 15.00 sec.
01:12:17 INFO       pixel_budget (Docling) funai_anexo_de_entregas_repactuado_2026_2027_assinado_assinado_assinado.pdf: 49.8% (área tabelas/501212 px²)
01:12:17 INFO     [8/15] ✓ FUNAI     :   22 entregas | 15.0s | ETA ~4min
01:12:17 INFO     [9/15] → funai_ptd_2025_2027_docdiretivo_assinado-1_tarjado.pdf
01:12:17 INFO     detected formats: [<InputFormat.PDF: 'pdf'>]
01:12:17 INFO     Going to convert document batch...
01:12:17 INFO     Processing document funai_ptd_2025_2027_docdiretivo_assinado-1_tarjado.pdf
01:12:18 INFO     command: tesseract --psm 0 -l osd /tmp/tmpsc14e75r.png stdout
01:12:19 INFO     command: tesseract -l por /tmp/tmpsc14e75r.png stdout tsv
01:12:20 INFO     command: tesseract --psm 0 -l osd /tmp/tmpmo2r6dwi.png stdout
01:12:21 INFO     command: tesseract -l por /tmp/tmpmo2r6dwi.png stdout tsv
01:12:23 INFO     command: tesseract --psm 0 -l osd /tmp/tmpmlwpjf1v.png stdout
01:12:24 INFO     command: tesseract -l por /tmp/tmpmlwpjf1v.png stdout tsv
01:12:26 INFO     command: tesseract --psm 0 -l osd /tmp/tmp0i7yljlx.png stdout
01:12:26 INFO     command: tesseract -l por /tmp/tmp0i7yljlx.png stdout tsv
01:12:28 INFO     command: tesseract --psm 0 -l osd /tmp/tmpctoqa8ep.png stdout
01:12:29 INFO     command: tesseract -l por /tmp/tmpctoqa8ep.png stdout tsv
01:12:31 INFO     command: tesseract --psm 0 -l osd /tmp/tmp54pmzz4c.png stdout
01:12:33 INFO     command: tesseract -l por /tmp/tmp54pmzz4c.png stdout tsv
01:12:44 INFO     command: tesseract --psm 0 -l osd /tmp/tmpr9s_fc4s.png stdout
01:12:44 INFO     command: tesseract -l por /tmp/tmpr9s_fc4s.png stdout tsv
01:12:46 INFO     command: tesseract --psm 0 -l osd /tmp/tmptozslhhr.png stdout
01:12:47 INFO     command: tesseract -l por /tmp/tmptozslhhr.png stdout tsv
01:12:48 INFO     command: tesseract --psm 0 -l osd /tmp/tmposxq7se2.png stdout
01:12:49 INFO     command: tesseract -l por /tmp/tmposxq7se2.png stdout tsv
01:12:50 INFO     command: tesseract --psm 0 -l osd /tmp/tmpg0kctjq_.png stdout
01:12:52 INFO     command: tesseract -l por /tmp/tmpg0kctjq_.png stdout tsv
01:13:06 INFO     command: tesseract --psm 0 -l osd /tmp/tmpk_vnsyka.png stdout
01:13:07 INFO     command: tesseract -l por /tmp/tmpk_vnsyka.png stdout tsv
01:13:13 INFO     command: tesseract --psm 0 -l osd /tmp/tmpb0dtfdr8.png stdout
01:13:13 INFO     command: tesseract -l por /tmp/tmpb0dtfdr8.png stdout tsv
01:13:15 INFO     command: tesseract --psm 0 -l osd /tmp/tmp7s3kw7a0.png stdout
01:13:16 INFO     command: tesseract -l por /tmp/tmp7s3kw7a0.png stdout tsv
01:13:22 INFO     Finished converting document funai_ptd_2025_2027_docdiretivo_assinado-1_tarjado.pdf in 65.62 sec.
01:13:22 INFO       pixel_budget (Docling) funai_ptd_2025_2027_docdiretivo_assinado-1_tarjado.pdf: 16.4% (área tabelas/6515754 px²)
01:13:22 INFO     [9/15] ✓ FUNAI     :    8 entregas | 65.6s | ETA ~4min
01:13:22 INFO     [10/15] → incra_anexo_de_entregas_assinado-1_assinado_assinado-copia_tarjada.pdf
01:13:22 INFO     detected formats: [<InputFormat.PDF: 'pdf'>]
01:13:22 INFO     Going to convert document batch...
01:13:22 INFO     Processing document incra_anexo_de_entregas_assinado-1_assinado_assinado-copia_tarjada.pdf
01:13:23 INFO     command: tesseract --psm 0 -l osd /tmp/tmphy8acfoo.png stdout
01:13:24 INFO     command: tesseract -l por /tmp/tmphy8acfoo.png stdout tsv
01:13:27 INFO     command: tesseract --psm 0 -l osd /tmp/tmpvpu0e8h4.png stdout
01:13:29 INFO     command: tesseract -l por /tmp/tmpvpu0e8h4.png stdout tsv
01:13:37 INFO     command: tesseract --psm 0 -l osd /tmp/tmpjeky56s3.png stdout
01:13:38 INFO     command: tesseract -l por /tmp/tmpjeky56s3.png stdout tsv
01:13:39 INFO     command: tesseract --psm 0 -l osd /tmp/tmpvlr87mlu.png stdout
01:13:40 INFO     command: tesseract -l por /tmp/tmpvlr87mlu.png stdout tsv
01:13:43 INFO     command: tesseract --psm 0 -l osd /tmp/tmp_7ia8ytk.png stdout
01:13:43 INFO     command: tesseract -l por /tmp/tmp_7ia8ytk.png stdout tsv
01:15:14 INFO     Finished converting document incra_anexo_de_entregas_assinado-1_assinado_assinado-copia_tarjada.pdf in 111.70 sec.
01:15:14 INFO       pixel_budget (Docling) incra_anexo_de_entregas_assinado-1_assinado_assinado-copia_tarjada.pdf: 30.0% (área tabelas/2423520 px²)
01:15:14 INFO     [10/15] ✓ INCRA     :   11 entregas | 111.7s | ETA ~4min
01:15:14 INFO     [11/15] → incra_ptd_docdiretivo__assinado-1_assinado_assinado-copia_tarjada.pdf
01:15:14 INFO     detected formats: [<InputFormat.PDF: 'pdf'>]
01:15:14 INFO     Going to convert document batch...
01:15:14 INFO     Processing document incra_ptd_docdiretivo__assinado-1_assinado_assinado-copia_tarjada.pdf
01:15:15 INFO     command: tesseract --psm 0 -l osd /tmp/tmpa1bqy8qk.png stdout
01:15:16 INFO     command: tesseract -l por /tmp/tmpa1bqy8qk.png stdout tsv
01:15:18 INFO     command: tesseract --psm 0 -l osd /tmp/tmpex0ce8va.png stdout
01:15:20 INFO     command: tesseract -l por /tmp/tmpex0ce8va.png stdout tsv
01:15:25 INFO     command: tesseract --psm 0 -l osd /tmp/tmp8fr3r18l.png stdout
01:15:26 INFO     command: tesseract -l por /tmp/tmp8fr3r18l.png stdout tsv
01:15:28 INFO     command: tesseract --psm 0 -l osd /tmp/tmp9i3zjy8_.png stdout
01:15:29 INFO     command: tesseract -l por /tmp/tmp9i3zjy8_.png stdout tsv
01:15:30 INFO     command: tesseract --psm 0 -l osd /tmp/tmpl_7w1atj.png stdout
01:15:31 INFO     command: tesseract -l por /tmp/tmpl_7w1atj.png stdout tsv
01:15:33 INFO     command: tesseract --psm 0 -l osd /tmp/tmpqzlm5tcr.png stdout
01:15:34 INFO     command: tesseract -l por /tmp/tmpqzlm5tcr.png stdout tsv
01:15:50 INFO     command: tesseract --psm 0 -l osd /tmp/tmpcegggc7e.png stdout
01:15:51 INFO     command: tesseract -l por /tmp/tmpcegggc7e.png stdout tsv
01:15:52 INFO     command: tesseract --psm 0 -l osd /tmp/tmptn5zobcl.png stdout
01:15:53 INFO     command: tesseract -l por /tmp/tmptn5zobcl.png stdout tsv
01:15:54 INFO     command: tesseract --psm 0 -l osd /tmp/tmpdq_fzvid.png stdout
01:15:55 INFO     command: tesseract -l por /tmp/tmpdq_fzvid.png stdout tsv
01:15:57 INFO     command: tesseract --psm 0 -l osd /tmp/tmps8zufb5l.png stdout
01:15:58 INFO     command: tesseract -l por /tmp/tmps8zufb5l.png stdout tsv
01:16:05 INFO     command: tesseract --psm 0 -l osd /tmp/tmpz3msf_xq.png stdout
01:16:06 INFO     command: tesseract -l por /tmp/tmpz3msf_xq.png stdout tsv
01:16:11 INFO     command: tesseract --psm 0 -l osd /tmp/tmpdv1j1wy2.png stdout
01:16:12 INFO     command: tesseract -l por /tmp/tmpdv1j1wy2.png stdout tsv
01:16:16 INFO     command: tesseract --psm 0 -l osd /tmp/tmp4eqy8bf2.png stdout
01:16:17 INFO     command: tesseract -l por /tmp/tmp4eqy8bf2.png stdout tsv
01:16:24 INFO     Finished converting document incra_ptd_docdiretivo__assinado-1_assinado_assinado-copia_tarjada.pdf in 70.30 sec.
01:16:24 INFO       pixel_budget (Docling) incra_ptd_docdiretivo__assinado-1_assinado_assinado-copia_tarjada.pdf: 20.2% (área tabelas/6515754 px²)
01:16:24 INFO     [11/15] ✓ INCRA     :    9 entregas | 70.3s | ETA ~3min
01:16:24 INFO     [12/15] → iti_anexo_de_entregas_assinado.pdf
01:16:24 INFO     detected formats: [<InputFormat.PDF: 'pdf'>]
01:16:24 INFO     Going to convert document batch...
01:16:24 INFO     Processing document iti_anexo_de_entregas_assinado.pdf
01:16:25 INFO     command: tesseract --psm 0 -l osd /tmp/tmpaettcpxr.png stdout
01:16:26 INFO     command: tesseract -l por /tmp/tmpaettcpxr.png stdout tsv
01:16:42 INFO     Finished converting document iti_anexo_de_entregas_assinado.pdf in 17.38 sec.
01:16:42 INFO       pixel_budget (Docling) iti_anexo_de_entregas_assinado.pdf: 57.2% (área tabelas/501212 px²)
01:16:42 INFO     [12/15] ✓ ITI       :   31 entregas | 17.4s | ETA ~2min
01:16:42 INFO     [13/15] → iti_doc_diretivo_assinado-1_tarjado.pdf
01:16:42 INFO     detected formats: [<InputFormat.PDF: 'pdf'>]
01:16:42 INFO     Going to convert document batch...
01:16:42 INFO     Processing document iti_doc_diretivo_assinado-1_tarjado.pdf
01:16:43 INFO     command: tesseract --psm 0 -l osd /tmp/tmpy9q344j2.png stdout
01:16:43 INFO     command: tesseract -l por /tmp/tmpy9q344j2.png stdout tsv
01:16:46 INFO     command: tesseract --psm 0 -l osd /tmp/tmpsqizvzvd.png stdout
01:16:47 INFO     command: tesseract -l por /tmp/tmpsqizvzvd.png stdout tsv
01:16:51 INFO     command: tesseract --psm 0 -l osd /tmp/tmparvwjucy.png stdout
01:16:51 INFO     command: tesseract -l por /tmp/tmparvwjucy.png stdout tsv
01:16:53 INFO     command: tesseract --psm 0 -l osd /tmp/tmp7sxeuwpp.png stdout
01:16:54 INFO     command: tesseract -l por /tmp/tmp7sxeuwpp.png stdout tsv
01:16:56 INFO     command: tesseract --psm 0 -l osd /tmp/tmpj4mtuoze.png stdout
01:16:56 INFO     command: tesseract -l por /tmp/tmpj4mtuoze.png stdout tsv
01:16:59 INFO     command: tesseract --psm 0 -l osd /tmp/tmp_sj_t9af.png stdout
01:17:00 INFO     command: tesseract -l por /tmp/tmp_sj_t9af.png stdout tsv
01:17:16 INFO     command: tesseract --psm 0 -l osd /tmp/tmpgir8f2_o.png stdout
01:17:16 INFO     command: tesseract -l por /tmp/tmpgir8f2_o.png stdout tsv
01:17:18 INFO     command: tesseract --psm 0 -l osd /tmp/tmpuj7j3zyc.png stdout
01:17:19 INFO     command: tesseract -l por /tmp/tmpuj7j3zyc.png stdout tsv
01:17:21 INFO     command: tesseract --psm 0 -l osd /tmp/tmpi6lfe356.png stdout
01:17:22 INFO     command: tesseract -l por /tmp/tmpi6lfe356.png stdout tsv
01:17:24 INFO     command: tesseract --psm 0 -l osd /tmp/tmpd1bmcp9v.png stdout
01:17:25 INFO     command: tesseract -l por /tmp/tmpd1bmcp9v.png stdout tsv
01:17:34 INFO     command: tesseract --psm 0 -l osd /tmp/tmpn4klm8xf.png stdout
01:17:35 INFO     command: tesseract -l por /tmp/tmpn4klm8xf.png stdout tsv
01:17:40 INFO     Finished converting document iti_doc_diretivo_assinado-1_tarjado.pdf in 58.24 sec.
01:17:40 INFO       pixel_budget (Docling) iti_doc_diretivo_assinado-1_tarjado.pdf: 8.0% (área tabelas/5516339 px²)
01:17:40 INFO     [13/15] ✓ ITI       :    6 entregas | 58.3s | ETA ~1min
01:17:40 INFO     [14/15] → sgpr_ptd_2025_2027_anexo_de_entregas_assinado-copia_tarjada.pdf
01:17:40 INFO     detected formats: [<InputFormat.PDF: 'pdf'>]
01:17:40 INFO     Going to convert document batch...
01:17:40 INFO     Processing document sgpr_ptd_2025_2027_anexo_de_entregas_assinado-copia_tarjada.pdf
01:17:41 INFO     command: tesseract --psm 0 -l osd /tmp/tmpkvj5n4nm.png stdout
01:17:42 INFO     command: tesseract -l por /tmp/tmpkvj5n4nm.png stdout tsv
01:17:45 INFO     command: tesseract --psm 0 -l osd /tmp/tmp8fole9cx.png stdout
01:17:46 INFO     command: tesseract -l por /tmp/tmp8fole9cx.png stdout tsv
01:17:57 INFO     Finished converting document sgpr_ptd_2025_2027_anexo_de_entregas_assinado-copia_tarjada.pdf in 17.34 sec.
01:17:57 INFO       pixel_budget (Docling) sgpr_ptd_2025_2027_anexo_de_entregas_assinado-copia_tarjada.pdf: 29.5% (área tabelas/1002424 px²)
01:17:57 INFO     [14/15] ✓ SGPR      :   18 entregas | 17.3s | ETA ~48s
01:17:57 INFO     [15/15] → sgpr_ptd_2026_2027_docdiretivo_assinado-copia_tarjada.pdf
01:17:57 INFO     detected formats: [<InputFormat.PDF: 'pdf'>]
01:17:57 INFO     Going to convert document batch...
01:17:57 INFO     Processing document sgpr_ptd_2026_2027_docdiretivo_assinado-copia_tarjada.pdf
01:18:17 INFO     Finished converting document sgpr_ptd_2026_2027_docdiretivo_assinado-copia_tarjada.pdf in 19.73 sec.
01:18:17 INFO       pixel_budget (Docling) sgpr_ptd_2026_2027_docdiretivo_assinado-copia_tarjada.pdf: 8.2% (área tabelas/5513330 px²)
01:18:17 WARNING  [15/15] ⚠ SGPR      :    0 entregas | 19.7s | ETA ~0s
01:18:17 INFO     261 registros | 7 órgãos
01:18:17 INFO     ╔══════════════════════════════════════════════════════════════╗
01:18:17 INFO     ║                  ENTREGAS — fase concluída                   ║
01:18:17 INFO     ║  Processados: 15    |  ✓ 11  ⚠ 4                             ║
01:18:17 INFO     ║  Duração: 11.4 min                                           ║
01:18:17 INFO     ║  261 registros | 7 órgãos                                    ║
01:18:17 INFO     ╚══════════════════════════════════════════════════════════════╝
01:18:17 INFO     [1/7] → agu_ptd_2025_2027_docdiretivo_assinado_assinado_assinado-copia_tarjada.pdf
01:18:17 INFO     detected formats: [<InputFormat.PDF: 'pdf'>]
01:18:17 INFO     Going to convert document batch...
01:18:17 INFO     Processing document agu_ptd_2025_2027_docdiretivo_assinado_assinado_assinado-copia_tarjada.pdf
01:18:18 INFO     command: tesseract --psm 0 -l osd /tmp/tmpkl13yau0.png stdout
01:18:18 INFO     command: tesseract -l por /tmp/tmpkl13yau0.png stdout tsv
01:18:20 INFO     command: tesseract --psm 0 -l osd /tmp/tmp3vbmlhdu.png stdout
01:18:22 INFO     command: tesseract -l por /tmp/tmp3vbmlhdu.png stdout tsv
01:18:24 INFO     command: tesseract --psm 0 -l osd /tmp/tmplbfu5xel.png stdout
01:18:25 INFO     command: tesseract -l por /tmp/tmplbfu5xel.png stdout tsv
01:18:27 INFO     command: tesseract --psm 0 -l osd /tmp/tmpgris_m2j.png stdout
01:18:28 INFO     command: tesseract -l por /tmp/tmpgris_m2j.png stdout tsv
01:18:30 INFO     command: tesseract --psm 0 -l osd /tmp/tmpqlxlruki.png stdout
01:18:31 INFO     command: tesseract -l por /tmp/tmpqlxlruki.png stdout tsv
01:18:33 INFO     command: tesseract --psm 0 -l osd /tmp/tmpnlhu91vq.png stdout
01:18:34 INFO     command: tesseract -l por /tmp/tmpnlhu91vq.png stdout tsv
01:18:45 INFO     command: tesseract --psm 0 -l osd /tmp/tmpsiwe3vk_.png stdout
01:18:46 INFO     command: tesseract -l por /tmp/tmpsiwe3vk_.png stdout tsv
01:18:48 INFO     command: tesseract --psm 0 -l osd /tmp/tmp5svlmj5a.png stdout
01:18:49 INFO     command: tesseract -l por /tmp/tmp5svlmj5a.png stdout tsv
01:18:51 INFO     command: tesseract --psm 0 -l osd /tmp/tmp94bhf1d4.png stdout
01:18:52 INFO     command: tesseract -l por /tmp/tmp94bhf1d4.png stdout tsv
01:18:54 INFO     command: tesseract --psm 0 -l osd /tmp/tmp4nd9stqy.png stdout
01:18:55 INFO     command: tesseract -l por /tmp/tmp4nd9stqy.png stdout tsv
01:19:11 INFO     command: tesseract --psm 0 -l osd /tmp/tmpzp72yqqj.png stdout
01:19:12 INFO     command: tesseract -l por /tmp/tmpzp72yqqj.png stdout tsv
01:19:16 INFO     Finished converting document agu_ptd_2025_2027_docdiretivo_assinado_assinado_assinado-copia_tarjada.pdf in 58.37 sec.
01:19:16 INFO     [1/7] ✓ AGU       :   7 riscos | 58.4s | ETA ~5min
01:19:16 INFO     [2/7] → documento-diretivo-mcom-_-ptd-25_27-copia_tarjada.pdf
01:19:16 INFO     detected formats: [<InputFormat.PDF: 'pdf'>]
01:19:16 INFO     Going to convert document batch...
01:19:16 INFO     Processing document documento-diretivo-mcom-_-ptd-25_27-copia_tarjada.pdf
01:19:16 INFO     command: tesseract --psm 0 -l osd /tmp/tmpwgibfb8z.png stdout
01:19:17 INFO     command: tesseract -l por /tmp/tmpwgibfb8z.png stdout tsv
01:19:19 INFO     command: tesseract --psm 0 -l osd /tmp/tmpm5ly7wsn.png stdout
01:19:21 INFO     command: tesseract -l por /tmp/tmpm5ly7wsn.png stdout tsv
01:19:27 INFO     command: tesseract --psm 0 -l osd /tmp/tmp9a9u2j7n.png stdout
01:19:28 INFO     command: tesseract -l por /tmp/tmp9a9u2j7n.png stdout tsv
01:19:29 INFO     command: tesseract --psm 0 -l osd /tmp/tmp3xlg8yw0.png stdout
01:19:29 INFO     command: tesseract -l por /tmp/tmp3xlg8yw0.png stdout tsv
01:19:31 INFO     command: tesseract --psm 0 -l osd /tmp/tmpr22vja68.png stdout
01:19:32 INFO     command: tesseract -l por /tmp/tmpr22vja68.png stdout tsv
01:19:35 INFO     command: tesseract --psm 0 -l osd /tmp/tmpv1agb0jl.png stdout
01:19:36 INFO     command: tesseract -l por /tmp/tmpv1agb0jl.png stdout tsv
01:19:51 INFO     command: tesseract --psm 0 -l osd /tmp/tmp_o7f3ds7.png stdout
01:19:52 INFO     command: tesseract -l por /tmp/tmp_o7f3ds7.png stdout tsv
01:19:54 INFO     command: tesseract --psm 0 -l osd /tmp/tmpudhs2_8t.png stdout
01:19:54 INFO     command: tesseract -l por /tmp/tmpudhs2_8t.png stdout tsv
01:19:57 INFO     command: tesseract --psm 0 -l osd /tmp/tmpvtz2kbzs.png stdout
01:19:57 INFO     command: tesseract -l por /tmp/tmpvtz2kbzs.png stdout tsv
01:19:59 INFO     command: tesseract --psm 0 -l osd /tmp/tmpqqh3a9cb.png stdout
01:20:01 INFO     command: tesseract -l por /tmp/tmpqqh3a9cb.png stdout tsv
01:20:06 INFO     command: tesseract --psm 0 -l osd /tmp/tmp9ltgrql3.png stdout
01:20:07 INFO     command: tesseract -l por /tmp/tmp9ltgrql3.png stdout tsv
01:20:12 INFO     command: tesseract --psm 0 -l osd /tmp/tmp3sdbzgam.png stdout
01:20:13 INFO     command: tesseract -l por /tmp/tmp3sdbzgam.png stdout tsv
01:20:14 INFO     command: tesseract --psm 0 -l osd /tmp/tmp02gdov45.png stdout
01:20:15 INFO     command: tesseract -l por /tmp/tmp02gdov45.png stdout tsv
01:20:17 INFO     command: tesseract --psm 0 -l osd /tmp/tmpnhim12ym.png stdout
01:20:18 INFO     command: tesseract -l por /tmp/tmpnhim12ym.png stdout tsv
01:20:24 INFO     Finished converting document documento-diretivo-mcom-_-ptd-25_27-copia_tarjada.pdf in 68.27 sec.
01:20:24 INFO     [2/7] ✓ MCOM      :  14 riscos | 68.3s | ETA ~5min
01:20:24 INFO     [3/7] → fiocruz_novo-ptd_2-1_docdiretivo_repactuacao_2024-2026_assinado_assinado-copia_tarjada.pdf
01:20:24 INFO     detected formats: [<InputFormat.PDF: 'pdf'>]
01:20:24 INFO     Going to convert document batch...
01:20:24 INFO     Processing document fiocruz_novo-ptd_2-1_docdiretivo_repactuacao_2024-2026_assinado_assinado-copia_tarjada.pdf
01:20:42 INFO     Finished converting document fiocruz_novo-ptd_2-1_docdiretivo_repactuacao_2024-2026_assinado_assinado-copia_tarjada.pdf in 17.69 sec.
01:20:42 INFO     [3/7] ✓ FIOCRUZ   :   6 riscos | 17.7s | ETA ~3min
01:20:42 INFO     [4/7] → funai_ptd_2025_2027_docdiretivo_assinado-1_tarjado.pdf
01:20:42 INFO     detected formats: [<InputFormat.PDF: 'pdf'>]
01:20:42 INFO     Going to convert document batch...
01:20:42 INFO     Processing document funai_ptd_2025_2027_docdiretivo_assinado-1_tarjado.pdf
01:20:43 INFO     command: tesseract --psm 0 -l osd /tmp/tmplms_9nq2.png stdout
01:20:44 INFO     command: tesseract -l por /tmp/tmplms_9nq2.png stdout tsv
01:20:45 INFO     command: tesseract --psm 0 -l osd /tmp/tmp3dpog443.png stdout
01:20:46 INFO     command: tesseract -l por /tmp/tmp3dpog443.png stdout tsv
01:20:48 INFO     command: tesseract --psm 0 -l osd /tmp/tmpc2fxq2qf.png stdout
01:20:49 INFO     command: tesseract -l por /tmp/tmpc2fxq2qf.png stdout tsv
01:20:51 INFO     command: tesseract --psm 0 -l osd /tmp/tmpadkimiu9.png stdout
01:20:52 INFO     command: tesseract -l por /tmp/tmpadkimiu9.png stdout tsv
01:20:53 INFO     command: tesseract --psm 0 -l osd /tmp/tmp6q0f7i5r.png stdout
01:20:54 INFO     command: tesseract -l por /tmp/tmp6q0f7i5r.png stdout tsv
01:20:56 INFO     command: tesseract --psm 0 -l osd /tmp/tmp9jwrf8rw.png stdout
01:20:58 INFO     command: tesseract -l por /tmp/tmp9jwrf8rw.png stdout tsv
01:21:08 INFO     command: tesseract --psm 0 -l osd /tmp/tmphrqy8lrm.png stdout
01:21:09 INFO     command: tesseract -l por /tmp/tmphrqy8lrm.png stdout tsv
01:21:10 INFO     command: tesseract --psm 0 -l osd /tmp/tmpy9q3xu2s.png stdout
01:21:11 INFO     command: tesseract -l por /tmp/tmpy9q3xu2s.png stdout tsv
01:21:12 INFO     command: tesseract --psm 0 -l osd /tmp/tmpn5er4nxg.png stdout
01:21:13 INFO     command: tesseract -l por /tmp/tmpn5er4nxg.png stdout tsv
01:21:14 INFO     command: tesseract --psm 0 -l osd /tmp/tmpszacck_y.png stdout
01:21:16 INFO     command: tesseract -l por /tmp/tmpszacck_y.png stdout tsv
01:21:29 INFO     command: tesseract --psm 0 -l osd /tmp/tmppaleehy5.png stdout
01:21:30 INFO     command: tesseract -l por /tmp/tmppaleehy5.png stdout tsv
01:21:37 INFO     command: tesseract --psm 0 -l osd /tmp/tmpal598iti.png stdout
01:21:38 INFO     command: tesseract -l por /tmp/tmpal598iti.png stdout tsv
01:21:40 INFO     command: tesseract --psm 0 -l osd /tmp/tmpgrdibiaj.png stdout
01:21:40 INFO     command: tesseract -l por /tmp/tmpgrdibiaj.png stdout tsv
01:21:47 INFO     Finished converting document funai_ptd_2025_2027_docdiretivo_assinado-1_tarjado.pdf in 65.30 sec.
01:21:47 INFO     [4/7] ✓ FUNAI     :  15 riscos | 65.3s | ETA ~2min
01:21:47 INFO     [5/7] → incra_ptd_docdiretivo__assinado-1_assinado_assinado-copia_tarjada.pdf
01:21:47 INFO     detected formats: [<InputFormat.PDF: 'pdf'>]
01:21:47 INFO     Going to convert document batch...
01:21:47 INFO     Processing document incra_ptd_docdiretivo__assinado-1_assinado_assinado-copia_tarjada.pdf
01:21:48 INFO     command: tesseract --psm 0 -l osd /tmp/tmp1k16mhfe.png stdout
01:21:49 INFO     command: tesseract -l por /tmp/tmp1k16mhfe.png stdout tsv
01:21:51 INFO     command: tesseract --psm 0 -l osd /tmp/tmpslk7cet7.png stdout
01:21:52 INFO     command: tesseract -l por /tmp/tmpslk7cet7.png stdout tsv
01:21:59 INFO     command: tesseract --psm 0 -l osd /tmp/tmpsbq4pcsj.png stdout
01:22:00 INFO     command: tesseract -l por /tmp/tmpsbq4pcsj.png stdout tsv
01:22:02 INFO     command: tesseract --psm 0 -l osd /tmp/tmp04a1f3sw.png stdout
01:22:02 INFO     command: tesseract -l por /tmp/tmp04a1f3sw.png stdout tsv
01:22:04 INFO     command: tesseract --psm 0 -l osd /tmp/tmp5cn_q55q.png stdout
01:22:05 INFO     command: tesseract -l por /tmp/tmp5cn_q55q.png stdout tsv
01:22:07 INFO     command: tesseract --psm 0 -l osd /tmp/tmpi8_0jtux.png stdout
01:22:08 INFO     command: tesseract -l por /tmp/tmpi8_0jtux.png stdout tsv
01:22:21 INFO     command: tesseract --psm 0 -l osd /tmp/tmps3hw3wwx.png stdout
01:22:22 INFO     command: tesseract -l por /tmp/tmps3hw3wwx.png stdout tsv
01:22:24 INFO     command: tesseract --psm 0 -l osd /tmp/tmps9s1_bjs.png stdout
01:22:25 INFO     command: tesseract -l por /tmp/tmps9s1_bjs.png stdout tsv
01:22:26 INFO     command: tesseract --psm 0 -l osd /tmp/tmpyhwu51s0.png stdout
01:22:27 INFO     command: tesseract -l por /tmp/tmpyhwu51s0.png stdout tsv
01:22:29 INFO     command: tesseract --psm 0 -l osd /tmp/tmpt0kehfld.png stdout
01:22:31 INFO     command: tesseract -l por /tmp/tmpt0kehfld.png stdout tsv
01:22:36 INFO     command: tesseract --psm 0 -l osd /tmp/tmp9lsayef7.png stdout
01:22:37 INFO     command: tesseract -l por /tmp/tmp9lsayef7.png stdout tsv
01:22:44 INFO     command: tesseract --psm 0 -l osd /tmp/tmpkn8ivwop.png stdout
01:22:45 INFO     command: tesseract -l por /tmp/tmpkn8ivwop.png stdout tsv
01:22:48 INFO     command: tesseract --psm 0 -l osd /tmp/tmpp5_56qp5.png stdout
01:22:49 INFO     command: tesseract -l por /tmp/tmpp5_56qp5.png stdout tsv
01:22:56 INFO     Finished converting document incra_ptd_docdiretivo__assinado-1_assinado_assinado-copia_tarjada.pdf in 69.15 sec.
01:22:56 INFO     [5/7] ✓ INCRA     :  15 riscos | 69.2s | ETA ~1min
01:22:56 INFO     [6/7] → iti_doc_diretivo_assinado-1_tarjado.pdf
01:22:56 INFO     detected formats: [<InputFormat.PDF: 'pdf'>]
01:22:56 INFO     Going to convert document batch...
01:22:56 INFO     Processing document iti_doc_diretivo_assinado-1_tarjado.pdf
01:22:57 INFO     command: tesseract --psm 0 -l osd /tmp/tmp85a44vzj.png stdout
01:22:57 INFO     command: tesseract -l por /tmp/tmp85a44vzj.png stdout tsv
01:22:59 INFO     command: tesseract --psm 0 -l osd /tmp/tmpdf9bx_rp.png stdout
01:23:01 INFO     command: tesseract -l por /tmp/tmpdf9bx_rp.png stdout tsv
01:23:05 INFO     command: tesseract --psm 0 -l osd /tmp/tmpsh5t4jjl.png stdout
01:23:06 INFO     command: tesseract -l por /tmp/tmpsh5t4jjl.png stdout tsv
01:23:08 INFO     command: tesseract --psm 0 -l osd /tmp/tmp36hca3be.png stdout
01:23:08 INFO     command: tesseract -l por /tmp/tmp36hca3be.png stdout tsv
01:23:10 INFO     command: tesseract --psm 0 -l osd /tmp/tmptmo4bpyr.png stdout
01:23:11 INFO     command: tesseract -l por /tmp/tmptmo4bpyr.png stdout tsv
01:23:13 INFO     command: tesseract --psm 0 -l osd /tmp/tmpedc08yn2.png stdout
01:23:14 INFO     command: tesseract -l por /tmp/tmpedc08yn2.png stdout tsv
01:23:31 INFO     command: tesseract --psm 0 -l osd /tmp/tmpx68cgnyx.png stdout
01:23:31 INFO     command: tesseract -l por /tmp/tmpx68cgnyx.png stdout tsv
01:23:33 INFO     command: tesseract --psm 0 -l osd /tmp/tmpob4rt2sa.png stdout
01:23:34 INFO     command: tesseract -l por /tmp/tmpob4rt2sa.png stdout tsv
01:23:36 INFO     command: tesseract --psm 0 -l osd /tmp/tmpzvynr0rt.png stdout
01:23:37 INFO     command: tesseract -l por /tmp/tmpzvynr0rt.png stdout tsv
01:23:39 INFO     command: tesseract --psm 0 -l osd /tmp/tmp80u1dj2y.png stdout
01:23:40 INFO     command: tesseract -l por /tmp/tmp80u1dj2y.png stdout tsv
01:23:47 INFO     command: tesseract --psm 0 -l osd /tmp/tmpezdey2w4.png stdout
01:23:48 INFO     command: tesseract -l por /tmp/tmpezdey2w4.png stdout tsv
01:23:56 INFO     Finished converting document iti_doc_diretivo_assinado-1_tarjado.pdf in 60.06 sec.
01:23:56 INFO     [6/7] ✓ ITI       :  14 riscos | 60.1s | ETA ~56s
01:23:56 INFO     [7/7] → sgpr_ptd_2026_2027_docdiretivo_assinado-copia_tarjada.pdf
01:23:56 INFO     detected formats: [<InputFormat.PDF: 'pdf'>]
01:23:56 INFO     Going to convert document batch...
01:23:56 INFO     Processing document sgpr_ptd_2026_2027_docdiretivo_assinado-copia_tarjada.pdf
01:24:16 INFO     Finished converting document sgpr_ptd_2026_2027_docdiretivo_assinado-copia_tarjada.pdf in 19.78 sec.
01:24:16 INFO     [7/7] ✓ SGPR      :  10 riscos | 19.8s | ETA ~0s
01:24:16 INFO     ╔══════════════════════════════════════════════════════════════╗
01:24:16 INFO     ║                   RISCOS — fase concluída                    ║
01:24:16 INFO     ║  Processados: 7     |  ✓ 7  ⚠ 0                              ║
01:24:16 INFO     ║  Duração: 6.0 min                                            ║
01:24:16 INFO     ║  81 riscos | 7 órgãos                                        ║
01:24:16 INFO     ╚══════════════════════════════════════════════════════════════╝
01:24:16 INFO     81 riscos | 0 ações | 135 relações
01:24:16 INFO     ptd_corpus_raw                     : 261 linhas
01:24:16 INFO     ptd_pivot_eixos                    : 7 linhas
01:24:19 INFO     ptd_datas_assinatura               : 132 linhas
01:24:19 INFO     ptd_riscos                         : 81 linhas
01:24:19 INFO     ptd_riscos_acoes                   : 135 linhas
01:24:19 INFO     Manifesto salvo: pipeline_manifest.json | SHA-256 de 132 PDFs
01:24:19 INFO     ==================================================
01:24:19 INFO     PTD-BR v3.0-melhorado — PIPELINE CONCLUÍDO
01:24:19 INFO     ==================================================
01:24:19 INFO     ptd_corpus_raw.csv                        160 KB
01:24:19 INFO     ptd_pivot_eixos.csv                         0 KB
01:24:19 INFO     ptd_datas_assinatura.csv                    9 KB
01:24:19 INFO     ptd_riscos.csv                             23 KB
01:24:19 INFO     ptd_riscos_acoes.csv                        2 KB
01:24:19 INFO     proveniencia.json                           0 KB
01:24:19 INFO     pipeline_manifest.json                     20 KB
01:24:19 INFO     📦 Artefatos: https://github.com/freirelucas/teste/actions/runs/24014466126
01:24:19 INFO     ==================================================
