01:43:49 INFO     Docling disponível
01:43:49 WARNING  OCR fallback indisponível (IndentationError: unexpected indent (ptd_ocr_fallback.py, line 45))
01:43:50 INFO     Ignorado (guia/template/norma): ABNT-NBR-17225-Acessibilidade-Digital.pdf
01:43:50 INFO     Ignorado (guia/template/norma): cgrep-guia10passos-ptd-orgao.pdf
01:43:50 INFO     Ignorado (guia/template/norma): ABNT-NBR-17225-Acessibilidade-Digital.pdf
01:43:50 INFO     Scraping: 132 PDFs únicos | entregas: 68 | diretivos: 61
01:43:50 INFO     Baixando 132 PDFs únicos...
01:43:52 INFO     ✓ [  1/132] abin_ptd_anexo_de_entregas_assinado_pelo_orgao_ass   293.3KB
01:43:55 INFO     ✓ [  2/132] aeb_ptd_2025_2027_docdiretivo_aprovado_assinado-1_  1033.7KB
01:43:57 INFO     ✓ [  3/132] aeb_ptd_2025_2027_anexo_de_entregas_aprovado_assin   154.5KB
01:44:03 INFO     ✓ [  4/132] agu_ptd_2025_2027_docdiretivo_assinado_assinado_as  2860.3KB
01:44:05 INFO     ✓ [  5/132] agu_ptd_2025_2027_anexo_de_entregas_assinado_assin   525.5KB
01:44:08 INFO     ✓ [  6/132] ana_ptd_2025_2027_docdiretivo_assinado_assinado_as   477.2KB
01:44:10 INFO     ✓ [  7/132] ana_ptd_2025_2027_anexoentregas_assinado_assinado_   170.9KB
01:44:13 INFO     ✓ [  8/132] anac_ptd_2025_2026_docdiretivo_se_assinado_tarjado  1036.3KB
01:44:16 INFO     ✓ [  9/132] anac_ptd_2025_2026_anexo_de_entregas_se_assinado.p   215.2KB
01:44:19 INFO     ✓ [ 10/132] anatel_ptd_docdiretivo_assinado_2025_2026_assinado  1006.0KB
01:44:21 INFO     ✓ [ 11/132] anatel_ptd_2025_2026_anexo_de_entregas_do_ptd_publ    71.9KB
01:44:24 INFO     ✓ [ 12/132] ancine_ptd_2024_2026_docdiretivo_assinado-2_assina   961.8KB
01:44:27 INFO     ✓ [ 13/132] ancine_ptd_2024_2026_-_anexo_de_entregas_aprovado_   613.2KB
01:44:30 INFO     ✓ [ 14/132] ptd_aneel_2025-2027_docdiretivo_assinado_tarjado.p   779.6KB
01:44:32 INFO     ✓ [ 15/132] ptd_aneel_2025-2027_anexo_de_entregas_assinado.pdf   111.9KB
01:44:35 INFO     ✓ [ 16/132] anm_ptd_2025_2027_docdiretivo_assinadopeloorgao_ta  1092.5KB
01:44:38 INFO     ✓ [ 17/132] anm_ptd_2025_2027_anexo_entregas_assinadopeloorgao  1140.4KB
01:44:42 INFO     ✓ [ 18/132] anpd_ptd_2025_2027_docdiretivo_assinado_assinado_a  1044.3KB
01:44:44 INFO     ✓ [ 19/132] anpd_ptd_2025_2027_anexo_de_entregas_assinado_assi   166.5KB
01:44:47 INFO     ✓ [ 20/132] ans-plano_de_transformacao_digital_assinado-copia_  1023.4KB
01:44:49 INFO     ✓ [ 21/132] ans_ptd_2025_2026_anexo_de_entregas_assinado_assin   124.1KB
01:44:53 INFO     ✓ [ 22/132] antaq_ptd_2025_2027_docdiretivo_assinado_assinado_  1039.8KB
01:44:55 INFO     ✓ [ 23/132] antaq_ptd_2025_2027_anexoentregas_assinado_assinad   145.1KB
01:44:57 INFO     ✓ [ 24/132] mt_anexo_de_entregas_-_assinado_assinado_assinado_   143.6KB
01:45:06 INFO     ✓ [ 25/132] anvisa_ptd_docdiretivo_2025-2026_assinado_assinado  5771.2KB
01:45:08 INFO     ✓ [ 26/132] anvisa_ptd_anexo_de_entregas_2025_2026_assinado_as   239.0KB
01:45:11 INFO     ✓ [ 27/132] bcb_documento_diretivo_assinado_assinado_assinado-   713.7KB
01:45:13 INFO     ✓ [ 28/132] bcb_anexo_de_entregas_ptd_25_26-1_assinado_assinad   134.8KB
01:45:16 INFO     ✓ [ 29/132] cade_ptd_docdiretivo_2025_2026_assinado-2_assinado   810.4KB
01:45:19 INFO     ✓ [ 30/132] cade_ptd_anexo_de_entregas_2025_2026_assinado_copi   504.0KB
01:45:22 INFO     ✓ [ 31/132] mec_ptd_docdiretivo_2025-2026_sei_mec-5566673_copi   863.1KB
01:45:25 INFO     ✓ [ 32/132] mec_ptd_anexo-de-entregas_sei_mec-5576401_copia_ta   495.7KB
01:45:29 INFO     ✓ [ 33/132] mec_ptd_docdiretivo-versao-comunicacao_copia_tarja  1616.5KB
01:45:31 INFO     ✓ [ 34/132] md_ptd_2026_2027_anexo_de_entregas_assinado_assina   579.4KB
01:45:34 INFO     ✓ [ 35/132] md_ptd_2026_2027_anexo_de_entregas_assinado_assina   186.8KB
01:45:37 INFO     ✓ [ 36/132] md_ptd_temp_copia_tarjada.pdf                        741.9KB
01:45:40 INFO     ✓ [ 37/132] cgu_ptd_docdiretivo_assinado_assinado_assinado-cop  1085.4KB
01:45:43 INFO     ✓ [ 38/132] cgu_ptd_anexo_de_entregas_pactuadas_assinado_assin   514.1KB
01:45:45 INFO     ✓ [ 39/132] cnpq_ptd_2025_2027_docdiretivo_assinado_assinado_a   342.9KB
01:45:47 INFO     ✓ [ 40/132] cnpq_ptd_2025_2027_anexo_de_entregas_assinado_assi   136.1KB
01:45:50 INFO     ✓ [ 41/132] coaf_ptd_2025_2026_documento_diretivo_assinado_ass  1068.0KB
01:45:56 INFO     ✓ [ 42/132] coaf_ptd_2025_2026_anexo_de_entregas-2_assinado_as  3184.5KB
01:46:02 INFO     ✓ [ 43/132] ptd_midr-docdiretivo_aprovado_assinado_tarjado.pdf  3864.1KB
01:46:05 INFO     ✓ [ 44/132] ptd_midr_-_anexo_de_entregas_-_aprovado_assinado.p  1122.0KB
01:46:08 INFO     ✓ [ 45/132] mda-documento-diretivo-assinado_ptd-2025-207-copia   955.8KB
01:46:11 INFO     ✓ [ 46/132] cvm_ptd_2025_2027_docdiretivo_assinado_assinado_as   270.5KB
01:46:13 INFO     ✓ [ 47/132] cvm_ptd_2025_2027_anexoentregas_assinado_assinado_   409.0KB
01:46:16 INFO     ✓ [ 48/132] dnocs_ptd_doc_diretivo_2025_2026_assinado_orgao-2_   891.1KB
01:46:19 INFO     ✓ [ 49/132] dnocs_anexo_de_entregas_repactuado_2025_2026_assin   272.3KB
01:46:24 INFO     ✓ [ 50/132] fbn_ptd_2025_2027_docdiretivo_assinado-1_tarjado.p  2921.6KB
01:46:26 INFO     ✓ [ 51/132] fbn_ptd_2025_2027_anexo_de_entregas_assinado-1.pdf   162.3KB
01:46:30 INFO     ✓ [ 52/132] fcp_ptd_2025_2027_docdiretivo_assinado-1_tarjado.p  1612.0KB
01:46:32 INFO     ✓ [ 53/132] fcp_ptd_2025_2027_anexo_de_entregas_assinado-1.pdf   118.8KB
01:46:35 INFO     ✓ [ 54/132] fcrb_ptd_2025_2026_docdiretivo_aprovado_assinado-1   998.2KB
01:46:38 INFO     ✓ [ 55/132] fcrb_ptd_2025_2026_anexo_de_entregas_aprovado_assi   313.5KB
01:46:41 INFO     ✓ [ 56/132] fiocruz_novo-ptd_2-1_docdiretivo_repactuacao_2024-  1318.1KB
01:46:44 INFO     ✓ [ 57/132] fiocruz_ptd_anexo_de_entregas_assinado_v1_assinado   257.1KB
01:46:48 INFO     ✓ [ 58/132] fiocruz-ptd-06_2024-copia_tarjada.pdf               1693.8KB
01:46:52 INFO     ✓ [ 59/132] funai_ptd_2025_2027_docdiretivo_assinado-1_tarjado  1842.1KB
01:46:54 INFO     ✓ [ 60/132] funai_anexo_de_entregas_repactuado_2026_2027_assin   435.7KB
01:46:57 INFO     ✓ [ 61/132] funarte_ptd_docdiretivo_assinado_21_01_2025_assina   965.7KB
01:47:00 INFO     ✓ [ 62/132] funarte_ptd_anexo_de_entregas_assinado_v1_assinado   683.6KB
01:47:03 INFO     ✓ [ 63/132] fundacentro_ptd_2025_2027_docdiretivo_assinado_ass   826.6KB
01:47:05 INFO     ✓ [ 64/132] fundacentro_ptd_2025_2027_anexo_de_entregas_assina   635.5KB
01:47:08 INFO     ✓ [ 65/132] mma_ptd_docdiretivo_assinado_2025_2026-1_assinado_   949.3KB
01:47:11 INFO     ✓ [ 66/132] mma_ptd_anexo_de_entregas_aprovado_final_assinado_   174.8KB
01:47:14 INFO     ✓ [ 67/132] ibge_docdiretivo_2025_assinado_assinado_assinado-c  1167.3KB
01:47:16 INFO     ✓ [ 68/132] ibge_ptd_25_26_anexo_de_entregas_modelo_v2-1_assin   143.7KB
01:47:26 INFO     ✓ [ 69/132] incra_ptd_docdiretivo__assinado-1_assinado_assinad  7182.0KB
01:47:30 INFO     ✓ [ 70/132] incra_anexo_de_entregas_assinado-1_assinado_assina  1818.6KB
01:47:35 INFO     ✓ [ 71/132] inpi_ptd_docdiretivo_assinado_2025_2026_assinado_a  3322.4KB
01:47:41 INFO     ✓ [ 72/132] inpi_ptd_anexo_de_entregas_assinado_v1_assinado_as  3078.1KB
01:47:44 INFO     ✓ [ 73/132] inss_ptd_2025_2027_docdiretivo-assinado-copia_tarj  1173.3KB
01:47:46 INFO     ✓ [ 74/132] inss_ptd_2025_2027_anexo_de_entregas-assinado-copi   110.8KB
01:47:49 INFO     ✓ [ 75/132] iphan_ptd_docdiretivo_assinado_2025_2026_assinado_   885.7KB
01:47:51 INFO     ✓ [ 76/132] iphan_ptd_anexo_de_entregas_assinado_v1_assinado_a   310.9KB
01:47:59 INFO     ✓ [ 77/132] iti_doc_diretivo_assinado-1_tarjado.pdf             4905.1KB
01:48:02 INFO     ✓ [ 78/132] iti_anexo_de_entregas_assinado.pdf                   556.4KB
01:48:08 INFO     ✓ [ 79/132] mapa_ptd_2025_2027_docdiretivo_assinado-1_tarjado.  1740.9KB
01:48:10 INFO     ✓ [ 80/132] mapa_ptd_2025_2027_anexo_de_entregas_assinado-1.pd   261.9KB
01:48:17 INFO     ✓ [ 81/132] documento-diretivo-mcom-_-ptd-25_27-copia_tarjada.  4451.9KB
01:48:20 INFO     ✓ [ 82/132] anexo-de-entregas-mcom_ptd-25_27-copia_tarjada.pdf  1213.8KB
01:48:25 INFO     ✓ [ 83/132] ptd_21_24_mcom-copia_tarjada.pdf                    3040.7KB
01:48:28 INFO     ✓ [ 84/132] mcti_ptd_2025-2027_docdiretivo_assinado-copia_tarj  1030.7KB
01:48:31 INFO     ✓ [ 85/132] mcti_ptd_2025-2027_anexo-de-entregas_assinado-copi   145.8KB
01:48:33 INFO     ✓ [ 86/132] mda-anexo-entregas-assinado_ptd-2025-2027-copia-ta   284.6KB
01:48:36 INFO     ✓ [ 87/132] mdhc_ptd_2025_2027_docdiretivo_assinado_assinado_a   753.4KB
01:48:38 INFO     ✓ [ 88/132] mdhc_ptd_2025_2027_anexoentregas_assinado_assinado   186.8KB
01:48:40 INFO     ✓ [ 89/132] mdic_ptd_anexo_de_entregas_assinado_v1_assinado_as   176.6KB
01:48:44 INFO     ✓ [ 90/132] memp_ptd_2025_2026_docdiretivo_assinado_assinado_a  1030.1KB
01:48:46 INFO     ✓ [ 91/132] memp_ptd_2025_2026_anexo_de_entregas_assinado_assi   161.5KB
01:48:49 INFO     ✓ [ 92/132] mesp_ptd_2025_2027_docdiretivo_assinado_assinado_2  1147.7KB
01:48:52 INFO     ✓ [ 93/132] mesp_ptd_2025_2027_anexo_de_entregas_assinado_assi   226.6KB
01:48:55 INFO     ✓ [ 94/132] mf_ptd_2026_2027_documentodiretivo_assinado_assina   955.1KB
01:48:57 INFO     ✓ [ 95/132] mf_ptd_2026_2027_anexo_de_entregas_1_mf_se_assinad   241.2KB
01:48:59 INFO     ✓ [ 96/132] mgi_ptd_2025_2027_docdiretivo_assinado_assinado_as   375.2KB
01:49:02 INFO     ✓ [ 97/132] mgi_ptd_2025_2027_anexo_de_entregas_assinado_assin   256.1KB
01:49:05 INFO     ✓ [ 98/132] minc_ptd_2025_2027_docdiretivo_assinado-1_assinado   863.6KB
01:49:08 INFO     ✓ [ 99/132] minc_ptd_2025_2027_anexo_de_entregas_assinado-1_as   276.7KB
01:49:11 INFO     ✓ [100/132] mjsp_ptd_docdiretivo_assinado_2025_2026_assinado_a   954.0KB
01:49:13 INFO     ✓ [101/132] mjsp_ptd_anexo_de_entregas_assinado_v1_assinado_as   253.9KB
01:49:16 INFO     ✓ [102/132] mme_ptd_2025_2027_docdiretivo_assinado-copia_tarja   664.5KB
01:49:18 INFO     ✓ [103/132] mme_ptd_2025_2027_anexo_de_entregas_assinado__1_-c   111.1KB
01:49:21 INFO     ✓ [104/132] mmulheres_ptd_2025_2027_docdiretivo_assinado_assin  1078.3KB
01:49:24 INFO     ✓ [105/132] mmulheres_ptd_2025_2027_anexo_de_entregas_assinado   216.9KB
01:49:27 INFO     ✓ [106/132] mpi_ptd_2025_2027_docdiretivo_ministerio_dos_povos   947.9KB
01:49:29 INFO     ✓ [107/132] mpi_ptd_anexo_de_entregas_do_plano_de_tranformacao   191.9KB
01:49:32 INFO     ✓ [108/132] mpo_ptd_docdiretivo_assinado_2025_2026_assinado_as   806.3KB
01:49:34 INFO     ✓ [109/132] mpo_ptd_anexo_de_entregas_assinado_v1_assinado_ass   323.2KB
01:49:37 INFO     ✓ [110/132] mpor_ptd_2025_2027_docdiretivo_assinado_assinado_a   876.5KB
01:49:40 INFO     ✓ [111/132] mpor_ptd_2025_2027_anexo_de_entregas_assinado_assi   175.1KB
01:49:43 INFO     ✓ [112/132] mps_ptd_2025-2026_docdiretivo_final_assinado-1_ass  1024.4KB
01:49:45 INFO     ✓ [113/132] mps_ptd_2025-2026_anexo_de_entregas_final_assinado   165.0KB
01:49:48 INFO     ✓ [114/132] mre_ptd_docdiretivo_assinado_2025_2026_assinado_as   760.9KB
01:49:50 INFO     ✓ [115/132] mre_ptd_anexo_de_entregas_assinado_v1_assinado_ass   233.2KB
01:49:54 INFO     ✓ [116/132] mte_ptd_2025_2026_docdiretivo_assinado_assinado_as   729.6KB
01:49:56 INFO     ✓ [117/132] mte_ptd_anexo_de_entregas_assinado_v1__281_29_assi   459.5KB
01:50:00 INFO     ✓ [118/132] mtur_ptd_docdiretiv_assinado_30_01_2025_assinado_a  1050.4KB
01:50:02 INFO     ✓ [119/132] mtur_ptd_anexo_de_entregas_assinado_30_01_2025_ass   118.8KB
01:50:05 INFO     ✓ [120/132] pf_ptd_docdiretivo_2025_2027_assinado-copia_tarjad   964.3KB
01:50:07 INFO     ✓ [121/132] pf_ptd_anexo_de_entregas_2025_2027_assinado-copia_    62.5KB
01:50:10 INFO     ✓ [122/132] mf_ptd_2026_2027_anexo_de_entregas_4_mf_pgfn_assin   466.8KB
01:50:19 INFO     ✓ [123/132] previc_plano_de_transformacao_digital_2025_2026_29  6652.7KB
01:50:21 INFO     ✓ [124/132] previc_ptd_repactuacao_2025-2026_assinado_assinado   182.9KB
01:50:24 INFO     ✓ [125/132] prf_documentodiretivo_ptd_2026-2027_assinado_tarja   535.9KB
01:50:26 INFO     ✓ [126/132] prf_anexo_de_entregas_do_ptd__2026_2027___ptd___en   157.7KB
01:50:28 INFO     ✓ [127/132] mf_ptd_2026_2027_anexo_de_entregas_2_mf_rfb_assina   253.7KB
01:50:31 INFO     ✓ [128/132] sgpr_ptd_2026_2027_docdiretivo_assinado-copia_tarj   791.2KB
01:50:35 INFO     ✓ [129/132] sgpr_ptd_2025_2027_anexo_de_entregas_assinado-copi   897.9KB
01:50:37 INFO     ✓ [130/132] mf_ptd_2026_2027_anexo_de_entregas_3_mf_stn_assina   467.8KB
01:50:40 INFO     ✓ [131/132] susep_ptd_2025_2027_docdiretivo-assinado-copia_tar  1030.1KB
01:50:43 INFO     ✓ [132/132] susep_ptd_2025-2026_anexo_de_entregas_final_assina   221.9KB
01:50:44 INFO     132 OK | 0 erros | 123.3 MB total
01:50:50 INFO     Sanity: 132 PDFs | 113 texto | 19 imagem/OCR | 0 duplicatas
01:50:50 INFO     --siglas (debug): 15 PDFs de ['AGU', 'FIOCRUZ', 'FUNAI', 'FUNDACENTRO', 'INCRA', 'ITI', 'MCOM', 'SGPR']
01:50:50 INFO     DocumentConverter instanciado (singleton × 2: plain + OCR)
01:50:50 INFO     [1/15] → agu_ptd_2025_2027_anexo_de_entregas_assinado_assinado_assinado-copia_tarjada.pdf
01:50:50 INFO     detected formats: [<InputFormat.PDF: 'pdf'>]
01:50:50 INFO     Going to convert document batch...
01:50:50 INFO     Initializing pipeline for StandardPdfPipeline with options hash bc6794697da537796efc497178f9263f
01:50:50 INFO     Loading plugin 'docling_defaults'
01:50:50 INFO     Registered picture descriptions: ['picture_description_vlm_engine', 'vlm', 'api']
01:50:50 INFO     Loading plugin 'docling_defaults'
01:50:50 INFO     Registered ocr engines: ['auto', 'easyocr', 'kserve_v2_ocr', 'ocrmac', 'rapidocr', 'tesserocr', 'tesseract']
01:50:50 INFO     command: tesseract --list-langs
01:50:50 INFO     Loading plugin 'docling_defaults'
01:50:50 INFO     Registered layout engines: ['layout_object_detection', 'docling_layout_default', 'docling_experimental_table_crops_layout']
01:50:50 INFO     Accelerator device: 'cpu'
01:50:50 INFO     HTTP Request: GET https://huggingface.co/api/models/docling-project/docling-layout-heron/revision/main "HTTP/1.1 200 OK"
01:50:50 INFO     HTTP Request: HEAD https://huggingface.co/docling-project/docling-layout-heron/resolve/8f39ad3c0b4c58e9c2d2c84a38465abf757272d8/README.md "HTTP/1.1 307 Temporary Redirect"
01:50:50 WARNING  Warning: You are sending unauthenticated requests to the HF Hub. Please set a HF_TOKEN to enable higher rate limits and faster downloads.
01:50:50 INFO     HTTP Request: HEAD https://huggingface.co/api/resolve-cache/models/docling-project/docling-layout-heron/8f39ad3c0b4c58e9c2d2c84a38465abf757272d8/README.md "HTTP/1.1 200 OK"
01:50:50 INFO     HTTP Request: HEAD https://huggingface.co/docling-project/docling-layout-heron/resolve/8f39ad3c0b4c58e9c2d2c84a38465abf757272d8/.gitattributes "HTTP/1.1 307 Temporary Redirect"
01:50:50 INFO     HTTP Request: HEAD https://huggingface.co/docling-project/docling-layout-heron/resolve/8f39ad3c0b4c58e9c2d2c84a38465abf757272d8/preprocessor_config.json "HTTP/1.1 307 Temporary Redirect"
01:50:50 INFO     HTTP Request: HEAD https://huggingface.co/docling-project/docling-layout-heron/resolve/8f39ad3c0b4c58e9c2d2c84a38465abf757272d8/docling_heron_400.png "HTTP/1.1 307 Temporary Redirect"
01:50:50 INFO     HTTP Request: GET https://huggingface.co/api/resolve-cache/models/docling-project/docling-layout-heron/8f39ad3c0b4c58e9c2d2c84a38465abf757272d8/README.md "HTTP/1.1 200 OK"
01:50:50 INFO     HTTP Request: HEAD https://huggingface.co/docling-project/docling-layout-heron/resolve/8f39ad3c0b4c58e9c2d2c84a38465abf757272d8/model.safetensors "HTTP/1.1 302 Found"
01:50:50 INFO     HTTP Request: HEAD https://huggingface.co/docling-project/docling-layout-heron/resolve/8f39ad3c0b4c58e9c2d2c84a38465abf757272d8/config.json "HTTP/1.1 307 Temporary Redirect"
01:50:50 INFO     HTTP Request: HEAD https://huggingface.co/api/resolve-cache/models/docling-project/docling-layout-heron/8f39ad3c0b4c58e9c2d2c84a38465abf757272d8/.gitattributes "HTTP/1.1 200 OK"
01:50:50 INFO     HTTP Request: HEAD https://huggingface.co/api/resolve-cache/models/docling-project/docling-layout-heron/8f39ad3c0b4c58e9c2d2c84a38465abf757272d8/docling_heron_400.png "HTTP/1.1 200 OK"
01:50:50 INFO     HTTP Request: HEAD https://huggingface.co/api/resolve-cache/models/docling-project/docling-layout-heron/8f39ad3c0b4c58e9c2d2c84a38465abf757272d8/preprocessor_config.json "HTTP/1.1 200 OK"
01:50:50 INFO     HTTP Request: HEAD https://huggingface.co/api/resolve-cache/models/docling-project/docling-layout-heron/8f39ad3c0b4c58e9c2d2c84a38465abf757272d8/config.json "HTTP/1.1 200 OK"
01:50:50 INFO     HTTP Request: GET https://huggingface.co/api/resolve-cache/models/docling-project/docling-layout-heron/8f39ad3c0b4c58e9c2d2c84a38465abf757272d8/.gitattributes "HTTP/1.1 200 OK"
01:50:50 INFO     HTTP Request: GET https://huggingface.co/api/resolve-cache/models/docling-project/docling-layout-heron/8f39ad3c0b4c58e9c2d2c84a38465abf757272d8/preprocessor_config.json "HTTP/1.1 200 OK"
01:50:50 INFO     HTTP Request: GET https://huggingface.co/api/resolve-cache/models/docling-project/docling-layout-heron/8f39ad3c0b4c58e9c2d2c84a38465abf757272d8/docling_heron_400.png "HTTP/1.1 200 OK"
01:50:50 INFO     HTTP Request: GET https://huggingface.co/api/resolve-cache/models/docling-project/docling-layout-heron/8f39ad3c0b4c58e9c2d2c84a38465abf757272d8/config.json "HTTP/1.1 200 OK"
01:50:50 INFO     HTTP Request: GET https://huggingface.co/api/models/docling-project/docling-layout-heron/xet-read-token/8f39ad3c0b4c58e9c2d2c84a38465abf757272d8 "HTTP/1.1 200 OK"
01:50:52 INFO     Loading plugin 'docling_defaults'
01:50:52 INFO     Registered table structure engines: ['docling_tableformer', 'docling_tableformer_v2']
01:50:52 INFO     HTTP Request: GET https://huggingface.co/api/models/docling-project/docling-models/revision/v2.3.0 "HTTP/1.1 200 OK"
01:50:52 INFO     HTTP Request: HEAD https://huggingface.co/docling-project/docling-models/resolve/fc0f2d45e2218ea24bce5045f58a389aed16dc23/.gitignore "HTTP/1.1 307 Temporary Redirect"
01:50:52 INFO     HTTP Request: HEAD https://huggingface.co/docling-project/docling-models/resolve/fc0f2d45e2218ea24bce5045f58a389aed16dc23/README.md "HTTP/1.1 307 Temporary Redirect"
01:50:52 INFO     HTTP Request: HEAD https://huggingface.co/docling-project/docling-models/resolve/fc0f2d45e2218ea24bce5045f58a389aed16dc23/.gitattributes "HTTP/1.1 307 Temporary Redirect"
01:50:52 INFO     HTTP Request: HEAD https://huggingface.co/docling-project/docling-models/resolve/fc0f2d45e2218ea24bce5045f58a389aed16dc23/model_artifacts/tableformer/accurate/tableformer_accurate.safetensors "HTTP/1.1 302 Found"
01:50:52 INFO     HTTP Request: HEAD https://huggingface.co/docling-project/docling-models/resolve/fc0f2d45e2218ea24bce5045f58a389aed16dc23/model_artifacts/tableformer/accurate/tm_config.json "HTTP/1.1 307 Temporary Redirect"
01:50:52 INFO     HTTP Request: HEAD https://huggingface.co/docling-project/docling-models/resolve/fc0f2d45e2218ea24bce5045f58a389aed16dc23/config.json "HTTP/1.1 307 Temporary Redirect"
01:50:52 INFO     HTTP Request: HEAD https://huggingface.co/api/resolve-cache/models/docling-project/docling-models/fc0f2d45e2218ea24bce5045f58a389aed16dc23/.gitignore "HTTP/1.1 200 OK"
01:50:52 INFO     HTTP Request: HEAD https://huggingface.co/api/resolve-cache/models/docling-project/docling-models/fc0f2d45e2218ea24bce5045f58a389aed16dc23/README.md "HTTP/1.1 200 OK"
01:50:52 INFO     HTTP Request: HEAD https://huggingface.co/api/resolve-cache/models/docling-project/docling-models/fc0f2d45e2218ea24bce5045f58a389aed16dc23/.gitattributes "HTTP/1.1 200 OK"
01:50:52 INFO     HTTP Request: HEAD https://huggingface.co/api/resolve-cache/models/docling-project/docling-models/fc0f2d45e2218ea24bce5045f58a389aed16dc23/model_artifacts%2Ftableformer%2Faccurate%2Ftm_config.json "HTTP/1.1 200 OK"
01:50:52 INFO     HTTP Request: HEAD https://huggingface.co/api/resolve-cache/models/docling-project/docling-models/fc0f2d45e2218ea24bce5045f58a389aed16dc23/config.json "HTTP/1.1 200 OK"
01:50:52 INFO     HTTP Request: GET https://huggingface.co/api/resolve-cache/models/docling-project/docling-models/fc0f2d45e2218ea24bce5045f58a389aed16dc23/.gitignore "HTTP/1.1 200 OK"
01:50:52 INFO     HTTP Request: GET https://huggingface.co/api/resolve-cache/models/docling-project/docling-models/fc0f2d45e2218ea24bce5045f58a389aed16dc23/README.md "HTTP/1.1 200 OK"
01:50:52 INFO     HTTP Request: GET https://huggingface.co/api/resolve-cache/models/docling-project/docling-models/fc0f2d45e2218ea24bce5045f58a389aed16dc23/.gitattributes "HTTP/1.1 200 OK"
01:50:52 INFO     HTTP Request: HEAD https://huggingface.co/docling-project/docling-models/resolve/fc0f2d45e2218ea24bce5045f58a389aed16dc23/model_artifacts/tableformer/fast/tm_config.json "HTTP/1.1 307 Temporary Redirect"
01:50:52 INFO     HTTP Request: GET https://huggingface.co/api/resolve-cache/models/docling-project/docling-models/fc0f2d45e2218ea24bce5045f58a389aed16dc23/config.json "HTTP/1.1 200 OK"
01:50:52 INFO     HTTP Request: HEAD https://huggingface.co/docling-project/docling-models/resolve/fc0f2d45e2218ea24bce5045f58a389aed16dc23/model_artifacts/tableformer/fast/tableformer_fast.safetensors "HTTP/1.1 302 Found"
01:50:52 INFO     HTTP Request: GET https://huggingface.co/api/resolve-cache/models/docling-project/docling-models/fc0f2d45e2218ea24bce5045f58a389aed16dc23/model_artifacts%2Ftableformer%2Faccurate%2Ftm_config.json "HTTP/1.1 200 OK"
01:50:52 INFO     HTTP Request: GET https://huggingface.co/api/models/docling-project/docling-models/xet-read-token/fc0f2d45e2218ea24bce5045f58a389aed16dc23 "HTTP/1.1 200 OK"
01:50:52 INFO     HTTP Request: HEAD https://huggingface.co/api/resolve-cache/models/docling-project/docling-models/fc0f2d45e2218ea24bce5045f58a389aed16dc23/model_artifacts%2Ftableformer%2Ffast%2Ftm_config.json "HTTP/1.1 200 OK"
01:50:52 INFO     HTTP Request: GET https://huggingface.co/api/resolve-cache/models/docling-project/docling-models/fc0f2d45e2218ea24bce5045f58a389aed16dc23/model_artifacts%2Ftableformer%2Ffast%2Ftm_config.json "HTTP/1.1 200 OK"
01:50:52 INFO     HTTP Request: GET https://huggingface.co/api/models/docling-project/docling-models/xet-read-token/fc0f2d45e2218ea24bce5045f58a389aed16dc23 "HTTP/1.1 200 OK"
01:50:53 INFO     Accelerator device: 'cpu'
01:50:53 INFO     Processing document agu_ptd_2025_2027_anexo_de_entregas_assinado_assinado_assinado-copia_tarjada.pdf
01:50:54 INFO     command: tesseract --psm 0 -l osd /tmp/tmpuf9k4svp.png stdout
01:50:55 INFO     command: tesseract -l por /tmp/tmpuf9k4svp.png stdout tsv
01:50:58 INFO     command: tesseract --psm 0 -l osd /tmp/tmp1b66d82f.png stdout
01:50:59 INFO     command: tesseract -l por /tmp/tmp1b66d82f.png stdout tsv
01:51:17 INFO     Finished converting document agu_ptd_2025_2027_anexo_de_entregas_assinado_assinado_assinado-copia_tarjada.pdf in 27.31 sec.
01:51:17 INFO       pixel_budget (Docling) agu_ptd_2025_2027_anexo_de_entregas_assinado_assinado_assinado-copia_tarjada.pdf: 45.8% (área tabelas/1001817 px²)
01:51:17 INFO     [1/15] ✓ AGU       :   33 entregas | 27.3s | ETA ~6min
01:51:17 INFO     [2/15] → agu_ptd_2025_2027_docdiretivo_assinado_assinado_assinado-copia_tarjada.pdf
01:51:17 INFO     detected formats: [<InputFormat.PDF: 'pdf'>]
01:51:17 INFO     Going to convert document batch...
01:51:17 INFO     Processing document agu_ptd_2025_2027_docdiretivo_assinado_assinado_assinado-copia_tarjada.pdf
01:51:18 INFO     command: tesseract --psm 0 -l osd /tmp/tmpkpi41d62.png stdout
01:51:18 INFO     command: tesseract -l por /tmp/tmpkpi41d62.png stdout tsv
01:51:20 INFO     command: tesseract --psm 0 -l osd /tmp/tmp912bqbdc.png stdout
01:51:21 INFO     command: tesseract -l por /tmp/tmp912bqbdc.png stdout tsv
01:51:26 INFO     command: tesseract --psm 0 -l osd /tmp/tmpmetjod0x.png stdout
01:51:27 INFO     command: tesseract -l por /tmp/tmpmetjod0x.png stdout tsv
01:51:29 INFO     command: tesseract --psm 0 -l osd /tmp/tmphnlfng1j.png stdout
01:51:30 INFO     command: tesseract -l por /tmp/tmphnlfng1j.png stdout tsv
01:51:32 INFO     command: tesseract --psm 0 -l osd /tmp/tmp9avoo0yo.png stdout
01:51:33 INFO     command: tesseract -l por /tmp/tmp9avoo0yo.png stdout tsv
01:51:35 INFO     command: tesseract --psm 0 -l osd /tmp/tmpgywozkve.png stdout
01:51:37 INFO     command: tesseract -l por /tmp/tmpgywozkve.png stdout tsv
01:51:47 INFO     command: tesseract --psm 0 -l osd /tmp/tmpp_b2_l_b.png stdout
01:51:48 INFO     command: tesseract -l por /tmp/tmpp_b2_l_b.png stdout tsv
01:51:50 INFO     command: tesseract --psm 0 -l osd /tmp/tmpdmhdd_cq.png stdout
01:51:51 INFO     command: tesseract -l por /tmp/tmpdmhdd_cq.png stdout tsv
01:51:53 INFO     command: tesseract --psm 0 -l osd /tmp/tmpor0lc17w.png stdout
01:51:54 INFO     command: tesseract -l por /tmp/tmpor0lc17w.png stdout tsv
01:51:56 INFO     command: tesseract --psm 0 -l osd /tmp/tmp68i0_k86.png stdout
01:51:58 INFO     command: tesseract -l por /tmp/tmp68i0_k86.png stdout tsv
01:52:14 INFO     command: tesseract --psm 0 -l osd /tmp/tmpehbvwe_o.png stdout
01:52:15 INFO     command: tesseract -l por /tmp/tmpehbvwe_o.png stdout tsv
01:52:18 INFO     Finished converting document agu_ptd_2025_2027_docdiretivo_assinado_assinado_assinado-copia_tarjada.pdf in 60.87 sec.
01:52:18 INFO       pixel_budget (Docling) agu_ptd_2025_2027_docdiretivo_assinado_assinado_assinado-copia_tarjada.pdf: 2.1% (área tabelas/5513330 px²)
01:52:18 INFO     [2/15] ✓ AGU       :    6 entregas | 60.9s | ETA ~9min
01:52:18 INFO     [3/15] → anexo-de-entregas-mcom_ptd-25_27-copia_tarjada.pdf
01:52:18 INFO     detected formats: [<InputFormat.PDF: 'pdf'>]
01:52:18 INFO     Going to convert document batch...
01:52:18 INFO     Processing document anexo-de-entregas-mcom_ptd-25_27-copia_tarjada.pdf
01:52:19 INFO     command: tesseract --psm 0 -l osd /tmp/tmp3fdvr2ao.png stdout
01:52:20 INFO     command: tesseract -l por /tmp/tmp3fdvr2ao.png stdout tsv
01:52:23 INFO     command: tesseract --psm 0 -l osd /tmp/tmpz7kuiaeg.png stdout
01:52:24 INFO     command: tesseract -l por /tmp/tmpz7kuiaeg.png stdout tsv
01:52:38 INFO     command: tesseract --psm 0 -l osd /tmp/tmp9vhncxiv.png stdout
01:52:38 INFO     command: tesseract -l por /tmp/tmp9vhncxiv.png stdout tsv
01:52:59 INFO     Finished converting document anexo-de-entregas-mcom_ptd-25_27-copia_tarjada.pdf in 40.39 sec.
01:52:59 INFO       pixel_budget (Docling) anexo-de-entregas-mcom_ptd-25_27-copia_tarjada.pdf: 55.2% (área tabelas/1503636 px²)
01:52:59 INFO     [3/15] ✓ MCOM      :   55 entregas | 40.4s | ETA ~8min
01:52:59 INFO     [4/15] → documento-diretivo-mcom-_-ptd-25_27-copia_tarjada.pdf
01:52:59 INFO     detected formats: [<InputFormat.PDF: 'pdf'>]
01:52:59 INFO     Going to convert document batch...
01:52:59 INFO     Processing document documento-diretivo-mcom-_-ptd-25_27-copia_tarjada.pdf
01:52:59 INFO     command: tesseract --psm 0 -l osd /tmp/tmpyzqtbxz0.png stdout
01:53:00 INFO     command: tesseract -l por /tmp/tmpyzqtbxz0.png stdout tsv
01:53:02 INFO     command: tesseract --psm 0 -l osd /tmp/tmp_j54ikkd.png stdout
01:53:03 INFO     command: tesseract -l por /tmp/tmp_j54ikkd.png stdout tsv
01:53:08 INFO     command: tesseract --psm 0 -l osd /tmp/tmp0crgknqv.png stdout
01:53:09 INFO     command: tesseract -l por /tmp/tmp0crgknqv.png stdout tsv
01:53:10 INFO     command: tesseract --psm 0 -l osd /tmp/tmpurboj8ch.png stdout
01:53:11 INFO     command: tesseract -l por /tmp/tmpurboj8ch.png stdout tsv
01:53:13 INFO     command: tesseract --psm 0 -l osd /tmp/tmpc9m9u5mg.png stdout
01:53:14 INFO     command: tesseract -l por /tmp/tmpc9m9u5mg.png stdout tsv
01:53:16 INFO     command: tesseract --psm 0 -l osd /tmp/tmpj92jel42.png stdout
01:53:18 INFO     command: tesseract -l por /tmp/tmpj92jel42.png stdout tsv
01:53:33 INFO     command: tesseract --psm 0 -l osd /tmp/tmpohsiypok.png stdout
01:53:34 INFO     command: tesseract -l por /tmp/tmpohsiypok.png stdout tsv
01:53:36 INFO     command: tesseract --psm 0 -l osd /tmp/tmpvg4oqb34.png stdout
01:53:37 INFO     command: tesseract -l por /tmp/tmpvg4oqb34.png stdout tsv
01:53:39 INFO     command: tesseract --psm 0 -l osd /tmp/tmplwl98y_d.png stdout
01:53:40 INFO     command: tesseract -l por /tmp/tmplwl98y_d.png stdout tsv
01:53:42 INFO     command: tesseract --psm 0 -l osd /tmp/tmp4kcssmil.png stdout
01:53:43 INFO     command: tesseract -l por /tmp/tmp4kcssmil.png stdout tsv
01:53:51 INFO     command: tesseract --psm 0 -l osd /tmp/tmpv4fi58nn.png stdout
01:53:52 INFO     command: tesseract -l por /tmp/tmpv4fi58nn.png stdout tsv
01:53:56 INFO     command: tesseract --psm 0 -l osd /tmp/tmp5v793k66.png stdout
01:53:57 INFO     command: tesseract -l por /tmp/tmp5v793k66.png stdout tsv
01:53:58 INFO     command: tesseract --psm 0 -l osd /tmp/tmpxoshd03a.png stdout
01:53:59 INFO     command: tesseract -l por /tmp/tmpxoshd03a.png stdout tsv
01:54:01 INFO     command: tesseract --psm 0 -l osd /tmp/tmp631mob1n.png stdout
01:54:02 INFO     command: tesseract -l por /tmp/tmp631mob1n.png stdout tsv
01:54:08 INFO     Finished converting document documento-diretivo-mcom-_-ptd-25_27-copia_tarjada.pdf in 69.45 sec.
01:54:08 INFO       pixel_budget (Docling) documento-diretivo-mcom-_-ptd-25_27-copia_tarjada.pdf: 10.8% (área tabelas/7016966 px²)
01:54:08 WARNING  [4/15] ⚠ MCOM      :    0 entregas | 69.5s | ETA ~9min
01:54:08 INFO     [5/15] → fiocruz-ptd-06_2024-copia_tarjada.pdf
01:54:08 INFO     detected formats: [<InputFormat.PDF: 'pdf'>]
01:54:08 INFO     Going to convert document batch...
01:54:08 INFO     Initializing pipeline for StandardPdfPipeline with options hash d18651824ca6fe56cf3ccb20424ac2c8
01:54:08 INFO     Accelerator device: 'cpu'
01:54:08 INFO     HTTP Request: GET https://huggingface.co/api/models/docling-project/docling-layout-heron/revision/main "HTTP/1.1 200 OK"
01:54:09 INFO     HTTP Request: GET https://huggingface.co/api/models/docling-project/docling-models/revision/v2.3.0 "HTTP/1.1 200 OK"
01:54:09 INFO     Accelerator device: 'cpu'
01:54:09 INFO     Processing document fiocruz-ptd-06_2024-copia_tarjada.pdf
01:55:17 INFO     Finished converting document fiocruz-ptd-06_2024-copia_tarjada.pdf in 69.07 sec.
01:55:17 INFO       pixel_budget (Docling) fiocruz-ptd-06_2024-copia_tarjada.pdf: 36.4% (área tabelas/7518178 px²)
01:55:17 WARNING  [5/15] ⚠ FIOCRUZ   :    0 entregas | 69.1s | ETA ~8min
01:55:17 INFO     [6/15] → fiocruz_novo-ptd_2-1_docdiretivo_repactuacao_2024-2026_assinado_assinado-copia_tarjada.pdf
01:55:17 INFO     detected formats: [<InputFormat.PDF: 'pdf'>]
01:55:17 INFO     Going to convert document batch...
01:55:17 INFO     Processing document fiocruz_novo-ptd_2-1_docdiretivo_repactuacao_2024-2026_assinado_assinado-copia_tarjada.pdf
01:55:35 INFO     Finished converting document fiocruz_novo-ptd_2-1_docdiretivo_repactuacao_2024-2026_assinado_assinado-copia_tarjada.pdf in 17.97 sec.
01:55:35 INFO       pixel_budget (Docling) fiocruz_novo-ptd_2-1_docdiretivo_repactuacao_2024-2026_assinado_assinado-copia_tarjada.pdf: 11.3% (área tabelas/5012118 px²)
01:55:35 WARNING  [6/15] ⚠ FIOCRUZ   :    0 entregas | 18.0s | ETA ~7min
01:55:35 INFO     [7/15] → fiocruz_ptd_anexo_de_entregas_assinado_v1_assinado_assinado-1-copia_tarjada.pdf
01:55:35 INFO     detected formats: [<InputFormat.PDF: 'pdf'>]
01:55:35 INFO     Going to convert document batch...
01:55:35 INFO     Processing document fiocruz_ptd_anexo_de_entregas_assinado_v1_assinado_assinado-1-copia_tarjada.pdf
01:56:08 INFO     Finished converting document fiocruz_ptd_anexo_de_entregas_assinado_v1_assinado_assinado-1-copia_tarjada.pdf in 32.73 sec.
01:56:08 INFO       pixel_budget (Docling) fiocruz_ptd_anexo_de_entregas_assinado_v1_assinado_assinado-1-copia_tarjada.pdf: 54.7% (área tabelas/2004847 px²)
01:56:08 INFO     [7/15] ✓ FIOCRUZ   :   62 entregas | 32.7s | ETA ~6min
01:56:08 INFO     [8/15] → funai_anexo_de_entregas_repactuado_2026_2027_assinado_assinado_assinado.pdf
01:56:08 INFO     detected formats: [<InputFormat.PDF: 'pdf'>]
01:56:08 INFO     Going to convert document batch...
01:56:08 INFO     Processing document funai_anexo_de_entregas_repactuado_2026_2027_assinado_assinado_assinado.pdf
01:56:09 INFO     command: tesseract --psm 0 -l osd /tmp/tmpg03wp5bk.png stdout
01:56:10 INFO     command: tesseract -l por /tmp/tmpg03wp5bk.png stdout tsv
01:56:23 INFO     Finished converting document funai_anexo_de_entregas_repactuado_2026_2027_assinado_assinado_assinado.pdf in 14.92 sec.
01:56:23 INFO       pixel_budget (Docling) funai_anexo_de_entregas_repactuado_2026_2027_assinado_assinado_assinado.pdf: 49.8% (área tabelas/501212 px²)
01:56:23 INFO     [8/15] ✓ FUNAI     :   22 entregas | 14.9s | ETA ~4min
01:56:23 INFO     [9/15] → funai_ptd_2025_2027_docdiretivo_assinado-1_tarjado.pdf
01:56:23 INFO     detected formats: [<InputFormat.PDF: 'pdf'>]
01:56:23 INFO     Going to convert document batch...
01:56:23 INFO     Processing document funai_ptd_2025_2027_docdiretivo_assinado-1_tarjado.pdf
01:56:24 INFO     command: tesseract --psm 0 -l osd /tmp/tmplp5ii78u.png stdout
01:56:25 INFO     command: tesseract -l por /tmp/tmplp5ii78u.png stdout tsv
01:56:26 INFO     command: tesseract --psm 0 -l osd /tmp/tmpa_f59h72.png stdout
01:56:27 INFO     command: tesseract -l por /tmp/tmpa_f59h72.png stdout tsv
01:56:30 INFO     command: tesseract --psm 0 -l osd /tmp/tmpvn_d6bs1.png stdout
01:56:31 INFO     command: tesseract -l por /tmp/tmpvn_d6bs1.png stdout tsv
01:56:33 INFO     command: tesseract --psm 0 -l osd /tmp/tmpq80730r5.png stdout
01:56:34 INFO     command: tesseract -l por /tmp/tmpq80730r5.png stdout tsv
01:56:35 INFO     command: tesseract --psm 0 -l osd /tmp/tmp2ia9h2j_.png stdout
01:56:36 INFO     command: tesseract -l por /tmp/tmp2ia9h2j_.png stdout tsv
01:56:38 INFO     command: tesseract --psm 0 -l osd /tmp/tmp8_r3gget.png stdout
01:56:40 INFO     command: tesseract -l por /tmp/tmp8_r3gget.png stdout tsv
01:56:50 INFO     command: tesseract --psm 0 -l osd /tmp/tmp0mytkwtl.png stdout
01:56:51 INFO     command: tesseract -l por /tmp/tmp0mytkwtl.png stdout tsv
01:56:52 INFO     command: tesseract --psm 0 -l osd /tmp/tmpbbacsyz8.png stdout
01:56:53 INFO     command: tesseract -l por /tmp/tmpbbacsyz8.png stdout tsv
01:56:54 INFO     command: tesseract --psm 0 -l osd /tmp/tmp48hxyvjh.png stdout
01:56:55 INFO     command: tesseract -l por /tmp/tmp48hxyvjh.png stdout tsv
01:56:57 INFO     command: tesseract --psm 0 -l osd /tmp/tmp40zytqqs.png stdout
01:56:58 INFO     command: tesseract -l por /tmp/tmp40zytqqs.png stdout tsv
01:57:10 INFO     command: tesseract --psm 0 -l osd /tmp/tmpwyd6n5rw.png stdout
01:57:11 INFO     command: tesseract -l por /tmp/tmpwyd6n5rw.png stdout tsv
01:57:14 INFO     command: tesseract --psm 0 -l osd /tmp/tmp_u0v1b9k.png stdout
01:57:15 INFO     command: tesseract -l por /tmp/tmp_u0v1b9k.png stdout tsv
01:57:19 INFO     command: tesseract --psm 0 -l osd /tmp/tmpwvxq8pus.png stdout
01:57:19 INFO     command: tesseract -l por /tmp/tmpwvxq8pus.png stdout tsv
01:57:26 INFO     Finished converting document funai_ptd_2025_2027_docdiretivo_assinado-1_tarjado.pdf in 63.07 sec.
01:57:26 INFO       pixel_budget (Docling) funai_ptd_2025_2027_docdiretivo_assinado-1_tarjado.pdf: 16.4% (área tabelas/6515754 px²)
01:57:26 INFO     [9/15] ✓ FUNAI     :    8 entregas | 63.1s | ETA ~4min
01:57:26 INFO     [10/15] → incra_anexo_de_entregas_assinado-1_assinado_assinado-copia_tarjada.pdf
01:57:26 INFO     detected formats: [<InputFormat.PDF: 'pdf'>]
01:57:26 INFO     Going to convert document batch...
01:57:26 INFO     Processing document incra_anexo_de_entregas_assinado-1_assinado_assinado-copia_tarjada.pdf
01:57:27 INFO     command: tesseract --psm 0 -l osd /tmp/tmpgj78f887.png stdout
01:57:28 INFO     command: tesseract -l por /tmp/tmpgj78f887.png stdout tsv
01:57:31 INFO     command: tesseract --psm 0 -l osd /tmp/tmp4u017q03.png stdout
01:57:32 INFO     command: tesseract -l por /tmp/tmp4u017q03.png stdout tsv
01:57:38 INFO     command: tesseract --psm 0 -l osd /tmp/tmpijkb_3nb.png stdout
01:57:39 INFO     command: tesseract -l por /tmp/tmpijkb_3nb.png stdout tsv
01:57:42 INFO     command: tesseract --psm 0 -l osd /tmp/tmporlc__va.png stdout
01:57:43 INFO     command: tesseract -l por /tmp/tmporlc__va.png stdout tsv
01:57:45 INFO     command: tesseract --psm 0 -l osd /tmp/tmp9ya0tk_y.png stdout
01:57:46 INFO     command: tesseract -l por /tmp/tmp9ya0tk_y.png stdout tsv
01:59:20 INFO     Finished converting document incra_anexo_de_entregas_assinado-1_assinado_assinado-copia_tarjada.pdf in 113.68 sec.
01:59:20 INFO       pixel_budget (Docling) incra_anexo_de_entregas_assinado-1_assinado_assinado-copia_tarjada.pdf: 30.0% (área tabelas/2423520 px²)
01:59:20 INFO     [10/15] ✓ INCRA     :   11 entregas | 113.7s | ETA ~4min
01:59:20 INFO     [11/15] → incra_ptd_docdiretivo__assinado-1_assinado_assinado-copia_tarjada.pdf
01:59:20 INFO     detected formats: [<InputFormat.PDF: 'pdf'>]
01:59:20 INFO     Going to convert document batch...
01:59:20 INFO     Processing document incra_ptd_docdiretivo__assinado-1_assinado_assinado-copia_tarjada.pdf
01:59:21 INFO     command: tesseract --psm 0 -l osd /tmp/tmpqq5fhmw4.png stdout
01:59:21 INFO     command: tesseract -l por /tmp/tmpqq5fhmw4.png stdout tsv
01:59:23 INFO     command: tesseract --psm 0 -l osd /tmp/tmpnt9yuef8.png stdout
01:59:25 INFO     command: tesseract -l por /tmp/tmpnt9yuef8.png stdout tsv
01:59:30 INFO     command: tesseract --psm 0 -l osd /tmp/tmpbq3yhije.png stdout
01:59:31 INFO     command: tesseract -l por /tmp/tmpbq3yhije.png stdout tsv
01:59:33 INFO     command: tesseract --psm 0 -l osd /tmp/tmp9oxba9bs.png stdout
01:59:34 INFO     command: tesseract -l por /tmp/tmp9oxba9bs.png stdout tsv
01:59:36 INFO     command: tesseract --psm 0 -l osd /tmp/tmptjmtcyqe.png stdout
01:59:36 INFO     command: tesseract -l por /tmp/tmptjmtcyqe.png stdout tsv
01:59:38 INFO     command: tesseract --psm 0 -l osd /tmp/tmp4ahd5we2.png stdout
01:59:40 INFO     command: tesseract -l por /tmp/tmp4ahd5we2.png stdout tsv
01:59:56 INFO     command: tesseract --psm 0 -l osd /tmp/tmpx1eysc6d.png stdout
01:59:56 INFO     command: tesseract -l por /tmp/tmpx1eysc6d.png stdout tsv
01:59:58 INFO     command: tesseract --psm 0 -l osd /tmp/tmpt76g9wxg.png stdout
01:59:59 INFO     command: tesseract -l por /tmp/tmpt76g9wxg.png stdout tsv
02:00:00 INFO     command: tesseract --psm 0 -l osd /tmp/tmpa4a_jvy3.png stdout
02:00:01 INFO     command: tesseract -l por /tmp/tmpa4a_jvy3.png stdout tsv
02:00:03 INFO     command: tesseract --psm 0 -l osd /tmp/tmpylkt97jx.png stdout
02:00:04 INFO     command: tesseract -l por /tmp/tmpylkt97jx.png stdout tsv
02:00:11 INFO     command: tesseract --psm 0 -l osd /tmp/tmpak3sr062.png stdout
02:00:12 INFO     command: tesseract -l por /tmp/tmpak3sr062.png stdout tsv
02:00:23 INFO     command: tesseract --psm 0 -l osd /tmp/tmpgvfy5lxt.png stdout
02:00:23 INFO     command: tesseract -l por /tmp/tmpgvfy5lxt.png stdout tsv
02:00:25 INFO     command: tesseract --psm 0 -l osd /tmp/tmpzvlxx2dg.png stdout
02:00:26 INFO     command: tesseract -l por /tmp/tmpzvlxx2dg.png stdout tsv
02:00:34 INFO     Finished converting document incra_ptd_docdiretivo__assinado-1_assinado_assinado-copia_tarjada.pdf in 73.91 sec.
02:00:34 INFO       pixel_budget (Docling) incra_ptd_docdiretivo__assinado-1_assinado_assinado-copia_tarjada.pdf: 20.2% (área tabelas/6515754 px²)
02:00:34 INFO     [11/15] ✓ INCRA     :    9 entregas | 73.9s | ETA ~3min
02:00:34 INFO     [12/15] → iti_anexo_de_entregas_assinado.pdf
02:00:34 INFO     detected formats: [<InputFormat.PDF: 'pdf'>]
02:00:34 INFO     Going to convert document batch...
02:00:34 INFO     Processing document iti_anexo_de_entregas_assinado.pdf
02:00:34 INFO     command: tesseract --psm 0 -l osd /tmp/tmp1dg7aa_v.png stdout
02:00:35 INFO     command: tesseract -l por /tmp/tmp1dg7aa_v.png stdout tsv
02:00:51 INFO     Finished converting document iti_anexo_de_entregas_assinado.pdf in 17.34 sec.
02:00:51 INFO       pixel_budget (Docling) iti_anexo_de_entregas_assinado.pdf: 57.2% (área tabelas/501212 px²)
02:00:51 INFO     [12/15] ✓ ITI       :   31 entregas | 17.4s | ETA ~2min
02:00:51 INFO     [13/15] → iti_doc_diretivo_assinado-1_tarjado.pdf
02:00:51 INFO     detected formats: [<InputFormat.PDF: 'pdf'>]
02:00:51 INFO     Going to convert document batch...
02:00:51 INFO     Processing document iti_doc_diretivo_assinado-1_tarjado.pdf
02:00:52 INFO     command: tesseract --psm 0 -l osd /tmp/tmpum68zuqa.png stdout
02:00:52 INFO     command: tesseract -l por /tmp/tmpum68zuqa.png stdout tsv
02:00:54 INFO     command: tesseract --psm 0 -l osd /tmp/tmp2erxh_xc.png stdout
02:00:56 INFO     command: tesseract -l por /tmp/tmp2erxh_xc.png stdout tsv
02:00:59 INFO     command: tesseract --psm 0 -l osd /tmp/tmpfeza_9rn.png stdout
02:01:00 INFO     command: tesseract -l por /tmp/tmpfeza_9rn.png stdout tsv
02:01:02 INFO     command: tesseract --psm 0 -l osd /tmp/tmpc5j9arna.png stdout
02:01:03 INFO     command: tesseract -l por /tmp/tmpc5j9arna.png stdout tsv
02:01:05 INFO     command: tesseract --psm 0 -l osd /tmp/tmpymurakr_.png stdout
02:01:05 INFO     command: tesseract -l por /tmp/tmpymurakr_.png stdout tsv
02:01:07 INFO     command: tesseract --psm 0 -l osd /tmp/tmpp9hhanqc.png stdout
02:01:09 INFO     command: tesseract -l por /tmp/tmpp9hhanqc.png stdout tsv
02:01:23 INFO     command: tesseract --psm 0 -l osd /tmp/tmp7dhtbrx6.png stdout
02:01:24 INFO     command: tesseract -l por /tmp/tmp7dhtbrx6.png stdout tsv
02:01:26 INFO     command: tesseract --psm 0 -l osd /tmp/tmplsb1vqy_.png stdout
02:01:27 INFO     command: tesseract -l por /tmp/tmplsb1vqy_.png stdout tsv
02:01:29 INFO     command: tesseract --psm 0 -l osd /tmp/tmph4wqs0lr.png stdout
02:01:30 INFO     command: tesseract -l por /tmp/tmph4wqs0lr.png stdout tsv
02:01:32 INFO     command: tesseract --psm 0 -l osd /tmp/tmpctjzu6y7.png stdout
02:01:33 INFO     command: tesseract -l por /tmp/tmpctjzu6y7.png stdout tsv
02:01:39 INFO     command: tesseract --psm 0 -l osd /tmp/tmp47ld2y3l.png stdout
02:01:40 INFO     command: tesseract -l por /tmp/tmp47ld2y3l.png stdout tsv
02:01:49 INFO     Finished converting document iti_doc_diretivo_assinado-1_tarjado.pdf in 58.23 sec.
02:01:49 INFO       pixel_budget (Docling) iti_doc_diretivo_assinado-1_tarjado.pdf: 8.0% (área tabelas/5516339 px²)
02:01:49 INFO     [13/15] ✓ ITI       :    6 entregas | 58.2s | ETA ~1min
02:01:49 INFO     [14/15] → sgpr_ptd_2025_2027_anexo_de_entregas_assinado-copia_tarjada.pdf
02:01:49 INFO     detected formats: [<InputFormat.PDF: 'pdf'>]
02:01:49 INFO     Going to convert document batch...
02:01:49 INFO     Processing document sgpr_ptd_2025_2027_anexo_de_entregas_assinado-copia_tarjada.pdf
02:01:50 INFO     command: tesseract --psm 0 -l osd /tmp/tmprkkxt4xe.png stdout
02:01:51 INFO     command: tesseract -l por /tmp/tmprkkxt4xe.png stdout tsv
02:01:54 INFO     command: tesseract --psm 0 -l osd /tmp/tmp68pjbp31.png stdout
02:01:55 INFO     command: tesseract -l por /tmp/tmp68pjbp31.png stdout tsv
02:02:08 INFO     Finished converting document sgpr_ptd_2025_2027_anexo_de_entregas_assinado-copia_tarjada.pdf in 19.28 sec.
02:02:08 INFO       pixel_budget (Docling) sgpr_ptd_2025_2027_anexo_de_entregas_assinado-copia_tarjada.pdf: 29.5% (área tabelas/1002424 px²)
02:02:08 INFO     [14/15] ✓ SGPR      :   18 entregas | 19.3s | ETA ~48s
02:02:08 INFO     [15/15] → sgpr_ptd_2026_2027_docdiretivo_assinado-copia_tarjada.pdf
02:02:08 INFO     detected formats: [<InputFormat.PDF: 'pdf'>]
02:02:08 INFO     Going to convert document batch...
02:02:08 INFO     Processing document sgpr_ptd_2026_2027_docdiretivo_assinado-copia_tarjada.pdf
02:02:28 INFO     Finished converting document sgpr_ptd_2026_2027_docdiretivo_assinado-copia_tarjada.pdf in 19.78 sec.
02:02:28 INFO       pixel_budget (Docling) sgpr_ptd_2026_2027_docdiretivo_assinado-copia_tarjada.pdf: 8.2% (área tabelas/5513330 px²)
02:02:28 WARNING  [15/15] ⚠ SGPR      :    0 entregas | 19.8s | ETA ~0s
02:02:28 INFO     261 registros | 7 órgãos
02:02:28 INFO     ╔══════════════════════════════════════════════════════════════╗
02:02:28 INFO     ║                  ENTREGAS — fase concluída                   ║
02:02:28 INFO     ║  Processados: 15    |  ✓ 11  ⚠ 4                             ║
02:02:28 INFO     ║  Duração: 11.6 min                                           ║
02:02:28 INFO     ║  261 registros | 7 órgãos                                    ║
02:02:28 INFO     ╚══════════════════════════════════════════════════════════════╝
02:02:28 INFO     [1/7] → agu_ptd_2025_2027_docdiretivo_assinado_assinado_assinado-copia_tarjada.pdf
02:02:28 INFO     detected formats: [<InputFormat.PDF: 'pdf'>]
02:02:28 INFO     Going to convert document batch...
02:02:28 INFO     Processing document agu_ptd_2025_2027_docdiretivo_assinado_assinado_assinado-copia_tarjada.pdf
02:02:29 INFO     command: tesseract --psm 0 -l osd /tmp/tmp8wtf1_ts.png stdout
02:02:29 INFO     command: tesseract -l por /tmp/tmp8wtf1_ts.png stdout tsv
02:02:31 INFO     command: tesseract --psm 0 -l osd /tmp/tmp94341if3.png stdout
02:02:33 INFO     command: tesseract -l por /tmp/tmp94341if3.png stdout tsv
02:02:36 INFO     command: tesseract --psm 0 -l osd /tmp/tmpcm8dfv5n.png stdout
02:02:37 INFO     command: tesseract -l por /tmp/tmpcm8dfv5n.png stdout tsv
02:02:39 INFO     command: tesseract --psm 0 -l osd /tmp/tmpvt9tvtot.png stdout
02:02:40 INFO     command: tesseract -l por /tmp/tmpvt9tvtot.png stdout tsv
02:02:42 INFO     command: tesseract --psm 0 -l osd /tmp/tmpl4qza1ed.png stdout
02:02:43 INFO     command: tesseract -l por /tmp/tmpl4qza1ed.png stdout tsv
02:02:45 INFO     command: tesseract --psm 0 -l osd /tmp/tmpf23wmsz_.png stdout
02:02:46 INFO     command: tesseract -l por /tmp/tmpf23wmsz_.png stdout tsv
02:02:57 INFO     command: tesseract --psm 0 -l osd /tmp/tmpdgxrmkqm.png stdout
02:02:58 INFO     command: tesseract -l por /tmp/tmpdgxrmkqm.png stdout tsv
02:03:00 INFO     command: tesseract --psm 0 -l osd /tmp/tmp72f6mxi7.png stdout
02:03:01 INFO     command: tesseract -l por /tmp/tmp72f6mxi7.png stdout tsv
02:03:03 INFO     command: tesseract --psm 0 -l osd /tmp/tmp_x_i01qv.png stdout
02:03:04 INFO     command: tesseract -l por /tmp/tmp_x_i01qv.png stdout tsv
02:03:06 INFO     command: tesseract --psm 0 -l osd /tmp/tmp2t0wsbcn.png stdout
02:03:08 INFO     command: tesseract -l por /tmp/tmp2t0wsbcn.png stdout tsv
02:03:23 INFO     command: tesseract --psm 0 -l osd /tmp/tmp2w2mt_fi.png stdout
02:03:24 INFO     command: tesseract -l por /tmp/tmp2w2mt_fi.png stdout tsv
02:03:27 INFO     Finished converting document agu_ptd_2025_2027_docdiretivo_assinado_assinado_assinado-copia_tarjada.pdf in 59.23 sec.
02:03:27 INFO     [1/7] ✓ AGU       :   7 riscos | 59.2s | ETA ~5min
02:03:27 INFO     [2/7] → documento-diretivo-mcom-_-ptd-25_27-copia_tarjada.pdf
02:03:27 INFO     detected formats: [<InputFormat.PDF: 'pdf'>]
02:03:27 INFO     Going to convert document batch...
02:03:27 INFO     Processing document documento-diretivo-mcom-_-ptd-25_27-copia_tarjada.pdf
02:03:28 INFO     command: tesseract --psm 0 -l osd /tmp/tmpqezdmp39.png stdout
02:03:28 INFO     command: tesseract -l por /tmp/tmpqezdmp39.png stdout tsv
02:03:31 INFO     command: tesseract --psm 0 -l osd /tmp/tmp1f5f6l91.png stdout
02:03:32 INFO     command: tesseract -l por /tmp/tmp1f5f6l91.png stdout tsv
02:03:39 INFO     command: tesseract --psm 0 -l osd /tmp/tmpzq9mq2vc.png stdout
02:03:40 INFO     command: tesseract -l por /tmp/tmpzq9mq2vc.png stdout tsv
02:03:41 INFO     command: tesseract --psm 0 -l osd /tmp/tmp537g4ot6.png stdout
02:03:42 INFO     command: tesseract -l por /tmp/tmp537g4ot6.png stdout tsv
02:03:44 INFO     command: tesseract --psm 0 -l osd /tmp/tmpq8hb383s.png stdout
02:03:44 INFO     command: tesseract -l por /tmp/tmpq8hb383s.png stdout tsv
02:03:47 INFO     command: tesseract --psm 0 -l osd /tmp/tmpm4vioiqp.png stdout
02:03:48 INFO     command: tesseract -l por /tmp/tmpm4vioiqp.png stdout tsv
02:04:02 INFO     command: tesseract --psm 0 -l osd /tmp/tmp2inlncfx.png stdout
02:04:03 INFO     command: tesseract -l por /tmp/tmp2inlncfx.png stdout tsv
02:04:05 INFO     command: tesseract --psm 0 -l osd /tmp/tmppeg5xw26.png stdout
02:04:06 INFO     command: tesseract -l por /tmp/tmppeg5xw26.png stdout tsv
02:04:08 INFO     command: tesseract --psm 0 -l osd /tmp/tmp73v_jmnw.png stdout
02:04:09 INFO     command: tesseract -l por /tmp/tmp73v_jmnw.png stdout tsv
02:04:11 INFO     command: tesseract --psm 0 -l osd /tmp/tmpi7c_96it.png stdout
02:04:12 INFO     command: tesseract -l por /tmp/tmpi7c_96it.png stdout tsv
02:04:17 INFO     command: tesseract --psm 0 -l osd /tmp/tmphj_qh9kv.png stdout
02:04:18 INFO     command: tesseract -l por /tmp/tmphj_qh9kv.png stdout tsv
02:04:24 INFO     command: tesseract --psm 0 -l osd /tmp/tmp9q2tdeed.png stdout
02:04:25 INFO     command: tesseract -l por /tmp/tmp9q2tdeed.png stdout tsv
02:04:27 INFO     command: tesseract --psm 0 -l osd /tmp/tmprc7uy918.png stdout
02:04:28 INFO     command: tesseract -l por /tmp/tmprc7uy918.png stdout tsv
02:04:30 INFO     command: tesseract --psm 0 -l osd /tmp/tmprk827x9o.png stdout
02:04:30 INFO     command: tesseract -l por /tmp/tmprk827x9o.png stdout tsv
02:04:37 INFO     Finished converting document documento-diretivo-mcom-_-ptd-25_27-copia_tarjada.pdf in 69.13 sec.
02:04:37 INFO     [2/7] ✓ MCOM      :  14 riscos | 69.1s | ETA ~5min
02:04:37 INFO     [3/7] → fiocruz_novo-ptd_2-1_docdiretivo_repactuacao_2024-2026_assinado_assinado-copia_tarjada.pdf
02:04:37 INFO     detected formats: [<InputFormat.PDF: 'pdf'>]
02:04:37 INFO     Going to convert document batch...
02:04:37 INFO     Processing document fiocruz_novo-ptd_2-1_docdiretivo_repactuacao_2024-2026_assinado_assinado-copia_tarjada.pdf
02:04:54 INFO     Finished converting document fiocruz_novo-ptd_2-1_docdiretivo_repactuacao_2024-2026_assinado_assinado-copia_tarjada.pdf in 17.75 sec.
02:04:54 INFO     [3/7] ✓ FIOCRUZ   :   6 riscos | 17.8s | ETA ~3min
02:04:54 INFO     [4/7] → funai_ptd_2025_2027_docdiretivo_assinado-1_tarjado.pdf
02:04:54 INFO     detected formats: [<InputFormat.PDF: 'pdf'>]
02:04:54 INFO     Going to convert document batch...
02:04:54 INFO     Processing document funai_ptd_2025_2027_docdiretivo_assinado-1_tarjado.pdf
02:04:56 INFO     command: tesseract --psm 0 -l osd /tmp/tmpgvy555k0.png stdout
02:04:56 INFO     command: tesseract -l por /tmp/tmpgvy555k0.png stdout tsv
02:04:57 INFO     command: tesseract --psm 0 -l osd /tmp/tmp6qusogmo.png stdout
02:04:59 INFO     command: tesseract -l por /tmp/tmp6qusogmo.png stdout tsv
02:05:01 INFO     command: tesseract --psm 0 -l osd /tmp/tmp51a6dpci.png stdout
02:05:02 INFO     command: tesseract -l por /tmp/tmp51a6dpci.png stdout tsv
02:05:04 INFO     command: tesseract --psm 0 -l osd /tmp/tmp4hqo73zm.png stdout
02:05:05 INFO     command: tesseract -l por /tmp/tmp4hqo73zm.png stdout tsv
02:05:07 INFO     command: tesseract --psm 0 -l osd /tmp/tmp4dzv96cb.png stdout
02:05:07 INFO     command: tesseract -l por /tmp/tmp4dzv96cb.png stdout tsv
02:05:10 INFO     command: tesseract --psm 0 -l osd /tmp/tmp43nh1655.png stdout
02:05:11 INFO     command: tesseract -l por /tmp/tmp43nh1655.png stdout tsv
02:05:21 INFO     command: tesseract --psm 0 -l osd /tmp/tmp_i9m5066.png stdout
02:05:22 INFO     command: tesseract -l por /tmp/tmp_i9m5066.png stdout tsv
02:05:23 INFO     command: tesseract --psm 0 -l osd /tmp/tmpoxap9ox_.png stdout
02:05:24 INFO     command: tesseract -l por /tmp/tmpoxap9ox_.png stdout tsv
02:05:25 INFO     command: tesseract --psm 0 -l osd /tmp/tmpa2djkye2.png stdout
02:05:26 INFO     command: tesseract -l por /tmp/tmpa2djkye2.png stdout tsv
02:05:28 INFO     command: tesseract --psm 0 -l osd /tmp/tmpbwv48fz4.png stdout
02:05:29 INFO     command: tesseract -l por /tmp/tmpbwv48fz4.png stdout tsv
02:05:43 INFO     command: tesseract --psm 0 -l osd /tmp/tmpds1q7a04.png stdout
02:05:44 INFO     command: tesseract -l por /tmp/tmpds1q7a04.png stdout tsv
02:05:49 INFO     command: tesseract --psm 0 -l osd /tmp/tmpfeujlkw2.png stdout
02:05:50 INFO     command: tesseract -l por /tmp/tmpfeujlkw2.png stdout tsv
02:05:52 INFO     command: tesseract --psm 0 -l osd /tmp/tmplwgxpcfh.png stdout
02:05:53 INFO     command: tesseract -l por /tmp/tmplwgxpcfh.png stdout tsv
02:05:59 INFO     Finished converting document funai_ptd_2025_2027_docdiretivo_assinado-1_tarjado.pdf in 64.68 sec.
02:05:59 INFO     [4/7] ✓ FUNAI     :  15 riscos | 64.7s | ETA ~2min
02:05:59 INFO     [5/7] → incra_ptd_docdiretivo__assinado-1_assinado_assinado-copia_tarjada.pdf
02:05:59 INFO     detected formats: [<InputFormat.PDF: 'pdf'>]
02:05:59 INFO     Going to convert document batch...
02:05:59 INFO     Processing document incra_ptd_docdiretivo__assinado-1_assinado_assinado-copia_tarjada.pdf
02:06:00 INFO     command: tesseract --psm 0 -l osd /tmp/tmpk3qausbf.png stdout
02:06:01 INFO     command: tesseract -l por /tmp/tmpk3qausbf.png stdout tsv
02:06:03 INFO     command: tesseract --psm 0 -l osd /tmp/tmp6sybezl4.png stdout
02:06:05 INFO     command: tesseract -l por /tmp/tmp6sybezl4.png stdout tsv
02:06:10 INFO     command: tesseract --psm 0 -l osd /tmp/tmp1j64ly5s.png stdout
02:06:11 INFO     command: tesseract -l por /tmp/tmp1j64ly5s.png stdout tsv
02:06:13 INFO     command: tesseract --psm 0 -l osd /tmp/tmp4cu1co8o.png stdout
02:06:14 INFO     command: tesseract -l por /tmp/tmp4cu1co8o.png stdout tsv
02:06:16 INFO     command: tesseract --psm 0 -l osd /tmp/tmp2vjkily0.png stdout
02:06:16 INFO     command: tesseract -l por /tmp/tmp2vjkily0.png stdout tsv
02:06:18 INFO     command: tesseract --psm 0 -l osd /tmp/tmpfq1_v8pa.png stdout
02:06:20 INFO     command: tesseract -l por /tmp/tmpfq1_v8pa.png stdout tsv
02:06:36 INFO     command: tesseract --psm 0 -l osd /tmp/tmpic3zjq09.png stdout
02:06:37 INFO     command: tesseract -l por /tmp/tmpic3zjq09.png stdout tsv
02:06:38 INFO     command: tesseract --psm 0 -l osd /tmp/tmpga98gnpl.png stdout
02:06:39 INFO     command: tesseract -l por /tmp/tmpga98gnpl.png stdout tsv
02:06:41 INFO     command: tesseract --psm 0 -l osd /tmp/tmp45murhpc.png stdout
02:06:41 INFO     command: tesseract -l por /tmp/tmp45murhpc.png stdout tsv
02:06:43 INFO     command: tesseract --psm 0 -l osd /tmp/tmp6ya2b1r2.png stdout
02:06:45 INFO     command: tesseract -l por /tmp/tmp6ya2b1r2.png stdout tsv
02:06:48 INFO     command: tesseract --psm 0 -l osd /tmp/tmpffwm7mb8.png stdout
02:06:49 INFO     command: tesseract -l por /tmp/tmpffwm7mb8.png stdout tsv
02:06:57 INFO     command: tesseract --psm 0 -l osd /tmp/tmpjrx2ohaa.png stdout
02:06:58 INFO     command: tesseract -l por /tmp/tmpjrx2ohaa.png stdout tsv
02:07:02 INFO     command: tesseract --psm 0 -l osd /tmp/tmpxd93o28t.png stdout
02:07:02 INFO     command: tesseract -l por /tmp/tmpxd93o28t.png stdout tsv
02:07:10 INFO     Finished converting document incra_ptd_docdiretivo__assinado-1_assinado_assinado-copia_tarjada.pdf in 70.99 sec.
02:07:10 INFO     [5/7] ✓ INCRA     :  15 riscos | 71.0s | ETA ~1min
02:07:10 INFO     [6/7] → iti_doc_diretivo_assinado-1_tarjado.pdf
02:07:10 INFO     detected formats: [<InputFormat.PDF: 'pdf'>]
02:07:10 INFO     Going to convert document batch...
02:07:10 INFO     Processing document iti_doc_diretivo_assinado-1_tarjado.pdf
02:07:11 INFO     command: tesseract --psm 0 -l osd /tmp/tmps8uaotd4.png stdout
02:07:11 INFO     command: tesseract -l por /tmp/tmps8uaotd4.png stdout tsv
02:07:14 INFO     command: tesseract --psm 0 -l osd /tmp/tmpp4lm_cqr.png stdout
02:07:15 INFO     command: tesseract -l por /tmp/tmpp4lm_cqr.png stdout tsv
02:07:17 INFO     command: tesseract --psm 0 -l osd /tmp/tmpun36a7p4.png stdout
02:07:18 INFO     command: tesseract -l por /tmp/tmpun36a7p4.png stdout tsv
02:07:20 INFO     command: tesseract --psm 0 -l osd /tmp/tmp_v9y4er1.png stdout
02:07:21 INFO     command: tesseract -l por /tmp/tmp_v9y4er1.png stdout tsv
02:07:22 INFO     command: tesseract --psm 0 -l osd /tmp/tmp1ltes903.png stdout
02:07:23 INFO     command: tesseract -l por /tmp/tmp1ltes903.png stdout tsv
02:07:25 INFO     command: tesseract --psm 0 -l osd /tmp/tmppws96h1w.png stdout
02:07:27 INFO     command: tesseract -l por /tmp/tmppws96h1w.png stdout tsv
02:07:41 INFO     command: tesseract --psm 0 -l osd /tmp/tmprkdjd86_.png stdout
02:07:42 INFO     command: tesseract -l por /tmp/tmprkdjd86_.png stdout tsv
02:07:44 INFO     command: tesseract --psm 0 -l osd /tmp/tmp61ebd4kg.png stdout
02:07:45 INFO     command: tesseract -l por /tmp/tmp61ebd4kg.png stdout tsv
02:07:47 INFO     command: tesseract --psm 0 -l osd /tmp/tmp0t9fsn3y.png stdout
02:07:48 INFO     command: tesseract -l por /tmp/tmp0t9fsn3y.png stdout tsv
02:07:50 INFO     command: tesseract --psm 0 -l osd /tmp/tmpsz4rq98h.png stdout
02:07:51 INFO     command: tesseract -l por /tmp/tmpsz4rq98h.png stdout tsv
02:08:00 INFO     command: tesseract --psm 0 -l osd /tmp/tmprqib1bkh.png stdout
02:08:01 INFO     command: tesseract -l por /tmp/tmprqib1bkh.png stdout tsv
02:08:06 INFO     Finished converting document iti_doc_diretivo_assinado-1_tarjado.pdf in 55.93 sec.
02:08:06 INFO     [6/7] ✓ ITI       :  14 riscos | 55.9s | ETA ~56s
02:08:06 INFO     [7/7] → sgpr_ptd_2026_2027_docdiretivo_assinado-copia_tarjada.pdf
02:08:06 INFO     detected formats: [<InputFormat.PDF: 'pdf'>]
02:08:06 INFO     Going to convert document batch...
02:08:06 INFO     Processing document sgpr_ptd_2026_2027_docdiretivo_assinado-copia_tarjada.pdf
02:08:26 INFO     Finished converting document sgpr_ptd_2026_2027_docdiretivo_assinado-copia_tarjada.pdf in 19.85 sec.
02:08:26 INFO     [7/7] ✓ SGPR      :  10 riscos | 19.9s | ETA ~0s
02:08:26 INFO     ╔══════════════════════════════════════════════════════════════╗
02:08:26 INFO     ║                   RISCOS — fase concluída                    ║
02:08:26 INFO     ║  Processados: 7     |  ✓ 7  ⚠ 0                              ║
02:08:26 INFO     ║  Duração: 6.0 min                                            ║
02:08:26 INFO     ║  81 riscos | 7 órgãos                                        ║
02:08:26 INFO     ╚══════════════════════════════════════════════════════════════╝
02:08:26 INFO     81 riscos | 0 ações | 135 relações
02:08:26 INFO     ptd_corpus_raw                     : 261 linhas
02:08:26 INFO     ptd_pivot_eixos                    : 7 linhas
02:08:29 INFO     ptd_datas_assinatura               : 132 linhas
02:08:29 INFO     ptd_riscos                         : 81 linhas
02:08:29 INFO     ptd_riscos_acoes                   : 135 linhas
02:08:29 INFO     Manifesto salvo: pipeline_manifest.json | SHA-256 de 132 PDFs
02:08:29 INFO     ==================================================
02:08:29 INFO     PTD-BR v3.0-melhorado — PIPELINE CONCLUÍDO
02:08:29 INFO     ==================================================
02:08:29 INFO     ptd_corpus_raw.csv                        160 KB
02:08:29 INFO     ptd_pivot_eixos.csv                         0 KB
02:08:29 INFO     ptd_datas_assinatura.csv                    9 KB
02:08:29 INFO     ptd_riscos.csv                             23 KB
02:08:29 INFO     ptd_riscos_acoes.csv                        2 KB
02:08:29 INFO     proveniencia.json                           0 KB
02:08:29 INFO     pipeline_manifest.json                     20 KB
02:08:29 INFO     📦 Artefatos: https://github.com/freirelucas/teste/actions/runs/24015326665
02:08:29 INFO     ==================================================
