19:40:01 INFO     Docling disponível
19:40:01 WARNING  OCR fallback indisponível (IndentationError: unexpected indent (ptd_ocr_fallback.py, line 45))
19:40:02 INFO     Ignorado (guia/template/norma): ABNT-NBR-17225-Acessibilidade-Digital.pdf
19:40:02 INFO     Ignorado (guia/template/norma): cgrep-guia10passos-ptd-orgao.pdf
19:40:02 INFO     Ignorado (guia/template/norma): ABNT-NBR-17225-Acessibilidade-Digital.pdf
19:40:02 INFO     Scraping: 132 PDFs únicos | entregas: 68 | diretivos: 61
19:40:02 INFO     Baixando 132 PDFs únicos...
19:40:04 INFO     ✓ [  1/132] abin_ptd_anexo_de_entregas_assinado_pelo_orgao_ass   293.3KB
19:40:08 INFO     ✓ [  2/132] aeb_ptd_2025_2027_docdiretivo_aprovado_assinado-1_  1033.7KB
19:40:10 INFO     ✓ [  3/132] aeb_ptd_2025_2027_anexo_de_entregas_aprovado_assin   154.5KB
19:40:16 INFO     ✓ [  4/132] agu_ptd_2025_2027_docdiretivo_assinado_assinado_as  2860.3KB
19:40:19 INFO     ✓ [  5/132] agu_ptd_2025_2027_anexo_de_entregas_assinado_assin   525.5KB
19:40:22 INFO     ✓ [  6/132] ana_ptd_2025_2027_docdiretivo_assinado_assinado_as   477.2KB
19:40:25 INFO     ✓ [  7/132] ana_ptd_2025_2027_anexoentregas_assinado_assinado_   170.9KB
19:40:28 INFO     ✓ [  8/132] anac_ptd_2025_2026_docdiretivo_se_assinado_tarjado  1036.3KB
19:40:31 INFO     ✓ [  9/132] anac_ptd_2025_2026_anexo_de_entregas_se_assinado.p   215.2KB
19:40:34 INFO     ✓ [ 10/132] anatel_ptd_docdiretivo_assinado_2025_2026_assinado  1006.0KB
19:40:36 INFO     ✓ [ 11/132] anatel_ptd_2025_2026_anexo_de_entregas_do_ptd_publ    71.9KB
19:40:40 INFO     ✓ [ 12/132] ancine_ptd_2024_2026_docdiretivo_assinado-2_assina   961.8KB
19:40:43 INFO     ✓ [ 13/132] ancine_ptd_2024_2026_-_anexo_de_entregas_aprovado_   613.2KB
19:40:46 INFO     ✓ [ 14/132] ptd_aneel_2025-2027_docdiretivo_assinado_tarjado.p   779.6KB
19:40:48 INFO     ✓ [ 15/132] ptd_aneel_2025-2027_anexo_de_entregas_assinado.pdf   111.9KB
19:40:52 INFO     ✓ [ 16/132] anm_ptd_2025_2027_docdiretivo_assinadopeloorgao_ta  1092.5KB
19:40:56 INFO     ✓ [ 17/132] anm_ptd_2025_2027_anexo_entregas_assinadopeloorgao  1140.4KB
19:40:59 INFO     ✓ [ 18/132] anpd_ptd_2025_2027_docdiretivo_assinado_assinado_a  1044.3KB
19:41:01 INFO     ✓ [ 19/132] anpd_ptd_2025_2027_anexo_de_entregas_assinado_assi   166.5KB
19:41:05 INFO     ✓ [ 20/132] ans-plano_de_transformacao_digital_assinado-copia_  1023.4KB
19:41:07 INFO     ✓ [ 21/132] ans_ptd_2025_2026_anexo_de_entregas_assinado_assin   124.1KB
19:41:11 INFO     ✓ [ 22/132] antaq_ptd_2025_2027_docdiretivo_assinado_assinado_  1039.8KB
19:41:13 INFO     ✓ [ 23/132] antaq_ptd_2025_2027_anexoentregas_assinado_assinad   145.1KB
19:41:17 INFO     ✓ [ 24/132] mt_anexo_de_entregas_-_assinado_assinado_assinado_   143.6KB
19:41:27 INFO     ✓ [ 25/132] anvisa_ptd_docdiretivo_2025-2026_assinado_assinado  5771.2KB
19:41:30 INFO     ✓ [ 26/132] anvisa_ptd_anexo_de_entregas_2025_2026_assinado_as   239.0KB
19:41:36 INFO     ✓ [ 27/132] bcb_documento_diretivo_assinado_assinado_assinado-   713.7KB
19:41:39 INFO     ✓ [ 28/132] bcb_anexo_de_entregas_ptd_25_26-1_assinado_assinad   134.8KB
19:41:42 INFO     ✓ [ 29/132] cade_ptd_docdiretivo_2025_2026_assinado-2_assinado   810.4KB
19:41:45 INFO     ✓ [ 30/132] cade_ptd_anexo_de_entregas_2025_2026_assinado_copi   504.0KB
19:41:48 INFO     ✓ [ 31/132] mec_ptd_docdiretivo_2025-2026_sei_mec-5566673_copi   863.1KB
19:41:51 INFO     ✓ [ 32/132] mec_ptd_anexo-de-entregas_sei_mec-5576401_copia_ta   495.7KB
19:41:55 INFO     ✓ [ 33/132] mec_ptd_docdiretivo-versao-comunicacao_copia_tarja  1616.5KB
19:41:58 INFO     ✓ [ 34/132] md_ptd_2026_2027_anexo_de_entregas_assinado_assina   579.4KB
19:42:01 INFO     ✓ [ 35/132] md_ptd_2026_2027_anexo_de_entregas_assinado_assina   186.8KB
19:42:04 INFO     ✓ [ 36/132] md_ptd_temp_copia_tarjada.pdf                        741.9KB
19:42:08 INFO     ✓ [ 37/132] cgu_ptd_docdiretivo_assinado_assinado_assinado-cop  1085.4KB
19:42:11 INFO     ✓ [ 38/132] cgu_ptd_anexo_de_entregas_pactuadas_assinado_assin   514.1KB
19:42:13 INFO     ✓ [ 39/132] cnpq_ptd_2025_2027_docdiretivo_assinado_assinado_a   342.9KB
19:42:15 INFO     ✓ [ 40/132] cnpq_ptd_2025_2027_anexo_de_entregas_assinado_assi   136.1KB
19:42:19 INFO     ✓ [ 41/132] coaf_ptd_2025_2026_documento_diretivo_assinado_ass  1068.0KB
19:42:26 INFO     ✓ [ 42/132] coaf_ptd_2025_2026_anexo_de_entregas-2_assinado_as  3184.5KB
19:42:33 INFO     ✓ [ 43/132] ptd_midr-docdiretivo_aprovado_assinado_tarjado.pdf  3864.1KB
19:42:37 INFO     ✓ [ 44/132] ptd_midr_-_anexo_de_entregas_-_aprovado_assinado.p  1122.0KB
19:42:40 INFO     ✓ [ 45/132] mda-documento-diretivo-assinado_ptd-2025-207-copia   955.8KB
19:42:43 INFO     ✓ [ 46/132] cvm_ptd_2025_2027_docdiretivo_assinado_assinado_as   270.5KB
19:42:45 INFO     ✓ [ 47/132] cvm_ptd_2025_2027_anexoentregas_assinado_assinado_   409.0KB
19:42:49 INFO     ✓ [ 48/132] dnocs_ptd_doc_diretivo_2025_2026_assinado_orgao-2_   891.1KB
19:42:51 INFO     ✓ [ 49/132] dnocs_anexo_de_entregas_repactuado_2025_2026_assin   272.3KB
19:42:57 INFO     ✓ [ 50/132] fbn_ptd_2025_2027_docdiretivo_assinado-1_tarjado.p  2921.6KB
19:43:00 INFO     ✓ [ 51/132] fbn_ptd_2025_2027_anexo_de_entregas_assinado-1.pdf   162.3KB
19:43:04 INFO     ✓ [ 52/132] fcp_ptd_2025_2027_docdiretivo_assinado-1_tarjado.p  1612.0KB
19:43:06 INFO     ✓ [ 53/132] fcp_ptd_2025_2027_anexo_de_entregas_assinado-1.pdf   118.8KB
19:43:10 INFO     ✓ [ 54/132] fcrb_ptd_2025_2026_docdiretivo_aprovado_assinado-1   998.2KB
19:43:13 INFO     ✓ [ 55/132] fcrb_ptd_2025_2026_anexo_de_entregas_aprovado_assi   313.5KB
19:43:17 INFO     ✓ [ 56/132] fiocruz_novo-ptd_2-1_docdiretivo_repactuacao_2024-  1318.1KB
19:43:19 INFO     ✓ [ 57/132] fiocruz_ptd_anexo_de_entregas_assinado_v1_assinado   257.1KB
19:43:24 INFO     ✓ [ 58/132] fiocruz-ptd-06_2024-copia_tarjada.pdf               1693.8KB
19:43:28 INFO     ✓ [ 59/132] funai_ptd_2025_2027_docdiretivo_assinado-1_tarjado  1842.1KB
19:43:31 INFO     ✓ [ 60/132] funai_anexo_de_entregas_repactuado_2026_2027_assin   435.7KB
19:43:34 INFO     ✓ [ 61/132] funarte_ptd_docdiretivo_assinado_21_01_2025_assina   965.7KB
19:43:37 INFO     ✓ [ 62/132] funarte_ptd_anexo_de_entregas_assinado_v1_assinado   683.6KB
19:43:41 INFO     ✓ [ 63/132] fundacentro_ptd_2025_2027_docdiretivo_assinado_ass   826.6KB
19:43:44 INFO     ✓ [ 64/132] fundacentro_ptd_2025_2027_anexo_de_entregas_assina   635.5KB
19:43:47 INFO     ✓ [ 65/132] mma_ptd_docdiretivo_assinado_2025_2026-1_assinado_   949.3KB
19:43:49 INFO     ✓ [ 66/132] mma_ptd_anexo_de_entregas_aprovado_final_assinado_   174.8KB
19:43:53 INFO     ✓ [ 67/132] ibge_docdiretivo_2025_assinado_assinado_assinado-c  1167.3KB
19:43:55 INFO     ✓ [ 68/132] ibge_ptd_25_26_anexo_de_entregas_modelo_v2-1_assin   143.7KB
19:44:07 INFO     ✓ [ 69/132] incra_ptd_docdiretivo__assinado-1_assinado_assinad  7182.0KB
19:44:12 INFO     ✓ [ 70/132] incra_anexo_de_entregas_assinado-1_assinado_assina  1818.6KB
19:44:18 INFO     ✓ [ 71/132] inpi_ptd_docdiretivo_assinado_2025_2026_assinado_a  3322.4KB
19:44:24 INFO     ✓ [ 72/132] inpi_ptd_anexo_de_entregas_assinado_v1_assinado_as  3078.1KB
19:44:28 INFO     ✓ [ 73/132] inss_ptd_2025_2027_docdiretivo-assinado-copia_tarj  1173.3KB
19:44:30 INFO     ✓ [ 74/132] inss_ptd_2025_2027_anexo_de_entregas-assinado-copi   110.8KB
19:44:34 INFO     ✓ [ 75/132] iphan_ptd_docdiretivo_assinado_2025_2026_assinado_   885.7KB
19:44:36 INFO     ✓ [ 76/132] iphan_ptd_anexo_de_entregas_assinado_v1_assinado_a   310.9KB
19:44:45 INFO     ✓ [ 77/132] iti_doc_diretivo_assinado-1_tarjado.pdf             4905.1KB
19:44:48 INFO     ✓ [ 78/132] iti_anexo_de_entregas_assinado.pdf                   556.4KB
19:44:52 INFO     ✓ [ 79/132] mapa_ptd_2025_2027_docdiretivo_assinado-1_tarjado.  1740.9KB
19:44:55 INFO     ✓ [ 80/132] mapa_ptd_2025_2027_anexo_de_entregas_assinado-1.pd   261.9KB
19:45:03 INFO     ✓ [ 81/132] documento-diretivo-mcom-_-ptd-25_27-copia_tarjada.  4451.9KB
19:45:07 INFO     ✓ [ 82/132] anexo-de-entregas-mcom_ptd-25_27-copia_tarjada.pdf  1213.8KB
19:45:13 INFO     ✓ [ 83/132] ptd_21_24_mcom-copia_tarjada.pdf                    3040.7KB
19:45:17 INFO     ✓ [ 84/132] mcti_ptd_2025-2027_docdiretivo_assinado-copia_tarj  1030.7KB
19:45:19 INFO     ✓ [ 85/132] mcti_ptd_2025-2027_anexo-de-entregas_assinado-copi   145.8KB
19:45:22 INFO     ✓ [ 86/132] mda-anexo-entregas-assinado_ptd-2025-2027-copia-ta   284.6KB
19:45:25 INFO     ✓ [ 87/132] mdhc_ptd_2025_2027_docdiretivo_assinado_assinado_a   753.4KB
19:45:27 INFO     ✓ [ 88/132] mdhc_ptd_2025_2027_anexoentregas_assinado_assinado   186.8KB
19:45:30 INFO     ✓ [ 89/132] mdic_ptd_anexo_de_entregas_assinado_v1_assinado_as   176.6KB
19:45:34 INFO     ✓ [ 90/132] memp_ptd_2025_2026_docdiretivo_assinado_assinado_a  1030.1KB
19:45:36 INFO     ✓ [ 91/132] memp_ptd_2025_2026_anexo_de_entregas_assinado_assi   161.5KB
19:45:40 INFO     ✓ [ 92/132] mesp_ptd_2025_2027_docdiretivo_assinado_assinado_2  1147.7KB
19:45:42 INFO     ✓ [ 93/132] mesp_ptd_2025_2027_anexo_de_entregas_assinado_assi   226.6KB
19:45:46 INFO     ✓ [ 94/132] mf_ptd_2026_2027_documentodiretivo_assinado_assina   955.1KB
19:45:48 INFO     ✓ [ 95/132] mf_ptd_2026_2027_anexo_de_entregas_1_mf_se_assinad   241.2KB
19:45:51 INFO     ✓ [ 96/132] mgi_ptd_2025_2027_docdiretivo_assinado_assinado_as   375.2KB
19:45:54 INFO     ✓ [ 97/132] mgi_ptd_2025_2027_anexo_de_entregas_assinado_assin   256.1KB
19:45:57 INFO     ✓ [ 98/132] minc_ptd_2025_2027_docdiretivo_assinado-1_assinado   863.6KB
19:46:00 INFO     ✓ [ 99/132] minc_ptd_2025_2027_anexo_de_entregas_assinado-1_as   276.7KB
19:46:03 INFO     ✓ [100/132] mjsp_ptd_docdiretivo_assinado_2025_2026_assinado_a   954.0KB
19:46:06 INFO     ✓ [101/132] mjsp_ptd_anexo_de_entregas_assinado_v1_assinado_as   253.9KB
19:46:09 INFO     ✓ [102/132] mme_ptd_2025_2027_docdiretivo_assinado-copia_tarja   664.5KB
19:46:11 INFO     ✓ [103/132] mme_ptd_2025_2027_anexo_de_entregas_assinado__1_-c   111.1KB
19:46:15 INFO     ✓ [104/132] mmulheres_ptd_2025_2027_docdiretivo_assinado_assin  1078.3KB
19:46:18 INFO     ✓ [105/132] mmulheres_ptd_2025_2027_anexo_de_entregas_assinado   216.9KB
19:46:21 INFO     ✓ [106/132] mpi_ptd_2025_2027_docdiretivo_ministerio_dos_povos   947.9KB
19:46:24 INFO     ✓ [107/132] mpi_ptd_anexo_de_entregas_do_plano_de_tranformacao   191.9KB
19:46:27 INFO     ✓ [108/132] mpo_ptd_docdiretivo_assinado_2025_2026_assinado_as   806.3KB
19:46:30 INFO     ✓ [109/132] mpo_ptd_anexo_de_entregas_assinado_v1_assinado_ass   323.2KB
19:46:33 INFO     ✓ [110/132] mpor_ptd_2025_2027_docdiretivo_assinado_assinado_a   876.5KB
19:46:35 INFO     ✓ [111/132] mpor_ptd_2025_2027_anexo_de_entregas_assinado_assi   175.1KB
19:46:39 INFO     ✓ [112/132] mps_ptd_2025-2026_docdiretivo_final_assinado-1_ass  1024.4KB
19:46:42 INFO     ✓ [113/132] mps_ptd_2025-2026_anexo_de_entregas_final_assinado   165.0KB
19:46:45 INFO     ✓ [114/132] mre_ptd_docdiretivo_assinado_2025_2026_assinado_as   760.9KB
19:46:47 INFO     ✓ [115/132] mre_ptd_anexo_de_entregas_assinado_v1_assinado_ass   233.2KB
19:46:51 INFO     ✓ [116/132] mte_ptd_2025_2026_docdiretivo_assinado_assinado_as   729.6KB
19:46:54 INFO     ✓ [117/132] mte_ptd_anexo_de_entregas_assinado_v1__281_29_assi   459.5KB
19:46:57 INFO     ✓ [118/132] mtur_ptd_docdiretiv_assinado_30_01_2025_assinado_a  1050.4KB
19:47:00 INFO     ✓ [119/132] mtur_ptd_anexo_de_entregas_assinado_30_01_2025_ass   118.8KB
19:47:03 INFO     ✓ [120/132] pf_ptd_docdiretivo_2025_2027_assinado-copia_tarjad   964.3KB
19:47:05 INFO     ✓ [121/132] pf_ptd_anexo_de_entregas_2025_2027_assinado-copia_    62.5KB
19:47:08 INFO     ✓ [122/132] mf_ptd_2026_2027_anexo_de_entregas_4_mf_pgfn_assin   466.8KB
19:47:19 INFO     ✓ [123/132] previc_plano_de_transformacao_digital_2025_2026_29  6652.7KB
19:47:22 INFO     ✓ [124/132] previc_ptd_repactuacao_2025-2026_assinado_assinado   182.9KB
19:47:24 INFO     ✓ [125/132] prf_documentodiretivo_ptd_2026-2027_assinado_tarja   535.9KB
19:47:27 INFO     ✓ [126/132] prf_anexo_de_entregas_do_ptd__2026_2027___ptd___en   157.7KB
19:47:29 INFO     ✓ [127/132] mf_ptd_2026_2027_anexo_de_entregas_2_mf_rfb_assina   253.7KB
19:47:33 INFO     ✓ [128/132] sgpr_ptd_2026_2027_docdiretivo_assinado-copia_tarj   791.2KB
19:47:36 INFO     ✓ [129/132] sgpr_ptd_2025_2027_anexo_de_entregas_assinado-copi   897.9KB
19:47:39 INFO     ✓ [130/132] mf_ptd_2026_2027_anexo_de_entregas_3_mf_stn_assina   467.8KB
19:47:43 INFO     ✓ [131/132] susep_ptd_2025_2027_docdiretivo-assinado-copia_tar  1030.1KB
19:47:45 INFO     ✓ [132/132] susep_ptd_2025-2026_anexo_de_entregas_final_assina   221.9KB
19:47:47 INFO     132 OK | 0 erros | 123.3 MB total
19:47:53 INFO     Sanity: 132 PDFs | 113 texto | 19 imagem/OCR | 0 duplicatas
19:47:53 INFO     --siglas (debug): 15 PDFs de ['AGU', 'FIOCRUZ', 'FUNAI', 'FUNDACENTRO', 'INCRA', 'ITI', 'MCOM', 'SGPR']
19:47:53 INFO     DocumentConverter instanciado (singleton × 2: plain + OCR)
19:47:53 INFO     [1/15] → agu_ptd_2025_2027_anexo_de_entregas_assinado_assinado_assinado-copia_tarjada.pdf
19:47:53 INFO     detected formats: [<InputFormat.PDF: 'pdf'>]
19:47:53 INFO     Going to convert document batch...
19:47:53 INFO     Initializing pipeline for StandardPdfPipeline with options hash bc6794697da537796efc497178f9263f
19:47:53 INFO     Loading plugin 'docling_defaults'
19:47:53 INFO     Registered picture descriptions: ['picture_description_vlm_engine', 'vlm', 'api']
19:47:53 INFO     Loading plugin 'docling_defaults'
19:47:53 INFO     Registered ocr engines: ['auto', 'easyocr', 'kserve_v2_ocr', 'ocrmac', 'rapidocr', 'tesserocr', 'tesseract']
19:47:53 INFO     command: tesseract --list-langs
19:47:53 INFO     Loading plugin 'docling_defaults'
19:47:53 INFO     Registered layout engines: ['layout_object_detection', 'docling_layout_default', 'docling_experimental_table_crops_layout']
19:47:53 INFO     Accelerator device: 'cpu'
19:47:53 INFO     HTTP Request: GET https://huggingface.co/api/models/docling-project/docling-layout-heron/revision/main "HTTP/1.1 200 OK"
19:47:53 INFO     HTTP Request: HEAD https://huggingface.co/docling-project/docling-layout-heron/resolve/8f39ad3c0b4c58e9c2d2c84a38465abf757272d8/.gitattributes "HTTP/1.1 307 Temporary Redirect"
19:47:53 INFO     HTTP Request: HEAD https://huggingface.co/api/resolve-cache/models/docling-project/docling-layout-heron/8f39ad3c0b4c58e9c2d2c84a38465abf757272d8/.gitattributes "HTTP/1.1 200 OK"
19:47:53 INFO     HTTP Request: HEAD https://huggingface.co/docling-project/docling-layout-heron/resolve/8f39ad3c0b4c58e9c2d2c84a38465abf757272d8/README.md "HTTP/1.1 307 Temporary Redirect"
19:47:53 INFO     HTTP Request: HEAD https://huggingface.co/docling-project/docling-layout-heron/resolve/8f39ad3c0b4c58e9c2d2c84a38465abf757272d8/config.json "HTTP/1.1 307 Temporary Redirect"
19:47:53 INFO     HTTP Request: HEAD https://huggingface.co/docling-project/docling-layout-heron/resolve/8f39ad3c0b4c58e9c2d2c84a38465abf757272d8/model.safetensors "HTTP/1.1 302 Found"
19:47:53 INFO     HTTP Request: GET https://huggingface.co/api/resolve-cache/models/docling-project/docling-layout-heron/8f39ad3c0b4c58e9c2d2c84a38465abf757272d8/.gitattributes "HTTP/1.1 200 OK"
19:47:53 INFO     HTTP Request: HEAD https://huggingface.co/api/resolve-cache/models/docling-project/docling-layout-heron/8f39ad3c0b4c58e9c2d2c84a38465abf757272d8/README.md "HTTP/1.1 200 OK"
19:47:53 INFO     HTTP Request: HEAD https://huggingface.co/api/resolve-cache/models/docling-project/docling-layout-heron/8f39ad3c0b4c58e9c2d2c84a38465abf757272d8/config.json "HTTP/1.1 200 OK"
19:47:53 INFO     HTTP Request: HEAD https://huggingface.co/docling-project/docling-layout-heron/resolve/8f39ad3c0b4c58e9c2d2c84a38465abf757272d8/docling_heron_400.png "HTTP/1.1 307 Temporary Redirect"
19:47:53 INFO     HTTP Request: HEAD https://huggingface.co/docling-project/docling-layout-heron/resolve/8f39ad3c0b4c58e9c2d2c84a38465abf757272d8/preprocessor_config.json "HTTP/1.1 307 Temporary Redirect"
19:47:53 INFO     HTTP Request: GET https://huggingface.co/api/resolve-cache/models/docling-project/docling-layout-heron/8f39ad3c0b4c58e9c2d2c84a38465abf757272d8/README.md "HTTP/1.1 200 OK"
19:47:53 INFO     HTTP Request: GET https://huggingface.co/api/resolve-cache/models/docling-project/docling-layout-heron/8f39ad3c0b4c58e9c2d2c84a38465abf757272d8/config.json "HTTP/1.1 200 OK"
19:47:53 INFO     HTTP Request: HEAD https://huggingface.co/api/resolve-cache/models/docling-project/docling-layout-heron/8f39ad3c0b4c58e9c2d2c84a38465abf757272d8/docling_heron_400.png "HTTP/1.1 200 OK"
19:47:53 INFO     HTTP Request: HEAD https://huggingface.co/api/resolve-cache/models/docling-project/docling-layout-heron/8f39ad3c0b4c58e9c2d2c84a38465abf757272d8/preprocessor_config.json "HTTP/1.1 200 OK"
19:47:53 INFO     HTTP Request: GET https://huggingface.co/api/resolve-cache/models/docling-project/docling-layout-heron/8f39ad3c0b4c58e9c2d2c84a38465abf757272d8/docling_heron_400.png "HTTP/1.1 200 OK"
19:47:53 INFO     HTTP Request: GET https://huggingface.co/api/models/docling-project/docling-layout-heron/xet-read-token/8f39ad3c0b4c58e9c2d2c84a38465abf757272d8 "HTTP/1.1 200 OK"
19:47:53 INFO     HTTP Request: GET https://huggingface.co/api/resolve-cache/models/docling-project/docling-layout-heron/8f39ad3c0b4c58e9c2d2c84a38465abf757272d8/preprocessor_config.json "HTTP/1.1 200 OK"
19:47:55 INFO     Loading plugin 'docling_defaults'
19:47:55 INFO     Registered table structure engines: ['docling_tableformer', 'docling_tableformer_v2']
19:47:55 INFO     HTTP Request: GET https://huggingface.co/api/models/docling-project/docling-models/revision/v2.3.0 "HTTP/1.1 200 OK"
19:47:55 INFO     HTTP Request: HEAD https://huggingface.co/docling-project/docling-models/resolve/fc0f2d45e2218ea24bce5045f58a389aed16dc23/.gitignore "HTTP/1.1 307 Temporary Redirect"
19:47:55 INFO     HTTP Request: HEAD https://huggingface.co/docling-project/docling-models/resolve/fc0f2d45e2218ea24bce5045f58a389aed16dc23/.gitattributes "HTTP/1.1 307 Temporary Redirect"
19:47:55 INFO     HTTP Request: HEAD https://huggingface.co/docling-project/docling-models/resolve/fc0f2d45e2218ea24bce5045f58a389aed16dc23/model_artifacts/tableformer/accurate/tableformer_accurate.safetensors "HTTP/1.1 302 Found"
19:47:55 WARNING  Warning: You are sending unauthenticated requests to the HF Hub. Please set a HF_TOKEN to enable higher rate limits and faster downloads.
19:47:55 INFO     HTTP Request: HEAD https://huggingface.co/docling-project/docling-models/resolve/fc0f2d45e2218ea24bce5045f58a389aed16dc23/README.md "HTTP/1.1 307 Temporary Redirect"
19:47:55 INFO     HTTP Request: HEAD https://huggingface.co/docling-project/docling-models/resolve/fc0f2d45e2218ea24bce5045f58a389aed16dc23/model_artifacts/tableformer/accurate/tm_config.json "HTTP/1.1 307 Temporary Redirect"
19:47:55 INFO     HTTP Request: HEAD https://huggingface.co/docling-project/docling-models/resolve/fc0f2d45e2218ea24bce5045f58a389aed16dc23/config.json "HTTP/1.1 307 Temporary Redirect"
19:47:55 INFO     HTTP Request: HEAD https://huggingface.co/api/resolve-cache/models/docling-project/docling-models/fc0f2d45e2218ea24bce5045f58a389aed16dc23/.gitattributes "HTTP/1.1 200 OK"
19:47:55 INFO     HTTP Request: HEAD https://huggingface.co/api/resolve-cache/models/docling-project/docling-models/fc0f2d45e2218ea24bce5045f58a389aed16dc23/.gitignore "HTTP/1.1 200 OK"
19:47:55 INFO     HTTP Request: HEAD https://huggingface.co/api/resolve-cache/models/docling-project/docling-models/fc0f2d45e2218ea24bce5045f58a389aed16dc23/README.md "HTTP/1.1 200 OK"
19:47:55 INFO     HTTP Request: HEAD https://huggingface.co/api/resolve-cache/models/docling-project/docling-models/fc0f2d45e2218ea24bce5045f58a389aed16dc23/model_artifacts%2Ftableformer%2Faccurate%2Ftm_config.json "HTTP/1.1 200 OK"
19:47:55 INFO     HTTP Request: HEAD https://huggingface.co/api/resolve-cache/models/docling-project/docling-models/fc0f2d45e2218ea24bce5045f58a389aed16dc23/config.json "HTTP/1.1 200 OK"
19:47:55 INFO     HTTP Request: GET https://huggingface.co/api/resolve-cache/models/docling-project/docling-models/fc0f2d45e2218ea24bce5045f58a389aed16dc23/.gitattributes "HTTP/1.1 200 OK"
19:47:55 INFO     HTTP Request: GET https://huggingface.co/api/resolve-cache/models/docling-project/docling-models/fc0f2d45e2218ea24bce5045f58a389aed16dc23/README.md "HTTP/1.1 200 OK"
19:47:55 INFO     HTTP Request: GET https://huggingface.co/api/resolve-cache/models/docling-project/docling-models/fc0f2d45e2218ea24bce5045f58a389aed16dc23/model_artifacts%2Ftableformer%2Faccurate%2Ftm_config.json "HTTP/1.1 200 OK"
19:47:55 INFO     HTTP Request: GET https://huggingface.co/api/resolve-cache/models/docling-project/docling-models/fc0f2d45e2218ea24bce5045f58a389aed16dc23/.gitignore "HTTP/1.1 200 OK"
19:47:55 INFO     HTTP Request: HEAD https://huggingface.co/docling-project/docling-models/resolve/fc0f2d45e2218ea24bce5045f58a389aed16dc23/model_artifacts/tableformer/fast/tm_config.json "HTTP/1.1 307 Temporary Redirect"
19:47:55 INFO     HTTP Request: HEAD https://huggingface.co/docling-project/docling-models/resolve/fc0f2d45e2218ea24bce5045f58a389aed16dc23/model_artifacts/tableformer/fast/tableformer_fast.safetensors "HTTP/1.1 302 Found"
19:47:55 INFO     HTTP Request: GET https://huggingface.co/api/resolve-cache/models/docling-project/docling-models/fc0f2d45e2218ea24bce5045f58a389aed16dc23/config.json "HTTP/1.1 200 OK"
19:47:55 INFO     HTTP Request: HEAD https://huggingface.co/api/resolve-cache/models/docling-project/docling-models/fc0f2d45e2218ea24bce5045f58a389aed16dc23/model_artifacts%2Ftableformer%2Ffast%2Ftm_config.json "HTTP/1.1 200 OK"
19:47:55 INFO     HTTP Request: GET https://huggingface.co/api/models/docling-project/docling-models/xet-read-token/fc0f2d45e2218ea24bce5045f58a389aed16dc23 "HTTP/1.1 200 OK"
19:47:55 INFO     HTTP Request: GET https://huggingface.co/api/resolve-cache/models/docling-project/docling-models/fc0f2d45e2218ea24bce5045f58a389aed16dc23/model_artifacts%2Ftableformer%2Ffast%2Ftm_config.json "HTTP/1.1 200 OK"
19:47:55 INFO     HTTP Request: GET https://huggingface.co/api/models/docling-project/docling-models/xet-read-token/fc0f2d45e2218ea24bce5045f58a389aed16dc23 "HTTP/1.1 200 OK"
19:47:56 INFO     Accelerator device: 'cpu'
19:47:56 INFO     Processing document agu_ptd_2025_2027_anexo_de_entregas_assinado_assinado_assinado-copia_tarjada.pdf
19:47:57 INFO     command: tesseract --psm 0 -l osd /tmp/tmplnkt4aqd.png stdout
19:47:58 INFO     command: tesseract -l por /tmp/tmplnkt4aqd.png stdout tsv
19:48:01 INFO     command: tesseract --psm 0 -l osd /tmp/tmphxa6h9gy.png stdout
19:48:02 INFO     command: tesseract -l por /tmp/tmphxa6h9gy.png stdout tsv
19:48:21 INFO     Finished converting document agu_ptd_2025_2027_anexo_de_entregas_assinado_assinado_assinado-copia_tarjada.pdf in 28.31 sec.
19:48:21 INFO       pixel_budget (Docling) agu_ptd_2025_2027_anexo_de_entregas_assinado_assinado_assinado-copia_tarjada.pdf: 45.8% (área tabelas/1001817 px²)
19:48:21 INFO     [1/15] ✓ AGU       :   33 entregas | 28.3s | ETA ~6min
19:48:21 INFO     [2/15] → agu_ptd_2025_2027_docdiretivo_assinado_assinado_assinado-copia_tarjada.pdf
19:48:21 INFO     detected formats: [<InputFormat.PDF: 'pdf'>]
19:48:21 INFO     Going to convert document batch...
19:48:21 INFO     Processing document agu_ptd_2025_2027_docdiretivo_assinado_assinado_assinado-copia_tarjada.pdf
19:48:22 INFO     command: tesseract --psm 0 -l osd /tmp/tmpq2b3c7d2.png stdout
19:48:22 INFO     command: tesseract -l por /tmp/tmpq2b3c7d2.png stdout tsv
19:48:24 INFO     command: tesseract --psm 0 -l osd /tmp/tmp340z4him.png stdout
19:48:26 INFO     command: tesseract -l por /tmp/tmp340z4him.png stdout tsv
19:48:28 INFO     command: tesseract --psm 0 -l osd /tmp/tmp02jkc40a.png stdout
19:48:29 INFO     command: tesseract -l por /tmp/tmp02jkc40a.png stdout tsv
19:48:31 INFO     command: tesseract --psm 0 -l osd /tmp/tmpk53z4sk7.png stdout
19:48:32 INFO     command: tesseract -l por /tmp/tmpk53z4sk7.png stdout tsv
19:48:34 INFO     command: tesseract --psm 0 -l osd /tmp/tmpc9i06s7z.png stdout
19:48:35 INFO     command: tesseract -l por /tmp/tmpc9i06s7z.png stdout tsv
19:48:37 INFO     command: tesseract --psm 0 -l osd /tmp/tmpfdjbewxh.png stdout
19:48:39 INFO     command: tesseract -l por /tmp/tmpfdjbewxh.png stdout tsv
19:48:49 INFO     command: tesseract --psm 0 -l osd /tmp/tmpbk8l31oc.png stdout
19:48:50 INFO     command: tesseract -l por /tmp/tmpbk8l31oc.png stdout tsv
19:48:52 INFO     command: tesseract --psm 0 -l osd /tmp/tmpuaqo9ni8.png stdout
19:48:53 INFO     command: tesseract -l por /tmp/tmpuaqo9ni8.png stdout tsv
19:48:55 INFO     command: tesseract --psm 0 -l osd /tmp/tmp__vluja6.png stdout
19:48:56 INFO     command: tesseract -l por /tmp/tmp__vluja6.png stdout tsv
19:48:58 INFO     command: tesseract --psm 0 -l osd /tmp/tmp0unbhksb.png stdout
19:49:00 INFO     command: tesseract -l por /tmp/tmp0unbhksb.png stdout tsv
19:49:15 INFO     command: tesseract --psm 0 -l osd /tmp/tmphbif29ba.png stdout
19:49:16 INFO     command: tesseract -l por /tmp/tmphbif29ba.png stdout tsv
19:49:19 INFO     Finished converting document agu_ptd_2025_2027_docdiretivo_assinado_assinado_assinado-copia_tarjada.pdf in 58.12 sec.
19:49:19 INFO       pixel_budget (Docling) agu_ptd_2025_2027_docdiretivo_assinado_assinado_assinado-copia_tarjada.pdf: 2.1% (área tabelas/5513330 px²)
19:49:19 INFO     [2/15] ✓ AGU       :    6 entregas | 58.1s | ETA ~9min
19:49:19 INFO     [3/15] → anexo-de-entregas-mcom_ptd-25_27-copia_tarjada.pdf
19:49:19 INFO     detected formats: [<InputFormat.PDF: 'pdf'>]
19:49:19 INFO     Going to convert document batch...
19:49:19 INFO     Processing document anexo-de-entregas-mcom_ptd-25_27-copia_tarjada.pdf
19:49:20 INFO     command: tesseract --psm 0 -l osd /tmp/tmp5c4d85kx.png stdout
19:49:21 INFO     command: tesseract -l por /tmp/tmp5c4d85kx.png stdout tsv
19:49:24 INFO     command: tesseract --psm 0 -l osd /tmp/tmppzz9yp3z.png stdout
19:49:25 INFO     command: tesseract -l por /tmp/tmppzz9yp3z.png stdout tsv
19:49:37 INFO     command: tesseract --psm 0 -l osd /tmp/tmp3brqaf_m.png stdout
19:49:38 INFO     command: tesseract -l por /tmp/tmp3brqaf_m.png stdout tsv
19:49:58 INFO     Finished converting document anexo-de-entregas-mcom_ptd-25_27-copia_tarjada.pdf in 38.84 sec.
19:49:58 INFO       pixel_budget (Docling) anexo-de-entregas-mcom_ptd-25_27-copia_tarjada.pdf: 55.2% (área tabelas/1503636 px²)
19:49:58 INFO     [3/15] ✓ MCOM      :   55 entregas | 38.9s | ETA ~8min
19:49:58 INFO     [4/15] → documento-diretivo-mcom-_-ptd-25_27-copia_tarjada.pdf
19:49:58 INFO     detected formats: [<InputFormat.PDF: 'pdf'>]
19:49:58 INFO     Going to convert document batch...
19:49:58 INFO     Processing document documento-diretivo-mcom-_-ptd-25_27-copia_tarjada.pdf
19:49:59 INFO     command: tesseract --psm 0 -l osd /tmp/tmpsf4j_ugq.png stdout
19:49:59 INFO     command: tesseract -l por /tmp/tmpsf4j_ugq.png stdout tsv
19:50:03 INFO     command: tesseract --psm 0 -l osd /tmp/tmpzw4j85h1.png stdout
19:50:04 INFO     command: tesseract -l por /tmp/tmpzw4j85h1.png stdout tsv
19:50:09 INFO     command: tesseract --psm 0 -l osd /tmp/tmptkvh3npg.png stdout
19:50:10 INFO     command: tesseract -l por /tmp/tmptkvh3npg.png stdout tsv
19:50:11 INFO     command: tesseract --psm 0 -l osd /tmp/tmpok5bbbzh.png stdout
19:50:12 INFO     command: tesseract -l por /tmp/tmpok5bbbzh.png stdout tsv
19:50:14 INFO     command: tesseract --psm 0 -l osd /tmp/tmp9h9sufw_.png stdout
19:50:15 INFO     command: tesseract -l por /tmp/tmp9h9sufw_.png stdout tsv
19:50:17 INFO     command: tesseract --psm 0 -l osd /tmp/tmpq1__tgv1.png stdout
19:50:18 INFO     command: tesseract -l por /tmp/tmpq1__tgv1.png stdout tsv
19:50:33 INFO     command: tesseract --psm 0 -l osd /tmp/tmpzfie527f.png stdout
19:50:34 INFO     command: tesseract -l por /tmp/tmpzfie527f.png stdout tsv
19:50:36 INFO     command: tesseract --psm 0 -l osd /tmp/tmp3efdkmf7.png stdout
19:50:37 INFO     command: tesseract -l por /tmp/tmp3efdkmf7.png stdout tsv
19:50:39 INFO     command: tesseract --psm 0 -l osd /tmp/tmpdrynjtei.png stdout
19:50:40 INFO     command: tesseract -l por /tmp/tmpdrynjtei.png stdout tsv
19:50:42 INFO     command: tesseract --psm 0 -l osd /tmp/tmpqner43i4.png stdout
19:50:43 INFO     command: tesseract -l por /tmp/tmpqner43i4.png stdout tsv
19:50:50 INFO     command: tesseract --psm 0 -l osd /tmp/tmpoc00zhr8.png stdout
19:50:51 INFO     command: tesseract -l por /tmp/tmpoc00zhr8.png stdout tsv
19:50:55 INFO     command: tesseract --psm 0 -l osd /tmp/tmp9qpo_czc.png stdout
19:50:56 INFO     command: tesseract -l por /tmp/tmp9qpo_czc.png stdout tsv
19:50:58 INFO     command: tesseract --psm 0 -l osd /tmp/tmpf4pcmge1.png stdout
19:50:59 INFO     command: tesseract -l por /tmp/tmpf4pcmge1.png stdout tsv
19:51:01 INFO     command: tesseract --psm 0 -l osd /tmp/tmp2lvog6lt.png stdout
19:51:02 INFO     command: tesseract -l por /tmp/tmp2lvog6lt.png stdout tsv
19:51:08 INFO     Finished converting document documento-diretivo-mcom-_-ptd-25_27-copia_tarjada.pdf in 70.54 sec.
19:51:08 INFO       pixel_budget (Docling) documento-diretivo-mcom-_-ptd-25_27-copia_tarjada.pdf: 10.8% (área tabelas/7016966 px²)
19:51:08 WARNING  [4/15] ⚠ MCOM      :    0 entregas | 70.6s | ETA ~8min
19:51:08 INFO     [5/15] → fiocruz-ptd-06_2024-copia_tarjada.pdf
19:51:08 INFO     detected formats: [<InputFormat.PDF: 'pdf'>]
19:51:09 INFO     Going to convert document batch...
19:51:09 INFO     Initializing pipeline for StandardPdfPipeline with options hash d18651824ca6fe56cf3ccb20424ac2c8
19:51:09 INFO     Accelerator device: 'cpu'
19:51:09 INFO     HTTP Request: GET https://huggingface.co/api/models/docling-project/docling-layout-heron/revision/main "HTTP/1.1 200 OK"
19:51:09 INFO     HTTP Request: GET https://huggingface.co/api/models/docling-project/docling-models/revision/v2.3.0 "HTTP/1.1 200 OK"
19:51:09 INFO     Accelerator device: 'cpu'
19:51:10 INFO     Processing document fiocruz-ptd-06_2024-copia_tarjada.pdf
19:52:19 INFO     Finished converting document fiocruz-ptd-06_2024-copia_tarjada.pdf in 70.52 sec.
19:52:19 INFO       pixel_budget (Docling) fiocruz-ptd-06_2024-copia_tarjada.pdf: 36.4% (área tabelas/7518178 px²)
19:52:19 WARNING  [5/15] ⚠ FIOCRUZ   :    0 entregas | 70.6s | ETA ~8min
19:52:19 INFO     [6/15] → fiocruz_novo-ptd_2-1_docdiretivo_repactuacao_2024-2026_assinado_assinado-copia_tarjada.pdf
19:52:19 INFO     detected formats: [<InputFormat.PDF: 'pdf'>]
19:52:19 INFO     Going to convert document batch...
19:52:19 INFO     Processing document fiocruz_novo-ptd_2-1_docdiretivo_repactuacao_2024-2026_assinado_assinado-copia_tarjada.pdf
19:52:38 INFO     Finished converting document fiocruz_novo-ptd_2-1_docdiretivo_repactuacao_2024-2026_assinado_assinado-copia_tarjada.pdf in 18.46 sec.
19:52:38 INFO       pixel_budget (Docling) fiocruz_novo-ptd_2-1_docdiretivo_repactuacao_2024-2026_assinado_assinado-copia_tarjada.pdf: 11.3% (área tabelas/5012118 px²)
19:52:38 WARNING  [6/15] ⚠ FIOCRUZ   :    0 entregas | 18.5s | ETA ~7min
19:52:38 INFO     [7/15] → fiocruz_ptd_anexo_de_entregas_assinado_v1_assinado_assinado-1-copia_tarjada.pdf
19:52:38 INFO     detected formats: [<InputFormat.PDF: 'pdf'>]
19:52:38 INFO     Going to convert document batch...
19:52:38 INFO     Processing document fiocruz_ptd_anexo_de_entregas_assinado_v1_assinado_assinado-1-copia_tarjada.pdf
19:53:10 INFO     Finished converting document fiocruz_ptd_anexo_de_entregas_assinado_v1_assinado_assinado-1-copia_tarjada.pdf in 32.73 sec.
19:53:10 INFO       pixel_budget (Docling) fiocruz_ptd_anexo_de_entregas_assinado_v1_assinado_assinado-1-copia_tarjada.pdf: 54.7% (área tabelas/2004847 px²)
19:53:10 INFO     [7/15] ✓ FIOCRUZ   :   62 entregas | 32.7s | ETA ~6min
19:53:10 INFO     [8/15] → funai_anexo_de_entregas_repactuado_2026_2027_assinado_assinado_assinado.pdf
19:53:10 INFO     detected formats: [<InputFormat.PDF: 'pdf'>]
19:53:10 INFO     Going to convert document batch...
19:53:10 INFO     Processing document funai_anexo_de_entregas_repactuado_2026_2027_assinado_assinado_assinado.pdf
19:53:11 INFO     command: tesseract --psm 0 -l osd /tmp/tmpkbvkea4m.png stdout
19:53:12 INFO     command: tesseract -l por /tmp/tmpkbvkea4m.png stdout tsv
19:53:25 INFO     Finished converting document funai_anexo_de_entregas_repactuado_2026_2027_assinado_assinado_assinado.pdf in 15.05 sec.
19:53:25 INFO       pixel_budget (Docling) funai_anexo_de_entregas_repactuado_2026_2027_assinado_assinado_assinado.pdf: 49.8% (área tabelas/501212 px²)
19:53:25 INFO     [8/15] ✓ FUNAI     :   22 entregas | 15.1s | ETA ~4min
19:53:25 INFO     [9/15] → funai_ptd_2025_2027_docdiretivo_assinado-1_tarjado.pdf
19:53:25 INFO     detected formats: [<InputFormat.PDF: 'pdf'>]
19:53:25 INFO     Going to convert document batch...
19:53:25 INFO     Processing document funai_ptd_2025_2027_docdiretivo_assinado-1_tarjado.pdf
19:53:27 INFO     command: tesseract --psm 0 -l osd /tmp/tmpj3m9zk_x.png stdout
19:53:27 INFO     command: tesseract -l por /tmp/tmpj3m9zk_x.png stdout tsv
19:53:28 INFO     command: tesseract --psm 0 -l osd /tmp/tmpqqnupxrw.png stdout
19:53:30 INFO     command: tesseract -l por /tmp/tmpqqnupxrw.png stdout tsv
19:53:33 INFO     command: tesseract --psm 0 -l osd /tmp/tmpxfpkp6hf.png stdout
19:53:33 INFO     command: tesseract -l por /tmp/tmpxfpkp6hf.png stdout tsv
19:53:35 INFO     command: tesseract --psm 0 -l osd /tmp/tmpets149rt.png stdout
19:53:36 INFO     command: tesseract -l por /tmp/tmpets149rt.png stdout tsv
19:53:38 INFO     command: tesseract --psm 0 -l osd /tmp/tmp1t2x_t46.png stdout
19:53:39 INFO     command: tesseract -l por /tmp/tmp1t2x_t46.png stdout tsv
19:53:41 INFO     command: tesseract --psm 0 -l osd /tmp/tmpiks36g0s.png stdout
19:53:42 INFO     command: tesseract -l por /tmp/tmpiks36g0s.png stdout tsv
19:53:53 INFO     command: tesseract --psm 0 -l osd /tmp/tmpurl9fukg.png stdout
19:53:54 INFO     command: tesseract -l por /tmp/tmpurl9fukg.png stdout tsv
19:53:55 INFO     command: tesseract --psm 0 -l osd /tmp/tmpxymvnh2o.png stdout
19:53:56 INFO     command: tesseract -l por /tmp/tmpxymvnh2o.png stdout tsv
19:53:57 INFO     command: tesseract --psm 0 -l osd /tmp/tmpyv_hhsft.png stdout
19:53:58 INFO     command: tesseract -l por /tmp/tmpyv_hhsft.png stdout tsv
19:54:00 INFO     command: tesseract --psm 0 -l osd /tmp/tmp8g7bdw2u.png stdout
19:54:01 INFO     command: tesseract -l por /tmp/tmp8g7bdw2u.png stdout tsv
19:54:15 INFO     command: tesseract --psm 0 -l osd /tmp/tmp302vxl56.png stdout
19:54:16 INFO     command: tesseract -l por /tmp/tmp302vxl56.png stdout tsv
19:54:23 INFO     command: tesseract --psm 0 -l osd /tmp/tmp_rbokptg.png stdout
19:54:24 INFO     command: tesseract -l por /tmp/tmp_rbokptg.png stdout tsv
19:54:25 INFO     command: tesseract --psm 0 -l osd /tmp/tmpkvj92uc6.png stdout
19:54:26 INFO     command: tesseract -l por /tmp/tmpkvj92uc6.png stdout tsv
19:54:33 INFO     Finished converting document funai_ptd_2025_2027_docdiretivo_assinado-1_tarjado.pdf in 67.16 sec.
19:54:33 INFO       pixel_budget (Docling) funai_ptd_2025_2027_docdiretivo_assinado-1_tarjado.pdf: 16.4% (área tabelas/6515754 px²)
19:54:33 INFO     [9/15] ✓ FUNAI     :    8 entregas | 67.2s | ETA ~4min
19:54:33 INFO     [10/15] → incra_anexo_de_entregas_assinado-1_assinado_assinado-copia_tarjada.pdf
19:54:33 INFO     detected formats: [<InputFormat.PDF: 'pdf'>]
19:54:33 INFO     Going to convert document batch...
19:54:33 INFO     Processing document incra_anexo_de_entregas_assinado-1_assinado_assinado-copia_tarjada.pdf
19:54:34 INFO     command: tesseract --psm 0 -l osd /tmp/tmpfkti0p_c.png stdout
19:54:35 INFO     command: tesseract -l por /tmp/tmpfkti0p_c.png stdout tsv
19:54:37 INFO     command: tesseract --psm 0 -l osd /tmp/tmp30tbw4p8.png stdout
19:54:39 INFO     command: tesseract -l por /tmp/tmp30tbw4p8.png stdout tsv
19:54:48 INFO     command: tesseract --psm 0 -l osd /tmp/tmpr5p1b_e5.png stdout
19:54:48 INFO     command: tesseract -l por /tmp/tmpr5p1b_e5.png stdout tsv
19:54:50 INFO     command: tesseract --psm 0 -l osd /tmp/tmp36sqg8kr.png stdout
19:54:51 INFO     command: tesseract -l por /tmp/tmp36sqg8kr.png stdout tsv
19:54:53 INFO     command: tesseract --psm 0 -l osd /tmp/tmpduoo1f6e.png stdout
19:54:54 INFO     command: tesseract -l por /tmp/tmpduoo1f6e.png stdout tsv
19:56:26 INFO     Finished converting document incra_anexo_de_entregas_assinado-1_assinado_assinado-copia_tarjada.pdf in 112.99 sec.
19:56:26 INFO       pixel_budget (Docling) incra_anexo_de_entregas_assinado-1_assinado_assinado-copia_tarjada.pdf: 30.0% (área tabelas/2423520 px²)
19:56:26 INFO     [10/15] ✓ INCRA     :   11 entregas | 113.0s | ETA ~4min
19:56:26 INFO     [11/15] → incra_ptd_docdiretivo__assinado-1_assinado_assinado-copia_tarjada.pdf
19:56:26 INFO     detected formats: [<InputFormat.PDF: 'pdf'>]
19:56:26 INFO     Going to convert document batch...
19:56:26 INFO     Processing document incra_ptd_docdiretivo__assinado-1_assinado_assinado-copia_tarjada.pdf
19:56:27 INFO     command: tesseract --psm 0 -l osd /tmp/tmpbddf27xj.png stdout
19:56:27 INFO     command: tesseract -l por /tmp/tmpbddf27xj.png stdout tsv
19:56:30 INFO     command: tesseract --psm 0 -l osd /tmp/tmpl_6w3yk2.png stdout
19:56:31 INFO     command: tesseract -l por /tmp/tmpl_6w3yk2.png stdout tsv
19:56:38 INFO     command: tesseract --psm 0 -l osd /tmp/tmp4brvsyzq.png stdout
19:56:38 INFO     command: tesseract -l por /tmp/tmp4brvsyzq.png stdout tsv
19:56:40 INFO     command: tesseract --psm 0 -l osd /tmp/tmpsuqg4n08.png stdout
19:56:41 INFO     command: tesseract -l por /tmp/tmpsuqg4n08.png stdout tsv
19:56:43 INFO     command: tesseract --psm 0 -l osd /tmp/tmpa0ymvofd.png stdout
19:56:44 INFO     command: tesseract -l por /tmp/tmpa0ymvofd.png stdout tsv
19:56:46 INFO     command: tesseract --psm 0 -l osd /tmp/tmptqu2u2we.png stdout
19:56:47 INFO     command: tesseract -l por /tmp/tmptqu2u2we.png stdout tsv
19:57:04 INFO     command: tesseract --psm 0 -l osd /tmp/tmpiicda7xz.png stdout
19:57:05 INFO     command: tesseract -l por /tmp/tmpiicda7xz.png stdout tsv
19:57:06 INFO     command: tesseract --psm 0 -l osd /tmp/tmp_1z79byz.png stdout
19:57:07 INFO     command: tesseract -l por /tmp/tmp_1z79byz.png stdout tsv
19:57:09 INFO     command: tesseract --psm 0 -l osd /tmp/tmp_382tebz.png stdout
19:57:09 INFO     command: tesseract -l por /tmp/tmp_382tebz.png stdout tsv
19:57:11 INFO     command: tesseract --psm 0 -l osd /tmp/tmp4f42cjxu.png stdout
19:57:13 INFO     command: tesseract -l por /tmp/tmp4f42cjxu.png stdout tsv
19:57:16 INFO     command: tesseract --psm 0 -l osd /tmp/tmpje44dfjc.png stdout
19:57:17 INFO     command: tesseract -l por /tmp/tmpje44dfjc.png stdout tsv
19:57:23 INFO     command: tesseract --psm 0 -l osd /tmp/tmp2vmarku9.png stdout
19:57:24 INFO     command: tesseract -l por /tmp/tmp2vmarku9.png stdout tsv
19:57:30 INFO     command: tesseract --psm 0 -l osd /tmp/tmp1pnq517k.png stdout
19:57:31 INFO     command: tesseract -l por /tmp/tmp1pnq517k.png stdout tsv
19:57:38 INFO     Finished converting document incra_ptd_docdiretivo__assinado-1_assinado_assinado-copia_tarjada.pdf in 72.89 sec.
19:57:38 INFO       pixel_budget (Docling) incra_ptd_docdiretivo__assinado-1_assinado_assinado-copia_tarjada.pdf: 20.2% (área tabelas/6515754 px²)
19:57:38 INFO     [11/15] ✓ INCRA     :    9 entregas | 72.9s | ETA ~3min
19:57:38 INFO     [12/15] → iti_anexo_de_entregas_assinado.pdf
19:57:38 INFO     detected formats: [<InputFormat.PDF: 'pdf'>]
19:57:38 INFO     Going to convert document batch...
19:57:38 INFO     Processing document iti_anexo_de_entregas_assinado.pdf
19:57:39 INFO     command: tesseract --psm 0 -l osd /tmp/tmpq5mglr6z.png stdout
19:57:40 INFO     command: tesseract -l por /tmp/tmpq5mglr6z.png stdout tsv
19:57:56 INFO     Finished converting document iti_anexo_de_entregas_assinado.pdf in 17.68 sec.
19:57:56 INFO       pixel_budget (Docling) iti_anexo_de_entregas_assinado.pdf: 57.2% (área tabelas/501212 px²)
19:57:56 INFO     [12/15] ✓ ITI       :   31 entregas | 17.7s | ETA ~2min
19:57:56 INFO     [13/15] → iti_doc_diretivo_assinado-1_tarjado.pdf
19:57:56 INFO     detected formats: [<InputFormat.PDF: 'pdf'>]
19:57:56 INFO     Going to convert document batch...
19:57:56 INFO     Processing document iti_doc_diretivo_assinado-1_tarjado.pdf
19:57:57 INFO     command: tesseract --psm 0 -l osd /tmp/tmpnncojwpw.png stdout
19:57:57 INFO     command: tesseract -l por /tmp/tmpnncojwpw.png stdout tsv
19:57:59 INFO     command: tesseract --psm 0 -l osd /tmp/tmppx26euu8.png stdout
19:58:01 INFO     command: tesseract -l por /tmp/tmppx26euu8.png stdout tsv
19:58:06 INFO     command: tesseract --psm 0 -l osd /tmp/tmp8dz1k8tp.png stdout
19:58:06 INFO     command: tesseract -l por /tmp/tmp8dz1k8tp.png stdout tsv
19:58:08 INFO     command: tesseract --psm 0 -l osd /tmp/tmpwrjawkbn.png stdout
19:58:09 INFO     command: tesseract -l por /tmp/tmpwrjawkbn.png stdout tsv
19:58:11 INFO     command: tesseract --psm 0 -l osd /tmp/tmp0jxnpk63.png stdout
19:58:12 INFO     command: tesseract -l por /tmp/tmp0jxnpk63.png stdout tsv
19:58:14 INFO     command: tesseract --psm 0 -l osd /tmp/tmpsyompk_w.png stdout
19:58:15 INFO     command: tesseract -l por /tmp/tmpsyompk_w.png stdout tsv
19:58:32 INFO     command: tesseract --psm 0 -l osd /tmp/tmpi_gjmhwr.png stdout
19:58:33 INFO     command: tesseract -l por /tmp/tmpi_gjmhwr.png stdout tsv
19:58:35 INFO     command: tesseract --psm 0 -l osd /tmp/tmp8v4kn6ci.png stdout
19:58:36 INFO     command: tesseract -l por /tmp/tmp8v4kn6ci.png stdout tsv
19:58:38 INFO     command: tesseract --psm 0 -l osd /tmp/tmpkmtsasv2.png stdout
19:58:39 INFO     command: tesseract -l por /tmp/tmpkmtsasv2.png stdout tsv
19:58:41 INFO     command: tesseract --psm 0 -l osd /tmp/tmp3yb7ct90.png stdout
19:58:42 INFO     command: tesseract -l por /tmp/tmp3yb7ct90.png stdout tsv
19:58:48 INFO     command: tesseract --psm 0 -l osd /tmp/tmprjr52syh.png stdout
19:58:49 INFO     command: tesseract -l por /tmp/tmprjr52syh.png stdout tsv
19:58:55 INFO     Finished converting document iti_doc_diretivo_assinado-1_tarjado.pdf in 59.27 sec.
19:58:55 INFO       pixel_budget (Docling) iti_doc_diretivo_assinado-1_tarjado.pdf: 8.0% (área tabelas/5516339 px²)
19:58:55 INFO     [13/15] ✓ ITI       :    6 entregas | 59.3s | ETA ~1min
19:58:55 INFO     [14/15] → sgpr_ptd_2025_2027_anexo_de_entregas_assinado-copia_tarjada.pdf
19:58:55 INFO     detected formats: [<InputFormat.PDF: 'pdf'>]
19:58:55 INFO     Going to convert document batch...
19:58:55 INFO     Processing document sgpr_ptd_2025_2027_anexo_de_entregas_assinado-copia_tarjada.pdf
19:58:56 INFO     command: tesseract --psm 0 -l osd /tmp/tmpt6_nt45a.png stdout
19:58:57 INFO     command: tesseract -l por /tmp/tmpt6_nt45a.png stdout tsv
19:59:00 INFO     command: tesseract --psm 0 -l osd /tmp/tmpj18dlmpa.png stdout
19:59:01 INFO     command: tesseract -l por /tmp/tmpj18dlmpa.png stdout tsv
19:59:13 INFO     Finished converting document sgpr_ptd_2025_2027_anexo_de_entregas_assinado-copia_tarjada.pdf in 17.31 sec.
19:59:13 INFO       pixel_budget (Docling) sgpr_ptd_2025_2027_anexo_de_entregas_assinado-copia_tarjada.pdf: 29.5% (área tabelas/1002424 px²)
19:59:13 INFO     [14/15] ✓ SGPR      :   18 entregas | 17.3s | ETA ~49s
19:59:13 INFO     [15/15] → sgpr_ptd_2026_2027_docdiretivo_assinado-copia_tarjada.pdf
19:59:13 INFO     detected formats: [<InputFormat.PDF: 'pdf'>]
19:59:13 INFO     Going to convert document batch...
19:59:13 INFO     Processing document sgpr_ptd_2026_2027_docdiretivo_assinado-copia_tarjada.pdf
19:59:33 INFO     Finished converting document sgpr_ptd_2026_2027_docdiretivo_assinado-copia_tarjada.pdf in 20.05 sec.
19:59:33 INFO       pixel_budget (Docling) sgpr_ptd_2026_2027_docdiretivo_assinado-copia_tarjada.pdf: 8.2% (área tabelas/5513330 px²)
19:59:33 WARNING  [15/15] ⚠ SGPR      :    0 entregas | 20.1s | ETA ~0s
19:59:33 INFO     261 registros | 7 órgãos
19:59:33 INFO     ╔══════════════════════════════════════════════════════════════╗
19:59:33 INFO     ║                  ENTREGAS — fase concluída                   ║
19:59:33 INFO     ║  Processados: 15    |  ✓ 11  ⚠ 4                             ║
19:59:33 INFO     ║  Duração: 11.7 min                                           ║
19:59:33 INFO     ║  261 registros | 7 órgãos                                    ║
19:59:33 INFO     ╚══════════════════════════════════════════════════════════════╝
19:59:33 INFO     [1/7] → agu_ptd_2025_2027_docdiretivo_assinado_assinado_assinado-copia_tarjada.pdf
19:59:33 INFO     detected formats: [<InputFormat.PDF: 'pdf'>]
19:59:33 INFO     Going to convert document batch...
19:59:33 INFO     Processing document agu_ptd_2025_2027_docdiretivo_assinado_assinado_assinado-copia_tarjada.pdf
19:59:33 INFO     command: tesseract --psm 0 -l osd /tmp/tmpt_y_pwv9.png stdout
19:59:34 INFO     command: tesseract -l por /tmp/tmpt_y_pwv9.png stdout tsv
19:59:36 INFO     command: tesseract --psm 0 -l osd /tmp/tmprcno7osf.png stdout
19:59:38 INFO     command: tesseract -l por /tmp/tmprcno7osf.png stdout tsv
19:59:40 INFO     command: tesseract --psm 0 -l osd /tmp/tmpfy0pdzi0.png stdout
19:59:41 INFO     command: tesseract -l por /tmp/tmpfy0pdzi0.png stdout tsv
19:59:43 INFO     command: tesseract --psm 0 -l osd /tmp/tmp_dqr1rzs.png stdout
19:59:44 INFO     command: tesseract -l por /tmp/tmp_dqr1rzs.png stdout tsv
19:59:46 INFO     command: tesseract --psm 0 -l osd /tmp/tmpgy5lo2sq.png stdout
19:59:47 INFO     command: tesseract -l por /tmp/tmpgy5lo2sq.png stdout tsv
19:59:49 INFO     command: tesseract --psm 0 -l osd /tmp/tmpt2dp2iw7.png stdout
19:59:50 INFO     command: tesseract -l por /tmp/tmpt2dp2iw7.png stdout tsv
20:00:01 INFO     command: tesseract --psm 0 -l osd /tmp/tmp_g4i967j.png stdout
20:00:02 INFO     command: tesseract -l por /tmp/tmp_g4i967j.png stdout tsv
20:00:04 INFO     command: tesseract --psm 0 -l osd /tmp/tmpfu547oog.png stdout
20:00:05 INFO     command: tesseract -l por /tmp/tmpfu547oog.png stdout tsv
20:00:07 INFO     command: tesseract --psm 0 -l osd /tmp/tmpbty19_mn.png stdout
20:00:08 INFO     command: tesseract -l por /tmp/tmpbty19_mn.png stdout tsv
20:00:10 INFO     command: tesseract --psm 0 -l osd /tmp/tmpfuuj4igg.png stdout
20:00:12 INFO     command: tesseract -l por /tmp/tmpfuuj4igg.png stdout tsv
20:00:25 INFO     command: tesseract --psm 0 -l osd /tmp/tmpoyehnwmp.png stdout
20:00:26 INFO     command: tesseract -l por /tmp/tmpoyehnwmp.png stdout tsv
20:00:30 INFO     Finished converting document agu_ptd_2025_2027_docdiretivo_assinado_assinado_assinado-copia_tarjada.pdf in 56.95 sec.
20:00:30 INFO     [1/7] ✓ AGU       :   7 riscos | 57.0s | ETA ~5min
20:00:30 INFO     [2/7] → documento-diretivo-mcom-_-ptd-25_27-copia_tarjada.pdf
20:00:30 INFO     detected formats: [<InputFormat.PDF: 'pdf'>]
20:00:30 INFO     Going to convert document batch...
20:00:30 INFO     Processing document documento-diretivo-mcom-_-ptd-25_27-copia_tarjada.pdf
20:00:30 INFO     command: tesseract --psm 0 -l osd /tmp/tmpv5bd07yr.png stdout
20:00:31 INFO     command: tesseract -l por /tmp/tmpv5bd07yr.png stdout tsv
20:00:33 INFO     command: tesseract --psm 0 -l osd /tmp/tmpq3nd1kyo.png stdout
20:00:35 INFO     command: tesseract -l por /tmp/tmpq3nd1kyo.png stdout tsv
20:00:40 INFO     command: tesseract --psm 0 -l osd /tmp/tmpbbjtbbbz.png stdout
20:00:40 INFO     command: tesseract -l por /tmp/tmpbbjtbbbz.png stdout tsv
20:00:42 INFO     command: tesseract --psm 0 -l osd /tmp/tmpzte5bz_7.png stdout
20:00:42 INFO     command: tesseract -l por /tmp/tmpzte5bz_7.png stdout tsv
20:00:44 INFO     command: tesseract --psm 0 -l osd /tmp/tmpl3d44t3f.png stdout
20:00:45 INFO     command: tesseract -l por /tmp/tmpl3d44t3f.png stdout tsv
20:00:47 INFO     command: tesseract --psm 0 -l osd /tmp/tmpwg2oln4l.png stdout
20:00:49 INFO     command: tesseract -l por /tmp/tmpwg2oln4l.png stdout tsv
20:01:01 INFO     command: tesseract --psm 0 -l osd /tmp/tmpa6m6ldpd.png stdout
20:01:02 INFO     command: tesseract -l por /tmp/tmpa6m6ldpd.png stdout tsv
20:01:05 INFO     command: tesseract --psm 0 -l osd /tmp/tmpamgmf0r3.png stdout
20:01:06 INFO     command: tesseract -l por /tmp/tmpamgmf0r3.png stdout tsv
20:01:08 INFO     command: tesseract --psm 0 -l osd /tmp/tmplmwzmc_8.png stdout
20:01:09 INFO     command: tesseract -l por /tmp/tmplmwzmc_8.png stdout tsv
20:01:11 INFO     command: tesseract --psm 0 -l osd /tmp/tmpzfkpi64m.png stdout
20:01:12 INFO     command: tesseract -l por /tmp/tmpzfkpi64m.png stdout tsv
20:01:19 INFO     command: tesseract --psm 0 -l osd /tmp/tmp56g9jkkf.png stdout
20:01:20 INFO     command: tesseract -l por /tmp/tmp56g9jkkf.png stdout tsv
20:01:25 INFO     command: tesseract --psm 0 -l osd /tmp/tmp9fmpkivk.png stdout
20:01:25 INFO     command: tesseract -l por /tmp/tmp9fmpkivk.png stdout tsv
20:01:27 INFO     command: tesseract --psm 0 -l osd /tmp/tmpheb_mkfa.png stdout
20:01:28 INFO     command: tesseract -l por /tmp/tmpheb_mkfa.png stdout tsv
20:01:30 INFO     command: tesseract --psm 0 -l osd /tmp/tmpfwibqub9.png stdout
20:01:31 INFO     command: tesseract -l por /tmp/tmpfwibqub9.png stdout tsv
20:01:37 INFO     Finished converting document documento-diretivo-mcom-_-ptd-25_27-copia_tarjada.pdf in 67.49 sec.
20:01:37 INFO     [2/7] ✓ MCOM      :  14 riscos | 67.5s | ETA ~5min
20:01:37 INFO     [3/7] → fiocruz_novo-ptd_2-1_docdiretivo_repactuacao_2024-2026_assinado_assinado-copia_tarjada.pdf
20:01:37 INFO     detected formats: [<InputFormat.PDF: 'pdf'>]
20:01:37 INFO     Going to convert document batch...
20:01:37 INFO     Processing document fiocruz_novo-ptd_2-1_docdiretivo_repactuacao_2024-2026_assinado_assinado-copia_tarjada.pdf
20:01:55 INFO     Finished converting document fiocruz_novo-ptd_2-1_docdiretivo_repactuacao_2024-2026_assinado_assinado-copia_tarjada.pdf in 17.81 sec.
20:01:55 INFO     [3/7] ✓ FIOCRUZ   :   6 riscos | 17.8s | ETA ~3min
20:01:55 INFO     [4/7] → funai_ptd_2025_2027_docdiretivo_assinado-1_tarjado.pdf
20:01:55 INFO     detected formats: [<InputFormat.PDF: 'pdf'>]
20:01:55 INFO     Going to convert document batch...
20:01:55 INFO     Processing document funai_ptd_2025_2027_docdiretivo_assinado-1_tarjado.pdf
20:01:56 INFO     command: tesseract --psm 0 -l osd /tmp/tmprx44z_ex.png stdout
20:01:57 INFO     command: tesseract -l por /tmp/tmprx44z_ex.png stdout tsv
20:01:58 INFO     command: tesseract --psm 0 -l osd /tmp/tmpni1lmnup.png stdout
20:02:00 INFO     command: tesseract -l por /tmp/tmpni1lmnup.png stdout tsv
20:02:02 INFO     command: tesseract --psm 0 -l osd /tmp/tmp1s_z7fjl.png stdout
20:02:03 INFO     command: tesseract -l por /tmp/tmp1s_z7fjl.png stdout tsv
20:02:05 INFO     command: tesseract --psm 0 -l osd /tmp/tmpogps_0u9.png stdout
20:02:06 INFO     command: tesseract -l por /tmp/tmpogps_0u9.png stdout tsv
20:02:08 INFO     command: tesseract --psm 0 -l osd /tmp/tmplcnb_ply.png stdout
20:02:08 INFO     command: tesseract -l por /tmp/tmplcnb_ply.png stdout tsv
20:02:11 INFO     command: tesseract --psm 0 -l osd /tmp/tmpbq2935lz.png stdout
20:02:12 INFO     command: tesseract -l por /tmp/tmpbq2935lz.png stdout tsv
20:02:23 INFO     command: tesseract --psm 0 -l osd /tmp/tmpdkn3rf2q.png stdout
20:02:24 INFO     command: tesseract -l por /tmp/tmpdkn3rf2q.png stdout tsv
20:02:25 INFO     command: tesseract --psm 0 -l osd /tmp/tmpyr4mgvas.png stdout
20:02:26 INFO     command: tesseract -l por /tmp/tmpyr4mgvas.png stdout tsv
20:02:27 INFO     command: tesseract --psm 0 -l osd /tmp/tmpkq0m9yrd.png stdout
20:02:28 INFO     command: tesseract -l por /tmp/tmpkq0m9yrd.png stdout tsv
20:02:30 INFO     command: tesseract --psm 0 -l osd /tmp/tmpv0n8qugs.png stdout
20:02:31 INFO     command: tesseract -l por /tmp/tmpv0n8qugs.png stdout tsv
20:02:43 INFO     command: tesseract --psm 0 -l osd /tmp/tmp4_3t6ge1.png stdout
20:02:44 INFO     command: tesseract -l por /tmp/tmp4_3t6ge1.png stdout tsv
20:02:53 INFO     command: tesseract --psm 0 -l osd /tmp/tmp1qar932k.png stdout
20:02:54 INFO     command: tesseract -l por /tmp/tmp1qar932k.png stdout tsv
20:02:56 INFO     command: tesseract --psm 0 -l osd /tmp/tmp4lubxnpk.png stdout
20:02:56 INFO     command: tesseract -l por /tmp/tmp4lubxnpk.png stdout tsv
20:03:03 INFO     Finished converting document funai_ptd_2025_2027_docdiretivo_assinado-1_tarjado.pdf in 67.70 sec.
20:03:03 INFO     [4/7] ✓ FUNAI     :  15 riscos | 67.7s | ETA ~2min
20:03:03 INFO     [5/7] → incra_ptd_docdiretivo__assinado-1_assinado_assinado-copia_tarjada.pdf
20:03:03 INFO     detected formats: [<InputFormat.PDF: 'pdf'>]
20:03:03 INFO     Going to convert document batch...
20:03:03 INFO     Processing document incra_ptd_docdiretivo__assinado-1_assinado_assinado-copia_tarjada.pdf
20:03:04 INFO     command: tesseract --psm 0 -l osd /tmp/tmp0ly4ff4k.png stdout
20:03:05 INFO     command: tesseract -l por /tmp/tmp0ly4ff4k.png stdout tsv
20:03:07 INFO     command: tesseract --psm 0 -l osd /tmp/tmpyu6od49o.png stdout
20:03:08 INFO     command: tesseract -l por /tmp/tmpyu6od49o.png stdout tsv
20:03:14 INFO     command: tesseract --psm 0 -l osd /tmp/tmpsj1n9l20.png stdout
20:03:15 INFO     command: tesseract -l por /tmp/tmpsj1n9l20.png stdout tsv
20:03:17 INFO     command: tesseract --psm 0 -l osd /tmp/tmpku916k9y.png stdout
20:03:18 INFO     command: tesseract -l por /tmp/tmpku916k9y.png stdout tsv
20:03:19 INFO     command: tesseract --psm 0 -l osd /tmp/tmpffwrrys1.png stdout
20:03:20 INFO     command: tesseract -l por /tmp/tmpffwrrys1.png stdout tsv
20:03:22 INFO     command: tesseract --psm 0 -l osd /tmp/tmp_4trw1wj.png stdout
20:03:24 INFO     command: tesseract -l por /tmp/tmp_4trw1wj.png stdout tsv
20:03:36 INFO     command: tesseract --psm 0 -l osd /tmp/tmponxjbd0a.png stdout
20:03:37 INFO     command: tesseract -l por /tmp/tmponxjbd0a.png stdout tsv
20:03:38 INFO     command: tesseract --psm 0 -l osd /tmp/tmp010a5zry.png stdout
20:03:39 INFO     command: tesseract -l por /tmp/tmp010a5zry.png stdout tsv
20:03:41 INFO     command: tesseract --psm 0 -l osd /tmp/tmpig9hvo46.png stdout
20:03:42 INFO     command: tesseract -l por /tmp/tmpig9hvo46.png stdout tsv
20:03:44 INFO     command: tesseract --psm 0 -l osd /tmp/tmpepysbj6h.png stdout
20:03:45 INFO     command: tesseract -l por /tmp/tmpepysbj6h.png stdout tsv
20:03:50 INFO     command: tesseract --psm 0 -l osd /tmp/tmpv91qywe_.png stdout
20:03:51 INFO     command: tesseract -l por /tmp/tmpv91qywe_.png stdout tsv
20:04:03 INFO     command: tesseract --psm 0 -l osd /tmp/tmploo26iab.png stdout
20:04:04 INFO     command: tesseract -l por /tmp/tmploo26iab.png stdout tsv
20:04:06 INFO     command: tesseract --psm 0 -l osd /tmp/tmprzdv7681.png stdout
20:04:06 INFO     command: tesseract -l por /tmp/tmprzdv7681.png stdout tsv
20:04:14 INFO     Finished converting document incra_ptd_docdiretivo__assinado-1_assinado_assinado-copia_tarjada.pdf in 71.23 sec.
20:04:14 INFO     [5/7] ✓ INCRA     :  15 riscos | 71.2s | ETA ~1min
20:04:14 INFO     [6/7] → iti_doc_diretivo_assinado-1_tarjado.pdf
20:04:14 INFO     detected formats: [<InputFormat.PDF: 'pdf'>]
20:04:14 INFO     Going to convert document batch...
20:04:14 INFO     Processing document iti_doc_diretivo_assinado-1_tarjado.pdf
20:04:15 INFO     command: tesseract --psm 0 -l osd /tmp/tmpy8u89eou.png stdout
20:04:15 INFO     command: tesseract -l por /tmp/tmpy8u89eou.png stdout tsv
20:04:18 INFO     command: tesseract --psm 0 -l osd /tmp/tmpm6h8yvxn.png stdout
20:04:19 INFO     command: tesseract -l por /tmp/tmpm6h8yvxn.png stdout tsv
20:04:23 INFO     command: tesseract --psm 0 -l osd /tmp/tmpb36ricug.png stdout
20:04:24 INFO     command: tesseract -l por /tmp/tmpb36ricug.png stdout tsv
20:04:26 INFO     command: tesseract --psm 0 -l osd /tmp/tmp78er24dw.png stdout
20:04:26 INFO     command: tesseract -l por /tmp/tmp78er24dw.png stdout tsv
20:04:28 INFO     command: tesseract --psm 0 -l osd /tmp/tmp6ruyoa3y.png stdout
20:04:29 INFO     command: tesseract -l por /tmp/tmp6ruyoa3y.png stdout tsv
20:04:31 INFO     command: tesseract --psm 0 -l osd /tmp/tmpu4nsfnxf.png stdout
20:04:33 INFO     command: tesseract -l por /tmp/tmpu4nsfnxf.png stdout tsv
20:04:49 INFO     command: tesseract --psm 0 -l osd /tmp/tmpiflyccs3.png stdout
20:04:50 INFO     command: tesseract -l por /tmp/tmpiflyccs3.png stdout tsv
20:04:52 INFO     command: tesseract --psm 0 -l osd /tmp/tmpxcnho5c2.png stdout
20:04:53 INFO     command: tesseract -l por /tmp/tmpxcnho5c2.png stdout tsv
20:04:55 INFO     command: tesseract --psm 0 -l osd /tmp/tmpyes3683w.png stdout
20:04:56 INFO     command: tesseract -l por /tmp/tmpyes3683w.png stdout tsv
20:04:58 INFO     command: tesseract --psm 0 -l osd /tmp/tmpg7knu2kr.png stdout
20:04:59 INFO     command: tesseract -l por /tmp/tmpg7knu2kr.png stdout tsv
20:05:12 INFO     command: tesseract --psm 0 -l osd /tmp/tmp31tablhc.png stdout
20:05:13 INFO     command: tesseract -l por /tmp/tmp31tablhc.png stdout tsv
20:05:16 INFO     Finished converting document iti_doc_diretivo_assinado-1_tarjado.pdf in 62.09 sec.
20:05:16 INFO     [6/7] ✓ ITI       :  14 riscos | 62.1s | ETA ~57s
20:05:16 INFO     [7/7] → sgpr_ptd_2026_2027_docdiretivo_assinado-copia_tarjada.pdf
20:05:16 INFO     detected formats: [<InputFormat.PDF: 'pdf'>]
20:05:16 INFO     Going to convert document batch...
20:05:16 INFO     Processing document sgpr_ptd_2026_2027_docdiretivo_assinado-copia_tarjada.pdf
20:05:36 INFO     Finished converting document sgpr_ptd_2026_2027_docdiretivo_assinado-copia_tarjada.pdf in 19.86 sec.
20:05:36 INFO     [7/7] ✓ SGPR      :  10 riscos | 19.9s | ETA ~0s
20:05:36 INFO     ╔══════════════════════════════════════════════════════════════╗
20:05:36 INFO     ║                   RISCOS — fase concluída                    ║
20:05:36 INFO     ║  Processados: 7     |  ✓ 7  ⚠ 0                              ║
20:05:36 INFO     ║  Duração: 6.1 min                                            ║
20:05:36 INFO     ║  81 riscos | 7 órgãos                                        ║
20:05:36 INFO     ╚══════════════════════════════════════════════════════════════╝
20:05:36 INFO     81 riscos | 0 ações | 135 relações
20:05:36 INFO     ptd_corpus_raw                     : 261 linhas
20:05:36 INFO     ptd_pivot_eixos                    : 7 linhas
20:05:39 INFO     ptd_datas_assinatura               : 132 linhas
20:05:39 INFO     ptd_riscos                         : 81 linhas
20:05:39 INFO     ptd_riscos_acoes                   : 135 linhas
20:05:39 INFO     Manifesto salvo: pipeline_manifest.json | SHA-256 de 132 PDFs
20:05:39 INFO     ==================================================
20:05:39 INFO     PTD-BR v3.0-melhorado — PIPELINE CONCLUÍDO
20:05:39 INFO     ==================================================
20:05:39 INFO     ptd_corpus_raw.csv                        160 KB
20:05:39 INFO     ptd_pivot_eixos.csv                         0 KB
20:05:39 INFO     ptd_datas_assinatura.csv                    9 KB
20:05:39 INFO     ptd_riscos.csv                             23 KB
20:05:39 INFO     ptd_riscos_acoes.csv                        2 KB
20:05:39 INFO     proveniencia.json                           0 KB
20:05:39 INFO     pipeline_manifest.json                     20 KB
20:05:39 INFO     📦 Artefatos: https://github.com/freirelucas/teste/actions/runs/24008936535
20:05:39 INFO     ==================================================
